-7.31818 -7.31848
-7.30778 -7.30793
-7.32938 -7.32925
-7.33606 -7.33612
-7.32103 -7.32092
-7.3195 -7.31941
-7.33 -7.33008
-7.3189 -7.319
-7.32585 -7.32571
-7.28977 -7.28988
-7.329 -7.32908
-7.33025 -7.33027
-7.28223 -7.28243
-7.33826 -7.33846
-7.33257 -7.33274
-7.32413 -7.32411
-7.30166 -7.30125
-7.34278 -7.34278
-7.3259 -7.32607
-7.28238 -7.2823
-7.31332 -7.31333
-7.31947 -7.31948
-7.26334 -7.26357
-7.32299 -7.323
-7.33015 -7.33016
-7.32526 -7.32536
-7.28371 -7.28397
-7.32144 -7.32178
-7.33016 -7.33031
-7.30935 -7.30947
-7.32329 -7.32326
-7.31931 -7.31918
-7.33356 -7.33344
-7.34222 -7.34227
-7.30621 -7.30613
-7.29456 -7.29461
-7.32858 -7.32874
-7.32938 -7.32955
-7.34248 -7.3423
-7.32608 -7.32586
-7.31458 -7.31489
-7.30646 -7.30655
-7.34205 -7.34247
-7.31756 -7.31745
-7.33678 -7.33675
-7.29173 -7.29198
-7.31412 -7.31409
-7.32089 -7.32078
-7.34509 -7.34493
-7.33109 -7.33112
-7.32814 -7.32813
-7.29489 -7.29465
-7.30862 -7.30839
-7.35241 -7.35257
-7.34935 -7.34965
-7.29037 -7.29031
-7.32181 -7.32159
-7.29125 -7.29132
-7.33385 -7.33394
-7.30982 -7.30992
-7.30416 -7.3042
-7.33636 -7.33638
-7.332 -7.33208
-7.31907 -7.31902
-7.30253 -7.30241
-7.33557 -7.33568
-7.31962 -7.31971
-7.32829 -7.3284
-7.31992 -7.3202
-7.32327 -7.32325
-7.2869 -7.2865
-7.32667 -7.3266
-7.3193 -7.31927
-7.32188 -7.32169
-7.34248 -7.34233
-7.3146 -7.31455
-7.31871 -7.31871
-7.32808 -7.32813
-7.29266 -7.29271
-7.29739 -7.29754
-7.31749 -7.31762
-7.32533 -7.32532
-7.33177 -7.3318
-7.32467 -7.32452
-7.29773 -7.29773
-7.31574 -7.31556
-7.328 -7.32804
-7.30655 -7.30627
-7.33814 -7.33821
-7.30868 -7.30876
-7.33248 -7.33278
-7.34334 -7.34347
-7.32684 -7.32693
-7.32743 -7.3277
-7.31517 -7.31528
-7.34063 -7.34063
-7.34272 -7.34271
-7.2953 -7.29497
-7.33693 -7.3369
-7.31309 -7.31301
-7.44211 -7.44226
-7.4245 -7.42406
-7.404 -7.4036
-7.41714 -7.41709
-7.43516 -7.43488
-7.40516 -7.40523
-7.39483 -7.39478
-7.44275 -7.44274
-7.39801 -7.39817
-7.41054 -7.41051
-7.32602 -7.32635
-7.33564 -7.33547
-7.36776 -7.36756
-7.36014 -7.36038
-7.34082 -7.34041
-7.33384 -7.33357
-7.35014 -7.35036
-7.33453 -7.33444
-7.37071 -7.37073
-7.35521 -7.35505
-7.35535 -7.35512
-7.37547 -7.37551
-7.33734 -7.33714
-7.34282 -7.34253
-7.37337 -7.37356
-7.37723 -7.37731
-7.34825 -7.34831
-7.36365 -7.3633
-7.36562 -7.36524
-7.35435 -7.3546
-7.37094 -7.37095
-7.34475 -7.34467
