3.35013 5.93613 8.29594 -2.70983 -2.27402 3.45397 3.35688 5.90507 8.28272 -2.71501 -2.25274 3.43798
-13.1931 -9.47091 -9.21598 0.584268 2.34637 3.63121 -13.2138 -9.45179 -9.21502 0.580364 2.3502 3.67123
0.235239 0.872371 -5.56596 2.03639 -1.65165 -4.94698 0.263557 0.874381 -5.5948 2.02995 -1.6642 -4.94649
-4.90858 -3.36381 -2.37735 0.17349 3.91795 -2.85515 -4.88088 -3.34408 -2.38812 0.171357 3.92005 -2.88513
1.25747 -0.302408 -5.41922 -1.72674 -3.99367 -3.20607 1.25015 -0.314037 -5.472 -1.72092 -4.00687 -3.18909
-0.612914 -4.81404 -9.52124 -2.6475 -3.83217 3.04238 -0.57951 -4.7572 -9.53803 -2.62857 -3.84838 3.04877
-7.18852 4.73872 -6.96747 -1.0743 -4.35585 -0.668027 -7.15406 4.71832 -6.99706 -1.04193 -4.33614 -0.673995
5.88367 6.70151 -1.33784 -3.88011 4.1228 -0.957597 5.87341 6.72452 -1.38695 -3.86992 4.1035 -0.94952
2.65635 1.24047 -7.4578 -2.46063 -2.0062 -2.09879 2.63354 1.24826 -7.45689 -2.48854 -1.99908 -2.12377
-14.9665 -11.719 -14.6399 2.35688 0.742908 1.33635 -14.9903 -11.6713 -14.6232 2.36457 0.72687 1.36524
-10.6268 -0.256453 -4.5429 2.23402 -3.2935 -2.87561 -10.6293 -0.277725 -4.54271 2.2362 -3.30967 -2.87221
-7.89665 -1.91503 -7.55405 -1.38074 -1.47434 -1.74171 -7.88348 -1.89538 -7.57003 -1.38107 -1.45661 -1.73274
-13.544 -11.4239 -13.7793 -1.49294 -1.44387 -2.69019 -13.5371 -11.3797 -13.7883 -1.49153 -1.46758 -2.73233
-0.00145372 1.65653 -5.57242 0.2274 -2.57235 0.359145 0.0218662 1.673 -5.56832 0.21996 -2.55491 0.367078
-7.48881 -2.94847 -3.04659 1.81202 -3.80055 0.0609059 -7.51354 -2.9729 -3.04479 1.79945 -3.80007 0.092886
-5.04782 -10.6009 -9.63345 -1.75578 -0.24489 -2.35948 -5.06238 -10.6238 -9.65854 -1.74263 -0.27793 -2.35936
10.6856 13.2036 -1.93096 0.350711 0.284861 1.11712 10.7565 13.4033 -1.84821 0.277825 0.272213 1.11965
-4.45534 -0.53695 3.97986 3.34973 -0.405125 1.28179 -4.4483 -0.589273 3.9461 3.32255 -0.418781 1.28714
-5.16056 -8.00176 -2.72477 -0.881946 0.0981023 4.46795 -5.17344 -7.97345 -2.67718 -0.838184 0.0837933 4.4906
-14.6038 -12.7623 -8.60032 2.59712 2.92699 1.65418 -14.7579 -12.823 -8.58403 2.61409 2.92457 1.68105
0.603217 -7.11679 -0.670602 -3.73772 -4.1304 3.25604 0.54163 -7.13512 -0.728556 -3.74647 -4.16384 3.31744
6.33329 -3.45251 9.35479 -2.55743 4.03912 -3.08489 6.33043 -3.38107 9.37339 -2.53624 4.04427 -3.10369
-14.2164 -15 -14.9754 1.7461 -2.90421 3.29229 -14.1701 -14.9675 -14.9412 1.76836 -2.96193 3.33666
-11.0732 -6.64731 -7.7212 3.33078 3.32167 -0.0713808 -11.0861 -6.62861 -7.72791 3.30341 3.32202 -0.0844538
-5.01491 -2.66145 1.09795 2.59975 -1.2615 0.465451 -5.01002 -2.66837 1.14343 2.58163 -1.25016 0.459026
-1.50023 -7.86683 -5.01559 3.72127 4.57099 4.95287 -1.53698 -7.90435 -5.08483 3.69676 4.58346 4.96046
-13.5719 -13.674 -13.9296 2.15341 0.563065 -1.98037 -13.5832 -13.6912 -13.9403 2.16466 0.549223 -2.00523
6.79333 -6.62252 7.18801 0.200997 -3.48601 -2.58494 6.72218 -6.56209 7.19035 0.170692 -3.52195 -2.5947
7.41375 6.47201 7.237 4.60031 -0.755356 -2.52301 7.34095 6.43254 7.17483 4.55693 -0.783393 -2.54266
10.552 2.96127 0.154998 -3.36014 -4.25912 4.86295 10.5769 2.95284 0.141126 -3.37436 -4.28056 4.8733
-0.678492 8.4498 -2.37305 -1.36045 -4.24208 1.83201 -0.672079 8.49705 -2.40449 -1.34412 -4.2665 1.84019
-6.44783 8.05598 3.60667 -3.96314 -2.82263 0.355688 -6.35398 8.03675 3.60025 -3.96698 -2.83918 0.337902
0.911903 -1.22654 -4.27312 0.795426 4.37826 -1.63143 0.936768 -1.21589 -4.26261 0.782246 4.40114 -1.61019
2.54796 -1.52795 -2.67783 -4.11362 -3.69998 -2.36367 2.53517 -1.55028 -2.73451 -4.09435 -3.7068 -2.39879
12.2134 7.84046 15.9999 -2.4657 3.23929 0.776582 12.1922 7.86066 16.037 -2.4256 3.28737 0.777783
-13.8499 -13.2589 -11.9351 -2.06948 3.53326 2.40155 -13.8795 -13.2924 -11.9359 -2.10701 3.57896 2.4579
-6.84149 -8.67601 -11.3241 2.96385 1.38396 -0.372724 -6.81732 -8.63599 -11.3346 2.95556 1.3873 -0.374708
1.4637 3.01548 11.7336 -2.36358 4.80419 1.01762 1.44835 2.99851 11.7577 -2.31878 4.83523 0.988484
0.135917 3.60246 -2.16166 -1.86504 -2.62277 -4.23699 0.171717 3.61873 -2.15433 -1.84372 -2.59664 -4.27544
4.39611 -2.54336 -2.04579 -0.466257 3.73577 -3.34897 4.4167 -2.54775 -2.01648 -0.469302 3.73052 -3.33311
3.32596 -9.73396 -4.36759 1.17126 3.54294 3.66762 3.29062 -9.7351 -4.38734 1.15251 3.51856 3.68421
-14.0165 -13.676 -11.7256 0.706924 -0.365038 -0.60759 -14.0326 -13.7187 -11.6967 0.7178 -0.387759 -0.624678
3.81998 -2.64419 -0.983893 -2.31031 1.43602 -2.42135 3.78938 -2.61096 -1.016 -2.25609 1.42502 -2.40003
10.6757 1.50303 11.5124 -0.318829 -1.96726 -3.10959 10.5404 1.54321 11.5418 -0.339359 -1.99492 -3.1292
1.35552 7.05452 4.09239 1.65122 3.71452 0.467336 1.4208 7.08786 4.11339 1.60342 3.76722 0.485995
-13.5459 -11.9756 -13.7363 -3.33575 0.922079 1.78984 -13.5255 -11.9572 -13.7533 -3.33273 0.922565 1.80704
-7.73794 -1.04418 5.72449 3.06967 1.25617 4.31684 -7.75859 -1.0991 5.7365 3.08275 1.2612 4.324
0.532745 -9.72569 -8.66242 3.61401 -0.31224 4.02882 0.541753 -9.73309 -8.6851 3.58512 -0.31207 4.02933
-4.81023 -6.7139 2.08742 -2.64975 2.23003 0.383088 -4.8243 -6.72659 2.16841 -2.63678 2.25842 0.397977
4.68549 -3.12876 3.94017 -1.78861 -3.2668 3.05183 4.68712 -3.11073 3.89902 -1.78033 -3.25072 3.11699
-5.91115 -5.88147 3.93264 1.83307 1.46631 0.464277 -5.94394 -5.86728 3.98718 1.84559 1.44744 0.477863
-14.688 -11.9091 -8.46586 -3.29505 2.61339 1.96584 -14.8142 -11.9764 -8.44577 -3.36452 2.60926 1.99371
8.71711 0.214378 -3.89467 5.24536 -3.09629 3.33346 8.73434 0.199214 -3.9221 5.23726 -3.08387 3.3677
-0.528604 -5.56717 -1.52983 -2.4225 0.465686 -2.70624 -0.496485 -5.54328 -1.53593 -2.39595 0.458599 -2.71825
7.01895 2.47342 4.89676 2.3003 1.59621 -3.05266 6.94316 2.4419 4.87398 2.25707 1.59672 -3.09594
-12.6367 -9.31937 -7.90139 3.56071 -1.75354 2.3129 -12.7293 -9.37739 -7.91817 3.60238 -1.7441 2.32196
-1.40987 -2.17906 -8.54215 -4.45341 -3.39012 -0.915876 -1.36014 -2.12451 -8.56005 -4.44357 -3.3893 -0.945037
-13.5858 -14.6378 -12.5625 0.681346 -0.764345 -2.07209 -13.5515 -14.6372 -12.5146 0.683091 -0.775507 -2.09592
2.61087 -8.42665 -2.03715 1.25572 -1.16849 -1.78022 2.64303 -8.43947 -2.0415 1.27807 -1.16921 -1.7982
12.7412 8.33338 13.8381 -3.20576 -1.33451 1.51553 12.7444 8.32042 13.801 -3.2193 -1.33032 1.57915
3.05729 14.9695 10.1901 3.49564 -0.0809864 3.46375 3.07164 14.9161 10.1675 3.47472 -0.100812 3.49182
6.30222 -5.86821 -0.986116 0.14155 2.55998 -1.82942 6.27935 -5.8079 -1.0168 0.158248 2.54841 -1.85354
-1.51092 -4.0464 -7.67856 -3.89863 -0.777179 -3.81087 -1.49324 -4.02991 -7.69422 -3.87308 -0.754502 -3.85073
-12.5877 -4.01097 -10.4573 0.790467 2.65281 0.67381 -12.6218 -3.97238 -10.4722 0.791122 2.67801 0.668077
-6.54232 -10.742 0.781444 2.86468 3.31495 1.12233 -6.60738 -10.8154 0.804663 2.86327 3.33468 1.17554
-0.327879 6.41794 4.25833 1.77402 -1.65225 -2.39927 -0.25969 6.46387 4.29767 1.78372 -1.67362 -2.40863
-12.6463 -10.2247 -8.82554 -0.243912 -1.59011 -2.49138 -12.7016 -10.2385 -8.81637 -0.258765 -1.61829 -2.52981
-8.08159 -5.54074 -4.88191 2.60401 -1.56882 -2.86085 -8.10577 -5.52401 -4.85912 2.60057 -1.56052 -2.86357
1.49949 -10.0618 -5.27361 3.13515 -0.900577 2.24123 1.50067 -10.0862 -5.30419 3.11532 -0.90897 2.23892
10.6769 10.2012 12.6541 2.04234 -3.46328 2.16299 10.6351 10.1755 12.6614 2.01552 -3.47052 2.18625
11.2639 17.1007 18.8764 3.51465 3.15016 -0.730139 11.2796 17.0819 18.9246 3.54821 3.22389 -0.730634
-2.03388 1.08259 8.40188 -0.894384 -4.57769 0.0700502 -2.01763 1.077 8.4653 -0.888054 -4.61712 0.0719879
2.43332 8.17656 -2.47374 -3.70816 2.96846 -4.0687 2.47701 8.16688 -2.51735 -3.6814 2.95328 -4.05558
-11.2749 2.18836 -7.78315 -2.5959 4.09118 3.26068 -11.3343 2.16019 -7.7949 -2.60569 4.10731 3.31545
-2.4912 -0.356024 3.27392 3.0578 0.776043 0.0656758 -2.5008 -0.373527 3.27601 3.02929 0.769445 0.0365542
6.3149 2.75601 -5.76964 1.38938 3.54624 0.710448 6.40604 2.75737 -5.71046 1.42757 3.54865 0.766158
-8.82565 -3.47427 -6.29063 -0.885531 3.88608 -2.23496 -8.83188 -3.48497 -6.2922 -0.879036 3.87088 -2.24268
4.26324 -2.58156 6.79358 1.04509 -0.322958 4.40587 4.28345 -2.52014 6.84447 1.06658 -0.302229 4.43616
2.89595 12.9225 15.4665 -3.59701 5.51707 -2.95257 2.96175 12.925 15.5474 -3.59308 5.5741 -2.98315
-10.7388 -14.0888 -11.323 2.56234 2.86408 0.80796 -10.7711 -14.1906 -11.3395 2.61028 2.87403 0.778623
-2.11326 9.19186 6.16134 1.70355 -5.36455 1.41644 -2.08683 9.15457 6.17525 1.68103 -5.4095 1.39545
5.19199 9.41686 10.2593 -1.39387 -3.5217 -0.292395 5.19375 9.38722 10.2979 -1.39333 -3.56928 -0.306797
-7.12965 -0.21321 -5.1481 3.55289 -0.160113 -2.1958 -7.11104 -0.209454 -5.15505 3.54604 -0.151468 -2.19767
-6.76377 1.39329 1.10879 -3.95402 -0.052684 2.43945 -6.76414 1.32173 1.11051 -3.93601 -0.0385565 2.47182
13.8327 17.7945 5.8261 -0.951051 -0.916589 1.49801 13.784 17.8308 5.70164 -0.979857 -0.905546 1.50053
3.20123 -2.15897 10.362 -2.80889 4.33721 -3.72628 3.19464 -2.16544 10.4215 -2.78351 4.37119 -3.76608
5.28101 7.10426 8.15189 1.66562 3.32464 0.475348 5.26417 7.08004 8.15431 1.70785 3.35976 0.512005
16.0024 11.7885 5.80776 3.94147 -4.99288 1.63422 16.0204 11.8668 5.82209 3.95341 -4.97251 1.68099
-4.87202 -6.24467 -3.24893 -2.98772 0.18461 2.7216 -4.87643 -6.22614 -3.23173 -2.97342 0.189469 2.71202
-8.04602 2.88598 -6.91105 1.6117 -3.2934 -3.98046 -8.06902 2.89324 -6.92684 1.5798 -3.26636 -3.96117
7.35858 -4.73085 -0.0506467 -4.06776 2.20355 0.919127 7.35776 -4.75496 -0.064034 -4.04296 2.19822 0.946622
-0.399609 -0.407004 3.53422 -2.13899 -3.13221 3.3251 -0.400757 -0.415946 3.54999 -2.16438 -3.12131 3.31408
-10.7105 -5.19551 -2.33406 -1.61471 -2.85024 -0.347932 -10.7406 -5.20915 -2.35882 -1.619 -2.82913 -0.371159
-6.45267 2.39693 -0.420624 -2.90785 4.41201 -1.61866 -6.45167 2.35944 -0.436507 -2.90186 4.40278 -1.63055
-11.5535 -11.3173 -13.4833 -2.37634 0.513043 2.38631 -11.5559 -11.349 -13.5278 -2.37582 0.534115 2.41567
-6.62223 -5.10557 -1.67309 2.2589 -2.01995 0.592757 -6.65019 -5.08417 -1.63382 2.28135 -2.02317 0.608674
-4.30609 -0.602263 4.21897 -0.422323 2.06656 1.04673 -4.30213 -0.599997 4.23853 -0.393039 2.05015 1.03487
15.7967 4.26441 15.0943 0.0663081 4.56127 3.37837 15.8 4.30547 15.0455 0.0484353 4.61397 3.43462
8.10839 4.55823 2.31903 -0.202052 1.50207 -3.78387 8.1529 4.55 2.28273 -0.220486 1.50733 -3.79919
-13.9983 -10.7464 -8.01984 0.346006 -0.022146 -1.75092 -14.0529 -10.7503 -8.00167 0.338671 -0.0233114 -1.77315
1.08149 0.178231 0.113236 -0.681073 1.51243 -1.76058 1.04627 0.162848 0.09442 -0.699544 1.4746 -1.75979
-1.04702 -1.7257 -1.50368 2.23447 -3.22886 -1.75812 -1.04333 -1.72916 -1.49627 2.22876 -3.20542 -1.72001
2.2654 1.22125 2.42607 -0.513661 1.24774 -1.65351 2.24752 1.27512 2.40134 -0.490523 1.24905 -1.65245
-1.86626 -2.26074 -2.10672 0.195038 -1.10198 -1.96563 -1.89037 -2.2178 -2.10247 0.197048 -1.1007 -1.97059
0.00681297 0.483241 -0.0998767 2.20291 -3.24461 -1.65621 -0.0432585 0.427511 -0.167529 2.2004 -3.20175 -1.63381
-0.949726 0.339363 -0.0981102 0.258456 2.06106 3.45143 -0.941555 0.336419 -0.128195 0.243278 2.04967 3.45252
0.434937 -0.120579 0.254058 2.0609 -3.05568 -1.50209 0.459365 -0.162541 0.29131 2.05434 -3.02196 -1.49652
-0.85594 -1.07909 -1.23856 -0.419194 1.35553 -1.60404 -0.843484 -1.08875 -1.2501 -0.415644 1.33781 -1.60015
-0.649617 -1.73839 -2.7972 1.94395 -3.32242 -1.37341 -0.594623 -1.76926 -2.78659 1.91667 -3.29841 -1.34318
0.699893 -0.27269 0.870541 -0.490587 1.33277 -1.70562 0.673655 -0.250082 0.908314 -0.481602 1.30409 -1.6996
-3.65182 -1.95238 -3.66526 1.67334 -2.59441 -1.88648 -3.63055 -1.91115 -3.66001 1.66181 -2.61659 -1.89918
-0.00806897 -0.520836 1.91724 1.24645 -2.95216 -1.1523 0.10858 -0.469139 2.02249 1.29989 -2.90597 -1.14489
-1.87481 -1.5488 -0.354928 -1.26631 1.85272 -0.84044 -1.83196 -1.52545 -0.25056 -1.26638 1.82598 -0.83417
-3.18123 -4.68715 -2.04035 -0.530684 1.02363 -1.10822 -3.17388 -4.63318 -1.9754 -0.513631 1.02595 -1.13622
2.382 -0.413197 1.57145 2.01154 -3.29808 -1.80124 2.45627 -0.334264 1.65518 2.01865 -3.30098 -1.80847
-0.282652 -1.67426 -2.5813 1.54218 -3.39602 -1.28364 -0.242821 -1.66943 -2.55778 1.49431 -3.36688 -1.26332
0.375465 -0.177984 0.490208 0.764342 1.66022 2.64631 0.374887 -0.153677 0.62645 0.764279 1.69926 2.6197
-1.29731 -2.52501 -2.4379 2.2368 -2.52464 -1.32507 -1.21053 -2.50463 -2.38187 2.22523 -2.50365 -1.35046
-0.387906 0.873074 0.618039 0.901445 1.54053 2.9359 -0.402541 0.831321 0.627644 0.888177 1.53224 2.93794
-0.112655 1.07066 -0.817836 2.54431 -3.3394 -1.46935 -0.085123 1.13476 -0.743963 2.53728 -3.3373 -1.43413
-4.0765 -2.83108 -1.48042 1.5212 -3.11804 -1.34533 -4.02981 -2.71334 -1.44589 1.52882 -3.10417 -1.27922
-2.06393 -1.79883 -2.2343 -0.3975 1.37038 -1.86323 -2.06437 -1.80371 -2.19796 -0.377381 1.337 -1.87003
-3.32715 -1.48959 -2.09279 1.6167 -2.23787 -1.75653 -3.25815 -1.46615 -2.02668 1.59954 -2.20659 -1.71922
-0.431486 -1.08268 -0.683724 2.04879 -3.12869 -1.50162 -0.377195 -1.05507 -0.621999 2.0284 -3.10552 -1.51513
2.28029 0.662959 -0.840906 1.83093 -2.98489 -1.98299 2.32772 0.644812 -0.810031 1.86758 -2.96159 -1.96013
1.15021 1.87627 1.39826 1.05764 1.95781 3.49819 1.13668 1.89991 1.42585 1.0752 1.95873 3.45554
1.64856 4.74102 4.12002 0.297202 2.09268 3.268 1.73887 4.8091 4.10247 0.278608 2.10099 3.22237
-0.482036 -3.34123 -2.62502 -0.3559 1.48375 -1.02981 -0.481846 -3.29065 -2.57412 -0.331386 1.47236 -1.00119
-0.934795 -1.55738 -1.72571 2.53377 -3.00741 -1.21996 -0.895991 -1.54441 -1.67382 2.5229 -3.04482 -1.22292
-0.29555 -1.79785 -0.921219 0.554083 1.75762 3.42574 -0.294807 -1.78528 -0.911503 0.566502 1.78251 3.39611
1.68807 1.63668 0.613808 0.45136 1.99853 3.14799 1.70008 1.62057 0.64308 0.444928 2.00315 3.12873
-1.72371 0.834241 -1.39073 2.40851 -2.66083 -1.22476 -1.7143 0.846011 -1.3971 2.42739 -2.62745 -1.1935
