-7.44333 -7.44339
-7.43612 -7.43618
-7.42971 -7.42983
-7.42453 -7.42441
-7.41696 -7.41685
-7.41155 -7.4115
-7.40977 -7.40967
-7.40416 -7.40421
-7.40238 -7.40239
-7.39885 -7.39889
-7.39404 -7.39412
-7.39196 -7.39174
-7.38761 -7.38761
-7.38534 -7.38514
-7.38318 -7.38277
-7.38124 -7.38124
-7.3806 -7.38077
-7.37971 -7.37984
-7.37743 -7.37748
-7.37327 -7.3735
-7.37206 -7.37189
-7.37108 -7.3714
-7.36817 -7.36831
-7.36645 -7.36652
-7.36507 -7.36497
-7.36332 -7.3631
-7.3624 -7.36233
-7.36082 -7.36081
-7.35908 -7.35913
-7.35813 -7.35856
-7.35789 -7.35806
-7.35585 -7.35595
-7.35478 -7.35475
-7.35359 -7.35389
-7.35261 -7.35275
-7.35232 -7.3525
-7.35035 -7.35032
-7.34935 -7.34924
-7.34796 -7.3482
-7.3477 -7.34748
-7.34641 -7.34665
-7.346 -7.34599
-7.34492 -7.34509
-7.34468 -7.34463
-7.34412 -7.34418
-7.34293 -7.34304
-7.34242 -7.34247
-7.34233 -7.34233
-7.34215 -7.34217
-7.34072 -7.34082
-7.33981 -7.33987
-7.33815 -7.33846
-7.33817 -7.33821
-7.33768 -7.33782
-7.33684 -7.3369
-7.33669 -7.33641
-7.33627 -7.33612
-7.33609 -7.33587
-7.33513 -7.3352
-7.33461 -7.33449
-7.33351 -7.33344
-7.33291 -7.33278
-7.33233 -7.33262
-7.33246 -7.33217
-7.33095 -7.33112
-7.32989 -7.33026
-7.32987 -7.33008
-7.32911 -7.32925
-7.32908 -7.32903
-7.3286 -7.32874
-7.3284 -7.32813
-7.32779 -7.32784
-7.32742 -7.32761
-7.32686 -7.3266
-7.3259 -7.32586
-7.32503 -7.32532
-7.32432 -7.32462
-7.32444 -7.32442
-7.32386 -7.32401
-7.32305 -7.323
-7.32235 -7.32261
-7.32245 -7.32216
-7.3214 -7.32155
-7.32088 -7.32092
-7.3201 -7.3202
-7.3198 -7.31976
-7.31957 -7.31954
-7.31941 -7.31934
-7.31923 -7.31918
-7.31859 -7.31871
-7.3186 -7.31856
-7.3175 -7.3178
-7.31751 -7.31762
-7.31683 -7.31661
-7.31601 -7.31616
-7.31604 -7.31604
-7.31577 -7.31556
-7.31482 -7.31489
-7.31447 -7.3143
-7.31425 -7.31409
-7.31371 -7.31371
-7.31339 -7.31333
-7.31277 -7.31274
-7.3122 -7.31229
-7.3125 -7.31209
-7.31132 -7.31147
-7.3106 -7.3104
-7.30927 -7.30947
-7.30884 -7.30921
-7.3086 -7.30873
-7.30791 -7.308
-7.30758 -7.30791
-7.30773 -7.30747
-7.30656 -7.30678
-7.30612 -7.30613
-7.30578 -7.30578
-7.30549 -7.3053
-7.3048 -7.30477
-7.3044 -7.30439
-7.30354 -7.30399
-7.30359 -7.30345
-7.3029 -7.3028
-7.30196 -7.30197
-7.30189 -7.30183
-7.30151 -7.30147
-7.30123 -7.30125
-7.30103 -7.3008
-7.30001 -7.30005
-7.2991 -7.29953
-7.29862 -7.29898
-7.29772 -7.29808
-7.29786 -7.29766
-7.29725 -7.29723
-7.29672 -7.29689
-7.29646 -7.29629
-7.29543 -7.29543
-7.29495 -7.29497
-7.29492 -7.29465
-7.29405 -7.29407
-7.29372 -7.29382
-7.29376 -7.29336
-7.29293 -7.29282
-7.29256 -7.29238
-7.2921 -7.29194
-7.29167 -7.29175
-7.29145 -7.29151
-7.29104 -7.29128
-7.29116 -7.29074
-7.29086 -7.2906
-7.29045 -7.29024
-7.2899 -7.28961
-7.28865 -7.28897
-7.28905 -7.28856
-7.28784 -7.28788
-7.28722 -7.2874
-7.28744 -7.28702
-7.28688 -7.2865
-7.28578 -7.28597
-7.28544 -7.28516
-7.28439 -7.2846
-7.28394 -7.28411
-7.28356 -7.28383
-7.28371 -7.28361
-7.28294 -7.28279
-7.28222 -7.28223
-7.28187 -7.28175
-7.28179 -7.28152
-7.28145 -7.28124
-7.28073 -7.28092
-7.28023 -7.28032
-7.27953 -7.27937
-7.27891 -7.2787
-7.2784 -7.27807
-7.27754 -7.27765
-7.27685 -7.27656
-7.27598 -7.27615
-7.27585 -7.27548
-7.27514 -7.27511
-7.27415 -7.27455
-7.27318 -7.27306
-7.2715 -7.27152
-7.27081 -7.27081
-7.2703 -7.27012
-7.26963 -7.26952
-7.2674 -7.2673
-7.26676 -7.26673
-7.25952 -7.25933
-7.43932 -7.4393
-7.43561 -7.43565
-7.42698 -7.42692
-7.42133 -7.42146
-7.41677 -7.41677
-7.41153 -7.41145
-7.4076 -7.40767
-7.40385 -7.40383
-7.40203 -7.40226
-7.39768 -7.39789
-7.3934 -7.39345
-7.39067 -7.39056
-7.38731 -7.38728
-7.38468 -7.38479
-7.38234 -7.38242
-7.38106 -7.38118
-7.38065 -7.38055
-7.37906 -7.37918
-7.37697 -7.37678
-7.37333 -7.37324
-7.37206 -7.37181
-7.3706 -7.37072
-7.36814 -7.36825
-7.36662 -7.36648
-7.36456 -7.36442
-7.36292 -7.36277
-7.36179 -7.36196
-7.36011 -7.36029
-7.35895 -7.35892
-7.35806 -7.35849
-7.35763 -7.35746
-7.35568 -7.35555
-7.3544 -7.35446
-7.35385 -7.35374
-7.35281 -7.3527
-7.35223 -7.35217
-7.35012 -7.35008
-7.34915 -7.34911
-7.34794 -7.34797
-7.34708 -7.34719
-7.3466 -7.34657
-7.34583 -7.34574
-7.34508 -7.34494
-7.3443 -7.34444
-7.34346 -7.34347
-7.34302 -7.34279
-7.34233 -7.34242
-7.34228 -7.3423
-7.34205 -7.34202
-7.34081 -7.34063
-7.3396 -7.33946
-7.33837 -7.33843
-7.33823 -7.33819
-7.33698 -7.33728
-7.33667 -7.3369
-7.33642 -7.33638
-7.33607 -7.3361
-7.33617 -7.33585
-7.33523 -7.33496
-7.33399 -7.33427
-7.33329 -7.33326
-7.33272 -7.33274
-7.33272 -7.33251
-7.3319 -7.33208
-7.33054 -7.33034
-7.33043 -7.33021
-7.33002 -7.32997
-7.32886 -7.32912
-7.32873 -7.32902
-7.3286 -7.32869
-7.328 -7.32804
-7.3277 -7.32777
-7.32738 -7.32747
-7.32634 -7.32621
-7.32556 -7.32571
-7.32527 -7.32516
-7.3248 -7.32452
-7.32392 -7.32414
-7.3237 -7.32382
-7.32294 -7.32279
-7.3227 -7.3226
-7.32171 -7.32178
-7.32109 -7.32147
-7.32067 -7.32078
-7.31998 -7.32018
-7.32007 -7.31976
-7.31953 -7.31948
-7.31937 -7.31927
-7.31938 -7.31916
-7.31909 -7.31865
-7.31822 -7.31848
-7.31778 -7.31771
-7.3177 -7.31749
-7.31624 -7.31652
-7.3162 -7.3161
-7.31589 -7.31595
-7.3156 -7.31552
-7.31478 -7.31465
-7.31425 -7.31427
-7.31397 -7.31399
-7.31392 -7.31367
-7.31335 -7.31327
-7.31265 -7.31257
-7.31232 -7.31228
-7.31165 -7.31205
-7.31078 -7.31081
-7.31029 -7.31028
-7.30954 -7.30947
-7.30855 -7.30884
-7.30889 -7.30857
-7.3076 -7.30798
-7.30768 -7.30783
-7.30709 -7.30724
-7.30659 -7.30655
-7.3057 -7.3061
-7.30578 -7.30577
-7.30499 -7.30528
-7.30383 -7.30469
-7.30457 -7.30426
-7.30389 -7.30393
-7.30275 -7.30313
-7.30258 -7.30241
-7.30165 -7.30196
-7.30166 -7.30172
-7.3012 -7.30138
-7.30075 -7.30101
-7.30064 -7.30047
-7.29992 -7.29983
-7.2996 -7.29942
-7.29877 -7.29885
-7.29771 -7.29797
-7.29774 -7.29754
-7.29698 -7.29709
-7.29667 -7.29678
-7.29601 -7.29603
-7.29572 -7.29538
-7.29519 -7.29479
-7.29459 -7.29461
-7.29371 -7.294
-7.29358 -7.29371
-7.29346 -7.2933
-7.29287 -7.29271
-7.29199 -7.29223
-7.29175 -7.29194
-7.29145 -7.29168
-7.29099 -7.29145
-7.29145 -7.29125
-7.29073 -7.29074
-7.29047 -7.29045
-7.2904 -7.29018
-7.28971 -7.28951
-7.28869 -7.2889
-7.28819 -7.28822
-7.28737 -7.2877
-7.28712 -7.28727
-7.28737 -7.28697
-7.28653 -7.28646
-7.28578 -7.28574
-7.28517 -7.28496
-7.28424 -7.28456
-7.28397 -7.2841
-7.28425 -7.28377
-7.2834 -7.28343
-7.28205 -7.28254
-7.28231 -7.28194
-7.28227 -7.28172
-7.28154 -7.2815
-7.28152 -7.28111
-7.28095 -7.28084
-7.28036 -7.28018
-7.27968 -7.27913
-7.27849 -7.27844
-7.27813 -7.27805
-7.27777 -7.27718
-7.27642 -7.27648
-7.27585 -7.27579
-7.27533 -7.27529
-7.27511 -7.27488
-7.27444 -7.27389
-7.27297 -7.27282
-7.27133 -7.27141
-7.27072 -7.27073
-7.27028 -7.27007
-7.26966 -7.26945
-7.26709 -7.26699
-7.26359 -7.26357
-7.25653 -7.25638
-7.43805 -7.43806
-7.43281 -7.43269
-7.42626 -7.42632
-7.42115 -7.42121
-7.41385 -7.41383
-7.41124 -7.41117
-7.40597 -7.40592
-7.4028 -7.40277
-7.4016 -7.40139
-7.39572 -7.39588
-7.39312 -7.3932
-7.38996 -7.38998
-7.38696 -7.38713
-7.38447 -7.38431
-7.38207 -7.38196
-7.38124 -7.38101
-7.38042 -7.38044
-7.37813 -7.37818
-7.37408 -7.37402
-7.37309 -7.37308
-7.37172 -7.37163
-7.36912 -7.36921
-7.36776 -7.36808
-7.36651 -7.36642
-7.36339 -7.36351
-7.36265 -7.3627
-7.36166 -7.36161
-7.35932 -7.35943
-7.35881 -7.3588
-7.35811 -7.35815
-7.35663 -7.35666
-7.35523 -7.35545
-7.35413 -7.35415
-7.35325 -7.35316
-7.35265 -7.35261
-7.35152 -7.3515
-7.3493 -7.34965
-7.34917 -7.34906
-7.34773 -7.34768
-7.34718 -7.34716
-7.34645 -7.34632
-7.34589 -7.34562
-7.34509 -7.34493
-7.34449 -7.34434
-7.34355 -7.34346
-7.34298 -7.34278
-7.34253 -7.34241
-7.34231 -7.34227
-7.34122 -7.34113
-7.34047 -7.34051
-7.33855 -7.33879
-7.3385 -7.3384
-7.33788 -7.33813
-7.33711 -7.33716
-7.33672 -7.33675
-7.33638 -7.33631
-7.33593 -7.33601
-7.33543 -7.33568
-7.33466 -7.33473
-7.33391 -7.33394
-7.33311 -7.33319
-7.33264 -7.3327
-7.33219 -7.3325
-7.33194 -7.33186
-7.33019 -7.33031
-7.3304 -7.33016
-7.32954 -7.3298
-7.32921 -7.32908
-7.3291 -7.3289
-7.32839 -7.3284
-7.328 -7.32804
-7.32793 -7.32777
-7.32743 -7.32719
-7.32616 -7.32607
-7.32574 -7.3254
-7.32466 -7.32475
-7.32438 -7.3245
-7.32417 -7.32411
-7.32301 -7.32326
-7.32262 -7.32271
-7.32266 -7.3225
-7.32162 -7.32169
-7.32156 -7.32124
-7.32024 -7.32022
-7.32004 -7.32001
-7.31981 -7.31971
-7.31952 -7.31941
-7.31922 -7.31924
-7.31901 -7.31902
-7.3188 -7.31865
-7.3185 -7.31847
-7.3178 -7.31768
-7.31746 -7.31749
-7.31649 -7.3165
-7.31617 -7.31608
-7.31586 -7.3158
-7.31513 -7.31528
-7.31458 -7.31455
-7.31406 -7.31412
-7.31374 -7.31398
-7.3135 -7.31353
-7.31325 -7.31301
-7.31272 -7.3124
-7.31225 -7.31228
-7.31192 -7.31199
-7.31067 -7.31078
-7.30999 -7.31013
-7.30885 -7.30934
-7.30874 -7.30876
-7.30862 -7.30839
-7.30796 -7.30793
-7.30742 -7.30769
-7.30681 -7.30696
-7.30682 -7.30629
-7.30608 -7.30598
-7.30537 -7.30554
-7.30496 -7.30523
-7.30402 -7.30455
-7.30418 -7.3042
-7.30444 -7.30378
-7.30288 -7.30287
-7.30214 -7.30224
-7.30183 -7.30191
-7.30165 -7.30161
-7.3015 -7.30129
-7.30136 -7.30095
-7.30053 -7.30031
-7.29964 -7.29972
-7.29908 -7.29926
-7.2986 -7.29863
-7.29783 -7.29791
-7.29723 -7.29751
-7.29698 -7.29698
-7.29644 -7.29664
-7.29604 -7.29599
-7.2954 -7.29529
-7.29465 -7.29471
-7.29417 -7.29453
-7.29373 -7.2939
-7.29367 -7.29354
-7.29319 -7.29315
-7.2925 -7.29266
-7.29202 -7.29198
-7.2915 -7.2919
-7.2918 -7.29161
-7.29157 -7.29132
-7.29062 -7.29108
-7.29069 -7.29072
-7.28992 -7.29032
-7.29021 -7.28992
-7.28983 -7.28941
-7.28908 -7.28883
-7.2883 -7.2881
-7.28787 -7.28768
-7.28754 -7.28712
-7.28686 -7.28688
-7.28631 -7.28621
-7.28578 -7.28552
-7.285 -7.28485
-7.28418 -7.28435
-7.2842 -7.28397
-7.28366 -7.28376
-7.28339 -7.28326
-7.28275 -7.28243
-7.28179 -7.28192
-7.28137 -7.28169
-7.28191 -7.28149
-7.28117 -7.28107
-7.28061 -7.28059
-7.27937 -7.27963
-7.27891 -7.27904
-7.2786 -7.27843
-7.27749 -7.2778
-7.27661 -7.27678
-7.27691 -7.27646
-7.27576 -7.27576
-7.27491 -7.27528
-7.27457 -7.27461
-7.27357 -7.27337
-7.27223 -7.27219
-7.27084 -7.27125
-7.27067 -7.27047
-7.2699 -7.26998
-7.26947 -7.26868
-7.26661 -7.26681
-7.26221 -7.26263
-7.25622 -7.25633
-7.43809 -7.43806
-7.43028 -7.43034
-7.42491 -7.42491
-7.41834 -7.41834
-7.41315 -7.4132
-7.41119 -7.41093
-7.40412 -7.40428
-7.40244 -7.40246
-7.39933 -7.3992
-7.39443 -7.39432
-7.39344 -7.39306
-7.38998 -7.38989
-7.38632 -7.38589
-7.38318 -7.38305
-7.38148 -7.38155
-7.381 -7.38096
-7.37996 -7.38003
-7.3778 -7.37784
-7.37379 -7.37386
-7.37291 -7.37288
-7.37148 -7.37159
-7.36855 -7.36853
-7.36705 -7.36698
-7.36517 -7.36519
-7.36334 -7.36348
-7.3628 -7.36269
-7.36054 -7.36088
-7.35959 -7.35936
-7.35886 -7.35876
-7.35796 -7.35814
-7.3561 -7.35597
-7.3548 -7.35491
-7.35399 -7.35408
-7.35299 -7.35282
-7.35246 -7.35257
-7.35053 -7.35042
-7.34953 -7.3493
-7.34855 -7.34821
-7.34756 -7.34762
-7.34682 -7.34673
-7.34611 -7.34599
-7.34524 -7.34521
-7.3446 -7.34473
-7.34397 -7.34423
-7.34325 -7.34324
-7.34241 -7.34271
-7.34241 -7.34237
-7.34232 -7.3422
-7.34096 -7.34097
-7.34012 -7.34022
-7.33899 -7.33861
-7.33818 -7.33836
-7.33809 -7.33791
-7.33683 -7.33699
-7.33637 -7.33651
-7.33608 -7.33623
-7.336 -7.33598
-7.33542 -7.3354
-7.33452 -7.33464
-7.33406 -7.33372
-7.33303 -7.33316
-7.33252 -7.33263
-7.33235 -7.33243
-7.33195 -7.3318
-7.33014 -7.33027
-7.33012 -7.33011
-7.32958 -7.32955
-7.32887 -7.32907
-7.32917 -7.32886
-7.32795 -7.32813
-7.32781 -7.32786
-7.32759 -7.3277
-7.32708 -7.32693
-7.32555 -7.32589
-7.32551 -7.32536
-7.32445 -7.32471
-7.3243 -7.32447
-7.32391 -7.32406
-7.32298 -7.32325
-7.32253 -7.32271
-7.32227 -7.32231
-7.32166 -7.32159
-7.32096 -7.321
-7.32015 -7.3202
-7.32021 -7.31999
-7.31963 -7.31962
-7.31949 -7.31935
-7.31907 -7.31922
-7.31884 -7.319
-7.31837 -7.31862
-7.31776 -7.31786
-7.31754 -7.31768
-7.3169 -7.31745
-7.31649 -7.31628
-7.31595 -7.31606
-7.31609 -7.3157
-7.31483 -7.31497
-7.31435 -7.31439
-7.31424 -7.31409
-7.31425 -7.31389
-7.3135 -7.31352
-7.31285 -7.3128
-7.31207 -7.3123
-7.31207 -7.31217
-7.3116 -7.31166
-7.31073 -7.31055
-7.30977 -7.30992
-7.30936 -7.30934
-7.30879 -7.30875
-7.30797 -7.30802
-7.30778 -7.30792
-7.30758 -7.30761
-7.30682 -7.30688
-7.30631 -7.30627
-7.30567 -7.30584
-7.30606 -7.3055
-7.3052 -7.30507
-7.30443 -7.30441
-7.30376 -7.304
-7.30374 -7.30352
-7.30297 -7.30282
-7.30202 -7.30218
-7.30166 -7.30187
-7.3017 -7.30159
-7.30161 -7.30128
-7.3005 -7.30087
-7.30019 -7.30031
-7.29967 -7.29966
-7.29928 -7.29917
-7.29799 -7.29822
-7.29733 -7.29773
-7.29764 -7.29732
-7.29689 -7.2969
-7.29652 -7.29637
-7.29541 -7.29588
-7.29503 -7.29518
-7.2951 -7.2947
-7.29423 -7.29441
-7.29385 -7.29388
-7.29334 -7.2934
-7.29302 -7.29283
-7.29264 -7.2924
-7.29227 -7.29198
-7.29173 -7.29177
-7.29184 -7.29153
-7.29189 -7.29132
-7.29094 -7.29087
-7.29055 -7.29066
-7.29074 -7.29031
-7.28974 -7.28988
-7.28908 -7.28915
-7.28881 -7.28861
-7.28793 -7.28804
-7.28763 -7.28754
-7.28693 -7.28703
-7.28673 -7.2868
-7.28579 -7.28598
-7.28534 -7.2855
-7.28462 -7.2848
-7.28423 -7.28429
-7.28397 -7.28393
-7.28388 -7.28375
-7.28272 -7.28292
-7.28297 -7.2823
-7.28174 -7.2819
-7.2815 -7.28167
-7.28143 -7.28135
-7.28078 -7.28097
-7.28042 -7.28051
-7.27923 -7.27943
-7.27891 -7.27872
-7.27823 -7.2781
-7.27805 -7.2778
-7.27641 -7.27668
-7.27605 -7.27634
-7.27591 -7.27558
-7.27536 -7.27516
-7.27471 -7.2746
-7.27279 -7.27331
-7.27192 -7.27165
-7.27108 -7.27087
-7.27058 -7.27044
-7.26967 -7.26965
-7.26774 -7.26732
-7.26603 -7.26676
-7.26124 -7.26131
