0.652222 0.244951 0.417135 -0.625375 1.45997 -1.50761 0.624232 0.280386 0.425253 -0.632123 1.48027 -1.52786
0.368682 0.183643 -0.0857043 2.05516 -3.14778 -0.995455 0.357962 0.164849 -0.0910789 2.07681 -3.18416 -1.0032
-0.663831 -0.0310566 -0.170338 2.21157 -3.12572 -1.53566 -0.664073 -0.0536677 -0.190102 2.23501 -3.16389 -1.54474
-2.75614 -1.55832 -1.02004 -0.920644 1.14032 -1.25015 -2.74214 -1.5241 -0.985515 -0.938821 1.16266 -1.2589
-0.978306 -0.892296 -0.142073 2.4814 -3.15805 -1.21936 -0.943294 -0.902673 -0.134046 2.51357 -3.18329 -1.22448
-2.90336 -2.79503 -2.4247 -0.423426 1.59318 -1.47031 -2.86152 -2.76623 -2.38903 -0.431884 1.60724 -1.47349
-0.324113 0.947693 1.77021 2.07181 -2.97633 -1.26212 -0.323312 0.958364 1.76135 2.07536 -3.03077 -1.25899
-0.399058 -0.566784 -0.52231 2.39122 -3.10258 -1.66259 -0.39584 -0.575229 -0.497815 2.41342 -3.12552 -1.67161
2.16648 2.28161 2.38081 -0.513514 1.30847 -1.52476 2.09703 2.22985 2.30488 -0.520795 1.3117 -1.49708
0.119958 -0.0616428 0.873306 1.9462 -3.0002 -1.26755 0.136936 -0.0794464 0.879817 1.97774 -3.03159 -1.26153
-0.438984 -3.09836 -0.962404 -0.694251 1.27937 -1.61602 -0.497448 -3.17286 -1.01828 -0.707373 1.29839 -1.60238
-3.86477 -4.86624 -3.80613 -0.538593 1.24648 -1.32208 -3.87493 -4.93854 -3.81142 -0.556652 1.25947 -1.30999
-1.00791 -0.542588 -0.416678 -0.744219 1.43213 -1.33996 -0.979531 -0.515691 -0.388521 -0.756113 1.45583 -1.37235
2.8096 2.49549 0.763894 0.0976814 -1.43398 -1.62598 2.86062 2.5151 0.774533 0.109389 -1.45125 -1.66311
-5.13296 -4.57336 -5.13087 -0.36102 1.34528 -1.43542 -5.15661 -4.59009 -5.12626 -0.36186 1.33765 -1.43358
-2.11041 -2.4073 -1.59228 -0.521021 1.62703 -0.955257 -2.09507 -2.38355 -1.54151 -0.522601 1.64061 -0.977659
-0.507897 0.556478 0.613044 0.523427 -1.25151 -1.69401 -0.540007 0.537482 0.623074 0.510612 -1.27258 -1.71226
-0.203303 -1.2114 -1.26335 0.302711 0.0214224 0.0329786 -0.158127 -1.17607 -1.2741 0.306804 0.0175987 0.0281823
-1.29134 -1.67575 -1.29283 0.172562 -0.650864 -1.67345 -1.29144 -1.64519 -1.31816 0.18401 -0.645321 -1.71518
0.052946 -0.383612 -0.475154 2.50818 -3.1961 -1.26559 0.0265994 -0.376685 -0.502555 2.52712 -3.20843 -1.28276
0.538427 0.382195 0.822912 0.586885 1.55757 2.72269 0.569575 0.406803 0.829329 0.594531 1.58488 2.75432
2.84756 3.21779 4.07765 -0.45724 1.54215 -1.92236 2.83673 3.16167 4.02792 -0.453147 1.58006 -1.9573
-0.305208 2.06334 0.452121 -0.222384 0.83514 -1.46673 -0.317571 2.0848 0.421867 -0.214757 0.823132 -1.50034
-0.604667 -1.4581 -0.493229 0.73215 1.48636 3.12777 -0.553932 -1.40742 -0.425059 0.732766 1.5081 3.17248
0.703626 1.57656 0.693584 0.359795 -0.0415728 -0.815765 0.716836 1.61706 0.740052 0.360627 -0.0246548 -0.839842
-2.49683 -2.06844 -2.31355 0.624405 1.76489 3.36265 -2.45768 -2.07484 -2.31709 0.633459 1.78438 3.41381
-1.67305 -1.36156 -2.05525 0.370608 1.13569 3.34962 -1.6151 -1.31088 -2.0262 0.368384 1.13728 3.37107
-0.241077 3.58623 3.89429 0.777916 1.91732 3.24845 -0.134694 3.6243 3.93231 0.777862 1.9646 3.2688
-2.51903 -1.76072 -3.62092 -0.869424 1.15188 -1.29043 -2.54102 -1.76537 -3.64459 -0.868038 1.14683 -1.29911
0.378393 2.97378 2.70859 0.541042 2.24473 3.20786 0.335741 2.95299 2.66339 0.550815 2.26772 3.22983
-1.88032 -3.06282 -2.13023 0.0950396 1.08974 -1.21589 -1.84117 -3.00543 -2.08233 0.0938402 1.0877 -1.21289
-1.58825 -1.6549 -1.14702 0.618641 1.25634 3.33182 -1.591 -1.6422 -1.11166 0.612514 1.26475 3.36156
-0.0662908 -0.367753 -0.68977 0.86041 2.29445 2.87398 -0.0538241 -0.381337 -0.683769 0.867776 2.26723 2.90733
-1.19886 -0.463804 -1.67474 0.890139 1.83303 2.63056 -1.22791 -0.475256 -1.68495 0.867656 1.85098 2.65292
-1.49982 -1.30547 -0.848003 -0.150583 1.14089 -1.57196 -1.44837 -1.26785 -0.807591 -0.178673 1.14307 -1.60265
-1.61396 -1.4901 -0.98961 0.297267 -0.52114 -1.39861 -1.59238 -1.50748 -0.972419 0.293193 -0.50922 -1.4419
-0.233493 -1.79986 -0.798675 0.0925605 0.214756 -0.195879 -0.222871 -1.76304 -0.814135 0.109888 0.227821 -0.163413
0.251958 -0.321589 0.045503 -0.560576 0.936698 -1.80896 0.252988 -0.279529 0.0551388 -0.570915 0.942203 -1.81474
1.04952 0.798846 0.393543 0.806764 2.55006 2.88536 1.01824 0.747739 0.368953 0.825703 2.53967 2.93863
-1.17694 -0.433297 0.0251354 0.151811 1.75904 2.95975 -1.19576 -0.407283 0.0447154 0.206122 1.75373 2.99258
0.02368 1.39999 0.810344 -0.575174 1.30955 -1.47483 0.0175534 1.39631 0.832241 -0.607893 1.33866 -1.47872
-0.506976 0.475162 1.75396 0.155783 -0.163953 -0.889462 -0.491597 0.504509 1.71828 0.181858 -0.189468 -0.906583
-2.40133 -3.22549 -0.632587 1.00386 1.17928 3.17745 -2.38951 -3.23808 -0.633609 1.00573 1.19699 3.18152
0.17025 -2.33924 -0.310347 -0.331895 1.73849 -0.737336 0.212594 -2.31899 -0.28924 -0.303009 1.74934 -0.762828
-0.350087 0.169934 1.63873 0.545057 1.63979 2.9565 -0.324073 0.187118 1.65325 0.52913 1.63565 3.00806
2.4846 0.896968 2.81244 0.564535 -0.903302 -2.22973 2.47066 0.922793 2.86494 0.575234 -0.89451 -2.2459
3.77182 -2.63389 -1.03479 -2.22061 1.44616 -2.36862 3.78938 -2.61096 -1.016 -2.25609 1.42502 -2.40003
-2.41804 -0.314665 3.28165 2.99374 0.778366 0.0517897 -2.5008 -0.373527 3.27601 3.02929 0.769445 0.0365542
-2.10934 -2.49459 -2.13664 0.533601 1.88234 3.36894 -2.07649 -2.49796 -2.0895 0.515304 1.90696 3.41324
2.30779 3.05145 1.65409 0.52383 1.17818 2.72111 2.26261 3.05568 1.68649 0.546871 1.18065 2.75527
-2.12318 -1.6742 -1.83095 0.574283 1.73725 3.39347 -2.1075 -1.64653 -1.8008 0.567125 1.74063 3.40687
0.0246623 1.65744 -5.54359 0.218764 -2.54576 0.344649 0.0218662 1.673 -5.56832 0.21996 -2.55491 0.367078
-4.82181 -6.19147 -3.24778 -2.94527 0.208474 2.72795 -4.87643 -6.22614 -3.23173 -2.97342 0.189469 2.71202
-1.28639 -1.18144 -3.69346 0.744381 0.865232 2.62453 -1.28463 -1.20127 -3.66315 0.749883 0.875988 2.63187
-1.09065 0.234541 0.104874 -0.299783 -0.758559 -1.53449 -1.10092 0.224789 0.0612572 -0.306308 -0.749595 -1.56995
-0.877922 1.14578 -2.37756 0.30833 1.27855 2.53637 -0.86736 1.16183 -2.42821 0.348784 1.26871 2.53938
-4.86995 -3.34105 -2.42998 0.163273 3.85892 -2.84233 -4.88088 -3.34408 -2.38812 0.171357 3.92005 -2.88513
-0.810388 -0.469102 -2.09219 1.07474 1.52834 2.87828 -0.801291 -0.471088 -2.04963 1.06848 1.52783 2.91898
3.93795 0.907059 3.14399 -0.513228 -0.0338083 -0.36205 3.8418 0.853674 3.08661 -0.526489 -0.0289935 -0.347497
1.34378 1.78331 2.36741 -0.5585 1.35396 -1.07863 1.3587 1.84194 2.35732 -0.551352 1.35611 -1.08119
0.871334 -1.23845 -4.32874 0.767321 4.35516 -1.5938 0.936768 -1.21589 -4.26261 0.782246 4.40114 -1.61019
7.39394 -4.71187 -0.0583344 -3.99238 2.16342 0.946014 7.35776 -4.75496 -0.064034 -4.04296 2.19822 0.946622
-1.0096 -3.21138 -0.877073 -0.453126 0.961481 -1.19861 -0.925589 -3.19055 -0.850832 -0.440019 0.969711 -1.19386
-2.61886 -1.44001 -0.774629 0.539723 1.67277 2.42152 -2.61323 -1.44025 -0.715226 0.511966 1.68188 2.4701
4.79577 -3.04452 3.98152 -1.77796 -3.23982 3.04212 4.68712 -3.11073 3.89902 -1.78033 -3.25072 3.11699
-3.53536 -1.16826 -4.38735 -0.583712 0.213451 -0.476177 -3.54976 -1.18281 -4.37181 -0.595488 0.209566 -0.474784
-7.14644 4.71705 -7.03084 -1.02566 -4.30988 -0.669815 -7.15406 4.71832 -6.99706 -1.04193 -4.33614 -0.673995
0.244646 0.873712 -5.58855 2.00896 -1.68313 -4.9274 0.263557 0.874381 -5.5948 2.02995 -1.6642 -4.94649
-2.17592 -1.52304 -2.33864 -0.569342 1.55385 -0.705389 -2.18337 -1.51057 -2.29318 -0.559225 1.56627 -0.733464
-6.82097 -8.67601 -11.34 2.91416 1.37264 -0.386751 -6.81732 -8.63599 -11.3346 2.95556 1.3873 -0.374708
-5.87091 -5.77196 3.95766 1.81946 1.46633 0.48808 -5.94394 -5.86728 3.98718 1.84559 1.44744 0.477863
-3.15636 -4.20372 -4.03499 -0.42819 1.11626 -1.59954 -3.14338 -4.25603 -4.05968 -0.457744 1.1323 -1.59855
-6.3081 -3.49332 -3.02379 0.102029 -0.471429 -0.354093 -6.28987 -3.52402 -3.01155 0.0990646 -0.491106 -0.351187
-1.93962 1.16653 8.44733 -0.878889 -4.57043 0.0957704 -2.01763 1.077 8.4653 -0.888054 -4.61712 0.0719879
4.45087 -2.48888 -1.93267 -0.449614 3.75246 -3.30784 4.4167 -2.54775 -2.01648 -0.469302 3.73052 -3.33311
5.21496 9.4059 10.2818 -1.35973 -3.50317 -0.258375 5.19375 9.38722 10.2979 -1.39333 -3.56928 -0.306797
-0.543716 1.07262 0.409009 0.132117 1.56628 -1.16502 -0.499696 1.10013 0.479255 0.121279 1.56926 -1.1832
1.05593 1.23452 0.0197747 -0.870697 1.06828 -0.54482 1.08456 1.23326 0.0513959 -0.858822 1.09456 -0.545606
-0.719235 -0.826776 -2.10195 -0.874022 1.13274 -0.836083 -0.732695 -0.787607 -2.11262 -0.864531 1.12547 -0.852962
-11.0522 -6.64209 -7.73768 3.2783 3.29128 -0.0732303 -11.0861 -6.62861 -7.72791 3.30341 3.32202 -0.0844538
-1.96277 -2.2985 -1.46095 -0.254441 0.512017 -1.06999 -1.96111 -2.29478 -1.49663 -0.251276 0.51989 -1.08486
-1.11082 -1.70491 -3.23419 -1.28598 1.18539 -1.03134 -1.11217 -1.66502 -3.24285 -1.31195 1.21359 -1.0404
0.358694 1.3713 1.82793 -0.415286 1.82208 -1.56799 0.360837 1.36986 1.80521 -0.440212 1.84807 -1.58302
1.28513 -0.259138 -5.41607 -1.67254 -3.98246 -3.18091 1.25015 -0.314037 -5.472 -1.72092 -4.00687 -3.18909
1.53087 -10.0508 -5.30823 3.06404 -0.883314 2.19258 1.50067 -10.0862 -5.30419 3.11532 -0.90897 2.23892
-0.863201 0.258131 -1.47611 -1.10839 1.24367 -1.36413 -0.87861 0.277762 -1.46929 -1.09021 1.25116 -1.41688
-1.16456 -2.84074 -2.86891 -0.836577 1.21486 -1.28507 -1.1148 -2.85211 -2.87337 -0.821239 1.227 -1.2886
-2.83279 -1.23305 -1.91574 0.173915 0.0828927 0.857289 -2.83322 -1.179 -1.84763 0.158705 0.0886084 0.881484
-6.33393 8.10807 3.6301 -3.92578 -2.8201 0.350087 -6.35398 8.03675 3.60025 -3.96698 -2.83918 0.337902
-8.78056 -3.42871 -6.33625 -0.884872 3.85426 -2.22469 -8.83188 -3.48497 -6.2922 -0.879036 3.87088 -2.24268
1.53413 3.36766 2.60443 -0.0779285 1.52207 -1.43532 1.50295 3.38707 2.59219 -0.0788813 1.55573 -1.45529
-2.78917 -2.13418 -2.74536 0.0993442 0.29984 -0.26227 -2.76825 -2.14604 -2.73189 0.0969861 0.269125 -0.248467
-2.04216 9.14826 6.1804 1.68686 -5.32863 1.39216 -2.08683 9.15457 6.17525 1.68103 -5.4095 1.39545
1.93443 1.92419 0.461722 -0.870402 0.0219221 -1.20153 1.96386 1.91839 0.49657 -0.879059 0.0208168 -1.17361
-1.85186 -1.9247 -2.70206 -0.130364 0.0863825 -0.0539058 -1.84748 -1.95096 -2.71731 -0.1103 0.0647187 -0.0740387
-4.67149 -3.58345 -3.17184 -0.184258 -0.560268 -0.459672 -4.71849 -3.59968 -3.20878 -0.173838 -0.546068 -0.462783
3.26726 -2.08738 10.3742 -2.75876 4.32099 -3.72542 3.19464 -2.16544 10.4215 -2.78351 4.37119 -3.76608
3.33454 -9.75116 -4.3943 1.1714 3.51725 3.6613 3.29062 -9.7351 -4.38734 1.15251 3.51856 3.68421
-3.3211 -2.03113 -2.34087 -0.969487 1.2763 -0.858645 -3.3332 -2.06943 -2.36137 -0.950035 1.22474 -0.87377
-7.69099 -1.01522 5.7532 3.0609 1.27918 4.30952 -7.75859 -1.0991 5.7365 3.08275 1.2612 4.324
-1.30464 -0.585602 0.0592928 0.434542 -0.130163 0.155166 -1.24758 -0.562299 0.0489422 0.466685 -0.148947 0.142564
0.607894 -7.07481 -0.704515 -3.69773 -4.12698 3.29245 0.54163 -7.13512 -0.728556 -3.74647 -4.16384 3.31744
-3.3076 -2.14105 -0.359761 0.0786009 -0.309769 0.0278111 -3.29883 -2.12445 -0.301968 0.0827232 -0.313349 0.0251182
-1.10331 -0.0445617 0.173883 -0.0900725 -0.0689264 0.89458 -1.04559 -0.0360268 0.234494 -0.11848 -0.0203254 0.878924
-0.774588 -0.316745 -1.04967 0.161999 0.023834 -0.229858 -0.822873 -0.318564 -1.11549 0.168337 0.0033771 -0.221778
0.373308 -0.90417 0.622443 -0.0508738 -0.168568 0.12649 0.303117 -0.947365 0.592732 -0.0456876 -0.150376 0.138951
0.674258 1.10414 2.48948 -0.226099 -0.551588 0.332657 0.723472 1.07757 2.48771 -0.173559 -0.55294 0.326128
-0.427716 1.41531 -0.324935 -0.186257 1.09299 -0.957119 -0.428661 1.38168 -0.381005 -0.203044 1.10103 -0.917569
-1.67717 -2.93861 -3.11305 -0.0591496 0.267654 -0.702664 -1.64173 -2.92524 -3.0586 -0.0795516 0.311168 -0.724587
-2.41101 -2.51592 -3.84335 -0.424103 0.0902017 0.305455 -2.45061 -2.52276 -3.8794 -0.415678 0.100668 0.288619
-2.68104 -1.36866 -2.86315 -0.439079 0.278213 -0.16227 -2.68104 -1.35995 -2.80672 -0.457454 0.279456 -0.162162
-0.552454 0.896726 -0.851674 -0.529581 1.007 -0.998885 -0.608534 0.798887 -0.989916 -0.518291 1.05048 -1.03557
-1.40372 -0.427148 -0.298881 -0.352107 -0.201452 0.18782 -1.40061 -0.406295 -0.274819 -0.367637 -0.220485 0.181104
-0.770016 -0.599855 -2.67251 -0.0289773 0.296023 -0.415166 -0.747397 -0.561289 -2.66623 -0.0250819 0.320481 -0.406282
12.1682 7.86416 15.9526 -2.40048 3.20783 0.767838 12.1922 7.86066 16.037 -2.4256 3.28737 0.777783
1.47656 1.52762 1.5413 0.337397 -0.453843 0.287806 1.51334 1.55523 1.5278 0.358285 -0.437889 0.263928
-1.79896 -1.89414 -1.61229 -0.29024 0.0663715 -0.148608 -1.80321 -1.91014 -1.61527 -0.294964 0.0550759 -0.145053
-1.04452 -0.235507 -2.6771 0.0315712 0.535551 0.522574 -1.00249 -0.180896 -2.6444 0.0778342 0.535654 0.567881
-0.620622 -1.5544 -1.46007 0.166389 0.0267219 0.403139 -0.682721 -1.54919 -1.47516 0.132089 0.0429154 0.40351
-3.31095 -1.58756 -1.20244 -0.110298 0.372621 -0.721771 -3.31981 -1.57979 -1.21559 -0.0754984 0.339491 -0.7363
-0.518721 1.84666 1.49918 -0.278666 0.459284 0.457964 -0.424004 1.89547 1.51809 -0.267448 0.444828 0.423442
-3.6296 -4.60258 -3.92751 -0.076214 -0.304629 -0.462767 -3.59759 -4.5711 -3.91484 -0.0482326 -0.287516 -0.454044
-2.08947 -2.48764 -1.11164 -0.00380119 -0.380321 -0.586406 -2.13933 -2.49752 -1.13649 -0.00917839 -0.393152 -0.547124
-1.81975 -2.57608 -1.74129 0.318245 0.285174 -0.103183 -1.79907 -2.56698 -1.73699 0.336236 0.254484 -0.0990058
-2.51266 0.0337802 -1.78959 -0.418779 -0.245592 -0.187736 -2.57925 -0.00469312 -1.78624 -0.419846 -0.248779 -0.156838
10.7377 13.376 -1.77716 0.287746 0.277725 1.10406 10.7565 13.4033 -1.84821 0.277825 0.272213 1.11965
-1.36564 -0.413917 -1.54229 -0.981175 1.29852 -0.761818 -1.37162 -0.429373 -1.54076 -0.986866 1.2696 -0.795035
-1.01658 -1.47435 -2.78414 -0.140934 0.052432 0.302406 -1.07078 -1.54393 -2.80154 -0.143158 0.0660186 0.288956
-2.90015 -1.59036 -2.62207 0.346669 0.709092 0.316995 -2.93717 -1.56589 -2.68341 0.33916 0.711932 0.317126
-2.79144 -1.90026 -2.76179 -0.462218 1.21599 -1.17205 -2.87569 -1.92066 -2.83937 -0.44262 1.21501 -1.18383
-1.22076 0.754068 -0.0828633 0.352577 -0.0694671 0.0226425 -1.22402 0.738302 -0.117573 0.359001 -0.0667599 0.0497096
-0.915403 -1.94488 -3.05737 0.0657075 0.452542 0.510733 -0.890175 -1.93707 -2.99468 0.0698089 0.462711 0.508148
-3.73829 -2.01131 -1.96761 -0.322572 -0.28251 -0.582962 -3.7294 -2.06435 -1.97345 -0.328977 -0.283176 -0.529588
-3.83373 -4.66295 -5.5425 -0.124107 0.216774 0.0989194 -3.85353 -4.68009 -5.48944 -0.129852 0.209561 0.122603
-1.58587 -1.33355 -1.62901 -0.314995 -0.339522 0.527543 -1.62633 -1.36271 -1.66957 -0.321719 -0.363406 0.556578
-0.10203 -0.462685 -2.01991 -0.536928 -0.119841 0.00491014 -0.145887 -0.447634 -2.10562 -0.518241 -0.127323 -0.0263764
15.8601 4.34298 15.0548 0.030891 4.57076 3.37799 15.8 4.30547 15.0455 0.0484353 4.61397 3.43462
-14.6793 -11.8397 -8.45905 -3.32635 2.58304 1.96119 -14.8142 -11.9764 -8.44577 -3.36452 2.60926 1.99371
-1.91807 1.19174 0.0892742 0.524195 0.121688 0.159565 -1.93514 1.18004 0.0976116 0.492413 0.141344 0.155066
0.161054 -1.38021 -0.49395 0.18078 -0.125446 -0.358235 0.15357 -1.40924 -0.494442 0.144921 -0.143781 -0.362076
-1.36641 -0.642688 -4.42232 -0.127985 0.149179 -0.249122 -1.3838 -0.64791 -4.47411 -0.137994 0.18316 -0.263065
-1.67094 -2.59576 -0.670572 0.307165 0.0244057 -0.115057 -1.61587 -2.58758 -0.62568 0.28003 0.00285774 -0.113069
0.215861 2.96238 1.47709 -0.363396 0.361218 0.391007 0.195317 2.93749 1.43738 -0.358806 0.353508 0.415978
-2.15307 -1.57174 -0.577512 0.0267876 0.479817 0.238868 -2.13801 -1.60702 -0.564702 0.017714 0.429876 0.230684
-2.38928 -2.69859 -1.06129 0.271677 0.436 0.0757624 -2.46064 -2.75701 -1.07078 0.311142 0.474916 0.0816104
-3.19783 -2.0866 -3.84743 -0.377985 -0.860339 0.163789 -3.32071 -2.10627 -3.93253 -0.34919 -0.856586 0.130594
3.09946 1.26574 1.41399 0.623825 -0.663768 -0.838124 3.12151 1.27716 1.43271 0.626866 -0.663737 -0.858569
-0.711319 -3.15067 -4.06268 0.822078 -0.0429083 0.180198 -0.718658 -3.17489 -4.06172 0.818211 -0.0361384 0.187896
-2.37866 -2.67765 -2.47274 -0.394638 -0.195886 -0.132372 -2.38723 -2.65824 -2.44142 -0.40359 -0.224364 -0.147903
0.26587 1.45292 0.826758 -0.345784 0.383737 0.11237 0.289795 1.39064 0.827968 -0.333592 0.359042 0.0923141
-1.39176 -3.38092 -3.81767 0.371806 -0.289026 0.267517 -1.37255 -3.40102 -3.86483 0.423327 -0.272169 0.217422
-1.25614 -0.0801139 0.403417 0.414625 -0.309433 0.366135 -1.20319 -0.00412643 0.462094 0.415849 -0.314708 0.371678
-0.227546 -0.759823 -2.08832 0.116664 0.554909 0.0391199 -0.293404 -0.868387 -2.15572 0.114551 0.552533 0.00405028
0.677717 -0.795243 0.56799 -0.207168 -0.822796 0.340299 0.740659 -0.772179 0.539636 -0.190209 -0.827161 0.311406
-3.81263 -4.72559 -5.17255 0.576191 0.381022 0.487325 -3.79873 -4.74046 -5.20372 0.558725 0.412857 0.471796
-0.476633 1.13141 -0.685072 0.178008 -0.173881 0.264428 -0.46437 1.16806 -0.646065 0.200529 -0.183677 0.239747
11.2272 16.9625 18.7787 3.45407 3.17455 -0.739973 11.2796 17.0819 18.9246 3.54821 3.22389 -0.730634
-1.46116 -0.918242 -0.0976822 -0.466341 0.154714 0.0602793 -1.50274 -0.921905 -0.122695 -0.478222 0.16384 0.0631475
0.221571 1.88508 0.581749 0.4871 -0.169021 -0.153138 0.243807 2.0157 0.697275 0.493161 -0.164851 -0.149738
-3.50135 -1.43458 -2.41535 0.0422842 0.0639748 0.332673 -3.49954 -1.4832 -2.47572 0.0307044 0.0628517 0.334893
2.5717 -1.17527 0.270234 0.136889 -0.351018 0.425923 2.589 -1.2028 0.278863 0.138473 -0.345878 0.426213
-2.03751 -0.700138 -0.0314391 -0.498787 0.162051 0.780124 -2.07618 -0.761043 -0.0709178 -0.525833 0.160525 0.768303
-1.5491 -2.07497 -2.84301 0.144722 -0.0283387 0.101994 -1.59557 -2.05221 -2.83757 0.140367 -0.0165113 0.0648005
2.01742 0.642944 1.49491 0.866571 -0.329033 0.0878915 1.99728 0.641909 1.46319 0.895729 -0.31713 0.0479178
-1.88462 -0.620749 -0.69982 0.759647 -0.410902 -0.380672 -1.92777 -0.690582 -0.778616 0.783239 -0.435854 -0.385722
1.9476 1.81895 1.01653 -0.306427 0.215471 -0.0515358 1.91545 1.82015 1.04368 -0.263846 0.253768 0.00692974
-2.69898 -3.06266 -1.54929 -0.141595 -0.293197 0.0397546 -2.76283 -3.13718 -1.58855 -0.127624 -0.269638 0.0621012
-2.5428 -2.03715 -3.04995 -0.0485719 -0.0911393 0.247156 -2.53403 -2.06967 -3.02061 -0.0308971 -0.0987298 0.271694
1.09234 -0.437561 0.593694 0.432703 0.224369 0.443281 1.09165 -0.446282 0.565893 0.449542 0.205285 0.468938
-0.17312 -0.329607 1.30445 -0.567769 0.0987582 -0.909852 -0.12137 -0.353165 1.336 -0.609401 0.093945 -0.902304
1.18002 -1.11781 -0.914459 0.425251 0.34188 0.0434184 1.27783 -1.08477 -0.854635 0.433272 0.358384 0.0148007
-3.74083 -3.97254 -1.30749 0.5363 -0.107093 -0.986135 -3.71832 -4.0289 -1.29084 0.540712 -0.145009 -0.991832
0.0389791 -3.74156 -0.0599393 0.379706 -0.427844 0.0227332 0.0475748 -3.73707 0.00570899 0.349134 -0.444575 0.0681963
0.802454 0.282544 -1.1866 -0.0742709 0.0580279 0.3525 0.776209 0.220462 -1.19401 -0.0715699 0.0581399 0.361845
0.0212385 0.929647 -0.318537 -0.348758 -0.0263426 0.421346 0.0473029 0.94475 -0.320572 -0.32784 -0.0513323 0.420522
-1.60498 -1.79908 -1.83233 0.17455 0.482161 -0.0688609 -1.59341 -1.8149 -1.81277 0.193367 0.4751 -0.0833907
-2.26731 -3.92838 -1.97348 -0.205374 -0.166185 1.13542 -2.32716 -3.97747 -2.00168 -0.216797 -0.185232 1.13094
0.909275 0.202757 -1.72537 0.275991 -0.657993 -0.462252 0.887084 0.192823 -1.74453 0.298778 -0.676651 -0.467076
-2.36817 -3.06614 -4.18618 -0.204986 -0.382991 0.369514 -2.35456 -3.06614 -4.14584 -0.226656 -0.416213 0.400552
-4.76668 -4.14709 -5.238 -0.444396 -0.65728 0.56029 -4.78712 -4.12366 -5.17321 -0.445711 -0.692277 0.59184
-1.63007 -3.26361 -3.41418 0.013071 0.419525 -0.433399 -1.55855 -3.21539 -3.43998 0.00736228 0.437475 -0.411973
-3.71294 -2.39584 -2.82086 -0.343988 0.499817 -0.582565 -3.71268 -2.32951 -2.77552 -0.348922 0.506538 -0.57445
-0.838831 -1.10581 -0.135406 0.383807 0.442677 0.0924428 -0.865453 -1.14384 -0.155762 0.363668 0.425085 0.127011
-1.83241 1.5133 -1.50462 -0.469218 0.598251 0.300937 -1.87055 1.55867 -1.51343 -0.479738 0.594811 0.30616
-2.43871 -3.13557 -2.5632 0.287039 -0.109692 0.768172 -2.43855 -3.11707 -2.60835 0.271189 -0.110527 0.746862
-2.82503 -3.32428 -4.2812 0.0884063 0.513613 0.119276 -2.86241 -3.34591 -4.35059 0.119983 0.493096 0.116048
-3.09613 -1.90691 -2.57455 0.203992 0.19829 0.115714 -3.16024 -1.92894 -2.59858 0.190313 0.230736 0.11384
-1.01964 -1.68232 -0.706671 -0.566998 1.34715 -1.4187 -1.0318 -1.67655 -0.684301 -0.578604 1.36091 -1.44977
1.2722 1.09616 0.946774 2.18856 -3.28228 -1.23464 1.21562 1.03663 0.892753 2.21065 -3.32427 -1.25713
2.2412 1.97217 2.17523 -0.697859 1.36569 -1.47489 2.19747 1.95566 2.19022 -0.712909 1.38585 -1.48986
1.24503 1.10922 -0.459994 2.26966 -3.38125 -1.195 1.22269 1.06233 -0.510187 2.29596 -3.42018 -1.20685
-1.65309 -0.952154 -1.5648 -0.488089 1.20438 -1.46201 -1.62682 -0.910526 -1.54096 -0.496339 1.20651 -1.4579
-2.84816 -1.96355 -2.19206 2.30676 -2.96435 -0.738712 -2.82948 -1.96104 -2.17518 2.32618 -3.01523 -0.762949
-1.45841 -1.57074 -1.79119 -0.670338 1.77999 -1.3741 -1.43149 -1.56566 -1.78043 -0.668065 1.79929 -1.36251
-0.866255 -0.397542 -2.2416 -0.443171 1.18183 -1.60025 -0.857295 -0.34308 -2.21882 -0.466474 1.19748 -1.61676
1.64333 -0.587133 1.48013 -0.675215 1.24333 -1.83152 1.59179 -0.655873 1.40648 -0.678394 1.26936 -1.83803
-0.749511 0.399583 -0.746425 -0.529376 1.28818 -1.54162 -0.768003 0.420159 -0.716125 -0.543636 1.31063 -1.56782
0.572814 1.14224 -0.316464 0.455964 -0.575083 -1.94491 0.541545 1.11592 -0.329195 0.440834 -0.604576 -1.9725
0.683364 -0.600956 -1.81079 0.950587 2.19632 2.79947 0.711341 -0.622678 -1.82546 0.941184 2.20695 2.82399
0.570586 0.885898 1.35845 -0.335601 -0.395751 0.335576 0.619814 0.934639 1.40155 -0.329519 -0.391327 0.351601
-0.260695 1.48716 0.665799 2.12526 -3.10597 -1.95365 -0.297971 1.47891 0.661388 2.12668 -3.13804 -1.95547
-0.889504 0.113146 -0.53158 2.10846 -2.74351 -1.43583 -0.836345 0.17136 -0.486657 2.08403 -2.75193 -1.44843
0.676559 0.673732 0.511003 -0.664613 1.71032 -1.27599 0.676292 0.678712 0.478313 -0.655832 1.74385 -1.29408
3.0315 2.4521 3.02717 0.619855 1.61555 2.68807 3.03068 2.43797 2.95919 0.64148 1.61136 2.72774
-0.35471 -1.63772 -1.21657 1.00824 -1.37307 -1.77841 -0.358806 -1.65929 -1.20417 1.00388 -1.40488 -1.80075
-2.44252 -1.89923 -1.57771 -0.149656 1.65603 -1.8173 -2.45148 -1.89265 -1.56442 -0.169014 1.69147 -1.818
-1.03635 -1.53884 -1.50485 0.129614 -0.620626 -1.45177 -1.04225 -1.53952 -1.52028 0.127324 -0.607401 -1.4806
-0.446333 0.368411 0.374075 0.904999 1.60941 3.00516 -0.419872 0.373697 0.406665 0.907276 1.62948 3.0409
1.04651 2.29109 2.62141 0.348579 -0.89196 -1.73318 1.07482 2.29154 2.59396 0.348298 -0.907223 -1.76744
-2.12367 -2.82195 -1.6227 0.0882299 1.39639 -1.3012 -2.0829 -2.80179 -1.59972 0.0950956 1.42909 -1.27999
-1.64615 -2.26824 -1.40767 0.236405 -0.178446 -1.78736 -1.61831 -2.22608 -1.35496 0.224623 -0.201071 -1.83036
-0.907956 0.0165887 0.801192 0.475612 1.93533 3.0065 -0.910989 0.00666287 0.802229 0.467141 1.947 3.03859
-1.49552 -1.43805 -1.85975 2.46151 -3.12753 -1.50949 -1.47779 -1.43144 -1.86853 2.48129 -3.14441 -1.51057
1.46812 1.15207 0.171086 -0.86821 0.937455 -1.71519 1.42632 1.11665 0.119044 -0.875065 0.96126 -1.74282
-3.36127 -2.27764 -1.54447 -0.354462 -0.134257 -0.121364 -3.38144 -2.26951 -1.52134 -0.368895 -0.149781 -0.0871327
2.19724 3.46561 3.83623 0.564883 1.89778 3.18344 2.30845 3.56537 3.87019 0.565916 1.94151 3.22053
-0.417363 -0.159275 -0.328362 0.430788 -0.768018 -1.54866 -0.46424 -0.189548 -0.342939 0.418226 -0.77272 -1.57187
-3.55559 -5.14607 -3.7176 1.76017 -2.58439 -0.962249 -3.54101 -5.18213 -3.72534 1.79674 -2.60737 -0.959731
-0.751632 1.29942 -0.173562 0.811715 1.74373 3.10518 -0.725857 1.33528 -0.101016 0.809278 1.72294 3.12306
-0.103289 -1.85525 -1.73386 -0.863308 1.29499 -1.37515 -0.0750008 -1.88654 -1.71079 -0.884704 1.32612 -1.42225
-1.51097 -3.32966 -1.7307 0.981077 1.75804 3.11853 -1.49492 -3.32949 -1.73196 0.984341 1.76506 3.182
-1.67091 -2.29548 -1.85424 0.674804 1.5732 2.77078 -1.65489 -2.26221 -1.79487 0.694577 1.60031 2.79092
-2.13157 -1.64566 -4.54148 -0.69152 0.897777 -1.26268 -2.08591 -1.56484 -4.48531 -0.698632 0.911233 -1.27438
0.596819 4.52785 4.21424 0.322699 2.17785 2.85698 0.658385 4.60968 4.27493 0.285881 2.18914 2.85426
-1.79367 -1.90916 -2.39318 0.268583 0.294832 0.293651 -1.83926 -1.95834 -2.38378 0.269823 0.294986 0.274672
-1.21586 -2.74679 -2.42381 0.599623 1.86003 3.2781 -1.21867 -2.74079 -2.36491 0.624528 1.88936 3.31871
-1.28296 -3.17879 -0.559084 -0.815547 1.18318 -1.21142 -1.25046 -3.13829 -0.509221 -0.789421 1.16454 -1.2336
-2.35259 -3.70601 -1.32542 -0.344363 -0.285311 -0.573292 -2.35694 -3.70274 -1.3391 -0.360692 -0.295888 -0.568447
-0.242467 2.61806 -1.12387 0.947918 -0.320215 -0.976157 -0.225391 2.62146 -1.15012 0.948753 -0.344769 -0.985
-0.523834 0.44706 0.299734 0.102178 1.97117 2.73331 -0.395096 0.54385 0.345192 0.0903907 1.99101 2.734
1.3854 -0.662312 0.0970034 -0.460096 0.282533 -0.149875 1.37703 -0.672579 0.116744 -0.438376 0.287004 -0.150725
-0.348269 -0.351561 3.55507 -2.11615 -3.09545 3.30479 -0.400757 -0.415946 3.54999 -2.16438 -3.12131 3.31408
-2.00265 -1.81113 -1.50127 1.02533 1.04475 2.6834 -1.9777 -1.7984 -1.49259 1.0379 1.07666 2.71169
-0.0523323 1.42996 0.43659 0.292574 1.43244 2.61113 -0.10193 1.41119 0.428447 0.296208 1.41344 2.66159
0.211775 3.64768 -2.12472 -1.82235 -2.58065 -4.22494 0.171717 3.61873 -2.15433 -1.84372 -2.59664 -4.27544
-1.06387 -0.0880963 0.522251 0.309233 0.467857 0.0644922 -1.08121 -0.0992739 0.533805 0.311151 0.475537 0.061108
-6.56932 -4.99696 -1.63065 2.25134 -2.02619 0.593722 -6.65019 -5.08417 -1.63382 2.28135 -2.02317 0.608674
-0.412799 -2.15067 -0.98667 -0.485699 1.46078 -1.00763 -0.371913 -2.1309 -0.973393 -0.490951 1.49105 -1.02975
-0.476302 -0.848515 0.00865815 0.373685 1.72025 2.58215 -0.487417 -0.87468 -0.00598094 0.38545 1.71194 2.63844
-1.14219 -0.947878 -2.06178 -0.889196 0.949927 -1.21759 -1.0906 -0.941213 -2.03189 -0.903465 0.933349 -1.24586
-1.26124 -1.19559 0.856092 0.155751 1.26496 -1.01847 -1.22769 -1.20769 0.842029 0.177667 1.23168 -1.02187
8.16658 4.59143 2.29439 -0.190172 1.49375 -3.78381 8.1529 4.55 2.28273 -0.220486 1.50733 -3.79919
6.341 -5.79504 -0.98858 0.149027 2.51736 -1.81837 6.27935 -5.8079 -1.0168 0.158248 2.54841 -1.85354
-1.5692 -0.868618 -1.3065 -0.960598 1.28878 -0.730304 -1.53983 -0.858041 -1.30002 -0.962487 1.29703 -0.729506
1.41683 -0.1843 1.01647 -0.0161337 1.51457 3.73584 1.44824 -0.157414 1.05209 -0.00379117 1.51718 3.78836
-0.0683483 1.03895 0.826974 0.671071 1.62194 2.68592 -0.130097 0.982278 0.757907 0.675017 1.64502 2.71647
2.01759 2.48129 1.74626 1.13265 0.905888 2.71675 2.00791 2.47329 1.68431 1.12305 0.93606 2.70047
-5.76994 -3.5257 -4.17501 0.605363 1.21031 2.35067 -5.76076 -3.51699 -4.13729 0.615116 1.23345 2.37809
-7.45669 -2.92109 -3.07371 1.78015 -3.76297 0.0833227 -7.51354 -2.9729 -3.04479 1.79945 -3.80007 0.092886
-0.0061138 -0.177129 -0.62096 1.00159 1.46049 3.42933 -0.0282952 -0.175941 -0.626513 0.994356 1.48213 3.44127
-1.50671 -4.02294 -7.66718 -3.85598 -0.746669 -3.82102 -1.49324 -4.02991 -7.69422 -3.87308 -0.754502 -3.85073
-2.31734 -2.4372 -1.26944 0.299263 0.604602 0.126116 -2.32861 -2.40511 -1.25319 0.309367 0.615138 0.0892166
-0.716215 -0.675241 -2.53158 -0.574854 0.197483 0.330959 -0.702517 -0.628097 -2.50882 -0.603213 0.215737 0.342804
-0.669481 -0.748465 -1.26279 -0.66474 0.264756 0.740271 -0.635205 -0.745661 -1.27536 -0.707184 0.258566 0.747051
-1.54233 -0.398017 0.246077 -0.425613 0.358014 0.131374 -1.53078 -0.38388 0.217064 -0.440668 0.316278 0.178316
2.36823 2.93117 2.1417 2.7481 -3.79681 -1.56894 2.35536 2.91784 2.12555 2.73705 -3.81397 -1.60729
-3.38128 -3.28752 -3.45331 -1.2667 1.27524 -1.34092 -3.40331 -3.30186 -3.44684 -1.26923 1.30649 -1.3658
-3.20806 -3.05444 -3.43453 -0.206083 1.36752 -1.40276 -3.20571 -3.05442 -3.37377 -0.200028 1.37689 -1.43745
0.550798 0.953539 -1.71542 0.306581 0.135952 0.2168 0.558905 0.948044 -1.7146 0.282523 0.135293 0.225315
0.971805 0.911027 -1.47056 0.261739 0.542227 0.17686 0.926713 0.930975 -1.49941 0.276634 0.517486 0.215916
0.545467 -1.73292 0.481054 0.153182 0.963518 -1.64406 0.586649 -1.70168 0.543665 0.166588 0.992884 -1.64409
2.7036 1.27535 -7.43141 -2.45725 -1.98873 -2.10368 2.63354 1.24826 -7.45689 -2.48854 -1.99908 -2.12377
0.64617 -1.43314 -1.70588 -0.325096 -0.048833 0.584486 0.690665 -1.34892 -1.63769 -0.320051 -0.0743055 0.554405
-6.74692 1.37466 1.0927 -3.89049 -0.0475034 2.45151 -6.76414 1.32173 1.11051 -3.93601 -0.0385565 2.47182
-1.62121 -2.30944 -1.32651 0.0984707 1.19893 -1.45807 -1.6532 -2.30852 -1.3425 0.0543814 1.2137 -1.43732
-3.22909 -3.84319 -1.81628 -0.00540342 -0.13034 -0.058986 -3.25528 -3.81588 -1.81866 0.0252554 -0.12388 -0.0295673
-2.38523 -2.69774 -2.34629 -0.813412 1.56954 -1.11035 -2.42928 -2.66166 -2.35726 -0.816011 1.5765 -1.11582
-1.35325 -1.59039 -1.152 0.365544 0.549579 0.561377 -1.33875 -1.57732 -1.15362 0.377732 0.527767 0.542067
6.8583 -6.49235 7.28205 0.175629 -3.49774 -2.56623 6.72218 -6.56209 7.19035 0.170692 -3.52195 -2.5947
-1.60847 -2.32616 0.593452 0.103201 -0.345008 0.768584 -1.67376 -2.30954 0.602386 0.113558 -0.342234 0.743185
0.542913 -9.74026 -8.71641 3.54993 -0.307767 4.02054 0.541753 -9.73309 -8.6851 3.58512 -0.31207 4.02933
-0.536194 -0.435367 -0.835667 -0.0145372 1.25802 -1.18463 -0.513926 -0.382371 -0.815065 0.00572783 1.26868 -1.22576
-0.782458 -0.762961 0.881787 -0.500799 0.754138 -1.17458 -0.789936 -0.726504 0.900374 -0.503502 0.766115 -1.21922
6.40635 -3.34668 9.37621 -2.51948 4.04467 -3.06462 6.33043 -3.38107 9.37339 -2.53624 4.04427 -3.10369
2.43022 8.11495 -2.50703 -3.63841 2.95174 -4.05554 2.47701 8.16688 -2.51735 -3.6814 2.95328 -4.05558
-0.0658073 -0.709502 -0.252869 -0.448462 -0.341939 -0.112022 -0.0942241 -0.646205 -0.236746 -0.455597 -0.360663 -0.120293
-0.481169 -0.315627 -1.24203 -0.253796 1.44881 -1.78436 -0.431526 -0.272017 -1.22251 -0.2787 1.47167 -1.76546
3.38855 5.93677 8.31784 -2.69539 -2.29574 3.43886 3.35688 5.90507 8.28272 -2.71501 -2.25274 3.43798
0.302078 0.76286 -0.521686 -0.112549 0.935401 -1.57127 0.279561 0.73943 -0.544756 -0.144036 0.939227 -1.55512
-1.15498 -0.670837 0.812256 0.181417 0.49336 0.53558 -1.19699 -0.684824 0.758658 0.169049 0.498115 0.520029
-4.05105 -3.55681 -2.94269 -0.0169069 0.0779002 0.452347 -4.06589 -3.5512 -2.9178 -0.0212256 0.0668005 0.472968
-1.36676 -1.94559 -0.942885 -0.33128 0.236058 -0.51692 -1.3361 -1.96741 -0.907218 -0.327301 0.239271 -0.495029
-0.899301 1.57073 -0.144477 0.440174 -0.45042 0.0540433 -0.90803 1.585 -0.140757 0.430588 -0.450108 0.0586662
-3.05429 -5.42523 -3.1371 0.467084 0.12805 0.241498 -3.08187 -5.40537 -3.09763 0.492486 0.138214 0.222789
1.39141 1.91428 2.96561 0.476201 -0.216086 0.072771 1.40212 1.91807 2.98932 0.476672 -0.200188 0.105057
-1.54216 -1.30521 -2.51194 -0.241034 -0.333752 -0.324147 -1.65087 -1.33597 -2.54971 -0.244257 -0.320668 -0.33174
-3.57097 -2.7581 -3.91671 0.503561 0.204628 0.0210284 -3.61983 -2.82807 -3.97954 0.472284 0.189447 0.0278479
0.133349 -0.472438 0.487418 -0.581557 0.366185 0.950439 0.142781 -0.49893 0.454113 -0.60715 0.353352 0.923412
0.315884 1.2146 -1.79491 -0.0963142 0.454211 0.112401 0.277824 1.1668 -1.82275 -0.100472 0.443243 0.123645
0.932821 0.87569 0.133426 -0.630101 0.362401 0.061096 0.973895 0.934292 0.137985 -0.60622 0.402686 0.0881124
-1.24199 -1.02454 -0.558365 0.175521 0.477456 -0.0270956 -1.22926 -1.04536 -0.595654 0.209889 0.49322 -0.0102896
1.93176 0.552925 0.948321 -0.686572 0.725369 -0.0547998 1.93867 0.597175 0.984936 -0.678691 0.702266 -0.0306279
-0.857271 0.195751 -0.315728 -0.24794 0.272369 -0.109107 -0.921447 0.161329 -0.324098 -0.289608 0.233994 -0.103855
-0.373049 -0.99271 -1.86175 -0.603079 -0.347106 0.135211 -0.356685 -0.944134 -1.82995 -0.604392 -0.349856 0.121081
10.6467 3.00917 0.234195 -3.31324 -4.26791 4.82417 10.5769 2.95284 0.141126 -3.37436 -4.28056 4.8733
-0.931272 -0.412284 0.192711 -0.162204 -0.297465 -0.183589 -0.946285 -0.425796 0.184454 -0.126563 -0.290803 -0.180229
-0.00275698 2.67771 0.230699 -0.988835 0.217721 -0.0297462 0.00200685 2.76082 0.233638 -0.961489 0.273422 -0.0468101
-1.37884 0.16438 -2.05149 0.0139166 0.0967609 0.104364 -1.3955 0.167827 -2.10886 0.00927274 0.0800547 0.0938813
-0.0142899 -1.7113 -1.29739 -0.328508 -0.509754 -0.285154 -0.0375676 -1.77208 -1.34583 -0.289635 -0.505729 -0.277851
-2.80134 -2.0646 -1.37848 -0.359936 0.126008 -0.36214 -2.83172 -2.04615 -1.41958 -0.35103 0.134379 -0.373035
-13.9317 -13.6405 -11.7475 0.710514 -0.357068 -0.596964 -14.0326 -13.7187 -11.6967 0.7178 -0.387759 -0.624678
-0.344412 1.73765 0.837851 -0.584076 -0.0175078 -0.0882988 -0.368486 1.71978 0.797252 -0.567335 -0.0388372 -0.112696
1.74434 -1.60694 -0.445033 -0.654483 0.319029 0.226541 1.72809 -1.671 -0.473578 -0.62179 0.312318 0.247327
-2.01562 -0.197562 -0.867249 0.238033 -0.424094 0.536947 -2.00024 -0.165168 -0.911108 0.216577 -0.439577 0.52143
0.772995 2.49624 2.11675 0.267983 0.265785 -0.0227741 0.729332 2.47919 2.04218 0.267075 0.307256 -0.00490492
-1.17197 -2.13203 -1.14424 -0.50788 0.358139 0.936079 -1.1637 -2.17651 -1.17893 -0.472365 0.397082 0.941996
-0.446464 -1.28791 -1.09813 0.19642 0.242316 0.660971 -0.457717 -1.33652 -1.1047 0.183084 0.255904 0.657131
0.0837846 -0.587811 0.557456 -0.944067 -0.3252 0.100803 0.0600714 -0.582343 0.499162 -0.937139 -0.288682 0.0985469
-6.46824 -10.7021 0.858501 2.84906 3.35161 1.15043 -6.60738 -10.8154 0.804663 2.86327 3.33468 1.17554
-3.96142 -1.6377 -2.51835 -0.312008 0.205635 0.144616 -3.97296 -1.64526 -2.51509 -0.317082 0.21101 0.125884
1.99706 -0.447458 -0.348724 -0.479211 1.16826 -0.801247 1.98463 -0.537973 -0.426035 -0.473858 1.16201 -0.844182
-0.456642 -0.95503 -2.45383 -0.211703 0.0448133 -0.0610671 -0.407731 -0.967255 -2.44406 -0.227788 0.060827 -0.0782108
-3.76833 -3.40207 -2.99768 0.37526 -0.405031 -0.348607 -3.81444 -3.42202 -2.96874 0.364151 -0.45686 -0.356438
-2.18109 -2.5828 -1.42767 -0.140917 0.288468 0.228903 -2.17595 -2.58969 -1.37609 -0.132065 0.268781 0.210987
1.74199 0.504997 0.697705 -0.991305 1.41809 -1.36483 1.80741 0.560282 0.758492 -0.998642 1.45099 -1.39412
1.83662 1.75538 0.28361 -0.148357 0.12119 -0.624974 1.82676 1.74915 0.333509 -0.160168 0.140416 -0.593672
2.4939 0.77756 1.35433 -0.356897 0.314013 -0.104907 2.51486 0.770752 1.29859 -0.360763 0.275002 -0.0862487
-1.01668 -4.35042 -3.56176 -0.443987 0.379798 -0.145898 -1.05139 -4.37439 -3.58599 -0.472409 0.394145 -0.139204
-10.6966 -14.1278 -11.3674 2.57302 2.81872 0.799912 -10.7711 -14.1906 -11.3395 2.61028 2.87403 0.778623
1.00198 0.209455 -1.21298 -0.611507 0.242441 0.577956 1.01215 0.141974 -1.24353 -0.582724 0.245561 0.589228
-0.240982 -2.18307 -1.96695 -0.973162 -0.0327565 -0.355017 -0.27153 -2.21688 -2.00795 -1.05975 0.0346263 -0.350825
-1.53511 0.998746 0.0603337 0.188324 0.221602 -0.314103 -1.54423 1.03253 -0.0291888 0.142604 0.244288 -0.288923
-0.227132 0.520267 -1.61762 -0.256326 -0.310243 -0.143868 -0.208542 0.535216 -1.58894 -0.261481 -0.335543 -0.129277
-0.0899229 0.614385 -0.853889 -0.474035 0.0620225 -0.201367 -0.132661 0.638366 -0.864952 -0.484467 0.105862 -0.22161
-13.8081 -13.2494 -11.9745 -2.06778 3.52483 2.42274 -13.8795 -13.2924 -11.9359 -2.10701 3.57896 2.4579
-1.34245 -0.987067 -1.17668 0.00547632 0.145669 0.0805559 -1.40775 -0.997542 -1.20501 -0.0276 0.157732 0.109477
3.06915 2.80081 1.19844 -0.104324 0.566441 -1.0373 3.06514 2.81123 1.24187 -0.0526801 0.557268 -1.06306
-1.89558 0.276726 -0.234895 0.407813 -0.0144899 0.0968495 -1.94849 0.26054 -0.285583 0.377051 0.017833 0.116136
2.97134 12.9562 15.4843 -3.56891 5.45842 -2.92402 2.96175 12.925 15.5474 -3.59308 5.5741 -2.98315
-1.60449 -1.01311 -2.12145 0.150058 -0.096426 0.210137 -1.60081 -0.9613 -2.14765 0.158918 -0.121222 0.217982
-2.61302 -2.67263 -2.97248 0.18622 -0.60229 -0.300947 -2.61211 -2.63256 -2.97499 0.186618 -0.624577 -0.260285
-2.94211 -3.29794 -4.08653 0.0751778 0.489404 0.0453698 -3.00071 -3.34399 -4.09705 0.037975 0.459428 0.0543771
-3.4601 -0.847963 -1.3061 0.14502 0.0299789 0.265662 -3.44866 -0.812647 -1.3229 0.153623 0.00423938 0.264138
-0.407149 -1.77215 -2.10833 0.438832 -0.37001 -0.473749 -0.40626 -1.78223 -2.09457 0.420754 -0.390426 -0.454508
-1.1844 -1.13427 0.379144 0.158459 0.0835787 0.396962 -1.1979 -1.12991 0.373642 0.157753 0.102472 0.389279
-2.85666 -3.97424 -2.06924 0.423745 0.430411 -0.126322 -2.84593 -4.04247 -2.08478 0.478903 0.426088 -0.158122
-1.75762 -2.42247 -3.6112 0.321278 -0.153233 0.095338 -1.68864 -2.43759 -3.63989 0.348548 -0.173481 0.0612078
0.866864 -0.00454795 -0.19507 0.0182618 -0.629997 0.0619291 0.843731 0.00705938 -0.208978 0.00981738 -0.65307 0.0630527
0.466503 0.798422 2.30128 -0.704131 0.477766 -0.0321547 0.462143 0.79227 2.28931 -0.705541 0.483546 -0.0314928
-1.53026 -1.50548 -1.59152 -0.885224 0.0685725 0.181588 -1.5307 -1.54548 -1.59023 -0.863939 0.0866223 0.235771
-1.38268 -1.24611 0.762918 0.106545 -0.358039 0.494055 -1.39655 -1.23811 0.810228 0.115801 -0.350772 0.52704
-3.36594 -2.88947 -3.26653 0.297315 -0.855254 -0.391629 -3.36212 -2.85782 -3.26562 0.27802 -0.870039 -0.401138
-1.79894 -2.83099 1.0007 0.000978122 -0.273956 -0.732481 -1.82786 -2.83462 0.987129 0.022845 -0.255122 -0.680246
-2.03301 -0.834696 -2.40052 0.0103706 -0.0725605 0.688138 -2.00541 -0.81373 -2.42008 0.00598868 -0.0663289 0.672548
-2.40975 -1.06152 -1.2153 -0.0416152 -0.499746 0.282519 -2.39074 -1.01297 -1.08785 -0.0517207 -0.480727 0.291801
0.0454373 0.495158 1.19861 0.41213 -0.15606 0.319734 0.0380459 0.452434 1.18442 0.395743 -0.144506 0.345397
-2.19561 -1.51229 -2.56231 0.0708574 0.566429 -0.419622 -2.25651 -1.52037 -2.54455 0.0956482 0.589087 -0.443052
-2.49964 -0.739328 -1.47067 0.0374036 0.840228 -0.571408 -2.5157 -0.775125 -1.55221 0.0220326 0.866262 -0.562717
-2.969 -2.82619 -2.28326 -0.302977 -0.039599 0.172058 -2.98526 -2.83352 -2.30134 -0.292708 -0.0199583 0.17908
-4.68496 -4.63081 -4.05144 0.243601 0.0354991 0.126055 -4.74116 -4.61969 -4.01625 0.225751 0.0478532 0.11846
-3.95561 -3.205 -4.19486 0.291211 0.490102 -0.142459 -4.00857 -3.2436 -4.25331 0.279292 0.499633 -0.170948
0.276476 -2.85546 -0.946723 0.343984 0.506656 0.50579 0.358184 -2.86591 -0.870829 0.272266 0.51603 0.523563
-3.26771 -2.64764 -1.95613 0.436819 -0.592068 0.641676 -3.25967 -2.60663 -1.81018 0.423019 -0.565385 0.64808
-0.732219 -0.743619 0.0750449 0.575402 -0.630289 -0.839057 -0.830586 -0.767352 0.130136 0.572918 -0.644364 -0.86516
-2.31242 -3.81655 -0.689375 0.03249 -0.0390566 0.141916 -2.40024 -3.84009 -0.748923 0.0534623 0.0126882 0.157953
-0.781642 -0.613204 -1.02481 0.406283 -5.22166e-05 -0.0463794 -0.749707 -0.561902 -0.990738 0.389346 -0.00315123 0.0184162
-4.43503 -1.90807 -1.24168 -0.346764 0.517621 -0.406049 -4.49455 -2.01562 -1.27873 -0.356882 0.53405 -0.424823
0.425303 -1.81033 -1.64568 -0.626963 0.384089 -0.517998 0.326762 -1.90098 -1.72042 -0.620538 0.390615 -0.514648
0.365037 0.084166 -1.50367 0.235619 0.0878286 0.148849 0.313051 0.0848375 -1.49663 0.234524 0.080182 0.131221
-2.64597 -2.39459 -1.30853 -0.458382 0.212476 0.27412 -2.60686 -2.33439 -1.27542 -0.44912 0.203306 0.292267
-1.69511 -2.55553 -0.933886 0.389256 -0.131217 -0.347707 -1.71886 -2.59833 -1.00393 0.411546 -0.0781565 -0.359387
-3.48134 -3.15188 -2.0021 -1.16896 -0.250119 -0.458883 -3.41637 -3.14222 -1.9921 -1.18327 -0.284513 -0.513421
-0.750718 -0.0962126 -1.37113 -0.498011 0.882725 0.423467 -0.777744 -0.0880176 -1.39678 -0.472325 0.909793 0.447645
-2.48013 -3.10279 -4.1961 -0.311077 -0.17291 -0.499314 -2.49101 -3.15139 -4.20136 -0.339283 -0.156061 -0.507491
1.3057 -0.197146 -1.39846 0.622783 0.153893 -0.354973 1.31525 -0.231767 -1.40771 0.595094 0.183186 -0.346873
-1.92578 -3.63581 -4.6347 -0.586456 0.0169836 0.0840078 -1.94532 -3.65173 -4.65997 -0.587352 0.0158609 0.11788
-3.65674 -3.80551 -3.34107 -0.139144 -0.199098 0.38299 -3.62865 -3.81925 -3.30946 -0.163488 -0.17852 0.416376
1.54437 -0.756212 0.591757 -0.710693 0.173131 -0.189604 1.61406 -0.702067 0.599343 -0.738436 0.134909 -0.159159
-2.37314 -1.17445 0.957052 0.0371757 0.379131 -0.0525383 -2.46769 -1.27328 0.902065 0.0495966 0.399855 -0.0692214
-2.14368 -2.3693 -0.240186 -0.124061 0.13447 -0.169102 -2.18044 -2.39076 -0.254267 -0.107897 0.128047 -0.202687
-0.536674 -0.83337 -1.06982 0.2667 0.188086 0.0281064 -0.494511 -0.798451 -1.07055 0.264969 0.181157 0.0631808
-1.12497 0.00186337 0.0273906 0.20458 0.349548 -0.0570644 -1.12823 0.0125114 -0.0469085 0.214146 0.361111 -0.0538634
-14.0557 -14.8624 -14.8843 1.75676 -2.91079 3.29537 -14.1701 -14.9675 -14.9412 1.76836 -2.96193 3.33666
-2.11816 0.243269 -3.27182 -0.0637092 -0.142868 -0.550817 -2.17482 0.256839 -3.24175 -0.0574161 -0.15218 -0.580946
-0.197244 -1.33511 -0.688424 -0.549102 1.29067 -1.62119 -0.169113 -1.3173 -0.713756 -0.551156 1.30371 -1.63722
-0.945479 -2.2189 -1.85834 2.05783 -3.04053 -1.39601 -0.948971 -2.23515 -1.87702 2.07663 -3.0785 -1.40286
0.825873 0.0671627 -0.204997 2.19831 -2.8145 -1.47836 0.779253 0.0317596 -0.218208 2.20933 -2.84244 -1.48854
-0.0872383 -0.297724 0.0802183 -0.575597 1.46809 -1.59069 -0.0760046 -0.271241 0.058962 -0.581283 1.48658 -1.6224
-0.381834 -0.212844 -1.46353 1.65333 -2.96495 -0.769997 -0.413998 -0.230783 -1.48173 1.69356 -2.98477 -0.801703
1.12748 0.613545 0.893242 -1.13734 1.53325 -1.24368 1.07332 0.611132 0.866572 -1.12903 1.54097 -1.25714
0.831164 0.0173672 -0.114393 1.93137 -3.38724 -1.15273 0.820251 -0.00150776 -0.135605 1.95128 -3.43746 -1.15061
2.38225 1.46891 2.42985 -0.356015 1.12112 -1.48726 2.34857 1.48688 2.39336 -0.348099 1.13331 -1.46873
0.124634 1.48386 0.523147 -0.88654 1.46297 -1.44381 0.0430224 1.39139 0.477383 -0.874418 1.44881 -1.43886
-0.826909 -0.543906 -1.03084 -0.41768 1.12062 -1.25881 -0.83417 -0.567425 -1.02127 -0.408932 1.1244 -1.27686
1.47443 0.444075 0.36513 -0.10224 1.24784 -1.09433 1.48016 0.469963 0.359275 -0.112337 1.2427 -1.0884
-2.77784 -3.21966 -2.78049 -0.453732 1.13752 -1.59837 -2.74642 -3.19335 -2.72526 -0.451729 1.15403 -1.61665
-0.148845 -0.17463 -0.230381 0.256696 -0.744494 -1.87204 -0.14114 -0.150156 -0.217755 0.259489 -0.745321 -1.89334
-1.74763 -2.73244 -3.37149 0.00363504 -0.557165 -1.31431 -1.74386 -2.73834 -3.37339 0.0244998 -0.546058 -1.32031
1.4592 1.12171 1.9542 -1.00901 1.64831 -1.40949 1.43307 1.10629 1.92195 -0.990974 1.67698 -1.42286
-1.45886 -1.49904 -1.84256 0.671194 -0.804423 -1.53471 -1.41419 -1.48681 -1.83304 0.678076 -0.804156 -1.56556
-2.57664 -1.80507 -1.85929 0.948646 1.67933 3.17414 -2.56127 -1.78719 -1.85206 0.943147 1.69442 3.21228
-2.50569 -3.21137 -2.51408 0.208674 -1.05855 -1.61008 -2.47644 -3.18931 -2.50191 0.187798 -1.06449 -1.63788
-1.28371 -2.92107 -1.31439 0.664652 2.2468 2.52403 -1.25067 -2.92807 -1.31083 0.641325 2.26464 2.57129
0.351266 1.9575 1.19799 0.739052 1.74227 3.21835 0.312148 1.92812 1.17591 0.74934 1.75675 3.24688
-2.81289 -3.60055 -3.40178 0.0674202 1.91122 3.30237 -2.75923 -3.54412 -3.39448 0.0636294 1.94678 3.30732
2.10709 0.808749 2.33762 0.688614 -0.648935 -1.47362 2.11644 0.824651 2.35814 0.693004 -0.636512 -1.51043
0.151834 -2.87283 -0.168447 0.566154 -0.874138 -2.14624 0.18519 -2.85881 -0.140835 0.542611 -0.864388 -2.15068
1.72495 -0.857254 0.892011 0.243482 -1.31061 -1.69675 1.74444 -0.836993 0.914946 0.239937 -1.3129 -1.75659
-0.539678 -0.953972 -0.669181 1.02545 1.7546 2.86074 -0.548397 -0.896681 -0.653955 1.0191 1.77198 2.88573
-0.26862 0.300623 -0.0148433 0.499121 1.43519 3.13288 -0.257779 0.279542 0.0584937 0.49761 1.47206 3.17122
-3.47706 -2.02254 -4.63739 -0.800536 1.86691 -0.982247 -3.46741 -1.97671 -4.63949 -0.793815 1.90009 -1.02126
-1.25378 -0.768921 -1.70514 -0.473053 1.22409 -1.55822 -1.21411 -0.732444 -1.68748 -0.492423 1.21162 -1.55285
0.600985 0.0788365 1.14799 0.207562 1.58035 3.35725 0.576637 0.0718418 1.1617 0.199379 1.57566 3.38913
-0.499727 -0.805514 -0.246361 0.6419 -1.41245 -1.42951 -0.465681 -0.82463 -0.24609 0.631655 -1.42824 -1.44989
-0.141009 -2.28405 -0.406708 0.484151 1.96228 3.30253 -0.139807 -2.24744 -0.419982 0.490195 1.99553 3.32688
0.899404 0.950154 2.15196 -0.726818 0.374575 -1.09275 0.86747 0.908847 2.12419 -0.726727 0.375066 -1.10279
-9.31866 -6.69027 -6.85964 0.737587 1.69109 2.94456 -9.27551 -6.64477 -6.77679 0.742532 1.70929 2.97931
-3.62973 -2.15597 -2.66367 0.985496 1.56918 2.71445 -3.66345 -2.14854 -2.65399 0.971251 1.58686 2.72596
-0.187724 -2.00234 -0.470493 0.914429 1.4286 2.51361 -0.189962 -2.00355 -0.44743 0.953156 1.45937 2.54454
-1.94711 -2.31975 -0.0882391 0.988453 -1.36215 -1.79546 -2.00784 -2.34413 -0.0948802 0.999316 -1.38617 -1.78925
7.00459 2.4382 4.9101 2.27439 1.58923 -3.04014 6.94316 2.4419 4.87398 2.25707 1.59672 -3.09594
2.48028 2.22683 2.46667 0.433263 -0.433259 -1.33413 2.4915 2.21477 2.4626 0.430734 -0.42715 -1.38262
1.24768 -0.0337731 -0.30503 0.535059 1.80519 3.13743 1.23971 -0.0134317 -0.298858 0.529726 1.81628 3.15827
0.423127 -0.410487 -1.03718 0.70625 1.80474 3.56737 0.43672 -0.387273 -1.07199 0.704451 1.86357 3.60039
0.0496358 1.06364 1.33103 -0.0299596 -0.828906 -1.50079 0.0493458 1.01765 1.27069 -0.0323766 -0.81243 -1.55126
-0.533445 -0.854219 -1.06621 0.90924 1.57385 2.85666 -0.501186 -0.747145 -1.0031 0.904007 1.58454 2.92559
-4.74352 -6.66598 2.17054 -2.62083 2.22533 0.359877 -4.8243 -6.72659 2.16841 -2.63678 2.25842 0.397977
-1.43755 -1.66718 -2.13204 0.764133 -0.602523 -1.24654 -1.46718 -1.6763 -2.14794 0.781548 -0.619961 -1.26231
-4.50333 -2.5493 -3.50947 0.747502 1.3758 2.27418 -4.52092 -2.55606 -3.492 0.746425 1.39025 2.28816
-4.42236 -0.522182 3.95127 3.28084 -0.401706 1.30924 -4.4483 -0.589273 3.9461 3.32255 -0.418781 1.28714
-2.88897 -2.61947 -3.58425 -0.365571 -0.576074 -0.447173 -2.89511 -2.61273 -3.59269 -0.363193 -0.569328 -0.443424
2.5851 -1.53138 -2.68889 -4.03861 -3.65094 -2.35683 2.53517 -1.55028 -2.73451 -4.09435 -3.7068 -2.39879
-1.15799 -1.74434 -4.23815 0.409993 1.39281 2.72769 -1.1806 -1.78454 -4.31767 0.41386 1.40162 2.75455
0.0819054 0.746995 -0.225331 0.693684 1.97173 3.65613 0.0789688 0.77485 -0.199845 0.697841 1.96292 3.66608
-1.91334 -2.20892 -2.93055 0.511014 0.00497387 -0.0713244 -1.91092 -2.14922 -2.89954 0.560284 0.0177089 -0.0420874
2.04709 1.14847 2.52505 -0.388205 0.946891 -1.18161 2.05932 1.13891 2.47131 -0.439651 0.938336 -1.20954
-1.88915 -1.31543 -0.63715 0.616702 2.03886 2.94864 -1.91901 -1.31291 -0.605512 0.596452 2.06403 2.95384
-1.34757 -1.37493 0.654946 -0.638979 1.94411 -0.856744 -1.36211 -1.35847 0.657104 -0.651534 1.9462 -0.850667
1.4061 7.03187 4.10522 1.58181 3.7207 0.471827 1.4208 7.08786 4.11339 1.60342 3.76722 0.485995
0.700602 0.1203 0.478736 1.60381 1.58843 2.60518 0.686717 0.129177 0.538621 1.61966 1.59337 2.64494
-1.03513 -2.02212 -2.29749 -0.516795 1.16674 -0.822608 -1.03166 -1.97579 -2.24844 -0.488996 1.16072 -0.854039
-0.203827 6.53354 4.35898 1.76741 -1.63867 -2.38372 -0.25969 6.46387 4.29767 1.78372 -1.67362 -2.40863
-5.87494 -5.34753 -4.65154 0.0707893 0.190053 -0.0121402 -5.88593 -5.37482 -4.67538 0.0885395 0.169313 0.0138762
2.67534 -8.42257 -2.04384 1.29777 -1.15247 -1.77444 2.64303 -8.43947 -2.0415 1.27807 -1.16921 -1.7982
0.143897 -1.57822 -0.807185 0.633856 0.680496 0.236462 0.153836 -1.57532 -0.804245 0.618268 0.728378 0.240326
1.53728 3.22268 0.144682 -0.326225 0.741805 -0.304197 1.52906 3.22244 0.140569 -0.309287 0.763956 -0.312087
-4.71279 -2.43065 -2.9282 -0.377144 -0.282821 0.231986 -4.74927 -2.40107 -2.94204 -0.388453 -0.267282 0.244491
-1.718 -3.23331 -0.901017 0.442241 1.50308 2.63627 -1.7128 -3.22232 -0.873471 0.425528 1.54419 2.68888
7.39578 6.48644 7.22893 4.50922 -0.76925 -2.50783 7.34095 6.43254 7.17483 4.55693 -0.783393 -2.54266
-4.91685 -2.60294 1.12368 2.56798 -1.23973 0.442769 -5.01002 -2.66837 1.14343 2.58163 -1.25016 0.459026
-0.0646587 0.808296 -0.0324545 0.315212 2.25564 4.10751 -0.00781773 0.82758 -0.00916537 0.319828 2.27602 4.11195
-10.6138 -0.267214 -4.55358 2.20108 -3.2852 -2.8563 -10.6293 -0.277725 -4.54271 2.2362 -3.30967 -2.87221
-2.92804 -3.02114 -2.76926 0.474163 -0.856463 0.348627 -2.92365 -3.0833 -2.79435 0.44028 -0.842961 0.374701
-8.04248 -5.51423 -4.89479 2.57603 -1.56452 -2.83244 -8.10577 -5.52401 -4.85912 2.60057 -1.56052 -2.86357
5.32511 7.11548 8.20069 1.6576 3.2951 0.507799 5.26417 7.08004 8.15431 1.70785 3.35976 0.512005
-1.57903 -0.96206 -2.60137 0.128265 1.23444 2.66128 -1.5185 -0.942069 -2.63546 0.129803 1.2714 2.67436
0.896371 0.051995 1.45691 -0.0501722 0.183988 -0.232247 0.924944 0.0799392 1.55209 -0.015241 0.148757 -0.2209
-5.11944 -7.91515 -2.69453 -0.837631 0.0897962 4.43085 -5.17344 -7.97345 -2.67718 -0.838184 0.0837933 4.4906
0.657049 -1.6711 -1.37601 -0.376115 0.328717 -0.182771 0.723937 -1.64383 -1.36384 -0.350669 0.360939 -0.195922
-2.78597 -1.81204 -3.06209 0.414987 0.142172 -0.421065 -2.8047 -1.79426 -3.03276 0.39619 0.138725 -0.39918
0.691026 2.04039 2.2009 -0.0393095 -0.373207 0.0174685 0.700894 2.03446 2.22542 0.00862924 -0.394182 0.0161655
-5.03955 -10.5638 -9.6741 -1.71432 -0.243789 -2.34607 -5.06238 -10.6238 -9.65854 -1.74263 -0.27793 -2.35936
-0.588743 8.59117 -2.31917 -1.33244 -4.23125 1.82147 -0.672079 8.49705 -2.40449 -1.34412 -4.2665 1.84019
-1.8901 -1.58379 -0.684418 0.11953 -0.323499 -0.42937 -1.92027 -1.62055 -0.712944 0.117584 -0.307302 -0.47922
-1.48628 -1.63752 -2.21316 0.385289 -0.735596 0.341137 -1.54899 -1.70233 -2.23123 0.36945 -0.71788 0.332695
-11.3234 2.15876 -7.82637 -2.55604 4.08485 3.27491 -11.3343 2.16019 -7.7949 -2.60569 4.10731 3.31545
-1.97897 -0.180697 -1.62278 0.337062 0.526679 -0.143353 -1.99889 -0.1452 -1.57882 0.315007 0.517314 -0.138042
-1.82686 -1.2012 -0.256162 -0.425107 -0.210509 0.0590634 -1.78618 -1.20871 -0.250697 -0.441059 -0.18888 0.0509546
-3.9369 -2.39587 -2.92644 -0.772057 0.792695 -1.22135 -3.95624 -2.37595 -2.93347 -0.764691 0.829482 -1.2202
-12.6139 -10.1864 -8.85545 -0.248415 -1.60643 -2.47891 -12.7016 -10.2385 -8.81637 -0.258765 -1.61829 -2.52981
-0.602195 -4.79089 -9.51712 -2.60244 -3.80925 3.03444 -0.57951 -4.7572 -9.53803 -2.62857 -3.84838 3.04877
0.0971725 1.05822 1.51221 0.397603 1.50045 -0.906811 0.0845553 1.01654 1.49758 0.410983 1.50889 -0.898395
-12.5512 -3.98951 -10.4954 0.802435 2.66021 0.685571 -12.6218 -3.97238 -10.4722 0.791122 2.67801 0.668077
-3.95551 -3.06984 -4.46978 0.210191 0.436149 -0.210496 -3.95281 -3.09049 -4.49781 0.215998 0.440567 -0.235265
1.19684 1.34797 1.18542 -0.216558 -0.309232 -0.260826 1.21127 1.34888 1.19168 -0.170449 -0.269485 -0.239323
-2.33351 -4.39597 -2.98073 -0.500319 -0.387292 -0.202555 -2.33256 -4.41174 -2.98467 -0.535411 -0.395755 -0.222571
-4.41537 -4.4896 -1.68431 -0.86166 0.949506 -0.871762 -4.44359 -4.47245 -1.66531 -0.874806 0.936119 -0.912472
-0.635413 0.911429 0.762841 -0.103078 -0.622447 0.0735718 -0.612347 0.884511 0.805449 -0.13955 -0.611746 0.0351033
-2.49041 -0.978685 -3.52243 -0.741512 1.38621 -1.47407 -2.49574 -0.9878 -3.53228 -0.702003 1.38906 -1.46298
-3.00098 -1.53371 -1.85464 -0.822636 1.45098 -0.759564 -2.9752 -1.56442 -1.91438 -0.788023 1.42785 -0.78509
-11.4832 -11.3034 -13.5108 -2.33559 0.510109 2.37438 -11.5559 -11.349 -13.5278 -2.37582 0.534115 2.41567
6.33977 2.75899 -5.7 1.42401 3.5167 0.754989 6.40604 2.75737 -5.71046 1.42757 3.54865 0.766158
-1.82793 -2.2117 -3.18906 -0.660991 0.38317 0.0511884 -1.77167 -2.14351 -3.14428 -0.627236 0.377619 0.062676
-1.0318 -2.17717 -0.998557 0.212801 -0.0153065 -0.266617 -0.982544 -2.12141 -0.943475 0.203535 0.0104575 -0.252873
1.15998 -0.26628 -0.227727 -0.16289 -0.302465 0.0306464 1.23217 -0.203947 -0.230984 -0.166123 -0.298936 0.0567251
-13.9734 -10.7083 -8.09598 0.319597 -0.0513524 -1.77077 -14.0529 -10.7503 -8.00167 0.338671 -0.0233114 -1.77315
-0.615965 0.356691 1.5341 0.766734 -0.196964 -0.304386 -0.585992 0.405655 1.58363 0.746651 -0.220551 -0.343418
-1.26486 -1.48324 -3.71546 -0.0353578 0.380704 0.326546 -1.26172 -1.54113 -3.7653 -0.030601 0.350707 0.325961
-0.219357 1.31784 0.775431 0.675009 -0.875818 0.874478 -0.22346 1.3296 0.757187 0.68374 -0.843873 0.895471
-2.71745 -2.30678 -3.9911 0.600773 0.153052 -0.29992 -2.73473 -2.32105 -4.04963 0.609111 0.135808 -0.317196
1.58165 2.47282 0.254041 -0.429585 -0.0224388 -0.34511 1.5535 2.39826 0.230397 -0.438308 -0.0332387 -0.351743
-1.56656 -2.44843 -0.229705 -0.0463776 -0.184762 0.745059 -1.63698 -2.51866 -0.273458 -0.0380993 -0.171277 0.758613
-8.06209 2.87055 -6.95678 1.578 -3.26612 -3.9462 -8.06902 2.89324 -6.92684 1.5798 -3.26636 -3.96117
8.68055 0.19724 -3.83648 5.17684 -3.05796 3.34526 8.73434 0.199214 -3.9221 5.23726 -3.08387 3.3677
-13.1301 -9.38303 -9.19061 0.590253 2.31836 3.6357 -13.2138 -9.45179 -9.21502 0.580364 2.3502 3.67123
-2.70281 -1.83897 0.407062 0.273743 -0.759369 0.620705 -2.68717 -1.78781 0.407816 0.285813 -0.77114 0.577074
0.295559 -1.77327 -0.27066 -0.223256 -0.0941629 -0.409612 0.24315 -1.828 -0.296141 -0.258735 -0.107303 -0.439398
1.17588 1.34885 1.14908 -0.238124 0.855229 -0.599377 1.17962 1.36676 1.19617 -0.234404 0.892924 -0.581201
-3.83981 -3.31014 -3.49558 -0.656441 0.123729 0.435746 -3.9062 -3.36138 -3.5267 -0.646942 0.0907741 0.435255
1.0663 0.523904 0.795119 -0.426703 -0.841644 0.871175 1.11705 0.520155 0.763832 -0.384187 -0.818781 0.856831
1.30819 0.537583 1.78798 0.662706 -0.0611128 -0.0489235 1.32803 0.578282 1.8037 0.690965 -0.056228 -0.0501832
-4.45954 -1.62704 -1.21118 0.373553 0.210324 0.313796 -4.52991 -1.65032 -1.2161 0.350814 0.181367 0.309844
3.1206 14.9492 10.213 3.41922 -0.0908025 3.39895 3.07164 14.9161 10.1675 3.47472 -0.100812 3.49182
-2.18788 -3.29821 -1.52978 -0.991749 -0.275813 0.489522 -2.22758 -3.29526 -1.54166 -0.972077 -0.275631 0.498813
-3.37112 -2.43583 -2.22212 -0.699108 -0.239883 -0.0111932 -3.33329 -2.33883 -2.15312 -0.699996 -0.20771 0.0189135
-0.199169 0.558236 -2.06093 -0.860193 0.840991 -1.45524 -0.190004 0.590792 -1.97059 -0.896422 0.845328 -1.443
-2.57705 -3.44094 -0.454801 -0.183302 -0.227626 -0.544675 -2.62464 -3.49147 -0.478963 -0.18657 -0.222912 -0.560401
-2.94244 -1.63498 -3.11524 -0.586359 -0.0389328 0.023386 -2.92769 -1.61672 -3.14052 -0.592687 -0.0151224 0.0389459
-0.829218 -1.12855 -0.913682 -0.282882 0.239122 -0.102301 -0.854996 -1.13019 -0.948712 -0.285092 0.234011 -0.0871896
-0.620644 -2.03623 1.27012 0.32139 0.00165409 -0.344647 -0.590627 -1.94177 1.30498 0.314565 0.000858168 -0.347047
-3.15332 -0.51443 -1.8073 0.206374 -0.467344 -0.33866 -3.12664 -0.530424 -1.7634 0.206322 -0.454634 -0.323306
-0.617017 0.494732 -1.19646 -0.540679 0.284032 -0.773835 -0.612467 0.444795 -1.20971 -0.526298 0.304569 -0.790693
1.84155 -2.44905 -0.033349 0.249948 0.425291 -0.321426 1.80067 -2.40832 -0.0424316 0.223573 0.442961 -0.309568
-0.726697 -1.75723 -1.62391 -0.0575785 0.116844 0.220254 -0.699181 -1.69983 -1.56159 -0.101533 0.101856 0.2104
-2.00686 -1.25442 -1.93423 -0.462097 0.0625651 0.330486 -2.03537 -1.22991 -1.89605 -0.458958 0.0473329 0.319798
-0.0036474 -0.410345 -0.553721 -0.371244 -0.415887 0.334532 -0.0156272 -0.422625 -0.531918 -0.366901 -0.439056 0.33546
-0.687107 -0.451034 -1.40538 -0.0771107 -0.169878 -0.488593 -0.776665 -0.505971 -1.46128 -0.0621021 -0.194199 -0.485542
-1.46813 1.02471 -1.05556 -0.00143821 -0.799078 -0.0397053 -1.53624 1.02484 -1.04304 0.0417266 -0.771506 -0.0341685
-2.49949 -0.207782 -2.80328 0.806402 -0.288017 0.314962 -2.47517 -0.108701 -2.75169 0.799979 -0.276773 0.309245
-3.18949 -2.10691 -1.87154 0.235079 -0.37193 -0.0648434 -3.19296 -2.12271 -1.83426 0.232579 -0.353199 -0.0983761
0.233292 -2.55521 -2.35575 -0.0792507 -0.723097 0.272422 0.160921 -2.61985 -2.40332 -0.0826183 -0.737161 0.225994
2.41969 -1.25962 0.315497 -0.687312 -0.0736871 0.578096 2.45912 -1.24382 0.318413 -0.716097 -0.0900072 0.561665
1.77573 3.33236 3.0877 0.278768 0.227851 -0.460912 1.67709 3.29208 3.05762 0.286951 0.257621 -0.447268
0.664952 0.164244 0.936069 -0.223643 -0.137456 -0.529315 0.692854 0.131839 0.945083 -0.225373 -0.146059 -0.520116
-2.21033 -1.29319 -0.554956 0.488482 0.549629 0.212794 -2.18085 -1.2333 -0.515799 0.478781 0.556902 0.157926
0.162626 -0.521262 -1.2461 0.686744 -0.288957 -0.521456 0.173622 -0.583664 -1.24589 0.660966 -0.329039 -0.479475
-13.4351 -11.8585 -13.7447 -3.3036 0.910254 1.78665 -13.5255 -11.9572 -13.7533 -3.33273 0.922565 1.80704
-2.82384 -0.737454 -1.33729 0.4557 0.316318 -0.644041 -2.80009 -0.716666 -1.29133 0.459326 0.317592 -0.626391
-1.39125 -0.966985 -1.7012 -1.08127 0.00377079 -0.362099 -1.34787 -0.959491 -1.67001 -1.08918 0.00727668 -0.364668
-13.458 -14.5559 -12.5444 0.690928 -0.751207 -2.04563 -13.5515 -14.6372 -12.5146 0.683091 -0.775507 -2.09592
-2.46926 -1.30571 -1.09882 0.470273 0.169059 0.241557 -2.5597 -1.31904 -1.08639 0.479517 0.126797 0.251352
-3.97444 -3.4154 -0.996014 0.484709 -0.0445464 0.44233 -3.98434 -3.41132 -1.00258 0.481535 -0.0785898 0.463049
1.48975 1.08916 1.3486 0.367485 -0.430621 -0.553985 1.47198 1.08474 1.31791 0.369104 -0.446523 -0.519546
2.16993 1.85653 1.91618 0.0409514 -0.0271082 -0.333318 2.20053 1.88485 1.98509 0.076275 -0.00581198 -0.289803
-0.494207 -1.35573 0.360214 0.514001 0.723315 0.253557 -0.460341 -1.29737 0.405912 0.515752 0.703031 0.247733
-2.10074 -1.58982 0.34062 0.0467197 0.542097 0.119166 -2.1002 -1.58035 0.412647 0.0672391 0.530643 0.111411
-1.39165 -0.975813 -1.72057 0.214603 -0.705285 -0.27643 -1.42618 -0.902909 -1.73469 0.178024 -0.653078 -0.259804
-3.06824 -4.28792 -3.64923 0.330662 0.487571 0.066225 -3.1014 -4.32359 -3.68979 0.34656 0.494434 0.0719769
-1.68121 -0.935766 0.720354 0.151033 0.185635 -0.424531 -1.68834 -0.878405 0.743012 0.141162 0.238403 -0.417354
2.0316 0.864797 -0.107339 -0.451268 0.420934 0.17723 1.98321 0.899695 -0.117149 -0.46158 0.415477 0.153195
-3.94122 -2.24159 -3.42327 0.361496 0.176497 -0.182778 -3.95674 -2.25259 -3.42572 0.364851 0.13142 -0.173159
-1.41577 -1.46896 1.0749 -0.263206 0.667927 0.416435 -1.42958 -1.48421 1.1249 -0.262125 0.676989 0.423232
-2.5745 1.1686 -1.73403 0.0567347 -0.329144 0.240576 -2.62246 1.13319 -1.77538 0.0500759 -0.350112 0.234536
-3.29816 -3.71555 -2.597 0.255172 0.135618 -0.182934 -3.36674 -3.75265 -2.63428 0.24834 0.114153 -0.197168
-13.4756 -13.5894 -13.8877 2.14237 0.52738 -1.96344 -13.5832 -13.6912 -13.9403 2.16466 0.549223 -2.00523
0.296984 -0.350694 -3.04343 0.0284199 -0.131908 0.170778 0.319447 -0.31483 -2.96314 -0.00259793 -0.0925097 0.172696
-3.85279 -4.2711 -2.61336 0.0115066 0.360843 -0.4818 -3.83394 -4.25357 -2.56559 0.0127431 0.372691 -0.469685
-13.416 -11.2946 -13.7711 -1.48277 -1.41547 -2.6822 -13.5371 -11.3797 -13.7883 -1.49153 -1.46758 -2.73233
0.81038 -1.07735 0.224585 0.159 -0.0776914 0.258496 0.9103 -1.00181 0.263328 0.10889 -0.0644515 0.277571
-0.290129 -1.04727 -0.511737 0.258245 -0.183288 0.236335 -0.240714 -1.01416 -0.521915 0.254346 -0.158094 0.23665
0.372341 -0.0303291 0.246881 -0.0283899 0.419369 -0.0316749 0.414828 0.0275548 0.293283 -0.023265 0.414423 -0.0300446
-2.17185 -2.23364 -0.721541 -0.317215 -0.150599 -0.810007 -2.13779 -2.21576 -0.668642 -0.327096 -0.156653 -0.820732
-0.729605 -1.54684 -2.98584 -0.406302 0.662811 0.319201 -0.753743 -1.55284 -3.00883 -0.411427 0.662606 0.321117
-1.17187 -2.32011 -0.998007 0.0515462 0.0268868 0.618401 -1.23113 -2.36007 -1.04581 0.0519055 0.0258849 0.624391
-2.22018 -1.8835 -0.803106 0.106384 -0.0490507 0.382174 -2.2707 -1.9058 -0.800978 0.154593 -0.0892888 0.368607
-5.35063 -3.06079 -1.97429 -0.0867935 -0.0777117 -0.500229 -5.3504 -3.04248 -1.95167 -0.101573 -0.0830067 -0.46489
-1.60983 -0.98864 -1.64131 0.0130011 -0.0790219 0.0520593 -1.59008 -0.982778 -1.64118 -0.013611 -0.0820214 0.0393499
2.03963 -0.094019 0.327694 -0.432786 -0.281964 -0.290317 2.04117 -0.135403 0.330344 -0.409871 -0.320932 -0.293487
-1.35196 -1.55206 -1.07257 0.239618 0.0284857 0.29139 -1.29587 -1.56531 -1.0109 0.234207 0.0487942 0.300232
0.60146 0.391602 -0.638746 -0.0127906 -0.616383 0.231772 0.592494 0.453536 -0.654636 -0.00103066 -0.642061 0.211827
-1.21284 -2.3221 -3.78579 -0.284664 -0.467192 -0.634608 -1.2659 -2.3318 -3.78271 -0.311358 -0.505378 -0.625555
1.22386 -2.17081 0.00611304 -0.43262 -1.00268 -0.0168096 1.23969 -2.1847 0.0671323 -0.464527 -1.0089 -0.0138148
0.00179783 -3.04235 -1.25236 0.501712 0.297432 -0.102362 0.0386463 -3.07102 -1.29832 0.454224 0.310347 -0.112635
0.795249 -0.722892 1.03016 -0.21786 0.714457 0.677454 0.759161 -0.706634 0.95179 -0.216356 0.738701 0.629614
-0.876405 -3.28797 -1.85141 -0.976235 0.0878769 0.24568 -0.936304 -3.31027 -1.87239 -0.979302 0.0967795 0.167251
0.24893 -2.70087 -0.184435 -0.55155 0.467338 -0.348401 0.236388 -2.73039 -0.222676 -0.557531 0.447268 -0.374045
-0.605402 0.503909 -0.74979 -0.331499 -0.265839 0.115276 -0.621133 0.5356 -0.688018 -0.35911 -0.301086 0.129898
-3.54027 -1.6865 -1.45727 0.267189 -0.220578 0.351804 -3.54245 -1.73013 -1.46675 0.273785 -0.234456 0.367443
-3.01205 -2.11247 -2.6647 0.165656 -0.302425 -0.587081 -2.99604 -2.07915 -2.61665 0.150614 -0.278384 -0.599998
0.66032 -2.01371 -0.0786959 0.331018 -0.0332701 0.58085 0.712456 -2.07974 -0.0832876 0.323198 -0.00283856 0.584036
-0.694481 -0.0816816 -1.14726 -0.208909 0.246599 -0.00416996 -0.726339 -0.116613 -1.19716 -0.198355 0.222376 0.00593662
0.121837 0.947241 0.402775 -0.873636 1.43778 -1.51613 0.131463 0.955191 0.351424 -0.868214 1.46095 -1.53647
-0.505078 -0.829371 -1.18531 2.11588 -3.1489 -1.26304 -0.526942 -0.858624 -1.19549 2.12958 -3.20245 -1.26851
-0.929607 -1.00317 -1.24511 -0.881754 1.53183 -1.47883 -0.914782 -0.974768 -1.26469 -0.889023 1.54168 -1.49233
-1.63367 -1.0602 -1.45248 2.04881 -2.75568 -1.70206 -1.64678 -1.04775 -1.4416 2.0488 -2.78279 -1.70471
-1.34459 0.0801629 -1.18114 2.41504 -3.70648 -1.58338 -1.33462 0.0889064 -1.14894 2.45054 -3.7252 -1.58493
1.19413 1.10002 0.811865 2.15145 -3.05522 -1.36635 1.21244 1.10475 0.854728 2.19346 -3.10126 -1.3899
0.850596 0.720219 -0.114494 -0.535846 0.938193 -1.60676 0.849784 0.750263 -0.119375 -0.547428 0.942973 -1.60971
-0.820937 -1.69966 -1.6543 2.51304 -3.16133 -1.47468 -0.792725 -1.68216 -1.61611 2.52748 -3.18356 -1.4784
-0.442108 -0.309473 -0.5064 2.35601 -3.38742 -1.18097 -0.412446 -0.299965 -0.494956 2.38877 -3.42224 -1.20779
-0.992984 -0.252681 -0.277093 -0.785716 0.52512 -1.58747 -0.973705 -0.21895 -0.238581 -0.783044 0.530935 -1.59529
-3.19537 -1.47866 -2.85104 -0.640695 1.48812 -1.41895 -3.23711 -1.52057 -2.85336 -0.630936 1.47227 -1.41816
0.859946 1.26436 -0.59485 -0.524935 1.04435 -1.44927 0.879175 1.29618 -0.632433 -0.495099 1.06316 -1.45981
-5.41598 -5.68696 -5.29068 -0.221578 1.42285 -1.47367 -5.40908 -5.75467 -5.28227 -0.251051 1.43295 -1.46493
0.0731374 -1.60503 -0.634246 0.779945 1.8282 2.9462 0.0965033 -1.5641 -0.604351 0.790718 1.84738 2.97884
4.41853 4.63071 3.47607 0.895715 2.6109 3.3728 4.39047 4.58866 3.39871 0.908571 2.62699 3.40548
-2.06075 -1.34062 -0.582893 1.09443 1.88088 2.965 -2.07572 -1.36559 -0.576412 1.09103 1.90227 3.00031
-0.843453 -2.25478 -3.57583 0.935183 2.26891 3.977 -0.864747 -2.26706 -3.62619 0.916057 2.28311 4.02209
-0.998867 -1.46492 -0.138542 -1.14001 0.569906 -1.37542 -1.03846 -1.44313 -0.170101 -1.13281 0.583028 -1.36888
-1.36432 -1.44697 -1.12229 -0.481946 1.21362 -1.9127 -1.32818 -1.40895 -1.09907 -0.488407 1.2426 -1.90247
-0.358222 0.653429 -0.417487 2.49382 -3.23439 -1.82414 -0.358712 0.646803 -0.427826 2.51694 -3.24185 -1.82559
-0.0918811 -0.768415 -0.740474 -0.672294 1.64021 -1.68998 -0.124303 -0.751803 -0.705422 -0.656445 1.63401 -1.69191
1.09876 1.14294 0.577757 0.198718 -0.798594 -1.79999 1.16249 1.21019 0.651187 0.169326 -0.809897 -1.81072
-1.51539 -2.30242 -2.19343 -0.900219 1.46845 -1.85735 -1.48215 -2.27641 -2.17841 -0.901399 1.47759 -1.88088
0.767115 1.15691 0.852532 0.503271 1.95032 3.14968 0.772552 1.18362 0.860332 0.50329 1.96087 3.18443
-3.24097 -3.46898 -1.70577 -0.154106 1.09859 -0.873024 -3.2269 -3.46481 -1.65495 -0.160736 1.12148 -0.876581
-0.905744 -3.03982 -1.86411 2.13502 -2.71471 -0.764294 -0.914482 -3.0477 -1.90255 2.16257 -2.72668 -0.7538
-0.960492 -2.991 -1.22999 -0.428482 1.59946 -0.930542 -0.990521 -3.0472 -1.22708 -0.441174 1.60686 -0.899325
-4.01026 -3.05937 -1.76965 0.127353 -0.586387 -1.48823 -4.05437 -3.06255 -1.74501 0.12412 -0.615561 -1.49534
-0.525063 -0.594238 1.03766 0.561806 -0.189024 0.0900661 -0.496319 -0.545049 1.08475 0.56623 -0.187905 0.0708918
-2.26613 -1.94417 -3.00302 -0.767533 1.19542 -1.6214 -2.22726 -1.95173 -2.99674 -0.771837 1.20566 -1.64372
0.2195 1.33692 -0.663598 -0.65614 -0.240441 -0.578992 0.224344 1.3573 -0.708206 -0.647467 -0.238186 -0.564567
-3.48534 -3.37566 -3.56578 0.449341 -0.621003 -1.30379 -3.50023 -3.41092 -3.58882 0.47623 -0.610892 -1.32849
-1.72017 -1.47122 -0.761196 1.15172 1.62511 3.29616 -1.78056 -1.495 -0.783612 1.14196 1.65779 3.30853
0.162973 -0.802751 -0.172967 0.054365 0.0691979 0.0886493 0.194262 -0.799706 -0.130396 0.0719532 0.0964266 0.0761613
-0.462036 -5.54241 -1.55452 -2.38152 0.459942 -2.68318 -0.496485 -5.54328 -1.53593 -2.39595 0.458599 -2.71825
-0.0903928 -1.33229 -1.37308 -0.50538 1.10832 -0.943676 -0.0818847 -1.34019 -1.33642 -0.491684 1.09185 -0.912848
-0.699003 -0.527775 1.05195 0.169306 2.09102 3.10755 -0.646282 -0.488007 1.04572 0.177606 2.10836 3.15758
-2.2412 -1.45159 -4.09688 0.537263 -0.0470352 0.142472 -2.21383 -1.4172 -4.1093 0.536504 -0.0163688 0.155092
-3.13917 -3.86606 -1.82589 0.15472 -0.320138 0.430617 -3.08569 -3.81561 -1.78291 0.119671 -0.351347 0.440861
-3.2549 -3.14718 -0.660157 -0.320898 -0.15947 -0.3716 -3.28304 -3.14859 -0.678486 -0.328194 -0.158147 -0.387
-1.35228 -2.52515 -1.94839 1.11632 1.60504 2.78652 -1.35626 -2.49146 -1.92024 1.14378 1.60005 2.79858
-2.15851 -3.86929 -2.60291 -0.462649 1.24969 -1.32057 -2.1183 -3.8677 -2.59022 -0.484434 1.25288 -1.32933
1.7566 2.24648 0.352276 -0.707005 1.35991 -0.739506 1.82074 2.31196 0.331381 -0.726414 1.34068 -0.752455
0.504023 1.14311 0.950081 -0.392327 0.315646 -0.624187 0.496715 1.12357 0.948855 -0.391492 0.294367 -0.607343
-3.84651 -2.17293 -4.11813 0.984165 2.17132 3.22382 -3.84054 -2.18474 -4.10959 0.973429 2.17841 3.23636
-4.27323 -0.55412 4.24031 -0.432553 2.06897 1.05582 -4.30213 -0.599997 4.23853 -0.393039 2.05015 1.03487
1.26476 0.858504 0.397304 -0.637973 1.31257 -1.85442 1.26302 0.830189 0.349242 -0.650275 1.31224 -1.83539
-0.845261 -1.23638 -1.23728 -0.469444 1.10776 -0.29792 -0.878065 -1.27653 -1.23959 -0.501348 1.09131 -0.325942
-1.62889 -2.65888 -2.47681 -0.806787 1.19838 -1.14885 -1.60807 -2.64309 -2.46892 -0.817236 1.23237 -1.15742
0.0733418 1.54 -0.832289 0.194542 0.0067232 -0.181519 0.0867532 1.5249 -0.830416 0.186099 -0.0224168 -0.181011
-0.261441 -1.00926 -0.860333 0.57487 1.70188 2.68115 -0.273105 -1.00571 -0.872853 0.587541 1.72642 2.718
0.178125 0.348601 -1.30633 0.406598 2.03826 2.62147 0.181018 0.3937 -1.33994 0.430908 2.02913 2.61872
-0.0978155 1.42455 0.991414 0.138815 1.76173 2.98033 -0.109447 1.39958 1.0134 0.161861 1.76949 3.01347
0.296041 0.344112 -0.23113 -0.55779 0.658946 -1.34004 0.312287 0.358482 -0.267609 -0.560407 0.661708 -1.33493
-0.700019 0.444283 0.555067 0.0693764 -0.102869 0.306664 -0.706246 0.44436 0.565545 0.0695964 -0.100522 0.293655
0.46939 0.346199 0.0136854 0.306172 -0.036576 -0.0597598 0.504472 0.382779 0.0590134 0.307414 -0.0164112 -0.0755528
2.06225 2.734 1.29514 -0.110209 -0.680874 0.482238 2.0584 2.78159 1.2779 -0.0927684 -0.691306 0.480298
2.09145 1.40868 2.24619 0.68419 -0.121233 -0.348146 2.10605 1.41023 2.27758 0.730963 -0.121455 -0.340735
1.5099 -0.0800575 -1.33689 -0.797241 0.261485 -1.07994 1.44677 -0.113795 -1.35815 -0.82278 0.261674 -1.08956
-3.59478 -3.02681 -2.88124 -0.159771 0.848089 -0.772564 -3.55195 -3.00475 -2.81662 -0.165193 0.842786 -0.749994
0.454647 -0.252196 0.0800624 0.794428 0.835712 2.60114 0.440911 -0.284981 0.0729791 0.788635 0.83808 2.62105
-0.764554 -2.61786 -1.48922 0.451731 1.68167 3.15575 -0.784203 -2.63658 -1.50986 0.441609 1.6593 3.20448
-0.980358 -0.717429 0.746606 0.188056 -0.144469 0.159736 -0.957952 -0.711387 0.787299 0.187629 -0.171841 0.200507
-7.00925 -0.186601 -5.11699 3.5181 -0.161724 -2.19607 -7.11104 -0.209454 -5.15505 3.54604 -0.151468 -2.19767
-7.84717 -1.86844 -7.56743 -1.35897 -1.47267 -1.7078 -7.88348 -1.89538 -7.57003 -1.38107 -1.45661 -1.73274
-2.11098 -1.29002 -1.08292 0.369882 0.176162 0.514904 -2.11007 -1.27567 -1.128 0.375249 0.210448 0.525465
1.49469 3.06943 11.7322 -2.30852 4.75394 0.972056 1.44835 2.99851 11.7577 -2.31878 4.83523 0.988484
-0.173349 -1.22075 -0.982553 0.461505 0.574693 -0.890568 -0.209204 -1.20906 -0.949804 0.463343 0.570011 -0.880825
-3.25095 -2.58996 -3.84314 -0.276363 1.46232 3.09072 -3.21456 -2.58806 -3.85575 -0.262723 1.49063 3.09031
4.3687 -2.43957 6.87427 1.04046 -0.3112 4.40954 4.28345 -2.52014 6.84447 1.06658 -0.302229 4.43616
-4.15339 -4.08509 -4.83774 -0.329167 -0.176686 0.45865 -4.10002 -4.05432 -4.76997 -0.359664 -0.179664 0.454131
-6.41762 2.39848 -0.457671 -2.84672 4.37269 -1.59728 -6.45167 2.35944 -0.436507 -2.90186 4.40278 -1.63055
-10.6774 -5.17951 -2.37454 -1.60541 -2.80972 -0.336513 -10.7406 -5.20915 -2.35882 -1.619 -2.82913 -0.371159
-1.67198 -2.66396 -1.58617 -0.861456 1.02541 -1.33027 -1.67876 -2.64923 -1.57877 -0.871204 1.03743 -1.29769
-1.51223 -7.874 -5.09888 3.7051 4.55531 4.93397 -1.53698 -7.90435 -5.08483 3.69676 4.58346 4.96046
-1.50995 0.861095 0.187899 -0.395469 0.639718 -0.277115 -1.44755 0.950665 0.251656 -0.401289 0.655992 -0.258952
-1.40235 -0.460007 -1.45108 0.152475 -0.232977 0.284411 -1.39617 -0.462062 -1.45079 0.149918 -0.21548 0.273807
-1.74306 -2.1329 -1.99426 -0.384266 0.982771 -1.03633 -1.73156 -2.0931 -1.99106 -0.395529 1.00502 -1.03298
10.6567 10.1819 12.649 2.00954 -3.46797 2.16549 10.6351 10.1755 12.6614 2.01552 -3.47052 2.18625
-3.89778 -2.28629 -3.70815 -0.270761 1.62662 -1.22468 -3.88226 -2.27747 -3.71534 -0.288254 1.61694 -1.24154
-2.7388 -2.09438 -2.46261 0.460719 0.453529 -0.483012 -2.77993 -2.07837 -2.4176 0.479765 0.476701 -0.447802
-1.41972 -2.14918 -8.55084 -4.39144 -3.36724 -0.937166 -1.36014 -2.12451 -8.56005 -4.44357 -3.3893 -0.945037
0.145118 -0.421103 -1.42521 -0.364475 0.134804 0.268102 0.127836 -0.436266 -1.4412 -0.409658 0.155171 0.282987
-0.870351 -2.86755 -0.351232 0.207179 0.0279336 0.0182526 -0.892461 -2.91905 -0.335278 0.202612 0.0317799 0.00553726
0.158804 -2.15854 0.0224517 0.0930689 0.335213 0.131898 0.148064 -2.16157 0.029912 0.0935191 0.320895 0.138686
-0.894922 -1.67122 -0.664711 -0.0742856 -0.271816 0.251461 -0.886972 -1.59425 -0.641565 -0.0807897 -0.291287 0.296717
-3.60031 -2.24369 -2.46424 -0.663195 1.66843 -1.36941 -3.59188 -2.21825 -2.44183 -0.647916 1.69113 -1.37165
-1.65057 0.850796 -0.675766 0.0107006 -0.00304187 -0.655138 -1.69457 0.894129 -0.662344 0.0394298 0.00477512 -0.667551
5.98355 6.77701 -1.28512 -3.80464 4.07914 -0.95935 5.87341 6.72452 -1.38695 -3.86992 4.1035 -0.94952
-1.86465 0.174423 1.26725 0.562799 -0.169038 1.2378 -1.84205 0.25891 1.32652 0.559507 -0.166619 1.23721
-0.809654 -2.18433 -2.6171 -0.437155 0.113614 -0.143902 -0.823981 -2.16158 -2.63849 -0.454899 0.0906529 -0.136191
-1.04028 -0.801781 -0.989546 0.334978 0.333236 -0.24894 -1.05631 -0.779102 -0.960986 0.309747 0.371022 -0.258926
10.6741 1.57353 11.5654 -0.287531 -1.99558 -3.09222 10.5404 1.54321 11.5418 -0.339359 -1.99492 -3.1292
-0.64598 -1.2314 -1.5149 0.782293 -0.0783476 -0.237675 -0.598526 -1.24299 -1.53094 0.751217 -0.0884812 -0.231363
-2.13947 -0.801462 -0.897778 -0.128685 0.69819 -1.16647 -2.12356 -0.777519 -0.914063 -0.110128 0.719227 -1.17328
0.339192 -0.980064 -0.189088 0.245594 -0.421381 -0.0419659 0.386583 -0.943951 -0.141187 0.260186 -0.410133 -0.0417657
-1.74972 -1.22104 -1.11211 0.043863 1.10678 -1.17894 -1.69002 -1.20523 -1.07816 0.0724589 1.12254 -1.20115
-2.4749 -0.432729 -1.19563 0.28035 0.386062 0.343082 -2.51067 -0.428174 -1.19089 0.298844 0.383679 0.350211
-2.3745 -2.93046 -2.68058 0.15715 -0.0535209 -0.227584 -2.34119 -2.95522 -2.67064 0.157303 -0.045003 -0.245413
-1.78389 -1.71928 -4.37626 -0.773013 0.387106 -1.31072 -1.81091 -1.74808 -4.41324 -0.79239 0.40169 -1.28859
1.05239 1.93809 1.18899 0.208299 -0.076513 -0.536779 1.04346 1.96557 1.23889 0.192971 -0.0587918 -0.522771
-4.34569 -4.55797 -4.8419 -0.924653 -0.247957 0.470632 -4.36008 -4.63143 -4.88358 -0.93882 -0.250298 0.443431
-3.77847 -1.10748 -3.36528 0.259391 0.464804 0.298054 -3.81181 -1.15123 -3.38142 0.262464 0.469725 0.303294
0.425661 -0.587047 -0.665803 -0.158075 -0.348726 -0.110733 0.432546 -0.595293 -0.671836 -0.141053 -0.356325 -0.124599
-1.75618 -2.66816 -0.665622 -0.228798 -0.399227 0.344229 -1.73301 -2.69092 -0.633667 -0.215356 -0.387752 0.314037
-3.31059 -3.94209 -4.11145 -0.690106 0.428119 0.784662 -3.28614 -3.94187 -4.13112 -0.720164 0.435823 0.81584
12.7536 8.37632 13.842 -3.15371 -1.30438 1.55351 12.7444 8.32042 13.801 -3.2193 -1.33032 1.57915
-0.143535 0.286435 -0.899401 0.148597 0.327353 0.224891 -0.180227 0.294097 -0.909192 0.136562 0.323637 0.240626
-0.450897 1.21157 0.95779 -0.0797908 -0.161153 -0.932856 -0.423924 1.2202 1.00465 -0.0707902 -0.156046 -0.944809
-5.07259 -5.442 -5.41413 -0.38832 -0.0627907 -0.430102 -5.03663 -5.40324 -5.34306 -0.337476 -0.0467025 -0.445888
-0.206582 -1.6916 -3.15741 0.52404 0.202852 -0.00895108 -0.180072 -1.69508 -3.16643 0.498555 0.193423 -0.00743009
3.40353 -0.12019 1.79402 0.555964 -0.206174 -0.772708 3.47136 -0.0526629 1.81072 0.595635 -0.230137 -0.768438
-1.04789 -0.0526466 -0.282461 -0.664052 -0.372721 0.663184 -1.01094 -0.029967 -0.288795 -0.637366 -0.376892 0.634093
16.0361 11.8379 5.84437 3.87507 -4.93861 1.66473 16.0204 11.8668 5.82209 3.95341 -4.97251 1.68099
-2.15953 -2.81355 -2.24589 0.260496 -0.153598 -0.494531 -2.14365 -2.78672 -2.24353 0.262631 -0.15808 -0.484962
-0.406343 -0.282255 0.414611 0.188483 -0.270535 -0.291074 -0.342464 -0.224352 0.51112 0.179601 -0.298251 -0.31102
0.557622 -0.393794 1.11491 -0.0193041 -0.0700745 0.093588 0.49256 -0.443491 1.07085 -0.0556214 -0.0839016 0.10902
-0.996358 -0.766437 -0.497427 -0.185836 1.75399 -1.41062 -0.990908 -0.789835 -0.500578 -0.184863 1.76846 -1.41986
-4.15248 -2.1247 -3.11893 0.320438 -0.606788 0.0670221 -4.16073 -2.14566 -3.08728 0.316245 -0.60086 0.065615
-3.15577 -2.54795 -2.66832 -0.150217 0.0452068 -0.189625 -3.11943 -2.50239 -2.61894 -0.127413 0.0582119 -0.216638
-2.80223 -2.51422 -1.90256 0.0692834 -0.379019 -0.208576 -2.83252 -2.47749 -1.86016 0.0749148 -0.383566 -0.214253
-2.68083 -2.44021 -1.63845 -0.831685 1.40973 -0.780589 -2.65083 -2.42454 -1.60522 -0.828614 1.42293 -0.768812
-1.93307 -2.536 -0.344013 -0.245272 0.488102 -0.143511 -1.93289 -2.56089 -0.394157 -0.275864 0.495494 -0.139439
0.412847 -1.02806 -1.2104 -0.137537 -0.41034 0.698493 0.429795 -1.04144 -1.19578 -0.124933 -0.416882 0.713015
-4.51087 -2.95253 -5.09673 0.0177774 0.64379 -0.0821353 -4.51037 -2.9725 -5.12093 0.0250964 0.644992 -0.0911582
0.0443059 0.879744 -0.17875 -0.207061 -0.503932 0.24455 0.074158 0.899537 -0.167416 -0.204145 -0.555928 0.257125
-1.33056 -2.74071 -1.61393 0.251243 -0.120173 0.0878425 -1.35033 -2.77874 -1.66423 0.270035 -0.125179 0.09646
-0.147246 -0.277677 -1.10678 -0.3669 0.351193 0.800955 -0.13498 -0.268047 -1.07732 -0.366527 0.385748 0.817046
-3.20166 -4.76609 -3.97408 0.68186 -0.0596616 -0.572694 -3.25985 -4.78519 -3.94056 0.692174 -0.0603378 -0.611393
-2.60336 -2.23328 -2.13565 0.873494 -0.599025 -0.129712 -2.58231 -2.18897 -2.10518 0.893382 -0.627592 -0.115456
13.8193 17.885 5.82733 -0.950303 -0.897592 1.46285 13.784 17.8308 5.70164 -0.979857 -0.905546 1.50053
2.11766 0.703428 -0.46056 -0.71728 -0.0709934 0.673881 2.22374 0.761487 -0.433776 -0.700532 -0.0523601 0.649536
-1.5707 -3.11528 -2.14628 -0.446674 0.57611 -0.0439669 -1.65523 -3.19678 -2.16571 -0.455194 0.57439 -0.00844891
-3.06223 -1.59231 -2.41028 0.16493 0.383748 -0.521006 -3.0326 -1.59258 -2.3582 0.143796 0.411142 -0.544168
-4.56399 -3.8827 -2.62425 0.284037 -0.974054 -0.136003 -4.60059 -3.91392 -2.63923 0.280243 -0.951392 -0.151465
0.940613 0.0949989 -0.78216 -0.275106 0.459689 0.22714 0.894145 0.0670456 -0.808955 -0.294853 0.477037 0.218013
-4.05582 -1.31702 -1.86533 0.294448 -0.251257 0.0368004 -4.12151 -1.35412 -1.88329 0.320447 -0.254532 0.0840484
-0.757571 -0.504942 0.0674932 -0.145599 0.0763572 0.392806 -0.776301 -0.48747 0.0230485 -0.141772 0.0798794 0.43025
0.194607 -0.0348165 1.10753 -0.763542 0.00626778 -0.240682 0.142961 0.00751033 1.11902 -0.785427 0.0426509 -0.240745
-2.74929 -3.77699 -3.75497 -0.332988 -0.445359 -0.543672 -2.70979 -3.80376 -3.80374 -0.336731 -0.449882 -0.535999
0.704141 -0.831704 -1.05131 0.224096 0.545863 0.604487 0.658638 -0.798016 -1.02738 0.206786 0.563306 0.650367
2.00142 0.797757 -1.04666 0.226173 0.623105 0.197567 2.03672 0.766071 -1.00816 0.240799 0.613425 0.155127
-1.24203 -2.79543 -0.846509 0.810773 -0.397114 -0.19478 -1.20858 -2.8101 -0.821679 0.858397 -0.394607 -0.184211
-0.956485 0.89144 -0.934327 -0.303353 -0.0279479 0.207709 -1.00987 0.870719 -0.932994 -0.26372 0.00989585 0.217188
-0.130576 -1.88339 -2.06071 -0.777644 -0.208841 0.383755 -0.0655727 -1.83761 -2.08246 -0.810971 -0.191784 0.360303
1.54921 0.493119 2.75047 -0.828361 -0.293877 -0.629465 1.64149 0.53475 2.80759 -0.802231 -0.314414 -0.616172
-0.135216 0.452487 -1.86343 0.10344 0.207189 -0.516352 -0.125039 0.471042 -1.88246 0.0847694 0.215827 -0.484975
-2.82798 -0.311953 -1.93289 0.180372 -0.108451 0.0804632 -2.81854 -0.278623 -1.93771 0.183395 -0.109203 0.112008
-12.65 -9.30237 -7.9641 3.53415 -1.72891 2.29414 -12.7293 -9.37739 -7.91817 3.60238 -1.7441 2.32196
-14.9174 -11.6285 -14.5928 2.33432 0.717808 1.33274 -14.9903 -11.6713 -14.6232 2.36457 0.72687 1.36524
-3.90519 -4.05659 -2.48467 0.255532 0.308315 -0.34595 -3.93924 -4.05525 -2.47132 0.237171 0.272293 -0.395928
-0.848175 -0.417482 -0.545127 0.258736 0.273014 0.369537 -0.837674 -0.43434 -0.557948 0.214872 0.291821 0.393026
-0.430498 -2.27739 1.54299 -0.78372 0.266807 -0.0188463 -0.459927 -2.28504 1.54443 -0.822185 0.247248 -0.0139161
-0.813153 -0.0654264 -1.04138 -0.31815 0.401557 -0.00164201 -0.795786 -0.0725087 -1.01611 -0.324007 0.440904 0.00455703
-1.98277 -2.53062 -2.08472 0.308881 0.49645 -0.836149 -1.96373 -2.52831 -2.12512 0.345408 0.496112 -0.860877
-1.21269 -2.45015 0.387388 0.152628 0.338757 0.250383 -1.23009 -2.48456 0.342536 0.17093 0.300236 0.289359
-4.43212 -1.77389 -4.38071 0.0553551 0.272472 0.173281 -4.50625 -1.806 -4.43398 0.0373696 0.284327 0.19557
-2.76012 -0.824914 -1.42757 0.527234 -0.0388843 0.192021 -2.75762 -0.788524 -1.41505 0.555952 -0.0967094 0.221263
-2.95487 -2.85978 -0.207916 -0.512511 0.427319 0.261226 -2.98528 -2.8533 -0.193819 -0.494847 0.459823 0.249466
0.938378 0.971688 1.30697 -0.0673936 -0.528496 -0.189076 0.878183 1.0223 1.34566 -0.0903739 -0.513028 -0.194173
-0.928804 -2.15416 -0.383888 -0.0324556 0.27907 -0.489031 -0.928591 -2.21333 -0.414641 -0.0269144 0.247702 -0.504435
-0.184381 -1.00473 -1.26772 0.0987828 0.180323 -0.102212 -0.143712 -1.00673 -1.26325 0.104479 0.178458 -0.107683
-1.14837 -1.62125 -2.60952 0.218356 -0.225165 0.173212 -1.21427 -1.57268 -2.62852 0.198686 -0.195197 0.136822
-14.6152 -12.7118 -8.6477 2.5823 2.88982 1.68126 -14.7579 -12.823 -8.58403 2.61409 2.92457 1.68105
0.523911 1.34636 0.426597 -0.714812 -0.645585 -0.770935 0.506298 1.41141 0.419024 -0.689604 -0.628632 -0.799628
-1.22878 -0.963323 -2.27019 0.00866461 -0.413645 0.0943474 -1.23193 -1.01313 -2.27821 0.021438 -0.403141 0.0892315
-2.62795 -0.627397 -0.509648 -0.255921 -0.353675 -0.277937 -2.61426 -0.601856 -0.544787 -0.277165 -0.366012 -0.280758
-2.9423 -2.35609 -1.79201 0.202724 0.152406 -0.00264393 -2.96013 -2.35479 -1.80627 0.221878 0.170508 -0.0470868
-2.92541 -3.93492 -3.66513 0.24458 0.220927 -0.589797 -2.94274 -3.96527 -3.73065 0.274546 0.229203 -0.584404
-1.9198 -1.47973 -1.26316 -0.605856 0.0390333 0.333558 -1.94237 -1.45205 -1.27712 -0.600307 0.0348647 0.327266
-3.31118 -3.45182 -2.25933 -0.173021 -0.239306 0.019952 -3.33946 -3.41832 -2.32676 -0.166705 -0.200678 0.00183226
-0.909636 -1.86918 -0.0215239 -0.290552 0.128352 -0.54776 -0.965158 -1.90024 -0.0749278 -0.301465 0.144473 -0.588453
2.47538 -0.122686 -2.23438 0.0840685 0.0462232 -0.624524 2.41781 -0.0742508 -2.22786 0.0728197 0.0257625 -0.615063
-3.49045 -3.88087 -1.81913 -0.798767 0.542218 0.500259 -3.50295 -3.83571 -1.86349 -0.806214 0.519051 0.460599
0.0640855 -1.40902 0.681253 0.137965 -0.140832 0.724456 0.0554977 -1.35773 0.703184 0.141348 -0.114075 0.755656
2.479 0.829686 1.46327 -0.00817863 0.5105 -0.306551 2.48884 0.788383 1.46453 0.0109386 0.480801 -0.29076
-1.27701 -0.138924 -0.351485 -0.849108 0.672743 -0.656307 -1.30755 -0.0922907 -0.341704 -0.867086 0.687505 -0.675031
-1.54167 -1.38292 -1.60746 -0.152442 -0.405868 -0.24982 -1.58495 -1.34821 -1.63362 -0.134754 -0.402488 -0.213354
-3.53048 -1.5361 -2.50291 0.213654 -0.171573 -0.436548 -3.5796 -1.48726 -2.47261 0.231761 -0.191838 -0.454126
0.107254 -0.861877 -0.00227137 -0.326204 -0.228018 0.319003 0.129748 -0.81276 0.00334773 -0.347302 -0.21932 0.338425
-0.630689 1.507 0.353654 -0.257559 -0.513832 -0.00620616 -0.616191 1.6172 0.385284 -0.224004 -0.492575 0.0109392
-1.57883 0.21511 -2.77483 -0.292923 0.60371 -0.350427 -1.54781 0.28374 -2.77497 -0.301065 0.618406 -0.357615
-1.73086 -3.55799 -0.456296 0.253852 0.292246 -0.232844 -1.72101 -3.66073 -0.512311 0.269524 0.321362 -0.235928
0.0821424 -0.375156 -0.345319 0.115899 -0.676074 -0.09917 0.0493202 -0.37077 -0.328479 0.0879935 -0.664425 -0.091027
-0.948169 -3.69736 -1.5044 -0.170058 -0.0535098 0.184666 -0.931751 -3.67171 -1.45715 -0.183209 -0.0276555 0.161041
-1.62524 -0.687564 -1.67983 -0.0301823 -0.329399 0.325595 -1.61754 -0.661634 -1.70348 -0.0341736 -0.349746 0.35022
