-7.31837 -7.31848
-7.308 -7.30793
-7.32916 -7.32925
-7.33613 -7.33612
-7.32076 -7.32092
-7.31939 -7.31941
-7.32987 -7.33008
-7.31902 -7.319
-7.32566 -7.32571
-7.28976 -7.28988
-7.329 -7.32908
-7.33027 -7.33027
-7.2823 -7.28243
-7.33843 -7.33846
-7.33293 -7.33274
-7.32408 -7.32411
-7.30139 -7.30125
-7.34274 -7.34278
-7.3262 -7.32607
-7.28245 -7.2823
-7.31322 -7.31333
-7.31945 -7.31948
-7.26332 -7.26357
-7.32306 -7.323
-7.33031 -7.33016
-7.32521 -7.32536
-7.28401 -7.28397
-7.32174 -7.32178
-7.33026 -7.33031
-7.30934 -7.30947
-7.32301 -7.32326
-7.3192 -7.31918
-7.3335 -7.33344
-7.3423 -7.34227
-7.30626 -7.30613
-7.29464 -7.29461
-7.32866 -7.32874
-7.32962 -7.32955
-7.34242 -7.3423
-7.32606 -7.32586
-7.31465 -7.31489
-7.3065 -7.30655
-7.34261 -7.34247
-7.31715 -7.31745
-7.33674 -7.33675
-7.29182 -7.29198
-7.31396 -7.31409
-7.32073 -7.32078
-7.34496 -7.34493
-7.33108 -7.33112
-7.32822 -7.32813
-7.29492 -7.29465
-7.30836 -7.30839
-7.35271 -7.35257
-7.3495 -7.34965
-7.2906 -7.29031
-7.32167 -7.32159
-7.29142 -7.29132
-7.3339 -7.33394
-7.30964 -7.30992
-7.30423 -7.3042
-7.33637 -7.33638
-7.33185 -7.33208
-7.31908 -7.31902
-7.3023 -7.30241
-7.33563 -7.33568
-7.31983 -7.31971
-7.32824 -7.3284
-7.3203 -7.3202
-7.32281 -7.32325
-7.28666 -7.2865
-7.32678 -7.3266
-7.31918 -7.31927
-7.32152 -7.32169
-7.34261 -7.34233
-7.31463 -7.31455
-7.31878 -7.31871
-7.32796 -7.32813
-7.29312 -7.29271
-7.29754 -7.29754
-7.31734 -7.31762
-7.32545 -7.32532
-7.33195 -7.3318
-7.32459 -7.32452
-7.29774 -7.29773
-7.31552 -7.31556
-7.32802 -7.32804
-7.30677 -7.30627
-7.33802 -7.33821
-7.30894 -7.30876
-7.33264 -7.33278
-7.34345 -7.34347
-7.32695 -7.32693
-7.32755 -7.3277
-7.31521 -7.31528
-7.34086 -7.34063
-7.34264 -7.34271
-7.29514 -7.29497
-7.33689 -7.3369
-7.31331 -7.31301
