-7.46199 -7.46182
-7.4571 -7.4572
-7.45303 -7.45327
-7.44353 -7.44366
-7.43644 -7.43624
-7.43237 -7.43184
-7.42126 -7.42178
-7.41846 -7.41847
-7.40865 -7.41032
-7.40303 -7.40363
-7.387 -7.38776
-7.38264 -7.38173
-7.3766 -7.37798
-7.37533 -7.37466
-7.36906 -7.37077
-7.36897 -7.36892
-7.36677 -7.36663
-7.36391 -7.36431
-7.36213 -7.36292
-7.36154 -7.36154
-7.36121 -7.361
-7.36014 -7.36005
-7.35847 -7.35881
-7.35796 -7.3575
-7.35622 -7.3569
-7.35596 -7.35609
-7.35462 -7.35522
-7.3547 -7.35474
-7.3541 -7.35363
-7.353 -7.35284
-7.35203 -7.35219
-7.35136 -7.35157
-7.35121 -7.35111
-7.3501 -7.35032
-7.35031 -7.34981
-7.3492 -7.34929
-7.34851 -7.34794
-7.34701 -7.34661
-7.34636 -7.34588
-7.34564 -7.3449
-7.34358 -7.34343
-7.34055 -7.34056
-7.34002 -7.33918
-7.33793 -7.3372
-7.33614 -7.33582
-7.33522 -7.33461
-7.334 -7.33384
-7.33348 -7.3332
-7.33205 -7.33211
-7.33182 -7.33138
-7.32922 -7.33036
-7.32857 -7.32893
-7.32912 -7.32784
-7.32847 -7.32705
-7.32636 -7.32594
-7.3247 -7.32457
-7.32279 -7.32284
-7.32227 -7.32119
-7.31985 -7.31967
-7.31852 -7.31755
-7.31607 -7.31663
-7.31509 -7.31446
-7.3126 -7.31261
-7.31096 -7.31093
-7.30872 -7.30937
-7.30928 -7.30845
-7.30654 -7.30688
-7.30621 -7.30578
-7.30498 -7.30445
-7.30365 -7.30348
-7.30101 -7.30211
-7.30152 -7.30148
-7.29988 -7.30067
-7.29873 -7.29915
-7.2977 -7.29751
-7.29713 -7.29669
-7.29672 -7.296
-7.29577 -7.29564
-7.2948 -7.29496
-7.29355 -7.29403
-7.29405 -7.29364
-7.29358 -7.29327
-7.29333 -7.29262
-7.29178 -7.29222
-7.29116 -7.29173
-7.29132 -7.29151
-7.2907 -7.29102
-7.29004 -7.29039
-7.2888 -7.28976
-7.28921 -7.2894
-7.28984 -7.28895
-7.28882 -7.28867
-7.2879 -7.28829
-7.28844 -7.28791
-7.28823 -7.28707
-7.28623 -7.2867
-7.28612 -7.28639
-7.28643 -7.28552
-7.28383 -7.28502
-7.28366 -7.28465
-7.28368 -7.28431
-7.2841 -7.28403
-7.28453 -7.28385
-7.28361 -7.28353
-7.28393 -7.28323
-7.28319 -7.28267
-7.2818 -7.28225
-7.28061 -7.28172
-7.28001 -7.28155
-7.28062 -7.28126
-7.28008 -7.28098
-7.28095 -7.28057
-7.27946 -7.28035
-7.27908 -7.28001
-7.27968 -7.27975
-7.28038 -7.2791
-7.27727 -7.27869
-7.27875 -7.27814
-7.27841 -7.27785
-7.27735 -7.27762
-7.27673 -7.27731
-7.27618 -7.27691
-7.27725 -7.27652
-7.27618 -7.27602
-7.27601 -7.27556
-7.27594 -7.27509
-7.27514 -7.27441
-7.27333 -7.27405
-7.27356 -7.27379
-7.27261 -7.27338
-7.2727 -7.27302
-7.27395 -7.27271
-7.27022 -7.27235
-7.27179 -7.2721
-7.26975 -7.27148
-7.27145 -7.27134
-7.2705 -7.27113
-7.27109 -7.27072
-7.27027 -7.27052
-7.26993 -7.27002
-7.26836 -7.2695
-7.26891 -7.26914
-7.26814 -7.2689
-7.26764 -7.26827
-7.26827 -7.26772
-7.26835 -7.26749
-7.26702 -7.26724
-7.26685 -7.26689
-7.2675 -7.26643
-7.26643 -7.2662
-7.26562 -7.26569
-7.26677 -7.26536
-7.26416 -7.26505
-7.26482 -7.26466
-7.26298 -7.26431
-7.26397 -7.26404
-7.26323 -7.26364
-7.26255 -7.26345
-7.2628 -7.26292
-7.26259 -7.26248
-7.26299 -7.26197
-7.26196 -7.26147
-7.26153 -7.26104
-7.26057 -7.2604
-7.25962 -7.26004
-7.26068 -7.25957
-7.25808 -7.25919
-7.25794 -7.25844
-7.25801 -7.25803
-7.25714 -7.25735
-7.256 -7.25666
-7.25629 -7.25612
-7.25574 -7.25533
-7.25343 -7.25483
-7.25405 -7.25404
-7.25326 -7.25296
-7.25145 -7.2522
-7.25093 -7.25152
-7.25001 -7.25034
-7.24886 -7.24911
-7.2479 -7.24671
-7.24504 -7.24312
-7.2387 -7.23932
-7.23213 -7.23297
-7.46176 -7.46177
-7.45694 -7.45711
-7.45261 -7.45257
-7.44324 -7.4429
-7.43516 -7.4349
-7.4307 -7.43093
-7.42044 -7.42132
-7.41882 -7.41796
-7.40987 -7.40961
-7.40276 -7.40356
-7.3857 -7.38708
-7.38217 -7.38154
-7.37761 -7.37738
-7.37356 -7.37423
-7.36999 -7.37074
-7.36914 -7.36881
-7.36618 -7.36638
-7.3625 -7.36427
-7.36301 -7.36267
-7.36173 -7.36149
-7.36039 -7.36087
-7.36039 -7.35998
-7.35884 -7.35848
-7.35707 -7.35745
-7.35659 -7.35678
-7.35668 -7.35603
-7.35568 -7.35519
-7.35447 -7.35464
-7.35403 -7.35361
-7.3523 -7.35273
-7.35216 -7.35214
-7.35189 -7.3515
-7.35024 -7.35111
-7.35011 -7.35031
-7.34879 -7.3498
-7.34967 -7.34922
-7.34761 -7.3479
-7.34652 -7.34658
-7.34539 -7.3458
-7.34466 -7.34488
-7.3435 -7.34334
-7.3413 -7.34052
-7.33879 -7.33889
-7.33648 -7.33703
-7.33627 -7.3358
-7.33459 -7.33458
-7.33469 -7.33379
-7.333 -7.33302
-7.3312 -7.33205
-7.33256 -7.33124
-7.32994 -7.33033
-7.33026 -7.32889
-7.32999 -7.3278
-7.32717 -7.32698
-7.32579 -7.32585
-7.32459 -7.32451
-7.32243 -7.32257
-7.32045 -7.3209
-7.32018 -7.31963
-7.3176 -7.31749
-7.31604 -7.31579
-7.31495 -7.31415
-7.3135 -7.31253
-7.31161 -7.3109
-7.30955 -7.30929
-7.3081 -7.30843
-7.30695 -7.30684
-7.3066 -7.30565
-7.30446 -7.30427
-7.3033 -7.30343
-7.30255 -7.30208
-7.302 -7.30121
-7.30061 -7.30041
-7.2974 -7.29873
-7.29647 -7.2974
-7.29561 -7.29658
-7.29657 -7.29598
-7.29569 -7.29564
-7.29469 -7.29482
-7.29421 -7.29398
-7.29325 -7.29364
-7.29305 -7.29308
-7.29325 -7.29256
-7.29171 -7.29205
-7.29088 -7.29169
-7.29156 -7.2915
-7.29186 -7.29098
-7.29083 -7.29036
-7.28931 -7.28974
-7.29018 -7.28937
-7.28896 -7.28894
-7.28786 -7.28862
-7.28812 -7.28827
-7.28814 -7.28784
-7.28779 -7.28704
-7.28739 -7.28668
-7.28743 -7.28638
-7.28533 -7.28546
-7.28375 -7.285
-7.28484 -7.28463
-7.2837 -7.2843
-7.2833 -7.28402
-7.28403 -7.28385
-7.28457 -7.28351
-7.28269 -7.28308
-7.28234 -7.28267
-7.28261 -7.28221
-7.28127 -7.28169
-7.28132 -7.28154
-7.28235 -7.28125
-7.27904 -7.28092
-7.2792 -7.28057
-7.28121 -7.28025
-7.28008 -7.28001
-7.27958 -7.27972
-7.27885 -7.27909
-7.27858 -7.27856
-7.27984 -7.27814
-7.27753 -7.27785
-7.27621 -7.27761
-7.2774 -7.27729
-7.27856 -7.2769
-7.27707 -7.27645
-7.27354 -7.27591
-7.27634 -7.2755
-7.27387 -7.27489
-7.27433 -7.2744
-7.27509 -7.27401
-7.27374 -7.27373
-7.27303 -7.27337
-7.27285 -7.27298
-7.27346 -7.27262
-7.27305 -7.27233
-7.27272 -7.27208
-7.27077 -7.27146
-7.2718 -7.27132
-7.27114 -7.27113
-7.27097 -7.27072
-7.27063 -7.27045
-7.26921 -7.27002
-7.26854 -7.26946
-7.26989 -7.26905
-7.26937 -7.26887
-7.26965 -7.26824
-7.26748 -7.26771
-7.2667 -7.26749
-7.26802 -7.26723
-7.26644 -7.26688
-7.26591 -7.26641
-7.26547 -7.26618
-7.26533 -7.26568
-7.26538 -7.26535
-7.26543 -7.26505
-7.26423 -7.2646
-7.26381 -7.2643
-7.2637 -7.26401
-7.26399 -7.26363
-7.26287 -7.26336
-7.26322 -7.26286
-7.26249 -7.26248
-7.26166 -7.26196
-7.26067 -7.26144
-7.26174 -7.26104
-7.25848 -7.26037
-7.25963 -7.26
-7.25968 -7.25953
-7.25849 -7.25916
-7.2596 -7.25843
-7.25708 -7.25802
-7.25691 -7.25722
-7.25755 -7.25664
-7.25422 -7.25602
-7.25591 -7.25525
-7.25423 -7.25481
-7.25492 -7.25402
-7.25354 -7.25285
-7.25065 -7.2521
-7.2537 -7.25139
-7.249 -7.25031
-7.24976 -7.24895
-7.24523 -7.24669
-7.24163 -7.24255
-7.23781 -7.23849
-7.23232 -7.23166
-7.46155 -7.46163
-7.45687 -7.4571
-7.45156 -7.45183
-7.44217 -7.44233
-7.43514 -7.43475
-7.42959 -7.42989
-7.42091 -7.42091
-7.41814 -7.4175
-7.40742 -7.40905
-7.4014 -7.40177
-7.38687 -7.38677
-7.381 -7.38137
-7.3783 -7.37711
-7.37346 -7.37418
-7.36928 -7.37057
-7.36877 -7.36872
-7.36665 -7.36633
-7.36464 -7.36419
-7.36241 -7.36261
-7.36141 -7.36143
-7.3606 -7.36071
-7.35989 -7.35996
-7.35822 -7.35842
-7.35702 -7.35744
-7.35677 -7.35675
-7.35675 -7.35598
-7.35498 -7.35515
-7.35431 -7.35448
-7.35326 -7.35348
-7.3528 -7.35269
-7.35262 -7.35211
-7.35106 -7.35148
-7.35189 -7.35109
-7.35085 -7.35025
-7.35016 -7.34977
-7.34941 -7.34915
-7.34748 -7.34788
-7.34626 -7.3465
-7.34536 -7.34556
-7.34516 -7.34483
-7.34317 -7.34319
-7.3397 -7.34012
-7.33953 -7.33888
-7.33678 -7.33672
-7.33741 -7.33577
-7.3352 -7.33456
-7.33452 -7.33371
-7.33223 -7.33302
-7.33264 -7.33204
-7.33233 -7.33113
-7.3306 -7.33033
-7.32882 -7.32886
-7.32738 -7.32778
-7.32692 -7.32685
-7.32653 -7.32573
-7.32461 -7.32426
-7.32262 -7.32235
-7.32156 -7.32088
-7.31843 -7.31953
-7.31871 -7.31741
-7.31664 -7.31571
-7.31259 -7.31398
-7.31303 -7.3125
-7.31055 -7.31087
-7.30855 -7.30907
-7.30763 -7.30842
-7.30565 -7.30678
-7.30535 -7.30561
-7.30482 -7.30425
-7.30332 -7.30322
-7.3025 -7.30207
-7.30085 -7.3012
-7.30086 -7.3003
-7.29752 -7.29869
-7.29671 -7.29732
-7.29703 -7.29656
-7.29534 -7.29597
-7.29675 -7.29558
-7.29433 -7.29479
-7.29391 -7.29398
-7.29495 -7.29358
-7.29337 -7.29305
-7.29378 -7.29253
-7.29146 -7.29205
-7.29084 -7.29168
-7.29158 -7.2915
-7.29235 -7.29096
-7.28956 -7.29029
-7.28968 -7.28972
-7.28987 -7.28935
-7.28773 -7.28893
-7.28944 -7.28861
-7.28712 -7.28823
-7.28736 -7.28782
-7.28774 -7.28703
-7.28679 -7.28663
-7.28621 -7.28624
-7.28653 -7.28538
-7.28539 -7.28497
-7.28375 -7.28455
-7.28406 -7.28427
-7.28351 -7.28401
-7.28402 -7.2838
-7.28446 -7.28349
-7.28388 -7.28305
-7.28291 -7.28262
-7.2799 -7.28217
-7.28175 -7.28168
-7.28093 -7.28154
-7.28251 -7.28121
-7.27978 -7.2809
-7.27988 -7.28052
-7.28028 -7.28023
-7.27924 -7.27998
-7.2787 -7.27968
-7.27814 -7.27904
-7.27763 -7.2785
-7.27673 -7.27809
-7.27802 -7.27783
-7.27794 -7.27759
-7.27672 -7.27724
-7.27757 -7.27689
-7.27524 -7.27629
-7.2764 -7.27588
-7.27622 -7.27545
-7.27423 -7.27489
-7.27386 -7.27437
-7.2746 -7.27396
-7.27385 -7.27364
-7.27272 -7.27334
-7.27292 -7.27292
-7.27246 -7.27254
-7.2723 -7.27233
-7.2711 -7.27205
-7.27081 -7.27145
-7.2701 -7.2713
-7.27107 -7.27102
-7.27113 -7.27071
-7.27015 -7.27045
-7.26968 -7.27001
-7.26866 -7.2694
-7.26748 -7.26904
-7.27055 -7.26878
-7.26795 -7.26818
-7.26746 -7.26769
-7.26807 -7.26749
-7.26757 -7.2672
-7.26748 -7.26679
-7.26697 -7.26641
-7.26531 -7.26617
-7.26652 -7.26568
-7.26622 -7.26534
-7.26489 -7.26504
-7.26488 -7.2646
-7.26405 -7.26429
-7.26357 -7.26394
-7.26293 -7.26361
-7.26337 -7.26326
-7.26478 -7.26274
-7.2609 -7.26239
-7.26215 -7.26192
-7.2621 -7.26135
-7.26097 -7.26099
-7.26092 -7.26036
-7.26139 -7.25996
-7.25955 -7.25951
-7.26016 -7.25913
-7.25854 -7.25842
-7.25793 -7.25799
-7.25678 -7.25699
-7.25675 -7.25663
-7.25602 -7.25602
-7.25442 -7.25524
-7.25749 -7.25472
-7.25424 -7.25397
-7.25166 -7.25279
-7.25337 -7.25205
-7.25175 -7.25135
-7.24999 -7.25005
-7.24812 -7.24795
-7.24634 -7.24653
-7.24253 -7.2424
-7.23986 -7.2384
-7.22998 -7.23011
-7.46101 -7.46103
-7.45736 -7.45693
-7.45 -7.4502
-7.44168 -7.44214
-7.43492 -7.43455
-7.42988 -7.42978
-7.42107 -7.42066
-7.41565 -7.41606
-7.40896 -7.40855
-7.4002 -7.40043
-7.38509 -7.38535
-7.37979 -7.38042
-7.37767 -7.37681
-7.37465 -7.37416
-7.37127 -7.37054
-7.36949 -7.36848
-7.3668 -7.36602
-7.36365 -7.36407
-7.36304 -7.36243
-7.3617 -7.36143
-7.36003 -7.36069
-7.35956 -7.35993
-7.3587 -7.35834
-7.35786 -7.3574
-7.35746 -7.35671
-7.3557 -7.3559
-7.35552 -7.35515
-7.3548 -7.35446
-7.35388 -7.35341
-7.35086 -7.35267
-7.3512 -7.3521
-7.35181 -7.35146
-7.35071 -7.35107
-7.34964 -7.3502
-7.35004 -7.34974
-7.35007 -7.34903
-7.34681 -7.34786
-7.34667 -7.34642
-7.34537 -7.34551
-7.34458 -7.34451
-7.34303 -7.34302
-7.33978 -7.34007
-7.33857 -7.33872
-7.33505 -7.33659
-7.33684 -7.33563
-7.3342 -7.33452
-7.33464 -7.33368
-7.33362 -7.33282
-7.33204 -7.3319
-7.32963 -7.33109
-7.33119 -7.33025
-7.32873 -7.32883
-7.32821 -7.32776
-7.3266 -7.32672
-7.32638 -7.32568
-7.32443 -7.32386
-7.32268 -7.32226
-7.32054 -7.32081
-7.31947 -7.3194
-7.31807 -7.31727
-7.31556 -7.31561
-7.31413 -7.31366
-7.3133 -7.31239
-7.3106 -7.31067
-7.30905 -7.30896
-7.30789 -7.30832
-7.30773 -7.30667
-7.30473 -7.30537
-7.30295 -7.30422
-7.30359 -7.30298
-7.30199 -7.30202
-7.3018 -7.30105
-7.3009 -7.3001
-7.29906 -7.29844
-7.2966 -7.29713
-7.29661 -7.29654
-7.29569 -7.29595
-7.29606 -7.29553
-7.29513 -7.29479
-7.2941 -7.29391
-7.29391 -7.29347
-7.29303 -7.29304
-7.29154 -7.29244
-7.29182 -7.29202
-7.29049 -7.29158
-7.29271 -7.29149
-7.2912 -7.29095
-7.2893 -7.29027
-7.28906 -7.28967
-7.29023 -7.28935
-7.28956 -7.28892
-7.28838 -7.2886
-7.28791 -7.28822
-7.28679 -7.28763
-7.28653 -7.28701
-7.28617 -7.28663
-7.28744 -7.28618
-7.28362 -7.28536
-7.28574 -7.28495
-7.28488 -7.28454
-7.28447 -7.28423
-7.28331 -7.284
-7.28346 -7.28377
-7.28238 -7.28344
-7.28185 -7.28297
-7.28295 -7.28262
-7.28169 -7.28214
-7.28269 -7.28168
-7.28144 -7.28149
-7.28071 -7.28118
-7.28097 -7.28087
-7.28068 -7.28045
-7.28116 -7.28022
-7.27982 -7.27992
-7.27903 -7.27963
-7.28071 -7.27893
-7.27859 -7.2785
-7.27795 -7.27809
-7.27832 -7.27777
-7.27732 -7.27755
-7.27638 -7.27723
-7.27662 -7.27671
-7.27652 -7.27626
-7.27613 -7.27587
-7.2744 -7.27541
-7.27511 -7.27481
-7.27412 -7.27436
-7.27406 -7.27396
-7.27094 -7.27364
-7.27439 -7.27331
-7.27201 -7.2729
-7.27236 -7.27253
-7.27311 -7.27227
-7.27235 -7.27199
-7.27087 -7.27145
-7.27246 -7.2713
-7.26995 -7.27098
-7.26972 -7.27069
-7.27124 -7.27042
-7.2695 -7.26991
-7.26742 -7.26939
-7.26763 -7.26903
-7.26989 -7.26872
-7.26722 -7.26805
-7.26707 -7.26767
-7.2678 -7.26747
-7.26696 -7.26718
-7.26771 -7.26675
-7.26632 -7.26629
-7.26641 -7.26613
-7.2646 -7.26568
-7.26627 -7.26533
-7.26498 -7.26504
-7.26396 -7.26451
-7.26508 -7.26425
-7.26287 -7.26393
-7.26329 -7.26361
-7.26282 -7.26323
-7.26421 -7.26274
-7.26306 -7.26225
-7.26093 -7.26185
-7.26131 -7.26128
-7.26326 -7.26087
-7.26074 -7.26034
-7.26083 -7.25992
-7.25874 -7.25945
-7.25898 -7.25906
-7.25837 -7.25837
-7.25757 -7.25799
-7.25514 -7.25699
-7.25557 -7.25658
-7.25754 -7.256
-7.25471 -7.25521
-7.25384 -7.25471
-7.25259 -7.25394
-7.25281 -7.25275
-7.25191 -7.25194
-7.24968 -7.25128
-7.25062 -7.24987
-7.24846 -7.24782
-7.24586 -7.24627
-7.24249 -7.24224
-7.23809 -7.23797
-7.23065 -7.22961
-7.46015 -7.46036
-7.45601 -7.45651
-7.44885 -7.4496
-7.4422 -7.44191
-7.43416 -7.43425
-7.42729 -7.42827
-7.42061 -7.42049
-7.41464 -7.41508
-7.40677 -7.40841
-7.39506 -7.39544
-7.38429 -7.38511
-7.3802 -7.38013
-7.37698 -7.37616
-7.37514 -7.374
-7.37042 -7.37044
-7.36661 -7.36797
-7.36561 -7.36596
-7.36341 -7.36397
-7.36259 -7.3624
-7.35991 -7.36143
-7.3613 -7.36064
-7.36023 -7.35978
-7.35816 -7.35828
-7.35739 -7.35739
-7.35629 -7.35667
-7.35478 -7.35571
-7.3549 -7.35513
-7.35468 -7.35437
-7.35281 -7.35338
-7.35286 -7.35259
-7.35193 -7.35196
-7.35084 -7.35145
-7.35189 -7.35103
-7.35084 -7.35019
-7.34996 -7.34969
-7.3464 -7.34869
-7.3476 -7.34779
-7.34708 -7.34638
-7.34564 -7.34549
-7.34423 -7.34448
-7.34336 -7.34278
-7.3402 -7.34005
-7.3386 -7.33862
-7.33699 -7.33657
-7.33562 -7.33551
-7.33543 -7.33447
-7.33382 -7.33365
-7.33284 -7.33279
-7.33134 -7.33179
-7.33146 -7.33094
-7.32919 -7.33002
-7.32856 -7.32864
-7.32857 -7.32774
-7.32524 -7.32672
-7.32396 -7.3253
-7.32424 -7.3238
-7.32276 -7.32214
-7.32187 -7.32075
-7.31954 -7.31939
-7.31737 -7.31718
-7.31684 -7.31552
-7.31394 -7.31348
-7.31259 -7.31237
-7.30947 -7.31061
-7.31037 -7.30894
-7.30847 -7.30816
-7.30667 -7.30662
-7.30488 -7.30532
-7.30241 -7.3042
-7.30364 -7.30293
-7.30412 -7.30196
-7.30075 -7.30094
-7.29883 -7.29999
-7.29972 -7.29836
-7.29676 -7.29712
-7.29774 -7.29643
-7.29587 -7.29592
-7.29545 -7.29535
-7.29468 -7.29473
-7.29325 -7.29388
-7.29457 -7.29343
-7.29288 -7.29297
-7.29325 -7.29243
-7.29199 -7.29199
-7.29136 -7.29157
-7.29156 -7.29138
-7.29118 -7.29084
-7.29105 -7.29025
-7.28867 -7.28966
-7.2895 -7.2893
-7.28828 -7.28888
-7.28824 -7.28855
-7.28748 -7.28817
-7.28774 -7.28754
-7.28837 -7.28693
-7.28614 -7.28661
-7.28646 -7.2861
-7.28512 -7.28536
-7.28731 -7.28488
-7.28537 -7.28451
-7.28371 -7.28419
-7.2839 -7.28399
-7.28278 -7.28374
-7.28358 -7.28343
-7.28254 -7.28285
-7.28236 -7.28256
-7.28205 -7.28214
-7.28162 -7.28168
-7.28195 -7.28147
-7.28108 -7.28117
-7.27979 -7.28081
-7.27967 -7.28045
-7.28134 -7.28022
-7.28069 -7.27992
-7.27911 -7.27961
-7.27808 -7.27888
-7.27782 -7.27849
-7.27758 -7.27805
-7.27794 -7.27777
-7.2783 -7.27753
-7.27696 -7.27723
-7.27724 -7.27671
-7.27503 -7.27626
-7.27625 -7.27581
-7.27559 -7.27539
-7.2751 -7.27481
-7.27504 -7.27433
-7.27333 -7.27394
-7.27274 -7.27359
-7.27351 -7.27328
-7.27325 -7.2729
-7.27211 -7.27251
-7.27256 -7.27226
-7.27305 -7.27194
-7.27075 -7.27144
-7.27212 -7.2713
-7.27179 -7.27097
-7.27082 -7.27068
-7.27107 -7.27041
-7.26888 -7.2699
-7.2704 -7.26938
-7.26897 -7.26901
-7.26782 -7.26872
-7.26838 -7.268
-7.26696 -7.26765
-7.26802 -7.26747
-7.2658 -7.26715
-7.2669 -7.26673
-7.26719 -7.26628
-7.26631 -7.26604
-7.2666 -7.2656
-7.26543 -7.26532
-7.26391 -7.26501
-7.26352 -7.26449
-7.26504 -7.26424
-7.26401 -7.26387
-7.26417 -7.26358
-7.26412 -7.26323
-7.2634 -7.26271
-7.2617 -7.26218
-7.26214 -7.26172
-7.26076 -7.26128
-7.26195 -7.26077
-7.26097 -7.26022
-7.25944 -7.25988
-7.25998 -7.25941
-7.26032 -7.25899
-7.2579 -7.25834
-7.25693 -7.25768
-7.25819 -7.25698
-7.25499 -7.25648
-7.25591 -7.25588
-7.25629 -7.25518
-7.25549 -7.25466
-7.25344 -7.25386
-7.25157 -7.25273
-7.25208 -7.25193
-7.25065 -7.25126
-7.24895 -7.24981
-7.24818 -7.24782
-7.24558 -7.24595
-7.24137 -7.24176
-7.2379 -7.23791
-7.22701 -7.22607
-7.46004 -7.4602
-7.45496 -7.4552
-7.44784 -7.44776
-7.43872 -7.43884
-7.43337 -7.43398
-7.42748 -7.42753
-7.42046 -7.41998
-7.4156 -7.41499
-7.40692 -7.40821
-7.39371 -7.39506
-7.3845 -7.3841
-7.37971 -7.37962
-7.376 -7.376
-7.37362 -7.37381
-7.37119 -7.3702
-7.36739 -7.36793
-7.36438 -7.36534
-7.36419 -7.36395
-7.36289 -7.36235
-7.36226 -7.36134
-7.36079 -7.36063
-7.35975 -7.35977
-7.35877 -7.35824
-7.35714 -7.35734
-7.35665 -7.35662
-7.35565 -7.35546
-7.355 -7.35503
-7.35494 -7.35432
-7.35318 -7.35327
-7.35237 -7.35255
-7.35204 -7.35192
-7.35158 -7.35144
-7.35039 -7.3508
-7.35032 -7.35018
-7.3494 -7.34967
-7.34777 -7.34862
-7.34793 -7.34777
-7.34697 -7.34633
-7.34577 -7.34547
-7.34405 -7.34419
-7.34423 -7.34273
-7.33939 -7.33991
-7.33857 -7.33859
-7.33589 -7.33628
-7.33568 -7.3353
-7.33464 -7.33444
-7.33347 -7.33363
-7.33286 -7.33265
-7.33087 -7.33178
-7.33169 -7.33092
-7.3307 -7.32992
-7.32777 -7.32838
-7.32786 -7.32765
-7.32584 -7.32667
-7.32619 -7.32518
-7.32353 -7.32371
-7.32316 -7.32197
-7.32205 -7.32069
-7.31939 -7.31894
-7.3169 -7.31715
-7.31606 -7.31548
-7.31327 -7.31339
-7.3122 -7.31195
-7.30976 -7.31044
-7.30884 -7.30892
-7.30829 -7.30804
-7.30751 -7.30655
-7.30508 -7.30524
-7.30327 -7.30391
-7.30259 -7.30284
-7.30153 -7.30187
-7.30126 -7.30083
-7.30075 -7.29993
-7.29857 -7.29833
-7.29699 -7.29705
-7.29608 -7.29637
-7.29685 -7.29586
-7.29577 -7.29534
-7.29349 -7.29439
-7.29303 -7.29387
-7.29301 -7.2934
-7.29194 -7.29288
-7.29315 -7.29237
-7.29145 -7.29198
-7.29073 -7.29155
-7.2912 -7.29136
-7.29072 -7.29078
-7.28934 -7.29014
-7.28969 -7.28964
-7.28828 -7.28925
-7.28958 -7.28883
-7.28806 -7.28848
-7.28846 -7.28815
-7.2869 -7.28753
-7.28712 -7.28684
-7.28578 -7.28653
-7.28633 -7.28601
-7.28586 -7.28531
-7.28485 -7.28487
-7.28388 -7.28446
-7.28368 -7.28418
-7.2831 -7.28396
-7.28231 -7.28364
-7.28403 -7.28338
-7.28458 -7.28282
-7.2822 -7.28254
-7.2812 -7.28201
-7.28061 -7.28167
-7.28217 -7.28143
-7.282 -7.28115
-7.28016 -7.28079
-7.28091 -7.28043
-7.28147 -7.28021
-7.28097 -7.27991
-7.27873 -7.27945
-7.27848 -7.27883
-7.27768 -7.27841
-7.27748 -7.27799
-7.27824 -7.27776
-7.27821 -7.27751
-7.27704 -7.27721
-7.27659 -7.27669
-7.27526 -7.2762
-7.27709 -7.2758
-7.27496 -7.27538
-7.27441 -7.27474
-7.27552 -7.2743
-7.27389 -7.27392
-7.27241 -7.27351
-7.27333 -7.27322
-7.27424 -7.27281
-7.27234 -7.27251
-7.27292 -7.27226
-7.27138 -7.27165
-7.27103 -7.27142
-7.27082 -7.27126
-7.27097 -7.27092
-7.26988 -7.27067
-7.26913 -7.27037
-7.27033 -7.26974
-7.2704 -7.26934
-7.26889 -7.269
-7.26957 -7.26861
-7.26896 -7.268
-7.2669 -7.26764
-7.26762 -7.26746
-7.26807 -7.26711
-7.2658 -7.26669
-7.266 -7.26627
-7.26715 -7.26603
-7.26498 -7.26557
-7.26514 -7.26527
-7.26576 -7.26496
-7.26463 -7.26446
-7.26354 -7.26421
-7.26355 -7.26385
-7.2647 -7.26358
-7.2627 -7.26318
-7.26224 -7.26268
-7.26245 -7.26214
-7.261 -7.26168
-7.26168 -7.26125
-7.26016 -7.26059
-7.26096 -7.26019
-7.25987 -7.25981
-7.25737 -7.25938
-7.25893 -7.25896
-7.25904 -7.2583
-7.25797 -7.25757
-7.25753 -7.25698
-7.25705 -7.25641
-7.25678 -7.25584
-7.25529 -7.25517
-7.25531 -7.25465
-7.25223 -7.25386
-7.25274 -7.25267
-7.25152 -7.25192
-7.25251 -7.25103
-7.24995 -7.24974
-7.25034 -7.2475
-7.24426 -7.24523
-7.2422 -7.24173
-7.23706 -7.2377
-7.21836 -7.21713
-7.46024 -7.45993
-7.4552 -7.45515
-7.44687 -7.44695
-7.43925 -7.4388
-7.43414 -7.43387
-7.42582 -7.42542
-7.41898 -7.41914
-7.41505 -7.4142
-7.40843 -7.4082
-7.3941 -7.39424
-7.38352 -7.38357
-7.37979 -7.37935
-7.37608 -7.3757
-7.37457 -7.37355
-7.36915 -7.3702
-7.36904 -7.36786
-7.36457 -7.36523
-7.36372 -7.36369
-7.36231 -7.3623
-7.36185 -7.36133
-7.36075 -7.36053
-7.35962 -7.35972
-7.35884 -7.35805
-7.35764 -7.3572
-7.35686 -7.35659
-7.35518 -7.35543
-7.35549 -7.35497
-7.35519 -7.35416
-7.35329 -7.35318
-7.35288 -7.35253
-7.35227 -7.35184
-7.35153 -7.35143
-7.35038 -7.35064
-7.35012 -7.35009
-7.35008 -7.34964
-7.34841 -7.34841
-7.34745 -7.34742
-7.34659 -7.34624
-7.3453 -7.34532
-7.34369 -7.34403
-7.34162 -7.34158
-7.33967 -7.33988
-7.33828 -7.33848
-7.33575 -7.33623
-7.33426 -7.33508
-7.33493 -7.3343
-7.3333 -7.33345
-7.33292 -7.33259
-7.33305 -7.33177
-7.32999 -7.33085
-7.32951 -7.32988
-7.32913 -7.32836
-7.32821 -7.32759
-7.32688 -7.32665
-7.32508 -7.32505
-7.32359 -7.32359
-7.32246 -7.32172
-7.3203 -7.32057
-7.3189 -7.31856
-7.31624 -7.31714
-7.31712 -7.31519
-7.31317 -7.31309
-7.31134 -7.31193
-7.3109 -7.3103
-7.30857 -7.30874
-7.3089 -7.30796
-7.30682 -7.30648
-7.30573 -7.30516
-7.30485 -7.30389
-7.3028 -7.30269
-7.30189 -7.30185
-7.30033 -7.30082
-7.30211 -7.29971
-7.29809 -7.29831
-7.29673 -7.29698
-7.2965 -7.29629
-7.2957 -7.29585
-7.2955 -7.29526
-7.29397 -7.29431
-7.29255 -7.29379
-7.29305 -7.29337
-7.2933 -7.29285
-7.2923 -7.29236
-7.29204 -7.29187
-7.29022 -7.29154
-7.29074 -7.29134
-7.29116 -7.29075
-7.28995 -7.29008
-7.28992 -7.28962
-7.28868 -7.28915
-7.28983 -7.28882
-7.28827 -7.28845
-7.28831 -7.28812
-7.28727 -7.28746
-7.28775 -7.28683
-7.28601 -7.28647
-7.28569 -7.2859
-7.28472 -7.28526
-7.28516 -7.28485
-7.28478 -7.28445
-7.28368 -7.28409
-7.28403 -7.28395
-7.28315 -7.28359
-7.2857 -7.28336
-7.28194 -7.28277
-7.28194 -7.28254
-7.28239 -7.28199
-7.28034 -7.28166
-7.28087 -7.28141
-7.27992 -7.28112
-7.28072 -7.28076
-7.28051 -7.28043
-7.28022 -7.28021
-7.28128 -7.2799
-7.27834 -7.27929
-7.279 -7.27881
-7.2776 -7.27835
-7.27729 -7.27799
-7.27802 -7.27768
-7.27724 -7.27751
-7.27657 -7.27721
-7.27693 -7.27668
-7.27521 -7.2762
-7.27724 -7.2758
-7.27492 -7.27523
-7.27609 -7.27474
-7.27428 -7.27427
-7.27396 -7.27389
-7.27384 -7.27351
-7.27362 -7.2732
-7.27366 -7.2728
-7.27142 -7.27251
-7.27203 -7.27226
-7.27175 -7.27165
-7.27225 -7.27139
-7.27135 -7.27126
-7.27089 -7.27088
-7.27097 -7.27066
-7.26977 -7.27031
-7.27056 -7.26974
-7.27053 -7.26933
-7.2673 -7.26899
-7.26799 -7.26851
-7.26802 -7.26781
-7.26797 -7.2676
-7.26792 -7.26738
-7.26687 -7.2671
-7.26629 -7.26663
-7.26623 -7.26626
-7.26499 -7.266
-7.26688 -7.26551
-7.26477 -7.2652
-7.26568 -7.26496
-7.26346 -7.26443
-7.26387 -7.26419
-7.26329 -7.26384
-7.26302 -7.26358
-7.26209 -7.26318
-7.26219 -7.26266
-7.26039 -7.26213
-7.26222 -7.26164
-7.26044 -7.26118
-7.26038 -7.26054
-7.25951 -7.2601
-7.26092 -7.25975
-7.25869 -7.25938
-7.25804 -7.25889
-7.25815 -7.25825
-7.25804 -7.25751
-7.25781 -7.25684
-7.25612 -7.25634
-7.25641 -7.25571
-7.25414 -7.2551
-7.25369 -7.25457
-7.25307 -7.25369
-7.25158 -7.25245
-7.25451 -7.25192
-7.25113 -7.25102
-7.24895 -7.24974
-7.24756 -7.24736
-7.24507 -7.24511
-7.2427 -7.24171
-7.23864 -7.23707
-7.20974 -7.21157
-7.45941 -7.45955
-7.45517 -7.45475
-7.44669 -7.44695
-7.43832 -7.43804
-7.43378 -7.43386
-7.42238 -7.42258
-7.4197 -7.41905
-7.41275 -7.41413
-7.40639 -7.40604
-7.39265 -7.39264
-7.38246 -7.38274
-7.37837 -7.37852
-7.37539 -7.37567
-7.372 -7.37329
-7.3707 -7.37003
-7.36782 -7.36759
-7.36496 -7.36521
-7.36299 -7.36359
-7.36203 -7.36228
-7.36115 -7.36126
-7.36029 -7.36051
-7.36039 -7.35962
-7.35825 -7.35794
-7.35617 -7.35716
-7.3565 -7.35657
-7.35497 -7.35539
-7.35461 -7.35491
-7.35381 -7.35416
-7.35237 -7.35298
-7.35287 -7.35237
-7.35214 -7.3517
-7.35126 -7.35132
-7.35107 -7.35062
-7.34997 -7.34992
-7.34806 -7.3496
-7.34843 -7.34835
-7.34814 -7.3474
-7.34587 -7.34622
-7.34502 -7.34529
-7.34472 -7.34392
-7.34125 -7.34122
-7.33988 -7.33981
-7.33775 -7.33757
-7.33768 -7.33622
-7.33487 -7.33498
-7.33451 -7.33427
-7.33446 -7.33342
-7.33251 -7.33252
-7.33121 -7.33157
-7.33216 -7.33066
-7.33013 -7.32968
-7.32967 -7.32814
-7.32707 -7.3275
-7.32679 -7.32644
-7.32536 -7.32496
-7.32399 -7.32333
-7.32233 -7.32171
-7.32142 -7.32033
-7.31872 -7.31846
-7.31656 -7.317
-7.31564 -7.31506
-7.31375 -7.31305
-7.31221 -7.31158
-7.3101 -7.31021
-7.30987 -7.30874
-7.30614 -7.30787
-7.30674 -7.30608
-7.30503 -7.30505
-7.30526 -7.30387
-7.30193 -7.3025
-7.30195 -7.3017
-7.30081 -7.30081
-7.29898 -7.29969
-7.2982 -7.29817
-7.29631 -7.29695
-7.29807 -7.29627
-7.29782 -7.29584
-7.29504 -7.29521
-7.29318 -7.29425
-7.29518 -7.29375
-7.29186 -7.29336
-7.29289 -7.29282
-7.29181 -7.29236
-7.29127 -7.29184
-7.29047 -7.29153
-7.29 -7.29128
-7.29027 -7.29075
-7.29026 -7.29006
-7.29052 -7.28962
-7.28795 -7.28911
-7.28925 -7.28876
-7.28925 -7.28844
-7.28822 -7.28808
-7.28787 -7.2872
-7.28617 -7.2868
-7.28639 -7.28645
-7.28546 -7.28582
-7.28468 -7.28525
-7.28419 -7.28476
-7.28456 -7.28444
-7.28507 -7.28408
-7.28567 -7.28391
-7.28383 -7.28359
-7.28388 -7.28335
-7.28301 -7.28277
-7.28304 -7.28254
-7.28062 -7.28188
-7.28326 -7.28161
-7.28132 -7.28138
-7.28115 -7.28104
-7.27979 -7.28076
-7.2797 -7.28042
-7.28105 -7.2801
-7.27956 -7.27989
-7.27806 -7.27927
-7.27795 -7.27881
-7.27855 -7.27834
-7.27667 -7.27794
-7.27847 -7.27766
-7.27804 -7.27737
-7.27728 -7.27716
-7.27783 -7.27667
-7.27652 -7.27618
-7.27412 -7.27575
-7.27488 -7.27522
-7.27447 -7.27461
-7.27445 -7.27423
-7.2746 -7.27389
-7.27378 -7.2735
-7.27324 -7.27319
-7.27386 -7.2728
-7.27242 -7.27245
-7.27144 -7.27222
-7.2713 -7.27164
-7.27161 -7.27139
-7.27082 -7.27126
-7.27056 -7.27078
-7.27109 -7.2706
-7.27013 -7.27025
-7.27015 -7.26967
-7.26965 -7.2692
-7.2682 -7.26895
-7.27032 -7.26838
-7.26677 -7.26779
-7.26689 -7.2676
-7.26795 -7.26738
-7.2664 -7.26706
-7.26727 -7.26663
-7.26672 -7.26625
-7.26548 -7.26594
-7.26514 -7.26547
-7.26503 -7.26518
-7.26519 -7.26489
-7.26453 -7.26441
-7.26389 -7.26417
-7.26337 -7.26381
-7.26246 -7.26355
-7.2625 -7.26309
-7.26292 -7.26261
-7.26351 -7.2621
-7.26148 -7.26161
-7.26122 -7.26115
-7.26119 -7.26053
-7.25932 -7.2601
-7.26056 -7.25972
-7.26 -7.2593
-7.25826 -7.25884
-7.25725 -7.25824
-7.25682 -7.2575
-7.25559 -7.25678
-7.25627 -7.2563
-7.25594 -7.25569
-7.25507 -7.2551
-7.25387 -7.25444
-7.25604 -7.25365
-7.25208 -7.25241
-7.25188 -7.25187
-7.25129 -7.25088
-7.25003 -7.24967
-7.24667 -7.24723
-7.24426 -7.24461
-7.24036 -7.24139
-7.23541 -7.23615
-7.21043 -7.21055
-7.45913 -7.45867
-7.45393 -7.454
-7.44508 -7.44537
-7.4382 -7.43796
-7.43342 -7.43321
-7.42219 -7.4225
-7.41949 -7.41889
-7.41417 -7.41328
-7.40617 -7.40571
-7.39047 -7.39011
-7.38068 -7.38196
-7.37876 -7.37821
-7.37571 -7.37557
-7.37255 -7.37199
-7.36996 -7.36928
-7.36717 -7.36739
-7.36474 -7.3649
-7.36345 -7.36311
-7.36166 -7.3622
-7.36116 -7.36125
-7.36011 -7.36036
-7.35875 -7.35956
-7.35807 -7.35776
-7.3577 -7.35715
-7.35638 -7.35654
-7.35461 -7.35535
-7.35468 -7.35486
-7.35444 -7.35415
-7.35291 -7.35294
-7.35199 -7.35236
-7.35215 -7.35161
-7.35133 -7.35128
-7.34965 -7.35051
-7.35039 -7.34991
-7.34961 -7.34955
-7.34782 -7.34818
-7.34709 -7.34705
-7.34521 -7.34604
-7.34463 -7.34527
-7.34424 -7.34382
-7.3416 -7.34102
-7.34043 -7.33962
-7.33871 -7.33756
-7.33539 -7.33603
-7.33556 -7.33494
-7.33469 -7.33415
-7.33441 -7.33338
-7.33289 -7.33248
-7.33135 -7.33147
-7.33192 -7.33062
-7.3301 -7.32936
-7.32846 -7.32811
-7.32763 -7.3275
-7.32546 -7.32643
-7.32482 -7.32472
-7.32334 -7.32323
-7.32135 -7.32144
-7.32066 -7.32013
-7.32035 -7.31815
-7.31526 -7.31699
-7.3151 -7.31498
-7.31383 -7.31285
-7.31075 -7.31124
-7.31062 -7.31005
-7.31036 -7.30864
-7.30829 -7.30781
-7.30475 -7.30608
-7.30577 -7.30478
-7.30444 -7.30377
-7.30259 -7.3025
-7.30135 -7.30163
-7.30051 -7.3008
-7.29961 -7.29955
-7.29845 -7.29804
-7.29654 -7.2969
-7.29781 -7.29622
-7.29547 -7.29575
-7.29572 -7.2952
-7.29354 -7.29424
-7.2942 -7.29374
-7.2931 -7.29333
-7.2915 -7.29272
-7.29147 -7.29234
-7.29347 -7.2918
-7.29174 -7.29153
-7.29043 -7.2912
-7.2909 -7.29071
-7.28931 -7.29004
-7.2897 -7.28954
-7.2898 -7.28903
-7.28887 -7.28874
-7.28793 -7.28839
-7.28765 -7.28801
-7.28849 -7.28715
-7.2871 -7.28679
-7.28678 -7.28644
-7.28563 -7.28581
-7.2852 -7.2852
-7.28434 -7.28475
-7.28448 -7.28437
-7.28451 -7.28408
-7.28416 -7.2839
-7.28408 -7.28358
-7.28395 -7.28332
-7.28296 -7.28273
-7.2813 -7.28248
-7.28372 -7.28187
-7.28131 -7.28159
-7.28105 -7.2813
-7.28061 -7.28103
-7.28092 -7.28074
-7.27912 -7.28042
-7.28041 -7.28006
-7.27983 -7.27982
-7.27977 -7.2792
-7.27873 -7.27876
-7.2785 -7.27831
-7.27788 -7.27794
-7.27714 -7.27766
-7.27742 -7.27734
-7.27804 -7.27708
-7.27538 -7.27666
-7.27486 -7.27606
-7.27445 -7.27563
-7.2742 -7.27521
-7.27424 -7.27454
-7.27413 -7.27421
-7.27393 -7.27388
-7.27334 -7.27348
-7.2744 -7.27316
-7.27173 -7.27278
-7.27233 -7.27244
-7.27264 -7.27221
-7.27066 -7.2716
-7.27158 -7.27137
-7.26937 -7.27123
-7.27109 -7.27075
-7.2696 -7.27059
-7.2713 -7.27025
-7.26933 -7.2696
-7.2691 -7.26919
-7.26811 -7.26894
-7.26781 -7.26836
-7.26725 -7.26775
-7.26743 -7.26759
-7.26758 -7.2673
-7.26633 -7.26704
-7.26769 -7.26662
-7.26689 -7.26624
-7.26558 -7.26587
-7.2669 -7.26545
-7.26618 -7.26516
-7.26413 -7.26485
-7.26408 -7.26437
-7.26365 -7.26413
-7.26315 -7.26377
-7.2637 -7.26352
-7.26356 -7.26303
-7.26268 -7.26253
-7.26127 -7.26202
-7.26223 -7.2616
-7.26172 -7.26114
-7.2594 -7.2605
-7.26097 -7.26009
-7.25949 -7.25961
-7.25922 -7.25929
-7.25867 -7.25879
-7.25798 -7.25815
-7.2569 -7.25743
-7.25685 -7.25673
-7.25619 -7.25629
-7.25611 -7.25566
-7.25511 -7.25508
-7.25483 -7.25437
-7.25313 -7.25364
-7.25237 -7.25238
-7.251 -7.25177
-7.25163 -7.25086
-7.24808 -7.24941
-7.24706 -7.24721
-7.24405 -7.24398
-7.2405 -7.24034
-7.23632 -7.23605
-7.19275 -7.18974
-7.45803 -7.45823
-7.4533 -7.4535
-7.44368 -7.44432
-7.43668 -7.43691
-7.43206 -7.43306
-7.42181 -7.42239
-7.41717 -7.41859
-7.41096 -7.41194
-7.40571 -7.40567
-7.3896 -7.38961
-7.38237 -7.38195
-7.37835 -7.37814
-7.37635 -7.37546
-7.37156 -7.37196
-7.3684 -7.36913
-7.36713 -7.36691
-7.3653 -7.36462
-7.36413 -7.36311
-7.36179 -7.36167
-7.36138 -7.36124
-7.35988 -7.36036
-7.35823 -7.35935
-7.35782 -7.35761
-7.35691 -7.3571
-7.35685 -7.35619
-7.3559 -7.35534
-7.35465 -7.3548
-7.35374 -7.3539
-7.35233 -7.35293
-7.35271 -7.35234
-7.35193 -7.3516
-7.35136 -7.35122
-7.35091 -7.35046
-7.34993 -7.34987
-7.35006 -7.34943
-7.34746 -7.34817
-7.34611 -7.34698
-7.34543 -7.34604
-7.3447 -7.34524
-7.34299 -7.34355
-7.34148 -7.34083
-7.34036 -7.3396
-7.33772 -7.33739
-7.33612 -7.33586
-7.33559 -7.33476
-7.33323 -7.33405
-7.33206 -7.33334
-7.33253 -7.33245
-7.33182 -7.33144
-7.331 -7.33055
-7.33005 -7.32919
-7.32964 -7.32791
-7.3271 -7.32731
-7.32626 -7.32611
-7.32456 -7.32465
-7.32365 -7.32313
-7.32188 -7.3214
-7.32057 -7.32008
-7.31867 -7.31792
-7.3175 -7.31677
-7.31323 -7.31492
-7.31227 -7.31274
-7.31159 -7.31112
-7.31023 -7.31001
-7.30808 -7.30853
-7.30885 -7.30758
-7.30671 -7.306
-7.30401 -7.3046
-7.3038 -7.30371
-7.30221 -7.30246
-7.3005 -7.30153
-7.30172 -7.3008
-7.29948 -7.29919
-7.29879 -7.29795
-7.2972 -7.29681
-7.29659 -7.29617
-7.29478 -7.29573
-7.29443 -7.29508
-7.29553 -7.29423
-7.29467 -7.29373
-7.29332 -7.29331
-7.2919 -7.29268
-7.29287 -7.29228
-7.29193 -7.29179
-7.29135 -7.29152
-7.29168 -7.2912
-7.29119 -7.29061
-7.28946 -7.28985
-7.29038 -7.28953
-7.28889 -7.28903
-7.28836 -7.28869
-7.28932 -7.28836
-7.28826 -7.28799
-7.28825 -7.28714
-7.28777 -7.28674
-7.28749 -7.2864
-7.28487 -7.2856
-7.28454 -7.28513
-7.28373 -7.28472
-7.28388 -7.28434
-7.28308 -7.28408
-7.28303 -7.28389
-7.28347 -7.28355
-7.28295 -7.28332
-7.28198 -7.2827
-7.28234 -7.28245
-7.28187 -7.28178
-7.28265 -7.28156
-7.28086 -7.28128
-7.28084 -7.28102
-7.2802 -7.28071
-7.27994 -7.28041
-7.27924 -7.28004
-7.27994 -7.27979
-7.27932 -7.27919
-7.27832 -7.27875
-7.27829 -7.27831
-7.27823 -7.27789
-7.27654 -7.27762
-7.2772 -7.27733
-7.27735 -7.27705
-7.27472 -7.27662
-7.27642 -7.27605
-7.27612 -7.27561
-7.27474 -7.2752
-7.27485 -7.27448
-7.27317 -7.27414
-7.27438 -7.27382
-7.27417 -7.27343
-7.27341 -7.27313
-7.27274 -7.27273
-7.27157 -7.27243
-7.27143 -7.27212
-7.27224 -7.27156
-7.27195 -7.27137
-7.27327 -7.27122
-7.2707 -7.27075
-7.271 -7.27058
-7.2693 -7.27024
-7.2694 -7.26953
-7.26878 -7.26917
-7.26988 -7.26892
-7.26734 -7.2683
-7.26782 -7.26775
-7.26686 -7.26753
-7.26633 -7.26728
-7.26624 -7.26698
-7.2675 -7.26661
-7.26775 -7.26621
-7.26624 -7.26577
-7.26675 -7.26545
-7.26552 -7.26509
-7.26424 -7.26483
-7.26467 -7.26436
-7.26446 -7.26407
-7.26427 -7.26376
-7.26259 -7.26349
-7.26186 -7.26294
-7.26211 -7.26253
-7.26183 -7.262
-7.2619 -7.26153
-7.26167 -7.26108
-7.25982 -7.26044
-7.2596 -7.26005
-7.25948 -7.25958
-7.25964 -7.25928
-7.25938 -7.25865
-7.25852 -7.25813
-7.25741 -7.25738
-7.25569 -7.2567
-7.25697 -7.25629
-7.25505 -7.25565
-7.25358 -7.25499
-7.25435 -7.25412
-7.2526 -7.25311
-7.25157 -7.25228
-7.25053 -7.25173
-7.25107 -7.25076
-7.24973 -7.24931
-7.24779 -7.24709
-7.24327 -7.24396
-7.23741 -7.24013
-7.23596 -7.23552
-7.18832 -7.18517
-7.45774 -7.45784
-7.45359 -7.45343
-7.44403 -7.44411
-7.4369 -7.43665
-7.43269 -7.43216
-7.42215 -7.42203
-7.41814 -7.41851
-7.41206 -7.41168
-7.40561 -7.40548
-7.38815 -7.38838
-7.38242 -7.38176
-7.37879 -7.37804
-7.37362 -7.37519
-7.37093 -7.37168
-7.37015 -7.36896
-7.36705 -7.36664
-7.36486 -7.36452
-7.36283 -7.363
-7.36072 -7.36158
-7.36151 -7.36111
-7.36073 -7.36032
-7.35957 -7.35931
-7.35696 -7.35759
-7.35744 -7.35709
-7.35583 -7.35614
-7.35523 -7.35529
-7.35473 -7.35477
-7.35395 -7.35388
-7.35325 -7.35286
-7.35182 -7.35232
-7.35135 -7.35159
-7.35175 -7.35122
-7.3499 -7.35037
-7.34971 -7.34987
-7.34921 -7.34942
-7.34789 -7.34809
-7.34646 -7.34664
-7.3459 -7.34597
-7.3452 -7.34515
-7.34374 -7.34352
-7.34127 -7.34062
-7.34006 -7.3394
-7.33763 -7.33729
-7.3365 -7.33583
-7.33553 -7.33474
-7.33411 -7.33396
-7.33394 -7.33327
-7.33133 -7.33213
-7.33211 -7.33142
-7.33038 -7.33041
-7.32901 -7.329
-7.32789 -7.32791
-7.3281 -7.32713
-7.32692 -7.32595
-7.32484 -7.32458
-7.32378 -7.32302
-7.32228 -7.32123
-7.32056 -7.31976
-7.31806 -7.31783
-7.31652 -7.31664
-7.31453 -7.31469
-7.31251 -7.31264
-7.3113 -7.31097
-7.31104 -7.30979
-7.30868 -7.30849
-7.30556 -7.30746
-7.30601 -7.30599
-7.30607 -7.30451
-7.30496 -7.30366
-7.30227 -7.30228
-7.30115 -7.3015
-7.30033 -7.30072
-7.29904 -7.29916
-7.29839 -7.29757
-7.2971 -7.29676
-7.29579 -7.29609
-7.29508 -7.29573
-7.29532 -7.29497
-7.29358 -7.2941
-7.29378 -7.29368
-7.29432 -7.2933
-7.29232 -7.29265
-7.29282 -7.29222
-7.29001 -7.29175
-7.29087 -7.29151
-7.29076 -7.29108
-7.29092 -7.2904
-7.28953 -7.28977
-7.29028 -7.28949
-7.28952 -7.28897
-7.28852 -7.28868
-7.28884 -7.28835
-7.28858 -7.28793
-7.28605 -7.28707
-7.28705 -7.28672
-7.28685 -7.28639
-7.28478 -7.28553
-7.28519 -7.28509
-7.28348 -7.28471
-7.2854 -7.28431
-7.28448 -7.28407
-7.28339 -7.28388
-7.28281 -7.28355
-7.28381 -7.28326
-7.28252 -7.28268
-7.28201 -7.28234
-7.28139 -7.28174
-7.28125 -7.28155
-7.28089 -7.28127
-7.27999 -7.28101
-7.2803 -7.2806
-7.28017 -7.28041
-7.28002 -7.28003
-7.27933 -7.27979
-7.27938 -7.27916
-7.27789 -7.27871
-7.27779 -7.27819
-7.27853 -7.27789
-7.27783 -7.27762
-7.27725 -7.27733
-7.27694 -7.27699
-7.2766 -7.27653
-7.27481 -7.27603
-7.27543 -7.27561
-7.27509 -7.27509
-7.27378 -7.27444
-7.27319 -7.27407
-7.27578 -7.2738
-7.272 -7.27339
-7.27286 -7.27307
-7.27262 -7.27272
-7.27344 -7.2724
-7.27206 -7.27212
-7.2709 -7.27154
-7.27084 -7.27134
-7.27128 -7.27118
-7.27162 -7.27073
-7.2721 -7.27057
-7.27151 -7.27018
-7.26874 -7.26951
-7.26883 -7.26915
-7.26865 -7.26891
-7.268 -7.26829
-7.26756 -7.26774
-7.26852 -7.26753
-7.26875 -7.26725
-7.26747 -7.26692
-7.26619 -7.26654
-7.26711 -7.26621
-7.26615 -7.2657
-7.2666 -7.26536
-7.2647 -7.26505
-7.2658 -7.26475
-7.26501 -7.26431
-7.26451 -7.26406
-7.26458 -7.26366
-7.26337 -7.26347
-7.26326 -7.26293
-7.26221 -7.26252
-7.26128 -7.26199
-7.26103 -7.26153
-7.26216 -7.26107
-7.25969 -7.26042
-7.25973 -7.26005
-7.26065 -7.25957
-7.25973 -7.25926
-7.25814 -7.25862
-7.25705 -7.25804
-7.25599 -7.25738
-7.25766 -7.25668
-7.25676 -7.25621
-7.25664 -7.25549
-7.25557 -7.25484
-7.25507 -7.25409
-7.25227 -7.2531
-7.25289 -7.25221
-7.25168 -7.25163
-7.2509 -7.25039
-7.24967 -7.24914
-7.24724 -7.24707
-7.24328 -7.24361
-7.23961 -7.23988
-7.23707 -7.23474
-7.13669 -7.13397
