-7.34918 -7.34915
-7.35226 -7.35211
-7.3463 -7.34588
-7.34977 -7.34964
-7.35153 -7.35146
-7.36191 -7.36167
-7.33833 -7.33859
-7.35563 -7.35543
-7.35152 -7.35148
-7.36266 -7.363
-7.35158 -7.35122
-7.35245 -7.35232
-7.35105 -7.35062
-7.34983 -7.34991
-7.36153 -7.36111
-7.35196 -7.35219
-7.35789 -7.35794
-7.35352 -7.35327
-7.36146 -7.36124
-7.35517 -7.35513
-7.3537 -7.35363
-7.36327 -7.36359
-7.35485 -7.35437
-7.35083 -7.35107
-7.36194 -7.3622
-7.34952 -7.34969
-7.35234 -7.35259
-7.35069 -7.35111
-7.36033 -7.36071
-7.35194 -7.35196
-7.35168 -7.35144
-7.36395 -7.36431
-7.34785 -7.34817
-7.35324 -7.35253
-7.36173 -7.36133
-7.35253 -7.35237
-7.35906 -7.35977
-7.35562 -7.35534
-7.35063 -7.3508
-7.35813 -7.35828
-7.3549 -7.35491
-7.35344 -7.35361
-7.3427 -7.34355
-7.35732 -7.35734
-7.35459 -7.35464
-7.35212 -7.35192
-7.36128 -7.36143
-7.35199 -7.35161
-7.35474 -7.35515
-7.36034 -7.36036
-7.34668 -7.34642
-7.34469 -7.34529
-7.35298 -7.35234
-7.35012 -7.35031
-7.34558 -7.34551
-7.35134 -7.3521
-7.35011 -7.34903
-7.36525 -7.36462
-7.3499 -7.35018
-7.35593 -7.35662
-7.34914 -7.34942
-7.35152 -7.35159
-7.36109 -7.36158
-7.35128 -7.35111
-7.3533 -7.35318
-7.35344 -7.35348
-7.354 -7.35388
-7.3567 -7.35659
-7.35316 -7.35338
-7.36203 -7.36228
-7.35991 -7.36005
-7.34978 -7.34992
-7.35705 -7.3571
-7.35664 -7.35678
-7.35731 -7.35709
-7.34065 -7.34052
-7.34895 -7.34955
-7.35488 -7.35432
-7.35464 -7.35486
-7.35287 -7.35293
-7.34325 -7.34302
-7.3583 -7.35848
-7.34395 -7.34419
-7.35953 -7.35962
-7.35975 -7.36036
-7.35433 -7.35477
-7.34777 -7.34777
-7.33611 -7.33628
-7.35989 -7.35972
-7.35481 -7.35446
-7.46008 -7.45955
-7.45885 -7.45823
-7.44885 -7.4496
-7.44648 -7.44695
-7.36344 -7.36311
-7.35784 -7.3572
-7.41434 -7.41328
-7.35503 -7.35416
-7.36715 -7.36739
-7.35706 -7.35619
-7.34018 -7.33962
-7.41961 -7.41905
-7.36004 -7.35996
-7.41957 -7.41889
-7.41798 -7.4175
-7.36099 -7.36063
-7.45679 -7.45651
-7.33176 -7.33066
-7.32236 -7.32123
-7.34866 -7.34835
-7.3469 -7.34698
-7.31648 -7.31552
-7.30339 -7.30196
-7.29716 -7.29627
-7.45299 -7.45327
-7.41796 -7.41851
-7.44496 -7.44537
-7.378 -7.37852
-7.37921 -7.37962
-7.39485 -7.39544
-7.38621 -7.38677
-7.35703 -7.35759
-7.38976 -7.39011
-7.37853 -7.37821
-7.37985 -7.37935
-7.38195 -7.38154
-7.37551 -7.37557
-7.38427 -7.3841
-7.38238 -7.38195
-7.36674 -7.36663
-7.38354 -7.38357
-7.3695 -7.36928
-7.36052 -7.36053
-7.33578 -7.33582
-7.33157 -7.33211
-7.31658 -7.31571
-7.3236 -7.32302
-7.33455 -7.33371
-7.32763 -7.32713
-7.32725 -7.32705
-7.33082 -7.32992
-7.32238 -7.32171
-7.33141 -7.33092
-7.35045 -7.35009
-7.32311 -7.32235
-7.33324 -7.33282
-7.33009 -7.32968
-7.33383 -7.33363
-7.31546 -7.31548
-7.33609 -7.33551
-7.33192 -7.33124
-7.32793 -7.32698
-7.32641 -7.32594
-7.33587 -7.33583
-7.35811 -7.3575
-7.33729 -7.33729
-7.31524 -7.31506
-7.32169 -7.32075
-7.31995 -7.31939
-7.33043 -7.33055
-7.31663 -7.31519
-7.33014 -7.32919
-7.32909 -7.32791
-7.3378 -7.3372
-7.33224 -7.33204
-7.34817 -7.34818
-7.33198 -7.33144
-7.3326 -7.33142
-7.32924 -7.3278
-7.32193 -7.32119
-7.32091 -7.32033
-7.32995 -7.33002
-7.32044 -7.32013
-7.33133 -7.33025
-7.32445 -7.32451
-7.32301 -7.32197
-7.35232 -7.35214
-7.33492 -7.33461
-7.33698 -7.33622
-7.32719 -7.32665
-7.33047 -7.33041
-7.31959 -7.3194
-7.33081 -7.32988
-7.32466 -7.32458
-7.33344 -7.33259
-7.3281 -7.32774
-7.32666 -7.32644
-7.35664 -7.35603
-7.33419 -7.33338
-7.3411 -7.34102
-7.32881 -7.32814
-7.33643 -7.33563
-7.32042 -7.32008
-7.32874 -7.32893
-7.3302 -7.33033
-7.32909 -7.32889
-7.32454 -7.32426
-7.32275 -7.32214
-7.35566 -7.35515
-7.34098 -7.34083
-7.32621 -7.32595
-7.31982 -7.31815
-7.32775 -7.32672
-7.23034 -7.23011
-7.2554 -7.25365
-7.18733 -7.18517
-7.29479 -7.29358
-7.31018 -7.30864
-7.31408 -7.31285
-7.34506 -7.34488
-7.29026 -7.29108
-7.21779 -7.21713
-7.25998 -7.26037
-7.13399 -7.13397
-7.30501 -7.30391
-7.24758 -7.2475
-7.30731 -7.30746
-7.19008 -7.18974
-7.30015 -7.29971
-7.23534 -7.23474
-7.3513 -7.35145
-7.37046 -7.37074
-7.29067 -7.28935
-7.24497 -7.24461
-7.24837 -7.24911
-7.22647 -7.22607
-7.44784 -7.44776
-7.45773 -7.4571
-7.45416 -7.4535
-7.43239 -7.43306
-7.43928 -7.4388
-7.44174 -7.44214
-7.34711 -7.34638
-7.46091 -7.46036
-7.418 -7.41859
-7.44375 -7.44432
-7.45385 -7.45343
-7.46219 -7.46182
-7.46152 -7.46103
-7.46044 -7.45993
-7.42103 -7.42132
-7.4515 -7.45183
-7.46188 -7.46163
-7.35155 -7.3515
-7.45496 -7.45475
-7.45714 -7.4572
-7.43677 -7.43691
-7.45266 -7.45257
-7.46071 -7.4602
-7.45382 -7.454
-7.45907 -7.45867
-7.4098 -7.41032
-7.42981 -7.42989
-7.46189 -7.46177
-7.36287 -7.3623
-7.40786 -7.40841
-7.44387 -7.44411
-7.44352 -7.44366
-7.40848 -7.40905
-7.41347 -7.41413
-7.44328 -7.4429
-7.45811 -7.45784
-7.45729 -7.45693
-7.43351 -7.43398
-7.4557 -7.45515
-7.34781 -7.3479
-7.45084 -7.4502
-7.44207 -7.44233
-7.4387 -7.43884
-7.44671 -7.44695
-7.42982 -7.42978
-7.42754 -7.42827
-7.42111 -7.42178
-7.39994 -7.40043
-7.45756 -7.45711
-7.4558 -7.4552
-7.35662 -7.35671
-7.43631 -7.43624
-7.36334 -7.36369
-7.38177 -7.38176
-7.42027 -7.41998
-7.40969 -7.40961
-7.42305 -7.4225
-7.39436 -7.39424
-7.42152 -7.42239
-7.40736 -7.40821
-7.43028 -7.43093
-7.35507 -7.35503
-7.43804 -7.43796
-7.36154 -7.36143
-7.43497 -7.4349
-7.37098 -7.37168
-7.4385 -7.43804
-7.40521 -7.40567
-7.43478 -7.43425
-7.4214 -7.42091
-7.44221 -7.44191
-7.43335 -7.43386
-7.34859 -7.34862
-7.35974 -7.36069
-7.42211 -7.42258
-7.36869 -7.36892
-7.38543 -7.38535
-7.36732 -7.36759
-7.41156 -7.41168
-7.38708 -7.38776
-7.38813 -7.38838
-7.40599 -7.40604
-7.37706 -7.37738
-7.35618 -7.35667
-7.37756 -7.37681
-7.3497 -7.35037
-7.43283 -7.43216
-7.35795 -7.35881
-7.42729 -7.42753
-7.41455 -7.41508
-7.40615 -7.40571
-7.4369 -7.43665
-7.41894 -7.41914
-7.42206 -7.42203
-7.36004 -7.35993
-7.38921 -7.38961
-7.40269 -7.40356
-7.3746 -7.37416
-7.38299 -7.38173
-7.43528 -7.43475
-7.42579 -7.42542
-7.42091 -7.42066
-7.43443 -7.43387
-7.41117 -7.41194
-7.3311 -7.33213
-7.36118 -7.36125
-7.35245 -7.35184
-7.36357 -7.36397
-7.39258 -7.39264
-7.40898 -7.40855
-7.4155 -7.41606
-7.40569 -7.40548
-7.43239 -7.43184
-7.43324 -7.43321
-7.43541 -7.43455
-7.36735 -7.36633
-7.374 -7.37423
-7.36176 -7.36154
-7.41855 -7.41796
-7.37053 -7.36896
-7.35037 -7.35064
-7.37134 -7.37054
-7.37387 -7.37381
-7.35545 -7.3559
-7.33098 -7.33205
-7.3648 -7.36419
-7.40853 -7.4082
-7.41551 -7.41499
-7.35294 -7.35294
-7.42078 -7.42049
-7.37051 -7.37003
-7.3459 -7.34547
-7.37522 -7.374
-7.37037 -7.37044
-7.32649 -7.32667
-7.34611 -7.3458
-7.36733 -7.36691
-7.36939 -7.36881
-7.37486 -7.37466
-7.34894 -7.34967
-7.36322 -7.3624
-7.37836 -7.37711
-7.37654 -7.37546
-7.35405 -7.35416
-7.36937 -7.36848
-7.41483 -7.4142
-7.40148 -7.40177
-7.35845 -7.35842
-7.3496 -7.34922
-7.35633 -7.35716
-7.34426 -7.34382
-7.35052 -7.35046
-7.37723 -7.37616
-7.35524 -7.35529
-7.33474 -7.33508
-7.38607 -7.38708
-7.37878 -7.37804
-7.33054 -7.33178
-7.33606 -7.33447
-7.41885 -7.41847
-7.36637 -7.36638
-7.3602 -7.36087
-7.34372 -7.34273
-7.37095 -7.3702
-7.36252 -7.36235
-7.35287 -7.35298
-7.35848 -7.35805
-7.36276 -7.36134
-7.37848 -7.37814
-7.37591 -7.376
-7.40277 -7.40363
-7.33596 -7.33659
-7.34049 -7.34056
-7.39474 -7.39506
-7.3443 -7.34278
-7.35006 -7.35051
-7.36425 -7.36534
-7.33019 -7.33109
-7.28 -7.28045
-7.28744 -7.28693
-7.30183 -7.3012
-7.31867 -7.31741
-7.24105 -7.2384
-7.35775 -7.3574
-7.24488 -7.24312
-7.28471 -7.28359
-7.33547 -7.33474
-7.25326 -7.25139
-7.24407 -7.24523
-7.26478 -7.26505
-7.23501 -7.23615
-7.21185 -7.21055
-7.23176 -7.22961
-7.23913 -7.23707
-7.34511 -7.34532
-7.24769 -7.24671
-7.26051 -7.25899
-7.32571 -7.32672
-7.31814 -7.31718
-7.30721 -7.30667
-7.29328 -7.29347
-7.31519 -7.31498
-7.30062 -7.30067
-7.30655 -7.30662
-7.31741 -7.31727
-7.3546 -7.35474
-7.29632 -7.29598
-7.31107 -7.31093
-7.30911 -7.30937
-7.31172 -7.3109
-7.30557 -7.30516
-7.29433 -7.29388
-7.31018 -7.30874
-7.31533 -7.31579
-7.28502 -7.28463
-7.28214 -7.28254
-7.35451 -7.35535
-7.35759 -7.35761
-7.28795 -7.28888
-7.28492 -7.28391
-7.29289 -7.29304
-7.29459 -7.29479
-7.28105 -7.2813
-7.28363 -7.28305
-7.29694 -7.29586
-7.28882 -7.28835
-7.28359 -7.28332
-7.29554 -7.29564
-7.35499 -7.35539
-7.27377 -7.27382
-7.28867 -7.28867
-7.29176 -7.29205
-7.28905 -7.2893
-7.30266 -7.3025
-7.28442 -7.28487
-7.26925 -7.26861
-7.28982 -7.28964
-7.29254 -7.29256
-7.29445 -7.29431
-7.34394 -7.34403
-7.28074 -7.28041
-7.30269 -7.30185
-7.29352 -7.29425
-7.28107 -7.28166
-7.28383 -7.28536
-7.29085 -7.29006
-7.29261 -7.29272
-7.28497 -7.285
-7.28001 -7.28076
-7.2899 -7.28962
-7.34924 -7.34929
-7.28794 -7.28808
-7.28148 -7.28149
-7.28213 -7.28178
-7.27498 -7.27474
-7.28391 -7.284
-7.28245 -7.28221
-7.27989 -7.28079
-7.26982 -7.27052
-7.2855 -7.28531
-7.29741 -7.29751
-7.35293 -7.35284
-7.28928 -7.29008
-7.28165 -7.2806
-7.28223 -7.28234
-7.29241 -7.29149
-7.27388 -7.2732
-7.29465 -7.29496
-7.28364 -7.28254
-7.28138 -7.27992
-7.28876 -7.28861
-7.27079 -7.27144
-7.3499 -7.34974
-7.28714 -7.28639
-7.28397 -7.28351
-7.29396 -7.2933
-7.28185 -7.28201
-7.28484 -7.28407
-7.29273 -7.29379
-7.29724 -7.29757
-7.27485 -7.27481
-7.30667 -7.30655
-7.27923 -7.27834
-7.34974 -7.34981
-7.3008 -7.3001
-7.28448 -7.28408
-7.3016 -7.30148
-7.29238 -7.29179
-7.27257 -7.27212
-7.27586 -7.27581
-7.28148 -7.28121
-7.27142 -7.27068
-7.28455 -7.28431
-7.29329 -7.29237
-7.34734 -7.34705
-7.27765 -7.27777
-7.29406 -7.29391
-7.28599 -7.28538
-7.29877 -7.29969
-7.28129 -7.2801
-7.29772 -7.29705
-7.27183 -7.27226
-7.27941 -7.27989
-7.28142 -7.28103
-7.28219 -7.28156
-7.35626 -7.3569
-7.28832 -7.28893
-7.28915 -7.28895
-7.28313 -7.28161
-7.29454 -7.29521
-7.27349 -7.27407
-7.26712 -7.26679
-7.2899 -7.28985
-7.27746 -7.27724
-7.28496 -7.28526
-7.29404 -7.29222
-7.35125 -7.35157
-7.27168 -7.27164
-7.28893 -7.28892
-7.28082 -7.28081
-7.28651 -7.28647
-7.30887 -7.30849
-7.28482 -7.28553
-7.29562 -7.29592
-7.2711 -7.27102
-7.29378 -7.29364
-7.27978 -7.28001
-7.35612 -7.35609
-7.35791 -7.35776
-7.27438 -7.27427
-7.30397 -7.30389
-7.29607 -7.29654
-7.28397 -7.28282
-7.29872 -7.29817
-7.28192 -7.28277
-7.27811 -7.27777
-7.29309 -7.29479
-7.29667 -7.29669
-7.29289 -7.29222
-7.36044 -7.36051
-7.26366 -7.26394
-7.263 -7.26431
-7.27117 -7.27145
-7.28967 -7.28882
-7.28657 -7.28488
-7.29611 -7.29617
-7.28525 -7.28437
-7.26303 -7.26197
-7.27106 -7.27058
-7.28557 -7.2859
-7.35587 -7.35614
-7.29837 -7.29833
-7.28734 -7.28674
-7.28943 -7.28954
-7.27658 -7.27723
-7.28885 -7.28915
-7.27041 -7.27025
-7.28146 -7.28104
-7.29621 -7.29732
-7.28826 -7.28793
-7.29303 -7.29262
-7.35141 -7.35132
-7.27795 -7.27799
-7.35287 -7.35269
-7.35972 -7.35978
-7.35745 -7.35739
-7.34627 -7.34624
-7.35644 -7.35657
-7.36197 -7.36292
-7.34992 -7.34987
-7.35246 -7.35273
-7.35144 -7.35103
-7.34345 -7.34334
-7.34989 -7.34987
-7.36129 -7.36064
-7.35719 -7.35675
-7.36077 -7.36032
-7.34792 -7.34809
-7.35667 -7.35654
-7.35735 -7.35744
-7.35916 -7.35931
-7.3649 -7.3649
-7.35004 -7.35032
-7.3442 -7.34448
-7.3481 -7.34841
-7.36126 -7.361
-7.35155 -7.35236
-7.34345 -7.34319
-7.34803 -7.3474
-7.35184 -7.35109
-7.3462 -7.34622
-7.34765 -7.34788
-7.34689 -7.34633
-7.35138 -7.35122
-7.35501 -7.35522
-7.35404 -7.3539
-7.35316 -7.35286
-7.35216 -7.3516
-7.35876 -7.35824
-7.35151 -7.35143
-7.34537 -7.34556
-7.35981 -7.35998
-7.35435 -7.35448
-7.36293 -7.36243
-7.3457 -7.34549
-7.32779 -7.32838
-7.33416 -7.33365
-7.33203 -7.3319
-7.34177 -7.34158
-7.33666 -7.33657
-7.32108 -7.32069
-7.33299 -7.33302
-7.32694 -7.32731
-7.32897 -7.32883
-7.34546 -7.34604
-7.33639 -7.3358
-7.3433 -7.34343
-7.3385 -7.33862
-7.33004 -7.33033
-7.32024 -7.31963
-7.32604 -7.32585
-7.34003 -7.3394
-7.33866 -7.33889
-7.33431 -7.33396
-7.33859 -7.33756
-7.34106 -7.34062
-7.32085 -7.3209
-7.32877 -7.32811
-7.32596 -7.32518
-7.33199 -7.33113
-7.31827 -7.31755
-7.34753 -7.34779
-7.34417 -7.34392
-7.34731 -7.34786
-7.33555 -7.33623
-7.32956 -7.33036
-7.32745 -7.3275
-7.33863 -7.33872
-7.33232 -7.33334
-7.34694 -7.34658
-7.32206 -7.32257
-7.33264 -7.33265
-7.32881 -7.32836
-7.33919 -7.33888
-7.36124 -7.36149
-7.35732 -7.35715
-7.35847 -7.35834
-7.35208 -7.35255
-7.34467 -7.34524
-7.32331 -7.32323
-7.33587 -7.3353
-7.33551 -7.33456
-7.33994 -7.34012
-7.33698 -7.33672
-7.34477 -7.34527
-7.33303 -7.33279
-7.32019 -7.31953
-7.34591 -7.34597
-7.35419 -7.35415
-7.36142 -7.36126
-7.34961 -7.3502
-7.3374 -7.33757
-7.33127 -7.33157
-7.33366 -7.33327
-7.3476 -7.34742
-7.32832 -7.32759
-7.34039 -7.3396
-7.33239 -7.33302
-7.34595 -7.3449
-7.33289 -7.33248
-7.35207 -7.3517
-7.3399 -7.33918
-7.33517 -7.33476
-7.31718 -7.31715
-7.32019 -7.32057
-7.32366 -7.32313
-7.33519 -7.33452
-7.32246 -7.32226
-7.33388 -7.33342
-7.3318 -7.33252
-7.32761 -7.32776
-7.34485 -7.34451
-7.35487 -7.35519
-7.3449 -7.34604
-7.33977 -7.33981
-7.3453 -7.34483
-7.33306 -7.33245
-7.33582 -7.33586
-7.32797 -7.32765
-7.3279 -7.32778
-7.32737 -7.3275
-7.33455 -7.33379
-7.33463 -7.33427
-7.3645 -7.36395
-7.35612 -7.35598
-7.35099 -7.35025
-7.35522 -7.35497
-7.34702 -7.34661
-7.33409 -7.33368
-7.33162 -7.33062
-7.32499 -7.32457
-7.33455 -7.33458
-7.31462 -7.31415
-7.32832 -7.32784
-7.33248 -7.33177
-7.33171 -7.33138
-7.3317 -7.33179
-7.32481 -7.32472
-7.32564 -7.32505
-7.32932 -7.329
-7.32381 -7.3238
-7.34969 -7.34943
-7.33136 -7.33094
-7.31731 -7.31749
-7.3465 -7.34664
-7.3343 -7.33384
-7.32261 -7.32172
-7.36284 -7.36267
-7.34638 -7.3465
-7.33157 -7.33147
-7.32702 -7.32685
-7.34338 -7.34352
-7.32554 -7.32496
-7.32575 -7.32611
-7.33296 -7.3332
-7.3276 -7.32791
-7.32859 -7.32864
-7.32624 -7.32643
-7.33072 -7.33085
-7.33339 -7.33345
-7.32295 -7.32284
-7.3182 -7.31846
-7.32604 -7.32573
-7.33998 -7.34005
-7.35455 -7.3548
-7.35098 -7.35128
-7.33368 -7.33405
-7.31071 -7.3103
-7.33997 -7.33988
-7.33927 -7.33991
-7.3499 -7.34977
-7.3505 -7.35019
-7.34553 -7.34515
-7.32098 -7.32144
-7.33448 -7.33498
-7.33803 -7.33848
-7.33697 -7.33703
-7.33686 -7.33577
-7.33416 -7.33415
-7.32979 -7.32936
-7.33799 -7.33739
-7.3345 -7.33444
-7.34003 -7.34007
-7.33529 -7.33494
-7.32661 -7.32568
-7.3294 -7.32886
-7.33506 -7.3343
-7.32077 -7.32088
-7.3014 -7.3017
-7.3191 -7.31894
-7.30851 -7.30874
-7.30474 -7.30445
-7.31149 -7.31193
-7.30386 -7.30343
-7.28402 -7.28465
-7.29106 -7.29061
-7.28513 -7.28445
-7.27281 -7.27221
-7.29347 -7.29368
-7.28993 -7.28935
-7.29325 -7.29282
-7.29415 -7.29424
-7.28672 -7.28704
-7.27284 -7.27379
-7.27315 -7.27208
-7.28687 -7.28645
-7.28482 -7.28399
-7.26786 -7.26827
-7.2644 -7.26485
-7.26385 -7.26274
-7.2722 -7.27122
-7.2682 -7.26725
-7.25983 -7.26
-7.26793 -7.26939
-7.26128 -7.26114
-7.28313 -7.28285
-7.29315 -7.29387
-7.27623 -7.27588
-7.28864 -7.28855
-7.2834 -7.28267
-7.31723 -7.317
-7.28324 -7.28359
-7.31157 -7.31112
-7.28973 -7.29027
-7.27855 -7.27783
-7.27768 -7.27875
-7.27527 -7.2762
-7.29011 -7.28962
-7.28672 -7.2861
-7.28818 -7.28746
-7.28034 -7.28006
-7.28881 -7.28903
-7.28083 -7.28102
-7.26546 -7.266
-7.28212 -7.28147
-7.25951 -7.25945
-7.26369 -7.26326
-7.26758 -7.26836
-7.27111 -7.27072
-7.27132 -7.27073
-7.26342 -7.26271
-7.25761 -7.25802
-7.27326 -7.27359
-7.27359 -7.27388
-7.27054 -7.2713
-7.27167 -7.2729
-7.29807 -7.29869
-7.31379 -7.31348
-7.27795 -7.27809
-7.28675 -7.28601
-7.29765 -7.29622
-7.31494 -7.31446
-7.29679 -7.29695
-7.29847 -7.29831
-7.28907 -7.29004
-7.28414 -7.28358
-7.29253 -7.29285
-7.28212 -7.28254
-7.2802 -7.28117
-7.30327 -7.30348
-7.28791 -7.28763
-7.27408 -7.27444
-7.27049 -7.27037
-7.2615 -7.26104
-7.25566 -7.25518
-7.24416 -7.24398
-7.24364 -7.24361
-7.23848 -7.23932
-7.25411 -7.2551
-7.26719 -7.26767
-7.26253 -7.26261
-7.25067 -7.25086
-7.25119 -7.25088
-7.26067 -7.26022
-7.26383 -7.26384
-7.28663 -7.28653
-7.27712 -7.27729
-7.29366 -7.29343
-7.27601 -7.27545
-7.2668 -7.26706
-7.2717 -7.27205
-7.27206 -7.27251
-7.27007 -7.27067
-7.28274 -7.28273
-7.28933 -7.28966
-7.26381 -7.26424
-7.26729 -7.26872
-7.27883 -7.27904
-7.26731 -7.2662
-7.2725 -7.27132
-7.27803 -7.2769
-7.28371 -7.2843
-7.32091 -7.32081
-7.29907 -7.29804
-7.28247 -7.28344
-7.26937 -7.26887
-7.28494 -7.28536
-7.29543 -7.29595
-7.28575 -7.28552
-7.27086 -7.27045
-7.29157 -7.29202
-7.29974 -7.30072
-7.29383 -7.29398
-7.2681 -7.26723
-7.28727 -7.28701
-7.27398 -7.27343
-7.26724 -7.2673
-7.26594 -7.26654
-7.25539 -7.25517
-7.25309 -7.25267
-7.26295 -7.26309
-7.2851 -7.28338
-7.28208 -7.28143
-7.2569 -7.25666
-7.26398 -7.26443
-7.27112 -7.27071
-7.25152 -7.25245
-7.25771 -7.25825
-7.25954 -7.25958
-7.2698 -7.27002
-7.26905 -7.26919
-7.30154 -7.30228
-7.30278 -7.30208
-7.306 -7.30578
-7.2878 -7.28638
-7.28921 -7.28967
-7.27859 -7.27871
-7.28765 -7.28782
-7.27685 -7.27689
-7.27142 -7.27075
-7.26051 -7.26104
-7.28117 -7.28168
-7.26567 -7.26557
-7.26744 -7.26764
-7.27103 -7.26974
-7.2645 -7.2643
-7.28408 -7.28377
-7.31295 -7.31339
-7.27616 -7.27809
-7.31083 -7.30979
-7.30578 -7.30478
-7.2921 -7.29152
-7.30855 -7.30796
-7.29019 -7.29095
-7.28843 -7.28784
-7.27223 -7.27212
-7.28506 -7.28385
-7.27423 -7.2724
-7.27036 -7.27025
-7.2668 -7.26805
-7.26035 -7.2601
-7.24968 -7.24931
-7.27868 -7.27856
-7.27542 -7.27389
-7.2798 -7.2791
-7.28005 -7.27963
-7.27928 -7.28001
-7.25663 -7.2575
-7.31211 -7.31261
-7.31365 -7.31305
-7.27607 -7.27671
-7.27615 -7.2755
-7.29183 -7.29098
-7.30598 -7.30599
-7.29488 -7.29497
-7.2877 -7.28822
-7.27354 -7.27489
-7.28482 -7.28476
-7.24812 -7.24941
-7.27056 -7.27126
-7.26881 -7.26895
-7.2694 -7.27001
-7.25133 -7.2521
-7.26863 -7.26772
-7.28188 -7.28154
-7.23971 -7.23988
-7.25617 -7.25569
-7.31066 -7.31087
-7.29839 -7.29915
-7.30272 -7.30322
-7.30092 -7.30163
-7.30146 -7.30187
-7.2861 -7.28639
-7.27582 -7.27669
-7.28064 -7.28172
-7.28193 -7.28174
-7.31479 -7.31469
-7.28424 -7.28444
-7.2726 -7.27244
-7.26389 -7.26385
-7.2648 -7.26617
-7.26422 -7.26451
-7.24136 -7.24176
-7.27047 -7.27031
-7.26139 -7.26144
-7.26605 -7.26627
-7.2762 -7.27626
-7.27146 -7.27092
-7.25099 -7.25152
-7.25555 -7.25634
-7.2589 -7.25879
-7.25937 -7.25981
-7.25519 -7.25521
-7.25559 -7.25525
-7.26655 -7.26715
-7.27046 -7.27041
-7.25232 -7.25221
-7.26581 -7.26551
-7.27165 -7.27165
-7.27403 -7.27437
-7.29608 -7.29573
-7.29316 -7.29236
-7.29268 -7.29336
-7.30081 -7.30082
-7.29011 -7.29075
-7.28045 -7.28098
-7.2786 -7.27785
-7.25588 -7.25658
-7.27387 -7.27281
-7.27965 -7.27972
-7.27587 -7.2743
-7.27021 -7.26991
-7.25579 -7.25565
-7.23788 -7.23791
-7.2602 -7.26044
-7.25674 -7.25584
-7.25743 -7.25735
-7.26414 -7.26466
-7.25816 -7.25815
-7.24704 -7.24721
-7.25299 -7.25296
-7.27371 -7.2728
-7.27147 -7.27137
-7.24964 -7.25005
-7.25949 -7.26005
-7.28649 -7.28668
-7.26801 -7.2683
-7.31633 -7.31714
-7.2969 -7.296
-7.29559 -7.29564
-7.30191 -7.30202
-7.30464 -7.30377
-7.31242 -7.31158
-7.29289 -7.29364
-7.28475 -7.28509
-7.2783 -7.27789
-7.25565 -7.25566
-7.26393 -7.26419
-7.2591 -7.25938
-7.27759 -7.27759
-7.26567 -7.26547
-7.2614 -7.26213
-7.2703 -7.27123
-7.27208 -7.27254
-7.26986 -7.27098
-7.26743 -7.26769
-7.26166 -7.26147
-7.28192 -7.28188
-7.25917 -7.25951
-7.28767 -7.28839
-7.27312 -7.27262
-7.27288 -7.27334
-7.2568 -7.25588
-7.27029 -7.27113
-7.3081 -7.30781
-7.30203 -7.30105
-7.27745 -7.27794
-7.30111 -7.30094
-7.29641 -7.2974
-7.27245 -7.27227
-7.27006 -7.26878
-7.27109 -7.2716
-7.27769 -7.27705
-7.28938 -7.28977
-7.28112 -7.28127
-7.26382 -7.26381
-7.26017 -7.25941
-7.28205 -7.28199
-7.269 -7.2692
-7.27586 -7.27561
-7.26658 -7.26779
-7.26413 -7.26483
-7.25283 -7.25285
-7.26039 -7.2604
-7.26433 -7.26406
-7.27641 -7.27605
-7.27162 -7.2729
-7.32055 -7.31976
-7.32397 -7.32386
-7.32467 -7.32465
-7.30623 -7.30688
-7.31325 -7.31253
-7.28378 -7.28349
-7.27362 -7.27233
-7.27151 -7.27075
-7.27846 -7.27766
-7.26414 -7.26446
-7.29419 -7.29398
-7.28633 -7.28546
-7.28359 -7.28355
-7.2728 -7.27316
-7.29094 -7.29157
-7.27859 -7.27881
-7.28295 -7.28374
-7.25706 -7.25571
-7.28881 -7.28844
-7.26545 -7.26613
-7.26779 -7.26774
-7.24553 -7.24653
-7.26377 -7.26358
-7.27665 -7.27652
-7.27607 -7.27539
-7.27143 -7.2721
-7.2598 -7.26005
-7.27271 -7.27337
-7.26701 -7.26724
-7.28604 -7.28661
-7.27851 -7.27814
-7.28941 -7.29014
-7.28432 -7.28419
-7.2887 -7.28868
-7.2839 -7.2839
-7.28112 -7.28025
-7.27307 -7.27405
-7.27134 -7.27251
-7.27347 -7.27233
-7.2585 -7.25751
-7.26396 -7.26404
-7.25551 -7.25533
-7.26225 -7.26214
-7.26145 -7.26153
-7.26182 -7.26239
-7.26607 -7.26516
-7.27312 -7.2735
-7.26575 -7.2657
-7.26221 -7.26252
-7.30834 -7.30892
-7.31152 -7.31195
-7.30359 -7.30293
-7.29623 -7.29658
-7.30914 -7.30758
-7.29126 -7.2912
-7.27788 -7.27762
-7.28078 -7.28043
-7.2869 -7.28684
-7.27389 -7.27454
-7.28761 -7.28715
-7.28522 -7.28408
-7.28581 -7.28624
-7.28389 -7.28502
-7.29045 -7.29039
-7.25108 -7.25103
-7.26041 -7.2601
-7.26329 -7.26361
-7.27201 -7.27278
-7.26895 -7.269
-7.27097 -7.27134
-7.26181 -7.26172
-7.23756 -7.23797
-7.2457 -7.24723
-7.27915 -7.28092
-7.24897 -7.24981
-7.25136 -7.25076
-7.23635 -7.23605
-7.26336 -7.26303
-7.27371 -7.2728
-7.26738 -7.2671
-7.25704 -7.25668
-7.27844 -7.27768
-7.26292 -7.26293
-7.26896 -7.26946
-7.25026 -7.24967
-7.27349 -7.27392
-7.29651 -7.29629
-7.27046 -7.26967
-7.27325 -7.27338
-7.26759 -7.26711
-7.272 -7.27339
-7.2847 -7.2852
-7.28497 -7.2856
-7.2883 -7.28827
-7.26406 -7.26323
-7.26038 -7.26042
-7.25463 -7.25524
-7.2517 -7.25194
-7.25049 -7.25039
-7.26068 -7.26053
-7.25426 -7.25648
-7.29265 -7.29243
-7.28764 -7.28714
-7.29633 -7.29585
-7.30662 -7.306
-7.30865 -7.30896
-7.2619 -7.26253
-7.28166 -7.28225
-7.29303 -7.29333
-7.26015 -7.25957
-7.27128 -7.27042
-7.26552 -7.26534
-7.25165 -7.25241
-7.2963 -7.29676
-7.26548 -7.26475
-7.26005 -7.26009
-7.26894 -7.26901
-7.27921 -7.28035
-7.26066 -7.26115
-7.26708 -7.26753
-7.26039 -7.26034
-7.24877 -7.24782
-7.26747 -7.26746
-7.26318 -7.26323
-7.24668 -7.24707
-7.23784 -7.23849
-7.25042 -7.25102
-7.25925 -7.25953
-7.27199 -7.27097
-7.26809 -7.26753
-7.25179 -7.25126
-7.26195 -7.26161
-7.2731 -7.27298
-7.27086 -7.27134
-7.25526 -7.25602
-7.25347 -7.25275
-7.26742 -7.2672
-7.32373 -7.32333
-7.31606 -7.31663
-7.31221 -7.31274
-7.30098 -7.3008
-7.30246 -7.30207
-7.28425 -7.28472
-7.27824 -7.27883
-7.2729 -7.27302
-7.27199 -7.27165
-7.25616 -7.25549
-7.26368 -7.26421
-7.2749 -7.27541
-7.24128 -7.24139
-7.31561 -7.31699
-7.29248 -7.29268
-7.31083 -7.31067
-7.29327 -7.2934
-7.29164 -7.29173
-7.28798 -7.28823
-7.27715 -7.27721
-7.2703 -7.26933
-7.2663 -7.2676
-7.27812 -7.27737
-7.29885 -7.29916
-7.30843 -7.30845
-7.26714 -7.26662
-7.27151 -7.27139
-7.28749 -7.2872
-7.27794 -7.27876
-7.30652 -7.30787
-7.27948 -7.27968
-7.26799 -7.26771
-7.27969 -7.28042
-7.2614 -7.26168
-7.26161 -7.26196
-7.25818 -7.25824
-7.26514 -7.26505
-7.2764 -7.27731
-7.26722 -7.26692
-7.24664 -7.24595
-7.26168 -7.26218
-7.27063 -7.27066
-7.27697 -7.27645
-7.24578 -7.24669
-7.26696 -7.26621
-7.2665 -7.26568
-7.31062 -7.31124
-7.30236 -7.3025
-7.29952 -7.29955
-7.28482 -7.28475
-7.29467 -7.29375
-7.29174 -7.29184
-7.30074 -7.30081
-7.28504 -7.28497
-7.2721 -7.27139
-7.25192 -7.25228
-7.2538 -7.25499
-7.26653 -7.26765
-7.27758 -7.27733
-7.27699 -7.2758
-7.26251 -7.26292
-7.2745 -7.27394
-7.28065 -7.2809
-7.25524 -7.25397
-7.25396 -7.25457
-7.27529 -7.27461
-7.28174 -7.28167
-7.28432 -7.28582
-7.27039 -7.27142
-7.28736 -7.28911
-7.3007 -7.3015
-7.28966 -7.28897
-7.28801 -7.28801
-7.29138 -7.2904
-7.28835 -7.2886
-7.28214 -7.28214
-7.2908 -7.2912
-7.29389 -7.2941
-7.26995 -7.27069
-7.2748 -7.27489
-7.28662 -7.28663
-7.28186 -7.28169
-7.27646 -7.27653
-7.2792 -7.28057
-7.2704 -7.27088
-7.28702 -7.28817
-7.26387 -7.26437
-7.25385 -7.25412
-7.25008 -7.24974
-7.26216 -7.26192
-7.26017 -7.25972
-7.2586 -7.25837
-7.2547 -7.25471
-7.25767 -7.25684
-7.26668 -7.26689
-7.27016 -7.26905
-7.23297 -7.23297
-7.3019 -7.30246
-7.30036 -7.30153
-7.31382 -7.3125
-7.29298 -7.29228
-7.28437 -7.28434
-7.29318 -7.29308
-7.2803 -7.27975
-7.28342 -7.28401
-7.28419 -7.28353
-7.26792 -7.26903
-7.2809 -7.28168
-7.26054 -7.26054
-7.26543 -7.26496
-7.26586 -7.26568
-7.2581 -7.25862
-7.25691 -7.25664
-7.26481 -7.26425
-7.26184 -7.26185
-7.25369 -7.25444
-7.25261 -7.25238
-7.26114 -7.26099
-7.2497 -7.25031
-7.2525 -7.25273
-7.2512 -7.25177
-7.2375 -7.2377
-7.2751 -7.2752
-7.30927 -7.31005
-7.30348 -7.30371
-7.29665 -7.29637
-7.267 -7.26629
-7.26759 -7.26781
-7.29215 -7.2915
-7.26562 -7.26587
-7.26496 -7.26387
-7.28867 -7.28874
-7.2782 -7.27734
-7.26803 -7.26747
-7.2652 -7.26518
-7.27658 -7.27556
-7.287 -7.28829
-7.25092 -7.2522
-7.26728 -7.26663
-7.26797 -7.26675
-7.26413 -7.26449
-7.26547 -7.26533
-7.26217 -7.26294
-7.2919 -7.29155
-7.28469 -7.28454
-7.30124 -7.30041
-7.30445 -7.30387
-7.31394 -7.31366
-7.31144 -7.31097
-7.28249 -7.28268
-7.28051 -7.27893
-7.27347 -7.27414
-7.25289 -7.25394
-7.26229 -7.26318
-7.26832 -7.26915
-7.26261 -7.26087
-7.27928 -7.28004
-7.26453 -7.26413
-7.27045 -7.27148
-7.26489 -7.26431
-7.24223 -7.24173
-7.23645 -7.23552
-7.31024 -7.31021
-7.30415 -7.30427
-7.30566 -7.30451
-7.28387 -7.28427
-7.28515 -7.28336
-7.28439 -7.28408
-7.28711 -7.28707
-7.27782 -7.27881
-7.27891 -7.27831
-7.26386 -7.26407
-7.28552 -7.28495
-7.27187 -7.27235
-7.26027 -7.25957
-7.25134 -7.25192
-7.25606 -7.25621
-7.29095 -7.29071
-7.30335 -7.30422
-7.28998 -7.28937
-7.30166 -7.3008
-7.2823 -7.28214
-7.27953 -7.27979
-7.29662 -7.29681
-7.28634 -7.28581
-7.25782 -7.25743
-7.27739 -7.27785
-7.25786 -7.25884
-7.25771 -7.25804
-7.27325 -7.27328
-7.26796 -7.26851
-7.25296 -7.25386
-7.2747 -7.27523
-7.28223 -7.28308
-7.26175 -7.26153
-7.26851 -7.26951
-7.2643 -7.26436
-7.26229 -7.26248
-7.27764 -7.27762
-7.26788 -7.2676
-7.24713 -7.24782
-7.28855 -7.28876
-7.31819 -7.31677
-7.31308 -7.31398
-7.32151 -7.3214
-7.30136 -7.30211
-7.30227 -7.30269
-7.29467 -7.29508
-7.27754 -7.27794
-7.29213 -7.2918
-7.27975 -7.28021
-7.28019 -7.27919
-7.27387 -7.27396
-7.26604 -7.26688
-7.27779 -7.27799
-7.28829 -7.28791
-7.30512 -7.30537
-7.27851 -7.27888
-7.26831 -7.26775
-7.24179 -7.24255
-7.25156 -7.25187
-7.26426 -7.26501
-7.23306 -7.23166
-7.26608 -7.26505
-7.27014 -7.26974
-7.27567 -7.27509
-7.27716 -7.27751
-7.26134 -7.26164
-7.25372 -7.25481
-7.2889 -7.28976
-7.27509 -7.27563
-7.24449 -7.24511
-7.26105 -7.26019
-7.26914 -7.27024
-7.26223 -7.26336
-7.30015 -7.3003
-7.29628 -7.29656
-7.3199 -7.31967
-7.30257 -7.30284
-7.28139 -7.28126
-7.27538 -7.27662
-7.27821 -7.27753
-7.27803 -7.27927
-7.29315 -7.29297
-7.26895 -7.26818
-7.28864 -7.28925
-7.28696 -7.2868
-7.27104 -7.27018
-7.27376 -7.27322
-7.26488 -7.26504
-7.25269 -7.25163
-7.27334 -7.27351
-7.27432 -7.27521
-7.25987 -7.25929
-7.26269 -7.26352
-7.24918 -7.24974
-7.25443 -7.25483
-7.25804 -7.25889
-7.26372 -7.26504
-7.31422 -7.31492
-7.30637 -7.30565
-7.30672 -7.30648
-7.29288 -7.29327
-7.28964 -7.28972
-7.307 -7.30678
-7.30563 -7.30532
-7.29202 -7.29199
-7.28068 -7.28052
-7.28114 -7.28138
-7.28375 -7.28326
-7.29917 -7.29919
-7.27754 -7.27841
-7.25727 -7.25629
-7.26063 -7.25996
-7.27314 -7.27364
-7.25591 -7.25663
-7.27965 -7.27916
-7.26627 -7.26496
-7.26953 -7.26917
-7.25708 -7.25844
-7.25691 -7.25722
-7.27529 -7.27603
-7.25444 -7.2551
-7.25313 -7.25369
-7.29062 -7.29154
-7.26227 -7.26318
-7.26933 -7.26872
-7.2832 -7.28364
-7.26802 -7.26829
-7.26328 -7.26347
-7.25953 -7.26004
-7.25846 -7.25813
-7.30901 -7.30907
-7.29497 -7.29535
-7.29239 -7.29153
-7.30864 -7.30804
-7.27516 -7.27666
-7.27929 -7.28041
-7.28237 -7.28256
-7.27601 -7.27602
-7.25772 -7.25834
-7.27275 -7.27194
-7.27114 -7.27145
-7.28399 -7.28471
-7.25999 -7.25928
-7.26628 -7.26641
-7.21075 -7.21157
-7.26045 -7.26059
-7.2564 -7.25673
-7.26416 -7.26274
-7.24927 -7.24895
-7.25504 -7.25466
-7.31236 -7.31264
-7.3039 -7.30298
-7.30415 -7.3046
-7.30988 -7.31044
-7.30458 -7.30366
-7.2945 -7.29373
-7.27853 -7.2785
-7.30715 -7.30684
-7.27783 -7.27766
-7.28892 -7.28836
-7.28036 -7.28101
-7.2777 -7.27668
-7.29172 -7.29096
-7.29113 -7.29036
-7.28732 -7.28663
-7.28339 -7.28262
-7.25701 -7.2567
-7.27518 -7.2738
-7.27428 -7.27421
-7.2811 -7.28217
-7.28056 -7.28155
-7.25828 -7.25843
-7.25017 -7.25034
-7.26725 -7.26641
-7.27406 -7.27401
-7.26989 -7.26953
-7.24148 -7.24034
-7.26492 -7.26532
-7.26678 -7.26536
-7.28233 -7.28248
-7.26386 -7.26376
-7.31273 -7.31237
-7.29578 -7.29597
-7.28952 -7.28974
-7.29559 -7.2952
-7.29836 -7.29844
-7.27711 -7.27723
-7.24297 -7.24224
-7.26303 -7.26268
-7.25472 -7.25678
-7.26216 -7.26199
-7.25557 -7.25484
-7.26945 -7.26892
-7.27995 -7.28112
-7.2592 -7.25916
-7.25659 -7.25472
-7.25329 -7.25205
-7.2643 -7.26366
-7.27328 -7.27313
-7.27869 -7.27945
-7.28729 -7.28862
-7.25658 -7.2563
-7.2535 -7.25364
-7.29242 -7.29236
-7.28487 -7.28525
-7.27641 -7.27699
-7.27982 -7.28071
-7.25772 -7.25768
-7.29561 -7.29609
-7.27419 -7.2744
-7.27434 -7.27423
-7.27037 -7.27072
-7.2643 -7.26401
-7.26407 -7.26363
-7.27873 -7.27961
-7.26569 -7.26618
-7.25246 -7.2531
-7.26712 -7.26738
-7.25388 -7.25386
-7.25061 -7.24987
-7.26838 -7.26904
-7.23796 -7.24013
-7.24888 -7.24914
-7.25013 -7.25173
-7.24807 -7.24795
-7.26821 -7.26775
-7.26593 -7.26527
-7.26005 -7.2605
-7.24975 -7.25128
-7.25923 -7.25988
-7.26363 -7.26393
-7.25744 -7.25641
-7.26635 -7.26663
-7.24185 -7.2424
-7.28694 -7.28753
-7.25786 -7.25799
-7.26156 -7.26253
-7.24376 -7.24396
-7.2645 -7.26358
-7.29807 -7.29873
-7.29107 -7.29134
-7.28121 -7.27991
-7.28365 -7.28297
-7.27743 -7.27789
-7.28033 -7.28021
-7.26944 -7.2699
-7.26344 -7.26286
-7.28121 -7.28087
-7.27793 -7.27667
-7.28145 -7.28155
-7.2769 -7.27671
-7.27834 -7.27776
-7.29221 -7.29168
-7.2708 -7.27364
-7.26189 -7.26135
-7.25733 -7.25738
-7.25599 -7.25699
-7.27409 -7.27389
-7.34106 -7.34122
-7.32295 -7.32359
-7.30935 -7.31061
-7.28076 -7.28154
-7.27507 -7.27606
-7.27115 -7.2706
-7.27242 -7.27253
-7.27573 -7.27629
-7.26653 -7.26749
-7.2919 -7.29234
-7.2833 -7.28389
-7.26143 -7.26128
-7.28336 -7.28409
-7.27987 -7.27992
-7.25656 -7.25612
-7.25766 -7.25842
-7.27834 -7.27849
-7.262 -7.26202
-7.2458 -7.24627
-7.28872 -7.28845
-7.27063 -7.2713
-7.25323 -7.25404
-7.27509 -7.27436
-7.27154 -7.27126
-7.25399 -7.25402
-7.26199 -7.26128
-7.26576 -7.26604
-7.31605 -7.31561
-7.28303 -7.28355
-7.26838 -7.2689
-7.28201 -7.28277
-7.27359 -7.27348
-7.29556 -7.29573
-7.27794 -7.27805
-7.27313 -7.27319
-7.26419 -7.26355
-7.28362 -7.28335
-7.25181 -7.25193
-7.25315 -7.25279
-7.26759 -7.26643
-7.26424 -7.26361
-7.29184 -7.29187
-7.3187 -7.31856
-7.29102 -7.29078
-7.29497 -7.29534
-7.28839 -7.28869
-7.29232 -7.29265
-7.28921 -7.2894
-7.2838 -7.28418
-7.27736 -7.27708
-7.28068 -7.28057
-7.27772 -7.27751
-7.30568 -7.30561
-7.29297 -7.29337
-7.2727 -7.27273
-7.28725 -7.28679
-7.2873 -7.28618
-7.26706 -7.26577
-7.25839 -7.2583
-7.27454 -7.27575
-7.27236 -7.2713
-7.27212 -7.27156
-7.29667 -7.29558
-7.27992 -7.28042
-7.26838 -7.26824
-7.28166 -7.2799
-7.29751 -7.29584
-7.28652 -7.28672
-7.29495 -7.29423
-7.31235 -7.31239
-7.28533 -7.28485
-7.28848 -7.28799
-7.28026 -7.28076
-7.28385 -7.28455
-7.29143 -7.29136
-7.28885 -7.28812
-7.29491 -7.29473
-7.29155 -7.29138
-7.28268 -7.28125
-7.26326 -7.26225
-7.26598 -7.26594
-7.28237 -7.28168
-7.27016 -7.2696
-7.27171 -7.27243
-7.28102 -7.28022
-7.27262 -7.27272
-7.25924 -7.25961
-7.26081 -7.25992
-7.25447 -7.25409
-7.27831 -7.27869
-7.29141 -7.29075
-7.32508 -7.3253
-7.3003 -7.29993
-7.27987 -7.27998
-7.28965 -7.28903
-7.27945 -7.27909
-7.29087 -7.29175
-7.28151 -7.28159
-7.2761 -7.27626
-7.28004 -7.27979
-7.26931 -7.26891
-7.26834 -7.268
-7.25905 -7.25906
-7.27219 -7.27226
-7.26573 -7.26545
-7.25306 -7.25192
-7.26193 -7.26107
-7.25377 -7.25437
-7.28462 -7.28343
-7.28089 -7.28141
-7.2864 -7.28451
-7.28687 -7.28703
-7.27306 -7.27245
-7.26335 -7.26417
-7.26464 -7.26429
-7.26885 -7.26894
-7.27687 -7.27509
-7.2914 -7.29205
-7.28414 -7.28402
-7.28184 -7.28045
-7.26898 -7.26914
-7.26811 -7.26747
-7.26615 -7.26536
-7.2635 -7.2621
-7.27332 -7.27271
-7.30927 -7.30894
-7.28381 -7.28388
-7.29386 -7.29253
-7.29649 -7.29713
-7.28439 -7.28332
-7.29099 -7.29128
-7.27818 -7.27755
-7.28207 -7.28267
-7.29126 -7.2915
-7.29128 -7.29151
-7.29437 -7.29374
-7.28034 -7.2792
-7.27369 -7.27307
-7.26565 -7.26603
-7.26786 -7.26749
-7.27555 -7.27481
-7.26888 -7.2694
-7.2706 -7.27113
-7.28461 -7.28513
-7.26085 -7.25913
-7.27401 -7.27331
-7.2671 -7.26628
-7.2584 -7.25738
-7.27468 -7.27538
-7.27766 -7.2785
-7.25899 -7.25896
-7.26528 -7.26489
-7.26158 -7.26108
-7.26373 -7.26441
-7.26424 -7.26377
-7.28414 -7.28396
-7.26458 -7.2646
-7.28638 -7.2864
-7.27928 -7.28023
-7.29825 -7.29795
-7.29903 -7.29999
-7.29696 -7.2969
-7.2963 -7.29553
-7.29229 -7.29288
-7.28345 -7.2838
-7.29102 -7.29153
-7.28045 -7.28118
-7.27509 -7.27474
-7.275 -7.27561
-7.27649 -7.27691
-7.27978 -7.28003
-7.28017 -7.28043
-7.26654 -7.26728
-7.26638 -7.26718
-7.26683 -7.26626
-7.25911 -7.25865
-7.28442 -7.28423
-7.27469 -7.27433
-7.2744 -7.27396
-7.26172 -7.2616
-7.2461 -7.24736
-7.25996 -7.2593
-7.25755 -7.25698
-7.2653 -7.26568
-7.26552 -7.26535
-7.26805 -7.26749
-7.27398 -7.27351
-7.27107 -7.26934
-7.30892 -7.30929
-7.31392 -7.31309
-7.28795 -7.28707
-7.31858 -7.31792
-7.30527 -7.30425
-7.29189 -7.29198
-7.28237 -7.2827
-7.28108 -7.28022
-7.28439 -7.28403
-7.2905 -7.29169
-7.29033 -7.29102
-7.28927 -7.28883
-7.2684 -7.2695
-7.27748 -7.27819
-7.28784 -7.28683
-7.28656 -7.28644
-7.27157 -7.27057
-7.27268 -7.27373
-7.28849 -7.28815
-7.27735 -7.27716
-7.253 -7.25311
-7.26639 -7.26669
-7.27188 -7.27118
-7.25822 -7.25919
-7.26648 -7.26661
-7.3165 -7.31664
-7.31009 -7.31001
-7.29492 -7.29482
-7.28986 -7.28949
-7.30671 -7.30608
-7.29377 -7.29439
-7.29049 -7.28953
-7.30869 -7.30842
-7.29386 -7.29403
-7.28289 -7.28262
-7.30111 -7.30083
-7.29701 -7.29712
-7.29186 -7.29025
-7.29762 -7.29643
-7.27211 -7.27137
-7.26709 -7.26704
-7.27709 -7.27721
-7.26513 -7.26569
-7.26216 -7.26125
-7.26258 -7.26248
-7.28462 -7.28385
-7.27748 -7.27733
-7.2708 -7.27154
-7.26035 -7.26036
-7.25666 -7.25799
-7.27507 -7.27441
-7.26608 -7.26625
-7.2672 -7.26621
-7.27049 -7.27078
-7.28324 -7.28187
-7.2424 -7.24171
-7.27842 -7.27814
-7.27749 -7.27762
-7.26488 -7.2652
-7.26981 -7.26838
-7.26681 -7.2656
-7.28261 -7.28245
-7.26417 -7.26349
-7.28429 -7.28395
-7.28867 -7.28848
-7.31827 -7.31783
-7.29629 -7.29698
-7.27276 -7.27199
-7.29954 -7.29836
-7.26616 -7.26545
-7.27494 -7.27448
-7.27896 -7.27831
-7.28092 -7.28074
-7.28372 -7.28323
-7.27065 -7.26938
-7.25725 -7.25698
-7.27493 -7.27522
-7.26094 -7.26118
-7.26689 -7.26673
-7.28174 -7.28115
-7.30186 -7.30121
-7.2935 -7.29305
-7.30467 -7.30505
-7.30489 -7.30524
-7.291 -7.29084
-7.29113 -7.29151
-7.27275 -7.27226
-7.2952 -7.29575
-7.27713 -7.2758
-7.27536 -7.27587
-7.2919 -7.29244
-7.28017 -7.27982
-7.27199 -7.27292
-7.24707 -7.24709
-7.26404 -7.26509
-7.25568 -7.25699
-7.26987 -7.27146
-7.27649 -7.27761
-7.28857 -7.28894
-7.26273 -7.26358
-7.27054 -7.27126
-7.26177 -7.26266
-7.26865 -7.268
-7.28741 -7.28754
-7.25904 -7.25926
-7.26718 -7.26759
-7.27102 -7.27222
-7.25543 -7.25465
-7.26746 -7.26624
-7.25701 -7.25602
-7.2604 -7.25975
-7.25079 -7.25135
-7.28029 -7.28128
-7.32337 -7.32371
-7.30821 -7.30853
-7.30759 -7.30832
-7.30788 -7.30843
-7.29188 -7.29158
-7.28996 -7.29029
-7.29523 -7.29526
-7.30916 -7.30816
-7.30335 -7.3042
-7.30541 -7.30608
-7.28641 -7.2867
-7.26982 -7.27059
-7.26914 -7.27045
-7.28427 -7.28431
-7.27781 -7.27835
-7.27843 -7.27929
-7.26892 -7.26899
-7.28445 -7.28446
-7.27218 -7.27251
-7.27473 -7.27591
-7.26797 -7.26738
-7.29349 -7.29331
-7.25815 -7.25803
-7.25767 -7.25938
-7.26163 -7.26345
-7.27641 -7.27618
-7.26901 -7.27002
-7.26239 -7.26364
-7.26453 -7.2646
-7.2549 -7.25629
-7.27659 -7.2762
-7.26672 -7.26698
-7.25815 -7.25757
-7.25817 -7.256
-7.2617 -7.262
-7.25485 -7.25508
-7.26149 -7.26077
-7.36999 -7.37057
-7.36637 -7.36664
-7.37314 -7.37355
-7.35561 -7.35546
-7.37482 -7.37567
-7.37186 -7.37329
-7.37602 -7.37798
-7.37552 -7.3757
-7.38378 -7.38511
-7.37384 -7.37418
-7.36639 -7.36602
-7.36787 -7.36913
-7.36209 -7.36427
-7.35988 -7.36143
-7.3663 -7.36797
-7.36792 -7.36786
-7.34642 -7.34869
-7.3479 -7.3496
-7.38037 -7.38196
-7.37378 -7.37519
-7.34762 -7.34794
-7.35485 -7.35571
-7.35089 -7.35267
-7.36578 -7.36596
-7.36366 -7.36523
-7.36844 -7.36872
-7.35857 -7.35935
-7.36315 -7.36311
-7.36294 -7.36407
-7.36478 -7.36521
-7.34867 -7.3498
-7.35694 -7.35745
-7.35872 -7.35956
-7.33399 -7.33603
-7.35289 -7.35341
-7.3647 -7.36452
-7.36857 -7.3702
-7.37193 -7.37196
-7.37929 -7.38013
-7.37968 -7.38042
-7.38191 -7.38274
-7.36731 -7.36793
-7.37175 -7.37199
-7.36908 -7.37077
-7.38061 -7.38137
-7.36172 -7.36261
