#radius total type_0_0 type_0_1 type_0_2 type_0_3
0.00750 0.00000 0.00000 0.00000 0.00000 0.00000
0.02250 0.00000 0.00000 0.00000 0.00000 0.00000
0.03750 0.00000 0.00000 0.00000 0.00000 0.00000
0.05250 0.00000 0.00000 0.00000 0.00000 0.00000
0.06750 0.00000 0.00000 0.00000 0.00000 0.00000
0.08250 0.00000 0.00000 0.00000 0.00000 0.00000
0.09750 0.00000 0.00000 0.00000 0.00000 0.00000
0.11250 0.00000 0.00000 0.00000 0.00000 0.00000
0.12750 0.00000 0.00000 0.00000 0.00000 0.00000
0.14250 0.00000 0.00000 0.00000 0.00000 0.00000
0.15750 0.00000 0.00000 0.00000 0.00000 0.00000
0.17250 0.00000 0.00000 0.00000 0.00000 0.00000
0.18750 0.00000 0.00000 0.00000 0.00000 0.00000
0.20250 0.00000 0.00000 0.00000 0.00000 0.00000
0.21750 0.00000 0.00000 0.00000 0.00000 0.00000
0.23250 0.00000 0.00000 0.00000 0.00000 0.00000
0.24750 0.00016 0.00192 0.00000 0.00000 0.00000
0.26250 0.00000 0.00000 0.00000 0.00000 0.00000
0.27750 0.00000 0.00000 0.00000 0.00000 0.00000
0.29250 0.00000 0.00000 0.00000 0.00000 0.00000
0.30750 0.00011 0.00124 0.00000 0.00000 0.00000
0.32250 0.00019 0.00226 0.00000 0.00000 0.00000
0.33750 0.00018 0.00206 0.00000 0.00000 0.00000
0.35250 0.00040 0.00472 0.00000 0.00000 0.00000
0.36750 0.00052 0.00608 0.00000 0.00000 0.00000
0.38250 0.00061 0.00722 0.00000 0.00000 0.00000
0.39750 0.00032 0.00371 0.00000 0.00000 0.00000
0.41250 0.00023 0.00276 0.00000 0.00000 0.00000
0.42750 0.00060 0.00706 0.00000 0.00000 0.00000
0.44250 0.00051 0.00599 0.00000 0.00000 0.00000
0.45750 0.00057 0.00673 0.00000 0.00000 0.00000
0.47250 0.00089 0.01052 0.00000 0.00000 0.00000
0.48750 0.00055 0.00642 0.00000 0.00000 0.00000
0.50250 0.00075 0.00883 0.00000 0.00000 0.00000
0.51750 0.00082 0.00964 0.00000 0.00000 0.00000
0.53250 0.00060 0.00704 0.00000 0.00000 0.00000
0.54750 0.00063 0.00744 0.00000 0.00000 0.00000
0.56250 0.00054 0.00631 0.00000 0.00000 0.00000
0.57750 0.00030 0.00352 0.00000 0.00000 0.00000
0.59250 0.00026 0.00301 0.00000 0.00000 0.00000
0.60750 0.00032 0.00381 0.00000 0.00000 0.00000
0.62250 0.00031 0.00364 0.00000 0.00000 0.00000
0.63750 0.00034 0.00404 0.00000 0.00000 0.00000
0.65250 0.00026 0.00303 0.00000 0.00000 0.00000
0.66750 0.00020 0.00237 0.00000 0.00000 0.00000
0.68250 0.00009 0.00101 0.00000 0.00000 0.00000
0.69750 0.00006 0.00072 0.00000 0.00000 0.00000
0.71250 0.00004 0.00046 0.00000 0.00000 0.00000
0.72750 0.00004 0.00044 0.00000 0.00000 0.00000
0.74250 0.00002 0.00021 0.00000 0.00000 0.00000
0.75750 0.00002 0.00020 0.00000 0.00000 0.00000
0.77250 0.00000 0.00000 0.00000 0.00000 0.00000
0.78750 0.00000 0.00000 0.00000 0.00000 0.00000
0.80250 0.00000 0.00000 0.00000 0.00000 0.00000
0.81750 0.00000 0.00000 0.00000 0.00000 0.00000
0.83250 0.00000 0.00000 0.00000 0.00000 0.00000
0.84750 0.00000 0.00000 0.00000 0.00000 0.00000
0.86250 0.00000 0.00000 0.00000 0.00000 0.00000
0.87750 0.00000 0.00000 0.00000 0.00000 0.00000
0.89250 0.00000 0.00000 0.00000 0.00000 0.00000
0.90750 0.00000 0.00000 0.00000 0.00000 0.00000
0.92250 0.00000 0.00000 0.00000 0.00000 0.00000
0.93750 0.00000 0.00000 0.00000 0.00000 0.00000
0.95250 0.00000 0.00000 0.00000 0.00000 0.00000
0.96750 0.00000 0.00000 0.00000 0.00000 0.00000
0.98250 0.00000 0.00000 0.00000 0.00000 0.00000
0.99750 0.00000 0.00000 0.00000 0.00000 0.00000
1.01250 0.00000 0.00000 0.00000 0.00000 0.00000
1.02750 0.00000 0.00000 0.00000 0.00000 0.00000
1.04250 0.00000 0.00000 0.00000 0.00000 0.00000
1.05750 0.00000 0.00000 0.00000 0.00000 0.00000
1.07250 0.00000 0.00000 0.00000 0.00000 0.00000
1.08750 0.00000 0.00000 0.00000 0.00000 0.00000
1.10250 0.00000 0.00000 0.00000 0.00000 0.00000
1.11750 0.00000 0.00000 0.00000 0.00000 0.00000
1.13250 0.00000 0.00000 0.00000 0.00000 0.00000
1.14750 0.00000 0.00000 0.00000 0.00000 0.00000
1.16250 0.00000 0.00000 0.00000 0.00000 0.00000
1.17750 0.00000 0.00000 0.00000 0.00000 0.00000
1.19250 0.00000 0.00000 0.00000 0.00000 0.00000
1.20750 0.00000 0.00000 0.00000 0.00000 0.00000
1.22250 0.00000 0.00000 0.00000 0.00000 0.00000
1.23750 0.00000 0.00000 0.00000 0.00000 0.00000
1.25250 0.00000 0.00000 0.00000 0.00000 0.00000
1.26750 0.00000 0.00000 0.00000 0.00000 0.00000
1.28250 0.00000 0.00000 0.00000 0.00000 0.00000
1.29750 0.00000 0.00000 0.00000 0.00000 0.00000
1.31250 0.00000 0.00000 0.00000 0.00000 0.00000
1.32750 0.00000 0.00000 0.00000 0.00000 0.00000
1.34250 0.00000 0.00000 0.00000 0.00000 0.00000
1.35750 0.00000 0.00000 0.00000 0.00000 0.00000
1.37250 0.00000 0.00000 0.00000 0.00000 0.00000
1.38750 0.00000 0.00000 0.00000 0.00000 0.00000
1.40250 0.00000 0.00000 0.00000 0.00000 0.00000
1.41750 0.00000 0.00000 0.00000 0.00000 0.00000
1.43250 0.00000 0.00000 0.00000 0.00000 0.00000
1.44750 0.00000 0.00000 0.00000 0.00000 0.00002
1.46250 0.00002 0.00000 0.00000 0.00000 0.00008
1.47750 0.00003 0.00000 0.00000 0.00000 0.00009
1.49250 0.00007 0.00000 0.00000 0.00000 0.00023
1.50750 0.00021 0.00000 0.00000 0.00000 0.00072
1.52250 0.00046 0.00000 0.00000 0.00000 0.00157
1.53750 0.00096 0.00000 0.00000 0.00000 0.00330
1.55250 0.00187 0.00000 0.00000 0.00000 0.00642
1.56750 0.00395 0.00000 0.00000 0.00000 0.01355
1.58250 0.00781 0.00005 0.00000 0.00000 0.02675
1.59750 0.01346 0.00000 0.00000 0.00000 0.04614
1.61250 0.02367 0.00000 0.00000 0.00000 0.08114
1.62750 0.03853 0.00000 0.00000 0.00000 0.13210
1.64250 0.06015 0.00000 0.00000 0.00000 0.20623
1.65750 0.08924 0.00004 0.00000 0.00000 0.30596
1.67250 0.12782 0.00013 0.00000 0.00000 0.43822
1.68750 0.17856 0.00008 0.00000 0.00000 0.61218
1.70250 0.23867 0.00012 0.00000 0.00000 0.81827
1.71750 0.30884 0.00032 0.00000 0.00000 1.05879
1.73250 0.38595 0.00043 0.00000 0.00000 1.32312
1.74750 0.47069 0.00065 0.00000 0.00000 1.61362
1.76250 0.55811 0.00079 0.00000 0.00000 1.91327
1.77750 0.64887 0.00189 0.00000 0.00000 2.22405
1.79250 0.73198 0.00226 0.00000 0.00000 2.50871
1.80750 0.81773 0.00266 0.00000 0.00000 2.80219
1.82250 0.88872 0.00427 0.00000 0.00000 3.04377
1.83750 0.95103 0.00626 0.00000 0.00000 3.25263
1.85250 1.00691 0.00824 0.00000 0.00000 3.43565
1.86750 1.04962 0.01191 0.00000 0.00000 3.56434
1.88250 1.08844 0.01573 0.00000 0.00000 3.66354
1.89750 1.12128 0.02099 0.00000 0.00000 3.71920
1.91250 1.15559 0.02750 0.00000 0.00000 3.74563
1.92750 1.19570 0.03557 0.00000 0.00000 3.74684
1.94250 1.23306 0.04619 0.00000 0.00000 3.69157
1.95750 1.28627 0.05941 0.00000 0.00000 3.63741
1.97250 1.34517 0.07348 0.00000 0.00000 3.55288
1.98750 1.40723 0.09109 0.00000 0.00000 3.44067
2.00250 1.48041 0.11688 0.00000 0.00000 3.33779
2.01750 1.54196 0.14355 0.00000 0.00000 3.21272
2.03250 1.59778 0.17042 0.00000 0.00000 3.08775
2.04750 1.63928 0.21087 0.00000 0.00000 2.96464
2.06250 1.66486 0.25055 0.00000 0.00000 2.83681
2.07750 1.66419 0.29539 0.00000 0.00000 2.70440
2.09250 1.64406 0.35303 0.00000 0.00000 2.58329
2.10750 1.60445 0.41836 0.00000 0.00000 2.46669
2.12250 1.54946 0.47684 0.00000 0.00000 2.35081
2.13750 1.47812 0.55993 0.00000 0.00000 2.23437
2.15250 1.40326 0.63460 0.00000 0.00000 2.14017
2.16750 1.32258 0.72292 0.00000 0.00000 2.03729
2.18250 1.23967 0.81965 0.00000 0.00000 1.93946
2.19750 1.16298 0.91858 0.00000 0.00000 1.84516
2.21250 1.10143 1.03886 0.00000 0.00000 1.76493
2.22750 1.04287 1.14155 0.00000 0.00000 1.68877
2.24250 1.00149 1.25300 0.00000 0.00000 1.61821
2.25750 0.96918 1.38939 0.00000 0.00000 1.54509
2.27250 0.94948 1.49977 0.00000 0.00000 1.48347
2.28750 0.94678 1.62582 0.00000 0.00016 1.42791
2.30250 0.95059 1.75296 0.00000 0.00015 1.37032
2.31750 0.96232 1.86954 0.00000 0.00031 1.32201
2.33250 0.98113 1.99268 0.00008 0.00034 1.26924
2.34750 1.00815 2.11429 0.00002 0.00063 1.22509
2.36250 1.03627 2.21895 0.00002 0.00037 1.18717
2.37750 1.06709 2.32501 0.00007 0.00109 1.14715
2.39250 1.09953 2.43283 0.00010 0.00169 1.11608
2.40750 1.12331 2.50749 0.00009 0.00230 1.08019
2.42250 1.14915 2.59199 0.00023 0.00402 1.05095
2.43750 1.16866 2.66625 0.00035 0.00539 1.01995
2.45250 1.18404 2.73987 0.00082 0.00901 0.98652
2.46750 1.19743 2.79718 0.00092 0.01207 0.97178
2.48250 1.20133 2.83411 0.00102 0.01743 0.94557
2.49750 1.19701 2.85702 0.00193 0.02674 0.92714
2.51250 1.19359 2.89253 0.00299 0.03741 0.90778
2.52750 1.17953 2.88997 0.00422 0.04999 0.88625
2.54250 1.16513 2.88749 0.00580 0.06754 0.87011
2.55750 1.14623 2.86765 0.00751 0.09467 0.85536
2.57250 1.12652 2.85300 0.01134 0.12782 0.83570
2.58750 1.10235 2.80607 0.01558 0.16757 0.81923
2.60250 1.07982 2.76684 0.02280 0.22011 0.80238
2.61750 1.06082 2.71899 0.02977 0.28566 0.78828
2.63250 1.03909 2.66049 0.04064 0.36394 0.77367
2.64750 1.02464 2.60479 0.05346 0.46243 0.75993
2.66250 1.01331 2.52776 0.07262 0.56732 0.74944
2.67750 1.00450 2.44881 0.09295 0.69292 0.73147
2.69250 1.00271 2.37994 0.11973 0.83033 0.71555
2.70750 1.00291 2.28367 0.15321 0.98157 0.70187
2.72250 1.01425 2.21803 0.19299 1.15244 0.68914
2.73750 1.02907 2.12338 0.24410 1.35162 0.67484
2.75250 1.04979 2.04399 0.30248 1.54825 0.65882
2.76750 1.07405 1.95469 0.37097 1.75539 0.64404
2.78250 1.10384 1.87296 0.44406 1.97021 0.62797
2.79750 1.13676 1.79018 0.53410 2.19271 0.61434
2.81250 1.17055 1.70031 0.63391 2.39309 0.59787
2.82750 1.20665 1.62166 0.73812 2.61702 0.58063
2.84250 1.24393 1.54534 0.86605 2.81668 0.56547
2.85750 1.28182 1.46704 0.99689 3.02935 0.54848
2.87250 1.31650 1.39126 1.13055 3.20300 0.53484
2.88750 1.35093 1.32207 1.28654 3.37590 0.51639
2.90250 1.37804 1.24403 1.43464 3.51749 0.50477
2.91750 1.41038 1.18593 1.59923 3.69015 0.48551
2.93250 1.43314 1.11871 1.75954 3.79614 0.47197
2.94750 1.45334 1.06159 1.93506 3.89150 0.45924
2.96250 1.46958 1.00946 2.10292 3.94988 0.44300
2.97750 1.48080 0.94400 2.26541 4.00270 0.43346
2.99250 1.49069 0.90431 2.43135 4.05573 0.41752
3.00750 1.49314 0.85385 2.59751 4.06211 0.40775
3.02250 1.49251 0.81198 2.74328 4.07091 0.39931
3.03750 1.48600 0.76993 2.88705 4.03864 0.38945
3.05250 1.47589 0.73560 3.01224 3.99365 0.38180
3.06750 1.46047 0.69304 3.12886 3.91720 0.37866
3.08250 1.44329 0.66512 3.25419 3.84927 0.37354
3.09750 1.42223 0.63307 3.33140 3.78119 0.37250
3.11250 1.39350 0.60120 3.41211 3.65156 0.37047
3.12750 1.36658 0.58021 3.47781 3.53996 0.37336
3.14250 1.33305 0.55239 3.51882 3.40795 0.37712
3.15750 1.29965 0.53024 3.53178 3.29183 0.38407
3.17250 1.26219 0.51185 3.55827 3.15583 0.39078
3.18750 1.22562 0.49354 3.56870 2.99268 0.40156
3.20250 1.18367 0.47822 3.53799 2.83131 0.41662
3.21750 1.14387 0.46488 3.52363 2.69812 0.43087
3.23250 1.10304 0.45686 3.48614 2.53399 0.44894
3.24750 1.06072 0.43883 3.42953 2.37696 0.46971
3.26250 1.02123 0.43204 3.37591 2.22620 0.49165
3.27750 0.97989 0.42736 3.28007 2.07862 0.51875
3.29250 0.94058 0.41838 3.19903 1.93846 0.54440
3.30750 0.90513 0.41227 3.11361 1.80388 0.57585
3.32250 0.87218 0.40947 3.01292 1.67052 0.60798
3.33750 0.83941 0.39666 2.91949 1.55769 0.63860
3.35250 0.81053 0.39819 2.79685 1.46161 0.66871
3.36750 0.78573 0.39390 2.67715 1.35831 0.70681
3.38250 0.76750 0.39464 2.56725 1.28777 0.74363
3.39750 0.75002 0.39176 2.44486 1.21031 0.77857
3.41250 0.73859 0.39340 2.32126 1.16150 0.81455
3.42750 0.73007 0.39137 2.18977 1.11431 0.84710
3.44250 0.72702 0.39318 2.07539 1.08675 0.88180
3.45750 0.72878 0.39364 1.96137 1.06236 0.91327
3.47250 0.73182 0.39378 1.83671 1.04799 0.94395
3.48750 0.74047 0.39980 1.72915 1.04625 0.97266
3.50250 0.74916 0.39888 1.62019 1.05984 0.99714
3.51750 0.76083 0.39751 1.50476 1.04922 1.02425
3.53250 0.77552 0.40552 1.40717 1.06720 1.04568
3.54750 0.78617 0.40537 1.31130 1.07941 1.06252
3.56250 0.79779 0.40328 1.21431 1.08320 1.08102
3.57750 0.80634 0.40352 1.13032 1.09807 1.09059
3.59250 0.81281 0.40691 1.05071 1.10808 1.09909
3.60750 0.82120 0.40936 0.98124 1.12086 1.10875
3.62250 0.82158 0.40820 0.91463 1.11635 1.10881
3.63750 0.82297 0.40690 0.86212 1.11731 1.11310
3.65250 0.81894 0.40848 0.81003 1.11426 1.10706
3.66750 0.81302 0.41026 0.77033 1.09661 1.10294
3.68250 0.80608 0.41101 0.73083 1.09401 1.09787
3.69750 0.79802 0.40918 0.70860 1.06332 1.09091
3.71250 0.78543 0.40315 0.68653 1.04202 1.07471
3.72750 0.77708 0.40503 0.66962 1.01148 1.06712
3.74250 0.76660 0.40224 0.66196 0.98252 1.05140
3.75750 0.75516 0.40000 0.65726 0.95033 1.03314
3.77250 0.74882 0.39738 0.65935 0.92148 1.02033
3.78750 0.74013 0.39095 0.66782 0.87910 1.00136
3.80250 0.73652 0.38998 0.67430 0.84486 0.98540
3.81750 0.73400 0.38653 0.68645 0.81637 0.96587
3.83250 0.73559 0.37887 0.71147 0.78410 0.95194
3.84750 0.73663 0.37325 0.73052 0.75440 0.93228
3.86250 0.74267 0.36887 0.75457 0.73318 0.91583
3.87750 0.74951 0.36417 0.77625 0.70886 0.89920
3.89250 0.75975 0.35442 0.79965 0.68281 0.88498
3.90750 0.77048 0.34736 0.82369 0.68067 0.86895
3.92250 0.78285 0.34255 0.85176 0.66314 0.85228
3.93750 0.79752 0.33473 0.87709 0.65470 0.83925
3.95250 0.81288 0.32919 0.90057 0.65590 0.82527
3.96750 0.82883 0.32302 0.91921 0.65257 0.81287
3.98250 0.84493 0.31763 0.93985 0.65543 0.80156
3.99750 0.86211 0.30881 0.96360 0.66511 0.79055
4.01250 0.87727 0.30448 0.98110 0.66970 0.77570
4.02750 0.89689 0.29831 0.99965 0.68248 0.77048
4.04250 0.91269 0.29404 1.00391 0.69222 0.76214
4.05750 0.92905 0.28825 1.01341 0.70565 0.75681
4.07250 0.94515 0.28726 1.02846 0.72250 0.74856
4.08750 0.95945 0.28423 1.02747 0.73546 0.74755
4.10250 0.97392 0.28158 1.04196 0.75336 0.74093
4.11750 0.98717 0.27933 1.04108 0.76504 0.74326
4.13250 0.99788 0.28035 1.04460 0.78348 0.74196
4.14750 1.00815 0.28137 1.04192 0.79973 0.74510
4.16250 1.01597 0.28468 1.04752 0.80794 0.74908
4.17750 1.02019 0.28485 1.03876 0.82047 0.75510
4.19250 1.02250 0.28929 1.03715 0.83884 0.76296
4.20750 1.02292 0.29551 1.04270 0.84388 0.77341
4.22250 1.02125 0.30131 1.03414 0.85493 0.78303
4.23750 1.02037 0.31007 1.03557 0.86121 0.80000
4.25250 1.01401 0.32153 1.03456 0.86570 0.81622
4.26750 1.00854 0.33197 1.02602 0.87525 0.83287
4.28250 1.00334 0.34455 1.02707 0.88057 0.85723
4.29750 0.99619 0.35879 1.02656 0.88025 0.88125
4.31250 0.98816 0.37104 1.02575 0.88121 0.90685
4.32750 0.98500 0.38940 1.02744 0.88933 0.93494
4.34250 0.98022 0.40687 1.03092 0.89253 0.96530
4.35750 0.97845 0.42515 1.03204 0.89369 1.00120
4.37250 0.97832 0.44646 1.03791 0.89146 1.03427
4.38750 0.98054 0.46899 1.04779 0.89593 1.07219
4.40250 0.98397 0.48632 1.05004 0.89531 1.10941
4.41750 0.98920 0.51605 1.05215 0.89361 1.14775
4.43250 0.99772 0.54152 1.05403 0.89504 1.18636
4.44750 1.00734 0.56875 1.06468 0.89781 1.22598
4.46250 1.01617 0.59484 1.07004 0.89801 1.26089
4.47750 1.03029 0.62543 1.07269 0.89971 1.30451
4.49250 1.04267 0.65536 1.07901 0.90574 1.33852
4.50750 1.05619 0.68522 1.07917 0.89959 1.37389
4.52250 1.06995 0.71575 1.07579 0.90725 1.41189
4.53750 1.08439 0.74887 1.08681 0.91500 1.44252
4.55250 1.09532 0.78029 1.07940 0.91474 1.46934
4.56750 1.10813 0.80960 1.07869 0.92172 1.49605
4.58250 1.11875 0.83918 1.07674 0.92320 1.51900
4.59750 1.12825 0.87252 1.07056 0.93582 1.53754
4.61250 1.13505 0.90485 1.06359 0.94163 1.55280
4.62750 1.14039 0.93410 1.05605 0.94698 1.56361
4.64250 1.14418 0.95907 1.04610 0.95058 1.57060
4.65750 1.14633 0.98303 1.03732 0.96038 1.57948
4.67250 1.14501 1.01539 1.02594 0.96687 1.57884
4.68750 1.14275 1.03998 1.01431 0.97711 1.57503
4.70250 1.13629 1.06293 0.99677 0.98542 1.56459
4.71750 1.13002 1.08334 0.97911 0.98378 1.56014
4.73250 1.12231 1.10317 0.95920 0.99570 1.54738
4.74750 1.11128 1.11335 0.94146 0.99788 1.53537
4.76250 1.10184 1.13442 0.92467 1.00556 1.51723
4.77750 1.08993 1.14906 0.90342 1.01372 1.50063
4.79250 1.07533 1.15855 0.88147 1.01347 1.47892
4.80750 1.06365 1.17024 0.86134 1.01998 1.46026
4.82250 1.04887 1.17618 0.84183 1.01809 1.43731
4.83750 1.03377 1.17725 0.81940 1.02682 1.41182
4.85250 1.01838 1.17565 0.80003 1.02130 1.39034
4.86750 1.00496 1.18166 0.77787 1.01714 1.36778
4.88250 0.99070 1.17562 0.75918 1.01264 1.34244
4.89750 0.97663 1.17088 0.73873 1.00782 1.32119
4.91250 0.96339 1.16962 0.72158 1.01057 1.29601
4.92750 0.95207 1.16430 0.70299 1.00695 1.27216
4.94250 0.93953 1.15685 0.68595 0.99309 1.24939
4.95750 0.92890 1.15074 0.66919 0.98548 1.22796
4.97250 0.91923 1.14362 0.66119 0.97310 1.20692
4.98750 0.90932 1.13577 0.64502 0.95365 1.18574
5.00250 0.90179 1.12818 0.63368 0.94807 1.16556
5.01750 0.89490 1.12110 0.62663 0.93508 1.14620
5.03250 0.88955 1.11443 0.61512 0.92475 1.12882
5.04750 0.88532 1.10455 0.60817 0.90613 1.11185
5.06250 0.88149 1.09335 0.59996 0.88647 1.09548
5.07750 0.87999 1.08604 0.59652 0.87307 1.08278
5.09250 0.87973 1.08142 0.58996 0.85311 1.07080
5.10750 0.88038 1.07259 0.58744 0.83549 1.05817
5.12250 0.88290 1.06506 0.58559 0.81512 1.04565
5.13750 0.88750 1.06333 0.58551 0.79214 1.03700
5.15250 0.89395 1.05291 0.58849 0.77561 1.02976
5.16750 0.90047 1.04992 0.58757 0.75790 1.02372
5.18250 0.90721 1.04639 0.58734 0.73673 1.01305
5.19750 0.91650 1.04284 0.59254 0.71600 1.00816
5.21250 0.92595 1.03792 0.59816 0.69966 1.00085
5.22750 0.93840 1.03919 0.60049 0.67999 1.00113
5.24250 0.95054 1.04005 0.60456 0.65937 0.99909
5.25750 0.96126 1.03572 0.61609 0.63965 0.99526
5.27250 0.97474 1.03194 0.62072 0.62132 0.99360
5.28750 0.98725 1.03082 0.63175 0.60735 0.99132
5.30250 1.00041 1.02861 0.63877 0.58925 0.99194
5.31750 1.01348 1.02715 0.65230 0.57604 0.99202
5.33250 1.02411 1.02633 0.66389 0.55757 0.98932
5.34750 1.03559 1.02197 0.67529 0.54489 0.98780
5.36250 1.04679 1.01763 0.69125 0.53525 0.98831
5.37750 1.05774 1.01774 0.70878 0.52318 0.98767
5.39250 1.06672 1.01420 0.72851 0.51152 0.98382
5.40750 1.07612 1.01099 0.75390 0.50767 0.98307
5.42250 1.08500 1.00440 0.77462 0.49750 0.98171
5.43750 1.09196 1.00788 0.80410 0.49061 0.97539
5.45250 1.10034 1.00236 0.83137 0.49063 0.97497
5.46750 1.10773 0.99938 0.86710 0.48793 0.97099
5.48250 1.11225 0.99174 0.90092 0.49023 0.96401
5.49750 1.12001 0.98833 0.94187 0.49441 0.95963
5.51250 1.12537 0.98559 0.98201 0.49742 0.95444
5.52750 1.13175 0.98113 1.03680 0.50574 0.94730
5.54250 1.13590 0.97783 1.08042 0.51477 0.93994
5.55750 1.14162 0.97346 1.13502 0.52650 0.93297
5.57250 1.14465 0.97632 1.18930 0.54362 0.92488
5.58750 1.14892 0.97432 1.24855 0.54888 0.91533
5.60250 1.15204 0.96970 1.31296 0.57219 0.90906
5.61750 1.15295 0.97089 1.37164 0.59465 0.89789
5.63250 1.15458 0.97026 1.43590 0.61246 0.88990
5.64750 1.15563 0.97079 1.50826 0.62986 0.87868
5.66250 1.15582 0.97934 1.57216 0.66002 0.87023
5.67750 1.15308 0.97984 1.63965 0.67933 0.85893
5.69250 1.15053 0.98316 1.70739 0.70375 0.84883
5.70750 1.14729 0.99029 1.77230 0.72758 0.83818
5.72250 1.14242 0.99784 1.83703 0.75519 0.82684
5.73750 1.13810 1.00520 1.90381 0.77650 0.81715
5.75250 1.13136 1.01620 1.96363 0.79477 0.80561
5.76750 1.12633 1.02611 2.02532 0.81935 0.79935
5.78250 1.11913 1.03793 2.07216 0.84168 0.78851
5.79750 1.11321 1.05517 2.12193 0.85990 0.78185
5.81250 1.10435 1.06675 2.16194 0.87565 0.77318
5.82750 1.09639 1.08367 2.19965 0.89893 0.76444
5.84250 1.09025 1.09673 2.23548 0.91098 0.75867
5.85750 1.08168 1.11292 2.25642 0.92673 0.75322
5.87250 1.07401 1.13255 2.27227 0.94147 0.74720
5.88750 1.06518 1.15165 2.28415 0.95351 0.74101
5.90250 1.05658 1.16618 2.28062 0.97056 0.73814
5.91750 1.04840 1.18168 2.27939 0.98565 0.73395
5.93250 1.03981 1.19668 2.25919 1.00040 0.73208
5.94750 1.03145 1.21746 2.23709 1.00977 0.72756
5.96250 1.02307 1.23176 2.20823 1.03042 0.72794
5.97750 1.01503 1.24868 2.17116 1.04566 0.72686
5.99250 1.00669 1.26030 2.12585 1.06903 0.72732
