3.33185 5.91327 8.33655 -2.67356 -2.31541 3.43718 3.35688 5.90507 8.28272 -2.71501 -2.25274 3.43798
-13.1813 -9.42762 -9.2215 0.582292 2.36752 3.66877 -13.2138 -9.45179 -9.21502 0.580364 2.3502 3.67123
0.280883 0.839135 -5.61683 2.04387 -1.70139 -5.0085 0.263557 0.874381 -5.5948 2.02995 -1.6642 -4.94649
-4.92173 -3.3651 -2.38308 0.195248 3.94375 -2.88458 -4.88088 -3.34408 -2.38812 0.171357 3.92005 -2.88513
1.23798 -0.34898 -5.49309 -1.72269 -4.03844 -3.22573 1.25015 -0.314037 -5.472 -1.72092 -4.00687 -3.18909
-0.663212 -4.81154 -9.65137 -2.64028 -3.84258 3.09407 -0.57951 -4.7572 -9.53803 -2.62857 -3.84838 3.04877
-7.20386 4.70663 -7.03276 -1.05898 -4.36956 -0.676145 -7.15406 4.71832 -6.99706 -1.04193 -4.33614 -0.673995
5.9068 6.75986 -1.33207 -3.87033 4.14945 -0.967742 5.87341 6.72452 -1.38695 -3.86992 4.1035 -0.94952
2.66143 1.26341 -7.52646 -2.51332 -2.03636 -2.1471 2.63354 1.24826 -7.45689 -2.48854 -1.99908 -2.12377
-14.9804 -11.6656 -14.707 2.35367 0.743908 1.34964 -14.9903 -11.6713 -14.6232 2.36457 0.72687 1.36524
-10.6692 -0.275212 -4.53219 2.23626 -3.31787 -2.90792 -10.6293 -0.277725 -4.54271 2.2362 -3.30967 -2.87221
-7.92013 -1.86714 -7.58512 -1.37417 -1.48614 -1.72421 -7.88348 -1.89538 -7.57003 -1.38107 -1.45661 -1.73274
-13.5104 -11.3968 -13.8782 -1.48487 -1.45679 -2.72658 -13.5371 -11.3797 -13.7883 -1.49153 -1.46758 -2.73233
-0.0167336 1.63158 -5.59735 0.189055 -2.57742 0.383265 0.0218662 1.673 -5.56832 0.21996 -2.55491 0.367078
-7.45603 -2.92737 -3.01617 1.80073 -3.82305 0.0558074 -7.51354 -2.9729 -3.04479 1.79945 -3.80007 0.092886
-5.08855 -10.6078 -9.69539 -1.72693 -0.251128 -2.39342 -5.06238 -10.6238 -9.65854 -1.74263 -0.27793 -2.35936
10.8051 13.3404 -1.78837 0.269801 0.279254 1.12454 10.7565 13.4033 -1.84821 0.277825 0.272213 1.11965
-4.49141 -0.547179 4.00639 3.31999 -0.407099 1.30826 -4.4483 -0.589273 3.9461 3.32255 -0.418781 1.28714
-5.16354 -7.96581 -2.67193 -0.864269 0.104086 4.51349 -5.17344 -7.97345 -2.67718 -0.838184 0.0837933 4.4906
-14.6651 -12.7427 -8.61652 2.59338 2.95667 1.69102 -14.7579 -12.823 -8.58403 2.61409 2.92457 1.68105
0.580651 -7.15263 -0.693247 -3.71268 -4.18622 3.3409 0.54163 -7.13512 -0.728556 -3.74647 -4.16384 3.31744
6.35371 -3.43281 9.35138 -2.55093 4.04873 -3.09192 6.33043 -3.38107 9.37339 -2.53624 4.04427 -3.10369
-14.1562 -14.9406 -14.967 1.74861 -2.93606 3.33104 -14.1701 -14.9675 -14.9412 1.76836 -2.96193 3.33666
-11.0976 -6.61904 -7.71368 3.32013 3.3504 -0.113213 -11.0861 -6.62861 -7.72791 3.30341 3.32202 -0.0844538
-5.03249 -2.67026 1.09942 2.59625 -1.27431 0.463832 -5.01002 -2.66837 1.14343 2.58163 -1.25016 0.459026
-1.50812 -7.89438 -5.06252 3.7149 4.59917 5.00126 -1.53698 -7.90435 -5.08483 3.69676 4.58346 4.96046
-13.5494 -13.6303 -13.9619 2.14391 0.55085 -2.0007 -13.5832 -13.6912 -13.9403 2.16466 0.549223 -2.00523
6.72762 -6.65613 7.17734 0.17263 -3.53264 -2.57444 6.72218 -6.56209 7.19035 0.170692 -3.52195 -2.5947
7.33778 6.46305 7.14946 4.55822 -0.727907 -2.58321 7.34095 6.43254 7.17483 4.55693 -0.783393 -2.54266
10.5779 2.97834 0.165142 -3.3744 -4.3129 4.86783 10.5769 2.95284 0.141126 -3.37436 -4.28056 4.8733
-0.685911 8.46863 -2.42834 -1.33614 -4.27198 1.86299 -0.672079 8.49705 -2.40449 -1.34412 -4.2665 1.84019
-6.40557 8.04958 3.66548 -3.97704 -2.83876 0.330937 -6.35398 8.03675 3.60025 -3.96698 -2.83918 0.337902
0.917287 -1.21238 -4.25157 0.7746 4.42161 -1.63184 0.936768 -1.21589 -4.26261 0.782246 4.40114 -1.61019
2.51827 -1.55526 -2.7431 -4.08094 -3.71895 -2.41449 2.53517 -1.55028 -2.73451 -4.09435 -3.7068 -2.39879
12.1285 7.77475 15.9391 -2.45806 3.21779 0.814366 12.1922 7.86066 16.037 -2.4256 3.28737 0.777783
-13.8801 -13.2859 -12.0113 -2.07369 3.57115 2.44724 -13.8795 -13.2924 -11.9359 -2.10701 3.57896 2.4579
-6.79873 -8.68357 -11.4058 2.94882 1.39598 -0.390192 -6.81732 -8.63599 -11.3346 2.95556 1.3873 -0.374708
1.45852 3.03359 11.7546 -2.33675 4.80272 1.02758 1.44835 2.99851 11.7577 -2.31878 4.83523 0.988484
0.141009 3.56897 -2.17739 -1.85017 -2.6391 -4.29229 0.171717 3.61873 -2.15433 -1.84372 -2.59664 -4.27544
4.4452 -2.55281 -1.98279 -0.41796 3.74852 -3.37417 4.4167 -2.54775 -2.01648 -0.469302 3.73052 -3.33311
3.30051 -9.83406 -4.37631 1.20518 3.55058 3.73118 3.29062 -9.7351 -4.38734 1.15251 3.51856 3.68421
-13.9996 -13.6587 -11.7296 0.706871 -0.385149 -0.652456 -14.0326 -13.7187 -11.6967 0.7178 -0.387759 -0.624678
3.78171 -2.62269 -1.00251 -2.28725 1.44306 -2.43236 3.78938 -2.61096 -1.016 -2.25609 1.42502 -2.40003
10.5832 1.47176 11.5997 -0.335882 -1.98864 -3.11847 10.5404 1.54321 11.5418 -0.339359 -1.99492 -3.1292
1.45442 7.05651 4.1318 1.61724 3.72103 0.48219 1.4208 7.08786 4.11339 1.60342 3.76722 0.485995
-13.5083 -11.9162 -13.8259 -3.34466 0.912103 1.80322 -13.5255 -11.9572 -13.7533 -3.33273 0.922565 1.80704
-7.72623 -1.10304 5.78513 3.0674 1.27999 4.3471 -7.75859 -1.0991 5.7365 3.08275 1.2612 4.324
0.552511 -9.77792 -8.7223 3.60578 -0.321868 4.059 0.541753 -9.73309 -8.6851 3.58512 -0.31207 4.02933
-4.78374 -6.77496 2.20679 -2.63409 2.24511 0.38868 -4.8243 -6.72659 2.16841 -2.63678 2.25842 0.397977
4.70772 -3.13587 3.97432 -1.79348 -3.25077 3.1151 4.68712 -3.11073 3.89902 -1.78033 -3.25072 3.11699
-5.9832 -5.85586 4.00981 1.84067 1.46164 0.492861 -5.94394 -5.86728 3.98718 1.84559 1.44744 0.477863
-14.7837 -11.9009 -8.468 -3.34019 2.63378 1.9847 -14.8142 -11.9764 -8.44577 -3.36452 2.60926 1.99371
8.70893 0.183473 -3.89805 5.29069 -3.11144 3.39052 8.73434 0.199214 -3.9221 5.23726 -3.08387 3.3677
-0.484825 -5.57172 -1.52557 -2.39727 0.492491 -2.74588 -0.496485 -5.54328 -1.53593 -2.39595 0.458599 -2.71825
6.96 2.46443 4.97611 2.25668 1.60139 -3.07671 6.94316 2.4419 4.87398 2.25707 1.59672 -3.09594
-12.726 -9.32187 -7.8857 3.57157 -1.75524 2.32177 -12.7293 -9.37739 -7.91817 3.60238 -1.7441 2.32196
-1.42848 -2.15054 -8.61768 -4.43603 -3.42876 -0.922178 -1.36014 -2.12451 -8.56005 -4.44357 -3.3893 -0.945037
-13.5601 -14.6386 -12.5661 0.683068 -0.788151 -2.09283 -13.5515 -14.6372 -12.5146 0.683091 -0.775507 -2.09592
2.64989 -8.44526 -2.00091 1.30515 -1.15814 -1.7971 2.64303 -8.43947 -2.0415 1.27807 -1.16921 -1.7982
12.7284 8.37628 13.9057 -3.18925 -1.32449 1.5253 12.7444 8.32042 13.801 -3.2193 -1.33032 1.57915
3.05277 14.9079 10.181 3.49919 -0.081446 3.47651 3.07164 14.9161 10.1675 3.47472 -0.100812 3.49182
6.30313 -5.8464 -1.00335 0.133953 2.57853 -1.85427 6.27935 -5.8079 -1.0168 0.158248 2.54841 -1.85354
-1.49696 -4.04638 -7.69164 -3.91039 -0.76935 -3.86794 -1.49324 -4.02991 -7.69422 -3.87308 -0.754502 -3.85073
-12.6182 -4.01385 -10.5382 0.803267 2.68572 0.689366 -12.6218 -3.97238 -10.4722 0.791122 2.67801 0.668077
-6.52211 -10.7801 0.876382 2.88723 3.37911 1.15623 -6.60738 -10.8154 0.804663 2.86327 3.33468 1.17554
-0.257146 6.48001 4.35893 1.75778 -1.63116 -2.41289 -0.25969 6.46387 4.29767 1.78372 -1.67362 -2.40863
-12.6319 -10.1583 -8.80663 -0.264948 -1.63758 -2.52672 -12.7016 -10.2385 -8.81637 -0.258765 -1.61829 -2.52981
-8.09888 -5.51812 -4.8738 2.59876 -1.59201 -2.86505 -8.10577 -5.52401 -4.85912 2.60057 -1.56052 -2.86357
1.48766 -10.1132 -5.32873 3.11332 -0.906627 2.23925 1.50067 -10.0862 -5.30419 3.11532 -0.90897 2.23892
10.6625 10.2315 12.7145 2.05787 -3.4741 2.13256 10.6351 10.1755 12.6614 2.01552 -3.47052 2.18625
11.2995 17.0318 18.883 3.44141 3.14027 -0.715973 11.2796 17.0819 18.9246 3.54821 3.22389 -0.730634
-2.05059 1.04909 8.53814 -0.855607 -4.58808 0.0837519 -2.01763 1.077 8.4653 -0.888054 -4.61712 0.0719879
2.49429 8.13034 -2.55199 -3.74665 2.96212 -4.08824 2.47701 8.16688 -2.51735 -3.6814 2.95328 -4.05558
-11.3269 2.18168 -7.79913 -2.60755 4.16037 3.29273 -11.3343 2.16019 -7.7949 -2.60569 4.10731 3.31545
-2.48674 -0.362709 3.27459 3.04571 0.780182 0.0248927 -2.5008 -0.373527 3.27601 3.02929 0.769445 0.0365542
6.3899 2.77001 -5.69785 1.45091 3.56704 0.770985 6.40604 2.75737 -5.71046 1.42757 3.54865 0.766158
-8.83083 -3.43336 -6.29295 -0.879235 3.9239 -2.23755 -8.83188 -3.48497 -6.2922 -0.879036 3.87088 -2.24268
4.29848 -2.58758 6.90322 1.09375 -0.322921 4.45968 4.28345 -2.52014 6.84447 1.06658 -0.302229 4.43616
2.87493 12.8619 15.4167 -3.5827 5.45965 -2.88861 2.96175 12.925 15.5474 -3.59308 5.5741 -2.98315
-10.7429 -14.1398 -11.3446 2.59618 2.85495 0.821945 -10.7711 -14.1906 -11.3395 2.61028 2.87403 0.778623
-2.13323 9.12751 6.18989 1.69179 -5.38383 1.38894 -2.08683 9.15457 6.17525 1.68103 -5.4095 1.39545
5.15487 9.33782 10.335 -1.35926 -3.52371 -0.27465 5.19375 9.38722 10.2979 -1.39333 -3.56928 -0.306797
-7.09304 -0.211417 -5.18546 3.5421 -0.185352 -2.22617 -7.11104 -0.209454 -5.15505 3.54604 -0.151468 -2.19767
-6.85753 1.32 1.14531 -3.92547 -0.0581022 2.46347 -6.76414 1.32173 1.11051 -3.93601 -0.0385565 2.47182
13.8223 17.7698 5.77574 -0.977119 -0.886618 1.50273 13.784 17.8308 5.70164 -0.979857 -0.905546 1.50053
3.1713 -2.17567 10.3465 -2.8279 4.3482 -3.77207 3.19464 -2.16544 10.4215 -2.78351 4.37119 -3.76608
5.30374 7.06151 8.19319 1.69278 3.34444 0.482188 5.26417 7.08004 8.15431 1.70785 3.35976 0.512005
15.9227 11.759 5.80605 3.92442 -4.90121 1.68139 16.0204 11.8668 5.82209 3.95341 -4.97251 1.68099
-4.88402 -6.21715 -3.24669 -2.99753 0.182971 2.74379 -4.87643 -6.22614 -3.23173 -2.97342 0.189469 2.71202
-8.00001 2.86748 -6.92722 1.58805 -3.28688 -3.96058 -8.06902 2.89324 -6.92684 1.5798 -3.26636 -3.96117
7.39472 -4.76766 -0.0695751 -4.02437 2.20591 0.966087 7.35776 -4.75496 -0.064034 -4.04296 2.19822 0.946622
-0.418395 -0.383264 3.62593 -2.15136 -3.14316 3.338 -0.400757 -0.415946 3.54999 -2.16438 -3.12131 3.31408
-10.7392 -5.22924 -2.30322 -1.6359 -2.86858 -0.349712 -10.7406 -5.20915 -2.35882 -1.619 -2.82913 -0.371159
-6.46857 2.41753 -0.420433 -2.89218 4.45962 -1.62684 -6.45167 2.35944 -0.436507 -2.90186 4.40278 -1.63055
-11.5061 -11.3506 -13.5777 -2.39056 0.521954 2.42087 -11.5559 -11.349 -13.5278 -2.37582 0.534115 2.41567
-6.64609 -5.02025 -1.62113 2.25854 -2.04791 0.579572 -6.65019 -5.08417 -1.63382 2.28135 -2.02317 0.608674
-4.32739 -0.617326 4.31133 -0.401758 2.07649 1.06121 -4.30213 -0.599997 4.23853 -0.393039 2.05015 1.03487
15.7666 4.28508 15.0651 0.0298901 4.59754 3.35904 15.8 4.30547 15.0455 0.0484353 4.61397 3.43462
8.13906 4.59973 2.34326 -0.24224 1.5244 -3.77192 8.1529 4.55 2.28273 -0.220486 1.50733 -3.79919
-14.042 -10.7418 -8.05878 0.335504 -0.0239331 -1.77173 -14.0529 -10.7503 -8.00167 0.338671 -0.0233114 -1.77315
