-7.44336 -7.44339
-7.43634 -7.43618
-7.42989 -7.42983
-7.42448 -7.42441
-7.41685 -7.41685
-7.41168 -7.4115
-7.4097 -7.40967
-7.40402 -7.40421
-7.40259 -7.40239
-7.39897 -7.39889
-7.39405 -7.39412
-7.39184 -7.39174
-7.3877 -7.38761
-7.38529 -7.38514
-7.38291 -7.38277
-7.38094 -7.38124
-7.38048 -7.38077
-7.37983 -7.37984
-7.37736 -7.37748
-7.37338 -7.3735
-7.37169 -7.37189
-7.3712 -7.3714
-7.36805 -7.36831
-7.36656 -7.36652
-7.36479 -7.36497
-7.3632 -7.3631
-7.36221 -7.36233
-7.36058 -7.36081
-7.3592 -7.35913
-7.35818 -7.35856
-7.35794 -7.35806
-7.35587 -7.35595
-7.35468 -7.35475
-7.35379 -7.35389
-7.35252 -7.35275
-7.35237 -7.3525
-7.35038 -7.35032
-7.34961 -7.34924
-7.34832 -7.3482
-7.34778 -7.34748
-7.34638 -7.34665
-7.34573 -7.34599
-7.34547 -7.34521
-7.34482 -7.34473
-7.3445 -7.34423
-7.34309 -7.34324
-7.34226 -7.34271
-7.34258 -7.34237
-7.34209 -7.3422
-7.3409 -7.34097
-7.34035 -7.34051
-7.33856 -7.33879
-7.33858 -7.3384
-7.33792 -7.33813
-7.33708 -7.33716
-7.33673 -7.33675
-7.33636 -7.33631
-7.33613 -7.33601
-7.33532 -7.33568
-7.33469 -7.33473
-7.33381 -7.33394
-7.33302 -7.33326
-7.33262 -7.33274
-7.33253 -7.33251
-7.33223 -7.33217
-7.33119 -7.33112
-7.32975 -7.33026
-7.33002 -7.33008
-7.32917 -7.32925
-7.32865 -7.32903
-7.32884 -7.32874
-7.3279 -7.32813
-7.32787 -7.32786
-7.32742 -7.3277
-7.32703 -7.32693
-7.32554 -7.32589
-7.32541 -7.32536
-7.32419 -7.32471
-7.32414 -7.32447
-7.32381 -7.32406
-7.3231 -7.32325
-7.32285 -7.32271
-7.32275 -7.3225
-7.32155 -7.32169
-7.32172 -7.32124
-7.32025 -7.32047
-7.31974 -7.32018
-7.31971 -7.31976
-7.31933 -7.31948
-7.3193 -7.31927
-7.31915 -7.31918
-7.31873 -7.31871
-7.31879 -7.31856
-7.31734 -7.3178
-7.31741 -7.31762
-7.31677 -7.31661
-7.31623 -7.31616
-7.31583 -7.31604
-7.3155 -7.31556
-7.31465 -7.31489
-7.31437 -7.3143
-7.31421 -7.31409
-7.31314 -7.31371
-7.31304 -7.31333
-7.31255 -7.31274
-7.31224 -7.31229
-7.31241 -7.31209
-7.31166 -7.31147
-7.30993 -7.3104
-7.30995 -7.30947
-7.3091 -7.30921
-7.30912 -7.30873
-7.308 -7.308
-7.30782 -7.30791
-7.3069 -7.30747
-7.30655 -7.30678
-7.30647 -7.30613
-7.3059 -7.30578
-7.3053 -7.30544
-7.3052 -7.30507
-7.30439 -7.30441
-7.30358 -7.304
-7.3035 -7.30352
-7.30266 -7.30282
-7.3025 -7.30218
-7.30143 -7.30187
-7.30182 -7.30159
-7.30146 -7.30128
-7.30057 -7.30087
-7.30046 -7.30031
-7.29943 -7.29966
-7.29945 -7.29917
-7.29849 -7.29863
-7.29782 -7.29791
-7.29775 -7.29751
-7.29669 -7.29698
-7.29672 -7.29664
-7.29585 -7.29603
-7.29565 -7.29538
-7.29523 -7.29479
-7.29476 -7.29461
-7.2936 -7.294
-7.29395 -7.29371
-7.29301 -7.2933
-7.29248 -7.29273
-7.29239 -7.2924
-7.29205 -7.29198
-7.29182 -7.29177
-7.29148 -7.29153
-7.29173 -7.29132
-7.29088 -7.29087
-7.29081 -7.29066
-7.29035 -7.29031
-7.28999 -7.28988
-7.28876 -7.28915
-7.28867 -7.28861
-7.28794 -7.28804
-7.28826 -7.28755
-7.28725 -7.28712
-7.28647 -7.28688
-7.28688 -7.28621
-7.28565 -7.28552
-7.28476 -7.28485
-7.28493 -7.28455
-7.28433 -7.2841
-7.28387 -7.28377
-7.28367 -7.28343
-7.28252 -7.28254
-7.28191 -7.28203
-7.28174 -7.28175
-7.28135 -7.28152
-7.28133 -7.28124
-7.28048 -7.28092
-7.28061 -7.28032
-7.27934 -7.27945
-7.27906 -7.27904
-7.27853 -7.27844
-7.27828 -7.27805
-7.27794 -7.27718
-7.27657 -7.27648
-7.27558 -7.27598
-7.27509 -7.27551
-7.27507 -7.27516
-7.27423 -7.27461
-7.2742 -7.27431
-7.27288 -7.27306
-7.27226 -7.27219
-7.27056 -7.27125
-7.2704 -7.27049
-7.26995 -7.27007
-7.26937 -7.26945
-7.26754 -7.26699
-7.26529 -7.26501
-7.26276 -7.26263
-7.25641 -7.25633
-7.43928 -7.4393
-7.43578 -7.43565
-7.42682 -7.42692
-7.42154 -7.42146
-7.41675 -7.41677
-7.41133 -7.41145
-7.40748 -7.40767
-7.40387 -7.40383
-7.40204 -7.40226
-7.3979 -7.39789
-7.39342 -7.39345
-7.39061 -7.39056
-7.38696 -7.38728
-7.38481 -7.38479
-7.38213 -7.38242
-7.38112 -7.38118
-7.3804 -7.38055
-7.37902 -7.37918
-7.37668 -7.37678
-7.37316 -7.37324
-7.3717 -7.37181
-7.37065 -7.37072
-7.36831 -7.36825
-7.36635 -7.36648
-7.36459 -7.36442
-7.36287 -7.36277
-7.36199 -7.36196
-7.35993 -7.36029
-7.35873 -7.35892
-7.3583 -7.35849
-7.35746 -7.35746
-7.35537 -7.35555
-7.35443 -7.35446
-7.35379 -7.35374
-7.3527 -7.3527
-7.35211 -7.35217
-7.34993 -7.35008
-7.34931 -7.34911
-7.34817 -7.34797
-7.34709 -7.34719
-7.34661 -7.34657
-7.34559 -7.34584
-7.34499 -7.34509
-7.3445 -7.34463
-7.34418 -7.34418
-7.34286 -7.34304
-7.34228 -7.34247
-7.34218 -7.34233
-7.34198 -7.34217
-7.34098 -7.34082
-7.34044 -7.34022
-7.33868 -7.33861
-7.33827 -7.33836
-7.3379 -7.33791
-7.33674 -7.33699
-7.3365 -7.33651
-7.33612 -7.33623
-7.33599 -7.33598
-7.33534 -7.3354
-7.33468 -7.33464
-7.33391 -7.33376
-7.33312 -7.33319
-7.33261 -7.3327
-7.33202 -7.3325
-7.33195 -7.33208
-7.33073 -7.33034
-7.33062 -7.33021
-7.33013 -7.32997
-7.32925 -7.32912
-7.32901 -7.32902
-7.32854 -7.32869
-7.32836 -7.32813
-7.32796 -7.32784
-7.32767 -7.32761
-7.32678 -7.3266
-7.32577 -7.32586
-7.32515 -7.32532
-7.32441 -7.32462
-7.3245 -7.32442
-7.32374 -7.32401
-7.32319 -7.323
-7.32282 -7.32271
-7.32253 -7.32231
-7.32171 -7.32159
-7.32098 -7.321
-7.32032 -7.32022
-7.31988 -7.32001
-7.31997 -7.31971
-7.31943 -7.31941
-7.31932 -7.31924
-7.31921 -7.31916
-7.3191 -7.31865
-7.31823 -7.31848
-7.31758 -7.31771
-7.31748 -7.31749
-7.31658 -7.31652
-7.31605 -7.3161
-7.31616 -7.31595
-7.31562 -7.31552
-7.31476 -7.31465
-7.31449 -7.31427
-7.31345 -7.31399
-7.31405 -7.31367
-7.31331 -7.31327
-7.31281 -7.31257
-7.3124 -7.31228
-7.31177 -7.31205
-7.31083 -7.31081
-7.31016 -7.31028
-7.30944 -7.30947
-7.30877 -7.30884
-7.30858 -7.30857
-7.30793 -7.30798
-7.308 -7.30783
-7.30747 -7.30724
-7.30672 -7.30655
-7.30573 -7.3061
-7.30579 -7.30577
-7.30528 -7.3053
-7.30472 -7.30477
-7.30469 -7.30439
-7.30409 -7.30399
-7.30307 -7.30345
-7.3029 -7.3028
-7.30219 -7.30197
-7.30179 -7.30183
-7.30157 -7.30147
-7.30171 -7.30125
-7.3007 -7.3008
-7.30002 -7.30005
-7.29864 -7.29953
-7.29918 -7.29909
-7.298 -7.29822
-7.29743 -7.29773
-7.29762 -7.29732
-7.29637 -7.2969
-7.29678 -7.29658
-7.29595 -7.29599
-7.29506 -7.29529
-7.29496 -7.29471
-7.29433 -7.29453
-7.2942 -7.2939
-7.29325 -7.29354
-7.29311 -7.29315
-7.29337 -7.29271
-7.29236 -7.29238
-7.29178 -7.29194
-7.29183 -7.29175
-7.29174 -7.29151
-7.29094 -7.29128
-7.29095 -7.29074
-7.29057 -7.2906
-7.2902 -7.29024
-7.28993 -7.28961
-7.28892 -7.28897
-7.28876 -7.28856
-7.28731 -7.28788
-7.28719 -7.28754
-7.28719 -7.28703
-7.28692 -7.2868
-7.28584 -7.28598
-7.28537 -7.2855
-7.28488 -7.2848
-7.28414 -7.28435
-7.28414 -7.28397
-7.28369 -7.28376
-7.28328 -7.28326
-7.28266 -7.28243
-7.28178 -7.28194
-7.28201 -7.28172
-7.28105 -7.2815
-7.28156 -7.28111
-7.28119 -7.28084
-7.2801 -7.28018
-7.27966 -7.27943
-7.27874 -7.27879
-7.27852 -7.27843
-7.27809 -7.2778
-7.27649 -7.27678
-7.27665 -7.27646
-7.27597 -7.27579
-7.27566 -7.27548
-7.27449 -7.27511
-7.27487 -7.2746
-7.2743 -7.27389
-7.27295 -7.27282
-7.27165 -7.27165
-7.2707 -7.27087
-7.27023 -7.27047
-7.26964 -7.26998
-7.26892 -7.26868
-7.26676 -7.26681
-7.2637 -7.26366
-7.26123 -7.26131
-7.25061 -7.25052
-7.43813 -7.43806
-7.43293 -7.43269
-7.42647 -7.42632
-7.42109 -7.42121
-7.41392 -7.41383
-7.4112 -7.41117
-7.40583 -7.40592
-7.40277 -7.40277
-7.40166 -7.40139
-7.39574 -7.39588
-7.39306 -7.3932
-7.39004 -7.38998
-7.38683 -7.38713
-7.38445 -7.38431
-7.3818 -7.38196
-7.38102 -7.38101
-7.38034 -7.38044
-7.37825 -7.37818
-7.37419 -7.37402
-7.37293 -7.37308
-7.37158 -7.37163
-7.36894 -7.36921
-7.36774 -7.36808
-7.36628 -7.36642
-7.36338 -7.36351
-7.36255 -7.3627
-7.36167 -7.36161
-7.3596 -7.35943
-7.35874 -7.3588
-7.35819 -7.35815
-7.35658 -7.35666
-7.35542 -7.35545
-7.35415 -7.35415
-7.353 -7.35316
-7.35257 -7.35261
-7.35166 -7.3515
-7.34932 -7.34965
-7.349 -7.34906
-7.34763 -7.34768
-7.34702 -7.34716
-7.34626 -7.34632
-7.34584 -7.34574
-7.34487 -7.34494
-7.34427 -7.34444
-7.34322 -7.34347
-7.3428 -7.34279
-7.34245 -7.34242
-7.34245 -7.3423
-7.3421 -7.34202
-7.3404 -7.34071
-7.33965 -7.33987
-7.3383 -7.33846
-7.33793 -7.33821
-7.33793 -7.33782
-7.33659 -7.3369
-7.33642 -7.33641
-7.33635 -7.33612
-7.33586 -7.33587
-7.33542 -7.3352
-7.33422 -7.33449
-7.33394 -7.33372
-7.33306 -7.33316
-7.33264 -7.33263
-7.33251 -7.33243
-7.33207 -7.33186
-7.33032 -7.33031
-7.33024 -7.33016
-7.32962 -7.3298
-7.3289 -7.32908
-7.32936 -7.3289
-7.32829 -7.3284
-7.32806 -7.32804
-7.32762 -7.32777
-7.32758 -7.32747
-7.32605 -7.32621
-7.3258 -7.32571
-7.32498 -7.32516
-7.32462 -7.32452
-7.32413 -7.32414
-7.32377 -7.32382
-7.3223 -7.32279
-7.32245 -7.32261
-7.32234 -7.32216
-7.32151 -7.32155
-7.32086 -7.32092
-7.32023 -7.3202
-7.32003 -7.31999
-7.31989 -7.31962
-7.31961 -7.31935
-7.31923 -7.31922
-7.31923 -7.31902
-7.31913 -7.31865
-7.31805 -7.31847
-7.31792 -7.31768
-7.31765 -7.31749
-7.3167 -7.3165
-7.31628 -7.31608
-7.31565 -7.3158
-7.3155 -7.31528
-7.31458 -7.31455
-7.31367 -7.31412
-7.31422 -7.31398
-7.31361 -7.31353
-7.31333 -7.31301
-7.31231 -7.3124
-7.31254 -7.31228
-7.31153 -7.31199
-7.31053 -7.31078
-7.3102 -7.31013
-7.30934 -7.30934
-7.30855 -7.30876
-7.30882 -7.30839
-7.30816 -7.30793
-7.30714 -7.30769
-7.30682 -7.30696
-7.30659 -7.30629
-7.30619 -7.30598
-7.30557 -7.30554
-7.30502 -7.30528
-7.30442 -7.30469
-7.30423 -7.30426
-7.30359 -7.30393
-7.30298 -7.30313
-7.30263 -7.30241
-7.30221 -7.30196
-7.30172 -7.30172
-7.30145 -7.30138
-7.30109 -7.30101
-7.3006 -7.30047
-7.29941 -7.29983
-7.29962 -7.29942
-7.29898 -7.29898
-7.29828 -7.29808
-7.29765 -7.29766
-7.29714 -7.29723
-7.29673 -7.29689
-7.29611 -7.29637
-7.29576 -7.29588
-7.29482 -7.29518
-7.29496 -7.2947
-7.29447 -7.29441
-7.29421 -7.29388
-7.29362 -7.2934
-7.29297 -7.29283
-7.29286 -7.29266
-7.292 -7.29223
-7.29195 -7.29194
-7.29184 -7.29168
-7.29132 -7.29145
-7.29142 -7.29125
-7.29093 -7.29074
-7.28995 -7.29045
-7.29036 -7.29018
-7.28942 -7.28951
-7.28888 -7.2889
-7.28801 -7.28822
-7.28721 -7.2877
-7.28727 -7.2874
-7.28755 -7.28702
-7.28705 -7.2865
-7.28595 -7.28597
-7.28504 -7.28516
-7.28435 -7.2846
-7.28409 -7.28429
-7.2841 -7.28393
-7.28381 -7.28375
-7.28296 -7.28292
-7.2828 -7.2823
-7.28185 -7.28192
-7.282 -7.28169
-7.28116 -7.28149
-7.2809 -7.28107
-7.28067 -7.28059
-7.28026 -7.28007
-7.27939 -7.27937
-7.27852 -7.27872
-7.27839 -7.2781
-7.27763 -7.2778
-7.27648 -7.27668
-7.27604 -7.27634
-7.27573 -7.27576
-7.27533 -7.27529
-7.27499 -7.27488
-7.27448 -7.27455
-7.27335 -7.27337
-7.27252 -7.27269
-7.27161 -7.27152
-7.27055 -7.27081
-7.27034 -7.27044
-7.26998 -7.26965
-7.26773 -7.26732
-7.26661 -7.26676
-7.26358 -7.26357
-7.25962 -7.25933
-7.43802 -7.43806
-7.43038 -7.43034
-7.42492 -7.42491
-7.41839 -7.41834
-7.41327 -7.4132
-7.41091 -7.41093
-7.40445 -7.40428
-7.40249 -7.40246
-7.3992 -7.3992
-7.39415 -7.39432
-7.39339 -7.39306
-7.38984 -7.38989
-7.38613 -7.38589
-7.383 -7.38305
-7.38133 -7.38155
-7.38121 -7.38096
-7.38009 -7.38003
-7.37776 -7.37784
-7.37389 -7.37386
-7.37298 -7.37288
-7.37126 -7.37159
-7.36865 -7.36853
-7.36702 -7.36698
-7.3652 -7.36519
-7.36364 -7.36348
-7.36267 -7.36269
-7.3607 -7.36088
-7.35942 -7.35936
-7.3587 -7.35876
-7.35824 -7.35814
-7.35576 -7.35597
-7.35498 -7.35491
-7.35388 -7.35408
-7.35284 -7.35282
-7.35226 -7.35257
-7.35034 -7.35042
-7.34914 -7.3493
-7.34832 -7.34821
-7.34753 -7.34762
-7.34693 -7.34673
-7.34592 -7.34599
-7.3457 -7.34562
-7.34507 -7.34493
-7.34436 -7.34434
-7.34323 -7.34346
-7.34257 -7.34278
-7.34263 -7.34241
-7.34225 -7.34227
-7.34119 -7.34113
-7.34072 -7.34063
-7.33959 -7.33946
-7.33821 -7.33843
-7.3382 -7.33819
-7.33693 -7.33728
-7.33682 -7.3369
-7.33614 -7.33638
-7.33635 -7.3361
-7.33573 -7.33585
-7.3349 -7.33496
-7.33394 -7.33427
-7.33339 -7.33344
-7.33272 -7.33278
-7.33244 -7.33262
-7.33188 -7.33225
-7.33176 -7.3318
-7.33012 -7.33027
-7.33012 -7.33011
-7.32928 -7.32955
-7.32909 -7.32907
-7.32889 -7.32886
-7.32807 -7.32819
-7.32787 -7.32804
-7.32804 -7.32777
-7.32716 -7.32719
-7.32586 -7.32607
-7.32551 -7.3254
-7.32484 -7.32475
-7.32451 -7.3245
-7.32433 -7.32411
-7.32294 -7.32326
-7.32261 -7.32279
-7.32284 -7.3226
-7.3213 -7.32178
-7.32131 -7.32147
-7.32085 -7.32078
-7.32003 -7.3202
-7.3198 -7.31976
-7.31944 -7.31954
-7.31919 -7.31934
-7.31931 -7.31922
-7.31884 -7.319
-7.31859 -7.31862
-7.31787 -7.31786
-7.31771 -7.31768
-7.31701 -7.31745
-7.31624 -7.31628
-7.31585 -7.31606
-7.3161 -7.3157
-7.31497 -7.31497
-7.31425 -7.31439
-7.31381 -7.31409
-7.31399 -7.31389
-7.31334 -7.31352
-7.31294 -7.3128
-7.31201 -7.3123
-7.31229 -7.31217
-7.31162 -7.31166
-7.3107 -7.31055
-7.30957 -7.30992
-7.30935 -7.30934
-7.30836 -7.30875
-7.30795 -7.30802
-7.30789 -7.30792
-7.30747 -7.30761
-7.30664 -7.30688
-7.30659 -7.30627
-7.3059 -7.30584
-7.30553 -7.3055
-7.30493 -7.30523
-7.30441 -7.30455
-7.30423 -7.3042
-7.3041 -7.30378
-7.30294 -7.30287
-7.30216 -7.30224
-7.30193 -7.30191
-7.30168 -7.30161
-7.30125 -7.30129
-7.30111 -7.30095
-7.30028 -7.30031
-7.29984 -7.29972
-7.29924 -7.29926
-7.29893 -7.29885
-7.29765 -7.29797
-7.29769 -7.29754
-7.29726 -7.29709
-7.29651 -7.29678
-7.29677 -7.29629
-7.2954 -7.29543
-7.29538 -7.29497
-7.29507 -7.29465
-7.29442 -7.29407
-7.29394 -7.29382
-7.29384 -7.29336
-7.2929 -7.29282
-7.29261 -7.29252
-7.29232 -7.29198
-7.29168 -7.2919
-7.29194 -7.29161
-7.2916 -7.29132
-7.29061 -7.29108
-7.29071 -7.29072
-7.28997 -7.29032
-7.28986 -7.28992
-7.29021 -7.28941
-7.28891 -7.28883
-7.2887 -7.2881
-7.28749 -7.28768
-7.287 -7.28727
-7.28709 -7.28697
-7.28647 -7.28646
-7.28552 -7.28574
-7.28511 -7.28496
-7.28414 -7.28456
-7.28422 -7.28411
-7.28369 -7.28383
-7.284 -7.28361
-7.28325 -7.28279
-7.28215 -7.28223
-7.28215 -7.2819
-7.28182 -7.28167
-7.28135 -7.28135
-7.28109 -7.28097
-7.28051 -7.28051
-7.27975 -7.27963
-7.2792 -7.27913
-7.27931 -7.2787
-7.27821 -7.27807
-7.27763 -7.27765
-7.27657 -7.27656
-7.27569 -7.27615
-7.27579 -7.27558
-7.2752 -7.27528
-7.2745 -7.27485
-7.27426 -7.27439
-7.27286 -7.27331
-7.27317 -7.27262
-7.27191 -7.27141
-7.27072 -7.27073
-7.27045 -7.27012
-7.26969 -7.26952
-7.26717 -7.2673
-7.26671 -7.26673
-7.2632 -7.26332
-7.2561 -7.25638
