0.754999 0.346973 0.523358 -0.628635 1.48098 -1.52275 0.624232 0.280386 0.425253 -0.632123 1.48027 -1.52786
0.444543 0.278292 -0.00901319 2.06598 -3.16545 -0.983505 0.357962 0.164849 -0.0910789 2.07681 -3.18416 -1.0032
-0.59801 0.0680809 -0.107038 2.22343 -3.14209 -1.53675 -0.664073 -0.0536677 -0.190102 2.23501 -3.16389 -1.54474
-2.62726 -1.46673 -0.915777 -0.92422 1.15128 -1.25466 -2.74214 -1.5241 -0.985515 -0.938821 1.16266 -1.2589
-0.907358 -0.803882 -0.093231 2.51498 -3.18522 -1.2307 -0.943294 -0.902673 -0.134046 2.51357 -3.18329 -1.22448
-2.77228 -2.75918 -2.31258 -0.42749 1.61232 -1.47507 -2.86152 -2.76623 -2.38903 -0.431884 1.60724 -1.47349
-0.294913 1.04511 1.84382 2.05621 -2.99875 -1.24842 -0.323312 0.958364 1.76135 2.07536 -3.03077 -1.25899
-0.385934 -0.502283 -0.473758 2.39851 -3.12481 -1.66679 -0.39584 -0.575229 -0.497815 2.41342 -3.12552 -1.67161
2.19994 2.23308 2.37922 -0.520485 1.31074 -1.5047 2.09703 2.22985 2.30488 -0.520795 1.3117 -1.49708
0.16398 0.0062474 0.915158 1.94281 -3.01457 -1.25128 0.136936 -0.0794464 0.879817 1.97774 -3.03159 -1.26153
-0.391391 -3.14735 -0.94423 -0.690279 1.29281 -1.61409 -0.497448 -3.17286 -1.01828 -0.707373 1.29839 -1.60238
-3.79724 -4.92213 -3.77525 -0.545741 1.27303 -1.32535 -3.87493 -4.93854 -3.81142 -0.556652 1.25947 -1.30999
-1.00167 -0.542562 -0.342312 -0.756561 1.43345 -1.36847 -0.979531 -0.515691 -0.388521 -0.756113 1.45583 -1.37235
2.83399 2.49373 0.831604 0.0913731 -1.43456 -1.65348 2.86062 2.5151 0.774533 0.109389 -1.45125 -1.66311
-5.07113 -4.58268 -5.06217 -0.365293 1.35755 -1.43091 -5.15661 -4.59009 -5.12626 -0.36186 1.33765 -1.43358
-2.0717 -2.37651 -1.45439 -0.4999 1.65826 -0.972224 -2.09507 -2.38355 -1.54151 -0.522601 1.64061 -0.977659
-0.506983 0.565255 0.667804 0.518998 -1.26938 -1.71528 -0.540007 0.537482 0.623074 0.510612 -1.27258 -1.71226
-0.169927 -1.15113 -1.21369 0.315237 0.0185079 0.0164801 -0.158127 -1.17607 -1.2741 0.306804 0.0175987 0.0281823
-1.28809 -1.62166 -1.21119 0.18558 -0.624566 -1.72527 -1.29144 -1.64519 -1.31816 0.18401 -0.645321 -1.71518
0.0647502 -0.358343 -0.482308 2.51881 -3.19832 -1.2812 0.0265994 -0.376685 -0.502555 2.52712 -3.20843 -1.28276
0.579688 0.396126 0.914894 0.587223 1.56173 2.73881 0.569575 0.406803 0.829329 0.594531 1.58488 2.75432
2.87565 3.19214 4.06597 -0.429186 1.57873 -1.95017 2.83673 3.16167 4.02792 -0.453147 1.58006 -1.9573
-0.284332 2.06933 0.452725 -0.223784 0.864304 -1.45978 -0.317571 2.0848 0.421867 -0.214757 0.823132 -1.50034
-0.528026 -1.45845 -0.440525 0.726688 1.49128 3.14587 -0.553932 -1.40742 -0.425059 0.732766 1.5081 3.17248
0.752578 1.62503 0.770181 0.334522 -0.0223842 -0.809849 0.716836 1.61706 0.740052 0.360627 -0.0246548 -0.839842
-2.48095 -2.1189 -2.33512 0.622599 1.77958 3.41069 -2.45768 -2.07484 -2.31709 0.633459 1.78438 3.41381
-1.60957 -1.32947 -2.00925 0.366833 1.13467 3.35819 -1.6151 -1.31088 -2.0262 0.368384 1.13728 3.37107
-0.212973 3.57436 3.88831 0.748822 1.92675 3.26287 -0.134694 3.6243 3.93231 0.777862 1.9646 3.2688
-2.50445 -1.73052 -3.55212 -0.884908 1.15522 -1.29142 -2.54102 -1.76537 -3.64459 -0.868038 1.14683 -1.29911
0.386167 2.94677 2.70185 0.544107 2.26611 3.24399 0.335741 2.95299 2.66339 0.550815 2.26772 3.22983
-1.82395 -3.02992 -2.10434 0.0719372 1.08939 -1.23602 -1.84117 -3.00543 -2.08233 0.0938402 1.0877 -1.21289
-1.5957 -1.67874 -1.16947 0.593626 1.2668 3.33712 -1.591 -1.6422 -1.11166 0.612514 1.26475 3.36156
-0.0261344 -0.395583 -0.664856 0.845146 2.28152 2.87763 -0.0538241 -0.381337 -0.683769 0.867776 2.26723 2.90733
-1.21991 -0.490442 -1.69474 0.875892 1.82253 2.61929 -1.22791 -0.475256 -1.68495 0.867656 1.85098 2.65292
-1.45792 -1.25623 -0.843683 -0.18122 1.14594 -1.57347 -1.44837 -1.26785 -0.807591 -0.178673 1.14307 -1.60265
-1.61894 -1.44786 -0.978673 0.299039 -0.498595 -1.42548 -1.59238 -1.50748 -0.972419 0.293193 -0.50922 -1.4419
-0.193048 -1.7691 -0.804911 0.107861 0.258017 -0.178906 -0.222871 -1.76304 -0.814135 0.109888 0.227821 -0.163413
0.272694 -0.317936 0.0363419 -0.532905 0.925592 -1.81153 0.252988 -0.279529 0.0551388 -0.570915 0.942203 -1.81474
0.997615 0.741344 0.384463 0.818367 2.55343 2.90792 1.01824 0.747739 0.368953 0.825703 2.53967 2.93863
-1.17449 -0.411558 0.0495973 0.163025 1.74638 2.96321 -1.19576 -0.407283 0.0447154 0.206122 1.75373 2.99258
0.0379416 1.42432 0.837776 -0.574719 1.31838 -1.49016 0.0175534 1.39631 0.832241 -0.607893 1.33866 -1.47872
-0.472449 0.473417 1.76507 0.134841 -0.167877 -0.881548 -0.491597 0.504509 1.71828 0.181858 -0.189468 -0.906583
-2.12341 -3.8288 -2.58882 -0.458112 1.26092 -1.33458 -2.1183 -3.8677 -2.59022 -0.484434 1.25288 -1.32933
1.74118 2.27467 0.339582 -0.701361 1.34988 -0.759279 1.82074 2.31196 0.331381 -0.726414 1.34068 -0.752455
0.561916 1.18232 0.987421 -0.367423 0.322614 -0.618213 0.496715 1.12357 0.948855 -0.391492 0.294367 -0.607343
-3.79315 -2.16332 -4.0825 0.978611 2.19711 3.24361 -3.84054 -2.18474 -4.10959 0.973429 2.17841 3.23636
-4.2324 -0.487215 4.32272 -0.422032 2.07632 1.05283 -4.30213 -0.599997 4.23853 -0.393039 2.05015 1.03487
1.22506 0.786876 0.351684 -0.6464 1.28989 -1.82754 1.26302 0.830189 0.349242 -0.650275 1.31224 -1.83539
-0.82727 -1.23103 -1.22847 -0.491128 1.10169 -0.301721 -0.878065 -1.27653 -1.23959 -0.501348 1.09131 -0.325942
-1.63265 -2.67614 -2.4597 -0.822004 1.22225 -1.14185 -1.60807 -2.64309 -2.46892 -0.817236 1.23237 -1.15742
0.0403318 0.772886 -0.220153 0.689633 1.98229 3.66448 0.0789688 0.77485 -0.199845 0.697841 1.96292 3.66608
-1.89082 -2.16576 -2.87089 0.525234 0.00766618 -0.0682424 -1.91092 -2.14922 -2.89954 0.560284 0.0177089 -0.0420874
1.97516 1.09288 2.41752 -0.398053 0.952381 -1.16565 2.05932 1.13891 2.47131 -0.439651 0.938336 -1.20954
-1.86589 -1.3279 -0.619854 0.602162 2.02666 2.99862 -1.91901 -1.31291 -0.605512 0.596452 2.06403 2.95384
-1.37334 -1.35195 0.561715 -0.602793 1.9218 -0.858069 -1.36211 -1.35847 0.657104 -0.651534 1.9462 -0.850667
1.39741 6.9872 4.07881 1.59737 3.70975 0.486814 1.4208 7.08786 4.11339 1.60342 3.76722 0.485995
0.652074 0.107018 0.422288 1.585 1.56197 2.61141 0.686717 0.129177 0.538621 1.61966 1.59337 2.64494
-0.992226 -1.9894 -2.22124 -0.511705 1.1906 -0.821283 -1.03166 -1.97579 -2.24844 -0.488996 1.16072 -0.854039
-0.213595 6.51495 4.33326 1.76908 -1.65124 -2.4027 -0.25969 6.46387 4.29767 1.78372 -1.67362 -2.40863
-5.84852 -5.34964 -4.62689 0.0827051 0.165804 0.000263278 -5.88593 -5.37482 -4.67538 0.0885395 0.169313 0.0138762
2.68476 -8.42584 -1.98769 1.28481 -1.14795 -1.81338 2.64303 -8.43947 -2.0415 1.27807 -1.16921 -1.7982
-5.74301 -3.58135 -4.14873 0.607203 1.2325 2.39632 -5.76076 -3.51699 -4.13729 0.615116 1.23345 2.37809
-7.44582 -2.90645 -3.01464 1.80983 -3.7824 0.0886321 -7.51354 -2.9729 -3.04479 1.79945 -3.80007 0.092886
-0.0380234 -0.164197 -0.682291 0.994308 1.46075 3.41712 -0.0282952 -0.175941 -0.626513 0.994356 1.48213 3.44127
-2.61792 -1.4893 -0.730931 0.499671 1.69181 2.44443 -2.61323 -1.44025 -0.715226 0.511966 1.68188 2.4701
4.76037 -3.06084 3.93177 -1.75127 -3.24825 3.0637 4.68712 -3.11073 3.89902 -1.78033 -3.25072 3.11699
-3.41948 -1.10098 -4.30187 -0.601528 0.215168 -0.471747 -3.54976 -1.18281 -4.37181 -0.595488 0.209566 -0.474784
-7.16718 4.67437 -6.95298 -1.03126 -4.35602 -0.666273 -7.15406 4.71832 -6.99706 -1.04193 -4.33614 -0.673995
0.21883 0.865555 -5.52884 2.01237 -1.67767 -4.92351 0.263557 0.874381 -5.5948 2.02995 -1.6642 -4.94649
-2.12987 -1.5145 -2.29509 -0.581963 1.57672 -0.750288 -2.18337 -1.51057 -2.29318 -0.559225 1.56627 -0.733464
-6.78249 -8.67578 -11.2733 2.95086 1.39506 -0.380402 -6.81732 -8.63599 -11.3346 2.95556 1.3873 -0.374708
4.2724 -2.49658 6.84053 1.062 -0.302643 4.39309 4.28345 -2.52014 6.84447 1.06658 -0.302229 4.43616
-4.12976 -4.0736 -4.77233 -0.331186 -0.18634 0.493649 -4.10002 -4.05432 -4.76997 -0.359664 -0.179664 0.454131
-6.43043 2.42428 -0.391809 -2.85176 4.38155 -1.59016 -6.45167 2.35944 -0.436507 -2.90186 4.40278 -1.63055
-10.6273 -5.09561 -2.31369 -1.61384 -2.83474 -0.351322 -10.7406 -5.20915 -2.35882 -1.619 -2.82913 -0.371159
-1.70914 -2.67635 -1.58101 -0.860854 1.04016 -1.31908 -1.67876 -2.64923 -1.57877 -0.871204 1.03743 -1.29769
-1.50099 -7.84514 -4.99224 3.69125 4.55406 4.94721 -1.53698 -7.90435 -5.08483 3.69676 4.58346 4.96046
-1.46862 0.927993 0.238152 -0.429773 0.647723 -0.270483 -1.44755 0.950665 0.251656 -0.401289 0.655992 -0.258952
-1.37796 -0.440858 -1.40167 0.135467 -0.253829 0.272635 -1.39617 -0.462062 -1.45079 0.149918 -0.21548 0.273807
-1.76172 -2.06491 -2.01587 -0.412283 0.988443 -1.01595 -1.73156 -2.0931 -1.99106 -0.395529 1.00502 -1.03298
10.4632 10.0168 12.516 1.9749 -3.42064 2.12044 10.6351 10.1755 12.6614 2.01552 -3.47052 2.18625
-1.85469 -1.50053 -0.65405 0.0966498 -0.300583 -0.476909 -1.92027 -1.62055 -0.712944 0.117584 -0.307302 -0.47922
-1.45366 -1.56852 -2.16799 0.357592 -0.739245 0.321863 -1.54899 -1.70233 -2.23123 0.36945 -0.71788 0.332695
-11.2781 2.23904 -7.74818 -2.58292 4.11751 3.2976 -11.3343 2.16019 -7.7949 -2.60569 4.10731 3.31545
-2.03339 -0.227763 -1.65789 0.332383 0.494028 -0.153898 -1.99889 -0.1452 -1.57882 0.315007 0.517314 -0.138042
-2.08658 -1.72546 -2.16258 -0.554388 0.19048 0.199237 -2.08696 -1.73897 -2.15978 -0.557266 0.205253 0.209575
-0.457453 -0.380508 -0.794339 -0.00126691 1.27169 -1.2372 -0.513926 -0.382371 -0.815065 0.00572783 1.26868 -1.22576
-0.769897 -0.722522 0.952713 -0.477561 0.780616 -1.20979 -0.789936 -0.726504 0.900374 -0.503502 0.766115 -1.21922
6.33452 -3.42948 9.34102 -2.54624 4.06682 -3.07986 6.33043 -3.38107 9.37339 -2.53624 4.04427 -3.10369
2.38641 8.0813 -2.50559 -3.62526 2.94696 -4.01275 2.47701 8.16688 -2.51735 -3.6814 2.95328 -4.05558
-6.43659 8.02293 3.58461 -3.94007 -2.80768 0.334691 -6.35398 8.03675 3.60025 -3.96698 -2.83918 0.337902
-8.74449 -3.3589 -6.21099 -0.869152 3.87543 -2.23003 -8.83188 -3.48497 -6.2922 -0.879036 3.87088 -2.24268
1.40224 3.26499 2.53152 -0.0723001 1.54895 -1.43466 1.50295 3.38707 2.59219 -0.0788813 1.55573 -1.45529
-2.77046 -2.12978 -2.7193 0.114432 0.281575 -0.273353 -2.76825 -2.14604 -2.73189 0.0969861 0.269125 -0.248467
-2.08006 9.13894 6.14374 1.68923 -5.34351 1.3877 -2.08683 9.15457 6.17525 1.68103 -5.4095 1.39545
1.86747 1.83391 0.4428 -0.874064 0.0267226 -1.18234 1.96386 1.91839 0.49657 -0.879059 0.0208168 -1.17361
-1.89174 -1.96207 -2.72411 -0.138399 0.0755053 -0.0857012 -1.84748 -1.95096 -2.71731 -0.1103 0.0647187 -0.0740387
-4.66468 -3.51901 -3.14702 -0.16508 -0.580522 -0.440606 -4.71849 -3.59968 -3.20878 -0.173838 -0.546068 -0.462783
3.21401 -2.11689 10.3569 -2.77571 4.32165 -3.73541 3.19464 -2.16544 10.4215 -2.78351 4.37119 -3.76608
3.33109 -9.76013 -4.33303 1.14798 3.5546 3.6784 3.29062 -9.7351 -4.38734 1.15251 3.51856 3.68421
-3.27018 -1.98367 -2.3396 -0.912246 1.25754 -0.856654 -3.3332 -2.06943 -2.36137 -0.950035 1.22474 -0.87377
-7.6845 -1.01804 5.65322 3.06564 1.25142 4.30344 -7.75859 -1.0991 5.7365 3.08275 1.2612 4.324
-1.30504 -0.601785 0.100742 0.470433 -0.170016 0.175095 -1.24758 -0.562299 0.0489422 0.466685 -0.148947 0.142564
0.634133 -7.08913 -0.678139 -3.7194 -4.13107 3.27826 0.54163 -7.13512 -0.728556 -3.74647 -4.16384 3.31744
-3.32088 -2.16811 -0.359806 0.0889207 -0.328621 0.0489098 -3.29883 -2.12445 -0.301968 0.0827232 -0.313349 0.0251182
-1.09444 -0.0422095 0.182657 -0.116019 -0.0289047 0.887029 -1.04559 -0.0360268 0.234494 -0.11848 -0.0203254 0.878924
-0.84321 -0.338109 -1.1576 0.203436 -0.0177616 -0.223277 -0.822873 -0.318564 -1.11549 0.168337 0.0033771 -0.221778
0.363698 -0.942296 0.612045 -0.0740176 -0.150759 0.175273 0.303117 -0.947365 0.592732 -0.0456876 -0.150376 0.138951
0.729547 1.17267 2.52297 -0.187127 -0.576986 0.341274 0.723472 1.07757 2.48771 -0.173559 -0.55294 0.326128
-0.550953 1.30932 -0.411126 -0.187656 1.11183 -0.908665 -0.428661 1.38168 -0.381005 -0.203044 1.10103 -0.917569
-1.59208 -2.86758 -3.03206 -0.0729538 0.305491 -0.723053 -1.64173 -2.92524 -3.0586 -0.0795516 0.311168 -0.724587
-2.36762 -2.4376 -3.82275 -0.454463 0.0988193 0.319073 -2.45061 -2.52276 -3.8794 -0.415678 0.100668 0.288619
-2.6749 -1.40682 -2.81316 -0.430991 0.27852 -0.170701 -2.68104 -1.35995 -2.80672 -0.457454 0.279456 -0.162162
-0.589422 0.884363 -0.941466 -0.499834 1.0304 -1.02333 -0.608534 0.798887 -0.989916 -0.518291 1.05048 -1.03557
-1.3588 -0.438876 -0.275199 -0.346728 -0.236067 0.181541 -1.40061 -0.406295 -0.274819 -0.367637 -0.220485 0.181104
-0.729839 -0.523203 -2.59105 -0.00695653 0.322505 -0.373516 -0.747397 -0.561289 -2.66623 -0.0250819 0.320481 -0.406282
11.9879 7.66861 15.6894 -2.42857 3.20312 0.748985 12.1922 7.86066 16.037 -2.4256 3.28737 0.777783
1.40575 1.51152 1.46185 0.330093 -0.421769 0.301315 1.51334 1.55523 1.5278 0.358285 -0.437889 0.263928
-1.2747 -0.798545 -1.20227 -0.263619 -0.430685 0.18755 -1.28327 -0.813244 -1.20934 -0.313024 -0.416489 0.195368
0.511004 -0.437974 1.06383 -0.0397277 -0.0792217 0.0755338 0.49256 -0.443491 1.07085 -0.0556214 -0.0839016 0.10902
-1.05898 -0.827157 -0.508043 -0.171017 1.76394 -1.44036 -0.990908 -0.789835 -0.500578 -0.184863 1.76846 -1.41986
-4.20259 -2.09972 -3.15379 0.329654 -0.612316 0.0694153 -4.16073 -2.14566 -3.08728 0.316245 -0.60086 0.065615
-3.11813 -2.48086 -2.62677 -0.155654 0.0845558 -0.212988 -3.11943 -2.50239 -2.61894 -0.127413 0.0582119 -0.216638
-2.78199 -2.42343 -1.83784 0.086887 -0.356267 -0.218759 -2.83252 -2.47749 -1.86016 0.0749148 -0.383566 -0.214253
-2.68516 -2.42686 -1.56464 -0.827586 1.43781 -0.77229 -2.65083 -2.42454 -1.60522 -0.828614 1.42293 -0.768812
-1.97171 -2.58282 -0.385003 -0.27704 0.496037 -0.135079 -1.93289 -2.56089 -0.394157 -0.275864 0.495494 -0.139439
0.425644 -1.04113 -1.14916 -0.172358 -0.379744 0.691324 0.429795 -1.04144 -1.19578 -0.124933 -0.416882 0.713015
-4.4591 -2.96451 -5.04971 0.0279759 0.623933 -0.0805415 -4.51037 -2.9725 -5.12093 0.0250964 0.644992 -0.0911582
0.0775157 0.954359 -0.14909 -0.201643 -0.525595 0.212638 0.074158 0.899537 -0.167416 -0.204145 -0.555928 0.257125
-1.32237 -2.82442 -1.66425 0.252527 -0.103442 0.110147 -1.35033 -2.77874 -1.66423 0.270035 -0.125179 0.09646
-0.215738 -0.345061 -1.14889 -0.37202 0.388813 0.803652 -0.13498 -0.268047 -1.07732 -0.366527 0.385748 0.817046
-3.19517 -4.68903 -3.89084 0.711756 -0.0897198 -0.608011 -3.25985 -4.78519 -3.94056 0.692174 -0.0603378 -0.611393
-0.826162 -1.76821 -1.64757 -0.0945791 0.0908926 0.26033 -0.699181 -1.69983 -1.56159 -0.101533 0.101856 0.2104
-1.97295 -1.25717 -1.95436 -0.447131 0.0673445 0.326132 -2.03537 -1.22991 -1.89605 -0.458958 0.0473329 0.319798
0.0257829 -0.446801 -0.59625 -0.370971 -0.408426 0.358496 -0.0156272 -0.422625 -0.531918 -0.366901 -0.439056 0.33546
-0.773425 -0.479332 -1.44221 -0.0733961 -0.19334 -0.50255 -0.776665 -0.505971 -1.46128 -0.0621021 -0.194199 -0.485542
-1.55215 1.0302 -1.07613 0.0382151 -0.808919 -0.0222749 -1.53624 1.02484 -1.04304 0.0417266 -0.771506 -0.0341685
-1.51129 1.04442 0.0450298 0.15432 0.266192 -0.308355 -1.54423 1.03253 -0.0291888 0.142604 0.244288 -0.288923
-0.219287 0.536486 -1.58494 -0.291116 -0.295788 -0.138077 -0.208542 0.535216 -1.58894 -0.261481 -0.335543 -0.129277
-0.153521 0.599373 -0.897879 -0.508902 0.0891904 -0.191321 -0.132661 0.638366 -0.864952 -0.484467 0.105862 -0.22161
-13.8826 -13.2641 -11.9705 -2.10232 3.58388 2.44304 -13.8795 -13.2924 -11.9359 -2.10701 3.57896 2.4579
-1.38542 -0.977342 -1.18408 -0.0166853 0.139863 0.106263 -1.40775 -0.997542 -1.20501 -0.0276 0.157732 0.109477
3.03947 2.70221 1.19752 -0.0507551 0.55879 -1.02124 3.06514 2.81123 1.24187 -0.0526801 0.557268 -1.06306
-1.99332 0.204525 -0.300851 0.412013 0.0107903 0.135899 -1.94849 0.26054 -0.285583 0.377051 0.017833 0.116136
1.46709 2.26886 -0.62167 -0.118355 1.08858 0.129977 1.46913 2.30812 -0.595344 -0.10937 1.12815 0.145285
2.08943 0.808201 -0.960727 0.21728 0.643063 0.190119 2.03672 0.766071 -1.00816 0.240799 0.613425 0.155127
-1.24549 -2.77202 -0.793209 0.821053 -0.371783 -0.16357 -1.20858 -2.8101 -0.821679 0.858397 -0.394607 -0.184211
-1.05472 0.797125 -0.976647 -0.26559 -0.00788603 0.261324 -1.00987 0.870719 -0.932994 -0.26372 0.00989585 0.217188
-0.158306 -1.83741 -2.11432 -0.796256 -0.184871 0.349628 -0.0655727 -1.83761 -2.08246 -0.810971 -0.191784 0.360303
1.52311 0.451192 2.68067 -0.798189 -0.296494 -0.594777 1.64149 0.53475 2.80759 -0.802231 -0.314414 -0.616172
-0.277109 0.383794 -1.92676 0.0883302 0.187779 -0.515108 -0.125039 0.471042 -1.88246 0.0847694 0.215827 -0.484975
-2.778 -0.283232 -1.95146 0.174662 -0.097374 0.0979849 -2.81854 -0.278623 -1.93771 0.183395 -0.109203 0.112008
-12.6858 -9.2891 -7.92221 3.59331 -1.75555 2.30806 -12.7293 -9.37739 -7.91817 3.60238 -1.7441 2.32196
-14.9651 -11.6519 -14.606 2.34104 0.734769 1.35202 -14.9903 -11.6713 -14.6232 2.36457 0.72687 1.36524
-3.93978 -4.06393 -2.52236 0.253244 0.323793 -0.362929 -3.93924 -4.05525 -2.47132 0.237171 0.272293 -0.395928
-0.834143 -0.298303 -0.493183 0.201841 0.289954 0.34049 -0.837674 -0.43434 -0.557948 0.214872 0.291821 0.393026
-0.350878 -2.27987 1.6072 -0.803203 0.293986 0.0239607 -0.459927 -2.28504 1.54443 -0.822185 0.247248 -0.0139161
-0.0240703 0.51731 -0.353939 -0.728647 0.746729 -0.0854697 0.0829228 0.585482 -0.270415 -0.750026 0.76633 -0.106081
-1.65568 -0.845906 0.663756 0.11161 0.260298 -0.400024 -1.68834 -0.878405 0.743012 0.141162 0.238403 -0.417354
2.04949 0.88375 -0.113641 -0.445718 0.362746 0.188242 1.98321 0.899695 -0.117149 -0.46158 0.415477 0.153195
-3.93368 -2.33388 -3.47731 0.355279 0.137504 -0.209093 -3.95674 -2.25259 -3.42572 0.364851 0.13142 -0.173159
-1.39267 -1.47874 1.0863 -0.253555 0.643986 0.41196 -1.42958 -1.48421 1.1249 -0.262125 0.676989 0.423232
-2.62781 1.11463 -1.72836 0.0566616 -0.328293 0.240977 -2.62246 1.13319 -1.77538 0.0500759 -0.350112 0.234536
-4.14145 -2.90599 -3.74108 0.14315 -0.391282 -0.0890691 -4.15113 -2.90341 -3.67888 0.145552 -0.358805 -0.101504
-2.468 -0.716457 -1.41842 -0.00201849 0.852928 -0.545686 -2.5157 -0.775125 -1.55221 0.0220326 0.866262 -0.562717
-2.9635 -2.84364 -2.28129 -0.271662 -0.0199937 0.188278 -2.98526 -2.83352 -2.30134 -0.292708 -0.0199583 0.17908
-4.65478 -4.58202 -4.05195 0.227894 0.033869 0.10721 -4.74116 -4.61969 -4.01625 0.225751 0.0478532 0.11846
-3.88953 -3.12953 -4.12749 0.235123 0.516172 -0.142948 -4.00857 -3.2436 -4.25331 0.279292 0.499633 -0.170948
-0.789198 -0.607626 -1.39294 0.608148 -0.744421 -0.810874 -0.823722 -0.551008 -1.36109 0.609108 -0.755893 -0.788299
1.92228 1.79391 0.97771 -0.303961 0.194793 -0.024538 1.91545 1.82015 1.04368 -0.263846 0.253768 0.00692974
-2.76271 -3.11431 -1.62229 -0.0675973 -0.258948 0.0783753 -2.76283 -3.13718 -1.58855 -0.127624 -0.269638 0.0621012
-2.49246 -2.04619 -2.97441 -0.0347407 -0.0710386 0.250353 -2.53403 -2.06967 -3.02061 -0.0308971 -0.0987298 0.271694
1.07348 -0.477924 0.524591 0.452162 0.198244 0.461008 1.09165 -0.446282 0.565893 0.449542 0.205285 0.468938
-0.179729 -0.325176 1.32271 -0.598055 0.114454 -0.914518 -0.12137 -0.353165 1.336 -0.609401 0.093945 -0.902304
-2.38811 -3.49366 -1.8974 0.0436619 -0.232818 -0.126254 -2.4728 -3.50419 -1.9844 0.0870063 -0.225404 -0.167068
-2.23207 -1.8866 -0.825614 0.116649 -0.059519 0.380437 -2.2707 -1.9058 -0.800978 0.154593 -0.0892888 0.368607
0.344608 0.0302842 -1.53176 0.215268 0.0990625 0.134001 0.313051 0.0848375 -1.49663 0.234524 0.080182 0.131221
-2.66454 -2.39236 -1.31029 -0.472475 0.194888 0.269776 -2.60686 -2.33439 -1.27542 -0.44912 0.203306 0.292267
-1.74428 -2.67308 -1.02026 0.412256 -0.116708 -0.371533 -1.71886 -2.59833 -1.00393 0.411546 -0.0781565 -0.359387
-3.3946 -3.07095 -1.92837 -1.17346 -0.254414 -0.493662 -3.41637 -3.14222 -1.9921 -1.18327 -0.284513 -0.513421
-2.82144 -2.78617 -4.12472 0.816422 -0.255075 0.47078 -2.78526 -2.73528 -4.04039 0.859968 -0.225742 0.46261
0.983651 -0.977625 2.0225 -0.89148 -0.660262 -0.224805 1.00004 -0.978086 2.07041 -0.867974 -0.626106 -0.222367
-1.29039 -0.0594663 -0.338273 -0.865718 0.692275 -0.643783 -1.30755 -0.0922907 -0.341704 -0.867086 0.687505 -0.675031
1.2525 -2.12856 0.0056715 -0.462315 -0.966123 -0.0629032 1.23969 -2.1847 0.0671323 -0.464527 -1.0089 -0.0138148
-1.5488 -0.999497 -2.35898 -0.0678003 0.302494 0.465617 -1.5354 -0.984312 -2.37882 -0.0798184 0.323587 0.486603
-4.67351 -4.0746 -5.18189 -0.442566 -0.674272 0.612282 -4.78712 -4.12366 -5.17321 -0.445711 -0.692277 0.59184
0.788094 -0.712746 0.998181 -0.246235 0.680207 0.646323 0.759161 -0.706634 0.95179 -0.216356 0.738701 0.629614
-0.888863 -3.27552 -1.86877 -0.971639 0.0568965 0.145529 -0.936304 -3.31027 -1.87239 -0.979302 0.0967795 0.167251
1.89678 -0.726284 1.46341 -0.287898 0.900192 -0.58401 1.91548 -0.805455 1.36342 -0.286982 0.840744 -0.546749
-2.20244 -2.40283 -0.23575 -0.124267 0.126551 -0.194131 -2.18044 -2.39076 -0.254267 -0.107897 0.128047 -0.202687
-0.597518 -0.863876 -1.09385 0.286653 0.172513 0.000183019 -0.494511 -0.798451 -1.07055 0.264969 0.181157 0.0631808
-1.13992 -0.0486375 -0.0521108 0.196213 0.369065 -0.0459584 -1.12823 0.0125114 -0.0469085 0.214146 0.361111 -0.0538634
-2.07787 -2.52003 -2.54375 -0.40338 0.613285 -0.131772 -2.07109 -2.5768 -2.57346 -0.449317 0.602889 -0.112967
0.540319 -2.12851 -0.152922 0.302237 0.000245559 0.58513 0.712456 -2.07974 -0.0832876 0.323198 -0.00283856 0.584036
-0.723255 -0.156885 -1.21948 -0.195981 0.234381 -0.037896 -0.726339 -0.116613 -1.19716 -0.198355 0.222376 0.00593662
-0.882618 -1.61523 -0.61239 -0.575856 1.36206 -1.46006 -1.0318 -1.67655 -0.684301 -0.578604 1.36091 -1.44977
1.27837 1.14466 0.984166 2.18672 -3.29968 -1.23096 1.21562 1.03663 0.892753 2.21065 -3.32427 -1.25713
2.31888 2.02379 2.21999 -0.710917 1.39335 -1.48231 2.19747 1.95566 2.19022 -0.712909 1.38585 -1.48986
1.26571 1.15154 -0.463642 2.28557 -3.38064 -1.19492 1.22269 1.06233 -0.510187 2.29596 -3.42018 -1.20685
-1.57854 -0.907109 -1.48644 -0.497126 1.22065 -1.47059 -1.62682 -0.910526 -1.54096 -0.496339 1.20651 -1.4579
-2.77978 -1.85208 -2.12595 2.34328 -3.0109 -0.76518 -2.82948 -1.96104 -2.17518 2.32618 -3.01523 -0.762949
-1.39517 -1.52697 -1.69627 -0.663643 1.7907 -1.37859 -1.43149 -1.56566 -1.78043 -0.668065 1.79929 -1.36251
-0.766989 -0.343836 -2.20016 -0.449233 1.18439 -1.61394 -0.857295 -0.34308 -2.21882 -0.466474 1.19748 -1.61676
1.6912 -0.579439 1.50319 -0.658702 1.26621 -1.83234 1.59179 -0.655873 1.40648 -0.678394 1.26936 -1.83803
-0.733791 0.440963 -0.693499 -0.539585 1.29338 -1.54982 -0.768003 0.420159 -0.716125 -0.543636 1.31063 -1.56782
0.541243 1.12368 -0.271293 0.447721 -0.611543 -1.96736 0.541545 1.11592 -0.329195 0.440834 -0.604576 -1.9725
0.751474 -0.609527 -1.78378 0.958364 2.20299 2.81721 0.711341 -0.622678 -1.82546 0.941184 2.20695 2.82399
0.66686 1.01236 1.47243 -0.324455 -0.405057 0.318832 0.619814 0.934639 1.40155 -0.329519 -0.391327 0.351601
-0.279218 1.50998 0.68491 2.13365 -3.12808 -1.95324 -0.297971 1.47891 0.661388 2.12668 -3.13804 -1.95547
-0.802639 0.195142 -0.467743 2.09906 -2.75904 -1.46164 -0.836345 0.17136 -0.486657 2.08403 -2.75193 -1.44843
0.711869 0.658801 0.506665 -0.638893 1.73914 -1.30005 0.676292 0.678712 0.478313 -0.655832 1.74385 -1.29408
3.00917 2.39449 3.03104 0.602791 1.59599 2.73482 3.03068 2.43797 2.95919 0.64148 1.61136 2.72774
-0.345581 -1.60251 -1.14823 1.03596 -1.38296 -1.78013 -0.358806 -1.65929 -1.20417 1.00388 -1.40488 -1.80075
-2.41613 -1.84752 -1.53337 -0.165047 1.67568 -1.81943 -2.45148 -1.89265 -1.56442 -0.169014 1.69147 -1.818
-0.992813 -1.4887 -1.4726 0.121823 -0.616866 -1.48312 -1.04225 -1.53952 -1.52028 0.127324 -0.607401 -1.4806
-0.347889 0.391607 0.433087 0.930665 1.60935 3.03086 -0.419872 0.373697 0.406665 0.907276 1.62948 3.0409
1.09373 2.31016 2.67719 0.362794 -0.899913 -1.69497 1.07482 2.29154 2.59396 0.348298 -0.907223 -1.76744
-2.1296 -2.80862 -1.61582 0.0863063 1.42546 -1.31943 -2.0829 -2.80179 -1.59972 0.0950956 1.42909 -1.27999
-1.59732 -2.14806 -1.28953 0.230099 -0.2082 -1.80993 -1.61831 -2.22608 -1.35496 0.224623 -0.201071 -1.83036
-0.856557 0.00313664 0.79474 0.469072 1.92273 3.02139 -0.910989 0.00666287 0.802229 0.467141 1.947 3.03859
-1.49244 -1.47262 -1.89237 2.484 -3.14037 -1.50588 -1.47779 -1.43144 -1.86853 2.48129 -3.14441 -1.51057
1.3976 1.09263 0.126081 -0.872878 0.946762 -1.72529 1.42632 1.11665 0.119044 -0.875065 0.96126 -1.74282
-3.34965 -2.2182 -1.50483 -0.371987 -0.157968 -0.0889131 -3.38144 -2.26951 -1.52134 -0.368895 -0.149781 -0.0871327
2.19468 3.49736 3.82433 0.52285 1.90073 3.22515 2.30845 3.56537 3.87019 0.565916 1.94151 3.22053
-0.445944 -0.176251 -0.287754 0.426088 -0.773529 -1.57303 -0.46424 -0.189548 -0.342939 0.418226 -0.77272 -1.57187
-3.52101 -5.18254 -3.70964 1.80259 -2.62381 -0.965602 -3.54101 -5.18213 -3.72534 1.79674 -2.60737 -0.959731
-0.742563 1.33196 -0.127003 0.785073 1.73944 3.13348 -0.725857 1.33528 -0.101016 0.809278 1.72294 3.12306
-0.0486574 -1.80695 -1.70408 -0.855574 1.33497 -1.40956 -0.0750008 -1.88654 -1.71079 -0.884704 1.32612 -1.42225
-1.4988 -3.30732 -1.74381 0.966237 1.76164 3.15994 -1.49492 -3.32949 -1.73196 0.984341 1.76506 3.182
-1.69044 -2.27821 -1.82506 0.694713 1.57811 2.75933 -1.65489 -2.26221 -1.79487 0.694577 1.60031 2.79092
-2.08145 -1.57803 -4.45281 -0.686534 0.912584 -1.28413 -2.08591 -1.56484 -4.48531 -0.698632 0.911233 -1.27438
0.568352 4.54663 4.21686 0.28025 2.1922 2.86923 0.658385 4.60968 4.27493 0.285881 2.18914 2.85426
-1.80708 -1.94385 -2.40858 0.2503 0.309705 0.264951 -1.83926 -1.95834 -2.38378 0.269823 0.294986 0.274672
-1.21574 -2.76302 -2.37594 0.619501 1.87501 3.31312 -1.21867 -2.74079 -2.36491 0.624528 1.88936 3.31871
-1.28511 -3.1878 -0.579473 -0.838874 1.18044 -1.22079 -1.25046 -3.13829 -0.509221 -0.789421 1.16454 -1.2336
-2.33112 -3.70128 -1.30161 -0.351726 -0.295632 -0.598502 -2.35694 -3.70274 -1.3391 -0.360692 -0.295888 -0.568447
-4.14367 -3.02196 -2.66741 0.105908 -0.311683 -0.0648806 -4.23034 -3.08813 -2.71844 0.0948245 -0.34409 -0.0727157
-2.40777 -3.27196 -0.620663 0.973709 1.18402 3.16187 -2.38951 -3.23808 -0.633609 1.00573 1.19699 3.18152
0.203702 -2.29676 -0.244625 -0.322982 1.75115 -0.771319 0.212594 -2.31899 -0.28924 -0.303009 1.74934 -0.762828
-0.377073 0.151442 1.56876 0.54083 1.62633 2.98064 -0.324073 0.187118 1.65325 0.52913 1.63565 3.00806
2.55616 0.919089 2.87837 0.571821 -0.925545 -2.25808 2.47066 0.922793 2.86494 0.575234 -0.89451 -2.2459
3.81196 -2.62229 -0.984749 -2.28044 1.43925 -2.39562 3.78938 -2.61096 -1.016 -2.25609 1.42502 -2.40003
-2.42383 -0.326716 3.35282 3.02883 0.780913 0.0463449 -2.5008 -0.373527 3.27601 3.02929 0.769445 0.0365542
-2.05998 -2.52545 -2.10638 0.525398 1.86393 3.40302 -2.07649 -2.49796 -2.0895 0.515304 1.90696 3.41324
2.20467 2.95235 1.65559 0.52108 1.15381 2.71619 2.26261 3.05568 1.68649 0.546871 1.18065 2.75527
0.0628642 1.55658 -0.787945 0.192401 -0.0131173 -0.176379 0.0867532 1.5249 -0.830416 0.186099 -0.0224168 -0.181011
-0.290645 -1.07364 -0.90819 0.593702 1.70692 2.70639 -0.273105 -1.00571 -0.872853 0.587541 1.72642 2.718
0.17939 0.354393 -1.32463 0.407627 2.04253 2.62564 0.181018 0.3937 -1.33994 0.430908 2.02913 2.61872
-0.143658 1.34823 0.929875 0.138407 1.77561 2.98684 -0.109447 1.39958 1.0134 0.161861 1.76949 3.01347
0.299194 0.311212 -0.267501 -0.56273 0.68458 -1.33939 0.312287 0.358482 -0.267609 -0.560407 0.661708 -1.33493
-0.643644 0.357897 0.554678 0.0609698 -0.0778298 0.308981 -0.706246 0.44436 0.565545 0.0695964 -0.100522 0.293655
0.464925 0.309579 0.0352832 0.325587 -0.0526603 -0.0748284 0.504472 0.382779 0.0590134 0.307414 -0.0164112 -0.0755528
2.08424 2.74542 1.28567 -0.0913715 -0.674782 0.492447 2.0584 2.78159 1.2779 -0.0927684 -0.691306 0.480298
2.07056 1.35292 2.20229 0.720639 -0.130475 -0.346966 2.10605 1.41023 2.27758 0.730963 -0.121455 -0.340735
1.43892 -0.108411 -1.34454 -0.792734 0.213751 -1.04992 1.44677 -0.113795 -1.35815 -0.82278 0.261674 -1.08956
-5.41786 -4.80308 -5.02786 -0.490581 0.0680335 -0.356235 -5.46056 -4.81784 -5.04945 -0.502328 0.0584468 -0.336778
0.165089 -1.52762 -0.797393 0.623394 0.71117 0.241979 0.153836 -1.57532 -0.804245 0.618268 0.728378 0.240326
1.48859 3.13493 0.107851 -0.345859 0.736205 -0.294846 1.52906 3.22244 0.140569 -0.309287 0.763956 -0.312087
-4.74235 -2.41663 -2.9402 -0.377412 -0.265434 0.241958 -4.74927 -2.40107 -2.94204 -0.388453 -0.267282 0.244491
-1.5213 -4.00659 -7.60207 -3.87358 -0.778349 -3.84234 -1.49324 -4.02991 -7.69422 -3.87308 -0.754502 -3.85073
-2.31036 -2.40208 -1.28442 0.31928 0.595159 0.138494 -2.32861 -2.40511 -1.25319 0.309367 0.615138 0.0892166
-0.691963 -0.62446 -2.48682 -0.579002 0.211994 0.356297 -0.702517 -0.628097 -2.50882 -0.603213 0.215737 0.342804
-0.663211 -0.712806 -1.236 -0.687362 0.275343 0.718622 -0.635205 -0.745661 -1.27536 -0.707184 0.258566 0.747051
-1.52746 -0.379829 0.225077 -0.40816 0.357446 0.15253 -1.53078 -0.38388 0.217064 -0.440668 0.316278 0.178316
2.31227 2.88657 2.10962 2.73759 -3.78939 -1.59302 2.35536 2.91784 2.12555 2.73705 -3.81397 -1.60729
-3.34946 -3.27424 -3.38294 -1.24836 1.26473 -1.38324 -3.40331 -3.30186 -3.44684 -1.26923 1.30649 -1.3658
-5.86101 -5.75595 3.99672 1.82516 1.47707 0.495756 -5.94394 -5.86728 3.98718 1.84559 1.44744 0.477863
-3.08666 -4.11595 -3.9881 -0.43723 1.18102 -1.60223 -3.14338 -4.25603 -4.05968 -0.457744 1.1323 -1.59855
-6.31882 -3.48772 -3.0457 0.10414 -0.478669 -0.356184 -6.28987 -3.52402 -3.01155 0.0990646 -0.491106 -0.351187
-1.97083 1.17715 8.38105 -0.870231 -4.55999 0.107507 -2.01763 1.077 8.4653 -0.888054 -4.61712 0.0719879
4.40893 -2.53661 -1.93049 -0.435563 3.77273 -3.32764 4.4167 -2.54775 -2.01648 -0.469302 3.73052 -3.33311
5.12488 9.2953 10.2211 -1.35741 -3.4609 -0.262928 5.19375 9.38722 10.2979 -1.39333 -3.56928 -0.306797
-0.480191 1.13361 0.423004 0.131439 1.57318 -1.15202 -0.499696 1.10013 0.479255 0.121279 1.56926 -1.1832
1.03795 1.22188 0.0327963 -0.866719 1.1032 -0.535284 1.08456 1.23326 0.0513959 -0.858822 1.09456 -0.545606
-0.690519 -0.81101 -2.11165 -0.845673 1.12637 -0.858709 -0.732695 -0.787607 -2.11262 -0.864531 1.12547 -0.852962
-11.0288 -6.58108 -7.69263 3.30226 3.33166 -0.0896452 -11.0861 -6.62861 -7.72791 3.30341 3.32202 -0.0844538
-3.87417 -2.3551 -3.75343 -0.274035 1.61443 -1.21099 -3.88226 -2.27747 -3.71534 -0.288254 1.61694 -1.24154
-2.67088 -2.04201 -2.39801 0.441127 0.510686 -0.441162 -2.77993 -2.07837 -2.4176 0.479765 0.476701 -0.447802
-1.38597 -2.1139 -8.49991 -4.42917 -3.39674 -0.945088 -1.36014 -2.12451 -8.56005 -4.44357 -3.3893 -0.945037
0.122493 -0.463558 -1.46799 -0.410415 0.146943 0.299853 0.127836 -0.436266 -1.4412 -0.409658 0.155171 0.282987
-1.79912 -1.19606 -0.215214 -0.417312 -0.210726 0.0746225 -1.78618 -1.20871 -0.250697 -0.441059 -0.18888 0.0509546
-3.96587 -2.38085 -2.93559 -0.769058 0.809307 -1.22093 -3.95624 -2.37595 -2.93347 -0.764691 0.829482 -1.2202
-12.5569 -10.15 -8.77083 -0.285001 -1.62677 -2.51384 -12.7016 -10.2385 -8.81637 -0.258765 -1.61829 -2.52981
-0.587542 -4.76157 -9.46391 -2.59616 -3.84851 3.04319 -0.57951 -4.7572 -9.53803 -2.62857 -3.84838 3.04877
0.0478519 1.04649 1.48604 0.394833 1.53284 -0.911744 0.0845553 1.01654 1.49758 0.410983 1.50889 -0.898395
-0.0550924 -0.634277 -0.225614 -0.457268 -0.346163 -0.100141 -0.0942241 -0.646205 -0.236746 -0.455597 -0.360663 -0.120293
-0.534832 -0.346459 -1.29634 -0.297471 1.45218 -1.76066 -0.431526 -0.272017 -1.22251 -0.2787 1.47167 -1.76546
3.26358 5.90382 8.24488 -2.68808 -2.2864 3.41384 3.35688 5.90507 8.28272 -2.71501 -2.25274 3.43798
0.233614 0.707888 -0.547417 -0.139461 0.924199 -1.58573 0.279561 0.73943 -0.544756 -0.144036 0.939227 -1.55512
-1.1812 -0.647824 0.850877 0.146974 0.508727 0.542662 -1.19699 -0.684824 0.758658 0.169049 0.498115 0.520029
-4.05184 -3.5853 -2.98058 -0.0228383 0.089268 0.483964 -4.06589 -3.5512 -2.9178 -0.0212256 0.0668005 0.472968
-1.3634 -1.95877 -0.963759 -0.290995 0.251292 -0.516276 -1.3361 -1.96741 -0.907218 -0.327301 0.239271 -0.495029
-0.963849 1.48211 -0.26792 0.422194 -0.487741 0.0756232 -0.90803 1.585 -0.140757 0.430588 -0.450108 0.0586662
-3.08622 -5.41083 -3.14592 0.468649 0.128492 0.231691 -3.08187 -5.40537 -3.09763 0.492486 0.138214 0.222789
1.39783 1.91449 3.01222 0.473018 -0.257488 0.075391 1.40212 1.91807 2.98932 0.476672 -0.200188 0.105057
-1.53959 -1.30196 -2.45334 -0.226562 -0.292313 -0.312402 -1.65087 -1.33597 -2.54971 -0.244257 -0.320668 -0.33174
-3.51938 -2.74844 -3.85511 0.496951 0.199919 0.0178496 -3.61983 -2.82807 -3.97954 0.472284 0.189447 0.0278479
0.100805 -0.48384 0.445973 -0.604826 0.400916 0.920167 0.142781 -0.49893 0.454113 -0.60715 0.353352 0.923412
0.234224 1.13703 -1.80218 -0.0758231 0.459812 0.101763 0.277824 1.1668 -1.82275 -0.100472 0.443243 0.123645
0.890528 0.855312 0.0818808 -0.616679 0.411205 0.0904366 0.973895 0.934292 0.137985 -0.60622 0.402686 0.0881124
-1.25789 -1.03064 -0.555372 0.178098 0.48524 -0.0219216 -1.22926 -1.04536 -0.595654 0.209889 0.49322 -0.0102896
1.86341 0.538702 0.978175 -0.662409 0.701181 -0.0363158 1.93867 0.597175 0.984936 -0.678691 0.702266 -0.0306279
-0.934293 0.182153 -0.329181 -0.285906 0.235276 -0.0914318 -0.921447 0.161329 -0.324098 -0.289608 0.233994 -0.103855
-0.40431 -1.02613 -1.87791 -0.567975 -0.310859 0.114714 -0.356685 -0.944134 -1.82995 -0.604392 -0.349856 0.121081
10.5676 2.97176 0.248379 -3.31144 -4.26556 4.82709 10.5769 2.95284 0.141126 -3.37436 -4.28056 4.8733
-1.01002 -0.5031 0.142314 -0.125926 -0.260788 -0.172615 -0.946285 -0.425796 0.184454 -0.126563 -0.290803 -0.180229
0.0612688 2.70577 0.308328 -0.97921 0.288935 -0.0477303 0.00200685 2.76082 0.233638 -0.961489 0.273422 -0.0468101
-1.42122 0.157745 -2.09652 0.016335 0.0580821 0.0957263 -1.3955 0.167827 -2.10886 0.00927274 0.0800547 0.0938813
-0.0217171 -1.70321 -1.28346 -0.278985 -0.502224 -0.291625 -0.0375676 -1.77208 -1.34583 -0.289635 -0.505729 -0.277851
-2.82541 -2.06614 -1.37966 -0.347232 0.157323 -0.354863 -2.83172 -2.04615 -1.41958 -0.35103 0.134379 -0.373035
-13.9374 -13.6366 -11.6906 0.70306 -0.375399 -0.644634 -14.0326 -13.7187 -11.6967 0.7178 -0.387759 -0.624678
-0.346963 1.77522 0.772885 -0.58588 -0.0599475 -0.0955787 -0.368486 1.71978 0.797252 -0.567335 -0.0388372 -0.112696
1.72113 -1.61999 -0.440377 -0.61647 0.361971 0.228585 1.72809 -1.671 -0.473578 -0.62179 0.312318 0.247327
-1.73089 -1.9123 -1.61283 -0.293215 0.10246 -0.175336 -1.80321 -1.91014 -1.61527 -0.294964 0.0550759 -0.145053
-1.03514 -0.207032 -2.70254 0.0343773 0.505808 0.528172 -1.00249 -0.180896 -2.6444 0.0778342 0.535654 0.567881
-0.64763 -1.54816 -1.47154 0.133036 0.0556496 0.423074 -0.682721 -1.54919 -1.47516 0.132089 0.0429154 0.40351
-3.32965 -1.60536 -1.27355 -0.0932372 0.387141 -0.743404 -3.31981 -1.57979 -1.21559 -0.0754984 0.339491 -0.7363
-0.474645 1.84875 1.50396 -0.311698 0.455228 0.442323 -0.424004 1.89547 1.51809 -0.267448 0.444828 0.423442
-3.6162 -4.54321 -3.93919 -0.0329878 -0.314437 -0.483461 -3.59759 -4.5711 -3.91484 -0.0482326 -0.287516 -0.454044
-2.12938 -2.49214 -1.10082 -0.021822 -0.385382 -0.614381 -2.13933 -2.49752 -1.13649 -0.00917839 -0.393152 -0.547124
-1.82334 -2.59048 -1.78864 0.304495 0.237855 -0.0999534 -1.79907 -2.56698 -1.73699 0.336236 0.254484 -0.0990058
-2.55011 0.00635845 -1.81231 -0.431379 -0.250678 -0.171564 -2.57925 -0.00469312 -1.78624 -0.419846 -0.248779 -0.156838
10.6396 13.1993 -1.8338 0.278086 0.277969 1.11566 10.7565 13.4033 -1.84821 0.277825 0.272213 1.11965
-1.42446 -0.435886 -1.59955 -0.99004 1.29901 -0.771099 -1.37162 -0.429373 -1.54076 -0.986866 1.2696 -0.795035
-1.09072 -1.49516 -2.78205 -0.143303 0.112715 0.305322 -1.07078 -1.54393 -2.80154 -0.143158 0.0660186 0.288956
-2.82936 -1.52665 -2.62448 0.360569 0.711961 0.311987 -2.93717 -1.56589 -2.68341 0.33916 0.711932 0.317126
1.52622 3.24966 3.52613 0.394653 -0.117281 -0.491665 1.60348 3.24035 3.53638 0.428392 -0.113907 -0.500324
-2.59637 -2.25696 -2.10802 0.89364 -0.612838 -0.10329 -2.58231 -2.18897 -2.10518 0.893382 -0.627592 -0.115456
13.6074 17.659 5.72099 -0.914028 -0.908549 1.47311 13.784 17.8308 5.70164 -0.979857 -0.905546 1.50053
2.02315 0.663731 -0.474207 -0.720634 -0.078604 0.629564 2.22374 0.761487 -0.433776 -0.700532 -0.0523601 0.649536
-1.52309 -3.1418 -2.04875 -0.430831 0.536798 -0.0439292 -1.65523 -3.19678 -2.16571 -0.455194 0.57439 -0.00844891
-0.983444 -3.76225 -1.89083 -0.600038 0.319667 0.0406625 -0.901029 -3.72913 -1.84391 -0.610976 0.330174 0.00759124
-2.56687 -0.194956 -2.80538 0.788513 -0.30158 0.338617 -2.47517 -0.108701 -2.75169 0.799979 -0.276773 0.309245
-3.24522 -2.1489 -1.89331 0.229618 -0.365294 -0.0943754 -3.19296 -2.12271 -1.83426 0.232579 -0.353199 -0.0983761
0.225347 -2.56491 -2.34288 -0.0488418 -0.762724 0.230162 0.160921 -2.61985 -2.40332 -0.0826183 -0.737161 0.225994
2.42687 -1.219 0.342701 -0.713539 -0.0580618 0.5566 2.45912 -1.24382 0.318413 -0.716097 -0.0900072 0.561665
1.66637 3.24962 3.03522 0.292207 0.222963 -0.446114 1.67709 3.29208 3.05762 0.286951 0.257621 -0.447268
0.724657 0.169927 0.975733 -0.21663 -0.106618 -0.530027 0.692854 0.131839 0.945083 -0.225373 -0.146059 -0.520116
-2.23331 -1.26049 -0.528957 0.466763 0.562474 0.203958 -2.18085 -1.2333 -0.515799 0.478781 0.556902 0.157926
2.73635 12.7379 15.157 -3.52984 5.42191 -2.90621 2.96175 12.925 15.5474 -3.59308 5.5741 -2.98315
0.185573 2.91446 1.46168 -0.382236 0.355269 0.388692 0.195317 2.93749 1.43738 -0.358806 0.353508 0.415978
-2.10708 -1.55958 -0.592415 0.0156948 0.468149 0.270673 -2.13801 -1.60702 -0.564702 0.017714 0.429876 0.230684
-2.37293 -2.69586 -1.01819 0.305547 0.433376 0.0724733 -2.46064 -2.75701 -1.07078 0.311142 0.474916 0.0816104
-3.21906 -2.02362 -3.81126 -0.366752 -0.871104 0.139593 -3.32071 -2.10627 -3.93253 -0.34919 -0.856586 0.130594
3.16148 1.27692 1.49283 0.643505 -0.670466 -0.829125 3.12151 1.27716 1.43271 0.626866 -0.663737 -0.858569
-0.818071 -3.23921 -4.10539 0.77898 -0.0083377 0.177975 -0.718658 -3.17489 -4.06172 0.818211 -0.0361384 0.187896
-2.41109 -2.67403 -2.46223 -0.401403 -0.199951 -0.140659 -2.38723 -2.65824 -2.44142 -0.40359 -0.224364 -0.147903
0.320361 1.41577 0.834375 -0.368868 0.348536 0.100305 0.289795 1.39064 0.827968 -0.333592 0.359042 0.0923141
-1.27353 -3.29101 -3.72796 0.373057 -0.32499 0.252026 -1.37255 -3.40102 -3.86483 0.423327 -0.272169 0.217422
-1.22479 -0.163922 0.392623 0.398346 -0.325925 0.377982 -1.20319 -0.00412643 0.462094 0.415849 -0.314708 0.371678
-0.254296 -0.821943 -2.12702 0.104767 0.562821 0.0625571 -0.293404 -0.868387 -2.15572 0.114551 0.552533 0.00405028
0.69246 -0.793129 0.542297 -0.215259 -0.771427 0.327831 0.740659 -0.772179 0.539636 -0.190209 -0.827161 0.311406
-0.810654 -0.1078 -1.05351 -0.275636 0.406647 -0.00584578 -0.795786 -0.0725087 -1.01611 -0.324007 0.440904 0.00455703
-2.03696 -2.5533 -2.14498 0.340661 0.4986 -0.823035 -1.96373 -2.52831 -2.12512 0.345408 0.496112 -0.860877
-1.24766 -2.46385 0.352611 0.179735 0.314965 0.291438 -1.23009 -2.48456 0.342536 0.17093 0.300236 0.289359
-4.48038 -1.88765 -4.42015 0.0446829 0.265633 0.178753 -4.50625 -1.806 -4.43398 0.0373696 0.284327 0.19557
-2.71274 -0.741828 -1.39417 0.514588 -0.0494037 0.21057 -2.75762 -0.788524 -1.41505 0.555952 -0.0967094 0.221263
-3.04367 -2.93229 -0.253244 -0.541139 0.408322 0.281636 -2.98528 -2.8533 -0.193819 -0.494847 0.459823 0.249466
-3.3589 -3.74847 -2.6106 0.252585 0.119628 -0.191509 -3.36674 -3.75265 -2.63428 0.24834 0.114153 -0.197168
-13.528 -13.6895 -13.895 2.16888 0.544351 -1.99961 -13.5832 -13.6912 -13.9403 2.16466 0.549223 -2.00523
0.248702 -0.33545 -2.9964 0.0252939 -0.0975916 0.153832 0.319447 -0.31483 -2.96314 -0.00259793 -0.0925097 0.172696
-3.89307 -4.30395 -2.65188 -0.00125848 0.351624 -0.476621 -3.83394 -4.25357 -2.56559 0.0127431 0.372691 -0.469685
-13.4711 -11.3536 -13.7721 -1.47792 -1.44232 -2.7408 -13.5371 -11.3797 -13.7883 -1.49153 -1.46758 -2.73233
0.325683 -2.91649 -0.890941 0.341989 0.537357 0.549591 0.358184 -2.86591 -0.870829 0.272266 0.51603 0.523563
-3.3143 -2.66634 -1.94511 0.45354 -0.561133 0.64262 -3.25967 -2.60663 -1.81018 0.423019 -0.565385 0.64808
-0.739576 -0.756984 0.138171 0.590506 -0.631969 -0.849398 -0.830586 -0.767352 0.130136 0.572918 -0.644364 -0.86516
-2.36479 -3.77022 -0.685065 0.0133135 -0.0035096 0.15386 -2.40024 -3.84009 -0.748923 0.0534623 0.0126882 0.157953
-0.873357 -0.576395 -1.02979 0.394887 0.0223319 -0.0274452 -0.749707 -0.561902 -0.990738 0.389346 -0.00315123 0.0184162
-4.48056 -1.97658 -1.24486 -0.346488 0.539635 -0.414921 -4.49455 -2.01562 -1.27873 -0.356882 0.53405 -0.424823
-1.82158 -1.32349 -1.19265 -0.562935 0.0301219 0.360801 -1.94237 -1.45205 -1.27712 -0.600307 0.0348647 0.327266
-2.22851 -3.56475 -1.77633 0.364904 -0.0445053 0.202131 -2.2512 -3.62884 -1.81229 0.352295 -0.0518867 0.236228
-5.34744 -3.06422 -1.96286 -0.0901536 -0.0939547 -0.464829 -5.3504 -3.04248 -1.95167 -0.101573 -0.0830067 -0.46489
-1.6057 -1.00428 -1.66219 0.00811326 -0.0917482 0.0324372 -1.59008 -0.982778 -1.64118 -0.013611 -0.0820214 0.0393499
1.97201 -0.183735 0.261166 -0.45588 -0.263419 -0.281696 2.04117 -0.135403 0.330344 -0.409871 -0.320932 -0.293487
-1.33431 -1.56965 -1.05427 0.235058 0.0272154 0.28777 -1.29587 -1.56531 -1.0109 0.234207 0.0487942 0.300232
-0.85511 -0.174372 -1.48704 -0.458932 0.889191 0.44127 -0.777744 -0.0880176 -1.39678 -0.472325 0.909793 0.447645
-2.3063 -3.96392 -2.00777 -0.202048 -0.176905 1.14323 -2.32716 -3.97747 -2.00168 -0.216797 -0.185232 1.13094
0.928792 0.240784 -1.65874 0.270223 -0.678803 -0.466059 0.887084 0.192823 -1.74453 0.298778 -0.676651 -0.467076
-1.45524 -1.27153 -1.52615 -0.165404 -0.424649 -0.227255 -1.58495 -1.34821 -1.63362 -0.134754 -0.402488 -0.213354
-1.87111 -3.58202 -4.55698 -0.565401 0.0279329 0.107614 -1.94532 -3.65173 -4.65997 -0.587352 0.0158609 0.11788
-3.61897 -3.86916 -3.32796 -0.144494 -0.185482 0.389773 -3.62865 -3.81925 -3.30946 -0.163488 -0.17852 0.416376
0.0156909 -0.88213 -0.0791535 -0.337507 -0.222537 0.32 0.129748 -0.81276 0.00334773 -0.347302 -0.21932 0.338425
-0.556316 1.60931 0.405651 -0.242419 -0.50885 0.00836559 -0.616191 1.6172 0.385284 -0.224004 -0.492575 0.0109392
0.152965 -2.73221 -0.235659 -0.582175 0.457374 -0.368236 0.236388 -2.73039 -0.222676 -0.557531 0.447268 -0.374045
-0.540185 0.538784 -0.645365 -0.368084 -0.275071 0.0785495 -0.621133 0.5356 -0.688018 -0.35911 -0.301086 0.129898
-3.48977 -1.72397 -1.49129 0.302929 -0.235065 0.396739 -3.54245 -1.73013 -1.46675 0.273785 -0.234456 0.367443
-2.9561 -2.0631 -2.53861 0.178837 -0.269451 -0.531353 -2.99604 -2.07915 -2.61665 0.150614 -0.278384 -0.599998
-2.78419 0.313146 -0.97299 0.39971 -0.250658 0.175878 -2.74253 0.321461 -0.977751 0.415781 -0.241155 0.208311
-1.49249 -0.638379 -1.60925 -0.0393817 -0.384089 0.274028 -1.61754 -0.661634 -1.70348 -0.0341736 -0.349746 0.35022
-1.19311 -1.03399 -0.747004 0.0788903 0.51501 -0.431796 -1.25154 -1.00281 -0.748054 0.0652188 0.482992 -0.433898
-0.0995964 -1.25152 -0.586878 -0.546725 1.30155 -1.62516 -0.169113 -1.3173 -0.713756 -0.551156 1.30371 -1.63722
-0.856319 -2.13223 -1.7827 2.06533 -3.07179 -1.39385 -0.948971 -2.23515 -1.87702 2.07663 -3.0785 -1.40286
0.856619 0.128829 -0.149293 2.21106 -2.82544 -1.47409 0.779253 0.0317596 -0.218208 2.20933 -2.84244 -1.48854
-0.0394216 -0.212664 0.191009 -0.572201 1.48462 -1.59725 -0.0760046 -0.271241 0.058962 -0.581283 1.48658 -1.6224
-0.356995 -0.163614 -1.45186 1.67949 -2.99547 -0.786267 -0.413998 -0.230783 -1.48173 1.69356 -2.98477 -0.801703
1.18242 0.671125 0.908912 -1.14359 1.5215 -1.25983 1.07332 0.611132 0.866572 -1.12903 1.54097 -1.25714
0.871999 0.0520052 -0.108845 1.94807 -3.41167 -1.15026 0.820251 -0.00150776 -0.135605 1.95128 -3.43746 -1.15061
2.44898 1.47972 2.49867 -0.348936 1.12549 -1.48321 2.34857 1.48688 2.39336 -0.348099 1.13331 -1.46873
0.167768 1.39401 0.574463 -0.874153 1.46631 -1.44568 0.0430224 1.39139 0.477383 -0.874418 1.44881 -1.43886
-0.753712 -0.487918 -0.900267 -0.4131 1.12499 -1.27196 -0.83417 -0.567425 -1.02127 -0.408932 1.1244 -1.27686
1.59951 0.454099 0.490516 -0.120549 1.26748 -1.09968 1.48016 0.469963 0.359275 -0.112337 1.2427 -1.0884
-2.72312 -3.1597 -2.71287 -0.461531 1.16239 -1.60749 -2.74642 -3.19335 -2.72526 -0.451729 1.15403 -1.61665
-0.095885 -0.0884059 -0.133541 0.267721 -0.746944 -1.87976 -0.14114 -0.150156 -0.217755 0.259489 -0.745321 -1.89334
-1.70951 -2.67787 -3.31721 0.00148159 -0.544844 -1.32542 -1.74386 -2.73834 -3.37339 0.0244998 -0.546058 -1.32031
1.45029 1.13039 2.00222 -0.985677 1.63678 -1.41323 1.43307 1.10629 1.92195 -0.990974 1.67698 -1.42286
-1.41821 -1.46268 -1.76481 0.67 -0.811944 -1.57174 -1.41419 -1.48681 -1.83304 0.678076 -0.804156 -1.56556
-2.55693 -1.77829 -1.79359 0.942367 1.70532 3.21359 -2.56127 -1.78719 -1.85206 0.943147 1.69442 3.21228
-2.458 -3.19543 -2.50315 0.203524 -1.04218 -1.60603 -2.47644 -3.18931 -2.50191 0.187798 -1.06449 -1.63788
-1.27154 -2.90532 -1.28485 0.666169 2.24152 2.55427 -1.25067 -2.92807 -1.31083 0.641325 2.26464 2.57129
0.333107 1.94722 1.21373 0.731737 1.74991 3.2295 0.312148 1.92812 1.17591 0.74934 1.75675 3.24688
-2.83335 -3.58305 -3.39978 0.0662526 1.94593 3.31214 -2.75923 -3.54412 -3.39448 0.0636294 1.94678 3.30732
2.21769 0.857115 2.43214 0.686644 -0.666216 -1.50836 2.11644 0.824651 2.35814 0.693004 -0.636512 -1.51043
0.219615 -2.78706 -0.102183 0.545833 -0.880397 -2.13275 0.18519 -2.85881 -0.140835 0.542611 -0.864388 -2.15068
1.68057 -0.868016 0.922236 0.248648 -1.2933 -1.73201 1.74444 -0.836993 0.914946 0.239937 -1.3129 -1.75659
-0.547552 -0.92234 -0.638717 1.01791 1.78366 2.85997 -0.548397 -0.896681 -0.653955 1.0191 1.77198 2.88573
-0.217713 0.284913 0.0520025 0.47605 1.45904 3.16824 -0.257779 0.279542 0.0584937 0.49761 1.47206 3.17122
-3.42392 -1.9654 -4.60548 -0.805015 1.87605 -1.01419 -3.46741 -1.97671 -4.63949 -0.793815 1.90009 -1.02126
-1.17629 -0.734445 -1.661 -0.467039 1.22037 -1.54238 -1.21411 -0.732444 -1.68748 -0.492423 1.21162 -1.55285
0.609239 0.0391695 1.14512 0.208165 1.57107 3.36105 0.576637 0.0718418 1.1617 0.199379 1.57566 3.38913
-0.426277 -0.818716 -0.187377 0.651906 -1.4275 -1.45432 -0.465681 -0.82463 -0.24609 0.631655 -1.42824 -1.44989
-0.146206 -2.29927 -0.4337 0.468085 1.96692 3.30664 -0.139807 -2.24744 -0.419982 0.490195 1.99553 3.32688
0.828491 0.85182 2.14198 -0.694043 0.363744 -1.10919 0.86747 0.908847 2.12419 -0.726727 0.375066 -1.10279
-9.25616 -6.66815 -6.76839 0.740608 1.71083 2.98546 -9.27551 -6.64477 -6.77679 0.742532 1.70929 2.97931
-3.58782 -2.13693 -2.64013 0.98193 1.5743 2.7606 -3.66345 -2.14854 -2.65399 0.971251 1.58686 2.72596
-0.150965 -2.00502 -0.421077 0.92754 1.44763 2.52856 -0.189962 -2.00355 -0.44743 0.953156 1.45937 2.54454
-1.96931 -2.29671 -0.0997558 0.958463 -1.3832 -1.80369 -2.00784 -2.34413 -0.0948802 0.999316 -1.38617 -1.78925
6.90556 2.40948 4.88034 2.24872 1.60762 -3.03942 6.94316 2.4419 4.87398 2.25707 1.59672 -3.09594
2.50159 2.21161 2.4971 0.425277 -0.441841 -1.37386 2.4915 2.21477 2.4626 0.430734 -0.42715 -1.38262
1.20849 -0.0552264 -0.263043 0.527447 1.83166 3.14106 1.23971 -0.0134317 -0.298858 0.529726 1.81628 3.15827
0.373351 -0.394568 -1.06343 0.703308 1.84151 3.61278 0.43672 -0.387273 -1.07199 0.704451 1.86357 3.60039
0.0268348 1.03345 1.35924 -0.0355779 -0.807699 -1.5312 0.0493458 1.01765 1.27069 -0.0323766 -0.81243 -1.55126
-0.22765 2.58731 -1.12103 0.951971 -0.317997 -0.98748 -0.225391 2.62146 -1.15012 0.948753 -0.344769 -0.985
-0.477784 0.454079 0.300124 0.0959154 1.97354 2.75527 -0.395096 0.54385 0.345192 0.0903907 1.99101 2.734
1.36684 -0.62747 0.0902255 -0.454662 0.26995 -0.14284 1.37703 -0.672579 0.116744 -0.438376 0.287004 -0.150725
-0.298189 -0.352744 3.61304 -2.11336 -3.10269 3.30187 -0.400757 -0.415946 3.54999 -2.16438 -3.12131 3.31408
-1.97482 -1.80076 -1.48825 1.02153 1.06651 2.68917 -1.9777 -1.7984 -1.49259 1.0379 1.07666 2.71169
-0.104762 1.39393 0.353597 0.275496 1.42965 2.63662 -0.10193 1.41119 0.428447 0.296208 1.41344 2.66159
0.177395 3.62023 -2.06302 -1.8393 -2.59542 -4.24361 0.171717 3.61873 -2.15433 -1.84372 -2.59664 -4.27544
-1.05197 -0.0252366 0.570439 0.323569 0.45113 0.117849 -1.08121 -0.0992739 0.533805 0.311151 0.475537 0.061108
-0.773625 -0.876338 -0.676607 0.0586688 0.0110581 -0.157968 -0.756246 -0.915792 -0.71475 0.0269231 0.00790037 -0.161236
-2.13919 -1.66211 -1.83783 0.570755 1.74709 3.44029 -2.1075 -1.64653 -1.8008 0.567125 1.74063 3.40687
0.0530056 1.66808 -5.52849 0.22065 -2.53701 0.347049 0.0218662 1.673 -5.56832 0.21996 -2.55491 0.367078
-4.80585 -6.15369 -3.16178 -2.98116 0.209874 2.74726 -4.87643 -6.22614 -3.23173 -2.97342 0.189469 2.71202
-1.3417 -1.22354 -3.7334 0.768152 0.880905 2.64417 -1.28463 -1.20127 -3.66315 0.749883 0.875988 2.63187
-1.10675 0.207941 0.153966 -0.296151 -0.745964 -1.56007 -1.10092 0.224789 0.0612572 -0.306308 -0.749595 -1.56995
-0.842491 1.10577 -2.37649 0.300397 1.2894 2.52577 -0.86736 1.16183 -2.42821 0.348784 1.26871 2.53938
-4.83944 -3.30612 -2.35224 0.157133 3.87895 -2.8393 -4.88088 -3.34408 -2.38812 0.171357 3.92005 -2.88513
-0.743757 -0.453524 -2.1096 1.077 1.56076 2.87554 -0.801291 -0.471088 -2.04963 1.06848 1.52783 2.91898
3.84285 0.855179 3.06954 -0.538548 -0.0451263 -0.336668 3.8418 0.853674 3.08661 -0.526489 -0.0289935 -0.347497
1.43834 1.86972 2.40919 -0.551055 1.35623 -1.0996 1.3587 1.84194 2.35732 -0.551352 1.35611 -1.08119
-3.55033 -3.01188 -2.88266 -0.167985 0.846639 -0.782322 -3.55195 -3.00475 -2.81662 -0.165193 0.842786 -0.749994
0.409216 -0.335856 0.026459 0.80488 0.834341 2.58944 0.440911 -0.284981 0.0729791 0.788635 0.83808 2.62105
-0.861259 -2.71417 -1.5162 0.456792 1.69618 3.1782 -0.784203 -2.63658 -1.50986 0.441609 1.6593 3.20448
-0.995978 -0.756165 0.734043 0.192387 -0.172298 0.170751 -0.957952 -0.711387 0.787299 0.187629 -0.171841 0.200507
-1.72172 -3.20026 -0.890094 0.454094 1.50983 2.66278 -1.7128 -3.22232 -0.873471 0.425528 1.54419 2.68888
7.31987 6.37181 7.17508 4.50317 -0.770596 -2.49929 7.34095 6.43254 7.17483 4.55693 -0.783393 -2.54266
-4.9177 -2.55809 1.16046 2.56649 -1.24695 0.434378 -5.01002 -2.66837 1.14343 2.58163 -1.25016 0.459026
-0.132552 0.733563 -0.0812744 0.302836 2.24458 4.0927 -0.00781773 0.82758 -0.00916537 0.319828 2.27602 4.11195
-10.59 -0.22429 -4.48794 2.23374 -3.29135 -2.8611 -10.6293 -0.277725 -4.54271 2.2362 -3.30967 -2.87221
-2.91708 -3.01358 -2.75334 0.451001 -0.848001 0.390611 -2.92365 -3.0833 -2.79435 0.44028 -0.842961 0.374701
-8.08442 -5.50471 -4.83385 2.59011 -1.57218 -2.84661 -8.10577 -5.52401 -4.85912 2.60057 -1.56052 -2.86357
-3.21967 -3.06886 -3.43916 -0.200347 1.36967 -1.40983 -3.20571 -3.05442 -3.37377 -0.200028 1.37689 -1.43745
0.606506 0.927941 -1.68066 0.327492 0.133897 0.23112 0.558905 0.948044 -1.7146 0.282523 0.135293 0.225315
0.971943 0.968288 -1.47419 0.27097 0.522042 0.178186 0.926713 0.930975 -1.49941 0.276634 0.517486 0.215916
0.510795 -1.72001 0.54744 0.176338 0.984765 -1.68127 0.586649 -1.70168 0.543665 0.166588 0.992884 -1.64409
2.64497 1.20896 -7.37736 -2.46061 -2.0256 -2.12425 2.63354 1.24826 -7.45689 -2.48854 -1.99908 -2.12377
0.709884 -1.33677 -1.63678 -0.331555 -0.0732522 0.56086 0.690665 -1.34892 -1.63769 -0.320051 -0.0743055 0.554405
-6.73855 1.39522 1.15968 -3.90056 -0.0639307 2.43778 -6.76414 1.32173 1.11051 -3.93601 -0.0385565 2.47182
-1.65365 -2.35141 -1.37865 0.0936071 1.23671 -1.43854 -1.6532 -2.30852 -1.3425 0.0543814 1.2137 -1.43732
-3.18715 -3.77559 -1.82317 0.00475753 -0.155211 -0.0499212 -3.25528 -3.81588 -1.81866 0.0252554 -0.12388 -0.0295673
-2.10748 -3.75877 -2.3994 -0.679936 -0.261329 -0.0397631 -2.03673 -3.75526 -2.31879 -0.649466 -0.280705 -0.0429705
-1.91176 -2.21408 -1.42435 -0.248027 0.535663 -1.05098 -1.96111 -2.29478 -1.49663 -0.251276 0.51989 -1.08486
-1.1032 -1.65452 -3.23945 -1.2984 1.19159 -1.02452 -1.11217 -1.66502 -3.24285 -1.31195 1.21359 -1.0404
0.356291 1.34612 1.80127 -0.432851 1.81734 -1.55891 0.360837 1.36986 1.80521 -0.440212 1.84807 -1.58302
1.27872 -0.299348 -5.36882 -1.69784 -3.99684 -3.17533 1.25015 -0.314037 -5.472 -1.72092 -4.00687 -3.18909
-0.87187 -2.91961 -0.368452 0.185985 0.062395 0.0151973 -0.892461 -2.91905 -0.335278 0.202612 0.0317799 0.00553726
0.110639 -2.22346 -0.0216301 0.0913066 0.312004 0.128553 0.148064 -2.16157 0.029912 0.0935191 0.320895 0.138686
-0.923953 -1.62923 -0.703037 -0.076371 -0.238022 0.249418 -0.886972 -1.59425 -0.641565 -0.0807897 -0.291287 0.296717
-3.59281 -2.18164 -2.49593 -0.669754 1.698 -1.36916 -3.59188 -2.21825 -2.44183 -0.647916 1.69113 -1.37165
-1.72248 0.844173 -0.676619 -0.003913 -0.037603 -0.627137 -1.69457 0.894129 -0.662344 0.0394298 0.00477512 -0.667551
-12.5416 -3.95045 -10.4277 0.779324 2.65689 0.722372 -12.6218 -3.97238 -10.4722 0.791122 2.67801 0.668077
-3.9336 -3.13498 -4.4913 0.208481 0.436459 -0.188664 -3.95281 -3.09049 -4.49781 0.215998 0.440567 -0.235265
1.17185 1.3743 1.22595 -0.187406 -0.278473 -0.240737 1.21127 1.34888 1.19168 -0.170449 -0.269485 -0.239323
-2.28864 -4.33846 -2.93213 -0.493568 -0.40149 -0.2312 -2.33256 -4.41174 -2.98467 -0.535411 -0.395755 -0.222571
-4.42856 -4.42732 -1.68218 -0.854292 0.944508 -0.885956 -4.44359 -4.47245 -1.66531 -0.874806 0.936119 -0.912472
-0.59377 0.845417 0.731543 -0.097232 -0.608732 0.0897447 -0.612347 0.884511 0.805449 -0.13955 -0.611746 0.0351033
-2.52567 -0.999824 -3.51841 -0.713966 1.36045 -1.49881 -2.49574 -0.9878 -3.53228 -0.702003 1.38906 -1.46298
-3.03477 -1.58553 -1.936 -0.80989 1.45233 -0.731204 -2.9752 -1.56442 -1.91438 -0.788023 1.42785 -0.78509
-11.4815 -11.3011 -13.4573 -2.38001 0.506538 2.42262 -11.5559 -11.349 -13.5278 -2.37582 0.534115 2.41567
6.3432 2.78428 -5.63727 1.39638 3.55834 0.746729 6.40604 2.75737 -5.71046 1.42757 3.54865 0.766158
-1.75296 -2.16538 -3.12745 -0.62421 0.382171 0.0293874 -1.77167 -2.14351 -3.14428 -0.627236 0.377619 0.062676
-1.07445 -2.1765 -1.03691 0.217815 -0.00261097 -0.262111 -0.982544 -2.12141 -0.943475 0.203535 0.0104575 -0.252873
1.18305 -0.251552 -0.277011 -0.147114 -0.277105 0.0255282 1.23217 -0.203947 -0.230984 -0.166123 -0.298936 0.0567251
-13.9803 -10.7056 -8.01343 0.323838 -0.0346157 -1.76054 -14.0529 -10.7503 -8.00167 0.338671 -0.0233114 -1.77315
-0.617605 0.422172 1.55053 0.78128 -0.169966 -0.309415 -0.585992 0.405655 1.58363 0.746651 -0.220551 -0.343418
-1.27599 -1.55347 -3.74749 -0.0178438 0.369444 0.377195 -1.26172 -1.54113 -3.7653 -0.030601 0.350707 0.325961
-0.314221 1.24029 0.688458 0.702523 -0.860735 0.904354 -0.22346 1.3296 0.757187 0.68374 -0.843873 0.895471
-2.70833 -2.30505 -4.05278 0.59872 0.130655 -0.287942 -2.73473 -2.32105 -4.04963 0.609111 0.135808 -0.317196
1.49606 2.48982 0.207577 -0.446389 -0.0173874 -0.332441 1.5535 2.39826 0.230397 -0.438308 -0.0332387 -0.351743
-1.64144 -2.44137 -0.236449 -0.0486915 -0.178375 0.719358 -1.63698 -2.51866 -0.273458 -0.0380993 -0.171277 0.758613
-8.04419 2.92541 -6.86897 1.54104 -3.28586 -3.97103 -8.06902 2.89324 -6.92684 1.5798 -3.26636 -3.96117
8.60417 0.137359 -3.79559 5.16284 -3.08642 3.33404 8.73434 0.199214 -3.9221 5.23726 -3.08387 3.3677
-13.0982 -9.37887 -9.14186 0.579388 2.35334 3.6471 -13.2138 -9.45179 -9.21502 0.580364 2.3502 3.67123
-2.7584 -1.79671 0.370334 0.263934 -0.71922 0.600941 -2.68717 -1.78781 0.407816 0.285813 -0.77114 0.577074
0.273134 -1.78736 -0.254139 -0.262829 -0.124081 -0.433183 0.24315 -1.828 -0.296141 -0.258735 -0.107303 -0.439398
1.16352 1.30733 1.16376 -0.256993 0.871605 -0.582463 1.17962 1.36676 1.19617 -0.234404 0.892924 -0.581201
-3.86884 -3.33898 -3.52745 -0.663281 0.0929914 0.441437 -3.9062 -3.36138 -3.5267 -0.646942 0.0907741 0.435255
1.003 0.451011 0.699454 -0.387215 -0.843794 0.863479 1.11705 0.520155 0.763832 -0.384187 -0.818781 0.856831
-2.04729 -0.218282 -0.936103 0.19208 -0.390974 0.52078 -2.00024 -0.165168 -0.911108 0.216577 -0.439577 0.52143
0.711567 2.44899 2.05658 0.306436 0.307557 -0.0359332 0.729332 2.47919 2.04218 0.267075 0.307256 -0.00490492
-1.14753 -2.16468 -1.13674 -0.465177 0.37671 0.908051 -1.1637 -2.17651 -1.17893 -0.472365 0.397082 0.941996
-0.530458 -1.26879 -1.12025 0.220795 0.271902 0.673292 -0.457717 -1.33652 -1.1047 0.183084 0.255904 0.657131
0.00751893 -0.630427 0.506189 -0.916594 -0.303764 0.150694 0.0600714 -0.582343 0.499162 -0.937139 -0.288682 0.0985469
-6.40065 -10.5923 0.847941 2.85778 3.36335 1.11955 -6.60738 -10.8154 0.804663 2.86327 3.33468 1.17554
-3.9882 -1.7092 -2.53776 -0.300949 0.24281 0.172974 -3.97296 -1.64526 -2.51509 -0.317082 0.21101 0.125884
1.9285 -0.576607 -0.402306 -0.467913 1.1675 -0.83285 1.98463 -0.537973 -0.426035 -0.473858 1.16201 -0.844182
-0.464359 -0.981295 -2.47969 -0.20605 0.0646771 -0.11451 -0.407731 -0.967255 -2.44406 -0.227788 0.060827 -0.0782108
-3.78556 -3.35644 -2.96111 0.34696 -0.439525 -0.33922 -3.81444 -3.42202 -2.96874 0.364151 -0.45686 -0.356438
-2.24717 -2.65101 -1.47112 -0.124225 0.278082 0.226243 -2.17595 -2.58969 -1.37609 -0.132065 0.268781 0.210987
1.74839 0.559303 0.69685 -1.02424 1.44389 -1.35417 1.80741 0.560282 0.758492 -0.998642 1.45099 -1.39412
1.83442 1.73604 0.366012 -0.142732 0.100919 -0.600808 1.82676 1.74915 0.333509 -0.160168 0.140416 -0.593672
-2.76782 -1.92044 -2.7782 -0.429749 1.24678 -1.139 -2.87569 -1.92066 -2.83937 -0.44262 1.21501 -1.18383
-1.2739 0.712763 -0.159724 0.325657 -0.0443584 0.0493975 -1.22402 0.738302 -0.117573 0.359001 -0.0667599 0.0497096
-0.904477 -1.91476 -2.9844 0.0804886 0.481027 0.525939 -0.890175 -1.93707 -2.99468 0.0698089 0.462711 0.508148
-3.70472 -2.05781 -1.99004 -0.312294 -0.275549 -0.551499 -3.7294 -2.06435 -1.97345 -0.328977 -0.283176 -0.529588
-3.89525 -4.68879 -5.53322 -0.101618 0.254927 0.11761 -3.85353 -4.68009 -5.48944 -0.129852 0.209561 0.122603
-3.00713 -1.60101 -2.35799 0.157463 0.381733 -0.476968 -3.0326 -1.59258 -2.3582 0.143796 0.411142 -0.544168
-4.62173 -3.94904 -2.65125 0.284385 -0.951136 -0.136915 -4.60059 -3.91392 -2.63923 0.280243 -0.951392 -0.151465
1.00682 0.0723696 -0.779223 -0.292447 0.487916 0.235923 0.894145 0.0670456 -0.808955 -0.294853 0.477037 0.218013
-4.13127 -1.41356 -1.87412 0.304851 -0.252445 0.0410396 -4.12151 -1.35412 -1.88329 0.320447 -0.254532 0.0840484
-0.796516 -0.5403 0.0324789 -0.183147 0.0834784 0.441936 -0.776301 -0.48747 0.0230485 -0.141772 0.0798794 0.43025
0.184182 -0.0131149 1.1401 -0.801695 -0.0160892 -0.220339 0.142961 0.00751033 1.11902 -0.785427 0.0426509 -0.240745
-2.71313 -3.74942 -3.75729 -0.322234 -0.396984 -0.536325 -2.70979 -3.80376 -3.80374 -0.336731 -0.449882 -0.535999
0.710311 -0.746748 -1.00905 0.197713 0.543487 0.658561 0.658638 -0.798016 -1.02738 0.206786 0.563306 0.650367
0.134847 -0.541391 -1.31297 0.69684 -0.342622 -0.474738 0.173622 -0.583664 -1.24589 0.660966 -0.329039 -0.479475
-1.59623 -0.982558 -2.16331 0.157979 -0.115288 0.225598 -1.60081 -0.9613 -2.14765 0.158918 -0.121222 0.217982
-2.5997 -2.62883 -2.94852 0.1781 -0.625696 -0.273039 -2.61211 -2.63256 -2.97499 0.186618 -0.624577 -0.260285
-2.97868 -3.32706 -4.10005 0.0465367 0.478187 0.058386 -3.00071 -3.34399 -4.09705 0.037975 0.459428 0.0543771
-3.50407 -0.932275 -1.3881 0.185632 0.0240611 0.262958 -3.44866 -0.812647 -1.3229 0.153623 0.00423938 0.264138
-0.324907 -1.81183 -2.0824 0.447222 -0.38823 -0.483111 -0.40626 -1.78223 -2.09457 0.420754 -0.390426 -0.454508
-1.21782 -1.18103 0.306989 0.138503 0.110219 0.391287 -1.1979 -1.12991 0.373642 0.157753 0.102472 0.389279
-2.87106 -3.9948 -2.03568 0.421524 0.41252 -0.151971 -2.84593 -4.04247 -2.08478 0.478903 0.426088 -0.158122
-1.59558 -2.30788 -3.50077 0.287622 -0.158254 0.0519697 -1.68864 -2.43759 -3.63989 0.348548 -0.173481 0.0612078
0.795489 -0.0346449 -0.250406 0.0124702 -0.634409 0.0717789 0.843731 0.00705938 -0.208978 0.00981738 -0.65307 0.0630527
0.410882 0.703318 2.25265 -0.699611 0.448588 -0.0540708 0.462143 0.79227 2.28931 -0.705541 0.483546 -0.0314928
-1.46238 -1.45952 -1.54763 -0.852784 0.0753286 0.243195 -1.5307 -1.54548 -1.59023 -0.863939 0.0866223 0.235771
-1.3614 -1.23412 0.803132 0.103629 -0.362665 0.5142 -1.39655 -1.23811 0.810228 0.115801 -0.350772 0.52704
-3.78892 -4.69505 -5.16738 0.554575 0.372321 0.481275 -3.79873 -4.74046 -5.20372 0.558725 0.412857 0.471796
-0.485327 1.07422 -0.682819 0.165139 -0.201781 0.259087 -0.46437 1.16806 -0.646065 0.200529 -0.183677 0.239747
10.8701 16.6037 18.4448 3.41104 3.08951 -0.760288 11.2796 17.0819 18.9246 3.54821 3.22389 -0.730634
-1.53025 -1.03617 -0.183854 -0.511123 0.14207 0.0342203 -1.50274 -0.921905 -0.122695 -0.478222 0.16384 0.0631475
0.292286 2.02425 0.592688 0.472397 -0.1801 -0.164132 0.243807 2.0157 0.697275 0.493161 -0.164851 -0.149738
-3.48249 -1.50686 -2.44609 0.0576252 0.0147699 0.274821 -3.49954 -1.4832 -2.47572 0.0307044 0.0628517 0.334893
0.798855 0.96 1.23972 -0.110794 -0.518394 -0.183233 0.878183 1.0223 1.34566 -0.0903739 -0.513028 -0.194173
-0.880073 -2.24444 -0.438942 -0.0168694 0.301136 -0.479374 -0.928591 -2.21333 -0.414641 -0.0269144 0.247702 -0.504435
-0.168492 -1.08629 -1.31872 0.105947 0.158206 -0.109004 -0.143712 -1.00673 -1.26325 0.104479 0.178458 -0.107683
-1.16849 -1.53971 -2.5873 0.192614 -0.228272 0.176676 -1.21427 -1.57268 -2.62852 0.198686 -0.195197 0.136822
-14.5978 -12.7088 -8.57742 2.59313 2.96656 1.70318 -14.7579 -12.823 -8.58403 2.61409 2.92457 1.68105
0.876096 -1.08496 0.22625 0.117307 -0.0891877 0.283607 0.9103 -1.00181 0.263328 0.10889 -0.0644515 0.277571
-0.245331 -1.02254 -0.549708 0.247738 -0.166766 0.265963 -0.240714 -1.01416 -0.521915 0.254346 -0.158094 0.23665
0.346428 0.0132917 0.302384 -0.0342438 0.415954 -0.0500603 0.414828 0.0275548 0.293283 -0.023265 0.414423 -0.0300446
-2.19484 -2.25744 -0.746483 -0.367378 -0.190655 -0.804477 -2.13779 -2.21576 -0.668642 -0.327096 -0.156653 -0.820732
-0.660154 -1.49655 -2.93344 -0.406434 0.646145 0.362569 -0.753743 -1.55284 -3.00883 -0.411427 0.662606 0.321117
-3.64773 -2.77599 -3.8038 0.61724 0.532108 0.148795 -3.59818 -2.80091 -3.76771 0.619918 0.564903 0.177058
1.12759 -1.10101 -0.988342 0.440606 0.355629 0.0522213 1.27783 -1.08477 -0.854635 0.433272 0.358384 0.0148007
-3.30439 -3.37009 -2.25679 -0.176204 -0.181593 0.0468275 -3.33946 -3.41832 -2.32676 -0.166705 -0.200678 0.00183226
-0.889232 -1.81014 -0.0826819 -0.329999 0.0974378 -0.524648 -0.965158 -1.90024 -0.0749278 -0.301465 0.144473 -0.588453
2.36582 -0.166158 -2.29177 0.0895468 0.0340124 -0.621461 2.41781 -0.0742508 -2.22786 0.0728197 0.0257625 -0.615063
-3.49133 -3.85236 -1.81194 -0.781083 0.51301 0.485205 -3.50295 -3.83571 -1.86349 -0.806214 0.519051 0.460599
-0.0585817 -1.44795 0.606731 0.134746 -0.124141 0.72955 0.0554977 -1.35773 0.703184 0.141348 -0.114075 0.755656
0.553622 0.466761 -0.63361 0.0370023 -0.615383 0.233442 0.592494 0.453536 -0.654636 -0.00103066 -0.642061 0.211827
-2.51389 -3.08902 -4.14893 -0.315702 -0.144704 -0.493363 -2.49101 -3.15139 -4.20136 -0.339283 -0.156061 -0.507491
1.2875 -0.23362 -1.40306 0.597229 0.187601 -0.328091 1.31525 -0.231767 -1.40771 0.595094 0.183186 -0.346873
-2.36121 -3.0262 -4.11394 -0.225059 -0.417826 0.415716 -2.35456 -3.06614 -4.14584 -0.226656 -0.416213 0.400552
0.0951342 -2.98218 -1.21322 0.470918 0.303997 -0.123543 0.0386463 -3.07102 -1.29832 0.454224 0.310347 -0.112635
-4.7895 -3.33677 -2.62124 -0.00252425 0.233028 0.533452 -4.84523 -3.37692 -2.71215 0.053194 0.206024 0.510449
-1.60981 -3.32566 -3.51602 0.0326608 0.425668 -0.418932 -1.55855 -3.21539 -3.43998 0.00736228 0.437475 -0.411973
-3.74391 -2.3898 -2.88258 -0.320202 0.489894 -0.609629 -3.71268 -2.32951 -2.77552 -0.348922 0.506538 -0.57445
-1.58742 0.200295 -2.82211 -0.289144 0.628708 -0.37357 -1.54781 0.28374 -2.77497 -0.301065 0.618406 -0.357615
-1.78479 -3.62758 -0.508 0.229615 0.313153 -0.180008 -1.72101 -3.66073 -0.512311 0.269524 0.321362 -0.235928
-0.00337208 -0.473081 -0.427196 0.0899179 -0.677667 -0.0876917 0.0493202 -0.37077 -0.328479 0.0879935 -0.664425 -0.091027
-0.988544 -3.68788 -1.50183 -0.201585 -0.0149652 0.200731 -0.931751 -3.67171 -1.45715 -0.183209 -0.0276555 0.161041
-14.1232 -14.9166 -14.9204 1.75012 -2.93122 3.34181 -14.1701 -14.9675 -14.9412 1.76836 -2.96193 3.33666
-3.08176 -1.9591 -2.63242 0.216472 0.17634 0.102996 -3.16024 -1.92894 -2.59858 0.190313 0.230736 0.11384
0.174342 1.01133 0.489878 -0.871555 1.44825 -1.5333 0.131463 0.955191 0.351424 -0.868214 1.46095 -1.53647
-0.44091 -0.791491 -1.1503 2.12436 -3.18633 -1.25349 -0.526942 -0.858624 -1.19549 2.12958 -3.20245 -1.26851
-0.844844 -0.919465 -1.1374 -0.896167 1.52411 -1.47921 -0.914782 -0.974768 -1.26469 -0.889023 1.54168 -1.49233
-1.58354 -0.989053 -1.39396 2.0547 -2.77129 -1.70139 -1.64678 -1.04775 -1.4416 2.0488 -2.78279 -1.70471
-1.30853 0.171397 -1.12028 2.42981 -3.70587 -1.59178 -1.33462 0.0889064 -1.14894 2.45054 -3.7252 -1.58493
1.23513 1.14509 0.839576 2.17026 -3.08911 -1.35634 1.21244 1.10475 0.854728 2.19346 -3.10126 -1.3899
0.897996 0.758278 -0.051423 -0.541483 0.935743 -1.60362 0.849784 0.750263 -0.119375 -0.547428 0.942973 -1.60971
-0.73749 -1.6074 -1.5714 2.52122 -3.2128 -1.48259 -0.792725 -1.68216 -1.61611 2.52748 -3.18356 -1.4784
-0.395063 -0.26561 -0.502199 2.37418 -3.41421 -1.20426 -0.412446 -0.299965 -0.494956 2.38877 -3.42224 -1.20779
-0.973652 -0.216691 -0.187582 -0.785171 0.546443 -1.57321 -0.973705 -0.21895 -0.238581 -0.783044 0.530935 -1.59529
-3.15503 -1.52101 -2.77395 -0.633558 1.48847 -1.41939 -3.23711 -1.52057 -2.85336 -0.630936 1.47227 -1.41816
0.89638 1.30788 -0.541194 -0.490465 1.06472 -1.44591 0.879175 1.29618 -0.632433 -0.495099 1.06316 -1.45981
-5.34051 -5.72901 -5.23443 -0.243491 1.44843 -1.4689 -5.40908 -5.75467 -5.28227 -0.251051 1.43295 -1.46493
0.12995 -1.58662 -0.579709 0.805092 1.82765 2.9815 0.0965033 -1.5641 -0.604351 0.790718 1.84738 2.97884
4.3885 4.60323 3.43645 0.892802 2.5885 3.37401 4.39047 4.58866 3.39871 0.908571 2.62699 3.40548
-2.043 -1.30164 -0.536599 1.08361 1.88824 2.99263 -2.07572 -1.36559 -0.576412 1.09103 1.90227 3.00031
-0.856424 -2.27546 -3.55323 0.929548 2.25457 4.00575 -0.864747 -2.26706 -3.62619 0.916057 2.28311 4.02209
-0.997536 -1.45128 -0.163915 -1.12101 0.573555 -1.38441 -1.03846 -1.44313 -0.170101 -1.13281 0.583028 -1.36888
-1.30837 -1.40279 -1.04558 -0.506946 1.23573 -1.91236 -1.32818 -1.40895 -1.09907 -0.488407 1.2426 -1.90247
-0.380273 0.632037 -0.422854 2.50801 -3.23761 -1.81278 -0.358712 0.646803 -0.427826 2.51694 -3.24185 -1.82559
-0.0692131 -0.703811 -0.649395 -0.67939 1.63118 -1.68024 -0.124303 -0.751803 -0.705422 -0.656445 1.63401 -1.69191
1.11463 1.15448 0.620226 0.170164 -0.817778 -1.79195 1.16249 1.21019 0.651187 0.169326 -0.809897 -1.81072
-1.49489 -2.27576 -2.15316 -0.90543 1.48005 -1.86288 -1.48215 -2.27641 -2.17841 -0.901399 1.47759 -1.88088
0.784778 1.15612 0.834771 0.500798 1.96461 3.16985 0.772552 1.18362 0.860332 0.50329 1.96087 3.18443
-3.18939 -3.4345 -1.65302 -0.179995 1.10481 -0.897039 -3.2269 -3.46481 -1.65495 -0.160736 1.12148 -0.876581
-0.880598 -3.06576 -1.89076 2.16278 -2.72839 -0.77424 -0.914482 -3.0477 -1.90255 2.16257 -2.72668 -0.7538
-0.919614 -2.97032 -1.22283 -0.423157 1.64496 -0.89422 -0.990521 -3.0472 -1.22708 -0.441174 1.60686 -0.899325
-4.01252 -2.99465 -1.69366 0.143419 -0.613011 -1.51084 -4.05437 -3.06255 -1.74501 0.12412 -0.615561 -1.49534
-0.545285 -0.590879 1.06822 0.56028 -0.180488 0.0581164 -0.496319 -0.545049 1.08475 0.56623 -0.187905 0.0708918
-2.18418 -1.90003 -2.96726 -0.79939 1.21354 -1.64615 -2.22726 -1.95173 -2.99674 -0.771837 1.20566 -1.64372
0.307837 1.3908 -0.709115 -0.628019 -0.2314 -0.562529 0.224344 1.3573 -0.708206 -0.647467 -0.238186 -0.564567
-3.46856 -3.38928 -3.54107 0.449493 -0.649049 -1.32086 -3.50023 -3.41092 -3.58882 0.47623 -0.610892 -1.32849
-1.70387 -1.47046 -0.775334 1.14232 1.63454 3.3347 -1.78056 -1.495 -0.783612 1.14196 1.65779 3.30853
0.237663 -0.763984 -0.151361 0.0664287 0.0929692 0.0498339 0.194262 -0.799706 -0.130396 0.0719532 0.0964266 0.0761613
-0.429238 -5.49764 -1.45067 -2.38731 0.465182 -2.72115 -0.496485 -5.54328 -1.53593 -2.39595 0.458599 -2.71825
-0.107701 -1.34349 -1.35043 -0.519412 1.09084 -0.894572 -0.0818847 -1.34019 -1.33642 -0.491684 1.09185 -0.912848
-0.62549 -0.484739 1.11883 0.155981 2.08033 3.17794 -0.646282 -0.488007 1.04572 0.177606 2.10836 3.15758
-2.22321 -1.4385 -4.1234 0.561519 -0.058706 0.135347 -2.21383 -1.4172 -4.1093 0.536504 -0.0163688 0.155092
-3.05517 -3.77172 -1.79857 0.145134 -0.360629 0.441557 -3.08569 -3.81561 -1.78291 0.119671 -0.351347 0.440861
-3.2229 -3.12966 -0.701401 -0.318742 -0.173717 -0.375583 -3.28304 -3.14859 -0.678486 -0.328194 -0.158147 -0.387
-1.3141 -2.49666 -1.9388 1.15226 1.64943 2.81226 -1.35626 -2.49146 -1.92024 1.14378 1.60005 2.79858
-0.54489 -0.862113 -1.05166 0.889645 1.54875 2.90762 -0.501186 -0.747145 -1.0031 0.904007 1.58454 2.92559
-4.69039 -6.65603 2.18965 -2.62901 2.2308 0.380214 -4.8243 -6.72659 2.16841 -2.63678 2.25842 0.397977
-1.42762 -1.68173 -2.14871 0.788732 -0.650399 -1.26919 -1.46718 -1.6763 -2.14794 0.781548 -0.619961 -1.26231
-4.4729 -2.5812 -3.49076 0.749347 1.39937 2.32304 -4.52092 -2.55606 -3.492 0.746425 1.39025 2.28816
-4.38381 -0.484802 4.02673 3.30282 -0.398655 1.30285 -4.4483 -0.589273 3.9461 3.32255 -0.418781 1.28714
-2.8675 -2.61868 -3.56234 -0.389738 -0.584642 -0.453342 -2.89511 -2.61273 -3.59269 -0.363193 -0.569328 -0.443424
2.56989 -1.51965 -2.64887 -4.05486 -3.69451 -2.38804 2.53517 -1.55028 -2.73451 -4.09435 -3.7068 -2.39879
-1.16407 -1.75569 -4.26423 0.423539 1.38519 2.7402 -1.1806 -1.78454 -4.31767 0.41386 1.40162 2.75455
-6.55807 -4.99007 -1.58391 2.26071 -2.04112 0.612075 -6.65019 -5.08417 -1.63382 2.28135 -2.02317 0.608674
-0.407886 -2.15316 -0.984142 -0.501244 1.49312 -1.01068 -0.371913 -2.1309 -0.973393 -0.490951 1.49105 -1.02975
-0.496644 -0.872645 -0.0618224 0.364147 1.71131 2.59737 -0.487417 -0.87468 -0.00598094 0.38545 1.71194 2.63844
-1.1382 -0.883784 -2.0468 -0.909363 0.950385 -1.23627 -1.0906 -0.941213 -2.03189 -0.903465 0.933349 -1.24586
-1.17141 -1.14774 0.921265 0.171952 1.23701 -1.01413 -1.22769 -1.20769 0.842029 0.177667 1.23168 -1.02187
8.11426 4.55217 2.30477 -0.179863 1.48661 -3.75533 8.1529 4.55 2.28273 -0.220486 1.50733 -3.79919
6.30774 -5.85302 -0.990381 0.142652 2.54016 -1.82547 6.27935 -5.8079 -1.0168 0.158248 2.54841 -1.85354
-1.55288 -0.892428 -1.34074 -0.966169 1.32572 -0.773964 -1.53983 -0.858041 -1.30002 -0.962487 1.29703 -0.729506
1.40851 -0.181195 0.98881 -0.0327426 1.53499 3.76907 1.44824 -0.157414 1.05209 -0.00379117 1.51718 3.78836
-0.124748 0.966714 0.726204 0.652746 1.61469 2.69482 -0.130097 0.982278 0.757907 0.675017 1.64502 2.71647
1.962 2.39422 1.7381 1.11184 0.941455 2.70728 2.00791 2.47329 1.68431 1.12305 0.93606 2.70047
0.934084 -1.23062 -4.20607 0.781539 4.3856 -1.62002 0.936768 -1.21589 -4.26261 0.782246 4.40114 -1.61019
7.32085 -4.78565 -0.0586647 -3.98798 2.17728 0.958236 7.35776 -4.75496 -0.064034 -4.04296 2.19822 0.946622
-1.07041 -3.27947 -1.00445 -0.463777 0.960791 -1.18045 -0.925589 -3.19055 -0.850832 -0.440019 0.969711 -1.19386
2.74684 1.83485 2.65243 0.293714 0.00633527 -0.427666 2.74446 1.9379 2.62163 0.258232 -0.0135724 -0.414358
-7.08362 -0.142195 -5.05708 3.55237 -0.160891 -2.23099 -7.11104 -0.209454 -5.15505 3.54604 -0.151468 -2.19767
-7.82038 -1.81552 -7.49054 -1.38343 -1.48006 -1.72901 -7.88348 -1.89538 -7.57003 -1.38107 -1.45661 -1.73274
-2.18751 -1.31395 -1.09059 0.347066 0.204818 0.500536 -2.11007 -1.27567 -1.128 0.375249 0.210448 0.525465
1.44148 3.05041 11.6159 -2.31444 4.72036 0.985987 1.44835 2.99851 11.7577 -2.31878 4.83523 0.988484
-0.191505 -1.22876 -0.953335 0.466887 0.570087 -0.871687 -0.209204 -1.20906 -0.949804 0.463343 0.570011 -0.880825
-3.24555 -2.60705 -3.88317 -0.277424 1.50566 3.08186 -3.21456 -2.58806 -3.85575 -0.262723 1.49063 3.09031
-0.302277 -0.0428323 -0.40973 0.0500116 -0.139307 -0.543172 -0.364814 -0.070329 -0.375518 0.0402227 -0.143726 -0.542027
5.22673 7.05805 8.17465 1.66163 3.31053 0.497192 5.26417 7.08004 8.15431 1.70785 3.35976 0.512005
-1.59192 -1.01512 -2.69139 0.129868 1.26431 2.68846 -1.5185 -0.942069 -2.63546 0.129803 1.2714 2.67436
0.855999 0.0311112 1.41863 -0.0501428 0.207063 -0.246099 0.924944 0.0799392 1.55209 -0.015241 0.148757 -0.2209
-5.12548 -7.94248 -2.67517 -0.838159 0.114003 4.47562 -5.17344 -7.97345 -2.67718 -0.838184 0.0837933 4.4906
0.720306 -1.67422 -1.34514 -0.353827 0.368496 -0.170193 0.723937 -1.64383 -1.36384 -0.350669 0.360939 -0.195922
-2.72037 -1.76427 -3.01207 0.386846 0.144249 -0.377678 -2.8047 -1.79426 -3.03276 0.39619 0.138725 -0.39918
0.631321 2.08319 2.19217 0.00459728 -0.418828 0.00770537 0.700894 2.03446 2.22542 0.00862924 -0.394182 0.0161655
-5.01848 -10.5618 -9.62098 -1.75243 -0.249552 -2.3786 -5.06238 -10.6238 -9.65854 -1.74263 -0.27793 -2.35936
-0.637355 8.53746 -2.28948 -1.34 -4.24327 1.8183 -0.672079 8.49705 -2.40449 -1.34412 -4.2665 1.84019
-2.39271 -2.68331 -2.33049 -0.827924 1.60437 -1.12154 -2.42928 -2.66166 -2.35726 -0.816011 1.5765 -1.11582
-1.36098 -1.59178 -1.20314 0.388626 0.543586 0.567321 -1.33875 -1.57732 -1.15362 0.377732 0.527767 0.542067
6.81296 -6.56506 7.22088 0.17037 -3.46172 -2.55628 6.72218 -6.56209 7.19035 0.170692 -3.52195 -2.5947
-1.61744 -2.27956 0.637962 0.0927852 -0.354844 0.79023 -1.67376 -2.30954 0.602386 0.113558 -0.342234 0.743185
0.539102 -9.7203 -8.64329 3.58127 -0.319636 4.02737 0.541753 -9.73309 -8.6851 3.58512 -0.31207 4.02933
1.56386 -10.0068 -5.21314 3.09253 -0.889237 2.22696 1.50067 -10.0862 -5.30419 3.11532 -0.90897 2.23892
-0.861454 0.280861 -1.4744 -1.11615 1.23486 -1.36775 -0.87861 0.277762 -1.46929 -1.09021 1.25116 -1.41688
-1.18852 -2.89829 -2.94969 -0.836432 1.20852 -1.26844 -1.1148 -2.85211 -2.87337 -0.821239 1.227 -1.2886
-2.8225 -1.22749 -1.89527 0.163194 0.101993 0.834767 -2.83322 -1.179 -1.84763 0.158705 0.0886084 0.881484
-3.08687 -2.58374 -3.05063 -0.288778 0.624548 0.396154 -3.09081 -2.64904 -3.1194 -0.309159 0.642607 0.383299
5.88727 6.70605 -1.27416 -3.83718 4.0698 -0.949869 5.87341 6.72452 -1.38695 -3.86992 4.1035 -0.94952
-1.82913 0.216502 1.33769 0.567109 -0.157107 1.24576 -1.84205 0.25891 1.32652 0.559507 -0.166619 1.23721
-0.823832 -2.11265 -2.64056 -0.434918 0.120928 -0.1334 -0.823981 -2.16158 -2.63849 -0.454899 0.0906529 -0.136191
-1.05668 -0.84034 -1.01048 0.336046 0.384288 -0.247632 -1.05631 -0.779102 -0.960986 0.309747 0.371022 -0.258926
10.564 1.4315 11.4064 -0.300754 -2.01392 -3.04114 10.5404 1.54321 11.5418 -0.339359 -1.99492 -3.1292
-0.626402 -1.25107 -1.56994 0.753501 -0.0635327 -0.238571 -0.598526 -1.24299 -1.53094 0.751217 -0.0884812 -0.231363
-2.09697 -0.766264 -0.908531 -0.123795 0.729579 -1.18019 -2.12356 -0.777519 -0.914063 -0.110128 0.719227 -1.17328
0.335333 -1.00391 -0.138744 0.289088 -0.433126 -0.0198737 0.386583 -0.943951 -0.141187 0.260186 -0.410133 -0.0417657
-1.74584 -1.26865 -1.11316 0.0445695 1.09718 -1.16768 -1.69002 -1.20523 -1.07816 0.0724589 1.12254 -1.20115
-2.49832 -0.515113 -1.24956 0.318659 0.370267 0.365327 -2.51067 -0.428174 -1.19089 0.298844 0.383679 0.350211
-2.32934 -2.93129 -2.64252 0.16292 -0.0562144 -0.219926 -2.34119 -2.95522 -2.67064 0.157303 -0.045003 -0.245413
-1.73711 -1.65444 -4.31521 -0.828686 0.427552 -1.28118 -1.81091 -1.74808 -4.41324 -0.79239 0.40169 -1.28859
0.999981 1.90295 1.18729 0.225856 -0.0488476 -0.534242 1.04346 1.96557 1.23889 0.192971 -0.0587918 -0.522771
-4.34337 -4.55784 -4.81213 -0.930441 -0.239747 0.441308 -4.36008 -4.63143 -4.88358 -0.93882 -0.250298 0.443431
-3.7773 -1.11648 -3.38612 0.275121 0.460684 0.285571 -3.81181 -1.15123 -3.38142 0.262464 0.469725 0.303294
0.414349 -0.620659 -0.663066 -0.16539 -0.371741 -0.118355 0.432546 -0.595293 -0.671836 -0.141053 -0.356325 -0.124599
-1.692 -2.61435 -0.607796 -0.209209 -0.405422 0.351751 -1.73301 -2.69092 -0.633667 -0.215356 -0.387752 0.314037
-3.25172 -3.91501 -4.11506 -0.710566 0.449913 0.827344 -3.28614 -3.94187 -4.13112 -0.720164 0.435823 0.81584
12.6071 8.28478 13.7284 -3.13307 -1.3135 1.56084 12.7444 8.32042 13.801 -3.2193 -1.33032 1.57915
-0.177881 0.299875 -0.9021 0.149045 0.341559 0.260412 -0.180227 0.294097 -0.909192 0.136562 0.323637 0.240626
-0.476764 1.18018 0.909378 -0.0754661 -0.156477 -0.949929 -0.423924 1.2202 1.00465 -0.0707902 -0.156046 -0.944809
-4.99588 -5.39184 -5.36737 -0.357393 -0.0440632 -0.454231 -5.03663 -5.40324 -5.34306 -0.337476 -0.0467025 -0.445888
-0.165562 -1.69437 -3.14436 0.514874 0.175341 -0.0292705 -0.180072 -1.69508 -3.16643 0.498555 0.193423 -0.00743009
3.35151 -0.129508 1.78406 0.565384 -0.227157 -0.775951 3.47136 -0.0526629 1.81072 0.595635 -0.230137 -0.768438
-0.994421 0.00162934 -0.298327 -0.630336 -0.321214 0.633149 -1.01094 -0.029967 -0.288795 -0.637366 -0.376892 0.634093
15.8048 11.5919 5.71946 3.84986 -4.84783 1.66061 16.0204 11.8668 5.82209 3.95341 -4.97251 1.68099
-2.15884 -2.78854 -2.23384 0.227896 -0.143456 -0.518842 -2.14365 -2.78672 -2.24353 0.262631 -0.15808 -0.484962
-0.500737 -0.378989 0.38673 0.205713 -0.263067 -0.316115 -0.342464 -0.224352 0.51112 0.179601 -0.298251 -0.31102
1.27485 0.532824 1.71783 0.679983 -0.0797852 -0.0484432 1.32803 0.578282 1.8037 0.690965 -0.056228 -0.0501832
-4.4596 -1.63196 -1.2294 0.338509 0.225184 0.319427 -4.52991 -1.65032 -1.2161 0.350814 0.181367 0.309844
2.95417 14.7557 9.99546 3.43951 -0.0800928 3.41016 3.07164 14.9161 10.1675 3.47472 -0.100812 3.49182
-2.18253 -3.20507 -1.46635 -0.962564 -0.285504 0.481638 -2.22758 -3.29526 -1.54166 -0.972077 -0.275631 0.498813
-3.33617 -2.39813 -2.23397 -0.714577 -0.18832 -0.023555 -3.33329 -2.33883 -2.15312 -0.699996 -0.20771 0.0189135
-0.277552 0.509933 -2.05805 -0.905665 0.863268 -1.4482 -0.190004 0.590792 -1.97059 -0.896422 0.845328 -1.443
-2.55935 -3.44725 -0.444582 -0.198289 -0.215106 -0.560507 -2.62464 -3.49147 -0.478963 -0.18657 -0.222912 -0.560401
-2.91178 -1.5839 -3.08167 -0.573933 -0.0433024 0.0273249 -2.92769 -1.61672 -3.14052 -0.592687 -0.0151224 0.0389459
-0.817628 -1.09638 -0.873407 -0.26115 0.233623 -0.0919185 -0.854996 -1.13019 -0.948712 -0.285092 0.234011 -0.0871896
-0.52539 -1.94238 1.35145 0.329048 0.0144283 -0.380697 -0.590627 -1.94177 1.30498 0.314565 0.000858168 -0.347047
-3.08694 -0.485953 -1.72922 0.221098 -0.48102 -0.313676 -3.12664 -0.530424 -1.7634 0.206322 -0.454634 -0.323306
-0.623517 0.441589 -1.19539 -0.492107 0.29031 -0.780793 -0.612467 0.444795 -1.20971 -0.526298 0.304569 -0.790693
1.73635 -2.44455 -0.0980296 0.275242 0.431585 -0.33958 1.80067 -2.40832 -0.0424316 0.223573 0.442961 -0.309568
2.4894 0.745105 1.32962 -0.350544 0.318243 -0.119467 2.51486 0.770752 1.29859 -0.360763 0.275002 -0.0862487
-1.01497 -4.353 -3.60503 -0.468383 0.395112 -0.0922592 -1.05139 -4.37439 -3.58599 -0.472409 0.394145 -0.139204
-10.7171 -14.0991 -11.2975 2.59585 2.87094 0.810435 -10.7711 -14.1906 -11.3395 2.61028 2.87403 0.778623
0.993622 0.123753 -1.26299 -0.612985 0.236344 0.566618 1.01215 0.141974 -1.24353 -0.582724 0.245561 0.589228
-0.268381 -2.23344 -1.96758 -1.01094 0.00934654 -0.352577 -0.27153 -2.21688 -2.00795 -1.05975 0.0346263 -0.350825
-1.60796 -1.32561 -1.57439 -0.307821 -0.303454 0.537041 -1.62633 -1.36271 -1.66957 -0.321719 -0.363406 0.556578
-0.121497 -0.469448 -2.04506 -0.550044 -0.100173 -0.0191501 -0.145887 -0.447634 -2.10562 -0.518241 -0.127323 -0.0263764
15.4974 4.10408 14.7122 0.0661305 4.5631 3.30129 15.8 4.30547 15.0455 0.0484353 4.61397 3.43462
-14.6789 -11.8191 -8.43683 -3.36713 2.62186 1.9661 -14.8142 -11.9764 -8.44577 -3.36452 2.60926 1.99371
-1.90682 1.16162 0.138882 0.504383 0.161013 0.139663 -1.93514 1.18004 0.0976116 0.492413 0.141344 0.155066
0.105524 -1.45573 -0.492336 0.180443 -0.137962 -0.360829 0.15357 -1.40924 -0.494442 0.144921 -0.143781 -0.362076
-1.44492 -0.694177 -4.45426 -0.122468 0.161442 -0.230477 -1.3838 -0.64791 -4.47411 -0.137994 0.18316 -0.263065
-1.65331 -2.50803 -0.627472 0.298681 0.0118963 -0.0873044 -1.61587 -2.58758 -0.62568 0.28003 0.00285774 -0.113069
0.643895 1.48122 2.69773 0.458691 0.601436 0.966567 0.617988 1.53116 2.75977 0.434362 0.639328 1.00877
-13.4934 -11.9015 -13.7441 -3.33705 0.935143 1.78909 -13.5255 -11.9572 -13.7533 -3.33273 0.922565 1.80704
-2.80382 -0.811321 -1.30788 0.435309 0.30357 -0.610605 -2.80009 -0.716666 -1.29133 0.459326 0.317592 -0.626391
-1.45952 -0.988055 -1.72178 -1.10084 -0.0107725 -0.362034 -1.34787 -0.959491 -1.67001 -1.08918 0.00727668 -0.364668
-13.4945 -14.584 -12.5407 0.691217 -0.767438 -2.10333 -13.5515 -14.6372 -12.5146 0.683091 -0.775507 -2.09592
-2.59311 -1.33973 -1.127 0.506844 0.152518 0.17972 -2.5597 -1.31904 -1.08639 0.479517 0.126797 0.251352
-4.02667 -3.4545 -1.05577 0.479677 -0.0622876 0.437773 -3.98434 -3.41132 -1.00258 0.481535 -0.0785898 0.463049
1.51245 1.08855 1.36351 0.383508 -0.39379 -0.55526 1.47198 1.08474 1.31791 0.369104 -0.446523 -0.519546
2.21279 1.94021 1.94007 0.0393139 -0.0450931 -0.288694 2.20053 1.88485 1.98509 0.076275 -0.00581198 -0.289803
-0.446803 -1.33178 0.423084 0.527227 0.710502 0.274533 -0.460341 -1.29737 0.405912 0.515752 0.703031 0.247733
-2.26496 -1.68076 0.287264 0.0703603 0.53239 0.0780096 -2.1002 -1.58035 0.412647 0.0672391 0.530643 0.111411
-1.42694 -0.945544 -1.65625 0.204501 -0.661939 -0.289832 -1.42618 -0.902909 -1.73469 0.178024 -0.653078 -0.259804
-3.05223 -4.2871 -3.70577 0.365705 0.485228 0.0587651 -3.1014 -4.32359 -3.68979 0.34656 0.494434 0.0719769
-3.34757 -2.91497 -3.24607 0.309565 -0.859638 -0.409639 -3.36212 -2.85782 -3.26562 0.27802 -0.870039 -0.401138
-1.79463 -2.84435 0.962183 -0.0225779 -0.28055 -0.698232 -1.82786 -2.83462 0.987129 0.022845 -0.255122 -0.680246
-2.03532 -0.872969 -2.45125 0.005595 -0.0750475 0.645913 -2.00541 -0.81373 -2.42008 0.00598868 -0.0663289 0.672548
-2.46633 -1.11476 -1.22694 -0.0226846 -0.475101 0.29936 -2.39074 -1.01297 -1.08785 -0.0517207 -0.480727 0.291801
0.0926882 0.592707 1.24222 0.384517 -0.123466 0.346523 0.0380459 0.452434 1.18442 0.395743 -0.144506 0.345397
-2.18006 -1.47431 -2.52534 0.0212303 0.571095 -0.41412 -2.25651 -1.52037 -2.54455 0.0956482 0.589087 -0.443052
2.59207 -1.22967 0.23605 0.134335 -0.338713 0.385498 2.589 -1.2028 0.278863 0.138473 -0.345878 0.426213
-2.13503 -0.791625 -0.107681 -0.528065 0.10461 0.789856 -2.07618 -0.761043 -0.0709178 -0.525833 0.160525 0.768303
-1.60189 -2.10663 -2.92116 0.156946 -0.0260633 0.100785 -1.59557 -2.05221 -2.83757 0.140367 -0.0165113 0.0648005
1.91298 0.587457 1.42605 0.815941 -0.294778 0.0775146 1.99728 0.641909 1.46319 0.895729 -0.31713 0.0479178
-1.94677 -0.703502 -0.851306 0.790121 -0.39891 -0.375615 -1.92777 -0.690582 -0.778616 0.783239 -0.435854 -0.385722
0.438727 1.32359 0.42404 -0.709168 -0.609665 -0.764845 0.506298 1.41141 0.419024 -0.689604 -0.628632 -0.799628
-1.25116 -0.935672 -2.24519 0.0256242 -0.414147 0.0878257 -1.23193 -1.01313 -2.27821 0.021438 -0.403141 0.0892315
-2.64018 -0.658293 -0.485998 -0.268432 -0.324118 -0.241226 -2.61426 -0.601856 -0.544787 -0.277165 -0.366012 -0.280758
-2.87048 -2.31485 -1.73588 0.198971 0.163247 -0.0670056 -2.96013 -2.35479 -1.80627 0.221878 0.170508 -0.0470868
-2.93308 -3.94448 -3.66953 0.260075 0.216266 -0.61482 -2.94274 -3.96527 -3.73065 0.274546 0.229203 -0.584404
-1.1676 -2.34861 -1.02137 0.0597016 0.0189698 0.618197 -1.23113 -2.36007 -1.04581 0.0519055 0.0258849 0.624391
0.41061 -1.83343 -1.65069 -0.618216 0.341233 -0.544885 0.326762 -1.90098 -1.72042 -0.620538 0.390615 -0.514648
-3.78393 -4.01946 -1.34582 0.529069 -0.0834975 -0.951036 -3.71832 -4.0289 -1.29084 0.540712 -0.145009 -0.991832
0.11132 -3.73007 -0.0541372 0.359441 -0.442473 0.0188518 0.0475748 -3.73707 0.00570899 0.349134 -0.444575 0.0681963
0.723501 0.223749 -1.21162 -0.0195662 0.0482794 0.370071 0.776209 0.220462 -1.19401 -0.0715699 0.0581399 0.361845
-0.0551776 0.921008 -0.3837 -0.342899 -0.0407339 0.446216 0.0473029 0.94475 -0.320572 -0.32784 -0.0513323 0.420522
-1.53624 -1.79595 -1.81839 0.134405 0.503058 -0.0754794 -1.59341 -1.8149 -1.81277 0.193367 0.4751 -0.0833907
2.36845 0.74454 1.38689 0.00172456 0.524923 -0.30675 2.48884 0.788383 1.46453 0.0109386 0.480801 -0.29076
-1.30692 -2.38251 -3.86307 -0.333089 -0.467639 -0.624588 -1.2659 -2.3318 -3.78271 -0.311358 -0.505378 -0.625555
-2.30256 -0.978212 -2.60689 0.102776 0.0804022 -0.0864391 -2.37108 -1.03842 -2.67541 0.0957931 0.0654631 -0.0925097
-1.37718 -2.19615 -0.0475562 -0.714094 0.52245 0.314327 -1.42951 -2.2596 -0.0419068 -0.729399 0.469778 0.27523
-3.51649 -1.5462 -2.47871 0.212138 -0.148276 -0.453021 -3.5796 -1.48726 -2.47261 0.231761 -0.191838 -0.454126
-0.94966 -0.735007 1.24103 0.15196 0.324927 0.741995 -0.835057 -0.543213 1.31154 0.2027 0.313316 0.781504
1.56849 -0.733276 0.536932 -0.719806 0.149073 -0.157844 1.61406 -0.702067 0.599343 -0.738436 0.134909 -0.159159
-2.39697 -1.18059 0.963991 0.062569 0.43109 -0.0525861 -2.46769 -1.27328 0.902065 0.0495966 0.399855 -0.0692214
-0.855138 -1.13813 -0.154062 0.375472 0.459763 0.118749 -0.865453 -1.14384 -0.155762 0.363668 0.425085 0.127011
-1.84924 1.56108 -1.53277 -0.462848 0.549304 0.288255 -1.87055 1.55867 -1.51343 -0.479738 0.594811 0.30616
-2.43205 -3.07646 -2.52889 0.232306 -0.110347 0.757587 -2.43855 -3.11707 -2.60835 0.271189 -0.110527 0.746862
-2.84077 -3.3516 -4.3198 0.127717 0.485992 0.0815746 -2.86241 -3.34591 -4.35059 0.119983 0.493096 0.116048
-1.9237 -4.55606 -0.987758 -0.00615504 0.394281 -0.0589201 -1.78465 -4.55926 -0.92515 0.014359 0.35739 -0.0869759
-2.0807 0.206463 -3.1989 -0.058218 -0.104318 -0.532171 -2.17482 0.256839 -3.24175 -0.0574161 -0.15218 -0.580946
