-7.44342 -7.44339
-7.43561 -7.43565
-7.42615 -7.42632
-7.41843 -7.41834
-7.41144 -7.4115
-7.40778 -7.40767
-7.40289 -7.40277
-7.39923 -7.3992
-7.39396 -7.39412
-7.39047 -7.39056
-7.3869 -7.38713
-7.38317 -7.38305
-7.38112 -7.38124
-7.38033 -7.38055
-7.37832 -7.37818
-7.37395 -7.37386
-7.3718 -7.37189
-7.37065 -7.37072
-7.36801 -7.36808
-7.36542 -7.36519
-7.36337 -7.3631
-7.36206 -7.36196
-7.35942 -7.35943
-7.35901 -7.35876
-7.35783 -7.35806
-7.35553 -7.35555
-7.35407 -7.35415
-7.35277 -7.35282
-7.3525 -7.3525
-7.34976 -7.35008
-7.3488 -7.34906
-7.34764 -7.34762
-7.34659 -7.34665
-7.34559 -7.34584
-7.3447 -7.34494
-7.34442 -7.34434
-7.34315 -7.34324
-7.34261 -7.34247
-7.34239 -7.3423
-7.34126 -7.34113
-7.34045 -7.34051
-7.33882 -7.33861
-7.338 -7.33821
-7.337 -7.33728
-7.33691 -7.33675
-7.33622 -7.33623
-7.33577 -7.33587
-7.33469 -7.33496
-7.33379 -7.33394
-7.33329 -7.33319
-7.33286 -7.33263
-7.3322 -7.33225
-7.33161 -7.33157
-7.3302 -7.33026
-7.32989 -7.32997
-7.32901 -7.32908
-7.32857 -7.32886
-7.32768 -7.32813
-7.32783 -7.32784
-7.32708 -7.32747
-7.32591 -7.32607
-7.32539 -7.32536
-7.32459 -7.32462
-7.32399 -7.32414
-7.32309 -7.32326
-7.32258 -7.32271
-7.32217 -7.32231
-7.32152 -7.32155
-7.3205 -7.32078
-7.31965 -7.32018
-7.31973 -7.31971
-7.31931 -7.31935
-7.31883 -7.31922
-7.3185 -7.31871
-7.318 -7.31848
-7.31747 -7.31768
-7.31726 -7.31745
-7.31643 -7.31616
-7.31624 -7.31595
-7.31498 -7.31528
-7.31433 -7.31439
-7.31417 -7.31409
-7.3137 -7.31367
-7.3133 -7.31301
-7.31232 -7.3123
-7.3118 -7.31217
-7.31127 -7.31147
-7.31032 -7.31028
-7.30929 -7.30934
-7.30889 -7.30875
-7.30799 -7.308
-7.30785 -7.30783
-7.30671 -7.30696
-7.30712 -7.30627
-7.30577 -7.30578
-7.30511 -7.3053
-7.30482 -7.30477
-7.30431 -7.30426
-7.30392 -7.30378
-7.3029 -7.30287
-7.30251 -7.30218
-7.30188 -7.30187
-7.30208 -7.30147
-7.30085 -7.30101
-7.30013 -7.30031
-7.29966 -7.29966
-7.29918 -7.29909
-7.29797 -7.29822
-7.29794 -7.29766
-7.29766 -7.29727
-7.29717 -7.2969
-7.29635 -7.29637
-7.2956 -7.29543
-7.29521 -7.29479
-7.29427 -7.29453
-7.29407 -7.29388
-7.29368 -7.29336
-7.29276 -7.29273
-7.29204 -7.29238
-7.29223 -7.29194
-7.29178 -7.29161
-7.29183 -7.29132
-7.29096 -7.29087
-7.29022 -7.2906
-7.29065 -7.29018
-7.28996 -7.28941
-7.28857 -7.28861
-7.28793 -7.28804
-7.28735 -7.28754
-7.28744 -7.28702
-7.28676 -7.28646
-7.28596 -7.28569
-7.28571 -7.28513
-7.28438 -7.28456
-7.28404 -7.2841
-7.28371 -7.28376
-7.28238 -7.28292
-7.28196 -7.28223
-7.28203 -7.28175
-7.28157 -7.2815
-7.28122 -7.28107
-7.28046 -7.28051
-7.2791 -7.27945
-7.2782 -7.27886
-7.27904 -7.27843
-7.27765 -7.2778
-7.27657 -7.27656
-7.27577 -7.27615
-7.27547 -7.27551
-7.27484 -7.27511
-7.27473 -7.27455
-7.27331 -7.27331
-7.27298 -7.27259
-7.27128 -7.27141
-7.27081 -7.27073
-7.2706 -7.27007
-7.26874 -7.26868
-7.26674 -7.26681
-7.26408 -7.26366
-7.25959 -7.25933
-7.25083 -7.25052
-7.43932 -7.4393
-7.43285 -7.43269
-7.42532 -7.42491
-7.41694 -7.41685
-7.41145 -7.41145
-7.4059 -7.40592
-7.40266 -7.40246
-7.39878 -7.39889
-7.39363 -7.39345
-7.39007 -7.38998
-7.38608 -7.38589
-7.38315 -7.38277
-7.3811 -7.38118
-7.38038 -7.38044
-7.37794 -7.37784
-7.3733 -7.3735
-7.3716 -7.37181
-7.36899 -7.36921
-7.36707 -7.36698
-7.36513 -7.36497
-7.36283 -7.36277
-7.36172 -7.36161
-7.35934 -7.35936
-7.35808 -7.35856
-7.35748 -7.35746
-7.35544 -7.35545
-7.35399 -7.35408
-7.35248 -7.35275
-7.35221 -7.35217
-7.34929 -7.34965
-7.3482 -7.34821
-7.34766 -7.34748
-7.34656 -7.34657
-7.3458 -7.34574
-7.34501 -7.34493
-7.34386 -7.34423
-7.34285 -7.34304
-7.34264 -7.34242
-7.34206 -7.34227
-7.34116 -7.34097
-7.34036 -7.34022
-7.33799 -7.33846
-7.33808 -7.33819
-7.33689 -7.33716
-7.33667 -7.33651
-7.33621 -7.33612
-7.33578 -7.33585
-7.33455 -7.33473
-7.33369 -7.33376
-7.33294 -7.33316
-7.33247 -7.33262
-7.33209 -7.33217
-7.33115 -7.33112
-7.33039 -7.33021
-7.32975 -7.3298
-7.32913 -7.32907
-7.32843 -7.32874
-7.3282 -7.32813
-7.32797 -7.32777
-7.32726 -7.32719
-7.32595 -7.32589
-7.32483 -7.32532
-7.3247 -7.32452
-7.32411 -7.32411
-7.32273 -7.32325
-7.32242 -7.32271
-7.32265 -7.32216
-7.32135 -7.32147
-7.32092 -7.32047
-7.31977 -7.32001
-7.31983 -7.31962
-7.31903 -7.31934
-7.31913 -7.31918
-7.31882 -7.31865
-7.3183 -7.31847
-7.31786 -7.31768
-7.31684 -7.31661
-7.31611 -7.3161
-7.31545 -7.3158
-7.31483 -7.31497
-7.3139 -7.3143
-7.31378 -7.31399
-7.31354 -7.31353
-7.31298 -7.3128
-7.31214 -7.31229
-7.31207 -7.31209
-7.31096 -7.31081
-7.30975 -7.31013
-7.30984 -7.30934
-7.30862 -7.30873
-7.30798 -7.30798
-7.30772 -7.30769
-7.30682 -7.30688
-7.30564 -7.30613
-7.30602 -7.30577
-7.30507 -7.30528
-7.30403 -7.30469
-7.30434 -7.3042
-7.30323 -7.30352
-7.30309 -7.30282
-7.30183 -7.30199
-7.30153 -7.30183
-7.30148 -7.30138
-7.30048 -7.30095
-7.30024 -7.30031
-7.29938 -7.29953
-7.29868 -7.29898
-7.29811 -7.29808
-7.29732 -7.29763
-7.29752 -7.29723
-7.29687 -7.29689
-7.29673 -7.29629
-7.29565 -7.29538
-7.29479 -7.29471
-7.29453 -7.29441
-7.2943 -7.29382
-7.29325 -7.2933
-7.29321 -7.29271
-7.2918 -7.29223
-7.29183 -7.2919
-7.29166 -7.29153
-7.29104 -7.29128
-7.29088 -7.29074
-7.28988 -7.29045
-7.29015 -7.28992
-7.28916 -7.28915
-7.28935 -7.28856
-7.28772 -7.28788
-7.28705 -7.2874
-7.28657 -7.28697
-7.28692 -7.28621
-7.28597 -7.28553
-7.28515 -7.28496
-7.28443 -7.28455
-7.28417 -7.28397
-7.2841 -7.28375
-7.28299 -7.28279
-7.28276 -7.28203
-7.28185 -7.28172
-7.28135 -7.28149
-7.28067 -7.28097
-7.27962 -7.28032
-7.2793 -7.27943
-7.27898 -7.27879
-7.27816 -7.2781
-7.27793 -7.27765
-7.2763 -7.27656
-7.27555 -7.27598
-7.27546 -7.27548
-7.27472 -7.27488
-7.27405 -7.27439
-7.27279 -7.27306
-7.27244 -7.27219
-7.27153 -7.2714
-7.27017 -7.27049
-7.26986 -7.26998
-7.26815 -7.26784
-7.26657 -7.26676
-7.26361 -7.26357
-7.25896 -7.25863
-7.2457 -7.24433
-7.43797 -7.43806
-7.43026 -7.43034
-7.4246 -7.42441
-7.41679 -7.41677
-7.41141 -7.41117
-7.40431 -7.40428
-7.40245 -7.40239
-7.39765 -7.39789
-7.39303 -7.3932
-7.38975 -7.38989
-7.38556 -7.38514
-7.38232 -7.38242
-7.38094 -7.38101
-7.38009 -7.38003
-7.37747 -7.37748
-7.37325 -7.37324
-7.37184 -7.37163
-7.36863 -7.36853
-7.36663 -7.36652
-7.36466 -7.36442
-7.36259 -7.3627
-7.36062 -7.36088
-7.35866 -7.35913
-7.35844 -7.35849
-7.35658 -7.35666
-7.35488 -7.35491
-7.35359 -7.35389
-7.35275 -7.3527
-7.35174 -7.3515
-7.34934 -7.3493
-7.34805 -7.3482
-7.34678 -7.34719
-7.34637 -7.34632
-7.34569 -7.34562
-7.34488 -7.34473
-7.34408 -7.34418
-7.343 -7.34279
-7.34251 -7.34241
-7.3426 -7.3422
-7.34102 -7.34082
-7.33947 -7.33987
-7.33847 -7.33843
-7.33784 -7.33813
-7.33673 -7.33699
-7.33673 -7.33641
-7.33555 -7.3361
-7.33538 -7.33568
-7.33469 -7.33464
-7.33376 -7.33372
-7.33256 -7.33278
-7.3326 -7.33251
-7.33166 -7.33208
-7.33086 -7.33034
-7.33033 -7.33016
-7.3288 -7.32955
-7.32905 -7.32903
-7.3287 -7.32869
-7.32807 -7.32804
-7.32765 -7.32777
-7.32683 -7.32693
-7.32578 -7.32586
-7.32486 -7.32516
-7.32446 -7.3245
-7.32397 -7.32406
-7.32315 -7.323
-7.32254 -7.32261
-7.32146 -7.32178
-7.32168 -7.32124
-7.32019 -7.32022
-7.32028 -7.31999
-7.31936 -7.31954
-7.31917 -7.31927
-7.31916 -7.31916
-7.31886 -7.31865
-7.31811 -7.31786
-7.31723 -7.31762
-7.3164 -7.31652
-7.3161 -7.31608
-7.316 -7.3157
-7.31457 -7.31489
-7.31437 -7.31427
-7.31422 -7.31398
-7.31343 -7.31352
-7.31245 -7.31274
-7.31222 -7.31228
-7.31186 -7.31205
-7.31063 -7.31078
-7.31003 -7.30992
-7.30937 -7.30921
-7.30882 -7.30857
-7.30822 -7.30793
-7.30756 -7.30761
-7.30633 -7.30678
-7.30558 -7.3061
-7.30533 -7.30554
-7.30524 -7.30523
-7.30421 -7.30455
-7.30352 -7.304
-7.30356 -7.30345
-7.3024 -7.3028
-7.30211 -7.30197
-7.30193 -7.30172
-7.30153 -7.30129
-7.30062 -7.30087
-7.29984 -7.30005
-7.29908 -7.29942
-7.29923 -7.2989
-7.29737 -7.29797
-7.29746 -7.29754
-7.2976 -7.29709
-7.29679 -7.29678
-7.29615 -7.29603
-7.29514 -7.29529
-7.29516 -7.2947
-7.29419 -7.29407
-7.29346 -7.29371
-7.29304 -7.29315
-7.2925 -7.29266
-7.29199 -7.29198
-7.29157 -7.29177
-7.29182 -7.29151
-7.29165 -7.29125
-7.29081 -7.29074
-7.2903 -7.29032
-7.28963 -7.28988
-7.28878 -7.28897
-7.28855 -7.28825
-7.28749 -7.2877
-7.28709 -7.28727
-7.28689 -7.28688
-7.2863 -7.28598
-7.28511 -7.28552
-7.28476 -7.28485
-7.28438 -7.28435
-7.28437 -7.28393
-7.28369 -7.28361
-7.28173 -7.28254
-7.28193 -7.28194
-7.28184 -7.28169
-7.28114 -7.28135
-7.28055 -7.28092
-7.28032 -7.28018
-7.27953 -7.27937
-7.27828 -7.27872
-7.27827 -7.27807
-7.27762 -7.27718
-7.27653 -7.27648
-7.27588 -7.27579
-7.27548 -7.27529
-7.27436 -7.27485
-7.27439 -7.27431
-7.2728 -7.27282
-7.27237 -7.27213
-7.27045 -7.27125
-7.27073 -7.27047
-7.26922 -7.26965
-7.26769 -7.26732
-7.26695 -7.26673
-7.26332 -7.26332
-7.25671 -7.25638
-7.43809 -7.43806
-7.42984 -7.42983
-7.4216 -7.42146
-7.41383 -7.41383
-7.41078 -7.41093
-7.40405 -7.40421
-7.40195 -7.40226
-7.39576 -7.39588
-7.39357 -7.39306
-7.38773 -7.38761
-7.38477 -7.38479
-7.382 -7.38196
-7.38081 -7.38096
-7.37982 -7.37984
-7.37704 -7.37678
-7.37304 -7.37308
-7.37137 -7.37159
-7.3683 -7.36831
-7.36649 -7.36648
-7.36334 -7.36351
-7.36256 -7.36269
-7.36082 -7.36081
-7.35899 -7.35892
-7.35849 -7.35815
-7.35601 -7.35597
-7.35461 -7.35475
-7.35386 -7.35374
-7.35281 -7.35261
-7.35076 -7.35042
-7.34937 -7.34924
-7.34809 -7.34797
-7.3471 -7.34716
-7.34622 -7.34599
-7.34542 -7.34521
-7.34446 -7.34463
-7.34333 -7.34347
-7.34258 -7.34278
-7.34271 -7.34237
-7.34241 -7.34217
-7.34081 -7.34071
-7.33953 -7.33946
-7.33882 -7.3384
-7.33799 -7.33791
-7.33702 -7.3369
-7.33649 -7.33638
-7.33596 -7.33601
-7.33519 -7.3354
-7.33442 -7.33449
-7.33342 -7.33344
-7.33279 -7.33274
-7.33241 -7.3325
-7.33205 -7.33186
-7.33033 -7.33031
-7.3301 -7.33011
-7.32899 -7.32925
-7.32896 -7.32902
-7.32854 -7.3284
-7.32798 -7.32804
-7.32751 -7.3277
-7.32632 -7.3266
-7.32605 -7.32571
-7.32497 -7.32475
-7.3237 -7.32447
-7.324 -7.32401
-7.32242 -7.32279
-7.32249 -7.3226
-7.32159 -7.32169
-7.32102 -7.321
-7.32015 -7.3202
-7.31983 -7.31976
-7.31932 -7.31948
-7.31907 -7.31924
-7.31887 -7.31902
-7.31848 -7.31862
-7.31724 -7.3178
-7.31787 -7.31749
-7.31692 -7.3165
-7.31634 -7.31606
-7.31551 -7.31556
-7.31461 -7.31465
-7.31392 -7.31412
-7.31373 -7.31389
-7.31325 -7.31333
-7.31265 -7.31257
-7.31269 -7.31228
-7.31186 -7.31199
-7.31053 -7.31055
-7.30963 -7.30947
-7.30882 -7.30884
-7.30875 -7.30839
-7.30776 -7.30792
-7.30734 -7.30747
-7.30671 -7.30655
-7.30576 -7.30598
-7.30584 -7.3055
-7.30506 -7.30507
-7.3042 -7.30441
-7.30408 -7.30399
-7.30356 -7.30334
-7.30269 -7.30241
-7.30172 -7.30196
-7.30116 -7.30161
-7.30147 -7.30128
-7.3007 -7.3008
-7.29988 -7.29983
-7.29913 -7.29926
-7.299 -7.29885
-7.29788 -7.29791
-7.29775 -7.29751
-7.2969 -7.29708
-7.29642 -7.29664
-7.29587 -7.29599
-7.2953 -7.29518
-7.29521 -7.29465
-7.29352 -7.294
-7.29326 -7.29354
-7.2927 -7.29283
-7.29207 -7.29252
-7.29203 -7.29198
-7.29181 -7.29175
-7.29095 -7.29145
-7.2907 -7.29108
-7.29091 -7.29072
-7.29071 -7.29031
-7.28957 -7.28961
-7.28913 -7.2889
-7.2883 -7.28822
-7.28733 -7.28768
-7.28729 -7.28712
-7.28637 -7.2868
-7.286 -7.28597
-7.28543 -7.2855
-7.28454 -7.2848
-7.28428 -7.28429
-7.28377 -7.28383
-7.28348 -7.28343
-7.28228 -7.28243
-7.28145 -7.28192
-7.28188 -7.28167
-7.2813 -7.28124
-7.28084 -7.28084
-7.27976 -7.28007
-7.27952 -7.27913
-7.2787 -7.2787
-7.27795 -7.27805
-7.27638 -7.27678
-7.27657 -7.27646
-7.27604 -7.27576
-7.27464 -7.27528
-7.27428 -7.27461
-7.27469 -7.27389
-7.27272 -7.27269
-7.27207 -7.27165
-7.27113 -7.27087
-7.27056 -7.27044
-7.2697 -7.26952
-7.26768 -7.2673
-7.26499 -7.26501
-7.26243 -7.26263
-7.25631 -7.25633
-7.43612 -7.43618
-7.4268 -7.42692
-7.42114 -7.42121
-7.41323 -7.4132
-7.40971 -7.40967
-7.40404 -7.40383
-7.40183 -7.40139
-7.39444 -7.39432
-7.3917 -7.39174
-7.38724 -7.38728
-7.38448 -7.38431
-7.3814 -7.38155
-7.38059 -7.38077
-7.37891 -7.37918
-7.3742 -7.37402
-7.37299 -7.37288
-7.37129 -7.3714
-7.36817 -7.36825
-7.36636 -7.36642
-7.36391 -7.36348
-7.36216 -7.36233
-7.36026 -7.36029
-7.3586 -7.3588
-7.35812 -7.35814
-7.35601 -7.35595
-7.35455 -7.35446
-7.35333 -7.35316
-7.35236 -7.35257
-7.35014 -7.35032
-7.34926 -7.34911
-7.34774 -7.34768
-7.34684 -7.34673
-7.34625 -7.34599
-7.34495 -7.34509
-7.34432 -7.34444
-7.34338 -7.34346
-7.34255 -7.34271
-7.34249 -7.34233
-7.34207 -7.34202
-7.34086 -7.34063
-7.33836 -7.33879
-7.33846 -7.33836
-7.33799 -7.33782
-7.33711 -7.3369
-7.33602 -7.33631
-7.33597 -7.33598
-7.33491 -7.3352
-7.33406 -7.33427
-7.33308 -7.33326
-7.33264 -7.3327
-7.33221 -7.33243
-7.33175 -7.3318
-7.3303 -7.33027
-7.33009 -7.33008
-7.32937 -7.32912
-7.32896 -7.3289
-7.32812 -7.32819
-7.32793 -7.32786
-7.32761 -7.32761
-7.32611 -7.32621
-7.32568 -7.3254
-7.32489 -7.32471
-7.32423 -7.32442
-7.32348 -7.32382
-7.32277 -7.32279
-7.32265 -7.3225
-7.32158 -7.32159
-7.32074 -7.32092
-7.32038 -7.3202
-7.31989 -7.31976
-7.31948 -7.31941
-7.31926 -7.31922
-7.31872 -7.319
-7.31836 -7.31856
-7.31763 -7.31771
-7.31749 -7.31749
-7.31661 -7.31628
-7.31588 -7.31604
-7.31553 -7.31552
-7.31462 -7.31455
-7.31388 -7.31409
-7.31383 -7.31371
-7.31322 -7.31327
-7.31211 -7.3124
-7.31191 -7.31222
-7.31143 -7.31166
-7.31012 -7.3104
-7.30982 -7.30947
-7.30824 -7.30876
-7.30735 -7.30802
-7.30764 -7.30791
-7.30758 -7.30724
-7.30657 -7.30629
-7.30556 -7.30584
-7.30524 -7.30544
-7.30508 -7.30502
-7.30425 -7.30439
-7.30353 -7.30393
-7.30278 -7.30313
-7.30234 -7.30224
-7.30181 -7.30191
-7.30158 -7.30159
-7.30181 -7.30125
-7.30081 -7.30047
-7.2997 -7.29972
-7.29939 -7.29917
-7.29874 -7.29863
-7.29736 -7.29773
-7.29722 -7.29732
-7.297 -7.29698
-7.29697 -7.29658
-7.29608 -7.29588
-7.29529 -7.29497
-7.29476 -7.29461
-7.29385 -7.2939
-7.29341 -7.2934
-7.29286 -7.29282
-7.29226 -7.2924
-7.29216 -7.29194
-7.29183 -7.29168
-7.29137 -7.29132
-7.29131 -7.29098
-7.29106 -7.29066
-7.2901 -7.29024
-7.28924 -7.28951
-7.28864 -7.28883
-7.28809 -7.2881
-7.28761 -7.28755
-7.2871 -7.28703
-7.28632 -7.2865
-7.28502 -7.28574
-7.28527 -7.28516
-7.28429 -7.2846
-7.28353 -7.28411
-7.28376 -7.28377
-7.28375 -7.28326
-7.28288 -7.2823
-7.28205 -7.2819
-7.28172 -7.28152
-7.28117 -7.28111
-7.28075 -7.28059
-7.27985 -7.27963
-7.27872 -7.27904
-7.27865 -7.27844
-7.27799 -7.2778
-7.27671 -7.27668
-7.27618 -7.27634
-7.2759 -7.27558
-7.27469 -7.27516
-7.27457 -7.2746
-7.2734 -7.27337
-7.27301 -7.27262
-7.27185 -7.27152
-7.27111 -7.27081
-7.27012 -7.27012
-7.26952 -7.26945
-7.26732 -7.26699
-7.26485 -7.26497
-7.26155 -7.26131
-7.25374 -7.25379
