0.730915 0.364514 0.504003 -0.631438 1.47338 -1.5335 0.624232 0.280386 0.425253 -0.632123 1.48027 -1.52786
1.3634 1.20612 1.05547 2.181 -3.31878 -1.23674 1.21562 1.03663 0.892753 2.21065 -3.32427 -1.25713
0.834422 0.117849 -0.142969 2.19921 -2.8201 -1.48869 0.779253 0.0317596 -0.218208 2.20933 -2.84244 -1.48854
-1.62323 -1.0324 -1.42806 2.05788 -2.7864 -1.70103 -1.64678 -1.04775 -1.4416 2.0488 -2.78279 -1.70471
-2.79776 -2.76333 -2.36466 -0.437056 1.56753 -1.48355 -2.86152 -2.76623 -2.38903 -0.431884 1.60724 -1.47349
-1.47148 -1.55979 -1.75657 -0.683997 1.7833 -1.37449 -1.43149 -1.56566 -1.78043 -0.668065 1.79929 -1.36251
2.38883 1.53858 2.44198 -0.344886 1.12505 -1.45795 2.34857 1.48688 2.39336 -0.348099 1.13331 -1.46873
-0.408883 -0.305081 -0.516902 2.40553 -3.43688 -1.2413 -0.412446 -0.299965 -0.494956 2.38877 -3.42224 -1.20779
-0.46571 -3.09859 -1.0251 -0.700175 1.28504 -1.58757 -0.497448 -3.17286 -1.01828 -0.707373 1.29839 -1.60238
0.628215 -0.688641 -1.78114 0.921981 2.22078 2.82089 0.711341 -0.622678 -1.82546 0.941184 2.20695 2.82399
-0.0726574 -0.126811 -0.208367 0.272795 -0.745707 -1.86402 -0.14114 -0.150156 -0.217755 0.259489 -0.745321 -1.89334
0.126363 -1.5941 -0.583407 0.787421 1.84969 2.99862 0.0965033 -1.5641 -0.604351 0.790718 1.84738 2.97884
-2.09836 -2.38385 -1.4978 -0.488617 1.6306 -0.998466 -2.09507 -2.38355 -1.54151 -0.522601 1.64061 -0.977659
3.07796 2.38139 3.10635 0.607067 1.60735 2.76781 3.03068 2.43797 2.95919 0.64148 1.61136 2.72774
-2.55384 -3.21714 -2.49802 0.18399 -1.03889 -1.60811 -2.47644 -3.18931 -2.50191 0.187798 -1.06449 -1.63788
-1.41574 -1.50086 -1.15707 -0.515828 1.25356 -1.88607 -1.32818 -1.40895 -1.09907 -0.488407 1.2426 -1.90247
0.605249 0.33152 0.942149 0.563761 1.56749 2.77041 0.569575 0.406803 0.829329 0.594531 1.58488 2.75432
1.10061 2.32674 2.67204 0.371856 -0.877854 -1.77164 1.07482 2.29154 2.59396 0.348298 -0.907223 -1.76744
0.183442 -2.8412 -0.105422 0.5812 -0.890514 -2.1562 0.18519 -2.85881 -0.140835 0.542611 -0.864388 -2.15068
0.770556 1.14798 0.865587 0.495626 1.96325 3.2267 0.772552 1.18362 0.860332 0.50329 1.96087 3.18443
-2.48068 -2.10623 -2.32135 0.643308 1.76775 3.42845 -2.45768 -2.07484 -2.31709 0.633459 1.78438 3.41381
1.371 1.12161 0.035363 -0.888867 0.953007 -1.72012 1.42632 1.11665 0.119044 -0.875065 0.96126 -1.74282
-1.22418 -0.746182 -1.73223 -0.43361 1.23284 -1.53475 -1.21411 -0.732444 -1.68748 -0.492423 1.21162 -1.55285
-0.512157 -0.657836 0.915311 0.550923 -0.240225 0.0526665 -0.496319 -0.545049 1.08475 0.56623 -0.187905 0.0708918
-1.80328 -3.08592 -2.09119 0.0678332 1.07872 -1.23122 -1.84117 -3.00543 -2.08233 0.0938402 1.0877 -1.21289
-0.681806 1.31354 -0.172489 0.771728 1.7147 3.14599 -0.725857 1.33528 -0.101016 0.809278 1.72294 3.12306
-9.21974 -6.63555 -6.82679 0.737905 1.72699 2.99094 -9.27551 -6.64477 -6.77679 0.742532 1.70929 2.97931
0.206246 -0.810703 -0.0995987 0.081266 0.0833211 0.0676135 0.194262 -0.799706 -0.130396 0.0719532 0.0964266 0.0761613
-1.6249 -1.47257 -0.959881 0.317708 -0.51388 -1.41706 -1.59238 -1.50748 -0.972419 0.293193 -0.50922 -1.4419
0.609573 4.545 4.31681 0.268043 2.21678 2.85779 0.658385 4.60968 4.27493 0.285881 2.18914 2.85426
2.45295 2.2748 2.48073 0.429627 -0.460226 -1.39273 2.4915 2.21477 2.4626 0.430734 -0.42715 -1.38262
-3.07138 -3.81174 -1.83477 0.121128 -0.341348 0.433239 -3.08569 -3.81561 -1.78291 0.119671 -0.351347 0.440861
0.0616252 1.42635 0.833331 -0.615808 1.28528 -1.47527 0.0175534 1.39631 0.832241 -0.607893 1.33866 -1.47872
-4.21436 -2.99809 -2.75663 0.112971 -0.32937 -0.0762022 -4.23034 -3.08813 -2.71844 0.0948245 -0.34409 -0.0727157
-0.54903 0.408821 0.34276 0.102685 1.98185 2.77484 -0.395096 0.54385 0.345192 0.0903907 1.99101 2.734
-1.54526 -1.69214 -2.2322 0.772471 -0.659654 -1.27534 -1.46718 -1.6763 -2.14794 0.781548 -0.619961 -1.26231
-3.83735 -2.24285 -4.13601 0.980241 2.17909 3.25569 -3.84054 -2.18474 -4.10959 0.973429 2.17841 3.23636
3.72864 -2.65103 -1.05108 -2.23059 1.4593 -2.41317 3.78938 -2.61096 -1.016 -2.25609 1.42502 -2.40003
0.0959463 3.53217 -2.18765 -1.86043 -2.61315 -4.27954 0.171717 3.61873 -2.15433 -1.84372 -2.59664 -4.27544
-1.0881 -1.75983 -4.32902 0.421544 1.39316 2.73634 -1.1806 -1.78454 -4.31767 0.41386 1.40162 2.75455
-0.0408391 0.745983 -0.16088 0.713596 1.99324 3.69885 0.0789688 0.77485 -0.199845 0.697841 1.96292 3.66608
-0.286651 -1.01604 -0.863539 0.58275 1.73802 2.68714 -0.273105 -1.00571 -0.872853 0.587541 1.72642 2.718
-4.87987 -6.22018 -3.23675 -2.97835 0.198057 2.76497 -4.87643 -6.22614 -3.23173 -2.97342 0.189469 2.71202
-1.29462 -1.07103 0.973086 0.171061 1.25135 -1.01209 -1.22769 -1.20769 0.842029 0.177667 1.23168 -1.02187
1.34515 7.00683 4.12101 1.6038 3.75489 0.45592 1.4208 7.08786 4.11339 1.60342 3.76722 0.485995
0.402956 0.357676 -0.0343903 0.358468 0.00831548 -0.0549306 0.504472 0.382779 0.0590134 0.307414 -0.0164112 -0.0755528
-0.756003 -0.535464 -2.08245 1.0939 1.58958 2.90406 -0.801291 -0.471088 -2.04963 1.06848 1.52783 2.91898
-0.129206 1.00566 0.752521 0.675083 1.63878 2.73163 -0.130097 0.982278 0.757907 0.675017 1.64502 2.71647
2.62772 -8.45907 -2.01893 1.29311 -1.16252 -1.82576 2.64303 -8.43947 -2.0415 1.27807 -1.16921 -1.7982
0.178733 -1.62701 -0.806856 0.607946 0.710218 0.236784 0.153836 -1.57532 -0.804245 0.618268 0.728378 0.240326
-0.770392 -2.63144 -1.47169 0.452517 1.69554 3.17962 -0.784203 -2.63658 -1.50986 0.441609 1.6593 3.20448
2.8059 1.94632 2.72899 0.258441 0.00635762 -0.432331 2.74446 1.9379 2.62163 0.258232 -0.0135724 -0.414358
-0.381502 1.99264 -0.63343 0.116193 0.143112 -0.0336882 -0.409046 1.95841 -0.676084 0.112792 0.145181 -0.0193098
-3.56844 -1.13678 -4.31941 -0.608138 0.186606 -0.445202 -3.54976 -1.18281 -4.37181 -0.595488 0.209566 -0.474784
-0.681559 -0.677076 -1.23889 -0.730909 0.249266 0.750658 -0.635205 -0.745661 -1.27536 -0.707184 0.258566 0.747051
-10.6496 -0.317169 -4.5467 2.2142 -3.31697 -2.88485 -10.6293 -0.277725 -4.54271 2.2362 -3.30967 -2.87221
-3.23466 -2.57835 -3.87557 -0.274375 1.47131 3.10225 -3.21456 -2.58806 -3.85575 -0.262723 1.49063 3.09031
4.31581 -2.44011 6.98573 1.06926 -0.327072 4.46914 4.28345 -2.52014 6.84447 1.06658 -0.302229 4.43616
-3.15498 -4.28829 -4.01973 -0.47811 1.13712 -1.61918 -3.14338 -4.25603 -4.05968 -0.457744 1.1323 -1.59855
0.980176 0.916441 -1.43744 0.296482 0.498049 0.186518 0.926713 0.930975 -1.49941 0.276634 0.517486 0.215916
-5.13358 -7.91269 -2.73853 -0.838196 0.134055 4.48166 -5.17344 -7.97345 -2.67718 -0.838184 0.0837933 4.4906
-1.55214 -7.86963 -5.04682 3.68754 4.58753 4.97173 -1.53698 -7.90435 -5.08483 3.69676 4.58346 4.96046
-0.551509 1.07602 0.439944 0.115866 1.56193 -1.21702 -0.499696 1.10013 0.479255 0.121279 1.56926 -1.1832
-1.6766 -2.27822 -1.36354 0.0773188 1.23995 -1.43979 -1.6532 -2.30852 -1.3425 0.0543814 1.2137 -1.43732
-0.654873 8.43702 -2.36571 -1.35993 -4.25347 1.78938 -0.672079 8.49705 -2.40449 -1.34412 -4.2665 1.84019
-1.77888 -1.49802 -0.56374 0.12276 -0.326368 -0.500929 -1.92027 -1.62055 -0.712944 0.117584 -0.307302 -0.47922
-2.78018 -2.14326 -2.42336 0.455521 0.503763 -0.433477 -2.77993 -2.07837 -2.4176 0.479765 0.476701 -0.447802
0.28998 1.32002 1.80515 -0.463233 1.82814 -1.59124 0.360837 1.36986 1.80521 -0.440212 1.84807 -1.58302
0.474104 -9.75577 -8.75819 3.5841 -0.307149 4.08949 0.541753 -9.73309 -8.6851 3.58512 -0.31207 4.02933
-0.520905 -0.424354 -0.85067 -0.027395 1.29628 -1.21872 -0.513926 -0.382371 -0.815065 0.00572783 1.26868 -1.22576
-12.5276 -10.111 -8.86669 -0.257145 -1.62308 -2.5279 -12.7016 -10.2385 -8.81637 -0.258765 -1.61829 -2.52981
-3.63917 -2.16916 -2.43002 -0.64404 1.69858 -1.41232 -3.59188 -2.21825 -2.44183 -0.647916 1.69113 -1.37165
-3.10875 -2.64044 -3.13517 -0.331264 0.639141 0.39184 -3.09081 -2.64904 -3.1194 -0.309159 0.642607 0.383299
-8.78813 -3.4663 -6.31554 -0.881096 3.89809 -2.24013 -8.83188 -3.48497 -6.2922 -0.879036 3.87088 -2.24268
3.4112 5.92284 8.4538 -2.75444 -2.30444 3.49316 3.35688 5.90507 8.28272 -2.71501 -2.25274 3.43798
-2.31501 -4.39747 -2.93881 -0.492452 -0.374084 -0.235333 -2.33256 -4.41174 -2.98467 -0.535411 -0.395755 -0.222571
10.5098 1.3403 11.4577 -0.293225 -2.02136 -3.10268 10.5404 1.54321 11.5418 -0.339359 -1.99492 -3.1292
-1.87087 -1.90493 -2.75251 -0.114782 0.0862224 -0.0866819 -1.84748 -1.95096 -2.71731 -0.1103 0.0647187 -0.0740387
-0.931692 1.62812 -0.200563 0.444685 -0.441516 -0.000786537 -0.90803 1.585 -0.140757 0.430588 -0.450108 0.0586662
-11.4848 -11.3402 -13.6621 -2.38581 0.507624 2.40865 -11.5559 -11.349 -13.5278 -2.37582 0.534115 2.41567
-2.48622 -0.421413 -1.23064 0.347303 0.377839 0.364591 -2.51067 -0.428174 -1.19089 0.298844 0.383679 0.350211
-7.68236 -1.05901 5.65939 3.06277 1.2356 4.31099 -7.75859 -1.0991 5.7365 3.08275 1.2612 4.324
0.1942 -0.384161 0.498706 -0.629732 0.366788 0.914032 0.142781 -0.49893 0.454113 -0.60715 0.353352 0.923412
-13.9464 -10.6736 -8.07139 0.33131 -0.021062 -1.78189 -14.0529 -10.7503 -8.00167 0.338671 -0.0233114 -1.77315
-3.79176 -1.13364 -3.4329 0.271786 0.464863 0.271663 -3.81181 -1.15123 -3.38142 0.262464 0.469725 0.303294
0.413434 -0.619671 -0.727146 -0.142939 -0.392563 -0.109586 0.432546 -0.595293 -0.671836 -0.141053 -0.356325 -0.124599
0.403253 -0.927701 0.681226 -0.0621847 -0.172166 0.121402 0.303117 -0.947365 0.592732 -0.0456876 -0.150376 0.138951
-0.446036 -1.04919 -1.91803 -0.596247 -0.34409 0.114313 -0.356685 -0.944134 -1.82995 -0.604392 -0.349856 0.121081
-1.64469 -2.45603 -0.224529 -0.00394703 -0.152413 0.730027 -1.63698 -2.51866 -0.273458 -0.0380993 -0.171277 0.758613
-0.445234 1.17455 0.995553 -0.0782998 -0.139474 -0.948271 -0.423924 1.2202 1.00465 -0.0707902 -0.156046 -0.944809
-2.6972 -1.33607 -2.81062 -0.42086 0.273354 -0.161377 -2.68104 -1.35995 -2.80672 -0.457454 0.279456 -0.162162
-0.05743 -1.69315 -1.32186 -0.268938 -0.50945 -0.321175 -0.0375676 -1.77208 -1.34583 -0.289635 -0.505729 -0.277851
0.217466 -1.79371 -0.320203 -0.267351 -0.169074 -0.41157 0.24315 -1.828 -0.296141 -0.258735 -0.107303 -0.439398
15.7978 11.6499 5.85456 3.92952 -4.92452 1.66473 16.0204 11.8668 5.82209 3.95341 -4.97251 1.68099
1.46661 1.57409 1.51408 0.300427 -0.420083 0.295462 1.51334 1.55523 1.5278 0.358285 -0.437889 0.263928
-1.77991 -1.82681 -1.51731 -0.313459 0.0591344 -0.174733 -1.80321 -1.91014 -1.61527 -0.294964 0.0550759 -0.145053
-1.12061 -0.256691 -2.68898 0.0289682 0.476502 0.576016 -1.00249 -0.180896 -2.6444 0.0778342 0.535654 0.567881
-1.16075 -2.13549 -1.1737 -0.438778 0.370571 0.907883 -1.1637 -2.17651 -1.17893 -0.472365 0.397082 0.941996
-2.23954 -3.28634 -1.55127 -0.959887 -0.230688 0.474901 -2.22758 -3.29526 -1.54166 -0.972077 -0.275631 0.498813
-3.37494 -2.36968 -2.17045 -0.725507 -0.196204 -0.0271205 -3.33329 -2.33883 -2.15312 -0.699996 -0.20771 0.0189135
-2.73464 -2.5187 -1.71722 -0.773499 1.41517 -0.771955 -2.65083 -2.42454 -1.60522 -0.828614 1.42293 -0.768812
-2.02474 -2.57461 -0.331818 -0.246774 0.49072 -0.156336 -1.93289 -2.56089 -0.394157 -0.275864 0.495494 -0.139439
-2.5674 0.0493774 -1.91512 -0.42441 -0.227027 -0.172312 -2.57925 -0.00469312 -1.78624 -0.419846 -0.248779 -0.156838
-3.82676 -3.49073 -3.04353 0.354348 -0.436629 -0.375362 -3.81444 -3.42202 -2.96874 0.364151 -0.45686 -0.356438
-3.09944 -0.498749 -1.86167 0.236868 -0.479464 -0.321748 -3.12664 -0.530424 -1.7634 0.206322 -0.454634 -0.323306
-0.222319 -0.311434 -1.10664 -0.33609 0.360075 0.794446 -0.13498 -0.268047 -1.07732 -0.366527 0.385748 0.817046
1.56372 3.30028 3.56489 0.388808 -0.097706 -0.483694 1.60348 3.24035 3.53638 0.428392 -0.113907 -0.500324
-2.64862 -2.23816 -2.14209 0.893989 -0.575207 -0.138322 -2.58231 -2.18897 -2.10518 0.893382 -0.627592 -0.115456
-0.930939 -1.98202 -2.99999 0.0676144 0.445316 0.463785 -0.890175 -1.93707 -2.99468 0.0698089 0.462711 0.508148
0.196529 -0.728935 0.361697 0.207347 -0.656926 -0.537454 0.137618 -0.716449 0.30563 0.177278 -0.611516 -0.547473
-1.57751 -3.16985 -2.07263 -0.475959 0.56579 -0.0259139 -1.65523 -3.19678 -2.16571 -0.455194 0.57439 -0.00844891
-3.04991 -1.59074 -2.33733 0.125161 0.406688 -0.496942 -3.0326 -1.59258 -2.3582 0.143796 0.411142 -0.544168
-0.107365 -0.470375 -2.01812 -0.534596 -0.152831 -0.0478985 -0.145887 -0.447634 -2.10562 -0.518241 -0.127323 -0.0263764
-0.0818927 0.684977 -0.806491 -0.498088 0.0813462 -0.212844 -0.132661 0.638366 -0.864952 -0.484467 0.105862 -0.22161
2.50243 -1.21234 0.363335 -0.649339 -0.122303 0.564333 2.45912 -1.24382 0.318413 -0.716097 -0.0900072 0.561665
0.184272 -0.00754185 1.20159 -0.796557 0.00550327 -0.216899 0.142961 0.00751033 1.11902 -0.785427 0.0426509 -0.240745
-1.28662 -0.770419 -4.39109 -0.121558 0.189776 -0.269993 -1.3838 -0.64791 -4.47411 -0.137994 0.18316 -0.263065
1.56435 2.33589 -0.555112 -0.0647963 1.07833 0.120269 1.46913 2.30812 -0.595344 -0.10937 1.12815 0.145285
0.263202 2.91261 1.55178 -0.354084 0.354777 0.397482 0.195317 2.93749 1.43738 -0.358806 0.353508 0.415978
-2.60648 -2.61674 -2.9954 0.176564 -0.581932 -0.255542 -2.61211 -2.63256 -2.97499 0.186618 -0.624577 -0.260285
-1.44666 -0.993529 -1.73355 -1.07122 0.0164826 -0.368183 -1.34787 -0.959491 -1.67001 -1.08918 0.00727668 -0.364668
1.61476 0.522381 2.8015 -0.790579 -0.282352 -0.600384 1.64149 0.53475 2.80759 -0.802231 -0.314414 -0.616172
-0.150043 0.526552 -1.85305 0.10748 0.205159 -0.489121 -0.125039 0.471042 -1.88246 0.0847694 0.215827 -0.484975
-2.39727 -2.71256 -2.53467 -0.386265 -0.210446 -0.121225 -2.38723 -2.65824 -2.44142 -0.40359 -0.224364 -0.147903
-1.6549 -2.36463 -3.56099 0.311023 -0.122897 0.0390927 -1.68864 -2.43759 -3.63989 0.348548 -0.173481 0.0612078
-0.487552 -1.26309 0.405776 0.492424 0.733112 0.252953 -0.460341 -1.29737 0.405912 0.515752 0.703031 0.247733
-0.822007 -0.294934 -0.538983 0.214365 0.287305 0.33926 -0.837674 -0.43434 -0.557948 0.214872 0.291821 0.393026
-0.33313 -2.30703 1.61602 -0.792126 0.250628 0.0138728 -0.459927 -2.28504 1.54443 -0.822185 0.247248 -0.0139161
-0.833448 -0.00542491 -1.00176 -0.245432 0.444912 -0.0204205 -0.795786 -0.0725087 -1.01611 -0.324007 0.440904 0.00455703
-0.435812 1.10302 -0.596451 0.142741 -0.147052 0.232199 -0.46437 1.16806 -0.646065 0.200529 -0.183677 0.239747
-2.00121 -0.802276 -2.41794 0.00817665 -0.0859647 0.668178 -2.00541 -0.81373 -2.42008 0.00598868 -0.0663289 0.672548
-4.46233 -4.17015 -3.2914 -0.336992 -0.340552 -0.367026 -4.54322 -4.1326 -3.33422 -0.365168 -0.352361 -0.38762
-5.04447 -1.90663 -3.88215 0.0411521 0.358063 -0.601495 -5.04938 -1.93576 -3.82137 -0.0170543 0.349886 -0.615533
-2.12264 -1.5035 -2.44456 0.0391139 0.589348 -0.397317 -2.25651 -1.52037 -2.54455 0.0956482 0.589087 -0.443052
-2.49689 -0.778977 -1.51443 0.0199325 0.842642 -0.556043 -2.5157 -0.775125 -1.55221 0.0220326 0.866262 -0.562717
0.264305 -0.205639 -2.94724 0.0349643 -0.0799622 0.173933 0.319447 -0.31483 -2.96314 -0.00259793 -0.0925097 0.172696
-1.25023 -1.58855 -2.65729 0.204984 -0.235129 0.162898 -1.21427 -1.57268 -2.62852 0.198686 -0.195197 0.136822
-1.85943 -0.532911 -0.667951 0.77581 -0.45273 -0.402249 -1.92777 -0.690582 -0.778616 0.783239 -0.435854 -0.385722
1.95623 1.83175 0.972411 -0.28653 0.167739 -0.0254911 1.91545 1.82015 1.04368 -0.263846 0.253768 0.00692974
-0.618543 -0.745322 0.0660402 0.56039 -0.646428 -0.829602 -0.830586 -0.767352 0.130136 0.572918 -0.644364 -0.86516
-2.10782 -2.13145 -0.652146 -0.341116 -0.224885 -0.818705 -2.13779 -2.21576 -0.668642 -0.327096 -0.156653 -0.820732
-2.88266 -3.89354 -3.57701 0.281071 0.21445 -0.547266 -2.94274 -3.96527 -3.73065 0.274546 0.229203 -0.584404
-2.3563 -3.47072 -1.81789 0.0291509 -0.242534 -0.168331 -2.4728 -3.50419 -1.9844 0.0870063 -0.225404 -0.167068
0.704024 -0.173621 -0.088356 -0.663676 0.301333 0.108238 0.773783 -0.181258 -0.109845 -0.682135 0.283516 0.122429
-5.29983 -3.03905 -1.9912 -0.0848803 -0.0909024 -0.470136 -5.3504 -3.04248 -1.95167 -0.101573 -0.0830067 -0.46489
2.42608 0.00726012 -2.17059 0.0528281 -0.00220908 -0.601173 2.41781 -0.0742508 -2.22786 0.0728197 0.0257625 -0.615063
0.0558269 0.934571 -0.315072 -0.365745 -0.0556947 0.451375 0.0473029 0.94475 -0.320572 -0.32784 -0.0513323 0.420522
-1.66743 -1.86028 -1.93403 0.170592 0.505225 -0.129735 -1.59341 -1.8149 -1.81277 0.193367 0.4751 -0.0833907
1.06065 -0.916986 2.22468 -0.852077 -0.623804 -0.206829 1.00004 -0.978086 2.07041 -0.867974 -0.626106 -0.222367
0.977326 0.251233 -1.65672 0.284657 -0.694861 -0.47551 0.887084 0.192823 -1.74453 0.298778 -0.676651 -0.467076
-2.32341 -3.0752 -4.24714 -0.255751 -0.410876 0.401257 -2.35456 -3.06614 -4.14584 -0.226656 -0.416213 0.400552
-3.58336 -1.62094 -2.52719 0.244888 -0.136634 -0.418006 -3.5796 -1.48726 -2.47261 0.231761 -0.191838 -0.454126
-0.271543 0.866345 0.870384 -0.127001 0.442541 -0.801835 -0.220086 0.932101 0.92464 -0.155429 0.409943 -0.763748
1.63073 -0.62043 0.640097 -0.706737 0.124319 -0.128439 1.61406 -0.702067 0.599343 -0.738436 0.134909 -0.159159
-2.4354 -1.17142 0.948421 0.0554063 0.434993 -0.11475 -2.46769 -1.27328 0.902065 0.0495966 0.399855 -0.0692214
-2.07337 -2.37584 -0.111894 -0.0959006 0.128681 -0.191505 -2.18044 -2.39076 -0.254267 -0.107897 0.128047 -0.202687
-3.61532 -1.69365 -1.41356 0.28658 -0.212086 0.35796 -3.54245 -1.73013 -1.46675 0.273785 -0.234456 0.367443
-3.0002 -2.07116 -2.61335 0.164443 -0.286254 -0.588593 -2.99604 -2.07915 -2.61665 0.150614 -0.278384 -0.599998
-2.77493 0.347706 -0.953481 0.389809 -0.251382 0.192844 -2.74253 0.321461 -0.977751 0.415781 -0.241155 0.208311
-3.21338 -1.97444 -2.64676 0.207888 0.186345 0.105607 -3.16024 -1.92894 -2.59858 0.190313 0.230736 0.11384
-1.11443 -0.994612 -0.723112 0.107429 0.457018 -0.47891 -1.25154 -1.00281 -0.748054 0.0652188 0.482992 -0.433898
-0.967471 -1.69094 -0.687783 -0.576111 1.34183 -1.48391 -1.0318 -1.67655 -0.684301 -0.578604 1.36091 -1.44977
-0.873982 -2.15428 -1.80659 2.07137 -3.06477 -1.39785 -0.948971 -2.23515 -1.87702 2.07663 -3.0785 -1.40286
-0.946317 -0.894958 -1.18218 -0.893632 1.5116 -1.51919 -0.914782 -0.974768 -1.26469 -0.889023 1.54168 -1.49233
-0.938003 -0.793949 -0.14465 2.50457 -3.21083 -1.1984 -0.943294 -0.902673 -0.134046 2.51357 -3.18329 -1.22448
-2.90416 -1.92177 -2.14053 2.34714 -3.05686 -0.767182 -2.82948 -1.96104 -2.17518 2.32618 -3.01523 -0.762949
0.824504 0.0625729 -0.0899434 1.97574 -3.42949 -1.15567 0.820251 -0.00150776 -0.135605 1.95128 -3.43746 -1.15061
-0.784279 -1.61959 -1.58754 2.5512 -3.21967 -1.47959 -0.792725 -1.68216 -1.61611 2.52748 -3.18356 -1.4784
0.166932 0.00899383 0.88433 1.96249 -3.07053 -1.25785 0.136936 -0.0794464 0.879817 1.97774 -3.03159 -1.26153
0.561077 1.09393 -0.23121 0.448072 -0.611958 -1.95069 0.541545 1.11592 -0.329195 0.440834 -0.604576 -1.9725
-2.78785 -3.30086 -2.73711 -0.441467 1.17504 -1.59503 -2.74642 -3.19335 -2.72526 -0.451729 1.15403 -1.61665
-5.49637 -5.81606 -5.451 -0.229459 1.43728 -1.47378 -5.40908 -5.75467 -5.28227 -0.251051 1.43295 -1.46493
-5.24078 -4.63511 -5.27277 -0.355659 1.36792 -1.42906 -5.15661 -4.59009 -5.12626 -0.36186 1.33765 -1.43358
0.702236 0.654919 0.536908 -0.653508 1.75844 -1.31083 0.676292 0.678712 0.478313 -0.655832 1.74385 -1.29408
-2.56973 -1.79268 -1.82834 0.969537 1.64657 3.22854 -2.56127 -1.78719 -1.85206 0.943147 1.69442 3.21228
-0.992277 -1.4756 -0.178773 -1.15396 0.581969 -1.3928 -1.03846 -1.44313 -0.170101 -1.13281 0.583028 -1.36888
0.126368 -0.29006 -0.447157 2.5377 -3.22361 -1.30928 0.0265994 -0.376685 -0.502555 2.52712 -3.20843 -1.28276
-0.384122 0.393084 0.398643 0.931625 1.63844 3.07706 -0.419872 0.373697 0.406665 0.907276 1.62948 3.0409
2.17712 0.841626 2.39846 0.665813 -0.648867 -1.49774 2.11644 0.824651 2.35814 0.693004 -0.636512 -1.51043
-1.45813 -2.28226 -2.22352 -0.901581 1.51865 -1.8994 -1.48215 -2.27641 -2.17841 -0.901399 1.47759 -1.88088
0.652046 1.50212 0.765536 0.368234 -0.055045 -0.812839 0.716836 1.61706 0.740052 0.360627 -0.0246548 -0.839842
-1.53422 -1.53065 -1.88502 2.49864 -3.16454 -1.50461 -1.47779 -1.43144 -1.86853 2.48129 -3.14441 -1.51057
-3.53951 -1.98714 -4.65985 -0.796084 1.88533 -0.991788 -3.46741 -1.97671 -4.63949 -0.793815 1.90009 -1.02126
-3.99507 -3.0329 -1.71804 0.140577 -0.636854 -1.50892 -4.05437 -3.06255 -1.74501 0.12412 -0.615561 -1.49534
0.402597 2.93936 2.76997 0.514381 2.26969 3.27908 0.335741 2.95299 2.66339 0.550815 2.26772 3.22983
-3.58336 -5.25815 -3.78971 1.8041 -2.65047 -0.955672 -3.54101 -5.18213 -3.72534 1.79674 -2.60737 -0.959731
0.853237 0.921333 2.14193 -0.733304 0.367142 -1.09911 0.86747 0.908847 2.12419 -0.726727 0.375066 -1.10279
-1.65686 -1.48282 -0.776974 1.19758 1.70204 3.36138 -1.78056 -1.495 -0.783612 1.14196 1.65779 3.30853
-1.39764 -1.21233 -0.773115 -0.121473 1.143 -1.62752 -1.44837 -1.26785 -0.807591 -0.178673 1.14307 -1.60265
-2.12014 -1.56917 -4.50644 -0.709087 0.930896 -1.30614 -2.08591 -1.56484 -4.48531 -0.698632 0.911233 -1.27438
7.00917 2.42208 4.95475 2.32365 1.5971 -3.07993 6.94316 2.4419 4.87398 2.25707 1.59672 -3.09594
-2.24429 -1.45405 -4.06924 0.579417 -0.0364305 0.15467 -2.21383 -1.4172 -4.1093 0.536504 -0.0163688 0.155092
-1.19726 -0.388589 0.0165074 0.16737 1.76988 2.98684 -1.19576 -0.407283 0.0447154 0.206122 1.75373 2.99258
-2.34353 -3.68309 -1.34192 -0.376932 -0.297426 -0.585853 -2.35694 -3.70274 -1.3391 -0.360692 -0.295888 -0.568447
-0.228028 2.56881 -1.14775 0.995662 -0.330569 -0.982835 -0.225391 2.62146 -1.15012 0.948753 -0.344769 -0.985
-4.77949 -6.70203 2.1906 -2.641 2.25661 0.422776 -4.8243 -6.72659 2.16841 -2.63678 2.25842 0.397977
0.583841 1.2333 1.05084 -0.381373 0.310663 -0.634964 0.496715 1.12357 0.948855 -0.391492 0.294367 -0.607343
2.42161 0.902617 2.8899 0.578443 -0.947333 -2.27607 2.47066 0.922793 2.86494 0.575234 -0.89451 -2.2459
-0.21276 1.38059 0.323031 0.278225 1.41931 2.64579 -0.10193 1.41119 0.428447 0.296208 1.41344 2.66159
2.4771 -1.57271 -2.74523 -4.07233 -3.72522 -2.44297 2.53517 -1.55028 -2.73451 -4.09435 -3.7068 -2.39879
-1.58786 -2.64493 -2.41104 -0.812081 1.28479 -1.13636 -1.60807 -2.64309 -2.46892 -0.817236 1.23237 -1.15742
0.0734822 1.54181 -0.823918 0.178286 0.014097 -0.189954 0.0867532 1.5249 -0.830416 0.186099 -0.0224168 -0.181011
0.0324025 1.63352 -5.68804 0.245109 -2.56883 0.401006 0.0218662 1.673 -5.56832 0.21996 -2.55491 0.367078
-1.15344 -0.894238 -2.02241 -0.906713 0.966422 -1.22856 -1.0906 -0.941213 -2.03189 -0.903465 0.933349 -1.24586
-1.39867 -1.32645 0.633326 -0.634993 1.97227 -0.811071 -1.36211 -1.35847 0.657104 -0.651534 1.9462 -0.850667
-0.618713 0.467364 0.589398 0.0790971 -0.105007 0.362011 -0.706246 0.44436 0.565545 0.0695964 -0.100522 0.293655
-4.86699 -3.38819 -2.40402 0.166165 3.95708 -2.87611 -4.88088 -3.34408 -2.38812 0.171357 3.92005 -2.88513
1.4559 -0.170045 1.06907 0.0278085 1.52726 3.794 1.44824 -0.157414 1.05209 -0.00379117 1.51718 3.78836
-5.98563 -5.35896 -4.67841 0.0831248 0.149327 0.0124836 -5.88593 -5.37482 -4.67538 0.0885395 0.169313 0.0138762
-5.45992 -4.82462 -5.05817 -0.516933 0.0674705 -0.321266 -5.46056 -4.81784 -5.04945 -0.502328 0.0584468 -0.336778
0.46025 -0.344378 -0.0139786 0.816748 0.845887 2.62192 0.440911 -0.284981 0.0729791 0.788635 0.83808 2.62105
-1.06421 -3.26141 -0.937976 -0.431234 0.987874 -1.19881 -0.925589 -3.19055 -0.850832 -0.440019 0.969711 -1.19386
-2.65813 -1.45304 -0.705816 0.531805 1.68712 2.48668 -2.61323 -1.44025 -0.715226 0.511966 1.68188 2.4701
4.72978 -3.00252 4.02402 -1.75971 -3.24953 3.12577 4.68712 -3.11073 3.89902 -1.78033 -3.25072 3.11699
-0.694368 -0.660043 -2.53253 -0.580832 0.208053 0.372711 -0.702517 -0.628097 -2.50882 -0.603213 0.215737 0.342804
-0.116418 0.69516 -0.0119984 0.300897 2.26452 4.11438 -0.00781773 0.82758 -0.00916537 0.319828 2.27602 4.11195
-0.17214 -1.22897 -0.985991 0.455959 0.585589 -0.886534 -0.209204 -1.20906 -0.949804 0.463343 0.570011 -0.880825
-6.84639 -8.64535 -11.4292 2.93363 1.37961 -0.39126 -6.81732 -8.63599 -11.3346 2.95556 1.3873 -0.374708
-5.8259 -5.79727 3.97673 1.83957 1.48723 0.499426 -5.94394 -5.86728 3.98718 1.84559 1.44744 0.477863
0.577472 0.935806 -1.67062 0.311409 0.087515 0.224407 0.558905 0.948044 -1.7146 0.282523 0.135293 0.225315
0.963588 0.103175 1.53952 -0.0458762 0.186998 -0.246454 0.924944 0.0799392 1.55209 -0.015241 0.148757 -0.2209
-1.67061 -2.67731 -1.52601 -0.895232 1.0271 -1.31785 -1.67876 -2.64923 -1.57877 -0.871204 1.03743 -1.29769
5.22289 9.42134 10.3393 -1.37877 -3.60256 -0.272991 5.19375 9.38722 10.2979 -1.39333 -3.56928 -0.306797
-6.77887 1.26409 1.12374 -3.90771 -0.0930903 2.48562 -6.76414 1.32173 1.11051 -3.93601 -0.0385565 2.47182
-5.06243 -10.594 -9.75396 -1.75215 -0.240286 -2.33818 -5.06238 -10.6238 -9.65854 -1.74263 -0.27793 -2.35936
10.6411 10.1585 12.8003 1.9856 -3.48823 2.16891 10.6351 10.1755 12.6614 2.01552 -3.47052 2.18625
-3.94427 -2.3695 -3.68603 -0.272012 1.61774 -1.22723 -3.88226 -2.27747 -3.71534 -0.288254 1.61694 -1.24154
-1.14839 -1.7117 -3.18189 -1.33743 1.20003 -1.018 -1.11217 -1.66502 -3.24285 -1.31195 1.21359 -1.0404
-1.60112 -2.24577 0.667248 0.105007 -0.352868 0.783249 -1.67376 -2.30954 0.602386 0.113558 -0.342234 0.743185
-2.08872 -1.73335 -2.06626 -0.540627 0.225599 0.204714 -2.08696 -1.73897 -2.15978 -0.557266 0.205253 0.209575
-3.90594 -2.40693 -2.99627 -0.762549 0.82954 -1.24079 -3.95624 -2.37595 -2.93347 -0.764691 0.829482 -1.2202
-0.910244 -1.60463 -0.669109 -0.0391344 -0.252791 0.263736 -0.886972 -1.59425 -0.641565 -0.0807897 -0.291287 0.296717
-2.80358 -1.22381 -1.83753 0.132658 0.0924843 0.858361 -2.83322 -1.179 -1.84763 0.158705 0.0886084 0.881484
-6.37926 8.11917 3.59179 -3.97567 -2.87252 0.371254 -6.35398 8.03675 3.60025 -3.96698 -2.83918 0.337902
-0.476162 -0.341172 -1.29626 -0.278357 1.47405 -1.80549 -0.431526 -0.272017 -1.22251 -0.2787 1.47167 -1.76546
1.30204 1.33082 1.19445 -0.19239 -0.260821 -0.268488 1.21127 1.34888 1.19168 -0.170449 -0.269485 -0.239323
-1.05597 -0.745314 -0.979905 0.314781 0.356284 -0.2099 -1.05631 -0.779102 -0.960986 0.309747 0.371022 -0.258926
1.94627 1.9352 0.48278 -0.929803 0.0676586 -1.17522 1.96386 1.91839 0.49657 -0.879059 0.0208168 -1.17361
-1.34208 -1.97245 -0.955963 -0.302681 0.280951 -0.517212 -1.3361 -1.96741 -0.907218 -0.327301 0.239271 -0.495029
-2.97651 -1.54558 -1.81938 -0.746143 1.41942 -0.752109 -2.9752 -1.56442 -1.91438 -0.788023 1.42785 -0.78509
-1.7091 -1.27704 -1.06363 0.0500521 1.15726 -1.18367 -1.69002 -1.20523 -1.07816 0.0724589 1.12254 -1.20115
-3.32178 -2.05525 -2.3021 -0.934361 1.26583 -0.85221 -3.3332 -2.06943 -2.36137 -0.950035 1.22474 -0.87377
-3.61784 -2.81129 -3.9014 0.518684 0.199834 0.0659396 -3.61983 -2.82807 -3.97954 0.472284 0.189447 0.0278479
1.20186 -0.204033 -0.207671 -0.160942 -0.272802 0.048823 1.23217 -0.203947 -0.230984 -0.166123 -0.298936 0.0567251
-4.35847 -4.51306 -4.86431 -0.939569 -0.253665 0.425528 -4.36008 -4.63143 -4.88358 -0.93882 -0.250298 0.443431
-1.079 -0.0518008 0.207152 -0.118265 -0.0564314 0.842055 -1.04559 -0.0360268 0.234494 -0.11848 -0.0203254 0.878924
-0.8774 -0.301733 -1.12511 0.236212 0.00707142 -0.218097 -0.822873 -0.318564 -1.11549 0.168337 0.0033771 -0.221778
-0.874909 0.210586 -0.236492 -0.282633 0.299527 -0.115458 -0.921447 0.161329 -0.324098 -0.289608 0.233994 -0.103855
1.60836 2.46785 0.316542 -0.425614 -0.0222309 -0.330045 1.5535 2.39826 0.230397 -0.438308 -0.0332387 -0.351743
-0.159003 0.265357 -1.01693 0.166285 0.339058 0.260511 -0.180227 0.294097 -0.909192 0.136562 0.323637 0.240626
-2.40404 -2.46048 -3.87815 -0.44623 0.0895812 0.315314 -2.45061 -2.52276 -3.8794 -0.415678 0.100668 0.288619
-1.47147 0.0437396 -2.17277 -0.0111577 0.100172 0.092209 -1.3955 0.167827 -2.10886 0.00927274 0.0800547 0.0938813
-2.79006 -1.74144 0.367415 0.265804 -0.726243 0.519169 -2.68717 -1.78781 0.407816 0.285813 -0.77114 0.577074
-1.04025 0.0108032 -0.32994 -0.626447 -0.315516 0.606626 -1.01094 -0.029967 -0.288795 -0.637366 -0.376892 0.634093
12.218 7.67782 15.9802 -2.42314 3.27279 0.756115 12.1922 7.86066 16.037 -2.4256 3.28737 0.777783
1.82114 -1.56309 -0.43907 -0.6106 0.328137 0.174625 1.72809 -1.671 -0.473578 -0.62179 0.312318 0.247327
-1.98295 -0.156279 -0.860695 0.200048 -0.40136 0.5022 -2.00024 -0.165168 -0.911108 0.216577 -0.439577 0.52143
0.843942 2.52301 2.17274 0.278974 0.297502 -0.0221493 0.729332 2.47919 2.04218 0.267075 0.307256 -0.00490492
2.96131 14.668 10.095 3.45424 -0.114505 3.41045 3.07164 14.9161 10.1675 3.47472 -0.100812 3.49182
-3.14483 -2.49772 -2.61312 -0.112456 0.0602819 -0.210642 -3.11943 -2.50239 -2.61894 -0.127413 0.0582119 -0.216638
-2.80089 -2.55615 -2.00209 0.109587 -0.387234 -0.187045 -2.83252 -2.47749 -1.86016 0.0749148 -0.383566 -0.214253
-3.70642 -2.1927 -3.3446 -0.219691 0.52606 0.935624 -3.70536 -2.21722 -3.3639 -0.224312 0.553267 0.930863
-1.82627 -2.591 -1.76653 0.300997 0.270647 -0.112267 -1.79907 -2.56698 -1.73699 0.336236 0.254484 -0.0990058
-0.378565 -0.971092 -2.44414 -0.241184 0.0851773 -0.0886317 -0.407731 -0.967255 -2.44406 -0.227788 0.060827 -0.0782108
-0.585463 -2.00419 1.2906 0.352102 -0.00471397 -0.406173 -0.590627 -1.94177 1.30498 0.314565 0.000858168 -0.347047
-1.40094 -2.82149 -1.62554 0.281413 -0.123389 0.0826395 -1.35033 -2.77874 -1.66423 0.270035 -0.125179 0.09646
-2.89103 -1.52257 -2.64304 0.355646 0.717381 0.313131 -2.93717 -1.56589 -2.68341 0.33916 0.711932 0.317126
-2.80373 -1.9378 -2.75113 -0.457583 1.29252 -1.16007 -2.87569 -1.92066 -2.83937 -0.44262 1.21501 -1.18383
-1.28918 0.772512 -0.13065 0.317926 -0.0343218 0.028203 -1.22402 0.738302 -0.117573 0.359001 -0.0667599 0.0497096
-0.366091 1.12696 -0.565464 -0.581821 0.394322 -0.199429 -0.408899 1.09239 -0.604861 -0.552031 0.364328 -0.219592
-3.70106 -2.03093 -2.01302 -0.324093 -0.261785 -0.522989 -3.7294 -2.06435 -1.97345 -0.328977 -0.283176 -0.529588
-3.85686 -4.61161 -5.54258 -0.157014 0.232487 0.108406 -3.85353 -4.68009 -5.48944 -0.129852 0.209561 0.122603
-1.59716 -1.2497 -1.54245 -0.300682 -0.331743 0.581962 -1.62633 -1.36271 -1.66957 -0.321719 -0.363406 0.556578
-0.241318 0.497852 -1.60603 -0.277504 -0.285681 -0.148157 -0.208542 0.535216 -1.58894 -0.261481 -0.335543 -0.129277
0.183826 -2.67949 -2.44638 -0.0990308 -0.771652 0.226159 0.160921 -2.61985 -2.40332 -0.0826183 -0.737161 0.225994
-0.811776 -0.540608 0.0234237 -0.148694 0.101809 0.420839 -0.776301 -0.48747 0.0230485 -0.141772 0.0798794 0.43025
0.0968583 -1.43271 -0.503031 0.16254 -0.114838 -0.362327 0.15357 -1.40924 -0.494442 0.144921 -0.143781 -0.362076
-1.94157 0.224827 -0.286847 0.413016 0.0237831 0.0938683 -1.94849 0.26054 -0.285583 0.377051 0.017833 0.116136
2.80796 12.7352 15.3376 -3.49409 5.50018 -2.89148 2.96175 12.925 15.5474 -3.59308 5.5741 -2.98315
-1.57905 -0.984274 -2.14115 0.137745 -0.107999 0.206835 -1.60081 -0.9613 -2.14765 0.158918 -0.121222 0.217982
-2.76804 -0.694644 -1.32659 0.438993 0.31494 -0.594774 -2.80009 -0.716666 -1.29133 0.459326 0.317592 -0.626391
-0.0835484 -1.90275 -2.11436 -0.799438 -0.21194 0.303013 -0.0655727 -1.83761 -2.08246 -0.810971 -0.191784 0.360303
3.09827 1.238 1.40617 0.672892 -0.605653 -0.856718 3.12151 1.27716 1.43271 0.626866 -0.663737 -0.858569
-0.726137 -3.17451 -4.13187 0.841512 0.00519899 0.179559 -0.718658 -3.17489 -4.06172 0.818211 -0.0361384 0.187896
-2.82436 -3.9422 -2.0313 0.424242 0.465147 -0.13072 -2.84593 -4.04247 -2.08478 0.478903 0.426088 -0.158122
2.27467 1.96826 2.05074 0.00704985 -0.0757006 -0.289375 2.20053 1.88485 1.98509 0.076275 -0.00581198 -0.289803
-3.90519 -4.00628 -2.5396 0.254808 0.258178 -0.361459 -3.93924 -4.05525 -2.47132 0.237171 0.272293 -0.395928
-0.206676 -0.820199 -2.07529 0.0812291 0.551594 0.0184164 -0.293404 -0.868387 -2.15572 0.114551 0.552533 0.00405028
0.71699 -0.817176 0.546009 -0.234857 -0.775625 0.291014 0.740659 -0.772179 0.539636 -0.190209 -0.827161 0.311406
-3.81624 -4.65172 -5.25334 0.539892 0.430882 0.510976 -3.79873 -4.74046 -5.20372 0.558725 0.412857 0.471796
-1.70376 -2.75411 1.14266 -0.0161214 -0.257153 -0.643535 -1.82786 -2.83462 0.987129 0.022845 -0.255122 -0.680246
-3.88535 -2.30148 -3.37432 0.377022 0.153089 -0.192243 -3.95674 -2.25259 -3.42572 0.364851 0.13142 -0.173159
0.270122 0.652205 0.323365 -0.488458 0.0353045 0.473654 0.300077 0.655702 0.341224 -0.498718 0.0440844 0.474511
0.114911 0.562523 1.2546 0.397762 -0.0803724 0.344858 0.0380459 0.452434 1.18442 0.395743 -0.144506 0.345397
-4.16061 -2.88302 -3.69033 0.139859 -0.332473 -0.0792291 -4.15113 -2.90341 -3.67888 0.145552 -0.358805 -0.101504
-13.3314 -13.5156 -13.9137 2.19179 0.560179 -1.99125 -13.5832 -13.6912 -13.9403 2.16466 0.549223 -2.00523
-0.0952923 -1.05495 -1.2888 0.126346 0.159991 -0.129978 -0.143712 -1.00673 -1.26325 0.104479 0.178458 -0.107683
1.9898 0.622117 1.53753 0.848028 -0.273948 0.0510906 1.99728 0.641909 1.46319 0.895729 -0.31713 0.0479178
-0.783737 -0.520583 -1.33505 0.614502 -0.777268 -0.778084 -0.823722 -0.551008 -1.36109 0.609108 -0.755893 -0.788299
-3.28325 -2.64567 -1.88716 0.442208 -0.546018 0.618932 -3.25967 -2.60663 -1.81018 0.423019 -0.565385 0.64808
0.458141 0.0412784 0.251691 -0.011849 0.371185 -0.100405 0.414828 0.0275548 0.293283 -0.023265 0.414423 -0.0300446
-2.86869 -2.31436 -1.72708 0.219616 0.157758 -0.0777428 -2.96013 -2.35479 -1.80627 0.221878 0.170508 -0.0470868
-0.144859 -0.352704 1.30648 -0.61941 0.154524 -0.923811 -0.12137 -0.353165 1.336 -0.609401 0.093945 -0.902304
-1.88505 -1.38762 -1.29578 -0.599256 0.0343848 0.294245 -1.94237 -1.45205 -1.27712 -0.600307 0.0348647 0.327266
-2.27153 -3.58436 -1.8099 0.401186 -0.0408717 0.240521 -2.2512 -3.62884 -1.81229 0.352295 -0.0518867 0.236228
-0.885214 -1.92124 -0.0147011 -0.263325 0.10533 -0.573793 -0.965158 -1.90024 -0.0749278 -0.301465 0.144473 -0.588453
0.669632 0.178213 -1.20469 -0.0483165 0.0774193 0.347356 0.776209 0.220462 -1.19401 -0.0715699 0.0581399 0.361845
-3.38379 -4.46595 -3.91089 -0.328088 0.504168 -0.306143 -3.5188 -4.51282 -3.95331 -0.344111 0.490159 -0.319133
-2.7364 -2.71781 -4.07078 0.851325 -0.238926 0.474908 -2.78526 -2.73528 -4.04039 0.859968 -0.225742 0.46261
-2.26258 -4.02937 -2.01022 -0.235291 -0.165598 1.12124 -2.32716 -3.97747 -2.00168 -0.216797 -0.185232 1.13094
1.28837 -0.239715 -1.37457 0.626701 0.156808 -0.332166 1.31525 -0.231767 -1.40771 0.595094 0.183186 -0.346873
-1.208 -2.12262 0.049182 -0.747006 0.508176 0.321776 -1.42951 -2.2596 -0.0419068 -0.729399 0.469778 0.27523
-4.68359 -4.10294 -5.20582 -0.468085 -0.669444 0.569989 -4.78712 -4.12366 -5.17321 -0.445711 -0.692277 0.59184
0.794742 -0.643515 1.02579 -0.219825 0.68955 0.59995 0.759161 -0.706634 0.95179 -0.216356 0.738701 0.629614
-1.63139 -1.58376 -1.16042 -0.608452 -0.333069 -0.144056 -1.74966 -1.57951 -1.18802 -0.633577 -0.358348 -0.183557
1.92709 -0.761489 1.367 -0.322383 0.903893 -0.590265 1.91548 -0.805455 1.36342 -0.286982 0.840744 -0.546749
-0.504958 0.539325 -0.633697 -0.392586 -0.254672 0.109253 -0.621133 0.5356 -0.688018 -0.35911 -0.301086 0.129898
-3.60426 -2.8121 -3.37746 -0.50026 0.114264 0.129815 -3.58437 -2.8327 -3.36834 -0.468729 0.0666062 0.144507
-0.916008 -3.68985 -1.42616 -0.175882 -0.00880626 0.212679 -0.931751 -3.67171 -1.45715 -0.183209 -0.0276555 0.161041
-13.946 -14.757 -14.8613 1.73939 -2.93924 3.34615 -14.1701 -14.9675 -14.9412 1.76836 -2.96193 3.33666
-3.97677 -3.71059 -4.07027 0.621987 0.388267 0.691613 -4.02855 -3.7788 -4.14315 0.591619 0.36662 0.665176
-2.74518 -1.18444 -0.706201 -0.0926276 0.382051 0.180032 -2.6749 -1.28279 -0.685996 -0.116434 0.406183 0.202184
-0.178474 -1.2793 -0.637995 -0.54211 1.33821 -1.661 -0.169113 -1.3173 -0.713756 -0.551156 1.30371 -1.63722
-0.379853 -0.793574 -1.13518 2.10984 -3.19845 -1.25289 -0.526942 -0.858624 -1.19549 2.12958 -3.20245 -1.26851
-2.69887 -1.54987 -0.957216 -0.93307 1.13858 -1.28024 -2.74214 -1.5241 -0.985515 -0.938821 1.16266 -1.2589
-1.70351 -0.828042 -1.54698 -0.519177 1.20177 -1.45987 -1.62682 -0.910526 -1.54096 -0.496339 1.20651 -1.4579
1.20948 0.601685 0.863393 -1.15205 1.52643 -1.30235 1.07332 0.611132 0.866572 -1.12903 1.54097 -1.25714
0.851465 0.791427 -0.0729667 -0.529084 0.938736 -1.60735 0.849784 0.750263 -0.119375 -0.547428 0.942973 -1.60971
2.11997 2.32191 2.4251 -0.546821 1.30505 -1.48106 2.09703 2.22985 2.30488 -0.520795 1.3117 -1.49708
-0.733641 0.445534 -0.744283 -0.530295 1.28257 -1.58215 -0.768003 0.420159 -0.716125 -0.543636 1.31063 -1.56782
1.56604 0.544323 0.501295 -0.115389 1.25017 -1.07336 1.48016 0.469963 0.359275 -0.112337 1.2427 -1.0884
0.924876 1.28093 -0.574673 -0.48788 1.07391 -1.47733 0.879175 1.29618 -0.632433 -0.495099 1.06316 -1.45981
2.85227 2.45693 0.802169 0.0950667 -1.44321 -1.66551 2.86062 2.5151 0.774533 0.109389 -1.45125 -1.66311
-0.809564 0.182922 -0.444272 2.13586 -2.80008 -1.48137 -0.836345 0.17136 -0.486657 2.08403 -2.75193 -1.44843
-1.46523 -1.48667 -1.77032 0.651046 -0.819126 -1.54239 -1.41419 -1.48681 -1.83304 0.678076 -0.804156 -1.56556
-0.926598 -2.22837 -3.57443 0.931162 2.25701 4.04825 -0.864747 -2.26706 -3.62619 0.916057 2.28311 4.02209
-1.34076 -1.64913 -1.27785 0.167713 -0.635974 -1.71167 -1.29144 -1.64519 -1.31816 0.18401 -0.645321 -1.71518
-1.07359 -1.46601 -1.5262 0.122377 -0.616905 -1.50264 -1.04225 -1.53952 -1.52028 0.127324 -0.607401 -1.4806
-2.81964 -3.57256 -3.40096 0.0701529 1.97282 3.30974 -2.75923 -3.54412 -3.39448 0.0636294 1.94678 3.30732
1.1872 1.14815 0.616986 0.181187 -0.824567 -1.80254 1.16249 1.21019 0.651187 0.169326 -0.809897 -1.81072
-0.545119 -1.4816 -0.448057 0.763081 1.48837 3.2005 -0.553932 -1.40742 -0.425059 0.732766 1.5081 3.17248
-0.90122 -0.030925 0.822142 0.430925 1.90767 3.04107 -0.910989 0.00666287 0.802229 0.467141 1.947 3.03859
-0.206069 0.23993 0.105006 0.509584 1.45438 3.16571 -0.257779 0.279542 0.0584937 0.49761 1.47206 3.17122
-0.951585 -3.03633 -1.1919 -0.421831 1.62839 -0.92539 -0.990521 -3.0472 -1.22708 -0.441174 1.60686 -0.899325
-2.50673 -1.82241 -3.66733 -0.872811 1.18962 -1.31883 -2.54102 -1.76537 -3.64459 -0.868038 1.14683 -1.29911
-0.411859 -0.217654 -0.308597 0.432155 -0.767913 -1.56772 -0.46424 -0.189548 -0.342939 0.418226 -0.77272 -1.57187
-0.162779 -2.30848 -0.412769 0.48994 1.99599 3.35339 -0.139807 -2.24744 -0.419982 0.490195 1.99553 3.32688
-3.44799 -3.30201 -3.59178 0.467647 -0.635638 -1.3437 -3.50023 -3.41092 -3.58882 0.47623 -0.610892 -1.32849
-1.24248 -0.508898 -1.69794 0.855351 1.82856 2.66475 -1.22791 -0.475256 -1.68495 0.867656 1.85098 2.65292
-1.7056 -2.24455 -1.81491 0.702482 1.58932 2.79864 -1.65489 -2.26221 -1.79487 0.694577 1.60031 2.79092
-1.91082 -2.35992 -0.0430495 0.984868 -1.39819 -1.75423 -2.00784 -2.34413 -0.0948802 0.999316 -1.38617 -1.78925
-0.581377 -0.538988 1.14406 0.160061 2.1144 3.2061 -0.646282 -0.488007 1.04572 0.177606 2.10836 3.15758
1.06557 0.774062 0.332327 0.814654 2.53419 2.95883 1.01824 0.747739 0.368953 0.825703 2.53967 2.93863
-1.2497 -3.14819 -0.47796 -0.852727 1.20699 -1.26515 -1.25046 -3.13829 -0.509221 -0.789421 1.16454 -1.2336
0.0362706 1.08301 1.29229 -0.0523461 -0.796786 -1.5648 0.0493458 1.01765 1.27069 -0.0323766 -0.81243 -1.55126
-0.600439 -0.86494 -1.03947 0.922186 1.58684 2.91234 -0.501186 -0.747145 -1.0031 0.904007 1.58454 2.92559
1.78323 2.29812 0.343439 -0.734625 1.33186 -0.775102 1.82074 2.31196 0.331381 -0.726414 1.34068 -0.752455
-0.322325 0.217377 1.69493 0.526177 1.6389 3.01612 -0.324073 0.187118 1.65325 0.52913 1.63565 3.00806
-1.99521 -1.83055 -1.4761 1.00974 1.07481 2.72036 -1.9777 -1.7984 -1.49259 1.0379 1.07666 2.71169
-2.86899 -2.66778 -3.57111 -0.370041 -0.598294 -0.441943 -2.89511 -2.61273 -3.59269 -0.363193 -0.569328 -0.443424
-0.841877 -1.24162 -1.20804 -0.502166 1.10198 -0.31665 -0.878065 -1.27653 -1.23959 -0.501348 1.09131 -0.325942
2.29619 2.97927 1.64173 0.52984 1.19044 2.78191 2.26261 3.05568 1.68649 0.546871 1.18065 2.75527
-2.15894 -1.6823 -1.78163 0.594947 1.77583 3.44521 -2.1075 -1.64653 -1.8008 0.567125 1.74063 3.40687
-0.449028 -0.861281 -0.0223228 0.393171 1.71595 2.67593 -0.487417 -0.87468 -0.00598094 0.38545 1.71194 2.63844
-1.89326 -1.29042 -0.678706 0.604576 2.02346 3.0026 -1.91901 -1.31291 -0.605512 0.596452 2.06403 2.95384
0.338467 0.285071 -0.249395 -0.600576 0.718061 -1.33421 0.312287 0.358482 -0.267609 -0.560407 0.661708 -1.33493
-0.892589 1.08364 -2.42455 0.344399 1.27386 2.57354 -0.86736 1.16183 -2.42821 0.348784 1.26871 2.53938
-1.55533 -0.859571 -1.30482 -0.944016 1.33298 -0.753418 -1.53983 -0.858041 -1.30002 -0.962487 1.29703 -0.729506
-0.273517 6.40633 4.30228 1.7527 -1.64965 -2.39357 -0.25969 6.46387 4.29767 1.78372 -1.67362 -2.40863
1.5178 -0.0420451 -1.2566 -0.804957 0.247502 -1.09376 1.44677 -0.113795 -1.35815 -0.82278 0.261674 -1.08956
-3.53628 -3.05203 -2.93475 -0.163854 0.857324 -0.758427 -3.55195 -3.00475 -2.81662 -0.165193 0.842786 -0.749994
7.28146 -4.78417 -0.051444 -4.04998 2.2015 0.966205 7.35776 -4.75496 -0.064034 -4.04296 2.19822 0.946622
-0.0726904 -0.188942 -0.618876 0.996024 1.48812 3.45237 -0.0282952 -0.175941 -0.626513 0.994356 1.48213 3.44127
-1.61698 -4.07683 -7.77372 -3.87536 -0.76755 -3.86676 -1.49324 -4.02991 -7.69422 -3.87308 -0.754502 -3.85073
-2.3405 -2.47841 -1.22697 0.291774 0.618896 0.0802965 -2.32861 -2.40511 -1.25319 0.309367 0.615138 0.0892166
-4.91865 -2.51265 1.14668 2.58549 -1.25867 0.464496 -5.01002 -2.66837 1.14343 2.58163 -1.25016 0.459026
1.50403 2.97965 11.7739 -2.31922 4.82868 1.01797 1.44835 2.99851 11.7577 -2.31878 4.83523 0.988484
-2.14283 -1.53669 -2.31698 -0.504756 1.59743 -0.758067 -2.18337 -1.51057 -2.29318 -0.559225 1.56627 -0.733464
-3.33214 -3.26593 -3.36085 -1.25703 1.31772 -1.40846 -3.40331 -3.30186 -3.44684 -1.26923 1.30649 -1.3658
-3.30288 -3.09677 -3.411 -0.228822 1.39007 -1.45964 -3.20571 -3.05442 -3.37377 -0.200028 1.37689 -1.43745
-1.60487 -0.984045 -2.62737 0.112764 1.27281 2.72431 -1.5185 -0.942069 -2.63546 0.129803 1.2714 2.67436
-10.6398 -5.11844 -2.28851 -1.6102 -2.84657 -0.347802 -10.7406 -5.20915 -2.35882 -1.619 -2.82913 -0.371159
4.33032 -2.60908 -1.98677 -0.471614 3.75912 -3.38348 4.4167 -2.54775 -2.01648 -0.469302 3.73052 -3.33311
0.703693 -1.3468 -1.69556 -0.322664 -0.0889456 0.554545 0.690665 -1.34892 -1.63769 -0.320051 -0.0743055 0.554405
0.621552 2.1048 2.22406 -0.0453856 -0.375618 0.0391461 0.700894 2.03446 2.22542 0.00862924 -0.394182 0.0161655
-1.7474 -2.11537 -1.99437 -0.373894 0.998181 -1.0501 -1.73156 -2.0931 -1.99106 -0.395529 1.00502 -1.03298
-11.0409 -6.55556 -7.81197 3.33253 3.35227 -0.0888657 -11.0861 -6.62861 -7.72791 3.30341 3.32202 -0.0844538
-1.97027 -2.22989 -1.40025 -0.210067 0.540956 -1.07354 -1.96111 -2.29478 -1.49663 -0.251276 0.51989 -1.08486
6.72783 -6.56001 7.28753 0.15987 -3.50046 -2.62084 6.72218 -6.56209 7.19035 0.170692 -3.52195 -2.5947
-1.97309 -0.204442 -1.53661 0.359801 0.479379 -0.15433 -1.99889 -0.1452 -1.57882 0.315007 0.517314 -0.138042
-1.78998 -1.22558 -0.266117 -0.414507 -0.186766 0.0507739 -1.78618 -1.20871 -0.250697 -0.441059 -0.18888 0.0509546
0.09816 -2.12764 -0.00816984 0.116241 0.296837 0.087506 0.148064 -2.16157 0.029912 0.0935191 0.320895 0.138686
-1.11883 -2.9083 -2.90625 -0.861178 1.22938 -1.30245 -1.1148 -2.85211 -2.87337 -0.821239 1.227 -1.2886
2.41055 8.07226 -2.54781 -3.69295 2.97188 -4.05952 2.47701 8.16688 -2.51735 -3.6814 2.95328 -4.05558
-0.13527 -0.698329 -0.301094 -0.441138 -0.38138 -0.127313 -0.0942241 -0.646205 -0.236746 -0.455597 -0.360663 -0.120293
-4.04325 -3.15231 -4.53519 0.215728 0.409394 -0.202646 -3.95281 -3.09049 -4.49781 0.215998 0.440567 -0.235265
-0.818875 -2.13455 -2.66227 -0.440045 0.125359 -0.151479 -0.823981 -2.16158 -2.63849 -0.454899 0.0906529 -0.136191
-2.06875 9.13348 6.21424 1.67141 -5.42065 1.40902 -2.08683 9.15457 6.17525 1.68103 -5.4095 1.39545
-4.11481 -3.63936 -2.97541 -0.0303663 0.0809176 0.483035 -4.06589 -3.5512 -2.9178 -0.0212256 0.0668005 0.472968
-2.463 -1.00214 -3.58524 -0.699263 1.39374 -1.48013 -2.49574 -0.9878 -3.53228 -0.702003 1.38906 -1.46298
0.287835 -0.912019 -0.208681 0.236566 -0.447221 -0.00241401 0.386583 -0.943951 -0.141187 0.260186 -0.410133 -0.0417657
3.21422 -9.83693 -4.45131 1.14132 3.53932 3.7233 3.29062 -9.7351 -4.38734 1.15251 3.51856 3.68421
-1.54122 -1.38484 -2.50755 -0.246285 -0.313056 -0.329798 -1.65087 -1.33597 -2.54971 -0.244257 -0.320668 -0.33174
-1.14455 -2.17234 -1.05317 0.24037 -0.0204255 -0.258096 -0.982544 -2.12141 -0.943475 0.203535 0.0104575 -0.252873
1.07908 1.98441 1.24431 0.165303 -0.0639818 -0.494431 1.04346 1.96557 1.23889 0.192971 -0.0587918 -0.522771
-3.34902 -2.16817 -0.374749 0.0734538 -0.318809 0.0286728 -3.29883 -2.12445 -0.301968 0.0827232 -0.313349 0.0251182
-1.23745 -0.982411 -0.589801 0.2094 0.479396 0.028892 -1.22926 -1.04536 -0.595654 0.209889 0.49322 -0.0102896
2.0165 0.616636 0.984883 -0.653002 0.713711 -0.00393115 1.93867 0.597175 0.984936 -0.678691 0.702266 -0.0306279
-2.67392 -2.25866 -3.96691 0.585678 0.161889 -0.319267 -2.73473 -2.32105 -4.04963 0.609111 0.135808 -0.317196
12.6405 8.33368 13.7814 -3.15318 -1.32713 1.55709 12.7444 8.32042 13.801 -3.2193 -1.33032 1.57915
-1.63285 -2.82192 -3.05094 -0.0613844 0.31233 -0.683317 -1.64173 -2.92524 -3.0586 -0.0795516 0.311168 -0.724587
0.0675359 2.769 0.365457 -0.955853 0.292493 -0.0158763 0.00200685 2.76082 0.233638 -0.961489 0.273422 -0.0468101
-13.1103 -9.32021 -9.18391 0.575522 2.36318 3.64163 -13.2138 -9.45179 -9.21502 0.580364 2.3502 3.67123
3.33199 -0.0841322 1.7663 0.593027 -0.204292 -0.790407 3.47136 -0.0526629 1.81072 0.595635 -0.230137 -0.768438
-0.724401 -0.478813 -2.59519 -0.0318547 0.298552 -0.403403 -0.747397 -0.561289 -2.66623 -0.0250819 0.320481 -0.406282
-0.36544 1.74016 0.826805 -0.562383 -0.0262722 -0.0688817 -0.368486 1.71978 0.797252 -0.567335 -0.0388372 -0.112696
1.13591 0.518622 0.836474 -0.401606 -0.828012 0.86164 1.11705 0.520155 0.763832 -0.384187 -0.818781 0.856831
1.29628 0.536147 1.75219 0.722142 -0.0894844 -0.0322298 1.32803 0.578282 1.8037 0.690965 -0.056228 -0.0501832
-4.5129 -1.65128 -1.25839 0.303434 0.222645 0.317127 -4.52991 -1.65032 -1.2161 0.350814 0.181367 0.309844
-4.20296 -2.09875 -3.10994 0.310836 -0.607272 0.0240516 -4.16073 -2.14566 -3.08728 0.316245 -0.60086 0.065615
-0.442882 1.90932 1.51791 -0.249544 0.516266 0.443843 -0.424004 1.89547 1.51809 -0.267448 0.444828 0.423442
-3.60253 -4.58107 -3.89086 -0.0148785 -0.340681 -0.504629 -3.59759 -4.5711 -3.91484 -0.0482326 -0.287516 -0.454044
-2.19395 -2.47173 -1.1019 -0.0119558 -0.357082 -0.55311 -2.13933 -2.49752 -1.13649 -0.00917839 -0.393152 -0.547124
1.92735 -0.570854 -0.338228 -0.50964 1.20429 -0.866111 1.98463 -0.537973 -0.426035 -0.473858 1.16201 -0.844182
-0.828062 -1.06595 -0.897384 -0.245876 0.194445 -0.102917 -0.854996 -1.13019 -0.948712 -0.285092 0.234011 -0.0871896
0.0296978 0.855738 -0.162109 -0.176748 -0.521458 0.259676 0.074158 0.899537 -0.167416 -0.204145 -0.555928 0.257125
-1.02725 -1.47747 -2.76803 -0.150045 0.0759211 0.281863 -1.07078 -1.54393 -2.80154 -0.143158 0.0660186 0.288956
1.93658 1.82001 0.378379 -0.117765 0.114108 -0.591367 1.82676 1.74915 0.333509 -0.160168 0.140416 -0.593672
-1.1877 -0.486802 -2.81356 0.816042 0.852554 0.0397255 -1.10781 -0.377604 -2.69109 0.815005 0.865708 0.00602922
-1.03288 -4.32834 -3.61301 -0.432036 0.393843 -0.0978234 -1.05139 -4.37439 -3.58599 -0.472409 0.394145 -0.139204
-10.6105 -14.087 -11.3361 2.62494 2.87629 0.784281 -10.7711 -14.1906 -11.3395 2.61028 2.87403 0.778623
0.998573 0.1666 -1.32362 -0.571261 0.267166 0.562327 1.01215 0.141974 -1.24353 -0.582724 0.245561 0.589228
-0.223681 -2.23798 -1.93185 -1.04569 0.0228909 -0.32872 -0.27153 -2.21688 -2.00795 -1.05975 0.0346263 -0.350825
-1.51936 1.04067 0.000425583 0.148099 0.257781 -0.301869 -1.54423 1.03253 -0.0291888 0.142604 0.244288 -0.288923
-3.19142 -2.08913 -1.85251 0.205687 -0.389553 -0.114853 -3.19296 -2.12271 -1.83426 0.232579 -0.353199 -0.0983761
-4.10205 -1.3347 -1.90809 0.305691 -0.249923 0.0485396 -4.12151 -1.35412 -1.88329 0.320447 -0.254532 0.0840484
-1.91963 1.18621 0.166691 0.489283 0.160395 0.162358 -1.93514 1.18004 0.0976116 0.492413 0.141344 0.155066
3.0924 2.81512 1.28056 -0.0648578 0.57762 -1.00478 3.06514 2.81123 1.24187 -0.0526801 0.557268 -1.06306
-2.18542 -1.24397 -0.460782 0.489808 0.556176 0.145256 -2.18085 -1.2333 -0.515799 0.478781 0.556902 0.157926
0.226745 -0.557843 -1.2977 0.662571 -0.359212 -0.469883 0.173622 -0.583664 -1.24589 0.660966 -0.329039 -0.479475
-13.3804 -11.836 -13.8057 -3.34414 0.905735 1.8187 -13.5255 -11.9572 -13.7533 -3.33273 0.922565 1.80704
-0.953498 0.944402 -0.887656 -0.27154 0.00477555 0.24673 -1.00987 0.870719 -0.932994 -0.26372 0.00989585 0.217188
-3.27552 -2.15083 -3.93677 -0.36048 -0.859635 0.105364 -3.32071 -2.10627 -3.93253 -0.34919 -0.856586 0.130594
-0.472771 -1.87801 -2.19088 0.44863 -0.394092 -0.466034 -0.40626 -1.78223 -2.09457 0.420754 -0.390426 -0.454508
-1.13072 -1.17402 0.436062 0.158524 0.128413 0.355531 -1.1979 -1.12991 0.373642 0.157753 0.102472 0.389279
1.51281 1.12626 1.35305 0.386744 -0.417283 -0.574792 1.47198 1.08474 1.31791 0.369104 -0.446523 -0.519546
-14.8241 -11.5722 -14.6553 2.35074 0.710989 1.35034 -14.9903 -11.6713 -14.6232 2.36457 0.72687 1.36524
-1.27271 -0.0462272 0.387012 0.379777 -0.363239 0.331742 -1.20319 -0.00412643 0.462094 0.415849 -0.314708 0.371678
-1.78518 0.0722166 -0.353307 0.375219 0.264862 0.173375 -1.77829 0.0596596 -0.382459 0.413841 0.245938 0.176894
-1.37264 -1.20394 0.773867 0.0865241 -0.383375 0.534971 -1.39655 -1.23811 0.810228 0.115801 -0.350772 0.52704
-3.30155 -2.78965 -3.22388 0.30175 -0.855077 -0.42129 -3.36212 -2.85782 -3.26562 0.27802 -0.870039 -0.401138
1.93358 0.882543 -0.143823 -0.451809 0.391676 0.186613 1.98321 0.899695 -0.117149 -0.46158 0.415477 0.153195
-4.39965 -1.76676 -4.38253 0.0291697 0.303386 0.174022 -4.50625 -1.806 -4.43398 0.0373696 0.284327 0.19557
-1.41725 -1.47588 1.09674 -0.278501 0.65949 0.433512 -1.42958 -1.48421 1.1249 -0.262125 0.676989 0.423232
-2.60301 1.21282 -1.68619 0.0806046 -0.329392 0.228467 -2.62246 1.13319 -1.77538 0.0500759 -0.350112 0.234536
-3.27691 -3.68762 -2.62717 0.235758 0.11891 -0.1792 -3.36674 -3.75265 -2.63428 0.24834 0.114153 -0.197168
-0.882753 -2.27403 -0.393521 -0.0212345 0.266629 -0.485848 -0.928591 -2.21333 -0.414641 -0.0269144 0.247702 -0.504435
-1.58389 -2.05932 -2.82549 0.139993 0.0206733 0.0720395 -1.59557 -2.05221 -2.83757 0.140367 -0.0165113 0.0648005
-3.98051 -3.20403 -4.23336 0.259769 0.515125 -0.159481 -4.00857 -3.2436 -4.25331 0.279292 0.499633 -0.170948
0.260052 -2.89944 -0.933961 0.323032 0.561808 0.509996 0.358184 -2.86591 -0.870829 0.272266 0.51603 0.523563
-0.280261 -1.01936 -0.538461 0.233338 -0.170395 0.204154 -0.240714 -1.01416 -0.521915 0.254346 -0.158094 0.23665
-2.62018 -0.636303 -0.560227 -0.225905 -0.318159 -0.228604 -2.61426 -0.601856 -0.544787 -0.277165 -0.366012 -0.280758
1.18134 -0.453075 0.638074 0.437407 0.204075 0.417486 1.09165 -0.446282 0.565893 0.449542 0.205285 0.468938
-4.44315 -1.90142 -1.16972 -0.334117 0.568655 -0.424932 -4.49455 -2.01562 -1.27873 -0.356882 0.53405 -0.424823
1.22388 -1.11421 -0.900099 0.474254 0.355622 0.0295349 1.27783 -1.08477 -0.854635 0.433272 0.358384 0.0148007
-3.2916 -3.39134 -2.24735 -0.132489 -0.177401 0.0121535 -3.33946 -3.41832 -2.32676 -0.166705 -0.200678 0.00183226
-0.0261101 -3.7626 -0.0469225 0.383521 -0.396284 -0.00298214 0.0475748 -3.73707 0.00570899 0.349134 -0.444575 0.0681963
-1.64774 -2.49779 -0.985978 0.42848 -0.10323 -0.386789 -1.71886 -2.59833 -1.00393 0.411546 -0.0781565 -0.359387
-3.38483 -3.17419 -2.00935 -1.18988 -0.29823 -0.500951 -3.41637 -3.14222 -1.9921 -1.18327 -0.284513 -0.513421
-0.760222 -0.21614 -1.42302 -0.487518 0.922507 0.424821 -0.777744 -0.0880176 -1.39678 -0.472325 0.909793 0.447645
-2.31064 -3.00018 -4.05578 -0.318091 -0.141932 -0.475222 -2.49101 -3.15139 -4.20136 -0.339283 -0.156061 -0.507491
-2.32211 -0.889988 -2.6674 0.10344 0.0684739 -0.0460957 -2.37108 -1.03842 -2.67541 0.0957931 0.0654631 -0.0925097
-1.60339 -0.973982 -2.42487 -0.018673 0.263021 0.425627 -1.5354 -0.984312 -2.37882 -0.0798184 0.323587 0.486603
-3.5828 -3.76948 -3.35943 -0.121804 -0.198523 0.398256 -3.62865 -3.81925 -3.30946 -0.163488 -0.17852 0.416376
-2.32002 -3.64823 -1.24571 -0.0923183 -0.337803 0.114544 -2.33968 -3.72816 -1.29049 -0.126754 -0.335172 0.176465
-0.899725 -3.28371 -1.87153 -0.966238 0.0894525 0.192149 -0.936304 -3.31027 -1.87239 -0.979302 0.0967795 0.167251
0.159641 -2.63442 -0.243182 -0.55778 0.45076 -0.378798 0.236388 -2.73039 -0.222676 -0.557531 0.447268 -0.374045
-1.59857 -3.45647 -0.349558 0.315001 0.343214 -0.224763 -1.72101 -3.66073 -0.512311 0.269524 0.321362 -0.235928
0.11587 -0.385251 -0.420585 0.101774 -0.670876 -0.109196 0.0493202 -0.37077 -0.328479 0.0879935 -0.664425 -0.091027
-2.73023 -3.33079 -4.23082 0.113023 0.510227 0.103962 -2.86241 -3.34591 -4.35059 0.119983 0.493096 0.116048
-1.85935 -4.65399 -1.00371 -0.0231056 0.375116 -0.106089 -1.78465 -4.55926 -0.92515 0.014359 0.35739 -0.0869759
-2.08057 0.299437 -3.20482 -0.070073 -0.17033 -0.577693 -2.17482 0.256839 -3.24175 -0.0574161 -0.15218 -0.580946
0.155045 1.01426 0.443613 -0.875935 1.45245 -1.56307 0.131463 0.955191 0.351424 -0.868214 1.46095 -1.53647
-0.64489 0.0736086 -0.0746817 2.23141 -3.1763 -1.54538 -0.664073 -0.0536677 -0.190102 2.23501 -3.16389 -1.54474
1.32168 1.2044 -0.373652 2.27689 -3.42113 -1.17176 1.22269 1.06233 -0.510187 2.29596 -3.42018 -1.20685
-0.385827 -0.185907 -1.42746 1.68827 -3.00553 -0.782648 -0.413998 -0.230783 -1.48173 1.69356 -2.98477 -0.801703
1.22655 1.25009 0.880143 2.20865 -3.11154 -1.38178 1.21244 1.10475 0.854728 2.19346 -3.10126 -1.3899
-0.398153 -0.475842 -0.460711 2.40904 -3.12804 -1.68074 -0.39584 -0.575229 -0.497815 2.41342 -3.12552 -1.67161
1.69719 -0.474406 1.49749 -0.700373 1.27933 -1.79503 1.59179 -0.655873 1.40648 -0.678394 1.26936 -1.83803
-0.830939 -0.532047 -1.03149 -0.395736 1.13759 -1.28802 -0.83417 -0.567425 -1.02127 -0.408932 1.1244 -1.27686
-3.2888 -1.51153 -2.91268 -0.636577 1.48943 -1.41721 -3.23711 -1.52057 -2.85336 -0.630936 1.47227 -1.41816
-1.00095 -0.591554 -0.349774 -0.738917 1.42973 -1.42386 -0.979531 -0.515691 -0.388521 -0.756113 1.45583 -1.37235
-0.301359 1.53697 0.642408 2.16295 -3.13628 -1.94949 -0.297971 1.47891 0.661388 2.12668 -3.13804 -1.95547
1.39762 1.12224 1.99991 -0.990359 1.69217 -1.42315 1.43307 1.10629 1.92195 -0.990974 1.67698 -1.42286
-2.05224 -1.36059 -0.527756 1.06539 1.91003 2.99907 -2.07572 -1.36559 -0.576412 1.09103 1.90227 3.00031
-0.16416 -1.13423 -1.22409 0.333869 0.0222792 0.020378 -0.158127 -1.17607 -1.2741 0.306804 0.0175987 0.0281823
-2.41837 -1.84769 -1.59527 -0.178128 1.72335 -1.83425 -2.45148 -1.89265 -1.56442 -0.169014 1.69147 -1.818
0.2437 1.9602 1.20822 0.744267 1.79715 3.2575 0.312148 1.92812 1.17591 0.74934 1.75675 3.24688
-0.132087 -0.770591 -0.694714 -0.69696 1.65394 -1.70371 -0.124303 -0.751803 -0.705422 -0.656445 1.63401 -1.69191
-0.296472 2.06831 0.443435 -0.254037 0.853607 -1.51471 -0.317571 2.0848 0.421867 -0.214757 0.823132 -1.50034
-1.55537 -2.2016 -1.22783 0.195766 -0.204348 -1.8226 -1.61831 -2.22608 -1.35496 0.224623 -0.201071 -1.83036
-0.531942 -0.875709 -0.639562 1.00032 1.79702 2.88382 -0.548397 -0.896681 -0.653955 1.0191 1.77198 2.88573
-0.858445 -2.94181 -1.87378 2.13654 -2.72476 -0.773624 -0.914482 -3.0477 -1.90255 2.16257 -2.72668 -0.7538
-0.224724 3.58054 4.00456 0.767523 1.98405 3.29076 -0.134694 3.6243 3.93231 0.777862 1.9646 3.2688
2.23664 3.50635 3.95227 0.518587 1.93604 3.26781 2.30845 3.56537 3.87019 0.565916 1.94151 3.22053
-0.41951 -0.823447 -0.255644 0.605029 -1.44982 -1.41946 -0.465681 -0.82463 -0.24609 0.631655 -1.42824 -1.44989
0.218759 1.34311 -0.716191 -0.639052 -0.262823 -0.579997 0.224344 1.3573 -0.708206 -0.647467 -0.238186 -0.564567
-0.0213088 -0.395069 -0.693193 0.875099 2.28543 2.91194 -0.0538241 -0.381337 -0.683769 0.867776 2.26723 2.90733
-1.51873 -3.32422 -1.73989 0.996778 1.74505 3.17506 -1.49492 -3.32949 -1.73196 0.984341 1.76506 3.182
-0.260697 -1.98764 -0.40452 0.963426 1.48629 2.5692 -0.189962 -2.00355 -0.44743 0.953156 1.45937 2.54454
-0.124902 -1.3789 -1.322 -0.507105 1.10839 -0.897889 -0.0818847 -1.34019 -1.33642 -0.491684 1.09185 -0.912848
0.188376 -0.314873 0.0335425 -0.608508 0.94644 -1.84759 0.252988 -0.279529 0.0551388 -0.570915 0.942203 -1.81474
-1.27809 -2.82405 -2.43192 0.611812 1.87881 3.37011 -1.21867 -2.74079 -2.36491 0.624528 1.88936 3.31871
0.452241 -0.418543 -1.14967 0.715463 1.8642 3.63209 0.43672 -0.387273 -1.07199 0.704451 1.86357 3.60039
-1.32691 -2.53661 -1.90334 1.17187 1.58873 2.80675 -1.35626 -2.49146 -1.92024 1.14378 1.60005 2.79858
-2.13491 -3.83894 -2.60533 -0.474461 1.23903 -1.36939 -2.1183 -3.8677 -2.59022 -0.484434 1.25288 -1.32933
0.194737 -2.34933 -0.306603 -0.339738 1.7539 -0.791878 0.212594 -2.31899 -0.28924 -0.303009 1.74934 -0.762828
-0.358902 -0.372047 3.6444 -2.13661 -3.16162 3.35163 -0.400757 -0.415946 3.54999 -2.16438 -3.12131 3.31408
-4.36829 -0.544888 4.07812 3.32659 -0.430359 1.25683 -4.4483 -0.589273 3.9461 3.32255 -0.418781 1.28714
1.27396 0.80119 0.346326 -0.604407 1.34305 -1.86235 1.26302 0.830189 0.349242 -0.650275 1.31224 -1.83539
-2.08037 -2.53296 -2.04038 0.533683 1.90084 3.43456 -2.07649 -2.49796 -2.0895 0.515304 1.90696 3.41324
-0.753867 -0.910563 -0.749499 0.037968 -0.0166046 -0.153625 -0.756246 -0.915792 -0.71475 0.0269231 0.00790037 -0.161236
-0.441988 -2.20171 -1.00737 -0.51697 1.54833 -1.00652 -0.371913 -2.1309 -0.973393 -0.490951 1.49105 -1.02975
1.99933 1.09812 2.41996 -0.425344 0.924383 -1.19366 2.05932 1.13891 2.47131 -0.439651 0.938336 -1.20954
-0.072813 1.42885 1.0497 0.154364 1.74783 3.03945 -0.109447 1.39958 1.0134 0.161861 1.76949 3.01347
-1.11018 0.268931 0.110349 -0.315463 -0.787724 -1.59277 -1.10092 0.224789 0.0612572 -0.306308 -0.749595 -1.56995
6.25417 -5.87935 -0.962761 0.156613 2.53199 -1.86036 6.27935 -5.8079 -1.0168 0.158248 2.54841 -1.85354
-1.00556 -2.02701 -2.30437 -0.479741 1.18818 -0.874179 -1.03166 -1.97579 -2.24844 -0.488996 1.16072 -0.854039
2.14975 1.40671 2.29754 0.694019 -0.0981851 -0.320236 2.10605 1.41023 2.27758 0.730963 -0.121455 -0.340735
1.47363 1.87341 2.41835 -0.579265 1.31639 -1.09989 1.3587 1.84194 2.35732 -0.551352 1.35611 -1.08119
0.864271 -1.32167 -4.31987 0.754674 4.40287 -1.60749 0.936768 -1.21589 -4.26261 0.782246 4.40114 -1.61019
-7.48245 -2.91997 -3.07469 1.79759 -3.81702 0.0760158 -7.51354 -2.9729 -3.04479 1.79945 -3.80007 0.092886
-4.79541 -2.34007 -2.9919 -0.360863 -0.270312 0.25733 -4.74927 -2.40107 -2.94204 -0.388453 -0.267282 0.244491
-1.66562 -3.15042 -0.927894 0.489573 1.49876 2.72392 -1.7128 -3.22232 -0.873471 0.425528 1.54419 2.68888
7.32619 6.27818 7.25802 4.54555 -0.809307 -2.59289 7.34095 6.43254 7.17483 4.55693 -0.783393 -2.54266
-2.13772 -1.32124 -1.10031 0.396464 0.193208 0.527674 -2.11007 -1.27567 -1.128 0.375249 0.210448 0.525465
0.154876 0.82537 -5.63327 2.03537 -1.65465 -4.95108 0.263557 0.874381 -5.5948 2.02995 -1.6642 -4.94649
2.46018 2.98393 2.16396 2.7648 -3.82992 -1.60403 2.35536 2.91784 2.12555 2.73705 -3.81397 -1.60729
-8.07729 -5.55218 -4.86805 2.62138 -1.59034 -2.84896 -8.10577 -5.52401 -4.85912 2.60057 -1.56052 -2.86357
5.32745 7.16759 8.29094 1.66075 3.33604 0.52795 5.26417 7.08004 8.15431 1.70785 3.35976 0.512005
-6.47414 2.38275 -0.439142 -2.83831 4.42609 -1.64324 -6.45167 2.35944 -0.436507 -2.90186 4.40278 -1.63055
-1.96103 1.22008 8.51137 -0.892015 -4.6308 0.0640179 -2.01763 1.077 8.4653 -0.888054 -4.61712 0.0719879
2.57878 1.20652 -7.5842 -2.47382 -2.03494 -2.12319 2.63354 1.24826 -7.45689 -2.48854 -1.99908 -2.12377
-2.79637 -1.78453 -3.03394 0.363434 0.151145 -0.377457 -2.8047 -1.79426 -3.03276 0.39619 0.138725 -0.39918
-1.36259 -0.513873 -1.43881 0.128656 -0.218628 0.276329 -1.39617 -0.462062 -1.45079 0.149918 -0.21548 0.273807
-0.686909 -0.817142 -2.05835 -0.842966 1.13313 -0.877634 -0.732695 -0.787607 -2.11262 -0.864531 1.12547 -0.852962
-2.16019 -3.75718 -2.43964 -0.698751 -0.284928 -0.050841 -2.03673 -3.75526 -2.31879 -0.649466 -0.280705 -0.0429705
-1.24962 -1.64897 -1.10805 0.414142 0.527066 0.543647 -1.33875 -1.57732 -1.15362 0.377732 0.527767 0.542067
-11.2937 2.09815 -7.90072 -2.57245 4.12603 3.28473 -11.3343 2.16019 -7.7949 -2.60569 4.10731 3.31545
0.126362 -0.453006 -1.4063 -0.415772 0.170277 0.276282 0.127836 -0.436266 -1.4412 -0.409658 0.155171 0.282987
-0.901744 -2.92957 -0.431538 0.229644 0.0260942 -0.0254919 -0.892461 -2.91905 -0.335278 0.202612 0.0317799 0.00553726
-0.986729 0.222466 -1.55451 -1.10738 1.24714 -1.38127 -0.87861 0.277762 -1.46929 -1.09021 1.25116 -1.41688
6.35224 -3.33702 9.50948 -2.52067 4.04068 -3.1807 6.33043 -3.38107 9.37339 -2.53624 4.04427 -3.10369
0.112237 1.10104 1.54455 0.399753 1.56296 -0.900639 0.0845553 1.01654 1.49758 0.410983 1.50889 -0.898395
-12.5332 -3.88416 -10.5415 0.808717 2.66463 0.663041 -12.6218 -3.97238 -10.4722 0.791122 2.67801 0.668077
-1.87271 0.114493 1.30093 0.553402 -0.0989806 1.23191 -1.84205 0.25891 1.32652 0.559507 -0.166619 1.23721
-2.77763 -2.14498 -2.75594 0.10806 0.303477 -0.309225 -2.76825 -2.14604 -2.73189 0.0969861 0.269125 -0.248467
-1.16282 -0.699938 0.792287 0.228799 0.484509 0.54849 -1.19699 -0.684824 0.758658 0.169049 0.498115 0.520029
-0.696 0.833921 0.718323 -0.161803 -0.634276 0.0673297 -0.612347 0.884511 0.805449 -0.13955 -0.611746 0.0351033
-2.11045 -0.731498 -0.914379 -0.142925 0.722021 -1.18782 -2.12356 -0.777519 -0.914063 -0.110128 0.719227 -1.17328
3.1747 -2.09731 10.4175 -2.79046 4.32246 -3.75797 3.19464 -2.16544 10.4215 -2.78351 4.37119 -3.76608
1.42023 1.9339 3.01549 0.457854 -0.229111 0.0949075 1.40212 1.91807 2.98932 0.476672 -0.200188 0.105057
-1.77167 -2.21876 -3.18106 -0.667599 0.353694 0.0458795 -1.77167 -2.14351 -3.14428 -0.627236 0.377619 0.062676
-1.76961 -1.63754 -4.39429 -0.797992 0.435251 -1.28152 -1.81091 -1.74808 -4.41324 -0.79239 0.40169 -1.28859
0.51445 -7.09938 -0.734393 -3.75317 -4.15013 3.30832 0.54163 -7.13512 -0.728556 -3.74647 -4.16384 3.31744
0.945813 0.849908 0.109728 -0.595289 0.394517 0.109477 0.973895 0.934292 0.137985 -0.60622 0.402686 0.0881124
-1.25411 -1.60715 -3.78567 -0.0126799 0.361497 0.344008 -1.26172 -1.54113 -3.7653 -0.030601 0.350707 0.325961
-0.151518 1.44241 0.748225 0.667942 -0.887961 0.918834 -0.22346 1.3296 0.757187 0.68374 -0.843873 0.895471
-3.24016 -3.957 -4.13078 -0.734167 0.412666 0.830099 -3.28614 -3.94187 -4.13112 -0.720164 0.435823 0.81584
-0.43547 1.41578 -0.341594 -0.258126 1.10558 -0.957971 -0.428661 1.38168 -0.381005 -0.203044 1.10103 -0.917569
-1.00775 -0.440832 0.134813 -0.194231 -0.322276 -0.189386 -0.946285 -0.425796 0.184454 -0.126563 -0.290803 -0.180229
8.55006 0.0557782 -3.93682 5.20501 -3.06937 3.38418 8.73434 0.199214 -3.9221 5.23726 -3.08387 3.3677
-0.183088 -1.71577 -3.20213 0.484351 0.215843 -0.0197594 -0.180072 -1.69508 -3.16643 0.498555 0.193423 -0.00743009
-1.38462 -0.34435 -0.222802 -0.33614 -0.222666 0.159455 -1.40061 -0.406295 -0.274819 -0.367637 -0.220485 0.181104
-13.8805 -13.5624 -11.7214 0.711048 -0.39152 -0.627148 -14.0326 -13.7187 -11.6967 0.7178 -0.387759 -0.624678
-3.93875 -3.41312 -3.47888 -0.661458 0.0525646 0.463928 -3.9062 -3.36138 -3.5267 -0.646942 0.0907741 0.435255
-0.465168 -0.229954 0.538509 0.201357 -0.306688 -0.294345 -0.342464 -0.224352 0.51112 0.179601 -0.298251 -0.31102
0.49657 -0.365843 1.12962 -0.087225 -0.140477 0.137354 0.49256 -0.443491 1.07085 -0.0556214 -0.0839016 0.10902
-1.02136 -0.827141 -0.495678 -0.18215 1.77458 -1.45459 -0.990908 -0.789835 -0.500578 -0.184863 1.76846 -1.41986
-3.35003 -1.58037 -1.26213 -0.0723171 0.352115 -0.729354 -3.31981 -1.57979 -1.21559 -0.0754984 0.339491 -0.7363
-0.152052 -1.29823 -0.882023 -0.22032 0.808977 -0.0168906 -0.165132 -1.21984 -0.817653 -0.247152 0.831397 -0.0191431
-6.41575 -10.6203 0.881731 2.84852 3.33972 1.19031 -6.60738 -10.8154 0.804663 2.86327 3.33468 1.17554
-3.92003 -1.56608 -2.46696 -0.319498 0.239201 0.159493 -3.97296 -1.64526 -2.51509 -0.317082 0.21101 0.125884
-2.85382 -1.57686 -3.07158 -0.585762 -0.0367323 0.00791087 -2.92769 -1.61672 -3.14052 -0.592687 -0.0151224 0.0389459
-4.45912 -2.89041 -5.06416 0.0257884 0.638844 -0.10771 -4.51037 -2.9725 -5.12093 0.0250964 0.644992 -0.0911582
-1.37376 -0.446248 -1.54195 -0.970983 1.29904 -0.810419 -1.37162 -0.429373 -1.54076 -0.986866 1.2696 -0.795035
1.73563 0.561981 0.72963 -0.995181 1.4393 -1.43258 1.80741 0.560282 0.758492 -0.998642 1.45099 -1.39412
1.74481 -2.4633 -0.0678737 0.266772 0.470647 -0.378301 1.80067 -2.40832 -0.0424316 0.223573 0.442961 -0.309568
2.57401 0.770857 1.30763 -0.376763 0.329184 -0.133817 2.51486 0.770752 1.29859 -0.360763 0.275002 -0.0862487
-2.087 -1.19748 -2.03755 -0.45754 0.0567467 0.340693 -2.03537 -1.22991 -1.89605 -0.458958 0.0473329 0.319798
0.0220221 -0.473732 -0.598825 -0.38507 -0.41812 0.350084 -0.0156272 -0.422625 -0.531918 -0.366901 -0.439056 0.33546
-4.83079 -6.06162 -3.8242 -0.250306 -0.0726487 -0.18374 -4.82896 -5.97453 -3.75347 -0.282673 -0.0541705 -0.162261
-1.48376 1.02553 -1.03152 0.0191093 -0.78184 -0.0115411 -1.53624 1.02484 -1.04304 0.0417266 -0.771506 -0.0341685
-2.52509 -0.180141 -2.78501 0.799163 -0.283181 0.340338 -2.47517 -0.108701 -2.75169 0.799979 -0.276773 0.309245
0.927646 0.0570877 -0.804633 -0.270371 0.495439 0.22231 0.894145 0.0670456 -0.808955 -0.294853 0.477037 0.218013
-14.629 -11.7195 -8.50518 -3.3719 2.61192 1.93896 -14.8142 -11.9764 -8.44577 -3.36452 2.60926 1.99371
-1.34234 -0.961958 -1.12397 -0.0244798 0.139651 0.0986871 -1.40775 -0.997542 -1.20501 -0.0276 0.157732 0.109477
0.677174 0.206166 0.949915 -0.215632 -0.0820788 -0.508844 0.692854 0.131839 0.945083 -0.225373 -0.146059 -0.520116
0.749801 -0.712386 -1.07702 0.208491 0.52971 0.619237 0.658638 -0.798016 -1.02738 0.206786 0.563306 0.650367
0.656421 1.45352 2.68101 0.510433 0.608876 1.0374 0.617988 1.53116 2.75977 0.434362 0.639328 1.00877
-1.18804 -2.8664 -0.874183 0.813785 -0.417616 -0.144168 -1.20858 -2.8101 -0.821679 0.858397 -0.394607 -0.184211
-2.42569 -2.73772 -1.05081 0.309672 0.451894 0.112321 -2.46064 -2.75701 -1.07078 0.311142 0.474916 0.0816104
-3.48824 -0.897139 -1.21007 0.154972 -0.00325726 0.286386 -3.44866 -0.812647 -1.3229 0.153623 0.00423938 0.264138
-2.52805 -1.39233 -1.16076 0.458222 0.100569 0.188187 -2.5597 -1.31904 -1.08639 0.479517 0.126797 0.251352
-4.0116 -3.43123 -0.922629 0.461841 -0.0568097 0.442045 -3.98434 -3.41132 -1.00258 0.481535 -0.0785898 0.463049
-12.6303 -9.25098 -7.88959 3.57979 -1.72908 2.30159 -12.7293 -9.37739 -7.91817 3.60238 -1.7441 2.32196
-1.27285 -3.30366 -3.84167 0.36667 -0.309872 0.257485 -1.37255 -3.40102 -3.86483 0.423327 -0.272169 0.217422
0.422204 0.725399 2.29793 -0.709631 0.446964 -0.0612734 0.462143 0.79227 2.28931 -0.705541 0.483546 -0.0314928
-1.49701 -1.51554 -1.57532 -0.831616 0.0707149 0.19605 -1.5307 -1.54548 -1.59023 -0.863939 0.0866223 0.235771
-3.04271 -4.23685 -3.68505 0.347103 0.499804 0.122414 -3.1014 -4.32359 -3.68979 0.34656 0.494434 0.0719769
-1.68015 -0.865807 0.735635 0.13359 0.197429 -0.39081 -1.68834 -0.878405 0.743012 0.141162 0.238403 -0.417354
-1.16078 -2.38224 0.365702 0.151845 0.308667 0.261712 -1.23009 -2.48456 0.342536 0.17093 0.300236 0.289359
-1.54341 -0.960837 -0.150935 -0.513641 0.169308 0.0486621 -1.50274 -0.921905 -0.122695 -0.478222 0.16384 0.0631475
-2.79069 -0.816169 -1.50177 0.50963 -0.0511436 0.222347 -2.75762 -0.788524 -1.41505 0.555952 -0.0967094 0.221263
-3.04225 -2.9415 -0.290632 -0.557377 0.419638 0.26104 -2.98528 -2.8533 -0.193819 -0.494847 0.459823 0.249466
0.999278 1.13957 1.38592 -0.0857794 -0.514476 -0.215681 0.878183 1.0223 1.34566 -0.0903739 -0.513028 -0.194173
-2.08797 -0.785976 -0.127429 -0.481428 0.14172 0.787265 -2.07618 -0.761043 -0.0709178 -0.525833 0.160525 0.768303
-4.58733 -4.54807 -4.03969 0.222302 0.0237632 0.109744 -4.74116 -4.61969 -4.01625 0.225751 0.0478532 0.11846
-13.3974 -11.2616 -13.7809 -1.50369 -1.45781 -2.72726 -13.5371 -11.3797 -13.7883 -1.49153 -1.46758 -2.73233
0.861506 -1.08421 0.164296 0.141284 -0.113103 0.258937 0.9103 -1.00181 0.263328 0.10889 -0.0644515 0.277571
-1.3107 -1.09789 -2.35765 0.0587147 -0.377377 0.140577 -1.23193 -1.01313 -2.27821 0.021438 -0.403141 0.0892315
-2.62908 -2.04891 -3.00176 -0.0410076 -0.0923553 0.233045 -2.53403 -2.06967 -3.02061 -0.0308971 -0.0987298 0.271694
-0.860322 -0.569401 -0.938075 0.344453 0.0077661 0.00957017 -0.749707 -0.561902 -0.990738 0.389346 -0.00315123 0.0184162
-3.67813 -2.85243 -3.81016 0.594607 0.500815 0.157167 -3.59818 -2.80091 -3.76771 0.619918 0.564903 0.177058
0.391708 -1.97057 -1.69974 -0.628251 0.379635 -0.590158 0.326762 -1.90098 -1.72042 -0.620538 0.390615 -0.514648
-3.77757 -3.94305 -1.31132 0.528881 -0.09366 -0.96243 -3.71832 -4.0289 -1.29084 0.540712 -0.145009 -0.991832
-2.62631 -2.32424 -1.20492 -0.439301 0.215673 0.255753 -2.60686 -2.33439 -1.27542 -0.44912 0.203306 0.292267
2.08176 -0.0912936 0.34047 -0.424727 -0.321326 -0.273126 2.04117 -0.135403 0.330344 -0.409871 -0.320932 -0.293487
-1.22149 -1.4501 -1.05386 0.230818 0.0159357 0.316601 -1.29587 -1.56531 -1.0109 0.234207 0.0487942 0.300232
0.502808 0.407182 -0.635777 0.0277929 -0.654861 0.201734 0.592494 0.453536 -0.654636 -0.00103066 -0.642061 0.211827
-1.26929 -2.35973 -3.7923 -0.277662 -0.482839 -0.640333 -1.2659 -2.3318 -3.78271 -0.311358 -0.505378 -0.625555
1.3059 -2.07842 0.0559565 -0.452643 -0.969097 -0.0166989 1.23969 -2.1847 0.0671323 -0.464527 -1.0089 -0.0138148
-1.9393 -3.63697 -4.65516 -0.567905 0.024583 0.0932432 -1.94532 -3.65173 -4.65997 -0.587352 0.0158609 0.11788
-4.78083 -3.39008 -2.62621 0.0626599 0.210779 0.529064 -4.84523 -3.37692 -2.71215 0.053194 0.206024 0.510449
0.100654 -0.726363 0.090193 -0.387452 -0.253725 0.323652 0.129748 -0.81276 0.00334773 -0.347302 -0.21932 0.338425
-0.530229 1.66545 0.361546 -0.273818 -0.459473 -0.00305361 -0.616191 1.6172 0.385284 -0.224004 -0.492575 0.0109392
-1.57278 0.218188 -2.81141 -0.299383 0.64108 -0.376094 -1.54781 0.28374 -2.77497 -0.301065 0.618406 -0.357615
-1.77921 1.59696 -1.46001 -0.478435 0.516287 0.308432 -1.87055 1.55867 -1.51343 -0.479738 0.594811 0.30616
-2.3766 -3.05948 -2.56974 0.278967 -0.0775989 0.743161 -2.43855 -3.11707 -2.60835 0.271189 -0.110527 0.746862
-2.01935 -2.54761 -2.53936 -0.511037 0.59264 -0.0934772 -2.07109 -2.5768 -2.57346 -0.449317 0.602889 -0.112967
0.531825 -2.15733 -0.211838 0.321606 0.0318135 0.574135 0.712456 -2.07974 -0.0832876 0.323198 -0.00283856 0.584036
-0.542751 0.0469294 -1.06996 -0.154694 0.196921 0.00643866 -0.726339 -0.116613 -1.19716 -0.198355 0.222376 0.00593662
0.478358 0.294098 0.00226542 2.08458 -3.19933 -0.99844 0.357962 0.164849 -0.0910789 2.07681 -3.18416 -1.0032
2.36498 2.02194 2.27879 -0.704729 1.38363 -1.50164 2.19747 1.95566 2.19022 -0.712909 1.38585 -1.48986
-0.0717872 -0.252693 0.100353 -0.575738 1.50206 -1.61647 -0.0760046 -0.271241 0.058962 -0.581283 1.48658 -1.6224
-1.35052 0.117352 -1.17217 2.44495 -3.74337 -1.5744 -1.33462 0.0889064 -1.14894 2.45054 -3.7252 -1.58493
-0.240786 1.10915 1.79116 2.09515 -3.07059 -1.27323 -0.323312 0.958364 1.76135 2.07536 -3.03077 -1.25899
-0.777324 -0.351576 -2.28791 -0.475235 1.16163 -1.6679 -0.857295 -0.34308 -2.21882 -0.466474 1.19748 -1.61676
0.0577281 1.39619 0.488888 -0.85768 1.46843 -1.44541 0.0430224 1.39139 0.477383 -0.874418 1.44881 -1.43886
-0.948383 -0.307443 -0.209152 -0.778261 0.537829 -1.5902 -0.973705 -0.21895 -0.238581 -0.783044 0.530935 -1.59529
-3.91207 -4.90665 -3.87016 -0.534654 1.24687 -1.30072 -3.87493 -4.93854 -3.81142 -0.556652 1.25947 -1.30999
0.635313 0.835344 1.46943 -0.323325 -0.398884 0.347902 0.619814 0.934639 1.40155 -0.329519 -0.391327 0.351601
-1.77696 -2.78087 -3.38097 0.00748494 -0.573657 -1.33389 -1.74386 -2.73834 -3.37339 0.0244998 -0.546058 -1.32031
4.41197 4.64401 3.5342 0.878175 2.65325 3.40049 4.39047 4.58866 3.39871 0.908571 2.62699 3.40548
-0.537953 0.562641 0.662855 0.514489 -1.28349 -1.73741 -0.540007 0.537482 0.623074 0.510612 -1.27258 -1.71226
-0.313073 -1.6187 -1.19177 1.03944 -1.38102 -1.78771 -0.358806 -1.65929 -1.20417 1.00388 -1.40488 -1.80075
-1.28033 -2.91564 -1.25582 0.630969 2.30817 2.59983 -1.25067 -2.92807 -1.31083 0.641325 2.26464 2.57129
-0.407948 0.617591 -0.403973 2.51992 -3.23799 -1.83608 -0.358712 0.646803 -0.427826 2.51694 -3.24185 -1.82559
2.90887 3.21707 4.06398 -0.463767 1.58575 -1.90206 2.83673 3.16167 4.02792 -0.453147 1.58006 -1.9573
-2.1268 -2.89809 -1.61267 0.107552 1.46567 -1.31711 -2.0829 -2.80179 -1.59972 0.0950956 1.42909 -1.27999
1.71488 -0.895908 0.929598 0.260367 -1.31046 -1.7605 1.74444 -0.836993 0.914946 0.239937 -1.3129 -1.75659
-3.29118 -3.41658 -1.71668 -0.183232 1.09308 -0.899687 -3.2269 -3.46481 -1.65495 -0.160736 1.12148 -0.876581
-1.57911 -1.31971 -1.95279 0.372685 1.1385 3.39262 -1.6151 -1.31088 -2.0262 0.368384 1.13728 3.37107
-3.37841 -2.29638 -1.59989 -0.348518 -0.152931 -0.0878805 -3.38144 -2.26951 -1.52134 -0.368895 -0.149781 -0.0871327
0.645308 0.0851789 1.12107 0.210261 1.60139 3.41198 0.576637 0.0718418 1.1617 0.199379 1.57566 3.38913
-2.17902 -1.91066 -3.03803 -0.792784 1.24742 -1.6371 -2.22726 -1.95173 -2.99674 -0.771837 1.20566 -1.64372
-1.56634 -1.62652 -1.10379 0.599417 1.23351 3.37873 -1.591 -1.6422 -1.11166 0.612514 1.26475 3.36156
-0.0510396 -1.83821 -1.68397 -0.850731 1.33989 -1.43628 -0.0750008 -1.88654 -1.71079 -0.884704 1.32612 -1.42225
-3.57952 -2.1253 -2.66544 0.98928 1.61167 2.76012 -3.66345 -2.14854 -2.65399 0.971251 1.58686 2.72596
-0.479844 -5.49752 -1.52725 -2.39669 0.488054 -2.72205 -0.496485 -5.54328 -1.53593 -2.39595 0.458599 -2.71825
-0.163183 -1.71867 -0.781874 0.0674674 0.222801 -0.191533 -0.222871 -1.76304 -0.814135 0.109888 0.227821 -0.163413
-1.83571 -1.93803 -2.39476 0.251015 0.278682 0.266913 -1.83926 -1.95834 -2.38378 0.269823 0.294986 0.274672
1.24947 -0.0492142 -0.330538 0.534503 1.84298 3.18228 1.23971 -0.0134317 -0.298858 0.529726 1.81628 3.15827
-3.20487 -3.16997 -0.606351 -0.327107 -0.135652 -0.346858 -3.28304 -3.14859 -0.678486 -0.328194 -0.158147 -0.387
-0.542437 0.525792 1.78714 0.174085 -0.164188 -0.866028 -0.491597 0.504509 1.71828 0.181858 -0.189468 -0.906583
-2.35874 -3.21572 -0.65709 0.971489 1.20549 3.17697 -2.38951 -3.23808 -0.633609 1.00573 1.19699 3.18152
1.4512 -0.6268 0.150592 -0.461499 0.28943 -0.132041 1.37703 -0.672579 0.116744 -0.438376 0.287004 -0.150725
-4.4235 -2.58619 -3.47422 0.756077 1.41481 2.30858 -4.52092 -2.55606 -3.492 0.746425 1.39025 2.28816
-4.2208 -0.54431 4.32331 -0.449224 2.09068 1.06086 -4.30213 -0.599997 4.23853 -0.393039 2.05015 1.03487
-2.47384 -0.36732 3.27247 3.00686 0.758052 0.0718019 -2.5008 -0.373527 3.27601 3.02929 0.769445 0.0365542
-1.00148 -0.0447765 0.582468 0.30923 0.479987 0.115655 -1.08121 -0.0992739 0.533805 0.311151 0.475537 0.061108
-6.53368 -5.04925 -1.63188 2.26776 -2.04578 0.613445 -6.65019 -5.08417 -1.63382 2.28135 -2.02317 0.608674
-1.90221 -2.21728 -2.9113 0.560169 0.0394758 -0.0517306 -1.91092 -2.14922 -2.89954 0.560284 0.0177089 -0.0420874
0.134123 0.266895 -1.35405 0.385572 2.0556 2.66208 0.181018 0.3937 -1.33994 0.430908 2.02913 2.61872
-1.26715 -1.25588 -3.66827 0.775144 0.914505 2.64012 -1.28463 -1.20127 -3.66315 0.749883 0.875988 2.63187
8.11839 4.51556 2.36503 -0.195114 1.5504 -3.82301 8.1529 4.55 2.28273 -0.220486 1.50733 -3.79919
0.662653 0.125147 0.517459 1.64043 1.60636 2.66778 0.686717 0.129177 0.538621 1.61966 1.59337 2.64494
2.0719 2.73645 1.38096 -0.0887159 -0.677656 0.497311 2.0584 2.78159 1.2779 -0.0927684 -0.691306 0.480298
3.91114 0.904057 3.16043 -0.580848 -0.0541329 -0.378326 3.8418 0.853674 3.08661 -0.526489 -0.0289935 -0.347497
1.96927 2.46069 1.80981 1.12439 0.946803 2.72799 2.00791 2.47329 1.68431 1.12305 0.93606 2.70047
-5.70455 -3.5456 -4.13646 0.61729 1.25312 2.39935 -5.76076 -3.51699 -4.13729 0.615116 1.23345 2.37809
1.60669 3.15309 0.103888 -0.307215 0.71541 -0.319513 1.52906 3.22244 0.140569 -0.309287 0.763956 -0.312087
-0.962256 -0.739627 0.710224 0.190519 -0.158833 0.169367 -0.957952 -0.711387 0.787299 0.187629 -0.171841 0.200507
-7.11294 -0.218326 -5.22082 3.55391 -0.171416 -2.23831 -7.11104 -0.209454 -5.15505 3.54604 -0.151468 -2.19767
-7.90677 -1.94028 -7.66499 -1.39021 -1.49129 -1.73464 -7.88348 -1.89538 -7.57003 -1.38107 -1.45661 -1.73274
-7.16896 4.54312 -7.09361 -1.06843 -4.36225 -0.661472 -7.15406 4.71832 -6.99706 -1.04193 -4.33614 -0.673995
-1.59035 -0.446599 0.205189 -0.415589 0.321955 0.153745 -1.53078 -0.38388 0.217064 -0.440668 0.316278 0.178316
-2.93715 -3.03504 -2.82962 0.414557 -0.89315 0.366536 -2.92365 -3.0833 -2.79435 0.44028 -0.842961 0.374701
-0.289795 -0.0106549 -0.343656 0.081548 -0.125582 -0.547448 -0.364814 -0.070329 -0.375518 0.0402227 -0.143726 -0.542027
-4.26722 -4.11011 -4.83815 -0.377545 -0.15037 0.474602 -4.10002 -4.05432 -4.76997 -0.359664 -0.179664 0.454131
-6.38802 -3.49847 -3.01542 0.125214 -0.508984 -0.41178 -6.28987 -3.52402 -3.01155 0.0990646 -0.491106 -0.351187
0.563073 -1.67566 0.510877 0.127614 0.974466 -1.69345 0.586649 -1.70168 0.543665 0.166588 0.992884 -1.64409
0.680401 -1.63436 -1.38472 -0.333353 0.364923 -0.195341 0.723937 -1.64383 -1.36384 -0.350669 0.360939 -0.195922
-1.5066 0.939239 0.246624 -0.373069 0.641591 -0.279631 -1.44755 0.950665 0.251656 -0.401289 0.655992 -0.258952
1.09921 1.27985 0.0946392 -0.849713 1.08606 -0.536256 1.08456 1.23326 0.0513959 -0.858822 1.09456 -0.545606
-3.17602 -3.74136 -1.80828 0.00867819 -0.133904 -0.0151798 -3.25528 -3.81588 -1.81866 0.0252554 -0.12388 -0.0295673
-2.46889 -2.77441 -2.40688 -0.807798 1.58649 -1.1281 -2.42928 -2.66166 -2.35726 -0.816011 1.5765 -1.11582
-1.51075 -1.64703 -2.25508 0.358301 -0.668697 0.3449 -1.54899 -1.70233 -2.23123 0.36945 -0.71788 0.332695
-1.46452 -2.28128 -8.65695 -4.41861 -3.40996 -0.922304 -1.36014 -2.12451 -8.56005 -4.44357 -3.3893 -0.945037
1.13337 -0.357492 -5.54171 -1.70159 -4.01315 -3.21885 1.25015 -0.314037 -5.472 -1.72092 -4.00687 -3.18909
1.44637 -10.091 -5.31041 3.11001 -0.855945 2.23956 1.50067 -10.0862 -5.30419 3.11532 -0.90897 2.23892
-0.636484 -0.646461 1.08239 -0.498559 0.817743 -1.2455 -0.789936 -0.726504 0.900374 -0.503502 0.766115 -1.21922
-0.721817 -4.85325 -9.66723 -2.57758 -3.83486 3.0852 -0.57951 -4.7572 -9.53803 -2.62857 -3.84838 3.04877
-1.70129 0.903528 -0.697958 0.0256467 -0.0397651 -0.628797 -1.69457 0.894129 -0.662344 0.0394298 0.00477512 -0.667551
5.80555 6.65633 -1.31109 -3.84157 4.15293 -0.997482 5.87341 6.72452 -1.38695 -3.86992 4.1035 -0.94952
1.56264 3.43606 2.62137 -0.0951629 1.55307 -1.46315 1.50295 3.38707 2.59219 -0.0788813 1.55573 -1.45529
0.362342 0.817126 -0.478652 -0.178149 0.93702 -1.54931 0.279561 0.73943 -0.544756 -0.144036 0.939227 -1.55512
-4.42066 -4.46146 -1.66511 -0.864412 0.912832 -0.887747 -4.44359 -4.47245 -1.66531 -0.874806 0.936119 -0.912472
-0.634906 -1.29383 -1.54542 0.789686 -0.0748611 -0.218949 -0.598526 -1.24299 -1.53094 0.751217 -0.0884812 -0.231363
-4.69965 -3.59186 -3.10773 -0.17293 -0.605757 -0.417026 -4.71849 -3.59968 -3.20878 -0.173838 -0.546068 -0.462783
-3.05693 -5.37507 -3.17985 0.458195 0.120435 0.256037 -3.08187 -5.40537 -3.09763 0.492486 0.138214 0.222789
6.2601 2.62089 -5.81005 1.43057 3.54619 0.766624 6.40604 2.75737 -5.71046 1.42757 3.54865 0.766158
-2.3494 -2.90604 -2.64538 0.150241 -0.0485563 -0.246607 -2.34119 -2.95522 -2.67064 0.157303 -0.045003 -0.245413
-1.25363 -0.566804 0.0225967 0.486645 -0.14741 0.126869 -1.24758 -0.562299 0.0489422 0.466685 -0.148947 0.142564
0.303397 1.25367 -1.77057 -0.0784326 0.377912 0.0632873 0.277824 1.1668 -1.82275 -0.100472 0.443243 0.123645
-0.568549 0.374978 1.61197 0.773066 -0.227215 -0.327295 -0.585992 0.405655 1.58363 0.746651 -0.220551 -0.343418
2.89049 1.85454 2.02731 0.333559 0.661966 0.530539 2.77151 1.78783 1.96475 0.326663 0.649611 0.54587
-1.76097 -2.69238 -0.617093 -0.256985 -0.435512 0.370111 -1.73301 -2.69092 -0.633667 -0.215356 -0.387752 0.314037
0.703229 1.17713 2.58305 -0.178536 -0.559877 0.32368 0.723472 1.07757 2.48771 -0.173559 -0.55294 0.326128
10.4589 2.86462 0.102455 -3.35408 -4.29427 4.86727 10.5769 2.95284 0.141126 -3.37436 -4.28056 4.8733
-8.06255 2.88896 -6.98108 1.53437 -3.31263 -3.97401 -8.06902 2.89324 -6.92684 1.5798 -3.26636 -3.96117
-5.13689 -5.48944 -5.51952 -0.363454 -0.0706969 -0.413865 -5.03663 -5.40324 -5.34306 -0.337476 -0.0467025 -0.445888
-0.590215 0.962435 -0.882789 -0.548367 1.01664 -1.04535 -0.608534 0.798887 -0.989916 -0.518291 1.05048 -1.03557
-2.85318 -2.10712 -1.41064 -0.379517 0.175271 -0.386225 -2.83172 -2.04615 -1.41958 -0.35103 0.134379 -0.373035
1.12191 1.33135 1.19146 -0.220063 0.880499 -0.546555 1.17962 1.36676 1.19617 -0.234404 0.892924 -0.581201
-2.13976 -2.79698 -2.29068 0.233172 -0.151524 -0.46751 -2.14365 -2.78672 -2.24353 0.262631 -0.15808 -0.484962
-1.31834 -0.890888 -1.23396 -0.278788 -0.352284 0.171226 -1.28327 -0.813244 -1.20934 -0.313024 -0.416489 0.195368
-3.77792 -3.38824 -4.30577 -1.09705 0.706552 -0.295769 -3.77301 -3.39637 -4.37054 -1.09932 0.71734 -0.293635
-0.619343 -1.6069 -1.53112 0.124882 -0.00418013 0.375832 -0.682721 -1.54919 -1.47516 0.132089 0.0429154 0.40351
-0.474343 -1.24303 -1.07726 0.181171 0.204457 0.6544 -0.457717 -1.33652 -1.1047 0.183084 0.255904 0.657131
0.086585 -0.649165 0.498733 -0.926078 -0.285266 0.149263 0.0600714 -0.582343 0.499162 -0.937139 -0.288682 0.0985469
-0.198896 0.600233 -2.05727 -0.866053 0.867475 -1.44579 -0.190004 0.590792 -1.97059 -0.896422 0.845328 -1.443
-2.6049 -3.4485 -0.444122 -0.196123 -0.217542 -0.563636 -2.62464 -3.49147 -0.478963 -0.18657 -0.222912 -0.560401
0.440879 -1.03229 -1.20898 -0.131072 -0.369582 0.714966 0.429795 -1.04144 -1.19578 -0.124933 -0.416882 0.713015
10.6506 13.3641 -1.83966 0.247092 0.291301 1.11094 10.7565 13.4033 -1.84821 0.277825 0.272213 1.11965
-2.32565 -2.60157 -1.45445 -0.118827 0.283129 0.224775 -2.17595 -2.58969 -1.37609 -0.132065 0.268781 0.210987
-0.623471 0.409601 -1.22715 -0.514772 0.299232 -0.835776 -0.612467 0.444795 -1.20971 -0.526298 0.304569 -0.790693
-3.15757 -4.61752 -3.90623 0.695527 -0.0682246 -0.644535 -3.25985 -4.78519 -3.94056 0.692174 -0.0603378 -0.611393
-0.691613 -1.69735 -1.59297 -0.0981053 0.0769209 0.214801 -0.699181 -1.69983 -1.56159 -0.101533 0.101856 0.2104
13.6413 17.8375 5.77451 -1.01649 -0.984833 1.52125 13.784 17.8308 5.70164 -0.979857 -0.905546 1.50053
2.16628 0.775734 -0.423854 -0.712023 -0.0603911 0.622711 2.22374 0.761487 -0.433776 -0.700532 -0.0523601 0.649536
-0.743578 -0.460469 -1.46904 -0.0863512 -0.179983 -0.48651 -0.776665 -0.505971 -1.46128 -0.0621021 -0.194199 -0.485542
-1.01463 -3.66995 -1.75196 -0.597027 0.303609 0.00489995 -0.901029 -3.72913 -1.84391 -0.610976 0.330174 0.00759124
-4.56785 -3.9549 -2.66965 0.263507 -0.958255 -0.1441 -4.60059 -3.91392 -2.63923 0.280243 -0.951392 -0.151465
15.4984 4.21667 14.8378 0.0493688 4.53118 3.43628 15.8 4.30547 15.0455 0.0484353 4.61397 3.43462
-13.7301 -13.1389 -11.9671 -2.08266 3.59456 2.44229 -13.8795 -13.2924 -11.9359 -2.10701 3.57896 2.4579
1.69162 3.24904 3.03981 0.278374 0.258915 -0.45609 1.67709 3.29208 3.05762 0.286951 0.257621 -0.447268
-2.64498 -3.78905 -3.73762 -0.326327 -0.418568 -0.530525 -2.70979 -3.80376 -3.80374 -0.336731 -0.449882 -0.535999
-1.59686 -2.54903 -0.597582 0.287389 0.0269417 -0.124113 -1.61587 -2.58758 -0.62568 0.28003 0.00285774 -0.113069
2.07079 0.76302 -0.990522 0.235271 0.617965 0.158746 2.03672 0.766071 -1.00816 0.240799 0.613425 0.155127
-2.13869 -1.59135 -0.538965 0.016627 0.460971 0.267417 -2.13801 -1.60702 -0.564702 0.017714 0.429876 0.230684
-2.922 -3.26815 -4.06598 0.0679521 0.471463 0.0546836 -3.00071 -3.34399 -4.09705 0.037975 0.459428 0.0543771
-13.4301 -14.4695 -12.58 0.684811 -0.758498 -2.0916 -13.5515 -14.6372 -12.5146 0.683091 -0.775507 -2.09592
-2.63188 -1.49512 -1.35218 -0.394285 0.404297 -0.24313 -2.61313 -1.50077 -1.3502 -0.379614 0.414921 -0.251536
-2.81883 -0.342071 -1.87381 0.161984 -0.0655688 0.109937 -2.81854 -0.278623 -1.93771 0.183395 -0.109203 0.112008
0.305755 1.39747 0.780386 -0.344651 0.313244 0.111831 0.289795 1.39064 0.827968 -0.333592 0.359042 0.0923141
0.910835 0.102846 -0.19306 0.040204 -0.626621 0.039282 0.843731 0.00705938 -0.208978 0.00981738 -0.65307 0.0630527
-2.16203 -1.63927 0.335715 0.150443 0.543547 0.0865597 -2.1002 -1.58035 0.412647 0.0672391 0.530643 0.111411
-1.47957 -0.986455 -1.65287 0.166759 -0.679163 -0.279322 -1.42618 -0.902909 -1.73469 0.178024 -0.653078 -0.259804
0.118644 0.596449 -0.131683 -0.737545 0.7487 -0.0858132 0.0829228 0.585482 -0.270415 -0.750026 0.76633 -0.106081
-2.01866 -2.49836 -2.07153 0.346064 0.418789 -0.828945 -1.96373 -2.52831 -2.12512 0.345408 0.496112 -0.860877
11.2452 16.8853 18.9506 3.50259 3.19503 -0.728629 11.2796 17.0819 18.9246 3.54821 3.22389 -0.730634
-2.39846 -1.03116 -1.13389 -0.0563441 -0.459798 0.267658 -2.39074 -1.01297 -1.08785 -0.0517207 -0.480727 0.291801
0.245727 2.07466 0.664637 0.482014 -0.17927 -0.155142 0.243807 2.0157 0.697275 0.493161 -0.164851 -0.149738
-3.40162 -1.45272 -2.38282 0.0378022 0.0598147 0.330411 -3.49954 -1.4832 -2.47572 0.0307044 0.0628517 0.334893
2.55433 -1.1713 0.284022 0.124522 -0.341711 0.386632 2.589 -1.2028 0.278863 0.138473 -0.345878 0.426213
-3.01153 -2.88377 -2.2304 -0.282087 -0.0161751 0.17714 -2.98526 -2.83352 -2.30134 -0.292708 -0.0199583 0.17908
-3.84861 -4.30641 -2.59566 -0.0206961 0.399571 -0.459282 -3.83394 -4.25357 -2.56559 0.0127431 0.372691 -0.469685
-14.5401 -12.6577 -8.58406 2.6434 2.96092 1.67307 -14.7579 -12.823 -8.58403 2.61409 2.92457 1.68105
0.456652 1.26711 0.383013 -0.711265 -0.626727 -0.732744 0.506298 1.41141 0.419024 -0.689604 -0.628632 -0.799628
-2.75757 -3.10438 -1.59511 -0.080524 -0.265643 0.0480393 -2.76283 -3.13718 -1.58855 -0.127624 -0.269638 0.0621012
-2.46082 -3.88476 -0.76255 0.0215033 0.0202593 0.107981 -2.40024 -3.84009 -0.748923 0.0534623 0.0126882 0.157953
-0.657203 -1.54791 -2.84761 -0.399964 0.63758 0.316113 -0.753743 -1.55284 -3.00883 -0.411427 0.662606 0.321117
-1.11454 -2.30498 -1.0068 0.0571633 0.0277065 0.627914 -1.23113 -2.36007 -1.04581 0.0519055 0.0258849 0.624391
-2.17518 -1.81458 -0.640255 0.119653 -0.0901535 0.383037 -2.2707 -1.9058 -0.800978 0.154593 -0.0892888 0.368607
0.332627 0.010417 -1.50041 0.233267 0.0898614 0.102558 0.313051 0.0848375 -1.49663 0.234524 0.080182 0.131221
-1.59342 -0.996762 -1.68842 -0.0137331 -0.0845851 0.0365758 -1.59008 -0.982778 -1.64118 -0.013611 -0.0820214 0.0393499
-3.58859 -3.88714 -1.8436 -0.759081 0.496353 0.444662 -3.50295 -3.83571 -1.86349 -0.806214 0.519051 0.460599
0.0933013 -1.40821 0.673464 0.144689 -0.0984895 0.768573 0.0554977 -1.35773 0.703184 0.141348 -0.114075 0.755656
2.50324 0.775339 1.43726 0.000151306 0.484949 -0.314074 2.48884 0.788383 1.46453 0.0109386 0.480801 -0.29076
-1.29246 -0.0570645 -0.274212 -0.842831 0.667813 -0.640156 -1.30755 -0.0922907 -0.341704 -0.867086 0.687505 -0.675031
-1.55002 -1.3353 -1.54824 -0.123802 -0.393435 -0.207554 -1.58495 -1.34821 -1.63362 -0.134754 -0.402488 -0.213354
0.155218 -2.99037 -1.22217 0.429608 0.228873 -0.118524 0.0386463 -3.07102 -1.29832 0.454224 0.310347 -0.112635
-0.855344 -0.675422 1.29227 0.185392 0.343977 0.759131 -0.835057 -0.543213 1.31154 0.2027 0.313316 0.781504
-1.56967 -3.29361 -3.52306 0.0190166 0.43004 -0.406885 -1.55855 -3.21539 -3.43998 0.00736228 0.437475 -0.411973
-3.76859 -2.37901 -2.84204 -0.366777 0.482817 -0.613206 -3.71268 -2.32951 -2.77552 -0.348922 0.506538 -0.57445
-0.770717 -1.10695 -0.276513 0.403514 0.397594 0.14715 -0.865453 -1.14384 -0.155762 0.363668 0.425085 0.127011
-0.592579 -0.882838 -1.11719 0.279011 0.130633 0.0644456 -0.494511 -0.798451 -1.07055 0.264969 0.181157 0.0631808
-1.25129 -0.035051 -0.170169 0.219444 0.356915 -0.0346063 -1.12823 0.0125114 -0.0469085 0.214146 0.361111 -0.0538634
-1.69453 -0.498713 -0.511505 0.369135 -1.19846 -0.0972039 -1.76348 -0.530019 -0.600646 0.389238 -1.22534 -0.0790621
-1.56724 -0.622532 -1.6691 -0.00631856 -0.374513 0.360296 -1.61754 -0.661634 -1.70348 -0.0341736 -0.349746 0.35022
0.571132 -1.35677 -1.49295 0.190884 -0.138001 0.398388 0.491022 -1.42032 -1.49775 0.215236 -0.0604472 0.402501
