-7.31832 -7.31848
-7.30818 -7.30793
-7.32931 -7.32925
-7.3361 -7.33612
-7.32107 -7.32092
-7.31924 -7.31941
-7.32983 -7.33008
-7.31861 -7.319
-7.32551 -7.32571
-7.28981 -7.28988
-7.32902 -7.32908
-7.33016 -7.33027
-7.28263 -7.28243
-7.3381 -7.33846
-7.33279 -7.33274
-7.32421 -7.32411
-7.30145 -7.30125
-7.3429 -7.34278
-7.32602 -7.32607
-7.28239 -7.2823
-7.31338 -7.31333
-7.31943 -7.31948
-7.26357 -7.26357
-7.32321 -7.323
-7.33031 -7.33016
-7.32515 -7.32536
-7.2841 -7.28397
-7.32168 -7.32178
-7.3303 -7.33031
-7.30961 -7.30947
-7.32306 -7.32326
-7.31911 -7.31918
-7.33351 -7.33344
-7.34229 -7.34227
-7.30624 -7.30613
-7.29474 -7.29461
-7.3284 -7.32874
-7.32927 -7.32955
-7.34255 -7.3423
-7.32578 -7.32586
-7.3147 -7.31489
-7.30678 -7.30655
-7.3422 -7.34247
-7.31712 -7.31745
-7.33684 -7.33675
-7.29209 -7.29198
-7.31423 -7.31409
-7.32097 -7.32078
-7.34522 -7.34493
-7.3311 -7.33112
-7.32802 -7.32813
-7.29519 -7.29465
-7.30855 -7.30839
-7.35245 -7.35257
-7.34942 -7.34965
-7.29079 -7.29031
-7.32183 -7.32159
-7.29125 -7.29132
-7.33378 -7.33394
-7.30984 -7.30992
-7.30422 -7.3042
-7.33653 -7.33638
-7.33192 -7.33208
-7.31916 -7.31902
-7.3025 -7.30241
-7.33577 -7.33568
-7.32018 -7.31971
-7.3285 -7.3284
-7.32017 -7.3202
-7.32303 -7.32325
-7.28643 -7.2865
-7.32666 -7.3266
-7.31953 -7.31927
-7.32166 -7.32169
-7.34244 -7.34233
-7.31472 -7.31455
-7.31874 -7.31871
-7.32778 -7.32813
-7.29296 -7.29271
-7.29754 -7.29754
-7.31765 -7.31762
-7.32507 -7.32532
-7.33176 -7.3318
-7.32463 -7.32452
-7.29754 -7.29773
-7.31545 -7.31556
-7.32796 -7.32804
-7.30651 -7.30627
-7.33801 -7.33821
-7.30852 -7.30876
-7.33274 -7.33278
-7.34344 -7.34347
-7.32696 -7.32693
-7.32762 -7.3277
-7.31515 -7.31528
-7.34061 -7.34063
-7.34259 -7.34271
-7.29501 -7.29497
-7.33726 -7.3369
-7.31317 -7.31301
-7.44311 -7.44339
-7.33891 -7.33861
-7.38306 -7.38277
-7.40165 -7.40139
-7.42432 -7.42441
-7.42133 -7.42146
-7.33493 -7.33496
-7.33293 -7.33326
-7.40232 -7.40226
-7.35308 -7.35316
-7.32891 -7.32886
-7.32902 -7.32902
-7.34432 -7.34434
-7.39917 -7.3992
-7.39215 -7.39174
-7.37151 -7.3714
-7.34954 -7.3493
-7.41363 -7.41383
-7.35487 -7.35475
-7.37351 -7.3735
-7.37801 -7.37818
-7.33193 -7.33186
-7.34932 -7.34906
-7.37757 -7.37748
-7.38528 -7.38514
-7.39336 -7.39306
-7.40294 -7.40277
-7.35492 -7.35491
-7.34258 -7.34242
-7.35391 -7.35389
-7.37425 -7.37402
-7.39814 -7.39789
-7.37291 -7.37308
-7.38136 -7.38155
-7.34299 -7.34304
-7.43912 -7.4393
-7.35756 -7.35746
-7.32996 -7.3298
-7.43023 -7.43034
-7.38013 -7.38003
-7.3539 -7.35408
-7.35259 -7.3527
-7.34772 -7.34748
-7.38062 -7.38077
-7.39042 -7.39056
-7.35375 -7.35415
-7.35814 -7.35815
-7.34014 -7.33987
-7.36442 -7.36442
-7.3944 -7.39412
-7.34834 -7.3482
-7.35015 -7.35008
-7.35934 -7.35936
-7.40946 -7.40967
-7.3432 -7.34324
-7.33824 -7.33843
-7.38092 -7.38096
-7.37274 -7.37288
-7.34339 -7.34346
-7.36292 -7.36269
-7.40364 -7.40383
-7.32761 -7.32777
-7.33663 -7.33641
-7.35232 -7.3525
-7.41152 -7.4115
-7.39887 -7.39889
-7.35837 -7.35856
-7.37903 -7.37918
-7.36931 -7.36921
-7.38203 -7.38242
-7.3448 -7.34494
-7.35861 -7.35849
-7.41112 -7.41117
-7.33801 -7.33791
-7.36267 -7.36277
-7.38108 -7.38101
-7.38681 -7.38713
-7.34278 -7.34279
-7.37039 -7.37072
-7.33806 -7.33836
-7.34052 -7.34051
-7.34776 -7.34768
-7.42667 -7.42692
-7.38039 -7.38055
-7.33273 -7.33263
-7.35702 -7.35666
-7.39334 -7.39345
-7.36764 -7.36808
-7.37156 -7.37163
-7.33585 -7.33585
-7.38052 -7.38044
-7.38438 -7.38431
-7.37182 -7.37189
-7.34564 -7.34562
-7.34792 -7.34797
-7.36635 -7.36648
