3.33011 5.80987 8.24351 -2.68757 -2.29456 3.39191 3.35688 5.90507 8.28272 -2.71501 -2.25274 3.43798
-13.1184 -9.36255 -9.19017 0.593361 2.32955 3.6377 -13.2138 -9.45179 -9.21502 0.580364 2.3502 3.67123
0.189886 0.842691 -5.5971 2.03053 -1.68382 -4.93406 0.263557 0.874381 -5.5948 2.02995 -1.6642 -4.94649
-4.90614 -3.33148 -2.41605 0.167912 3.86807 -2.82898 -4.88088 -3.34408 -2.38812 0.171357 3.92005 -2.88513
1.20168 -0.301747 -5.4717 -1.69897 -3.96576 -3.16249 1.25015 -0.314037 -5.472 -1.72092 -4.00687 -3.18909
-0.683529 -4.80921 -9.62749 -2.6132 -3.82558 3.02346 -0.57951 -4.7572 -9.53803 -2.62857 -3.84838 3.04877
-7.18399 4.66301 -7.03124 -1.06557 -4.3343 -0.671633 -7.15406 4.71832 -6.99706 -1.04193 -4.33614 -0.673995
5.90706 6.69776 -1.29858 -3.86244 4.08979 -0.950836 5.87341 6.72452 -1.38695 -3.86992 4.1035 -0.94952
2.59047 1.1121 -7.52936 -2.46768 -1.99695 -2.10249 2.63354 1.24826 -7.45689 -2.48854 -1.99908 -2.12377
-14.9464 -11.6565 -14.6978 2.36381 0.742413 1.34339 -14.9903 -11.6713 -14.6232 2.36457 0.72687 1.36524
-10.6204 -0.268417 -4.53793 2.22856 -3.27934 -2.86908 -10.6293 -0.277725 -4.54271 2.2362 -3.30967 -2.87221
-7.83049 -1.89207 -7.55747 -1.37349 -1.47929 -1.73509 -7.88348 -1.89538 -7.57003 -1.38107 -1.45661 -1.73274
-13.4809 -11.3002 -13.8363 -1.49033 -1.46437 -2.70577 -13.5371 -11.3797 -13.7883 -1.49153 -1.46758 -2.73233
0.00944821 1.61485 -5.56191 0.228776 -2.54157 0.334071 0.0218662 1.673 -5.56832 0.21996 -2.55491 0.367078
-7.46588 -2.93921 -3.08595 1.78322 -3.76421 0.0749589 -7.51354 -2.9729 -3.04479 1.79945 -3.80007 0.092886
-5.01013 -10.5767 -9.68305 -1.73371 -0.236677 -2.35764 -5.06238 -10.6238 -9.65854 -1.74263 -0.27793 -2.35936
10.6322 13.2674 -1.86106 0.28214 0.278746 1.13218 10.7565 13.4033 -1.84821 0.277825 0.272213 1.11965
-4.37131 -0.529075 3.99758 3.30146 -0.426694 1.30309 -4.4483 -0.589273 3.9461 3.32255 -0.418781 1.28714
-5.12604 -7.90425 -2.6786 -0.847221 0.0946092 4.44543 -5.17344 -7.97345 -2.67718 -0.838184 0.0837933 4.4906
-14.6774 -12.737 -8.65564 2.59457 2.92166 1.69176 -14.7579 -12.823 -8.58403 2.61409 2.92457 1.68105
0.569398 -7.16409 -0.749731 -3.72688 -4.10905 3.26802 0.54163 -7.13512 -0.728556 -3.74647 -4.16384 3.31744
6.40621 -3.33867 9.36568 -2.51921 4.02944 -3.07055 6.33043 -3.38107 9.37339 -2.53624 4.04427 -3.10369
-14.1688 -14.9354 -15.0576 1.77508 -2.94306 3.31779 -14.1701 -14.9675 -14.9412 1.76836 -2.96193 3.33666
-11.0143 -6.60531 -7.70786 3.3111 3.31553 -0.0876553 -11.0861 -6.62861 -7.72791 3.30341 3.32202 -0.0844538
-4.94223 -2.63095 1.14273 2.55172 -1.25014 0.458134 -5.01002 -2.66837 1.14343 2.58163 -1.25016 0.459026
-1.50622 -7.85799 -5.08555 3.71474 4.54614 4.94292 -1.53698 -7.90435 -5.08483 3.69676 4.58346 4.96046
-13.5106 -13.6449 -13.9935 2.18132 0.515639 -1.98019 -13.5832 -13.6912 -13.9403 2.16466 0.549223 -2.00523
6.72613 -6.5296 7.31821 0.177278 -3.48665 -2.56402 6.72218 -6.56209 7.19035 0.170692 -3.52195 -2.5947
7.35947 6.42502 7.21652 4.56006 -0.76693 -2.50058 7.34095 6.43254 7.17483 4.55693 -0.783393 -2.54266
10.4855 2.9674 0.237036 -3.35469 -4.23558 4.80827 10.5769 2.95284 0.141126 -3.37436 -4.28056 4.8733
-0.694006 8.42671 -2.35262 -1.38195 -4.20287 1.82405 -0.672079 8.49705 -2.40449 -1.34412 -4.2665 1.84019
-6.38071 8.03249 3.61175 -3.94915 -2.80995 0.3253 -6.35398 8.03675 3.60025 -3.96698 -2.83918 0.337902
0.891441 -1.25117 -4.31699 0.788174 4.35338 -1.58054 0.936768 -1.21589 -4.26261 0.782246 4.40114 -1.61019
2.52789 -1.52081 -2.67548 -4.06439 -3.66515 -2.35957 2.53517 -1.55028 -2.73451 -4.09435 -3.7068 -2.39879
12.1319 7.85434 15.9718 -2.3901 3.17252 0.758242 12.1922 7.86066 16.037 -2.4256 3.28737 0.777783
-13.8448 -13.2762 -12.043 -2.08593 3.56458 2.42529 -13.8795 -13.2924 -11.9359 -2.10701 3.57896 2.4579
-6.81856 -8.6643 -11.3794 2.95083 1.3746 -0.394839 -6.81732 -8.63599 -11.3346 2.95556 1.3873 -0.374708
1.47457 3.03574 11.7522 -2.31216 4.79367 0.972474 1.44835 2.99851 11.7577 -2.31878 4.83523 0.988484
0.158454 3.59382 -2.12053 -1.82845 -2.54559 -4.20452 0.171717 3.61873 -2.15433 -1.84372 -2.59664 -4.27544
4.37569 -2.52932 -1.95577 -0.442793 3.75871 -3.31598 4.4167 -2.54775 -2.01648 -0.469302 3.73052 -3.33311
3.24906 -9.76031 -4.37945 1.14806 3.52433 3.66798 3.29062 -9.7351 -4.38734 1.15251 3.51856 3.68421
-13.9347 -13.621 -11.752 0.698327 -0.369707 -0.626017 -14.0326 -13.7187 -11.6967 0.7178 -0.387759 -0.624678
3.76428 -2.67002 -1.07351 -2.26983 1.42467 -2.36646 3.78938 -2.61096 -1.016 -2.25609 1.42502 -2.40003
10.5878 1.54532 11.6076 -0.314088 -2.01575 -3.04513 10.5404 1.54321 11.5418 -0.339359 -1.99492 -3.1292
1.34865 6.96448 4.12414 1.6145 3.72493 0.478079 1.4208 7.08786 4.11339 1.60342 3.76722 0.485995
-13.4461 -11.868 -13.8203 -3.32331 0.938067 1.78291 -13.5255 -11.9572 -13.7533 -3.33273 0.922565 1.80704
-7.73927 -1.06108 5.70537 3.03283 1.26269 4.29528 -7.75859 -1.0991 5.7365 3.08275 1.2612 4.324
0.503457 -9.70749 -8.70629 3.55673 -0.295967 4.00722 0.541753 -9.73309 -8.6851 3.58512 -0.31207 4.02933
-4.70693 -6.65198 2.16288 -2.60266 2.23169 0.368975 -4.8243 -6.72659 2.16841 -2.63678 2.25842 0.397977
4.66949 -3.05794 3.96796 -1.73368 -3.241 3.05488 4.68712 -3.11073 3.89902 -1.78033 -3.25072 3.11699
-5.88974 -5.78216 3.97695 1.82937 1.47948 0.493177 -5.94394 -5.86728 3.98718 1.84559 1.44744 0.477863
-14.7269 -11.8465 -8.44938 -3.34748 2.59899 1.97001 -14.8142 -11.9764 -8.44577 -3.36452 2.60926 1.99371
8.57783 0.130177 -3.8682 5.22935 -3.04634 3.33277 8.73434 0.199214 -3.9221 5.23726 -3.08387 3.3677
-0.504089 -5.48499 -1.53846 -2.39113 0.464663 -2.70212 -0.496485 -5.54328 -1.53593 -2.39595 0.458599 -2.71825
6.96794 2.40861 4.88242 2.27403 1.59156 -3.05044 6.94316 2.4419 4.87398 2.25707 1.59672 -3.09594
-12.6603 -9.26752 -7.95071 3.57319 -1.73064 2.29397 -12.7293 -9.37739 -7.91817 3.60238 -1.7441 2.32196
-1.44275 -2.19412 -8.60036 -4.4462 -3.38279 -0.922567 -1.36014 -2.12451 -8.56005 -4.44357 -3.3893 -0.945037
-13.5532 -14.6551 -12.6532 0.698333 -0.758359 -2.05539 -13.5515 -14.6372 -12.5146 0.683091 -0.775507 -2.09592
2.59225 -8.47513 -2.1196 1.29275 -1.13201 -1.76841 2.64303 -8.43947 -2.0415 1.27807 -1.16921 -1.7982
12.7056 8.30874 13.8689 -3.17721 -1.31954 1.5607 12.7444 8.32042 13.801 -3.2193 -1.33032 1.57915
3.04824 14.8342 10.1516 3.45129 -0.105165 3.40423 3.07164 14.9161 10.1675 3.47472 -0.100812 3.49182
6.25085 -5.84103 -0.967517 0.134673 2.52958 -1.80532 6.27935 -5.8079 -1.0168 0.158248 2.54841 -1.85354
-1.52969 -4.0758 -7.74058 -3.86917 -0.745002 -3.83688 -1.49324 -4.02991 -7.69422 -3.87308 -0.754502 -3.85073
-12.5734 -3.98616 -10.4979 0.793511 2.6627 0.688897 -12.6218 -3.97238 -10.4722 0.791122 2.67801 0.668077
-6.42447 -10.7105 0.8907 2.85904 3.36677 1.15078 -6.60738 -10.8154 0.804663 2.86327 3.33468 1.17554
-0.209162 6.43376 4.31158 1.77094 -1.63964 -2.3327 -0.25969 6.46387 4.29767 1.78372 -1.67362 -2.40863
-12.5778 -10.1342 -8.83245 -0.27577 -1.62249 -2.49479 -12.7016 -10.2385 -8.81637 -0.258765 -1.61829 -2.52981
-8.07985 -5.54027 -4.91838 2.60401 -1.5592 -2.83517 -8.10577 -5.52401 -4.85912 2.60057 -1.56052 -2.86357
1.50276 -10.0409 -5.28738 3.1139 -0.85873 2.17968 1.50067 -10.0862 -5.30419 3.11532 -0.90897 2.23892
10.6186 10.2209 12.7059 2.02255 -3.44217 2.13624 10.6351 10.1755 12.6614 2.01552 -3.47052 2.18625
11.3532 17.1039 18.9523 3.53755 3.11866 -0.742602 11.2796 17.0819 18.9246 3.54821 3.22389 -0.730634
-1.98464 1.15825 8.48155 -0.891711 -4.55102 0.0868197 -2.01763 1.077 8.4653 -0.888054 -4.61712 0.0719879
2.37508 8.01458 -2.5056 -3.66767 2.95724 -4.04257 2.47701 8.16688 -2.51735 -3.6814 2.95328 -4.05558
-11.2616 2.16728 -7.82959 -2.59086 4.07632 3.2762 -11.3343 2.16019 -7.7949 -2.60569 4.10731 3.31545
-2.46146 -0.324494 3.31513 3.00651 0.800856 0.0387544 -2.5008 -0.373527 3.27601 3.02929 0.769445 0.0365542
6.27895 2.6672 -5.72857 1.44337 3.52616 0.755138 6.40604 2.75737 -5.71046 1.42757 3.54865 0.766158
-8.79408 -3.43641 -6.29999 -0.889141 3.84743 -2.23822 -8.83188 -3.48497 -6.2922 -0.879036 3.87088 -2.24268
4.30824 -2.50757 6.87035 1.04924 -0.332572 4.4524 4.28345 -2.52014 6.84447 1.06658 -0.302229 4.43616
2.85673 12.8331 15.4377 -3.52548 5.41459 -2.91865 2.96175 12.925 15.5474 -3.59308 5.5741 -2.98315
-10.6889 -14.155 -11.4303 2.59739 2.85085 0.79719 -10.7711 -14.1906 -11.3395 2.61028 2.87403 0.778623
-2.1014 9.0579 6.18657 1.68408 -5.32522 1.3744 -2.08683 9.15457 6.17525 1.68103 -5.4095 1.39545
5.1968 9.39094 10.3447 -1.37647 -3.51821 -0.270988 5.19375 9.38722 10.2979 -1.39333 -3.56928 -0.306797
-7.04542 -0.149656 -5.09724 3.53654 -0.169653 -2.21844 -7.11104 -0.209454 -5.15505 3.54604 -0.151468 -2.19767
-6.72918 1.37348 1.10563 -3.91579 -0.0601524 2.45487 -6.76414 1.32173 1.11051 -3.93601 -0.0385565 2.47182
13.8105 17.7855 5.94054 -0.947737 -0.928892 1.51957 13.784 17.8308 5.70164 -0.979857 -0.905546 1.50053
3.22065 -2.09931 10.4683 -2.77397 4.3234 -3.71751 3.19464 -2.16544 10.4215 -2.78351 4.37119 -3.76608
5.27088 7.07068 8.22119 1.65231 3.2739 0.507774 5.26417 7.08004 8.15431 1.70785 3.35976 0.512005
15.9846 11.7352 5.85696 3.91365 -4.88751 1.65814 16.0204 11.8668 5.82209 3.95341 -4.97251 1.68099
-4.83131 -6.21133 -3.26853 -2.95744 0.190868 2.72351 -4.87643 -6.22614 -3.23173 -2.97342 0.189469 2.71202
-8.10265 2.81728 -6.98034 1.57449 -3.23454 -3.95426 -8.06902 2.89324 -6.92684 1.5798 -3.26636 -3.96117
7.25105 -4.75755 -0.0860587 -4.02395 2.17079 0.965707 7.35776 -4.75496 -0.064034 -4.04296 2.19822 0.946622
-0.30392 -0.328556 3.61412 -2.10237 -3.0989 3.31196 -0.400757 -0.415946 3.54999 -2.16438 -3.12131 3.31408
-10.6573 -5.15712 -2.2994 -1.62835 -2.81217 -0.311109 -10.7406 -5.20915 -2.35882 -1.619 -2.82913 -0.371159
-6.44607 2.35332 -0.449984 -2.85675 4.35786 -1.60445 -6.45167 2.35944 -0.436507 -2.90186 4.40278 -1.63055
-11.506 -11.2791 -13.5895 -2.37989 0.517629 2.37794 -11.5559 -11.349 -13.5278 -2.37582 0.534115 2.41567
-6.59422 -5.01985 -1.69011 2.25387 -2.0383 0.593278 -6.65019 -5.08417 -1.63382 2.28135 -2.02317 0.608674
-4.261 -0.562395 4.2436 -0.403871 2.07483 1.05182 -4.30213 -0.599997 4.23853 -0.393039 2.05015 1.03487
15.7271 4.28374 15.0655 0.0660936 4.54127 3.36832 15.8 4.30547 15.0455 0.0484353 4.61397 3.43462
8.0467 4.53837 2.29543 -0.225718 1.50693 -3.76607 8.1529 4.55 2.28273 -0.220486 1.50733 -3.79919
-14.0276 -10.6959 -8.09754 0.319513 -0.0425303 -1.76993 -14.0529 -10.7503 -8.00167 0.338671 -0.0233114 -1.77315
0.668381 0.287679 0.491975 -0.636758 1.47825 -1.50575 0.624232 0.280386 0.425253 -0.632123 1.48027 -1.52786
-0.322714 -1.08577 -0.91808 0.593195 1.71772 2.663 -0.273105 -1.00571 -0.872853 0.587541 1.72642 2.718
-5.13358 -4.60317 -5.13703 -0.369655 1.36084 -1.40176 -5.15661 -4.59009 -5.12626 -0.36186 1.33765 -1.43358
0.147337 1.4088 0.521726 -0.906463 1.48807 -1.44596 0.0430224 1.39139 0.477383 -0.874418 1.44881 -1.43886
-2.7242 -1.52004 -0.977594 -0.923799 1.14142 -1.24413 -2.74214 -1.5241 -0.985515 -0.938821 1.16266 -1.2589
1.24527 1.12127 -0.451751 2.27488 -3.36988 -1.18992 1.22269 1.06233 -0.510187 2.29596 -3.42018 -1.20685
-0.197807 0.956921 0.714728 0.66763 1.60516 2.68362 -0.130097 0.982278 0.757907 0.675017 1.64502 2.71647
-5.76589 -3.53224 -4.15619 0.593936 1.22583 2.35606 -5.76076 -3.51699 -4.13729 0.615116 1.23345 2.37809
1.63971 -0.570094 1.47187 -0.67386 1.24983 -1.81756 1.59179 -0.655873 1.40648 -0.678394 1.26936 -1.83803
-3.62673 -2.1911 -2.66676 1.00855 1.57329 2.71655 -3.66345 -2.14854 -2.65399 0.971251 1.58686 2.72596
-3.2535 -2.61987 -3.88175 -0.271111 1.51446 3.12937 -3.21456 -2.58806 -3.85575 -0.262723 1.49063 3.09031
2.29075 2.87453 2.09993 2.71611 -3.77221 -1.56958 2.35536 2.91784 2.12555 2.73705 -3.81397 -1.60729
-1.53894 -1.73124 -2.20484 0.788307 -0.622533 -1.23048 -1.46718 -1.6763 -2.14794 0.781548 -0.619961 -1.26231
-0.37148 -0.262787 -0.476144 2.36801 -3.40646 -1.21382 -0.412446 -0.299965 -0.494956 2.38877 -3.42224 -1.20779
-3.8552 -4.89815 -3.78509 -0.542287 1.27303 -1.31338 -3.87493 -4.93854 -3.81142 -0.556652 1.25947 -1.30999
2.80192 3.20484 4.0269 -0.456484 1.55351 -1.91373 2.83673 3.16167 4.02792 -0.453147 1.58006 -1.9573
-0.666114 -0.580584 1.01599 0.212236 2.11032 3.14782 -0.646282 -0.488007 1.04572 0.177606 2.10836 3.15758
-0.364318 -0.188575 -1.44378 1.6713 -2.9902 -0.779948 -0.413998 -0.230783 -1.48173 1.69356 -2.98477 -0.801703
-0.0810781 -0.484434 -0.702323 0.844979 2.27392 2.86209 -0.0538241 -0.381337 -0.683769 0.867776 2.26723 2.90733
0.0365372 -0.355196 -0.461116 2.52066 -3.18585 -1.26678 0.0265994 -0.376685 -0.502555 2.52712 -3.20843 -1.28276
-2.50312 -3.19716 -2.5131 0.203845 -1.06628 -1.61528 -2.47644 -3.18931 -2.50191 0.187798 -1.06449 -1.63788
-1.75371 -3.25956 -0.939592 0.452653 1.5219 2.67056 -1.7128 -3.22232 -0.873471 0.425528 1.54419 2.68888
2.4138 2.06802 2.35095 0.423578 -0.406287 -1.35749 2.4915 2.21477 2.4626 0.430734 -0.42715 -1.38262
-1.32212 -1.65664 -1.30399 0.195718 -0.625436 -1.69416 -1.29144 -1.64519 -1.31816 0.18401 -0.645321 -1.71518
2.7901 2.46696 0.803542 0.093577 -1.43147 -1.64313 2.86062 2.5151 0.774533 0.109389 -1.45125 -1.66311
-3.17378 -1.52428 -2.8475 -0.656019 1.51209 -1.40348 -3.23711 -1.52057 -2.85336 -0.630936 1.47227 -1.41816
2.41711 1.52166 2.48849 -0.370648 1.1384 -1.47225 2.34857 1.48688 2.39336 -0.348099 1.13331 -1.46873
-3.49969 -3.41952 -3.57923 0.465473 -0.640494 -1.33959 -3.50023 -3.41092 -3.58882 0.47623 -0.610892 -1.32849
-0.110013 1.34569 0.405437 0.30685 1.4235 2.67015 -0.10193 1.41119 0.428447 0.296208 1.41344 2.66159
-1.27158 -0.567561 -1.72173 0.882052 1.83272 2.64282 -1.22791 -0.475256 -1.68495 0.867656 1.85098 2.65292
-1.26989 -2.93142 -1.28654 0.648022 2.24642 2.56923 -1.25067 -2.92807 -1.31083 0.641325 2.26464 2.57129
-0.774698 0.335525 -0.767299 -0.535918 1.29633 -1.53546 -0.768003 0.420159 -0.716125 -0.543636 1.31063 -1.56782
0.27375 1.90457 1.17668 0.742791 1.76769 3.22709 0.312148 1.92812 1.17591 0.74934 1.75675 3.24688
4.40521 4.5577 3.47114 0.906078 2.59455 3.37181 4.39047 4.58866 3.39871 0.908571 2.62699 3.40548
2.40736 0.813883 2.79784 0.563783 -0.896546 -2.22066 2.47066 0.922793 2.86494 0.575234 -0.89451 -2.2459
-0.973194 -1.64055 -0.657105 -0.560823 1.34949 -1.42459 -1.0318 -1.67655 -0.684301 -0.578604 1.36091 -1.44977
-3.57696 -5.20517 -3.75991 1.76933 -2.61521 -0.941013 -3.54101 -5.18213 -3.72534 1.79674 -2.60737 -0.959731
-0.174282 0.689391 -0.156298 0.273594 2.22934 4.09464 -0.00781773 0.82758 -0.00916537 0.319828 2.27602 4.11195
-0.460972 -0.787494 -1.12104 2.11976 -3.16786 -1.26781 -0.526942 -0.858624 -1.19549 2.12958 -3.20245 -1.26851
-0.870746 -2.309 -3.60476 0.944128 2.26218 3.98672 -0.864747 -2.26706 -3.62619 0.916057 2.28311 4.02209
-1.77153 -1.53544 -0.781391 1.18724 1.64117 3.28593 -1.78056 -1.495 -0.783612 1.14196 1.65779 3.30853
-1.73687 -2.31832 -1.82995 0.667074 1.58633 2.77088 -1.65489 -2.26221 -1.79487 0.694577 1.60031 2.79092
-1.15747 -0.490304 0.0679318 0.182277 1.77411 2.95636 -1.19576 -0.407283 0.0447154 0.206122 1.75373 2.99258
-0.545042 0.551324 0.636341 0.490935 -1.25684 -1.6907 -0.540007 0.537482 0.623074 0.510612 -1.27258 -1.71226
0.687786 -0.657553 -1.82196 0.941152 2.17975 2.81254 0.711341 -0.622678 -1.82546 0.941184 2.20695 2.82399
-9.26887 -6.62792 -6.79625 0.736074 1.70191 2.95834 -9.27551 -6.64477 -6.77679 0.742532 1.70929 2.97931
-0.465404 -0.906537 -0.233357 0.635115 -1.41966 -1.43382 -0.465681 -0.82463 -0.24609 0.631655 -1.42824 -1.44989
-2.21007 -1.78292 -1.88335 0.574018 1.73246 3.40567 -2.1075 -1.64653 -1.8008 0.567125 1.74063 3.40687
-0.899499 -0.0204651 0.769181 0.482352 1.92781 3.01904 -0.910989 0.00666287 0.802229 0.467141 1.947 3.03859
-0.448227 -3.11179 -0.96072 -0.694998 1.29483 -1.61092 -0.497448 -3.17286 -1.01828 -0.707373 1.29839 -1.60238
1.00195 0.693761 0.325909 0.843744 2.57553 2.89068 1.01824 0.747739 0.368953 0.825703 2.53967 2.93863
0.52058 4.5263 4.2441 0.307979 2.18721 2.85973 0.658385 4.60968 4.27493 0.285881 2.18914 2.85426
-4.0114 -3.0216 -1.73766 0.136216 -0.591882 -1.48233 -4.05437 -3.06255 -1.74501 0.12412 -0.615561 -1.49534
-0.297796 1.02623 1.82901 2.0671 -2.99439 -1.27867 -0.323312 0.958364 1.76135 2.07536 -3.03077 -1.25899
-3.87859 -2.23152 -4.13632 0.993292 2.16062 3.26271 -3.84054 -2.18474 -4.10959 0.973429 2.17841 3.23636
-0.590344 -0.912944 -0.118025 0.400836 1.69868 2.62131 -0.487417 -0.87468 -0.00598094 0.38545 1.71194 2.63844
-2.10135 -1.3489 -0.584448 1.08088 1.89343 3.00485 -2.07572 -1.36559 -0.576412 1.09103 1.90227 3.00031
-0.362068 0.612974 -0.469911 2.50225 -3.23601 -1.80717 -0.358712 0.646803 -0.427826 2.51694 -3.24185 -1.82559
-4.50164 -2.57842 -3.51091 0.746346 1.38677 2.27299 -4.52092 -2.55606 -3.492 0.746425 1.39025 2.28816
-0.926345 -3.08533 -1.89641 2.16804 -2.7031 -0.767065 -0.914482 -3.0477 -1.90255 2.16257 -2.72668 -0.7538
-0.829731 -0.372882 -2.21858 -0.431955 1.17014 -1.58806 -0.857295 -0.34308 -2.21882 -0.466474 1.19748 -1.61676
-1.56499 -1.02971 -2.67476 0.155404 1.27385 2.70892 -1.5185 -0.942069 -2.63546 0.129803 1.2714 2.67436
-0.961434 1.03458 -2.43001 0.347596 1.26691 2.57363 -0.86736 1.16183 -2.42821 0.348784 1.26871 2.53938
-1.646 -1.47981 -1.00036 0.306677 -0.507566 -1.3939 -1.59238 -1.50748 -0.972419 0.293193 -0.50922 -1.4419
-2.80777 -2.74864 -2.35158 -0.43053 1.61845 -1.46622 -2.86152 -2.76623 -2.38903 -0.431884 1.60724 -1.47349
0.103965 -0.0555934 0.874601 1.93125 -3.02582 -1.27994 0.136936 -0.0794464 0.879817 1.97774 -3.03159 -1.26153
0.240273 2.90627 2.64171 0.533567 2.26459 3.22078 0.335741 2.95299 2.66339 0.550815 2.26772 3.22983
-0.379725 -1.63216 -1.2036 1.00348 -1.37774 -1.77891 -0.358806 -1.65929 -1.20417 1.00388 -1.40488 -1.80075
2.07486 0.727586 2.29765 0.673686 -0.636621 -1.50117 2.11644 0.824651 2.35814 0.693004 -0.636512 -1.51043
-0.893873 0.158181 -0.531311 2.11867 -2.75505 -1.45173 -0.836345 0.17136 -0.486657 2.08403 -2.75193 -1.44843
-0.515786 0.419322 0.33437 0.0973692 1.9642 2.72661 -0.395096 0.54385 0.345192 0.0903907 1.99101 2.734
-0.501627 -0.190296 -0.398957 0.45636 -0.786311 -1.58263 -0.46424 -0.189548 -0.342939 0.418226 -0.77272 -1.57187
1.13712 0.617674 0.868811 -1.12691 1.53808 -1.25123 1.07332 0.611132 0.866572 -1.12903 1.54097 -1.25714
-0.154067 1.3992 0.991894 0.167718 1.7102 2.97205 -0.109447 1.39958 1.0134 0.161861 1.76949 3.01347
-1.51503 -1.47305 -1.91575 2.45374 -3.1303 -1.48154 -1.47779 -1.43144 -1.86853 2.48129 -3.14441 -1.51057
-1.45177 -1.50236 -1.82022 0.659766 -0.805414 -1.51623 -1.41419 -1.48681 -1.83304 0.678076 -0.804156 -1.56556
-0.144241 -0.158206 -0.21089 0.258854 -0.743825 -1.90251 -0.14114 -0.150156 -0.217755 0.259489 -0.745321 -1.89334
-2.10316 -1.85677 -1.51487 1.02502 1.03714 2.70763 -1.9777 -1.7984 -1.49259 1.0379 1.07666 2.71169
1.07372 2.30846 2.66922 0.354186 -0.877305 -1.74872 1.07482 2.29154 2.59396 0.348298 -0.907223 -1.76744
0.0935253 0.258339 -1.41618 0.376837 2.01924 2.66919 0.181018 0.3937 -1.33994 0.430908 2.02913 2.61872
0.0142859 0.737326 -0.239366 0.722705 1.97067 3.66968 0.0789688 0.77485 -0.199845 0.697841 1.96292 3.66608
1.2139 -0.10951 -0.340252 0.539823 1.82268 3.14227 1.23971 -0.0134317 -0.298858 0.529726 1.81628 3.15827
2.2832 2.00853 2.22314 -0.696506 1.40577 -1.47596 2.19747 1.95566 2.19022 -0.712909 1.38585 -1.48986
3.03756 2.39206 3.06356 0.614491 1.5891 2.70855 3.03068 2.43797 2.95919 0.64148 1.61136 2.72774
-0.876237 -2.71112 -1.56239 0.47619 1.67962 3.16757 -0.784203 -2.63658 -1.50986 0.441609 1.6593 3.20448
-0.107322 -2.25413 -0.409994 0.472806 1.95962 3.29751 -0.139807 -2.24744 -0.419982 0.490195 1.99553 3.32688
0.527178 1.08289 -0.322213 0.444571 -0.603881 -1.95147 0.541545 1.11592 -0.329195 0.440834 -0.604576 -1.9725
0.15399 -2.87768 -0.125863 0.56641 -0.885894 -2.14681 0.18519 -2.85881 -0.140835 0.542611 -0.864388 -2.15068
-2.85959 -3.58059 -3.39892 0.053995 1.93153 3.28171 -2.75923 -3.54412 -3.39448 0.0636294 1.94678 3.30732
1.37998 -0.249773 1.07058 -0.00689674 1.50943 3.78413 1.44824 -0.157414 1.05209 -0.00379117 1.51718 3.78836
-2.58088 -1.7854 -1.84571 0.96705 1.68755 3.18468 -2.56127 -1.78719 -1.85206 0.943147 1.69442 3.21228
-1.76807 -2.72731 -3.3511 0.0063531 -0.580909 -1.30044 -1.74386 -2.73834 -3.37339 0.0244998 -0.546058 -1.32031
0.554975 0.339751 0.841307 0.5905 1.54331 2.7372 0.569575 0.406803 0.829329 0.594531 1.58488 2.75432
-0.525675 -0.874792 -1.07004 0.905838 1.58801 2.89788 -0.501186 -0.747145 -1.0031 0.904007 1.58454 2.92559
-1.26142 -2.83783 -2.45979 0.610711 1.86896 3.3041 -1.21867 -2.74079 -2.36491 0.624528 1.88936 3.31871
-1.6771 -2.23529 -1.3611 0.232265 -0.197399 -1.79748 -1.61831 -2.22608 -1.35496 0.224623 -0.201071 -1.83036
