9.86144 22.4235 22.7271 -3.98995 -5.86902 -3.25527 9.93727 22.5424 22.7793 -4.02958 -5.96549 -3.28231
-0.23215 -0.981122 0.170545 0.696587 -1.03777 -0.632677 -0.191543 -0.998265 0.109683 0.639257 -1.01746 -0.610004
0.470958 0.313908 0.277961 -0.195866 -0.0527667 -0.0159312 0.423945 0.267773 0.215149 -0.197502 -0.0656067 -0.0146372
-12.4598 -6.313 -10.2819 -3.03781 2.46971 1.31779 -12.4672 -6.31201 -10.2463 -3.03042 2.44646 1.3285
-3.48359 10.6957 10.0802 2.50218 -0.497043 3.04219 -3.44389 10.6226 10.1014 2.47926 -0.549715 3.05711
-7.13934 -1.97053 -1.64951 0.872818 -0.972749 -2.1439 -7.14102 -1.99503 -1.6885 0.884756 -0.980008 -2.124
-3.89756 -1.879 -2.87937 0.672837 -1.32932 -1.23671 -3.90876 -1.89159 -2.87362 0.652103 -1.38269 -1.2456
-15.1512 -13.103 -13.4806 -2.15935 0.341254 -2.39031 -15.1936 -13.1182 -13.4656 -2.14417 0.346606 -2.38562
16.3039 13.0812 7.93368 3.09925 0.849572 4.56743 16.4294 13.1805 7.89265 3.13518 0.884019 4.64501
1.64455 0.00638768 2.37895 -0.503734 1.64457 -1.15907 1.70076 0.019896 2.40487 -0.483434 1.65111 -1.17613
3.35339 0.528718 3.11021 1.1855 4.79458 -2.18713 3.33188 0.530402 3.01077 1.17773 4.77498 -2.23783
-10.7186 -10.8938 2.82264 -1.79346 2.06993 -1.29481 -10.7703 -11.0114 2.89929 -1.75486 2.05661 -1.32209
-1.90633 -0.314802 -1.67496 -0.149908 0.0904026 0.311353 -1.92855 -0.396592 -1.73081 -0.16787 0.0887936 0.297761
0.206747 3.92877 -1.80328 0.313846 -1.00749 3.35312 0.177283 3.88167 -1.76931 0.334478 -1.02853 3.35295
-1.07937 -0.83525 -1.63679 -0.0079099 -1.06172 -1.22278 -1.08236 -0.835025 -1.66843 0.0213614 -1.08901 -1.19551
-3.91825 -3.13974 -3.09255 1.90865 -1.6011 -0.45277 -3.87346 -3.08321 -3.04557 1.89078 -1.57747 -0.446823
-9.19669 -5.15001 -7.98763 -1.28929 2.34499 -0.770929 -9.12072 -5.12947 -7.94172 -1.27367 2.35032 -0.792755
-1.80009 -2.75521 -4.29683 -0.588042 1.69722 -1.47289 -1.77892 -2.687 -4.27929 -0.601584 1.67234 -1.4397
-0.425286 1.16589 -1.49266 -0.0104362 -0.586466 -1.3385 -0.487294 1.07599 -1.45983 -0.0445212 -0.618691 -1.33672
0.154887 4.8685 3.21019 1.89422 -3.82494 -1.81973 0.17853 4.91655 3.21065 1.8801 -3.84865 -1.80672
-3.26822 -1.97266 -2.60456 0.779891 -0.644911 -1.87744 -3.19876 -1.96573 -2.56271 0.79694 -0.652378 -1.90658
1.66856 -0.107882 -6.85369 -0.626541 2.38642 2.09249 1.69374 -0.122966 -6.80461 -0.617495 2.39328 2.09574
6.37171 12.3526 -4.5023 3.48429 -0.812136 5.09677 6.49502 12.4376 -4.41231 3.51227 -0.803296 5.14
18.5435 13.9196 21.367 -2.00059 0.0732015 -1.40145 18.5774 13.8054 21.3377 -2.0136 0.108898 -1.44641
-17.3583 -17.8303 -16.5088 1.50449 -0.269613 0.949377 -17.4404 -17.8947 -16.587 1.53639 -0.287485 0.972467
