0.637705 1.45005 1.46968 -0.258016 -0.379529 -0.210507 0.642609 1.45774 1.47306 -0.260579 -0.385767 -0.212256
-0.0169573 -0.0716655 0.0124574 0.0508819 -0.0758034 -0.0462136 -0.0139912 -0.0729178 0.00801178 0.0466942 -0.0743201 -0.0445574
0.0325644 0.0217052 0.0192196 -0.0135432 -0.00364856 -0.00110156 0.0293137 0.0185152 0.0148765 -0.0136563 -0.00453638 -0.00101209
-0.955599 -0.484173 -0.788565 -0.232984 0.189413 0.101067 -0.956168 -0.484097 -0.785834 -0.232417 0.18763 0.101889
-0.241008 0.73997 0.697386 0.17311 -0.0343873 0.21047 -0.238261 0.734911 0.698851 0.171525 -0.0380314 0.211502
-0.519229 -0.143313 -0.119966 0.0634782 -0.070746 -0.155921 -0.519352 -0.145094 -0.122801 0.0643464 -0.0712739 -0.154474
-0.29544 -0.142431 -0.21826 0.0510019 -0.100764 -0.0937441 -0.296289 -0.143385 -0.217824 0.0494303 -0.10481 -0.0944179
-1.21103 -1.04731 -1.07749 -0.172595 0.0272763 -0.191056 -1.21442 -1.04853 -1.0763 -0.171382 0.027704 -0.190681
1.08347 0.869302 0.527228 0.205959 0.0564578 0.303526 1.09181 0.875901 0.524502 0.208347 0.058747 0.308682
0.116494 0.000452482 0.168517 -0.0356829 0.116496 -0.0821048 0.120476 0.00140937 0.170353 -0.0342449 0.116959 -0.0833131
0.233766 0.036857 0.216814 0.0826414 0.334231 -0.152465 0.232266 0.0369745 0.209882 0.0820995 0.332865 -0.156
-0.807096 -0.820289 0.212541 -0.135045 0.155863 -0.0974971 -0.810984 -0.829144 0.218312 -0.132138 0.15486 -0.099551
-0.134883 -0.022274 -0.118513 -0.0106069 0.00639649 0.02203 -0.136456 -0.0280611 -0.122465 -0.0118778 0.00628265 0.0210683
0.0146577 0.278537 -0.127847 0.0222507 -0.0714278 0.237725 0.0125688 0.275198 -0.125439 0.0237134 -0.0729196 0.237714
-0.0780144 -0.0603702 -0.118304 -0.000571712 -0.0767389 -0.0883799 -0.0782308 -0.060354 -0.120591 0.00154396 -0.0787114 -0.0864091
-0.291657 -0.233708 -0.230195 0.142071 -0.119178 -0.0337022 -0.288323 -0.2295 -0.226698 0.140741 -0.11742 -0.0332595
-0.689694 -0.386219 -0.599022 -0.0966885 0.175859 -0.0578148 -0.683996 -0.384678 -0.595579 -0.0955171 0.176259 -0.0594516
-0.131569 -0.20138 -0.314057 -0.0429803 0.124051 -0.107654 -0.130022 -0.196394 -0.312776 -0.0439701 0.122232 -0.105228
-0.0309718 0.0849071 -0.108704 -0.000760025 -0.0427099 -0.0974777 -0.0354876 0.0783599 -0.106313 -0.0032423 -0.0450567 -0.0973482
0.0106898 0.336007 0.221556 0.130732 -0.263984 -0.125592 0.0123215 0.339324 0.221588 0.129758 -0.26562 -0.124694
-0.244724 -0.147712 -0.195029 0.0583981 -0.0482909 -0.140583 -0.239523 -0.147194 -0.191895 0.0596748 -0.04885 -0.142765
0.120897 -0.0078167 -0.49659 -0.0453966 0.17291 0.151613 0.122721 -0.00890957 -0.493034 -0.0447411 0.173407 0.151848
0.445335 0.863355 -0.314677 0.243526 -0.0567623 0.356226 0.453953 0.869294 -0.308388 0.245482 -0.0561444 0.359248
1.19261 0.89523 1.3742 -0.128666 0.0047079 -0.0901333 1.19479 0.887886 1.37232 -0.129503 0.00700367 -0.0930249
-1.43637 -1.47542 -1.36607 0.124494 -0.0223099 0.078559 -1.44316 -1.48075 -1.37254 0.127133 -0.0237888 0.0804696
