-7.33354 -7.33341
-7.34698 -7.34663
-7.29034 -7.29
-7.32793 -7.32823
-7.33344 -7.33361
-7.24733 -7.24771
-7.33548 -7.3354
-7.27681 -7.27698
-7.30517 -7.30514
-7.30996 -7.30993
-7.35436 -7.35421
-7.31734 -7.31732
-7.34819 -7.34837
-7.32303 -7.32302
-7.30393 -7.30386
-7.33099 -7.33103
-7.33095 -7.33125
-7.33511 -7.33511
-7.31401 -7.31428
-7.32083 -7.32108
-7.34772 -7.34788
-7.29738 -7.2972
-7.34926 -7.34942
-7.34446 -7.34463
-7.24548 -7.24515
-7.33199 -7.33202
-7.32984 -7.32968
-7.28126 -7.28067
-7.30927 -7.30944
-7.30726 -7.30724
-7.33214 -7.33232
-7.31597 -7.3162
-7.25825 -7.25842
-7.32292 -7.32301
-7.31132 -7.31131
-7.3 -7.30006
-7.30899 -7.3091
-7.28228 -7.2822
-7.32727 -7.32743
-7.34645 -7.34662
-7.33459 -7.33458
-7.3013 -7.30083
-7.32381 -7.32362
-7.30178 -7.30269
-7.2972 -7.29714
-7.33855 -7.33848
-7.3056 -7.30531
-7.3322 -7.33242
-7.32128 -7.32117
-7.32737 -7.32752
-7.3311 -7.3311
-7.32221 -7.32197
-7.32702 -7.32697
-7.29155 -7.29141
-7.342 -7.34214
-7.33391 -7.33406
-7.31258 -7.31251
-7.29233 -7.2924
-7.2819 -7.28184
-7.32431 -7.32421
-7.32792 -7.32795
-7.32632 -7.32651
-7.2984 -7.2979
-7.32591 -7.32583
-7.32947 -7.32943
-7.30255 -7.30257
-7.31174 -7.31148
-7.32885 -7.32906
-7.31856 -7.31869
-7.3206 -7.32095
-7.33736 -7.3374
-7.35111 -7.351
-7.33208 -7.33203
-7.31034 -7.31054
-7.32796 -7.32797
-7.34222 -7.34207
-7.31226 -7.31236
-7.28382 -7.28378
-7.33513 -7.33515
-7.28245 -7.28225
-7.33302 -7.33261
-7.33844 -7.33827
-7.31259 -7.31255
-7.33924 -7.33907
-7.33979 -7.33972
-7.30829 -7.30838
-7.31073 -7.31064
-7.29927 -7.29903
-7.3409 -7.34069
-7.31765 -7.31808
-7.31593 -7.31576
-7.31327 -7.31337
-7.32767 -7.32785
-7.31273 -7.31258
-7.3104 -7.31104
-7.31941 -7.31912
-7.29799 -7.29771
-7.28966 -7.28969
-7.33127 -7.33137
-7.33719 -7.33719
-7.45473 -7.45438
-7.44855 -7.44868
-7.44796 -7.44794
-7.44592 -7.44593
-7.4443 -7.44435
-7.44167 -7.44157
-7.44006 -7.44002
-7.43858 -7.43868
-7.43813 -7.43816
-7.43621 -7.43624
-7.43466 -7.43467
-7.43221 -7.4323
-7.43064 -7.43073
-7.43036 -7.43057
-7.42576 -7.42575
-7.42542 -7.42525
-7.42619 -7.42633
-7.4271 -7.42702
-7.42075 -7.4206
-7.41883 -7.41895
-7.4168 -7.41687
-7.41626 -7.41613
-7.41744 -7.4174
-7.40656 -7.40664
-7.40824 -7.40837
-7.34109 -7.34122
-7.39241 -7.39233
-7.38754 -7.38747
-7.38882 -7.38885
-7.38413 -7.38415
-7.39176 -7.39194
-7.37899 -7.37906
-7.38098 -7.38093
-7.38154 -7.38159
-7.37675 -7.37685
-7.36682 -7.36691
-7.36815 -7.36836
-7.37073 -7.37056
-7.379 -7.37874
-7.36733 -7.36742
-7.36498 -7.36482
-7.3629 -7.3628
-7.36668 -7.36667
-7.36704 -7.36715
-7.36162 -7.362
-7.3632 -7.36279
-7.34574 -7.34591
-7.36117 -7.36147
-7.36616 -7.36616
-7.36213 -7.36222
-7.37346 -7.37334
-7.31903 -7.31836
-7.32013 -7.32037
-7.31896 -7.31888
-7.3192 -7.3191
-7.30921 -7.30896
-7.31817 -7.31787
-7.32771 -7.32769
-7.3063 -7.30621
-7.29796 -7.29839
-7.30463 -7.30475
-7.27991 -7.2803
-7.30362 -7.30326
-7.27916 -7.27968
-7.30325 -7.30303
-7.27187 -7.2721
-7.29703 -7.29709
-7.28308 -7.28359
-7.28595 -7.28661
-7.26751 -7.26722
-7.28093 -7.28109
-7.27049 -7.26997
-7.26421 -7.2643
-7.25667 -7.25601
-7.27317 -7.27317
-7.33573 -7.33598
-7.339 -7.33914
-7.33996 -7.33987
-7.32528 -7.32523
-7.32317 -7.32312
-7.31575 -7.31573
-7.31895 -7.31911
-7.31185 -7.3115
-7.31412 -7.31394
-7.31045 -7.31037
-7.28775 -7.28791
-7.31131 -7.3116
-7.28659 -7.28615
-7.29804 -7.29767
-7.31607 -7.31665
-7.30663 -7.30644
-7.30528 -7.30524
-7.29933 -7.29933
-7.30216 -7.3021
-7.30151 -7.30185
-7.29447 -7.29465
-7.28224 -7.28219
-7.25943 -7.25894
-7.27905 -7.27902
-7.26538 -7.26506
