-1.97779 3.24712 3.48304 0.152658 4.10943 -1.05096 -1.99533 3.11891 3.41165 0.164139 4.08485 -1.05987
-1.28703 1.53525 -6.09327 -1.14001 -2.87685 0.62511 -1.27862 1.58101 -6.11491 -1.15799 -2.85999 0.605332
-14.2798 -13.0576 -9.50755 -1.07452 3.41439 0.553544 -14.3492 -13.1511 -9.43445 -1.05262 3.43056 0.54446
-3.31765 7.69836 6.09294 -0.417592 -3.77888 -1.74019 -3.28287 7.65538 6.08359 -0.401411 -3.83032 -1.73398
-6.87874 -1.70885 -0.51417 -2.46195 2.01059 -1.35189 -6.83943 -1.80616 -0.523145 -2.48095 2.01245 -1.34215
-17.4519 -17.9056 -16.6918 1.52404 -0.285844 0.954027 -17.4404 -17.8947 -16.587 1.53639 -0.287485 0.972467
1.65895 -0.0903694 -6.78077 -0.638554 2.42144 2.11645 1.69374 -0.122966 -6.80461 -0.617495 2.39328 2.09574
-15.2 -13.122 -13.5589 -2.11007 0.345256 -2.37478 -15.1936 -13.1182 -13.4656 -2.14417 0.346606 -2.38562
-1.91574 -9.06382 -9.72 3.37315 -2.98646 -2.36196 -1.86278 -9.01487 -9.68694 3.38591 -2.99054 -2.37187
6.07616 9.8773 0.745265 -1.29361 -4.59654 -3.46325 6.18578 9.86691 0.737708 -1.27389 -4.62039 -3.46557
-4.20818 -1.10428 -0.711712 2.23168 -0.137446 3.31683 -4.24511 -1.14174 -0.743971 2.25648 -0.126178 3.30158
-2.37366 9.25589 3.71651 3.18947 -4.43059 -1.95438 -2.27285 9.29422 3.67439 3.20724 -4.46775 -1.99
-7.11178 -1.93811 -1.66513 0.867992 -0.969942 -2.12957 -7.14102 -1.99503 -1.6885 0.884756 -0.980008 -2.124
-6.52396 1.75028 -4.58393 1.96721 -3.64029 1.71768 -6.46786 1.73032 -4.56907 1.95486 -3.645 1.69009
-7.88466 -8.82499 4.81535 0.998557 -2.81301 -2.49213 -7.93944 -8.88569 4.76802 0.998659 -2.79077 -2.48844
-4.6222 -5.3325 1.19715 1.51644 0.847654 -3.52171 -4.69345 -5.3171 1.19277 1.5091 0.839729 -3.52489
7.98051 10.7628 9.7908 2.08466 -1.90547 1.74639 7.97275 10.8 9.77189 2.08537 -1.91916 1.78822
-1.86477 9.11159 5.3556 -3.46969 -2.79594 -4.06931 -1.80489 9.18236 5.31258 -3.49094 -2.78816 -4.06541
-9.78303 -4.45243 -1.09947 -3.65194 -3.60904 -1.68836 -9.78567 -4.56575 -1.10996 -3.64408 -3.55769 -1.68981
-6.60168 0.954451 5.23249 2.77032 -3.91276 -3.3697 -6.57271 0.815204 5.12427 2.74514 -3.88907 -3.36128
-5.27132 -4.78014 -7.74098 -0.924226 0.78465 -3.0473 -5.29988 -4.75494 -7.77 -0.917543 0.779847 -3.00658
6.40446 12.4162 -4.46502 3.43767 -0.817514 5.15564 6.49502 12.4376 -4.41231 3.51227 -0.803296 5.14
-7.18566 -9.51515 -5.81227 -1.00267 1.87394 2.24529 -7.19896 -9.44813 -5.79149 -1.05893 1.89047 2.23092
-4.4538 1.97708 0.115767 0.144014 -1.24198 3.04952 -4.41266 1.87806 0.0833722 0.141172 -1.28074 3.0395
9.85629 22.4216 22.6177 -3.9715 -5.92153 -3.21693 9.93727 22.5424 22.7793 -4.02958 -5.96549 -3.28231
-3.85972 6.26449 3.98512 4.85039 -0.417889 -1.05828 -3.84348 6.31386 3.93014 4.91105 -0.371971 -1.06177
-4.30964 -9.27888 1.2846 -2.10024 0.97949 0.549719 -4.32786 -9.3002 1.31505 -2.09983 1.00606 0.565902
-11.731 -11.5137 -0.589314 1.4766 3.68395 0.588943 -11.9051 -11.6123 -0.591411 1.49617 3.67605 0.606669
6.37195 9.85472 10.7059 0.392558 5.28418 3.26021 6.45386 9.84631 10.7214 0.429325 5.35476 3.2851
-13.879 -13.1644 -11.1995 -1.52897 0.663275 2.04403 -13.8864 -13.1389 -11.1741 -1.56221 0.659418 2.08243
3.09968 2.29188 -4.64133 3.86929 -0.858933 -4.42868 3.1609 2.34051 -4.59286 3.89849 -0.847294 -4.40757
10.4375 -5.74619 6.3541 -3.55981 1.42176 1.55546 10.5148 -5.63859 6.35082 -3.59379 1.41969 1.59609
-15.819 -16.2082 -14.4277 0.914113 2.44647 3.75797 -15.812 -16.1915 -14.2875 0.928233 2.44502 3.76378
3.53608 -7.35739 -4.602 -1.25856 -1.84093 2.26732 3.47707 -7.34037 -4.60343 -1.27165 -1.8437 2.23505
-14.1274 -9.6897 -11.9159 -2.14884 3.96483 -0.518932 -14.0701 -9.68416 -11.8862 -2.1844 3.94146 -0.537273
-0.710976 -10.733 -11.8443 2.2422 -2.30074 -3.99809 -0.675023 -10.693 -11.8355 2.28033 -2.30305 -4.01616
-13.6282 -8.40871 -14.1934 1.18571 -2.73466 -0.030914 -13.5947 -8.36037 -14.1567 1.19773 -2.72121 -0.0369049
-14.0513 -14.4809 -7.9249 -3.31691 -2.93212 -0.140446 -14.15 -14.5878 -7.87175 -3.33299 -2.91027 -0.14529
-7.64369 0.62112 -4.04057 -1.32039 2.06003 2.8644 -7.46419 0.661858 -4.04895 -1.32206 2.09825 2.86415
3.04788 -0.0294179 4.64276 -0.671233 -0.979517 2.84583 2.92805 -0.0865801 4.54254 -0.674275 -0.965818 2.84444
-3.88129 4.12786 3.15785 -0.894703 -3.21955 -1.50149 -3.85038 4.1499 3.10251 -0.908607 -3.22166 -1.49532
-10.6782 -10.9188 2.90288 -1.75681 2.03787 -1.33344 -10.7703 -11.0114 2.89929 -1.75486 2.05661 -1.32209
7.93526 -1.00931 -2.63552 1.59342 -3.60794 1.14055 7.96514 -0.955036 -2.62447 1.60832 -3.63458 1.1375
-3.51157 10.752 10.1583 2.47028 -0.572794 3.06841 -3.44389 10.6226 10.1014 2.47926 -0.549715 3.05711
15.8666 12.5518 16.0715 -2.63884 2.82044 -2.14675 15.86 12.6319 16.1359 -2.61306 2.89286 -2.1335
-5.84235 -8.58252 -7.1548 0.133925 1.67802 2.4971 -5.83821 -8.58255 -7.14446 0.133345 1.66122 2.51597
-12.2324 -12.3398 -2.92736 -2.12843 -2.20013 -0.328877 -12.353 -12.4184 -2.87146 -2.14819 -2.17234 -0.315396
4.74462 -0.789609 -5.72871 1.57948 0.965254 -3.94103 4.74665 -0.74445 -5.73848 1.55505 0.927441 -3.88758
3.97434 9.87908 -1.22919 3.88175 -2.12972 -4.54705 4.0362 10.0028 -1.15888 3.92042 -2.12646 -4.54313
5.23886 1.80122 -6.07642 2.37241 0.089791 -3.64944 5.32004 1.90105 -6.02044 2.36501 0.0370112 -3.6236
3.32672 0.555114 3.00701 1.17572 4.74258 -2.217 3.33188 0.530402 3.01077 1.17773 4.77498 -2.23783
-8.3311 -7.71824 2.67344 3.67533 -3.56054 2.2061 -8.40562 -7.82105 2.70486 3.70614 -3.52625 2.21722
-7.28576 -4.10169 -10.6957 -3.94256 -1.20975 0.676946 -7.27766 -4.07987 -10.6741 -3.94391 -1.1942 0.68661
-14.2428 -13.1341 -12.2069 -1.75669 -2.50487 0.741014 -14.2657 -13.1551 -12.1542 -1.75736 -2.51286 0.704579
-2.11654 -2.15024 3.62976 0.888464 -2.30417 0.846761 -2.15421 -2.18949 3.63563 0.886425 -2.29799 0.835689
2.99931 7.15576 -5.49221 -0.117141 -1.96995 -1.67718 3.02007 7.196 -5.45613 -0.122749 -1.95872 -1.66173
5.66214 -2.97417 -5.65668 1.22099 4.09136 -4.52411 5.72552 -2.87718 -5.61043 1.24199 4.05467 -4.52572
-13.7827 -14.8926 -9.02589 -2.92596 0.466104 -3.62044 -13.814 -14.8424 -8.86952 -2.9827 0.470835 -3.63592
18.4104 13.734 21.2045 -1.99504 0.110874 -1.40615 18.5774 13.8054 21.3377 -2.0136 0.108898 -1.44641
-8.0442 0.0162254 -8.60381 -2.86505 3.93138 -1.32958 -7.97771 0.042075 -8.59243 -2.8777 3.92568 -1.34151
-2.09672 6.18167 -3.77493 2.37016 1.85261 -0.0469014 -2.13621 6.13439 -3.81464 2.39015 1.86838 -0.0287978
-5.58455 -3.08763 -1.33407 2.15564 -3.59218 3.33848 -5.62012 -3.12255 -1.38614 2.11582 -3.56708 3.29338
16.2984 13.0093 7.90746 3.05295 0.868874 4.56593 16.4294 13.1805 7.89265 3.13518 0.884019 4.64501
5.61238 12.1899 7.07669 -2.23965 -4.95296 -3.53057 5.63365 12.1124 7.01968 -2.25152 -4.96831 -3.54783
-8.55933 -10.8029 -5.71174 1.71847 -0.319025 -3.78483 -8.60344 -10.8092 -5.71949 1.72586 -0.324861 -3.75854
-11.8277 -13.865 -11.9088 0.987476 -0.0884197 0.319391 -11.7983 -13.8339 -11.8415 0.994141 -0.073554 0.299616
11.8919 16.033 17.4011 0.601482 1.13711 -2.63893 11.9365 16.2139 17.3011 0.586682 1.1786 -2.66407
-9.70518 1.47984 -6.89084 1.24467 -0.373121 3.28093 -9.67115 1.48551 -6.90079 1.24521 -0.372546 3.27206
9.89668 4.02468 -4.20815 1.43987 -3.92231 2.38967 9.97516 4.08389 -4.17556 1.42447 -3.90764 2.40286
9.80138 6.37973 10.5412 -2.77115 -2.04155 2.80481 9.85275 6.44259 10.5506 -2.72127 -2.03987 2.78666
-9.16478 -5.04937 -8.01677 -1.27533 2.3397 -0.800114 -9.12072 -5.12947 -7.94172 -1.27367 2.35032 -0.792755
2.37159 2.79977 0.30922 -0.492613 -1.3525 2.58632 2.33476 2.78397 0.256509 -0.478947 -1.34382 2.60093
-5.08328 -8.62949 -5.4159 2.82545 -2.42407 3.87902 -5.08496 -8.64004 -5.41363 2.81302 -2.42694 3.88812
-4.42495 10.9684 9.43277 0.416419 -0.0422512 -0.601055 -4.32154 10.9769 9.44168 0.41754 -0.047268 -0.573697
6.84357 -4.97936 2.02857 -4.26016 1.19437 -1.09138 6.81476 -4.94646 1.94493 -4.2818 1.20461 -1.07793
-3.90993 -2.98073 -6.77683 1.53656 0.900156 -3.68909 -3.83399 -2.97695 -6.73568 1.53353 0.905322 -3.66021
-11.2478 -11.2703 -11.2754 0.669952 -0.955576 2.20565 -11.2549 -11.2233 -11.2022 0.652516 -0.945812 2.19108
-13.44 -12.3733 -14.3258 -2.63058 3.25402 -1.27189 -13.3819 -12.3483 -14.2646 -2.65919 3.27185 -1.29227
-2.3062 -6.00775 -2.50711 -2.73268 -3.26466 -2.43117 -2.25269 -5.94438 -2.49386 -2.71805 -3.23583 -2.3777
11.4874 15.3088 -2.62882 3.47018 -1.59941 0.581664 11.5429 15.2461 -2.7567 3.51962 -1.59067 0.571613
-0.179969 -1.11755 -4.86492 -3.8449 -3.83696 -0.351623 -0.140668 -1.10329 -4.90192 -3.89719 -3.80491 -0.311022
6.29406 0.572313 6.26073 1.57578 -1.71788 1.74727 6.324 0.585559 6.28474 1.61387 -1.73968 1.741
9.97862 8.72609 14.2205 3.40951 2.66289 3.5762 10.0525 8.89165 14.2504 3.46895 2.73055 3.65704
0.22487 3.90661 -1.74001 0.326912 -1.02462 3.38019 0.177283 3.88167 -1.76931 0.334478 -1.02853 3.35295
-10.2195 -4.27161 -6.79235 -0.216436 -0.165188 -3.23382 -10.1478 -4.20808 -6.77186 -0.224559 -0.176903 -3.23644
-8.74878 -9.78666 -3.81422 3.2942 -2.82801 3.91173 -8.77751 -9.82888 -3.77237 3.3275 -2.86168 3.89014
-2.61176 -8.90751 4.52507 3.70769 3.08538 0.810247 -2.62858 -8.90961 4.49704 3.7364 3.09604 0.784363
-13.6371 -13.4205 -7.12484 0.0311983 -3.39866 -1.77828 -13.6881 -13.4785 -7.07463 0.0328865 -3.38702 -1.78202
2.44606 -5.10796 -4.63774 -0.198829 2.64338 1.92546 2.41774 -5.07166 -4.64613 -0.215054 2.61608 1.92041
13.8542 9.23927 9.87079 -1.82856 0.330632 -4.35586 13.8751 9.25605 9.74405 -1.82796 0.387171 -4.40409
10.4793 -1.5068 8.15953 0.74382 -5.09961 1.37709 10.5271 -1.47416 8.2229 0.710639 -5.1163 1.36797
9.3493 -4.33625 5.66671 -0.729691 -3.94797 -2.17401 9.53692 -4.13971 5.71197 -0.747546 -3.96821 -2.15504
9.84764 1.2264 6.37543 -2.73863 0.863129 -4.90749 9.87301 1.28629 6.36633 -2.69323 0.891649 -4.91462
-12.5263 -6.26202 -10.2981 -3.04282 2.46674 1.35035 -12.4672 -6.31201 -10.2463 -3.03042 2.44646 1.3285
-7.32145 3.29221 8.02623 -3.59398 -0.417515 4.37382 -7.30647 3.16504 7.92168 -3.62536 -0.40779 4.35733
-2.27823 8.05227 -2.08295 2.90556 1.96638 4.64854 -2.16906 8.12864 -2.05249 2.93355 1.97988 4.70958
14.1977 10.1126 8.41139 -6.46924 -3.7601 -5.50258 14.3306 10.1986 8.36803 -6.53927 -3.78606 -5.5269
-13.8029 -11.3429 -11.7838 -2.53613 3.97265 -0.759829 -13.7457 -11.3422 -11.7053 -2.55401 3.93064 -0.749237
-7.70386 -3.54909 -9.14621 3.41582 -1.36238 -0.700139 -7.68217 -3.52096 -9.10924 3.44784 -1.34826 -0.683296
5.27904 9.57805 0.641314 0.105661 0.775851 -1.36642 5.36601 9.57567 0.624345 0.119196 0.748699 -1.38463
-4.71075 -4.56652 -4.38581 0.0203636 -0.025147 -0.0316278 -4.83067 -4.68598 -4.50723 0.0251553 -0.026362 -0.0307086
0.511478 0.332034 0.332598 -0.200325 -0.057786 -0.0267679 0.423945 0.267773 0.215149 -0.197502 -0.0656067 -0.0146372
0.0680985 0.391381 0.318543 0.0702808 -0.209907 -0.127863 -0.00471105 0.319308 0.247964 0.0612956 -0.193892 -0.150024
-0.2484 -0.136267 -0.149527 0.289872 0.229365 0.0099021 -0.339902 -0.245677 -0.237154 0.288078 0.205809 0.0133208
-0.151435 0.988754 0.497322 -0.0460752 -0.0440923 0.323737 -0.214566 0.916115 0.406376 -0.0398536 -0.0418382 0.315727
-0.941345 -0.835687 -1.05445 0.102267 0.110956 0.0826045 -0.97809 -0.875739 -1.11134 0.106339 0.0850458 0.0921212
0.233946 -0.764813 -0.60728 -0.136906 -0.114916 -0.0733438 0.17888 -0.850691 -0.70747 -0.14236 -0.10522 -0.0783139
-0.00403188 0.736753 0.773689 -0.0124017 0.0243662 0.0228048 -0.043913 0.658218 0.695687 -0.0132784 0.0429487 0.0220583
-1.0907 0.245923 -0.218859 0.303596 -0.0289348 0.0938599 -1.14549 0.207544 -0.271807 0.28531 -0.0180832 0.101743
-0.549603 0.147587 -0.0442395 0.271463 -0.037456 0.0504089 -0.578374 0.128121 -0.121602 0.258719 -0.0285915 0.0345764
-0.153745 0.0329756 -0.396192 -0.15259 -0.0205921 -0.0778974 -0.20639 -0.0166188 -0.473773 -0.150933 -0.0137152 -0.074257
0.099439 -0.499129 -0.297283 -0.156454 0.00568025 0.16213 0.0687733 -0.591746 -0.358028 -0.158689 -0.0191139 0.173128
0.279533 -0.550049 -0.285044 -0.19621 0.0126756 -0.00939607 0.171737 -0.592502 -0.367695 -0.206545 0.00660113 -0.0192262
0.787942 0.429553 0.660279 0.263122 -0.0443644 0.257134 0.779925 0.375966 0.567016 0.25542 -0.0425224 0.295266
-0.946154 -1.56635 -1.46863 0.127365 0.306201 0.0435981 -0.983141 -1.61463 -1.54678 0.126961 0.307403 0.0401145
-1.07204 -0.510103 -0.431025 -0.0491707 0.0948424 0.0978411 -1.10096 -0.499003 -0.515789 -0.0581694 0.0952072 0.0950726
-1.62634 0.304379 -0.491589 -0.229728 -0.34292 0.093443 -1.63763 0.309376 -0.505892 -0.238805 -0.338769 0.101549
-0.945561 0.665737 -0.868203 -0.0679463 -0.210835 -0.0846637 -0.96257 0.634611 -0.935454 -0.074252 -0.208911 -0.104759
-0.720538 1.1722 0.462071 -0.131986 -0.0831898 0.0347054 -0.743436 1.14738 0.421742 -0.151114 -0.070438 0.0410613
-0.495909 -0.495209 -0.837414 -0.184237 0.0138077 -0.323562 -0.520963 -0.525995 -0.914261 -0.19344 -0.00624489 -0.332586
0.336301 -0.207063 0.809907 -0.309148 -0.210841 -0.197589 0.284409 -0.228309 0.746755 -0.326281 -0.209217 -0.184446
-0.0823811 -0.0676388 -0.298632 -0.317154 -0.440712 0.31757 -0.113399 -0.15999 -0.386053 -0.334478 -0.438656 0.336567
-1.84127 -0.38557 -1.68989 -0.158787 0.0955217 0.287544 -1.92855 -0.396592 -1.73081 -0.16787 0.0887936 0.297761
-0.0369755 -0.638533 -0.27347 -0.118158 0.0660197 -0.0840067 -0.0359063 -0.708936 -0.310647 -0.100553 0.0885378 -0.0937589
0.675183 -0.130406 -0.584291 0.127247 0.0459139 -0.155983 0.673478 -0.182414 -0.610926 0.176679 0.0386068 -0.179299
-10.427 -11.4835 -0.853819 -0.826098 1.71384 -1.32215 -10.4338 -11.4603 -0.867955 -0.83815 1.71611 -1.34944
-0.122414 -0.935045 -1.05003 -0.704456 1.16701 -1.44479 -0.0985623 -0.928619 -0.983254 -0.699123 1.17676 -1.45063
-1.07987 -2.34569 -0.74208 -0.764296 1.60132 -1.71995 -1.06136 -2.3481 -0.753306 -0.735533 1.61907 -1.72734
0.37128 -2.12976 -0.370286 -0.0181215 1.38524 -0.934957 0.264791 -2.08522 -0.406419 0.00306943 1.34323 -0.948264
-1.56673 0.160583 -2.10884 -0.519597 1.63134 -1.56693 -1.58635 0.203512 -2.0825 -0.513709 1.61104 -1.57606
-0.9758 -1.24176 -1.81101 -0.0435154 1.67838 -1.22714 -0.969467 -1.24001 -1.90526 -0.0206439 1.66846 -1.21393
-0.952098 -0.725713 -1.2535 -0.427449 1.75899 -1.35729 -0.918208 -0.699968 -1.23723 -0.45076 1.74458 -1.39632
-0.685363 -1.48994 -2.45341 -0.542794 1.69553 -1.56136 -0.662232 -1.4194 -2.38099 -0.549303 1.66601 -1.56193
-0.244777 -1.14243 -1.38736 -0.390712 1.34336 -1.72189 -0.198817 -1.07526 -1.41433 -0.3856 1.34292 -1.69003
-1.51465 -0.935147 -1.22955 -0.490033 1.3769 -1.47562 -1.45103 -0.952597 -1.21858 -0.494463 1.38117 -1.42804
-1.49641 0.363672 0.250338 -0.340108 1.58241 -1.20261 -1.51594 0.347379 0.28081 -0.315454 1.56014 -1.20212
-0.74594 -1.04376 -0.158484 -0.284108 1.40375 -1.25583 -0.766167 -1.04808 -0.108293 -0.303698 1.39229 -1.24257
-2.88349 -2.22199 -0.988232 -0.318287 1.2926 -1.46997 -2.8501 -2.18137 -0.964932 -0.337456 1.31589 -1.47305
-0.910478 -1.08291 1.55815 -0.637006 2.21086 -1.3493 -0.836967 -1.04563 1.53315 -0.640454 2.20907 -1.37394
-0.226039 -0.791509 0.399633 -0.53772 1.51338 -0.965441 -0.252218 -0.813716 0.418354 -0.537145 1.54947 -1.01674
-1.85587 -2.77154 -4.39588 -0.570512 1.67021 -1.40883 -1.77892 -2.687 -4.27929 -0.601584 1.67234 -1.4397
1.68687 1.35656 0.736877 0.286496 1.47628 -1.13139 1.76461 1.34646 0.762989 0.243873 1.44912 -1.12758
-0.763701 -2.16299 -2.06153 0.0748117 1.16219 -0.757793 -0.731397 -2.15757 -2.05589 0.0684868 1.13475 -0.718133
1.03849 0.277036 0.826918 -1.15455 1.34949 -1.72016 1.01177 0.356693 0.89492 -1.17772 1.34346 -1.73168
-2.11812 -1.97755 -1.09005 -0.364169 1.32566 -1.06824 -2.10511 -2.01443 -1.02812 -0.395059 1.27789 -1.06649
1.71315 0.00989229 2.43131 -0.473296 1.65353 -1.18638 1.70076 0.019896 2.40487 -0.483434 1.65111 -1.17613
-0.395227 -0.304994 -0.9011 -0.672283 1.74625 -1.18421 -0.33013 -0.289153 -0.796843 -0.618921 1.75295 -1.16607
-0.34426 -0.36248 -0.718043 -0.57137 1.39512 -1.41061 -0.350286 -0.31406 -0.734974 -0.561909 1.3458 -1.41777
-1.69418 -1.19052 -0.363876 -0.640093 1.60959 -1.06573 -1.73405 -1.11628 -0.375655 -0.630485 1.6271 -1.10064
-0.28617 0.529068 -1.0421 -0.894132 1.32117 -1.59207 -0.303013 0.543918 -1.01641 -0.908423 1.35939 -1.56056
0.128146 4.75496 3.20955 1.84487 -3.80607 -1.77885 0.17853 4.91655 3.21065 1.8801 -3.84865 -1.80672
-1.33283 -1.19251 0.215104 1.39422 -2.51398 -1.2757 -1.37655 -1.18849 0.191549 1.43361 -2.59224 -1.28258
-1.6715 -3.65474 -2.4225 1.91517 -2.87356 -0.923594 -1.68121 -3.62302 -2.4279 1.91416 -2.89684 -0.957829
-1.89333 -0.944432 -2.71537 1.62221 -2.68971 -1.17416 -1.85809 -0.845594 -2.71465 1.59507 -2.71085 -1.18293
0.576823 0.9686 -0.884026 1.94063 -2.12841 -1.61563 0.666856 1.10672 -0.847902 1.88541 -2.14678 -1.58715
-1.64208 -0.331289 -2.20345 2.95957 -3.05888 -1.00112 -1.65029 -0.273291 -2.1347 2.99298 -3.07155 -1.03112
-1.25179 -0.756649 -2.08416 2.78636 -3.00688 -1.38316 -1.20058 -0.719761 -2.03651 2.81201 -2.99832 -1.36516
0.181095 -2.53566 -0.199747 1.85934 -2.37489 -1.67198 0.12082 -2.52727 -0.156529 1.88202 -2.35723 -1.6256
0.300707 -2.83151 -0.588757 2.02607 -2.94216 -1.15739 0.446846 -2.7979 -0.582401 2.05664 -2.94048 -1.17674
-0.809628 -1.78666 0.193514 1.39547 -2.614 -0.76018 -0.760047 -1.76185 0.202185 1.40304 -2.56547 -0.736022
-3.96049 -3.15854 -3.06059 1.93232 -1.57285 -0.41689 -3.87346 -3.08321 -3.04557 1.89078 -1.57747 -0.446823
-1.10177 -1.25159 -2.03026 2.24777 -2.8004 -1.40263 -1.03069 -1.23007 -2.03587 2.24713 -2.78341 -1.48177
-1.09914 -0.344799 -0.868536 2.37639 -2.16432 -1.57286 -1.11031 -0.382297 -0.941718 2.34653 -2.14887 -1.55288
-2.06223 0.120301 -4.17326 1.96371 -3.0216 -0.870632 -2.0976 0.1401 -4.08702 1.93908 -2.95629 -0.929872
-0.555805 0.293568 -0.251686 1.52251 -1.50749 -1.23344 -0.51653 0.315995 -0.284191 1.5335 -1.54878 -1.28025
-1.54904 -1.44899 -3.50546 2.42357 -2.36243 -1.2046 -1.50012 -1.5533 -3.49221 2.36005 -2.40173 -1.18813
-1.94888 -2.36598 -0.853122 1.6759 -2.48126 -1.90647 -1.90987 -2.34542 -0.803746 1.69187 -2.45562 -1.90926
-4.28159 -2.91086 -4.18378 1.58129 -3.36467 -1.24636 -4.32163 -2.94604 -4.16911 1.58392 -3.37992 -1.22362
-2.37116 -2.97268 -3.0418 1.83621 -2.26343 -1.70687 -2.34497 -3.03393 -3.05725 1.8314 -2.18913 -1.65299
-2.0035 -2.60427 -4.15729 1.16904 -2.2536 -1.3953 -2.0293 -2.62323 -4.21298 1.17406 -2.26073 -1.3858
-2.86089 -3.94816 -2.09177 2.01283 -2.60356 -1.60825 -2.88011 -3.9646 -2.14559 2.01217 -2.56551 -1.63777
-2.32602 -2.84426 -3.31 2.04093 -2.44206 -1.66139 -2.30835 -2.86576 -3.30407 2.06185 -2.4274 -1.65437
-1.89813 -2.72521 -2.28991 1.68758 -2.06868 -1.09356 -1.85813 -2.76664 -2.29855 1.69051 -2.09535 -1.12658
-1.07096 -2.40153 -1.48408 1.24739 -2.80434 -1.79103 -1.13337 -2.4082 -1.51577 1.19819 -2.72826 -1.77019
0.442429 1.29312 -1.09521 2.41302 -2.57992 -1.14025 0.536585 1.39424 -1.08927 2.42504 -2.58738 -1.13387
-12.2292 -12.0312 -11.4099 0.399512 -1.04723 -1.63229 -12.2144 -11.9842 -11.335 0.388278 -1.06078 -1.63355
-0.203816 0.403337 -1.49451 -0.100952 -0.951077 -1.32642 -0.204679 0.417257 -1.4442 -0.121468 -0.934947 -1.32373
-1.67014 -1.59722 -0.758613 0.788246 -0.0952889 -1.82299 -1.63582 -1.53607 -0.717109 0.777802 -0.0551399 -1.78783
-1.09352 -0.913152 -1.69181 -0.013568 -1.08667 -1.15927 -1.08236 -0.835025 -1.66843 0.0213614 -1.08901 -1.19551
-0.484738 -1.77333 -1.05011 -0.0259198 -0.655714 -1.27879 -0.496854 -1.76827 -1.00225 -0.00775031 -0.680258 -1.26317
0.673542 -0.547742 0.198584 0.585679 -0.871911 -1.31512 0.656202 -0.532886 0.16934 0.547577 -0.844247 -1.29553
-1.07788 -1.69091 -1.73633 0.343164 -0.888959 -2.09972 -1.06282 -1.66056 -1.68454 0.331023 -0.907214 -2.08038
-3.15882 -2.73446 -4.06106 0.481922 -1.24546 -1.44814 -3.12748 -2.60068 -4.01026 0.544334 -1.23837 -1.44801
-1.66111 -1.123 -2.15212 0.206351 -0.473917 -1.49154 -1.58645 -1.11217 -2.09977 0.228397 -0.470674 -1.46844
-1.24313 -1.98847 -1.24578 0.857071 -0.689338 -1.73156 -1.26304 -2.01392 -1.17192 0.851369 -0.697902 -1.70284
-2.04135 -1.03727 -2.34352 0.965498 -0.643144 -0.995542 -1.94338 -1.00636 -2.28654 0.942729 -0.647733 -0.992711
-0.528717 -1.77836 -2.134 0.410565 -1.02866 -1.45311 -0.575559 -1.73 -2.02441 0.449402 -1.0908 -1.39375
-2.4587 -2.45604 -3.61172 0.761247 -0.613716 -1.08158 -2.40379 -2.39184 -3.56365 0.731866 -0.611983 -1.10991
-0.482847 1.10607 -1.39675 -0.0165358 -0.59964 -1.34721 -0.487294 1.07599 -1.45983 -0.0445212 -0.618691 -1.33672
-2.21792 0.479994 -1.61166 0.986851 -0.542488 -1.00464 -2.22026 0.397408 -1.66503 0.93828 -0.511786 -0.948051
-0.420202 -0.181729 -1.59892 0.650184 -0.900679 -0.955519 -0.343977 -0.239387 -1.67462 0.606677 -0.860739 -0.911748
-2.60272 -0.673338 -0.892087 0.959646 -0.850231 -1.59666 -2.55795 -0.689378 -0.87164 0.992656 -0.806088 -1.62056
-1.08791 0.400882 1.28579 0.724919 -0.405948 -1.88416 -1.08833 0.376617 1.24535 0.703085 -0.367794 -1.8563
-0.228567 -0.95829 0.0989273 0.616899 -0.952676 -0.575529 -0.191543 -0.998265 0.109683 0.639257 -1.01746 -0.610004
-1.95453 -3.55537 -1.28773 0.391003 -0.46026 -0.846968 -1.93692 -3.53855 -1.27895 0.463583 -0.489526 -0.861226
-2.37659 -2.11917 -1.79265 0.543795 -1.05737 -1.27274 -2.33947 -2.06837 -1.7038 0.53699 -1.06682 -1.28292
-1.92258 -0.225978 -3.90013 -0.330566 -1.01612 -1.73277 -1.98021 -0.269489 -3.87302 -0.319041 -0.990314 -1.76104
-3.82776 -1.80736 -2.81509 0.671628 -1.35829 -1.20713 -3.90876 -1.89159 -2.87362 0.652103 -1.38269 -1.2456
-3.15925 -1.95136 -2.65911 0.824683 -0.67618 -1.93957 -3.19876 -1.96573 -2.56271 0.79694 -0.652378 -1.90658
1.17903 -0.983605 1.41179 0.636999 -0.284771 -1.95646 1.20171 -0.957407 1.47621 0.598312 -0.256662 -2.0308
