-0.139148 0.228451 0.245049 0.0107402 0.289119 -0.0739405 -0.140381 0.219431 0.240026 0.011548 0.28739 -0.0745672
-0.0927228 0.110606 -0.438984 -0.0821313 -0.20726 0.0450355 -0.092117 0.113902 -0.440544 -0.0834262 -0.206046 0.0436106
-1.12196 -1.02593 -0.747006 -0.0844247 0.268268 0.0434918 -1.12742 -1.03328 -0.741262 -0.0827042 0.269539 0.0427781
-0.23106 0.536159 0.424348 -0.0290836 -0.263183 -0.121197 -0.228638 0.533165 0.423697 -0.0279566 -0.266766 -0.120765
-0.501591 -0.124608 -0.0374927 -0.179523 0.14661 -0.0985787 -0.498724 -0.131703 -0.0381472 -0.180908 0.146746 -0.0978682
-1.44411 -1.48165 -1.38121 0.126111 -0.023653 0.0789438 -1.44316 -1.48075 -1.37254 0.127133 -0.0237888 0.0804696
0.1202 -0.0065478 -0.491306 -0.046267 0.175447 0.153349 0.122721 -0.00890957 -0.493034 -0.0447411 0.173407 0.151848
-1.21493 -1.04883 -1.08376 -0.168657 0.0275961 -0.189815 -1.21442 -1.04853 -1.0763 -0.171382 0.027704 -0.190681
-0.143293 -0.677955 -0.727036 0.252305 -0.223381 -0.176669 -0.139332 -0.674294 -0.724564 0.253259 -0.223686 -0.177411
0.41916 0.68138 0.0514117 -0.0892391 -0.31709 -0.23891 0.426722 0.680663 0.0508904 -0.0878789 -0.318735 -0.23907
-0.30285 -0.0794714 -0.0512199 0.160608 -0.00989156 0.238703 -0.305508 -0.0821673 -0.0535414 0.162392 -0.00908069 0.237605
-0.166613 0.649693 0.260871 0.223877 -0.310994 -0.137183 -0.159537 0.652384 0.257914 0.225124 -0.313603 -0.139683
-0.517225 -0.140954 -0.121101 0.0631272 -0.0705418 -0.154879 -0.519352 -0.145094 -0.122801 0.0643464 -0.0712739 -0.154474
-0.473979 0.127161 -0.333031 0.142922 -0.264474 0.124793 -0.469903 0.125711 -0.331952 0.142024 -0.264816 0.122788
-0.583436 -0.653017 0.356318 0.0738896 -0.208152 -0.184409 -0.587489 -0.657509 0.352816 0.0738971 -0.206507 -0.184136
-0.335301 -0.386828 0.0868429 0.110005 0.06149 -0.25547 -0.34047 -0.38571 0.0865256 0.109472 0.0609152 -0.255701
0.535512 0.722211 0.656987 0.139886 -0.127861 0.117187 0.534991 0.724705 0.655718 0.139933 -0.12878 0.119994
-0.12894 0.630024 0.370315 -0.239913 -0.193326 -0.281374 -0.1248 0.634917 0.36734 -0.241382 -0.192788 -0.281104
-0.723562 -0.329306 -0.0813182 -0.270101 -0.266928 -0.124873 -0.723758 -0.337687 -0.0820933 -0.269519 -0.26313 -0.12498
-0.471806 0.0682123 0.373953 0.197988 -0.279636 -0.240824 -0.469736 0.0582607 0.366219 0.196189 -0.277943 -0.240223
-0.388766 -0.352541 -0.570907 -0.0681628 0.0578689 -0.224742 -0.390872 -0.350682 -0.573047 -0.0676699 0.0575147 -0.221739
0.447624 0.867796 -0.312072 0.240267 -0.0571381 0.360341 0.453953 0.869294 -0.308388 0.245482 -0.0561444 0.359248
-0.537068 -0.711178 -0.434419 -0.0749413 0.140061 0.167817 -0.538062 -0.706169 -0.432866 -0.0791465 0.141297 0.166743
-0.319586 0.141867 0.00830698 0.0103338 -0.0891191 0.218821 -0.316634 0.134762 0.00598244 0.0101299 -0.0919003 0.218101
0.637372 1.44993 1.4626 -0.256823 -0.382925 -0.208028 0.642609 1.45774 1.47306 -0.260579 -0.385767 -0.212256
-0.27019 0.438529 0.278968 0.339539 -0.0292533 -0.074082 -0.269053 0.441985 0.275119 0.343786 -0.0260389 -0.0743267
-0.314446 -0.67702 0.0937287 -0.153241 0.071467 0.0401094 -0.315776 -0.678575 0.095951 -0.153211 0.0734057 0.0412902
-0.89411 -0.877548 -0.0449161 0.112543 0.280782 0.0448878 -0.907379 -0.885061 -0.0450759 0.114035 0.28018 0.0462389
0.429132 0.663686 0.72101 0.0264376 0.355874 0.219565 0.434648 0.66312 0.722054 0.0289137 0.360627 0.221241
-1.08191 -1.02621 -0.873041 -0.119188 0.0517045 0.159339 -1.08249 -1.02422 -0.871055 -0.12178 0.0514038 0.162332
0.219118 0.162015 -0.328099 0.273523 -0.0607185 -0.313066 0.223446 0.165452 -0.324672 0.275587 -0.0598957 -0.311574
0.729863 -0.401815 0.444324 -0.248928 0.0994195 0.108769 0.735268 -0.394291 0.444095 -0.251304 0.0992748 0.11161
-1.28795 -1.31964 -1.17468 0.0744254 0.199187 0.305967 -1.28738 -1.31828 -1.16327 0.0755751 0.199069 0.30644
0.258184 -0.537193 -0.336011 -0.091893 -0.134414 0.165547 0.253875 -0.535951 -0.336115 -0.0928484 -0.134616 0.16319
-1.1016 -0.755564 -0.929153 -0.167558 0.309161 -0.0404643 -1.09713 -0.755132 -0.926838 -0.170331 0.307339 -0.0418944
-0.0536196 -0.80945 -0.893259 0.1691 -0.173514 -0.301524 -0.0509082 -0.806431 -0.892594 0.171975 -0.173689 -0.302887
-1.05852 -0.653111 -1.10241 0.092095 -0.212403 -0.00240111 -1.05591 -0.649357 -1.09956 0.0930287 -0.211359 -0.00286643
-1.10429 -1.13805 -0.622816 -0.260675 -0.230435 -0.0110376 -1.11204 -1.14645 -0.618639 -0.261939 -0.228717 -0.0114183
-0.562979 0.0457472 -0.297599 -0.0972504 0.151727 0.210971 -0.549758 0.0487476 -0.298216 -0.0973731 0.154542 0.210952
0.214066 -0.00206615 0.326082 -0.0471436 -0.0687958 0.199875 0.20565 -0.0060809 0.319042 -0.0473573 -0.0678337 0.199777
-0.276369 0.293926 0.224856 -0.0637077 -0.229249 -0.106914 -0.274168 0.295496 0.220916 -0.0646978 -0.2294 -0.106475
-0.804048 -0.822166 0.218582 -0.132285 0.153448 -0.100406 -0.810984 -0.829144 0.218312 -0.132138 0.15486 -0.099551
0.560818 -0.071332 -0.186263 0.112614 -0.254988 0.0806072 0.56293 -0.0674964 -0.185482 0.113667 -0.256871 0.0803916
-0.242944 0.74386 0.702792 0.170903 -0.039628 0.212284 -0.238261 0.734911 0.698851 0.171525 -0.0380314 0.211502
1.04144 0.823872 1.05489 -0.173207 0.185127 -0.140907 1.04101 0.82913 1.05912 -0.171515 0.18988 -0.140037
-0.436176 -0.640751 -0.534161 0.0099985 0.125277 0.186428 -0.435867 -0.640754 -0.533389 0.00995526 0.124023 0.187836
-0.938142 -0.946374 -0.224508 -0.163236 -0.168735 -0.0252225 -0.947392 -0.952406 -0.220221 -0.164751 -0.166604 -0.0241887
0.340102 -0.0566004 -0.410643 0.113219 0.0691909 -0.282499 0.340247 -0.0533633 -0.411343 0.111469 0.0664804 -0.278668
0.277142 0.688896 -0.0857145 0.270685 -0.148511 -0.317079 0.281455 0.697525 -0.0808116 0.273382 -0.148284 -0.316805
0.375937 0.129254 -0.43604 0.170242 0.00644334 -0.261882 0.381762 0.136418 -0.432022 0.169711 0.0026559 -0.260027
0.231907 0.0386971 0.20962 0.0819596 0.330607 -0.154547 0.232266 0.0369745 0.209882 0.0820995 0.332865 -0.156
-0.613268 -0.568154 0.196797 0.270548 -0.262098 0.162395 -0.618753 -0.575722 0.19911 0.272816 -0.259574 0.163214
-0.544219 -0.306381 -0.798931 -0.294495 -0.0903638 0.0505654 -0.543614 -0.304752 -0.797318 -0.294596 -0.0892023 0.0512872
-1.12334 -1.0359 -0.962769 -0.138552 -0.197562 0.0584446 -1.12515 -1.03756 -0.958618 -0.138605 -0.198192 0.0555709
-0.150815 -0.153217 0.258641 0.0633082 -0.164186 0.0603366 -0.1535 -0.156014 0.25906 0.0631629 -0.163745 0.0595476
0.211975 0.505732 -0.38816 -0.00827891 -0.139226 -0.118534 0.213442 0.508576 -0.385611 -0.00867525 -0.138432 -0.117442
0.408971 -0.214821 -0.408576 0.0881907 0.295515 -0.326772 0.413548 -0.207815 -0.405236 0.0897074 0.292864 -0.326888
-1.08456 -1.17191 -0.710251 -0.230245 0.036678 -0.284894 -1.08703 -1.16796 -0.697947 -0.23471 0.0370502 -0.286112
1.18405 0.883291 1.36375 -0.12831 0.00713074 -0.0904353 1.19479 0.887886 1.37232 -0.129503 0.00700367 -0.0930249
-0.59511 0.00120036 -0.636509 -0.211956 0.290843 -0.0983625 -0.59019 0.00311271 -0.635667 -0.212892 0.290421 -0.0992449
-0.149908 0.441966 -0.269893 0.169457 0.132455 -0.00335328 -0.152731 0.438586 -0.272733 0.170887 0.133582 -0.00205894
-0.408361 -0.225778 -0.0975514 0.157628 -0.262672 0.244121 -0.410962 -0.228331 -0.101359 0.154715 -0.260836 0.240823
1.0831 0.864529 0.525486 0.202882 0.0577406 0.303427 1.09181 0.875901 0.524502 0.208347 0.058747 0.308682
0.380818 0.827121 0.480176 -0.151967 -0.336074 -0.239561 0.382262 0.821867 0.476308 -0.152773 -0.337116 -0.240732
-0.645092 -0.814184 -0.430478 0.129516 -0.024044 -0.285252 -0.648416 -0.814658 -0.431061 0.130073 -0.0244838 -0.28327
-0.926069 -1.08559 -0.932419 0.0773163 -0.00692298 0.0250073 -0.923771 -1.08315 -0.927151 0.0778381 -0.00575905 0.023459
0.775853 1.04603 1.13529 0.0392421 0.0741878 -0.17217 0.778764 1.05783 1.12876 0.0382765 0.0768949 -0.17381
-0.716665 0.109277 -0.508844 0.0919112 -0.0275526 0.242276 -0.714152 0.109695 -0.509578 0.0919507 -0.0275101 0.24162
0.692583 0.281653 -0.294492 0.100764 -0.274489 0.167232 0.698076 0.285796 -0.292211 0.099686 -0.273462 0.168155
0.663724 0.432019 0.713824 -0.187655 -0.138249 0.189935 0.667203 0.436276 0.714456 -0.184277 -0.138135 0.188705
-0.687301 -0.378671 -0.601207 -0.0956415 0.175463 -0.0600035 -0.683996 -0.384678 -0.595579 -0.0955171 0.176259 -0.0594516
0.166981 0.197129 0.0217718 -0.0346844 -0.0952279 0.1821 0.164388 0.196017 0.0180606 -0.0337222 -0.0946168 0.183129
-0.379023 -0.643437 -0.403824 0.210673 -0.180745 0.28923 -0.379148 -0.644224 -0.403654 0.209746 -0.180959 0.289908
-0.307103 0.761234 0.654658 0.0289005 -0.00293234 -0.0417147 -0.299926 0.761822 0.655276 0.0289783 -0.00328052 -0.039816
0.484432 -0.352472 0.143595 -0.301562 0.084545 -0.0772552 0.482393 -0.350142 0.137675 -0.303093 0.0852701 -0.076303
-0.285654 -0.217768 -0.495105 0.112259 0.0657641 -0.26952 -0.280106 -0.217492 -0.492099 0.112038 0.0661415 -0.26741
-0.874986 -0.876737 -0.877135 0.0521167 -0.0743359 0.171581 -0.875541 -0.873076 -0.871439 0.0507603 -0.0735764 0.170448
-1.06359 -0.979172 -1.13369 -0.208174 0.25751 -0.100653 -1.05899 -0.977195 -1.12884 -0.210438 0.258922 -0.102265
-0.168251 -0.4383 -0.182908 -0.199365 -0.238176 -0.177368 -0.164347 -0.433677 -0.181942 -0.198298 -0.236073 -0.173467
0.788704 1.05108 -0.18049 0.238256 -0.109813 0.0399361 0.792517 1.04677 -0.18927 0.241651 -0.109213 0.039246
-0.0129874 -0.0806477 -0.351074 -0.277465 -0.276892 -0.0253747 -0.0101513 -0.0796181 -0.353744 -0.281239 -0.27458 -0.0224448
0.432756 0.0393501 0.430464 0.108345 -0.118115 0.120136 0.434815 0.0402609 0.432115 0.110964 -0.119614 0.119705
0.664812 0.581364 0.947424 0.227154 0.177411 0.23826 0.669737 0.592394 0.949414 0.231114 0.181919 0.243645
0.0159426 0.276966 -0.123361 0.023177 -0.0726424 0.239645 0.0125688 0.275198 -0.125439 0.0237134 -0.0729196 0.237714
-0.765818 -0.320102 -0.508999 -0.0162191 -0.0123787 -0.242333 -0.760445 -0.315341 -0.507464 -0.0168278 -0.0132566 -0.242529
-0.657979 -0.736036 -0.28686 0.24775 -0.212689 0.294194 -0.66014 -0.739211 -0.283713 0.250255 -0.215221 0.29257
-0.189972 -0.647907 0.329141 0.269687 0.224422 0.0589351 -0.191196 -0.64806 0.327102 0.271775 0.225197 0.0570524
-1.06262 -1.04574 -0.555176 0.002431 -0.264827 -0.138566 -1.06659 -1.05026 -0.551263 0.00256256 -0.26392 -0.138857
0.177541 -0.370749 -0.336619 -0.0144315 0.191863 0.139755 0.175486 -0.368114 -0.337228 -0.0156091 0.189881 0.139388
0.929011 0.619549 0.661896 -0.122616 0.0221708 -0.292087 0.93041 0.620674 0.653397 -0.122576 0.0259622 -0.295321
0.723308 -0.104004 0.563192 0.0513404 -0.351989 0.0950502 0.726606 -0.10175 0.567566 0.0490502 -0.35314 0.0944209
0.649963 -0.301456 0.393949 -0.0507281 -0.274463 -0.151137 0.663006 -0.287793 0.397096 -0.0519694 -0.27587 -0.149819
0.679425 0.0846137 0.439865 -0.188948 0.0595505 -0.338586 0.681176 0.088746 0.439237 -0.185816 0.0615182 -0.339078
-0.9607 -0.480263 -0.789807 -0.233368 0.189186 0.103565 -0.956168 -0.484097 -0.785834 -0.232417 0.18763 0.101889
-0.51932 0.233521 0.569311 -0.254926 -0.0296149 0.310241 -0.518258 0.2245 0.561895 -0.257151 -0.0289251 0.309071
-0.161465 0.570689 -0.147625 0.205926 0.139363 0.329456 -0.153728 0.576102 -0.145466 0.20791 0.14032 0.333782
0.948589 0.675654 0.56199 -0.432229 -0.251223 -0.367644 0.957472 0.6814 0.559093 -0.436909 -0.252958 -0.369269
-1.07748 -0.885448 -0.919863 -0.197974 0.310111 -0.0593135 -1.07301 -0.885391 -0.913736 -0.19937 0.306832 -0.0584866
-0.575338 -0.265052 -0.683055 0.255099 -0.101745 -0.0522876 -0.573718 -0.262951 -0.680294 0.25749 -0.100691 -0.0510297
0.365795 0.663682 0.0444379 0.00732147 0.0537602 -0.0946817 0.371822 0.663517 0.0432621 0.00825935 0.0518788 -0.0959435
-0.338279 -0.327921 -0.314945 0.00146231 -0.00180581 -0.00227119 -0.34689 -0.3365 -0.323664 0.0018064 -0.00189305 -0.00220518
0.0353662 0.0229586 0.0229975 -0.0138515 -0.00399562 -0.00185087 0.0293137 0.0185152 0.0148765 -0.0136563 -0.00453638 -0.00101209
0.00473746 0.0272275 0.0221603 0.00488929 -0.0146028 -0.00889518 -0.000327738 0.0222136 0.0172503 0.0042642 -0.0134887 -0.0104368
-0.0173193 -0.00950102 -0.0104256 0.0202109 0.0159922 0.000690411 -0.0236992 -0.0171295 -0.0165353 0.0200859 0.0143498 0.000928777
-0.0105249 0.0687194 0.0345643 -0.00320227 -0.00306446 0.0225 -0.0149125 0.0636709 0.0282435 -0.00276986 -0.00290779 0.0219433
-0.0660102 -0.058601 -0.0739416 0.00717131 0.0077806 0.0057925 -0.0685868 -0.0614096 -0.0779307 0.0074568 0.00596369 0.00645983
0.0163745 -0.0535315 -0.0425053 -0.00958247 -0.00804333 -0.00513355 0.0125204 -0.0595423 -0.0495179 -0.00996416 -0.00736466 -0.00548141
-0.000280675 0.0512882 0.0538594 -0.000863333 0.00169622 0.00158753 -0.00305695 0.0458211 0.0484295 -0.000924358 0.00298983 0.00153556
-0.0763389 0.0172124 -0.0153181 0.021249 -0.00202517 0.00656935 -0.0801739 0.0145262 -0.019024 0.0199691 -0.00126566 0.00712111
-0.0384312 0.0103201 -0.00309347 0.0189822 -0.00261913 0.00352487 -0.0404431 0.00895892 -0.00850307 0.0180911 -0.00199928 0.00241777
-0.0107531 0.00230636 -0.0277102 -0.0106724 -0.00144024 -0.00544825 -0.0144352 -0.00116234 -0.0331363 -0.0105565 -0.000959261 -0.00519364
0.00697816 -0.0350265 -0.0208619 -0.0109792 0.000398613 0.0113775 0.00482618 -0.041526 -0.0251247 -0.011136 -0.00134132 0.0121493
0.0195439 -0.0384574 -0.0199292 -0.0137182 0.000886231 -0.000656937 0.0120072 -0.0414255 -0.0257078 -0.0144409 0.000461526 -0.00134422
0.0549361 0.0299489 0.0460354 0.0183451 -0.00309313 0.0179277 0.0543772 0.0262128 0.0395329 0.0178081 -0.00296471 0.0205863
-0.0668555 -0.110679 -0.103774 0.00899965 0.0216363 0.00308065 -0.069469 -0.11409 -0.109296 0.0089711 0.0217212 0.0028345
-0.0756469 -0.0359946 -0.0304146 -0.00346965 0.0066924 0.006904 -0.0776872 -0.0352113 -0.0363958 -0.00410463 0.00671814 0.00670865
-0.114546 0.021438 -0.0346235 -0.0161801 -0.0241524 0.00658135 -0.115341 0.0217899 -0.0356309 -0.0168195 -0.0238601 0.00715228
-0.066364 0.0467246 -0.0609346 -0.00476879 -0.0147974 -0.0059421 -0.0675578 0.0445401 -0.0656546 -0.00521136 -0.0146624 -0.00735248
-0.0506362 0.0823772 0.0324723 -0.00927537 -0.0058462 0.00243894 -0.0522453 0.0806327 0.0296381 -0.0106196 -0.00495007 0.0028856
-0.0348398 -0.0347906 -0.0588322 -0.0129435 0.000970051 -0.0227317 -0.0366 -0.0369535 -0.0642309 -0.01359 -0.000438732 -0.0233657
0.0235594 -0.0145057 0.0567378 -0.0216573 -0.0147704 -0.013842 0.0199242 -0.0159941 0.0523137 -0.0228575 -0.0146566 -0.0129213
-0.00578702 -0.00475142 -0.020978 -0.0222791 -0.0309587 0.0223083 -0.00796591 -0.0112388 -0.027119 -0.0234961 -0.0308142 0.0236428
-0.13028 -0.0272812 -0.119569 -0.0112351 0.0067587 0.0203454 -0.136456 -0.0280611 -0.122465 -0.0118778 0.00628265 0.0210683
-0.00261043 -0.0450798 -0.0193067 -0.00834182 0.00466092 -0.00593078 -0.00253494 -0.0500501 -0.0219314 -0.0070989 0.00625067 -0.00661927
0.0475578 -0.00918538 -0.0411556 0.00896288 0.00323403 -0.0109869 0.0474377 -0.0128486 -0.0430317 0.0124447 0.00271934 -0.0126293
-0.783465 -0.862854 -0.0641546 -0.0620717 0.128775 -0.099344 -0.783978 -0.861109 -0.0652168 -0.0629773 0.128946 -0.101395
-0.00872333 -0.0666324 -0.0748263 -0.0502003 0.0831623 -0.102957 -0.00702366 -0.0661745 -0.0700678 -0.0498203 0.0838573 -0.103373
-0.0771588 -0.167604 -0.0530229 -0.0546103 0.114417 -0.122893 -0.075836 -0.167776 -0.053825 -0.0525551 0.115686 -0.123422
0.0265098 -0.152067 -0.0264388 -0.00129389 0.0989072 -0.0667568 0.0189064 -0.148887 -0.0290187 0.00021916 0.0959077 -0.067707
-0.1121 0.0114898 -0.150888 -0.0371773 0.116723 -0.112115 -0.113504 0.0145613 -0.149004 -0.0367561 0.115271 -0.112767
-0.0695506 -0.0885068 -0.129081 -0.00310158 0.119627 -0.0874647 -0.0690992 -0.0883821 -0.135798 -0.0014714 0.11892 -0.086523
-0.0682196 -0.0519987 -0.0898154 -0.0306275 0.126035 -0.097252 -0.0657913 -0.050154 -0.0886495 -0.0322978 0.125002 -0.100049
-0.0489282 -0.106367 -0.17515 -0.0387502 0.121044 -0.111466 -0.0472769 -0.101331 -0.169979 -0.0392149 0.118937 -0.111507
-0.0174411 -0.0814014 -0.0988534 -0.0278394 0.0957183 -0.12269 -0.0141663 -0.0766153 -0.100776 -0.0274751 0.0956868 -0.12042
-0.108404 -0.0669289 -0.0879997 -0.0350719 0.0985456 -0.105611 -0.103851 -0.0681778 -0.087214 -0.0353889 0.0988511 -0.102206
-0.10726 0.0260673 0.0179437 -0.0243782 0.113424 -0.0862008 -0.108659 0.0248994 0.0201279 -0.0226111 0.111827 -0.0861652
-0.053191 -0.0744275 -0.0113011 -0.020259 0.100097 -0.0895498 -0.0546333 -0.0747357 -0.0077221 -0.0216559 0.0992803 -0.0886045
-0.207798 -0.160127 -0.0712167 -0.0229373 0.093151 -0.105933 -0.205391 -0.1572 -0.0695376 -0.0243187 0.0948296 -0.106155
-0.0647415 -0.0770029 0.110796 -0.0452956 0.157208 -0.0959448 -0.0595143 -0.0743521 0.109018 -0.0455408 0.157081 -0.0976966
-0.0161058 -0.0563969 0.0284748 -0.0383138 0.107832 -0.0687899 -0.0179711 -0.0579791 0.0298087 -0.0382729 0.110403 -0.0724449
-0.135647 -0.202573 -0.321297 -0.041699 0.122076 -0.102972 -0.130022 -0.196394 -0.312776 -0.0439701 0.122232 -0.105228
0.119519 0.0961159 0.0522095 0.0202989 0.104598 -0.0801619 0.125027 0.0954001 0.0540596 0.017279 0.102674 -0.079892
-0.055407 -0.156926 -0.149565 0.00542764 0.0843179 -0.0549784 -0.0530633 -0.156533 -0.149156 0.00496876 0.0823266 -0.052101
0.0737609 0.019677 0.0587336 -0.0820045 0.0958503 -0.122178 0.0718632 0.0253349 0.0635636 -0.0836497 0.0954222 -0.122997
-0.152933 -0.142783 -0.0787039 -0.0262938 0.0957153 -0.0771291 -0.151993 -0.145446 -0.0742328 -0.0285242 0.0922665 -0.0770032
0.121354 0.000700737 0.172226 -0.0335267 0.117131 -0.0840396 0.120476 0.00140937 0.170353 -0.0342449 0.116959 -0.0833131
-0.0285937 -0.0220656 -0.0651924 -0.0486381 0.126337 -0.0856751 -0.0238841 -0.0209196 -0.0576497 -0.0447775 0.126822 -0.0843621
-0.0246473 -0.0259518 -0.0514083 -0.0409073 0.0998838 -0.100992 -0.0250788 -0.0224851 -0.0526205 -0.0402299 0.0963529 -0.101505
-0.122137 -0.0858267 -0.0262325 -0.0461455 0.116038 -0.0768303 -0.125011 -0.0804749 -0.0270817 -0.0454528 0.117301 -0.0793475
-0.0204753 0.0378545 -0.0745618 -0.0639746 0.0945289 -0.113912 -0.0216804 0.038917 -0.0727234 -0.0649972 0.0972639 -0.111657
0.0088442 0.328171 0.221512 0.127327 -0.262682 -0.12277 0.0123215 0.339324 0.221588 0.129758 -0.26562 -0.124694
-0.0968186 -0.0866259 0.0156255 0.101278 -0.18262 -0.0926686 -0.0999951 -0.0863341 0.0139144 0.10414 -0.188304 -0.0931686
-0.122579 -0.26802 -0.177654 0.140449 -0.210732 -0.0677317 -0.123291 -0.265694 -0.17805 0.140375 -0.212439 -0.0702423
-0.138696 -0.0691846 -0.198915 0.118836 -0.197036 -0.0860134 -0.136115 -0.0619442 -0.198863 0.116847 -0.198584 -0.0866561
0.0417608 0.0701246 -0.0640016 0.140498 -0.154092 -0.116968 0.048279 0.0801239 -0.0613864 0.136499 -0.155422 -0.114906
-0.120055 -0.024221 -0.161097 0.216378 -0.223639 -0.0731934 -0.120655 -0.0199807 -0.156071 0.218821 -0.224566 -0.0753865
-0.0919494 -0.0555792 -0.153091 0.20467 -0.220869 -0.101599 -0.0881878 -0.0528696 -0.14959 0.206554 -0.22024 -0.100277
0.0131453 -0.184058 -0.0144992 0.134966 -0.172388 -0.121366 0.00877004 -0.183449 -0.0113621 0.136612 -0.171106 -0.117999
0.0219932 -0.207093 -0.0430609 0.148184 -0.215185 -0.0846501 0.0326817 -0.204634 -0.042596 0.150419 -0.215062 -0.0860654
-0.0597298 -0.131809 0.0142764 0.10295 -0.192846 -0.0560818 -0.056072 -0.12998 0.0149161 0.103509 -0.189266 -0.0542995
-0.294801 -0.235107 -0.227817 0.143833 -0.117076 -0.0310314 -0.288323 -0.2295 -0.226698 0.140741 -0.11742 -0.0332595
-0.0814768 -0.0925557 -0.150139 0.166224 -0.207092 -0.103725 -0.0762204 -0.0909649 -0.150554 0.166177 -0.205835 -0.109578
-0.0808854 -0.0253736 -0.0639153 0.174878 -0.159272 -0.115746 -0.0817073 -0.0281331 -0.0693007 0.17268 -0.158135 -0.114276
-0.152999 0.00892523 -0.309618 0.145689 -0.224175 -0.064593 -0.155623 0.0103941 -0.303219 0.143862 -0.21933 -0.0689881
-0.0408786 0.0215915 -0.0185111 0.111978 -0.110874 -0.0907177 -0.03799 0.023241 -0.0209018 0.112787 -0.113911 -0.0941603
-0.115403 -0.107949 -0.261156 0.180555 -0.176 -0.0897423 -0.111758 -0.11572 -0.260169 0.175823 -0.178928 -0.0885155
-0.143907 -0.174705 -0.0629951 0.123749 -0.183218 -0.140775 -0.141026 -0.173188 -0.0593492 0.124929 -0.181325 -0.140981
-0.319889 -0.217478 -0.312581 0.118142 -0.251383 -0.093119 -0.32288 -0.220106 -0.311485 0.118339 -0.252523 -0.0914197
-0.17761 -0.222666 -0.227843 0.13754 -0.16954 -0.127851 -0.175648 -0.227253 -0.229001 0.13718 -0.163975 -0.123816
-0.151747 -0.19725 -0.314878 0.0885442 -0.17069 -0.105681 -0.153701 -0.198686 -0.319096 0.0889246 -0.17123 -0.104962
-0.214717 -0.296319 -0.156993 0.151068 -0.195404 -0.120703 -0.216159 -0.297553 -0.161032 0.151018 -0.192548 -0.122919
-0.175041 -0.21404 -0.249089 0.153587 -0.183773 -0.125025 -0.173711 -0.215658 -0.248642 0.155161 -0.18267 -0.124497
-0.141244 -0.202789 -0.170397 0.125576 -0.153935 -0.0813737 -0.138267 -0.205871 -0.17104 0.125794 -0.155919 -0.0838308
-0.0802073 -0.179858 -0.111147 0.093421 -0.210026 -0.134136 -0.0848815 -0.180358 -0.113521 0.0897366 -0.204328 -0.132575
0.0324363 0.0948036 -0.080294 0.176908 -0.189144 -0.0835966 0.0393392 0.102217 -0.0798589 0.177789 -0.189691 -0.0831284
-0.954185 -0.938736 -0.890257 0.0311719 -0.0817097 -0.127359 -0.953029 -0.935067 -0.88441 0.0302954 -0.0827676 -0.127458
-0.0146874 0.0290654 -0.107698 -0.00727483 -0.0685367 -0.0955851 -0.0147496 0.0300685 -0.104072 -0.00875328 -0.0673744 -0.0953906
-0.120855 -0.115579 -0.054895 0.0570393 -0.00689532 -0.131916 -0.118371 -0.111154 -0.0518917 0.0562835 -0.00399005 -0.129371
-0.0790376 -0.0660008 -0.122281 -0.000980667 -0.0785424 -0.0837901 -0.0782308 -0.060354 -0.120591 0.00154396 -0.0787114 -0.0864091
-0.0352238 -0.12886 -0.0763072 -0.00188348 -0.0476479 -0.0929239 -0.0361043 -0.128492 -0.072829 -0.000563182 -0.0494315 -0.0917889
0.0484144 -0.0393719 0.0142743 0.0420988 -0.0626733 -0.0945309 0.0471681 -0.0383041 0.0121722 0.0393601 -0.0606847 -0.0931234
-0.0781499 -0.122597 -0.12589 0.0248806 -0.0644527 -0.152238 -0.0770581 -0.120396 -0.122135 0.0240003 -0.0657763 -0.150835
-0.232106 -0.200924 -0.2984 0.0354109 -0.0915144 -0.106407 -0.229802 -0.191094 -0.294668 0.0399968 -0.0909932 -0.106397
-0.12216 -0.0825866 -0.158269 0.0151753 -0.0348524 -0.10969 -0.116669 -0.0817904 -0.154419 0.0167965 -0.0346139 -0.107991
-0.0912727 -0.145997 -0.0914674 0.0629276 -0.0506123 -0.127134 -0.0927344 -0.147866 -0.0860444 0.062509 -0.0512412 -0.125025
-0.150375 -0.0764099 -0.172635 0.0711231 -0.047377 -0.0733362 -0.143158 -0.0741334 -0.168437 0.0694458 -0.047715 -0.0731277
-0.0386639 -0.130048 -0.156055 0.0300237 -0.0752237 -0.106262 -0.0420893 -0.126511 -0.14804 0.0328638 -0.079768 -0.101922
-0.183501 -0.183303 -0.269556 0.0568146 -0.0458038 -0.0807221 -0.179404 -0.178511 -0.265968 0.0546218 -0.0456745 -0.0828365
-0.0351638 0.0805504 -0.10172 -0.00120423 -0.0436693 -0.0981117 -0.0354876 0.0783599 -0.106313 -0.0032423 -0.0450567 -0.0973482
-0.161609 0.0349749 -0.117434 0.0719071 -0.0395286 -0.0732034 -0.16178 0.0289572 -0.121323 0.068368 -0.0372914 -0.06908
-0.0306468 -0.0132541 -0.116615 0.0474202 -0.0656896 -0.0696893 -0.0250874 -0.0174593 -0.122136 0.0442471 -0.0627767 -0.0664969
-0.192657 -0.0498415 -0.0660336 0.0710344 -0.0629354 -0.118187 -0.189343 -0.0510288 -0.0645201 0.0734779 -0.0596678 -0.119956
-0.0792706 0.0292103 0.0936891 0.0528213 -0.0295794 -0.13729 -0.0793011 0.0274422 0.0907428 0.0512304 -0.0267993 -0.135259
-0.0166956 -0.0699978 0.0072261 0.0450611 -0.0695878 -0.0420392 -0.0139912 -0.0729178 0.00801178 0.0466942 -0.0743201 -0.0445574
-0.144648 -0.263121 -0.0953006 0.0289368 -0.0340623 -0.0626813 -0.143345 -0.261876 -0.0946507 0.0343082 -0.0362282 -0.0637365
-0.175569 -0.156552 -0.132431 0.0401725 -0.0781125 -0.0940226 -0.172827 -0.152799 -0.125867 0.0396698 -0.0788106 -0.0947751
-0.141901 -0.0166788 -0.287858 -0.0243982 -0.0749969 -0.127891 -0.146154 -0.0198903 -0.285858 -0.0235476 -0.0730925 -0.129978
-0.290149 -0.137 -0.213387 0.0509103 -0.10296 -0.0915021 -0.296289 -0.143385 -0.217824 0.0494303 -0.10481 -0.0944179
-0.236564 -0.146117 -0.199114 0.0617522 -0.0506323 -0.145234 -0.239523 -0.147194 -0.191895 0.0596748 -0.04885 -0.142765
0.0862547 -0.0719582 0.103283 0.0466013 -0.0208331 -0.14313 0.0879144 -0.0700417 0.107996 0.0437711 -0.0187768 -0.148568
