-7.44342 -7.44339
-7.43815 -7.43806
-7.43644 -7.43618
-7.43295 -7.43269
-7.42997 -7.42983
-7.42648 -7.42632
-7.42459 -7.42441
-7.42124 -7.42121
-7.4169 -7.41685
-7.41391 -7.41383
-7.41145 -7.4115
-7.41127 -7.41117
-7.40957 -7.40967
-7.40607 -7.40592
-7.40421 -7.40421
-7.40272 -7.40277
-7.4024 -7.40239
-7.4015 -7.40139
-7.39888 -7.39889
-7.39584 -7.39588
-7.39421 -7.39412
-7.39314 -7.3932
-7.39207 -7.39174
-7.38991 -7.38998
-7.38771 -7.38761
-7.387 -7.38713
-7.38538 -7.38514
-7.38437 -7.38431
-7.38308 -7.38277
-7.38204 -7.38196
-7.38095 -7.38124
-7.38086 -7.38101
-7.38059 -7.38077
-7.38056 -7.38044
-7.37963 -7.37984
-7.37834 -7.37818
-7.37727 -7.37748
-7.37419 -7.37402
-7.37343 -7.3735
-7.37299 -7.37308
-7.37175 -7.37189
-7.37163 -7.37163
-7.37144 -7.3714
-7.36911 -7.36921
-7.36816 -7.36831
-7.36788 -7.36808
-7.36681 -7.36652
-7.36625 -7.36642
-7.36516 -7.36497
-7.36337 -7.36351
-7.36323 -7.3631
-7.36264 -7.3627
-7.36226 -7.36233
-7.3616 -7.36161
-7.36053 -7.36081
-7.35929 -7.35943
-7.35911 -7.35913
-7.35849 -7.3588
-7.35863 -7.35849
-7.35824 -7.35814
-7.35762 -7.35746
-7.35584 -7.35595
-7.35541 -7.35545
-7.35479 -7.35475
-7.35406 -7.35415
-7.3537 -7.35389
-7.35288 -7.35316
-7.35253 -7.35275
-7.3531 -7.35261
-7.35231 -7.3525
-7.35164 -7.3515
-7.34991 -7.35008
-7.34924 -7.3493
-7.34904 -7.34906
-7.348 -7.34797
-7.34775 -7.34748
-7.34734 -7.34716
-7.34655 -7.34665
-7.34618 -7.34599
-7.34557 -7.34562
-7.34498 -7.34509
-7.34493 -7.34493
-7.34463 -7.34463
-7.34436 -7.34423
-7.34346 -7.34347
-7.34326 -7.34324
-7.34265 -7.34279
-7.34252 -7.34271
-7.34224 -7.34242
-7.34257 -7.3423
-7.34212 -7.3422
-7.34137 -7.34113
-7.34068 -7.34063
-7.33984 -7.33987
-7.3382 -7.33846
-7.33855 -7.33836
-7.33803 -7.33813
-7.33833 -7.33782
-7.3371 -7.33716
-7.33687 -7.3369
-7.3365 -7.33641
-7.3365 -7.33631
-7.33623 -7.33612
-7.33565 -7.33587
-7.33537 -7.33568
-7.33483 -7.33496
-7.33382 -7.33394
-7.33318 -7.33326
-7.33307 -7.33316
-7.33264 -7.33274
-7.33238 -7.33263
-7.33224 -7.33217
-7.33226 -7.33186
-7.33086 -7.33112
-7.33002 -7.33027
-7.3303 -7.33016
-7.3299 -7.3298
-7.32926 -7.32925
-7.32868 -7.32903
-7.32919 -7.3289
-7.32852 -7.32874
-7.32812 -7.32813
-7.32827 -7.32804
-7.32783 -7.32777
-7.32781 -7.32761
-7.32673 -7.3266
-7.32571 -7.32589
-7.32559 -7.32571
-7.3253 -7.32532
-7.32479 -7.32452
-7.32409 -7.32411
-7.32389 -7.32401
-7.3232 -7.32325
-7.32157 -7.32178
-7.32175 -7.32159
-7.32088 -7.321
-7.32066 -7.32078
-7.32005 -7.3202
-7.32 -7.31971
-7.31936 -7.31948
-7.31954 -7.31927
-7.31922 -7.31916
-7.31884 -7.319
-7.31877 -7.31865
-7.31829 -7.31848
-7.31788 -7.31768
-7.31777 -7.31749
-7.31601 -7.31661
-7.31541 -7.31556
-7.31435 -7.31489
-7.31408 -7.3143
-7.31416 -7.31409
-7.31308 -7.31301
-7.30953 -7.30947
-7.30949 -7.30934
-7.30847 -7.30839
-7.3072 -7.30747
-7.30684 -7.30627
-7.3054 -7.3053
-7.30414 -7.3042
-7.30271 -7.30241
-7.30183 -7.30172
-7.30072 -7.3008
-7.2987 -7.29898
-7.29738 -7.29754
-7.29476 -7.29465
-7.29288 -7.29271
-7.29128 -7.29132
-7.28961 -7.28988
-7.284 -7.28397
-7.28232 -7.2823
-7.4394 -7.4393
-7.43808 -7.43806
-7.43588 -7.43565
-7.43042 -7.43034
-7.4269 -7.42692
-7.42506 -7.42491
-7.42153 -7.42146
-7.41831 -7.41834
-7.41667 -7.41677
-7.41325 -7.4132
-7.41152 -7.41145
-7.41108 -7.41093
-7.40766 -7.40767
-7.40423 -7.40428
-7.40381 -7.40383
-7.40254 -7.40246
-7.40216 -7.40226
-7.39932 -7.3992
-7.39765 -7.39789
-7.39427 -7.39432
-7.39341 -7.39345
-7.39336 -7.39306
-7.39076 -7.39056
-7.38997 -7.38989
-7.38727 -7.38728
-7.3864 -7.38589
-7.38455 -7.38479
-7.38294 -7.38305
-7.3823 -7.38242
-7.38148 -7.38155
-7.38135 -7.38118
-7.3811 -7.38096
-7.38057 -7.38055
-7.37995 -7.38003
-7.3789 -7.37918
-7.37783 -7.37784
-7.3768 -7.37678
-7.374 -7.37386
-7.37337 -7.37324
-7.37284 -7.37288
-7.37199 -7.37181
-7.37127 -7.37159
-7.37071 -7.37072
-7.36869 -7.36853
-7.36829 -7.36825
-7.3671 -7.36698
-7.3663 -7.36648
-7.36531 -7.36519
-7.36426 -7.36442
-7.36378 -7.36348
-7.36281 -7.36277
-7.36284 -7.36269
-7.36188 -7.36196
-7.36071 -7.36088
-7.36021 -7.36029
-7.35969 -7.35936
-7.35876 -7.35892
-7.35811 -7.35856
-7.35801 -7.35815
-7.35808 -7.35806
-7.35662 -7.35666
-7.35566 -7.35555
-7.35504 -7.35491
-7.35458 -7.35446
-7.35392 -7.35408
-7.35392 -7.35374
-7.35314 -7.35282
-7.35284 -7.3527
-7.35275 -7.35257
-7.35227 -7.35217
-7.35056 -7.35042
-7.34928 -7.34965
-7.34932 -7.34924
-7.34858 -7.3482
-7.34772 -7.34768
-7.34731 -7.34719
-7.34666 -7.34673
-7.34659 -7.34632
-7.34592 -7.34574
-7.3456 -7.34521
-7.34485 -7.34494
-7.34483 -7.34473
-7.34432 -7.34434
-7.3443 -7.34418
-7.34324 -7.34346
-7.34321 -7.34304
-7.34274 -7.34278
-7.34232 -7.34247
-7.34232 -7.34233
-7.34228 -7.34227
-7.34193 -7.34217
-7.34082 -7.34082
-7.34044 -7.34051
-7.33892 -7.33861
-7.33852 -7.33843
-7.33799 -7.33821
-7.33763 -7.33791
-7.33713 -7.33728
-7.33671 -7.3369
-7.33687 -7.33675
-7.33597 -7.33638
-7.33617 -7.33623
-7.33603 -7.3361
-7.33581 -7.33585
-7.33525 -7.3354
-7.33392 -7.33427
-7.33327 -7.33344
-7.3329 -7.33319
-7.33252 -7.33278
-7.3329 -7.3327
-7.33284 -7.33251
-7.33189 -7.33208
-7.33169 -7.3318
-7.33063 -7.33031
-7.33054 -7.33021
-7.32998 -7.33008
-7.32931 -7.32955
-7.32896 -7.32908
-7.32908 -7.32902
-7.32902 -7.32886
-7.32825 -7.3284
-7.32804 -7.32813
-7.32758 -7.32777
-7.32773 -7.3277
-7.32706 -7.32693
-7.32598 -7.32607
-7.32614 -7.32586
-7.32522 -7.32536
-7.32459 -7.32462
-7.32433 -7.3245
-7.32389 -7.32406
-7.32323 -7.32326
-7.32309 -7.323
-7.3215 -7.32169
-7.32157 -7.32155
-7.32079 -7.32092
-7.31982 -7.3202
-7.31997 -7.32018
-7.31977 -7.31954
-7.31941 -7.31941
-7.31899 -7.31918
-7.31896 -7.31902
-7.31864 -7.31871
-7.31875 -7.31862
-7.31807 -7.31771
-7.31762 -7.31762
-7.317 -7.31745
-7.31561 -7.3158
-7.31533 -7.31528
-7.31472 -7.31455
-7.31396 -7.31409
-7.31324 -7.31333
-7.30993 -7.30992
-7.30962 -7.30947
-7.30849 -7.30876
-7.30801 -7.30793
-7.30658 -7.30655
-7.30662 -7.30613
-7.30444 -7.30441
-7.30352 -7.30393
-7.30275 -7.30218
-7.3012 -7.30125
-7.29971 -7.29983
-7.29792 -7.29773
-7.29546 -7.29497
-7.29442 -7.29461
-7.29173 -7.29198
-7.29039 -7.29031
-7.2868 -7.2865
-7.28219 -7.28243
-7.26316 -7.26357
