0.696208 0.306105 0.477756 -0.618607 1.48038 -1.51518 0.624232 0.280386 0.425253 -0.632123 1.48027 -1.52786
-0.132268 -1.3039 -0.648202 -0.540738 1.29234 -1.62262 -0.169113 -1.3173 -0.713756 -0.551156 1.30371 -1.63722
0.394239 0.224814 -0.0639495 2.05695 -3.16121 -0.968684 0.357962 0.164849 -0.0910789 2.07681 -3.18416 -1.0032
-0.885537 -2.18832 -1.84505 2.05922 -3.07002 -1.38632 -0.948971 -2.23515 -1.87702 2.07663 -3.0785 -1.40286
-0.637264 0.0298103 -0.139976 2.22249 -3.1403 -1.53369 -0.664073 -0.0536677 -0.190102 2.23501 -3.16389 -1.54474
0.819666 0.0515247 -0.181547 2.19669 -2.81827 -1.4562 0.779253 0.0317596 -0.218208 2.20933 -2.84244 -1.48854
-2.71308 -1.52224 -0.960883 -0.93753 1.14946 -1.24305 -2.74214 -1.5241 -0.985515 -0.938821 1.16266 -1.2589
-0.0494544 -0.242081 0.139877 -0.581867 1.48127 -1.61825 -0.0760046 -0.271241 0.058962 -0.581283 1.48658 -1.6224
-0.977138 -0.869364 -0.156579 2.49728 -3.16252 -1.21814 -0.943294 -0.902673 -0.134046 2.51357 -3.18329 -1.22448
-0.376162 -0.212918 -1.4508 1.68774 -2.99072 -0.758632 -0.413998 -0.230783 -1.48173 1.69356 -2.98477 -0.801703
-2.8057 -2.7654 -2.35146 -0.415898 1.59542 -1.46732 -2.86152 -2.76623 -2.38903 -0.431884 1.60724 -1.47349
1.13552 0.614519 0.887911 -1.13288 1.53473 -1.25225 1.07332 0.611132 0.866572 -1.12903 1.54097 -1.25714
-0.288714 1.01898 1.80498 2.06238 -3.00057 -1.25696 -0.323312 0.958364 1.76135 2.07536 -3.03077 -1.25899
0.823157 0.00552705 -0.13103 1.93763 -3.40424 -1.14767 0.820251 -0.00150776 -0.135605 1.95128 -3.43746 -1.15061
-0.437046 -0.572097 -0.516726 2.37688 -3.11234 -1.65868 -0.39584 -0.575229 -0.497815 2.41342 -3.12552 -1.67161
2.37654 1.45536 2.41157 -0.348814 1.10747 -1.4477 2.34857 1.48688 2.39336 -0.348099 1.13331 -1.46873
2.1157 2.22294 2.28655 -0.521462 1.30289 -1.46468 2.09703 2.22985 2.30488 -0.520795 1.3117 -1.49708
0.0797084 1.40179 0.478992 -0.874059 1.47101 -1.4225 0.0430224 1.39139 0.477383 -0.874418 1.44881 -1.43886
0.126604 -0.0693408 0.861506 1.96006 -3.00859 -1.23597 0.136936 -0.0794464 0.879817 1.97774 -3.03159 -1.26153
-0.770843 -0.527766 -0.963611 -0.39653 1.11481 -1.24081 -0.83417 -0.567425 -1.02127 -0.408932 1.1244 -1.27686
-0.433348 -3.13992 -0.957992 -0.683554 1.29009 -1.58159 -0.497448 -3.17286 -1.01828 -0.707373 1.29839 -1.60238
1.55808 0.445364 0.419426 -0.0959167 1.24691 -1.06739 1.48016 0.469963 0.359275 -0.112337 1.2427 -1.0884
-3.81477 -4.9038 -3.77613 -0.530052 1.2661 -1.29852 -3.87493 -4.93854 -3.81142 -0.556652 1.25947 -1.30999
-2.73018 -3.13882 -2.70347 -0.459725 1.16919 -1.62065 -2.74642 -3.19335 -2.72526 -0.451729 1.15403 -1.61665
-0.986021 -0.521543 -0.335713 -0.765633 1.44372 -1.38084 -0.979531 -0.515691 -0.388521 -0.756113 1.45583 -1.37235
-0.10815 -0.116621 -0.187555 0.256536 -0.730363 -1.89511 -0.14114 -0.150156 -0.217755 0.259489 -0.745321 -1.89334
2.79729 2.48413 0.829492 0.0891358 -1.43701 -1.63919 2.86062 2.5151 0.774533 0.109389 -1.45125 -1.66311
-1.70541 -2.71 -3.35734 0.00449727 -0.553391 -1.31299 -1.74386 -2.73834 -3.37339 0.0244998 -0.546058 -1.32031
-5.0943 -4.57431 -5.10823 -0.361508 1.37517 -1.40808 -5.15661 -4.59009 -5.12626 -0.36186 1.33765 -1.43358
1.44644 1.12319 1.949 -0.989781 1.65429 -1.42264 1.43307 1.10629 1.92195 -0.990974 1.67698 -1.42286
-2.08373 -2.3721 -1.51752 -0.486789 1.64349 -0.990854 -2.09507 -2.38355 -1.54151 -0.522601 1.64061 -0.977659
-1.40463 -1.49416 -1.79134 0.665332 -0.804867 -1.5671 -1.41419 -1.48681 -1.83304 0.678076 -0.804156 -1.56556
-0.52191 0.538544 0.660478 0.507902 -1.25164 -1.71807 -0.540007 0.537482 0.623074 0.510612 -1.27258 -1.71226
-2.54678 -1.79051 -1.81573 0.939737 1.69491 3.21217 -2.56127 -1.78719 -1.85206 0.943147 1.69442 3.21228
-0.13544 -1.17527 -1.23778 0.312464 0.00113369 0.0294279 -0.158127 -1.17607 -1.2741 0.306804 0.0175987 0.0281823
-2.4737 -3.18345 -2.49673 0.191022 -1.04794 -1.61813 -2.47644 -3.18931 -2.50191 0.187798 -1.06449 -1.63788
-1.26294 -1.60927 -1.24937 0.178371 -0.634908 -1.71454 -1.29144 -1.64519 -1.31816 0.18401 -0.645321 -1.71518
-1.28593 -2.94977 -1.29439 0.656964 2.25863 2.56758 -1.25067 -2.92807 -1.31083 0.641325 2.26464 2.57129
0.0980187 -0.367095 -0.45295 2.53614 -3.19228 -1.27622 0.0265994 -0.376685 -0.502555 2.52712 -3.20843 -1.28276
0.331439 1.92546 1.22445 0.737666 1.72501 3.24105 0.312148 1.92812 1.17591 0.74934 1.75675 3.24688
0.625423 0.440956 0.938229 0.587922 1.57351 2.76016 0.569575 0.406803 0.829329 0.594531 1.58488 2.75432
-2.82288 -3.60956 -3.40023 0.0711599 1.92141 3.31402 -2.75923 -3.54412 -3.39448 0.0636294 1.94678 3.30732
2.93116 3.1912 4.1317 -0.428358 1.57012 -1.89871 2.83673 3.16167 4.02792 -0.453147 1.58006 -1.9573
2.18353 0.849636 2.41522 0.696241 -0.654178 -1.51701 2.11644 0.824651 2.35814 0.693004 -0.636512 -1.51043
-0.299171 2.08248 0.451873 -0.239414 0.842416 -1.46363 -0.317571 2.0848 0.421867 -0.214757 0.823132 -1.50034
0.206716 -2.82153 -0.119642 0.576783 -0.879032 -2.15528 0.18519 -2.85881 -0.140835 0.542611 -0.864388 -2.15068
-0.481276 -1.43365 -0.39277 0.728836 1.49726 3.14898 -0.553932 -1.40742 -0.425059 0.732766 1.5081 3.17248
1.71904 -0.866571 0.9559 0.24488 -1.29565 -1.73546 1.74444 -0.836993 0.914946 0.239937 -1.3129 -1.75659
0.698494 1.58389 0.76265 0.359202 -0.0199884 -0.811279 0.716836 1.61706 0.740052 0.360627 -0.0246548 -0.839842
-0.54487 -0.92248 -0.614247 1.02252 1.74758 2.86126 -0.548397 -0.896681 -0.653955 1.0191 1.77198 2.88573
-2.4635 -2.12766 -2.34013 0.635362 1.74548 3.4496 -2.45768 -2.07484 -2.31709 0.633459 1.78438 3.41381
-0.213694 0.283648 0.0514191 0.492676 1.46767 3.13237 -0.257779 0.279542 0.0584937 0.49761 1.47206 3.17122
-1.64638 -1.37075 -2.05139 0.352074 1.13078 3.36558 -1.6151 -1.31088 -2.0262 0.368384 1.13728 3.37107
-3.40529 -1.91925 -4.57201 -0.808081 1.87699 -0.998791 -3.46741 -1.97671 -4.63949 -0.793815 1.90009 -1.02126
-0.219845 3.63518 3.98729 0.737669 1.93716 3.28709 -0.134694 3.6243 3.93231 0.777862 1.9646 3.2688
-1.19937 -0.72421 -1.65462 -0.446875 1.24033 -1.53926 -1.21411 -0.732444 -1.68748 -0.492423 1.21162 -1.55285
-2.50781 -1.76306 -3.58074 -0.863991 1.16197 -1.3019 -2.54102 -1.76537 -3.64459 -0.868038 1.14683 -1.29911
0.608493 0.0883683 1.19255 0.212511 1.60628 3.39445 0.576637 0.0718418 1.1617 0.199379 1.57566 3.38913
-0.403668 -0.135774 -0.2915 0.433787 -0.769973 -1.56341 -0.46424 -0.189548 -0.342939 0.418226 -0.77272 -1.57187
-2.15544 -1.91882 -2.95341 -0.763614 1.18904 -1.65019 -2.22726 -1.95173 -2.99674 -0.771837 1.20566 -1.64372
-3.51798 -5.1969 -3.73436 1.80327 -2.636 -0.996691 -3.54101 -5.18213 -3.72534 1.79674 -2.60737 -0.959731
-1.51374 -1.61202 -1.10186 0.608771 1.28488 3.37611 -1.591 -1.6422 -1.11166 0.612514 1.26475 3.36156
0.874107 0.863698 2.14808 -0.702264 0.360208 -1.11799 0.86747 0.908847 2.12419 -0.726727 0.375066 -1.10279
-0.0319404 -0.446284 -0.727134 0.844434 2.28223 2.87045 -0.0538241 -0.381337 -0.683769 0.867776 2.26723 2.90733
-9.28082 -6.65368 -6.7973 0.73946 1.71457 2.98281 -9.27551 -6.64477 -6.77679 0.742532 1.70929 2.97931
-1.20828 -0.501588 -1.70587 0.901143 1.84271 2.63132 -1.22791 -0.475256 -1.68495 0.867656 1.85098 2.65292
-3.62939 -2.16188 -2.66388 0.997392 1.58776 2.75913 -3.66345 -2.14854 -2.65399 0.971251 1.58686 2.72596
-1.47662 -1.32035 -0.849918 -0.181182 1.15921 -1.57397 -1.44837 -1.26785 -0.807591 -0.178673 1.14307 -1.60265
-0.15997 -2.00657 -0.448135 0.932558 1.45814 2.55201 -0.189962 -2.00355 -0.44743 0.953156 1.45937 2.54454
-1.65869 -1.4748 -0.937266 0.329098 -0.514104 -1.4311 -1.59238 -1.50748 -0.972419 0.293193 -0.50922 -1.4419
-2.00586 -2.31507 -0.0586572 0.990525 -1.41955 -1.77993 -2.00784 -2.34413 -0.0948802 0.999316 -1.38617 -1.78925
0.614959 4.61197 4.31907 0.306557 2.18862 2.84556 0.658385 4.60968 4.27493 0.285881 2.18914 2.85426
-0.649444 -0.464782 1.10082 0.124908 2.1021 3.17062 -0.646282 -0.488007 1.04572 0.177606 2.10836 3.15758
2.47154 2.21253 2.4725 0.433087 -0.4564 -1.38895 2.4915 2.21477 2.4626 0.430734 -0.42715 -1.38262
-1.18997 -2.72517 -2.40541 0.623556 1.8849 3.3211 -1.21867 -2.74079 -2.36491 0.624528 1.88936 3.31871
-1.19275 -0.418731 0.0392331 0.12281 1.75745 2.98818 -1.19576 -0.407283 0.0447154 0.206122 1.75373 2.99258
0.453751 -0.409962 -1.08151 0.674746 1.8366 3.60406 0.43672 -0.387273 -1.07199 0.704451 1.86357 3.60039
0.0579745 1.52603 0.857293 -0.595777 1.29607 -1.48099 0.0175534 1.39631 0.832241 -0.607893 1.33866 -1.47872
-1.29795 -2.49296 -1.91657 1.15371 1.64131 2.82658 -1.35626 -2.49146 -1.92024 1.14378 1.60005 2.79858
-0.529773 -0.839738 -1.00421 0.901151 1.58037 2.92082 -0.501186 -0.747145 -1.0031 0.904007 1.58454 2.92559
-2.4104 -3.26271 -0.621667 0.967323 1.20141 3.17843 -2.38951 -3.23808 -0.633609 1.00573 1.19699 3.18152
-4.72587 -6.74124 2.16885 -2.66324 2.24292 0.367093 -4.8243 -6.72659 2.16841 -2.63678 2.25842 0.397977
0.216061 -2.32482 -0.246899 -0.323898 1.75514 -0.754988 0.212594 -2.31899 -0.28924 -0.303009 1.74934 -0.762828
0.551911 1.23236 1.05302 -0.376212 0.315088 -0.607837 0.496715 1.12357 0.948855 -0.391492 0.294367 -0.607343
-0.348205 -0.358904 3.61231 -2.13602 -3.11573 3.31632 -0.400757 -0.415946 3.54999 -2.16438 -3.12131 3.31408
-3.79597 -2.12954 -4.09414 0.982054 2.16325 3.22935 -3.84054 -2.18474 -4.10959 0.973429 2.17841 3.23636
-2.00059 -1.76591 -1.48166 1.04031 1.07804 2.70747 -1.9777 -1.7984 -1.49259 1.0379 1.07666 2.71169
-4.30426 -0.534519 4.24748 -0.42946 2.08934 1.03999 -4.30213 -0.599997 4.23853 -0.393039 2.05015 1.03487
-0.0819969 1.37722 0.358689 0.292078 1.44086 2.64577 -0.10193 1.41119 0.428447 0.296208 1.41344 2.66159
0.112545 3.51743 -2.19016 -1.87301 -2.60027 -4.25978 0.171717 3.61873 -2.15433 -1.84372 -2.59664 -4.27544
-0.784195 -1.17665 -1.18953 -0.494616 1.10091 -0.306191 -0.878065 -1.27653 -1.23959 -0.501348 1.09131 -0.325942
-1.11804 -1.78077 -4.28395 0.439544 1.4024 2.74908 -1.1806 -1.78454 -4.31767 0.41386 1.40162 2.75455
-6.60481 -5.02999 -1.63313 2.2861 -2.05508 0.615189 -6.65019 -5.08417 -1.63382 2.28135 -2.02317 0.608674
-2.13893 -1.68758 -1.7562 0.551103 1.76032 3.46739 -2.1075 -1.64653 -1.8008 0.567125 1.74063 3.40687
-0.0119778 1.63934 -5.63069 0.231184 -2.55992 0.343826 0.0218662 1.673 -5.56832 0.21996 -2.55491 0.367078
0.145598 0.314152 -1.32875 0.418458 2.05863 2.61101 0.181018 0.3937 -1.33994 0.430908 2.02913 2.61872
-1.90498 -1.37552 -0.636072 0.588052 2.03455 2.98211 -1.91901 -1.31291 -0.605512 0.596452 2.06403 2.95384
-1.27927 -1.18119 -3.68012 0.773374 0.895818 2.64732 -1.28463 -1.20127 -3.66315 0.749883 0.875988 2.63187
-1.3626 -1.3305 0.613634 -0.630332 1.9529 -0.833465 -1.36211 -1.35847 0.657104 -0.651534 1.9462 -0.850667
8.10429 4.50629 2.30039 -0.182122 1.51209 -3.78198 8.1529 4.55 2.28273 -0.220486 1.50733 -3.79919
-0.863312 1.11686 -2.45383 0.323226 1.27569 2.55058 -0.86736 1.16183 -2.42821 0.348784 1.26871 2.53938
0.680214 0.115283 0.392282 1.5955 1.58593 2.59487 0.686717 0.129177 0.538621 1.61966 1.59337 2.64494
-4.88754 -3.34881 -2.42143 0.171364 3.8993 -2.85599 -4.88088 -3.34408 -2.38812 0.171357 3.92005 -2.88513
-0.729932 -0.438647 -2.1145 1.08336 1.5865 2.88959 -0.801291 -0.471088 -2.04963 1.06848 1.52783 2.91898
-0.26287 6.54245 4.39112 1.74002 -1.65907 -2.39451 -0.25969 6.46387 4.29767 1.78372 -1.67362 -2.40863
-0.120889 0.943914 0.727505 0.666419 1.6045 2.68934 -0.130097 0.982278 0.757907 0.675017 1.64502 2.71647
2.68719 -8.49185 -2.07295 1.29406 -1.16526 -1.80025 2.64303 -8.43947 -2.0415 1.27807 -1.16921 -1.7982
-5.76272 -3.53979 -4.13981 0.596063 1.23932 2.40132 -5.76076 -3.51699 -4.13729 0.615116 1.23345 2.37809
0.432197 -0.283102 0.0183666 0.793107 0.80559 2.61091 0.440911 -0.284981 0.0729791 0.788635 0.83808 2.62105
-7.49963 -2.95004 -3.03765 1.82143 -3.80592 0.0813365 -7.51354 -2.9729 -3.04479 1.79945 -3.80007 0.092886
-0.83919 -2.69659 -1.49921 0.434076 1.70133 3.20192 -0.784203 -2.63658 -1.50986 0.441609 1.6593 3.20448
-2.68331 -1.47118 -0.723251 0.494387 1.71487 2.45852 -2.61323 -1.44025 -0.715226 0.511966 1.68188 2.4701
-1.68256 -3.17812 -0.874317 0.454474 1.52221 2.65883 -1.7128 -3.22232 -0.873471 0.425528 1.54419 2.68888
4.79465 -3.14062 3.99177 -1.77045 -3.27376 3.09842 4.68712 -3.11073 3.89902 -1.78033 -3.25072 3.11699
-7.92286 -1.8384 -7.59602 -1.40292 -1.49148 -1.76243 -7.88348 -1.89538 -7.57003 -1.38107 -1.45661 -1.73274
-4.99594 -2.6471 1.09896 2.61276 -1.25834 0.471298 -5.01002 -2.66837 1.14343 2.58163 -1.25016 0.459026
-0.111334 0.810548 -0.0416687 0.291638 2.2383 4.08389 -0.00781773 0.82758 -0.00916537 0.319828 2.27602 4.11195
0.172448 0.801613 -5.69445 2.04603 -1.68766 -4.95219 0.263557 0.874381 -5.5948 2.02995 -1.6642 -4.94649
-2.17492 -1.54618 -2.30937 -0.574618 1.58165 -0.738046 -2.18337 -1.51057 -2.29318 -0.559225 1.56627 -0.733464
-2.8852 -3.00448 -2.77392 0.454198 -0.875847 0.372774 -2.92365 -3.0833 -2.79435 0.44028 -0.842961 0.374701
-6.83269 -8.66591 -11.3597 2.97739 1.39425 -0.376806 -6.81732 -8.63599 -11.3346 2.95556 1.3873 -0.374708
4.29134 -2.55703 6.85622 1.05515 -0.294203 4.45207 4.28345 -2.52014 6.84447 1.06658 -0.302229 4.43616
5.2031 7.0615 8.17139 1.63625 3.29111 0.505283 5.26417 7.08004 8.15431 1.70785 3.35976 0.512005
-1.54736 -0.981795 -2.66284 0.131144 1.28977 2.68089 -1.5185 -0.942069 -2.63546 0.129803 1.2714 2.67436
-6.30115 -3.4967 -2.99301 0.0959713 -0.4584 -0.368735 -6.28987 -3.52402 -3.01155 0.0990646 -0.491106 -0.351187
-1.99152 1.15916 8.44987 -0.89276 -4.56432 0.0965937 -2.01763 1.077 8.4653 -0.888054 -4.61712 0.0719879
-1.69244 -2.61657 -1.51965 -0.877443 1.03591 -1.30326 -1.67876 -2.64923 -1.57877 -0.871204 1.03743 -1.29769
2.58023 1.17275 -7.56669 -2.4645 -2.01553 -2.10399 2.63354 1.24826 -7.45689 -2.48854 -1.99908 -2.12377
5.10302 9.38728 10.339 -1.34298 -3.483 -0.311824 5.19375 9.38722 10.2979 -1.39333 -3.56928 -0.306797
-6.78866 1.33451 1.12658 -3.93684 -0.0247358 2.46658 -6.76414 1.32173 1.11051 -3.93601 -0.0385565 2.47182
-5.05403 -10.6407 -9.70496 -1.76362 -0.252488 -2.37544 -5.06238 -10.6238 -9.65854 -1.74263 -0.27793 -2.35936
-0.698186 -0.828041 -2.09438 -0.852439 1.13908 -0.868179 -0.732695 -0.787607 -2.11262 -0.864531 1.12547 -0.852962
10.6536 10.139 12.7249 2.00361 -3.4287 2.15936 10.6351 10.1755 12.6614 2.01552 -3.47052 2.18625
6.79926 -6.68569 7.24452 0.176652 -3.491 -2.59039 6.72218 -6.56209 7.19035 0.170692 -3.52195 -2.5947
-1.4465 -2.22029 -8.62797 -4.45731 -3.39616 -0.920044 -1.36014 -2.12451 -8.56005 -4.44357 -3.3893 -0.945037
0.157805 -0.480593 -1.48067 -0.428778 0.180376 0.261546 0.127836 -0.436266 -1.4412 -0.409658 0.155171 0.282987
0.540281 -9.80036 -8.74098 3.60734 -0.286501 4.06535 0.541753 -9.73309 -8.6851 3.58512 -0.31207 4.02933
1.5389 -10.0952 -5.261 3.12712 -0.877581 2.25233 1.50067 -10.0862 -5.30419 3.11532 -0.90897 2.23892
-12.6124 -10.1806 -8.82402 -0.27209 -1.62326 -2.53746 -12.7016 -10.2385 -8.81637 -0.258765 -1.61829 -2.52981
6.38259 -3.42488 9.44821 -2.52054 4.02997 -3.11293 6.33043 -3.38107 9.37339 -2.53624 4.04427 -3.10369
2.39819 8.04267 -2.54559 -3.65567 2.9399 -4.04177 2.47701 8.16688 -2.51735 -3.6814 2.95328 -4.05558
-0.0527022 -0.690831 -0.235298 -0.413819 -0.337978 -0.108309 -0.0942241 -0.646205 -0.236746 -0.455597 -0.360663 -0.120293
5.85445 6.6916 -1.34961 -3.86657 4.10777 -0.972346 5.87341 6.72452 -1.38695 -3.86992 4.1035 -0.94952
-0.531184 -0.340647 -1.27677 -0.2826 1.42517 -1.76533 -0.431526 -0.272017 -1.22251 -0.2787 1.47167 -1.76546
3.30257 5.89109 8.35668 -2.68579 -2.28177 3.42514 3.35688 5.90507 8.28272 -2.71501 -2.25274 3.43798
-1.09489 -0.849172 -0.985431 0.333905 0.35809 -0.244352 -1.05631 -0.779102 -0.960986 0.309747 0.371022 -0.258926
-4.42093 -4.45673 -1.67414 -0.884638 0.934458 -0.924385 -4.44359 -4.47245 -1.66531 -0.874806 0.936119 -0.912472
1.92231 1.88357 0.436941 -0.892261 0.0395484 -1.20024 1.96386 1.91839 0.49657 -0.879059 0.0208168 -1.17361
3.22644 -2.16061 10.4408 -2.79944 4.34718 -3.73364 3.19464 -2.16544 10.4215 -2.78351 4.37119 -3.76608
3.31126 -9.80748 -4.36821 1.17572 3.57013 3.6949 3.29062 -9.7351 -4.38734 1.15251 3.51856 3.68421
-3.27973 -1.98598 -2.29998 -0.938711 1.23967 -0.86302 -3.3332 -2.06943 -2.36137 -0.950035 1.22474 -0.87377
-7.75527 -1.02969 5.69287 3.09356 1.2702 4.3413 -7.75859 -1.0991 5.7365 3.08275 1.2612 4.324
-14.0927 -10.7229 -8.09372 0.328173 -0.0205847 -1.79981 -14.0529 -10.7503 -8.00167 0.338671 -0.0233114 -1.77315
-0.430633 1.43 -0.282435 -0.226106 1.10302 -0.970678 -0.428661 1.38168 -0.381005 -0.203044 1.10103 -0.917569
-0.150974 0.282939 -0.933557 0.150146 0.349282 0.257049 -0.180227 0.294097 -0.909192 0.136562 0.323637 0.240626
8.6967 0.148367 -3.9166 5.21773 -3.09897 3.3652 8.73434 0.199214 -3.9221 5.23726 -3.08387 3.3677
-1.34716 -0.417679 -0.260389 -0.323065 -0.224622 0.172971 -1.40061 -0.406295 -0.274819 -0.367637 -0.220485 0.181104
15.8634 11.6466 5.78203 3.90756 -4.89966 1.67948 16.0204 11.8668 5.82209 3.95341 -4.97251 1.68099
-1.79603 -1.87367 -1.5888 -0.289753 0.061793 -0.162935 -1.80321 -1.91014 -1.61527 -0.294964 0.0550759 -0.145053
2.96292 14.8981 10.1238 3.46076 -0.130177 3.41042 3.07164 14.9161 10.1675 3.47472 -0.100812 3.49182
-6.46437 -10.7651 0.790708 2.88148 3.36867 1.13767 -6.60738 -10.8154 0.804663 2.86327 3.33468 1.17554
2.00214 -0.560528 -0.390088 -0.49475 1.19516 -0.809236 1.98463 -0.537973 -0.426035 -0.473858 1.16201 -0.844182
-1.38258 -0.434104 -1.55742 -0.979088 1.27203 -0.776305 -1.37162 -0.429373 -1.54076 -0.986866 1.2696 -0.795035
-2.74636 -1.92234 -2.73222 -0.465909 1.25646 -1.13999 -2.87569 -1.92066 -2.83937 -0.44262 1.21501 -1.18383
-10.6992 -14.124 -11.3346 2.62215 2.89224 0.795129 -10.7711 -14.1906 -11.3395 2.61028 2.87403 0.778623
-14.7608 -11.8765 -8.45717 -3.39543 2.62373 1.97202 -14.8142 -11.9764 -8.44577 -3.36452 2.60926 1.99371
2.795 12.8942 15.5562 -3.51657 5.47384 -2.90704 2.96175 12.925 15.5474 -3.59308 5.5741 -2.98315
-13.5612 -14.64 -12.6035 0.687139 -0.776242 -2.10025 -13.5515 -14.6372 -12.5146 0.683091 -0.775507 -2.09592
-14.9945 -11.6352 -14.6743 2.37525 0.731813 1.37163 -14.9903 -11.6713 -14.6232 2.36457 0.72687 1.36524
-13.4597 -13.6371 -13.8912 2.18029 0.538869 -1.9962 -13.5832 -13.6912 -13.9403 2.16466 0.549223 -2.00523
-14.7327 -12.8042 -8.63195 2.61535 2.95834 1.68053 -14.7579 -12.823 -8.58403 2.61409 2.92457 1.68105
-0.979265 -1.66082 -0.67798 -0.568913 1.35853 -1.43417 -1.0318 -1.67655 -0.684301 -0.578604 1.36091 -1.44977
0.137448 0.981193 0.414877 -0.878515 1.43924 -1.53963 0.131463 0.955191 0.351424 -0.868214 1.46095 -1.53647
1.27026 1.09378 0.954855 2.18082 -3.29672 -1.22226 1.21562 1.03663 0.892753 2.21065 -3.32427 -1.25713
-0.43905 -0.807445 -1.17328 2.12808 -3.18821 -1.24822 -0.526942 -0.858624 -1.19549 2.12958 -3.20245 -1.26851
2.27579 1.98476 2.18613 -0.70079 1.39194 -1.47708 2.19747 1.95566 2.19022 -0.712909 1.38585 -1.48986
-0.886039 -0.955529 -1.21589 -0.904103 1.51999 -1.4891 -0.914782 -0.974768 -1.26469 -0.889023 1.54168 -1.49233
1.24306 1.12818 -0.455176 2.26542 -3.38376 -1.19183 1.22269 1.06233 -0.510187 2.29596 -3.42018 -1.20685
-1.6807 -1.05014 -1.46238 2.05565 -2.7739 -1.70054 -1.64678 -1.04775 -1.4416 2.0488 -2.78279 -1.70471
-1.60547 -0.925707 -1.49318 -0.479772 1.21383 -1.4399 -1.62682 -0.910526 -1.54096 -0.496339 1.20651 -1.4579
-1.32834 0.146673 -1.12993 2.41819 -3.70438 -1.57344 -1.33462 0.0889064 -1.14894 2.45054 -3.7252 -1.58493
-2.79235 -1.90454 -2.13283 2.33245 -3.00526 -0.756204 -2.82948 -1.96104 -2.17518 2.32618 -3.01523 -0.762949
1.18629 1.11582 0.806428 2.15531 -3.07164 -1.37531 1.21244 1.10475 0.854728 2.19346 -3.10126 -1.3899
-1.44957 -1.55647 -1.7176 -0.68341 1.78524 -1.36089 -1.43149 -1.56566 -1.78043 -0.668065 1.79929 -1.36251
0.934423 0.775482 -0.0561053 -0.522205 0.928584 -1.55876 0.849784 0.750263 -0.119375 -0.547428 0.942973 -1.60971
-0.785739 -0.3642 -2.21588 -0.461015 1.19944 -1.58234 -0.857295 -0.34308 -2.21882 -0.466474 1.19748 -1.61676
-0.759528 -1.65087 -1.60614 2.53461 -3.17831 -1.48174 -0.792725 -1.68216 -1.61611 2.52748 -3.18356 -1.4784
1.65666 -0.628798 1.46357 -0.660578 1.25843 -1.78201 1.59179 -0.655873 1.40648 -0.678394 1.26936 -1.83803
-0.378169 -0.264893 -0.497894 2.37943 -3.41261 -1.18991 -0.412446 -0.299965 -0.494956 2.38877 -3.42224 -1.20779
-0.672318 0.463619 -0.647738 -0.531483 1.28258 -1.53085 -0.768003 0.420159 -0.716125 -0.543636 1.31063 -1.56782
-0.994056 -0.205146 -0.231943 -0.766156 0.524877 -1.60652 -0.973705 -0.21895 -0.238581 -0.783044 0.530935 -1.59529
0.568408 1.14593 -0.29713 0.452759 -0.606555 -1.9736 0.541545 1.11592 -0.329195 0.440834 -0.604576 -1.9725
-3.19249 -1.50831 -2.83067 -0.637984 1.5122 -1.39967 -3.23711 -1.52057 -2.85336 -0.630936 1.47227 -1.41816
0.679939 -0.646438 -1.85931 0.962318 2.20821 2.7842 0.711341 -0.622678 -1.82546 0.941184 2.20695 2.82399
0.859296 1.25706 -0.607618 -0.5067 1.0572 -1.44124 0.879175 1.29618 -0.632433 -0.495099 1.06316 -1.45981
0.601599 0.972826 1.43406 -0.344248 -0.404387 0.35553 0.619814 0.934639 1.40155 -0.329519 -0.391327 0.351601
-5.35988 -5.7342 -5.27624 -0.232216 1.44754 -1.45397 -5.40908 -5.75467 -5.28227 -0.251051 1.43295 -1.46493
-0.326018 1.50185 0.678725 2.12945 -3.14037 -1.93148 -0.297971 1.47891 0.661388 2.12668 -3.13804 -1.95547
0.126582 -1.57804 -0.616399 0.789128 1.82141 2.9774 0.0965033 -1.5641 -0.604351 0.790718 1.84738 2.97884
-0.846763 0.186214 -0.465555 2.10501 -2.75303 -1.48547 -0.836345 0.17136 -0.486657 2.08403 -2.75193 -1.44843
4.31974 4.57057 3.45253 0.891612 2.58034 3.37178 4.39047 4.58866 3.39871 0.908571 2.62699 3.40548
0.704521 0.661897 0.485783 -0.652499 1.7344 -1.28485 0.676292 0.678712 0.478313 -0.655832 1.74385 -1.29408
-2.04977 -1.31797 -0.542708 1.08437 1.87831 3.00756 -2.07572 -1.36559 -0.576412 1.09103 1.90227 3.00031
2.97776 2.38113 3.03237 0.617881 1.57617 2.71453 3.03068 2.43797 2.95919 0.64148 1.61136 2.72774
-0.849965 -2.30915 -3.62715 0.938121 2.25951 4.0258 -0.864747 -2.26706 -3.62619 0.916057 2.28311 4.02209
-0.376567 -1.60562 -1.18963 1.02935 -1.37839 -1.793 -0.358806 -1.65929 -1.20417 1.00388 -1.40488 -1.80075
-1.02026 -1.4654 -0.188182 -1.15273 0.575496 -1.37801 -1.03846 -1.44313 -0.170101 -1.13281 0.583028 -1.36888
-2.41856 -1.84605 -1.55867 -0.159481 1.68166 -1.82231 -2.45148 -1.89265 -1.56442 -0.169014 1.69147 -1.818
-1.29258 -1.39189 -1.04187 -0.490334 1.24695 -1.92538 -1.32818 -1.40895 -1.09907 -0.488407 1.2426 -1.90247
-1.01488 -1.51556 -1.52464 0.127235 -0.611222 -1.45244 -1.04225 -1.53952 -1.52028 0.127324 -0.607401 -1.4806
-0.353208 0.637376 -0.424569 2.48934 -3.24242 -1.80122 -0.358712 0.646803 -0.427826 2.51694 -3.24185 -1.82559
-0.394456 0.370054 0.37192 0.914124 1.6035 3.04011 -0.419872 0.373697 0.406665 0.907276 1.62948 3.0409
-0.0708559 -0.715333 -0.65313 -0.683914 1.65258 -1.69041 -0.124303 -0.751803 -0.705422 -0.656445 1.63401 -1.69191
1.14567 2.26578 2.69466 0.351069 -0.919322 -1.71968 1.07482 2.29154 2.59396 0.348298 -0.907223 -1.76744
1.09352 1.12572 0.60572 0.195468 -0.811429 -1.79115 1.16249 1.21019 0.651187 0.169326 -0.809897 -1.81072
-2.0762 -2.79967 -1.64793 0.0925148 1.42299 -1.28569 -2.0829 -2.80179 -1.59972 0.0950956 1.42909 -1.27999
-1.47361 -2.27232 -2.19498 -0.924717 1.48111 -1.84922 -1.48215 -2.27641 -2.17841 -0.901399 1.47759 -1.88088
-1.63131 -2.1911 -1.30971 0.224977 -0.200279 -1.83895 -1.61831 -2.22608 -1.35496 0.224623 -0.201071 -1.83036
0.792114 1.15218 0.84652 0.499878 1.95444 3.17181 0.772552 1.18362 0.860332 0.50329 1.96087 3.18443
-0.914424 -0.0220716 0.769968 0.454459 1.95696 3.00701 -0.910989 0.00666287 0.802229 0.467141 1.947 3.03859
-3.23943 -3.47525 -1.70973 -0.187837 1.11343 -0.898604 -3.2269 -3.46481 -1.65495 -0.160736 1.12148 -0.876581
-1.45819 -1.47351 -1.89935 2.46403 -3.15011 -1.50328 -1.47779 -1.43144 -1.86853 2.48129 -3.14441 -1.51057
-0.878081 -3.07155 -1.88905 2.16983 -2.726 -0.778146 -0.914482 -3.0477 -1.90255 2.16257 -2.72668 -0.7538
1.37813 1.0856 0.121583 -0.869824 0.945083 -1.74185 1.42632 1.11665 0.119044 -0.875065 0.96126 -1.74282
-0.946489 -2.95332 -1.23783 -0.413443 1.62084 -0.909377 -0.990521 -3.0472 -1.22708 -0.441174 1.60686 -0.899325
-3.33215 -2.24291 -1.52468 -0.370078 -0.127719 -0.10691 -3.38144 -2.26951 -1.52134 -0.368895 -0.149781 -0.0871327
-3.98223 -2.99271 -1.66358 0.128999 -0.596377 -1.50421 -4.05437 -3.06255 -1.74501 0.12412 -0.615561 -1.49534
2.21287 3.527 3.89733 0.50582 1.91077 3.26153 2.30845 3.56537 3.87019 0.565916 1.94151 3.22053
0.352933 2.96823 2.71281 0.567276 2.26517 3.21775 0.335741 2.95299 2.66339 0.550815 2.26772 3.22983
-0.384749 -0.804033 -0.165568 0.656159 -1.43754 -1.45409 -0.465681 -0.82463 -0.24609 0.631655 -1.42824 -1.44989
-1.8053 -3.00912 -2.0804 0.0656024 1.08619 -1.23277 -1.84117 -3.00543 -2.08233 0.0938402 1.0877 -1.21289
-0.150077 -2.29318 -0.410332 0.480683 1.98369 3.32926 -0.139807 -2.24744 -0.419982 0.490195 1.99553 3.32688
-0.69849 1.34818 -0.129856 0.776973 1.73256 3.10911 -0.725857 1.33528 -0.101016 0.809278 1.72294 3.12306
-3.44465 -3.33978 -3.55712 0.468346 -0.632458 -1.34109 -3.50023 -3.41092 -3.58882 0.47623 -0.610892 -1.32849
-0.0121684 -1.77938 -1.70303 -0.861738 1.33772 -1.41881 -0.0750008 -1.88654 -1.71079 -0.884704 1.32612 -1.42225
-1.71564 -1.49494 -0.779709 1.18204 1.65514 3.30766 -1.78056 -1.495 -0.783612 1.14196 1.65779 3.30853
-1.4679 -3.2815 -1.72641 0.975439 1.77856 3.16229 -1.49492 -3.32949 -1.73196 0.984341 1.76506 3.182
0.256399 -0.737582 -0.0982493 0.057599 0.098753 0.0884208 0.194262 -0.799706 -0.130396 0.0719532 0.0964266 0.0761613
-1.6845 -2.2854 -1.77709 0.686146 1.5823 2.76116 -1.65489 -2.26221 -1.79487 0.694577 1.60031 2.79092
-0.466484 -5.5122 -1.52364 -2.41993 0.473188 -2.72301 -0.496485 -5.54328 -1.53593 -2.39595 0.458599 -2.71825
-2.12527 -1.58925 -4.49052 -0.705966 0.910968 -1.2804 -2.08591 -1.56484 -4.48531 -0.698632 0.911233 -1.27438
-0.105517 -1.34746 -1.32379 -0.515894 1.1142 -0.908719 -0.0818847 -1.34019 -1.33642 -0.491684 1.09185 -0.912848
6.95517 2.4311 4.92844 2.27889 1.59429 -3.06774 6.94316 2.4419 4.87398 2.25707 1.59672 -3.09594
0.32326 -0.303929 0.112086 -0.546917 0.940025 -1.81406 0.252988 -0.279529 0.0551388 -0.570915 0.942203 -1.81474
0.991498 0.70129 0.368421 0.781246 2.50781 2.90568 1.01824 0.747739 0.368953 0.825703 2.53967 2.93863
1.19792 -0.0770564 -0.256257 0.526671 1.84108 3.15129 1.23971 -0.0134317 -0.298858 0.529726 1.81628 3.15827
-1.23118 -3.1694 -0.524943 -0.802162 1.19742 -1.24145 -1.25046 -3.13829 -0.509221 -0.789421 1.16454 -1.2336
-3.22377 -3.10022 -0.671973 -0.350222 -0.171104 -0.388098 -3.28304 -3.14859 -0.678486 -0.328194 -0.158147 -0.387
0.0228095 1.07131 1.2831 -0.0336987 -0.825727 -1.55371 0.0493458 1.01765 1.27069 -0.0323766 -0.81243 -1.55126
-0.227061 2.58436 -1.14979 0.958262 -0.354982 -1.00968 -0.225391 2.62146 -1.15012 0.948753 -0.344769 -0.985
-2.09041 -3.7863 -2.56718 -0.461265 1.25882 -1.37939 -2.1183 -3.8677 -2.59022 -0.484434 1.25288 -1.32933
-0.453704 0.428862 0.360258 0.0709331 1.98109 2.75682 -0.395096 0.54385 0.345192 0.0903907 1.99101 2.734
1.78195 2.29756 0.374638 -0.715807 1.34766 -0.73024 1.82074 2.31196 0.331381 -0.726414 1.34068 -0.752455
-1.49825 -1.69708 -2.15508 0.802692 -0.669356 -1.27082 -1.46718 -1.6763 -2.14794 0.781548 -0.619961 -1.26231
-0.305499 0.254834 1.6122 0.544381 1.65316 2.99148 -0.324073 0.187118 1.65325 0.52913 1.63565 3.00806
-4.50467 -2.57316 -3.48188 0.74445 1.40122 2.33321 -4.52092 -2.55606 -3.492 0.746425 1.39025 2.28816
2.55831 0.945574 2.96 0.587348 -0.914488 -2.23532 2.47066 0.922793 2.86494 0.575234 -0.89451 -2.2459
-4.4367 -0.539162 3.99237 3.34758 -0.416272 1.27676 -4.4483 -0.589273 3.9461 3.32255 -0.418781 1.28714
3.78496 -2.69158 -1.02316 -2.26754 1.4273 -2.3865 3.78938 -2.61096 -1.016 -2.25609 1.42502 -2.40003
-2.46542 -0.348822 3.29425 3.05194 0.771903 0.0660666 -2.5008 -0.373527 3.27601 3.02929 0.769445 0.0365542
2.51743 -1.58043 -2.75664 -4.07807 -3.70297 -2.40685 2.53517 -1.55028 -2.73451 -4.09435 -3.7068 -2.39879
-2.01298 -2.50634 -2.09534 0.508252 1.87406 3.42097 -2.07649 -2.49796 -2.0895 0.515304 1.90696 3.41324
2.2852 2.98627 1.65363 0.531911 1.16457 2.72245 2.26261 3.05568 1.68649 0.546871 1.18065 2.75527
0.0578955 0.782056 -0.198426 0.675252 1.96124 3.66648 0.0789688 0.77485 -0.199845 0.697841 1.96292 3.66608
-0.266849 -1.00867 -0.848583 0.614803 1.72044 2.70002 -0.273105 -1.00571 -0.872853 0.587541 1.72642 2.718
-0.449293 -0.870315 -0.0069975 0.367904 1.73356 2.62148 -0.487417 -0.87468 -0.00598094 0.38545 1.71194 2.63844
-4.87525 -6.2445 -3.23894 -3.03004 0.219519 2.7436 -4.87643 -6.22614 -3.23173 -2.97342 0.189469 2.71202
-0.0481046 1.38492 0.994612 0.165818 1.77273 2.97904 -0.109447 1.39958 1.0134 0.161861 1.76949 3.01347
-1.18503 -1.13333 0.955663 0.181961 1.27016 -1.01842 -1.22769 -1.20769 0.842029 0.177667 1.23168 -1.02187
-1.11542 0.244422 0.113706 -0.300881 -0.768272 -1.57903 -1.10092 0.224789 0.0612572 -0.306308 -0.749595 -1.56995
1.34793 6.9902 4.07283 1.61803 3.70864 0.481432 1.4208 7.08786 4.11339 1.60342 3.76722 0.485995
6.3449 -5.91307 -0.9733 0.139661 2.55963 -1.82891 6.27935 -5.8079 -1.0168 0.158248 2.54841 -1.85354
0.511947 0.378113 0.0746813 0.330733 -0.0146136 -0.0704051 0.504472 0.382779 0.0590134 0.307414 -0.0164112 -0.0755528
-1.53995 -0.878819 -1.28499 -0.933463 1.33545 -0.762828 -1.53983 -0.858041 -1.30002 -0.962487 1.29703 -0.729506
1.45017 -0.172009 0.996115 0.00645088 1.52559 3.78105 1.44824 -0.157414 1.05209 -0.00379117 1.51718 3.78836
2.1029 1.40333 2.20557 0.73086 -0.160311 -0.364226 2.10605 1.41023 2.27758 0.730963 -0.121455 -0.340735
1.98091 2.42317 1.6955 1.12125 0.936656 2.6981 2.00791 2.47329 1.68431 1.12305 0.93606 2.70047
0.884727 -1.252 -4.27128 0.805859 4.3947 -1.61875 0.936768 -1.21589 -4.26261 0.782246 4.40114 -1.61019
0.170371 -1.50925 -0.801307 0.624154 0.701452 0.214827 0.153836 -1.57532 -0.804245 0.618268 0.728378 0.240326
7.3512 -4.81441 -0.0633878 -4.05375 2.21322 0.946993 7.35776 -4.75496 -0.064034 -4.04296 2.19822 0.946622
1.49377 3.15359 0.131409 -0.328142 0.729344 -0.297685 1.52906 3.22244 0.140569 -0.309287 0.763956 -0.312087
-0.0179251 -0.164119 -0.613262 0.951478 1.46538 3.45331 -0.0282952 -0.175941 -0.626513 0.994356 1.48213 3.44127
-1.55531 -4.08948 -7.73677 -3.89079 -0.77392 -3.82931 -1.49324 -4.02991 -7.69422 -3.87308 -0.754502 -3.85073
-7.13979 -0.175356 -5.16502 3.55483 -0.166405 -2.22434 -7.11104 -0.209454 -5.15505 3.54604 -0.151468 -2.19767
7.31429 6.38442 7.1653 4.50229 -0.727529 -2.51618 7.34095 6.43254 7.17483 4.55693 -0.783393 -2.54266
-0.659654 -0.543038 -2.48785 -0.574025 0.208504 0.352051 -0.702517 -0.628097 -2.50882 -0.603213 0.215737 0.342804
-7.18735 4.69559 -7.01251 -1.03362 -4.34794 -0.676118 -7.15406 4.71832 -6.99706 -1.04193 -4.33614 -0.673995
1.47455 3.05643 11.7491 -2.33789 4.75823 0.991889 1.44835 2.99851 11.7577 -2.31878 4.83523 0.988484
-10.6833 -0.269969 -4.57752 2.25907 -3.33007 -2.87251 -10.6293 -0.277725 -4.54271 2.2362 -3.30967 -2.87221
2.45065 2.98309 2.21334 2.74535 -3.78782 -1.57988 2.35536 2.91784 2.12555 2.73705 -3.81397 -1.60729
-3.2491 -2.55631 -3.88438 -0.242477 1.52297 3.0987 -3.21456 -2.58806 -3.85575 -0.262723 1.49063 3.09031
-8.123 -5.54128 -4.89758 2.60308 -1.55585 -2.85688 -8.10577 -5.52401 -4.85912 2.60057 -1.56052 -2.86357
-5.89354 -5.81922 4.00876 1.86952 1.49075 0.479949 -5.94394 -5.86728 3.98718 1.84559 1.44744 0.477863
0.616626 0.958596 -1.66606 0.27459 0.118728 0.227162 0.558905 0.948044 -1.7146 0.282523 0.135293 0.225315
-6.53841 2.39584 -0.417459 -2.89466 4.41667 -1.6043 -6.45167 2.35944 -0.436507 -2.90186 4.40278 -1.63055
-10.7055 -5.15509 -2.35182 -1.6344 -2.84453 -0.353663 -10.7406 -5.20915 -2.35882 -1.619 -2.82913 -0.371159
-5.11816 -8.02295 -2.72928 -0.86959 0.111503 4.48607 -5.17344 -7.97345 -2.67718 -0.838184 0.0837933 4.4906
4.36057 -2.59603 -2.03919 -0.437389 3.74413 -3.31854 4.4167 -2.54775 -2.01648 -0.469302 3.73052 -3.33311
-1.53328 -7.89704 -5.07464 3.69348 4.58441 4.95961 -1.53698 -7.90435 -5.08483 3.69676 4.58346 4.96046
-0.510766 1.14561 0.434051 0.108968 1.57381 -1.17497 -0.499696 1.10013 0.479255 0.121279 1.56926 -1.1832
0.595468 2.09232 2.14965 -0.00662162 -0.395944 0.017274 0.700894 2.03446 2.22542 0.00862924 -0.394182 0.0161655
-1.78368 -2.09159 -2.03776 -0.407543 0.998386 -1.04737 -1.73156 -2.0931 -1.99106 -0.395529 1.00502 -1.03298
-0.727473 8.45923 -2.41012 -1.35051 -4.22745 1.79226 -0.672079 8.49705 -2.40449 -1.34412 -4.2665 1.84019
-11.0823 -6.62295 -7.77871 3.33506 3.32196 -0.0912414 -11.0861 -6.62861 -7.72791 3.30341 3.32202 -0.0844538
-11.3482 2.14401 -7.84519 -2.60854 4.13507 3.31497 -11.3343 2.16019 -7.7949 -2.60569 4.10731 3.31545
0.385893 1.34342 1.83972 -0.415698 1.82444 -1.60237 0.360837 1.36986 1.80521 -0.440212 1.84807 -1.58302
1.20578 -0.330577 -5.49869 -1.73258 -4.00408 -3.19287 1.25015 -0.314037 -5.472 -1.72092 -4.00687 -3.18909
-0.867259 -2.88957 -0.344033 0.207673 0.0319066 -0.00323005 -0.892461 -2.91905 -0.335278 0.202612 0.0317799 0.00553726
-0.466271 -0.395745 -0.796599 -0.00657858 1.29238 -1.23255 -0.513926 -0.382371 -0.815065 0.00572783 1.26868 -1.22576
-1.06746 -2.84247 -2.86758 -0.858029 1.22963 -1.28147 -1.1148 -2.85211 -2.87337 -0.821239 1.227 -1.2886
-0.646556 -4.82125 -9.6445 -2.62975 -3.84065 3.07577 -0.57951 -4.7572 -9.53803 -2.62857 -3.84838 3.04877
-6.45938 8.10239 3.64736 -3.96601 -2.80714 0.291563 -6.35398 8.03675 3.60025 -3.96698 -2.83918 0.337902
-12.5948 -3.97061 -10.5352 0.807209 2.67263 0.673268 -12.6218 -3.97238 -10.4722 0.791122 2.67801 0.668077
-8.83038 -3.43761 -6.29358 -0.874979 3.88414 -2.24099 -8.83188 -3.48497 -6.2922 -0.879036 3.87088 -2.24268
-1.89831 0.15382 1.25743 0.565844 -0.160848 1.24316 -1.84205 0.25891 1.32652 0.559507 -0.166619 1.23721
0.282644 0.786255 -0.450993 -0.114142 0.948465 -1.57506 0.279561 0.73943 -0.544756 -0.144036 0.939227 -1.55512
-2.11429 9.19083 6.22437 1.69524 -5.39203 1.36205 -2.08683 9.15457 6.17525 1.68103 -5.4095 1.39545
10.6993 1.41217 11.5692 -0.310499 -2.0003 -3.0701 10.5404 1.54321 11.5418 -0.339359 -1.99492 -3.1292
-3.01407 -1.55557 -1.8249 -0.801722 1.41331 -0.761769 -2.9752 -1.56442 -1.91438 -0.788023 1.42785 -0.78509
-11.4917 -11.3235 -13.5714 -2.40867 0.520593 2.42442 -11.5559 -11.349 -13.5278 -2.37582 0.534115 2.41567
6.3079 2.6859 -5.77588 1.40246 3.54008 0.723252 6.40604 2.75737 -5.71046 1.42757 3.54865 0.766158
-2.2727 -2.90111 -2.58874 0.170815 -0.0511271 -0.249957 -2.34119 -2.95522 -2.67064 0.157303 -0.045003 -0.245413
0.566468 -7.1889 -0.723082 -3.73786 -4.15299 3.26079 0.54163 -7.13512 -0.728556 -3.74647 -4.16384 3.31744
12.651 8.238 13.8559 -3.12007 -1.32345 1.52711 12.7444 8.32042 13.801 -3.2193 -1.33032 1.57915
10.5353 2.92023 0.134098 -3.31645 -4.25397 4.8272 10.5769 2.95284 0.141126 -3.37436 -4.28056 4.8733
-8.0896 2.89574 -6.94699 1.55066 -3.32288 -4.00974 -8.06902 2.89324 -6.92684 1.5798 -3.26636 -3.96117
-13.1552 -9.41357 -9.19117 0.58761 2.34002 3.6436 -13.2138 -9.45179 -9.21502 0.580364 2.3502 3.67123
-13.9772 -13.6195 -11.7228 0.717637 -0.388931 -0.641324 -14.0326 -13.7187 -11.6967 0.7178 -0.387759 -0.624678
12.082 7.74019 15.9269 -2.41479 3.2012 0.788998 12.1922 7.86066 16.037 -2.4256 3.28737 0.777783
-1.00799 -0.751429 -0.48217 -0.154676 1.73079 -1.41663 -0.990908 -0.789835 -0.500578 -0.184863 1.76846 -1.41986
-0.415069 -1.29461 -1.1463 0.164785 0.243413 0.697207 -0.457717 -1.33652 -1.1047 0.183084 0.255904 0.657131
-2.67593 -2.42283 -1.52307 -0.814079 1.45969 -0.793785 -2.65083 -2.42454 -1.60522 -0.828614 1.42293 -0.768812
10.7081 13.2912 -1.90899 0.300134 0.269546 1.09792 10.7565 13.4033 -1.84821 0.277825 0.272213 1.11965
1.78468 0.558204 0.709925 -1.02485 1.43743 -1.39268 1.80741 0.560282 0.758492 -0.998642 1.45099 -1.39412
13.6596 17.6876 5.76501 -0.864861 -0.918516 1.48627 13.784 17.8308 5.70164 -0.979857 -0.905546 1.50053
15.6428 4.10631 14.9658 0.0401932 4.53015 3.34643 15.8 4.30547 15.0455 0.0484353 4.61397 3.43462
-13.8999 -13.301 -12.0168 -2.10906 3.5864 2.46052 -13.8795 -13.2924 -11.9359 -2.10701 3.57896 2.4579
-13.5183 -11.8955 -13.8084 -3.36259 0.924939 1.79636 -13.5255 -11.9572 -13.7533 -3.33273 0.922565 1.80704
-12.7274 -9.29855 -7.94372 3.58578 -1.73002 2.31295 -12.7293 -9.37739 -7.91817 3.60238 -1.7441 2.32196
11.1687 16.989 18.9285 3.43518 3.13515 -0.772457 11.2796 17.0819 18.9246 3.54821 3.22389 -0.730634
-13.4912 -11.3293 -13.827 -1.51339 -1.444 -2.73826 -13.5371 -11.3797 -13.7883 -1.49153 -1.46758 -2.73233
-14.1061 -14.866 -14.9277 1.76769 -2.95734 3.343 -14.1701 -14.9675 -14.9412 1.76836 -2.96193 3.33666
