-7.44577 -7.44593
-7.4244 -7.42433
-7.41971 -7.41961
-7.41273 -7.41302
-7.40156 -7.40143
-7.39462 -7.39477
-7.39278 -7.39296
-7.38918 -7.38922
-7.3829 -7.38273
-7.3771 -7.37673
-7.37505 -7.37529
-7.37045 -7.37013
-7.36447 -7.36399
-7.36087 -7.3608
-7.35913 -7.35959
-7.35861 -7.35852
-7.35435 -7.35434
-7.35305 -7.35262
-7.35109 -7.35076
-7.34918 -7.34965
-7.34883 -7.34834
-7.34899 -7.34812
-7.34511 -7.34493
-7.34319 -7.34337
-7.34326 -7.34304
-7.34246 -7.34271
-7.34259 -7.34233
-7.34228 -7.34227
-7.34141 -7.34158
-7.34101 -7.34063
-7.34002 -7.33972
-7.33862 -7.33856
-7.33787 -7.33821
-7.33616 -7.33708
-7.33678 -7.33675
-7.33672 -7.33637
-7.33585 -7.33588
-7.33358 -7.33394
-7.33406 -7.33315
-7.33247 -7.33278
-7.33248 -7.3322
-7.33179 -7.3318
-7.3312 -7.33101
-7.33019 -7.33027
-7.3303 -7.33008
-7.32928 -7.32925
-7.32871 -7.32874
-7.3279 -7.32813
-7.32804 -7.32804
-7.32788 -7.32764
-7.32681 -7.32693
-7.32644 -7.32648
-7.32567 -7.32586
-7.32575 -7.32544
-7.32503 -7.32532
-7.32465 -7.32452
-7.32291 -7.32326
-7.32294 -7.323
-7.32157 -7.32178
-7.3218 -7.32159
-7.3206 -7.32078
-7.32014 -7.31971
-7.31962 -7.31941
-7.31893 -7.31918
-7.31879 -7.319
-7.31773 -7.31848
-7.31714 -7.31745
-7.3156 -7.31556
-7.31531 -7.31528
-7.31442 -7.31455
-7.31462 -7.31405
-7.31338 -7.31301
-7.30956 -7.30947
-7.30843 -7.30839
-7.30755 -7.30771
-7.30642 -7.30655
-7.3058 -7.30613
-7.30358 -7.30385
-7.30185 -7.30199
-7.29935 -7.30004
-7.29836 -7.2981
-7.29753 -7.29754
-7.29553 -7.29528
-7.29494 -7.29495
-7.29501 -7.29466
-7.29429 -7.29461
-7.29293 -7.29271
-7.29119 -7.29132
-7.28988 -7.28988
-7.28872 -7.2885
-7.2866 -7.2865
-7.28457 -7.28414
-7.28296 -7.28248
-7.28244 -7.2823
-7.28275 -7.28161
-7.27732 -7.2776
-7.27548 -7.27538
-7.27426 -7.27371
-7.26988 -7.2696
-7.2667 -7.26664
-7.2631 -7.26427
-7.26189 -7.26234
-7.26091 -7.26078
-7.25261 -7.25235
-7.43044 -7.43056
-7.42419 -7.42424
-7.41745 -7.41743
-7.40257 -7.40256
-7.39855 -7.39841
-7.39456 -7.39422
-7.38969 -7.38948
-7.3843 -7.38388
-7.37761 -7.3774
-7.37684 -7.37669
-7.37068 -7.37062
-7.36974 -7.36942
-7.36406 -7.36352
-7.36005 -7.35993
-7.35964 -7.3595
-7.35485 -7.35483
-7.35326 -7.35384
-7.35261 -7.35257
-7.35057 -7.35056
-7.34941 -7.34954
-7.34858 -7.3483
-7.34716 -7.34757
-7.34341 -7.34347
-7.34349 -7.3432
-7.34285 -7.34278
-7.3424 -7.34247
-7.34247 -7.3423
-7.34232 -7.34208
-7.34128 -7.34087
-7.34071 -7.34038
-7.33858 -7.33879
-7.33821 -7.33846
-7.33748 -7.33784
-7.33655 -7.3369
-7.33619 -7.33638
-7.33619 -7.33612
-7.33546 -7.33568
-7.33343 -7.33344
-7.33235 -7.33279
-7.33295 -7.33274
-7.33171 -7.33208
-7.33123 -7.33112
-7.33013 -7.33031
-7.33034 -7.33016
-7.32893 -7.32955
-7.32883 -7.32908
-7.32867 -7.3284
-7.32842 -7.32813
-7.32758 -7.3277
-7.3274 -7.32727
-7.32692 -7.3266
-7.32598 -7.32607
-7.32593 -7.32571
-7.32556 -7.32536
-7.32536 -7.32525
-7.32408 -7.32411
-7.32309 -7.32325
-7.32198 -7.32187
-7.32164 -7.32169
-7.32072 -7.32092
-7.3204 -7.3202
-7.31919 -7.31948
-7.3192 -7.31927
-7.31908 -7.31902
-7.31875 -7.31871
-7.31703 -7.31762
-7.31653 -7.31649
-7.31562 -7.31556
-7.31473 -7.31489
-7.31407 -7.31409
-7.31306 -7.31333
-7.30979 -7.30992
-7.3085 -7.30876
-7.3081 -7.30793
-7.30633 -7.30657
-7.30665 -7.30627
-7.30396 -7.3042
-7.30287 -7.30241
-7.30179 -7.30125
-7.29911 -7.29909
-7.29716 -7.29773
-7.29787 -7.29714
-7.29498 -7.29497
-7.29467 -7.29469
-7.29505 -7.29465
-7.29448 -7.29431
-7.29179 -7.29198
-7.29051 -7.29031
-7.28866 -7.28885
-7.28774 -7.28779
-7.28413 -7.28432
-7.28364 -7.28397
-7.28215 -7.28243
-7.28209 -7.2822
-7.28057 -7.28057
-7.27627 -7.27646
-7.27461 -7.27391
-7.27169 -7.27199
-7.26648 -7.26698
-7.26573 -7.2652
-7.26307 -7.26357
-7.26073 -7.26109
-7.25621 -7.25608
