-0.0313158 -0.257763 -0.296786 -0.663779 1.31633 -1.43525 -0.120363 -0.433925 -0.480362 -0.676782 1.33613 -1.49036
-0.900183 -1.26934 0.482014 2.05728 -3.33941 -1.11256 -0.958695 -1.37858 0.446082 2.06971 -3.38723 -1.12343
-0.530608 0.205425 -1.51524 -0.859511 1.43304 -1.22862 -0.571604 0.207759 -1.5515 -0.867578 1.42641 -1.28048
1.1086 1.41462 1.44706 -0.65465 1.33537 -1.9157 1.03593 1.38889 1.42588 -0.652908 1.325 -1.92748
-1.52904 -0.726159 0.146448 0.914032 2.30732 3.65341 -1.5482 -0.79553 0.0681179 0.912403 2.32991 3.68567
0.603681 1.22079 1.70678 0.246086 -0.925457 -1.58629 0.537786 1.13932 1.68157 0.247355 -0.873345 -1.57387
-2.06918 -2.78962 -3.73247 0.0588434 -0.903091 -1.76278 -2.0317 -2.7308 -3.65913 0.0858374 -0.897795 -1.76249
1.4698 0.276308 1.16755 0.784011 -0.694323 -1.49237 1.46324 0.324953 1.14912 0.733768 -0.756957 -1.50934
-0.526904 -0.823989 -2.90867 0.388001 -0.962651 -1.37368 -0.420793 -0.823424 -2.93452 0.384074 -0.9815 -1.42678
-0.737167 -0.575912 0.929 0.380301 -0.91419 -1.70888 -0.812252 -0.648156 0.96489 0.353249 -0.906028 -1.73012
-2.09793 -2.64822 -1.01037 0.385407 -0.489341 -1.7121 -2.06165 -2.63299 -1.05235 0.356708 -0.495017 -1.73804
-1.15421 -0.251779 -1.97516 -1.09537 1.60439 -1.22887 -1.14662 -0.199451 -1.90569 -1.11882 1.62537 -1.26347
0.604742 -1.34647 -0.76152 1.08434 1.71112 3.01135 0.668983 -1.30221 -0.714011 1.09666 1.71673 3.03789
2.1212 2.35998 2.48479 2.53966 -2.34739 -1.2923 2.1455 2.43132 2.58857 2.54552 -2.38082 -1.33282
-0.286833 1.55865 0.326998 1.9884 -3.06703 -1.01735 -0.278705 1.63699 0.308927 2.01082 -3.03454 -1.00626
-1.66688 -0.707319 1.04267 2.39657 -2.8218 -1.57825 -1.60911 -0.679246 1.10125 2.39389 -2.79958 -1.60117
-1.44538 -0.85656 -1.72546 0.379491 -0.442234 -1.26016 -1.43259 -0.783961 -1.66689 0.359248 -0.438949 -1.29445
1.76491 1.13321 0.0997314 0.868908 2.2146 3.21081 1.86772 1.21295 0.14765 0.827121 2.23109 3.21809
-0.172521 -2.07647 -0.5044 1.83009 -2.15471 -0.987212 -0.0412323 -1.92675 -0.332689 1.8539 -2.13485 -0.988074
7.06095 2.49498 4.99747 2.3025 1.60691 -3.00612 6.94316 2.4419 4.87398 2.25707 1.59672 -3.09594
0.54892 0.887074 2.12316 0.534829 1.89233 3.75569 0.568791 1.02833 2.16243 0.524935 1.92203 3.83049
-0.211855 1.56708 -0.251472 0.911053 1.55418 3.69778 -0.215742 1.68755 -0.238348 0.864612 1.54989 3.68272
-4.71652 -6.71041 2.17496 -2.67411 2.26327 0.380209 -4.8243 -6.72659 2.16841 -2.63678 2.25842 0.397977
1.45497 -0.200991 -0.277444 2.34309 -2.94173 -0.995866 1.43918 -0.209826 -0.256592 2.3552 -2.96491 -1.00013
-0.244001 -0.111036 -0.576224 -0.00651333 0.405073 -1.26283 -0.188508 -0.0346035 -0.582594 -0.00507084 0.400261 -1.2198
-4.2241 -0.515648 4.28304 -0.421005 2.10553 1.03729 -4.30213 -0.599997 4.23853 -0.393039 2.05015 1.03487
-2.41597 -0.307073 3.33817 3.03988 0.76414 0.0684733 -2.5008 -0.373527 3.27601 3.02929 0.769445 0.0365542
2.52766 -1.49367 -2.72051 -4.10729 -3.72024 -2.35927 2.53517 -1.55028 -2.73451 -4.09435 -3.7068 -2.39879
-2.0576 -4.11976 -4.22846 0.611078 -1.00321 -1.47837 -2.03816 -4.07863 -4.15946 0.612002 -1.0011 -1.43633
-6.54039 -5.10428 -1.65498 2.2674 -2.03983 0.591842 -6.65019 -5.08417 -1.63382 2.28135 -2.02317 0.608674
0.560014 -1.39022 -1.06757 1.59165 -2.84874 -1.23304 0.535078 -1.34271 -0.985564 1.59594 -2.82378 -1.23881
1.83135 1.23141 2.07938 0.827986 1.58869 3.22049 1.8081 1.25406 2.12096 0.815115 1.61046 3.23049
-4.85169 -6.20059 -3.2933 -2.99958 0.212424 2.75966 -4.87643 -6.22614 -3.23173 -2.97342 0.189469 2.71202
-1.174 -2.51755 -0.649 -0.461958 1.08693 -1.57891 -1.161 -2.56067 -0.628488 -0.442145 1.05756 -1.55107
1.37686 7.07434 4.1549 1.58788 3.70147 0.459672 1.4208 7.08786 4.11339 1.60342 3.76722 0.485995
1.70945 -0.00404033 -1.50929 0.200817 1.82719 3.42701 1.78191 0.0583779 -1.46723 0.179047 1.8776 3.42989
0.724955 -0.0746531 -0.227248 1.89216 -2.97425 -1.31021 0.787125 0.000927743 -0.215678 1.91167 -2.97867 -1.28502
2.72835 -8.49717 -2.04468 1.30587 -1.14553 -1.79731 2.64303 -8.43947 -2.0415 1.27807 -1.16921 -1.7982
-1.82032 -1.23193 -1.0522 1.70514 -3.32244 -1.63057 -1.78392 -1.23544 -1.04066 1.66195 -3.31242 -1.62111
7.35975 -4.84951 -0.0913724 -4.02982 2.19225 0.996978 7.35776 -4.75496 -0.064034 -4.04296 2.19822 0.946622
2.24117 0.807374 2.0372 0.444173 2.20394 3.3724 2.34309 0.851984 2.21426 0.442562 2.22692 3.38342
-7.12164 -0.152242 -5.18648 3.53502 -0.162812 -2.23429 -7.11104 -0.209454 -5.15505 3.54604 -0.151468 -2.19767
-2.30505 -1.81793 -3.10271 -0.342681 1.16436 -1.52611 -2.35673 -1.81179 -3.08661 -0.395548 1.17511 -1.53229
-7.85005 -1.88017 -7.62697 -1.41377 -1.519 -1.75858 -7.88348 -1.89538 -7.57003 -1.38107 -1.45661 -1.73274
-7.14304 4.60112 -6.96871 -1.07336 -4.3158 -0.677867 -7.15406 4.71832 -6.99706 -1.04193 -4.33614 -0.673995
0.249996 0.895993 -5.52583 2.00494 -1.67796 -4.95447 0.263557 0.874381 -5.5948 2.02995 -1.6642 -4.94649
-6.8117 -8.67523 -11.37 2.95142 1.41388 -0.406648 -6.81732 -8.63599 -11.3346 2.95556 1.3873 -0.374708
4.3517 -2.47743 6.86827 1.05346 -0.309023 4.41315 4.28345 -2.52014 6.84447 1.06658 -0.302229 4.43616
5.31173 7.15611 8.2159 1.6671 3.25635 0.505559 5.26417 7.08004 8.15431 1.70785 3.35976 0.512005
0.774945 -0.644565 0.499356 1.33798 1.63562 2.86178 0.871922 -0.635109 0.563606 1.30406 1.64593 2.91276
-10.7148 -5.13531 -2.37559 -1.6069 -2.83889 -0.3575 -10.7406 -5.20915 -2.35882 -1.619 -2.82913 -0.371159
-3.85172 -4.86043 -4.60505 -0.940682 1.63274 -0.879699 -3.77658 -4.809 -4.59068 -0.950223 1.65359 -0.857676
4.36138 -2.56251 -1.95204 -0.410162 3.78571 -3.29516 4.4167 -2.54775 -2.01648 -0.469302 3.73052 -3.33311
-1.87847 -0.461408 0.194537 0.647046 1.36243 3.08294 -1.88596 -0.333933 0.247507 0.614318 1.37346 3.09755
5.20759 9.50039 10.3619 -1.35387 -3.51138 -0.303823 5.19375 9.38722 10.2979 -1.39333 -3.56928 -0.306797
-6.71098 1.31697 1.10175 -3.92684 -0.0597956 2.45331 -6.76414 1.32173 1.11051 -3.93601 -0.0385565 2.47182
-0.685647 8.48284 -2.35152 -1.3757 -4.21992 1.82208 -0.672079 8.49705 -2.40449 -1.34412 -4.2665 1.84019
-11.1326 -6.58242 -7.82709 3.35796 3.32445 -0.0902896 -11.0861 -6.62861 -7.72791 3.30341 3.32202 -0.0844538
6.86606 -6.57623 7.29198 0.177147 -3.45165 -2.55568 6.72218 -6.56209 7.19035 0.170692 -3.52195 -2.5947
-1.44043 -2.26462 -8.58517 -4.42018 -3.40855 -0.929481 -1.36014 -2.12451 -8.56005 -4.44357 -3.3893 -0.945037
0.530989 -9.77633 -8.72418 3.59145 -0.338258 4.05261 0.541753 -9.73309 -8.6851 3.58512 -0.31207 4.02933
-12.6258 -10.2124 -8.90887 -0.245703 -1.6029 -2.50117 -12.7016 -10.2385 -8.81637 -0.258765 -1.61829 -2.52981
-0.714312 -4.85722 -9.54663 -2.56895 -3.87248 3.05233 -0.57951 -4.7572 -9.53803 -2.62857 -3.84838 3.04877
-6.39529 8.14868 3.54068 -3.97228 -2.84325 0.372211 -6.35398 8.03675 3.60025 -3.96698 -2.83918 0.337902
5.82896 6.62185 -1.23369 -3.77857 4.12107 -0.945507 5.87341 6.72452 -1.38695 -3.86992 4.1035 -0.94952
3.34256 5.99003 8.35246 -2.71152 -2.28418 3.40373 3.35688 5.90507 8.28272 -2.71501 -2.25274 3.43798
10.5384 1.41433 11.5254 -0.309485 -2.01575 -3.01045 10.5404 1.54321 11.5418 -0.339359 -1.99492 -3.1292
3.22393 -2.1401 10.4291 -2.81935 4.32584 -3.71835 3.19464 -2.16544 10.4215 -2.78351 4.37119 -3.76608
-11.5203 -11.4028 -13.5934 -2.41584 0.491685 2.41773 -11.5559 -11.349 -13.5278 -2.37582 0.534115 2.41567
6.39565 2.73417 -5.62569 1.41143 3.56311 0.747107 6.40604 2.75737 -5.71046 1.42757 3.54865 0.766158
-1.4463 -1.59585 -1.60271 -1.14262 1.81456 -1.62745 -1.44376 -1.53683 -1.65877 -1.1565 1.81997 -1.56757
-14.0382 -10.7968 -8.07592 0.331979 -0.0655673 -1.77653 -14.0529 -10.7503 -8.00167 0.338671 -0.0233114 -1.77315
10.5873 2.93975 0.205886 -3.33109 -4.29831 4.82763 10.5769 2.95284 0.141126 -3.37436 -4.28056 4.8733
8.67688 0.0812056 -3.82531 5.20186 -3.07411 3.35057 8.73434 0.199214 -3.9221 5.23726 -3.08387 3.3677
-1.02421 -0.480221 -1.05111 0.00418876 0.723034 -1.04644 -1.08263 -0.390242 -0.972805 -0.0445875 0.762348 -1.06294
-13.9707 -13.691 -11.7875 0.722756 -0.367154 -0.612341 -14.0326 -13.7187 -11.6967 0.7178 -0.387759 -0.624678
12.1786 7.71136 15.9455 -2.43576 3.18533 0.723807 12.1922 7.86066 16.037 -2.4256 3.28737 0.777783
-2.39583 -0.480193 -2.52758 -0.917018 1.17438 -1.29951 -2.37508 -0.412879 -2.46682 -0.918267 1.14134 -1.3124
-3.46519 -3.60313 -4.22915 -0.720383 1.23796 -1.15568 -3.41624 -3.56202 -4.23024 -0.693538 1.20047 -1.15091
1.53156 0.890567 0.63032 -0.380608 1.14086 -1.00411 1.58587 0.888978 0.719228 -0.304401 1.11487 -0.999138
-1.37792 -1.77385 -2.51021 -0.302375 1.54416 -1.50287 -1.21839 -1.67213 -2.49146 -0.346693 1.48565 -1.40792
-10.6918 -14.1675 -11.363 2.63904 2.83352 0.814686 -10.7711 -14.1906 -11.3395 2.61028 2.87403 0.778623
1.99168 0.796218 -1.81801 -1.10008 0.927363 -0.823842 2.03728 0.723775 -1.8021 -1.16022 0.892651 -0.818114
-0.238473 -0.452117 -1.6522 -0.136509 0.832747 -1.15951 -0.253378 -0.29937 -1.62009 -0.168246 0.899153 -1.14807
-3.13673 -1.84258 -1.48829 0.239702 0.691057 -0.972277 -3.14748 -2.01501 -1.36082 0.215161 0.713556 -0.994121
-13.872 -13.3169 -12.011 -2.11033 3.58618 2.43764 -13.8795 -13.2924 -11.9359 -2.10701 3.57896 2.4579
2.90338 12.9428 15.3998 -3.52951 5.41766 -2.87939 2.96175 12.925 15.5474 -3.59308 5.5741 -2.98315
-13.5831 -14.6486 -12.6536 0.673581 -0.736086 -2.04854 -13.5515 -14.6372 -12.5146 0.683091 -0.775507 -2.09592
-15.0049 -11.7345 -14.7236 2.36864 0.749714 1.33749 -14.9903 -11.6713 -14.6232 2.36457 0.72687 1.36524
-2.45805 -2.21251 -2.22189 0.145435 1.14723 -0.727054 -2.43168 -2.19711 -2.15135 0.163705 1.13915 -0.726565
11.0723 16.8808 18.7984 3.44992 3.06273 -0.759 11.2796 17.0819 18.9246 3.54821 3.22389 -0.730634
-2.57238 -2.23554 -1.66755 -0.357349 0.77577 -1.41869 -2.53403 -2.12865 -1.6732 -0.351263 0.82808 -1.36899
-1.24 -1.53532 -1.10056 -0.685522 1.09163 -1.61123 -1.09389 -1.53738 -1.1075 -0.67267 1.09122 -1.64723
-14.6671 -12.7882 -8.69277 2.62791 2.95269 1.69649 -14.7579 -12.823 -8.58403 2.61409 2.92457 1.68105
-2.54213 -2.69799 -1.59 0.116137 0.574179 -1.37552 -2.58951 -2.76206 -1.58308 0.105112 0.577481 -1.41473
-0.838498 2.00669 -0.0175805 -0.714264 0.960471 -0.423781 -0.765213 2.0607 -0.0666006 -0.675392 0.931775 -0.479598
-0.448674 -0.967247 0.296637 -0.320124 0.850856 -1.23851 -0.35442 -0.905886 0.326325 -0.409149 0.787386 -1.28011
-0.917347 -3.29432 -4.42628 -0.501848 0.897271 -1.73137 -0.822597 -3.26194 -4.40617 -0.489735 0.89346 -1.72208
-0.24654 -0.456258 -0.962521 -0.326763 1.07666 -1.30136 -0.195189 -0.45763 -0.91477 -0.264937 1.04708 -1.28062
-1.4322 -2.01569 -2.00626 -0.524247 1.68536 -0.720499 -1.35773 -1.86838 -1.7653 -0.554935 1.7661 -0.724749
-2.69733 1.12337 -2.01863 -0.433901 0.59191 -0.356925 -2.71744 1.07967 -2.04988 -0.514543 0.591817 -0.342219
-2.04367 -1.71354 -2.66418 -0.316374 1.10196 -1.50514 -1.99727 -1.58609 -2.52307 -0.226508 1.1085 -1.5466
1.71569 -1.56018 0.16165 -0.449151 1.68866 -1.05644 1.75692 -1.44483 0.195141 -0.469244 1.70058 -1.11065
-3.57449 -3.57274 -4.20195 0.554168 1.72904 -1.27783 -3.61181 -3.56185 -4.19724 0.540002 1.77881 -1.31802
-0.0641523 0.411791 1.29132 2.01934 -3.05872 -1.35248 -0.133512 0.291147 1.22105 2.04806 -3.09462 -1.40445
-3.26952 -1.69175 -2.30618 -0.770705 0.722057 -1.19651 -3.36173 -1.71565 -2.32553 -0.743607 0.776692 -1.22473
0.419931 0.911711 0.850277 0.760291 2.07692 3.40223 0.455186 0.917159 0.822688 0.761812 2.04112 3.44813
-0.396898 -0.610317 0.51888 0.365121 -0.953941 -1.46486 -0.449923 -0.610748 0.555838 0.355854 -0.949479 -1.48243
-3.08082 -3.29 -3.22151 0.461007 1.81362 3.08306 -3.15409 -3.29855 -3.25086 0.462931 1.82331 3.11825
0.946045 -0.518274 0.523604 2.25494 -3.25072 -1.68767 0.979799 -0.575619 0.56006 2.29079 -3.25427 -1.68902
-0.897024 -0.352226 -0.594157 -0.809001 0.934783 -1.77476 -0.890109 -0.355332 -0.609834 -0.802367 0.901961 -1.75353
-1.46637 -0.318243 -0.240656 1.98301 -2.70953 -1.60826 -1.47492 -0.289721 -0.287429 1.98294 -2.7159 -1.60951
-2.80145 -1.85873 -1.05929 -0.749471 1.38361 -1.37556 -2.83567 -1.91176 -1.09876 -0.755207 1.40632 -1.35791
-0.593037 -0.649728 -0.350307 0.569428 1.22474 3.31594 -0.562537 -0.56966 -0.333904 0.575938 1.2283 3.33679
-0.135165 0.139503 -0.991955 0.718536 -1.0378 -1.69334 -0.0951088 0.108376 -1.02246 0.72949 -1.06956 -1.69645
-1.02161 -0.694126 -2.28329 0.941574 1.47429 3.12742 -1.01371 -0.674622 -2.32209 0.909743 1.42203 3.14068
0.336531 0.80674 0.193248 2.54726 -3.31713 -1.48009 0.363886 0.870353 0.271354 2.58618 -3.29193 -1.46772
-4.60468 -2.47646 -4.61692 0.541005 -0.849183 -1.63011 -4.58171 -2.46368 -4.59521 0.533786 -0.847019 -1.59799
0.229793 -0.699448 -0.163821 0.35116 1.94874 2.75486 0.334166 -0.69518 -0.0639951 0.353372 1.97489 2.80251
-1.36376 -0.423237 -1.02765 0.181981 -1.19711 -1.39101 -1.419 -0.501844 -1.19459 0.216551 -1.24593 -1.40037
0.432046 2.90865 3.6887 0.576673 1.72468 3.35807 0.424652 2.85081 3.67099 0.544674 1.69224 3.34651
-0.480562 -5.51768 -1.51257 -2.41534 0.473421 -2.71329 -0.496485 -5.54328 -1.53593 -2.39595 0.458599 -2.71825
-2.3843 -1.09979 -0.752072 1.93225 -2.70994 -1.54236 -2.3461 -1.05197 -0.754595 1.89588 -2.70385 -1.51343
-1.56853 -0.888828 -2.09661 0.38081 -1.066 -1.32618 -1.5063 -0.840877 -2.03907 0.412539 -1.09313 -1.35266
-1.78836 -2.36721 -2.1942 0.735454 1.46867 3.24709 -1.79696 -2.36442 -2.18384 0.762272 1.49634 3.2404
-3.63781 -1.67805 -1.77941 1.12599 1.7344 2.57044 -3.55447 -1.64978 -1.77802 1.15319 1.67479 2.52089
-0.371069 -0.311041 3.58741 -2.13561 -3.12888 3.30188 -0.400757 -0.415946 3.54999 -2.16438 -3.12131 3.31408
-2.59905 -4.55578 -3.05118 2.23456 -2.90447 -0.495475 -2.58323 -4.57216 -3.0725 2.25416 -2.89319 -0.487824
-4.37001 -0.530856 3.97126 3.35608 -0.429475 1.29207 -4.4483 -0.589273 3.9461 3.32255 -0.418781 1.28714
3.78368 -2.58059 -1.08617 -2.28145 1.4329 -2.40412 3.78938 -2.61096 -1.016 -2.25609 1.42502 -2.40003
0.205169 3.54088 -2.17171 -1.88858 -2.61051 -4.25851 0.171717 3.61873 -2.15433 -1.84372 -2.59664 -4.27544
-0.260252 0.504893 0.220621 -0.295657 1.09244 -1.35576 -0.254292 0.399398 0.241066 -0.325219 1.1039 -1.31414
-1.64631 -1.95721 -4.06727 0.118426 2.65555 2.73288 -1.63314 -2.00148 -4.06739 0.13951 2.65272 2.74301
3.85218 3.90005 2.23103 0.0749923 -0.982032 -1.32513 3.91912 3.95024 2.26453 0.090612 -1.02362 -1.32378
-1.81699 -0.182805 -1.72349 2.62509 -3.00233 -1.63605 -1.77997 -0.0471451 -1.65933 2.58586 -3.02373 -1.64577
0.0161503 1.67082 -5.56628 0.210972 -2.526 0.352895 0.0218662 1.673 -5.56832 0.21996 -2.55491 0.367078
-2.32027 -2.1807 -0.299142 0.491754 1.48153 3.71594 -2.26163 -2.17249 -0.211862 0.479813 1.44225 3.77188
8.16906 4.54748 2.37306 -0.194241 1.50584 -3.83085 8.1529 4.55 2.28273 -0.220486 1.50733 -3.79919
6.40254 -5.85061 -1.03827 0.161549 2.55056 -1.81134 6.27935 -5.8079 -1.0168 0.158248 2.54841 -1.85354
-4.88196 -3.33871 -2.37672 0.175722 3.90317 -2.85269 -4.88088 -3.34408 -2.38812 0.171357 3.92005 -2.88513
-0.305575 6.50739 4.18508 1.75456 -1.60746 -2.35982 -0.25969 6.46387 4.29767 1.78372 -1.67362 -2.40863
0.966438 -1.27898 -4.26562 0.771743 4.38138 -1.62537 0.936768 -1.21589 -4.26261 0.782246 4.40114 -1.61019
-1.92899 -2.88315 -0.501317 0.681055 1.27582 2.0735 -1.94587 -2.84934 -0.459515 0.639257 1.29219 2.09668
-7.48093 -2.8895 -3.04311 1.78649 -3.80502 0.0586986 -7.51354 -2.9729 -3.04479 1.79945 -3.80007 0.092886
-1.60215 -4.07922 -7.66598 -3.92572 -0.759566 -3.87383 -1.49324 -4.02991 -7.69422 -3.87308 -0.754502 -3.85073
4.73762 -3.0036 3.9487 -1.73185 -3.27234 3.11126 4.68712 -3.11073 3.89902 -1.78033 -3.25072 3.11699
7.33301 6.38009 7.15406 4.51436 -0.788705 -2.58375 7.34095 6.43254 7.17483 4.55693 -0.783393 -2.54266
-4.93793 -2.55356 1.09941 2.5946 -1.25579 0.46519 -5.01002 -2.66837 1.14343 2.58163 -1.25016 0.459026
1.52266 3.02614 11.7527 -2.34527 4.74285 1.00863 1.44835 2.99851 11.7577 -2.31878 4.83523 0.988484
-10.6637 -0.214543 -4.58122 2.24049 -3.32481 -2.86196 -10.6293 -0.277725 -4.54271 2.2362 -3.30967 -2.87221
-8.15464 -5.59015 -4.91062 2.63659 -1.57047 -2.86658 -8.10577 -5.52401 -4.85912 2.60057 -1.56052 -2.86357
-5.88554 -5.82283 3.98373 1.84037 1.51193 0.497792 -5.94394 -5.86728 3.98718 1.84559 1.44744 0.477863
-6.44098 2.42367 -0.465869 -2.87537 4.36503 -1.61083 -6.45167 2.35944 -0.436507 -2.90186 4.40278 -1.63055
3.18471 2.62115 2.26833 -1.01434 1.75386 -0.937741 3.31437 2.67388 2.28205 -1.01278 1.75194 -0.922816
-1.96385 1.16702 8.43272 -0.914076 -4.56591 0.107437 -2.01763 1.077 8.4653 -0.888054 -4.61712 0.0719879
-5.13811 -7.98638 -2.77093 -0.849894 0.143284 4.47317 -5.17344 -7.97345 -2.67718 -0.838184 0.0837933 4.4906
2.68127 1.25491 -7.45886 -2.47466 -2.00493 -2.07385 2.63354 1.24826 -7.45689 -2.48854 -1.99908 -2.12377
-1.48591 -7.88175 -5.06274 3.71995 4.58828 4.97491 -1.53698 -7.90435 -5.08483 3.69676 4.58346 4.96046
-3.5929 -2.67367 -2.7955 1.7337 -2.61942 -1.47433 -3.50289 -2.57416 -2.76604 1.67868 -2.62665 -1.42905
-5.05294 -10.648 -9.71284 -1.77413 -0.239761 -2.3789 -5.06238 -10.6238 -9.65854 -1.74263 -0.27793 -2.35936
10.5918 10.1401 12.687 1.97477 -3.38792 2.14122 10.6351 10.1755 12.6614 2.01552 -3.47052 2.18625
0.666951 0.182752 -0.870002 -0.280885 1.23751 -0.752345 0.707972 0.229375 -0.83823 -0.316009 1.26721 -0.709803
-11.3119 2.27281 -7.87331 -2.60317 4.11457 3.30232 -11.3343 2.16019 -7.7949 -2.60569 4.10731 3.31545
1.21903 -0.302676 -5.43669 -1.70765 -3.99655 -3.20974 1.25015 -0.314037 -5.472 -1.72092 -4.00687 -3.18909
1.49301 -10.1347 -5.30421 3.12152 -0.885006 2.19682 1.50067 -10.0862 -5.30419 3.11532 -0.90897 2.23892
6.35693 -3.35497 9.32867 -2.55984 4.02368 -3.08672 6.33043 -3.38107 9.37339 -2.53624 4.04427 -3.10369
2.41717 8.14747 -2.45268 -3.62821 2.95399 -4.06854 2.47701 8.16688 -2.51735 -3.6814 2.95328 -4.05558
-12.595 -3.89467 -10.5455 0.807836 2.64501 0.687398 -12.6218 -3.97238 -10.4722 0.791122 2.67801 0.668077
-8.82266 -3.41047 -6.2948 -0.86479 3.88924 -2.23228 -8.83188 -3.48497 -6.2922 -0.879036 3.87088 -2.24268
-2.08765 9.22941 6.18831 1.65964 -5.35193 1.37012 -2.08683 9.15457 6.17525 1.68103 -5.4095 1.39545
1.30817 -0.275571 0.515461 -0.740142 0.595484 -1.39629 1.3467 -0.229778 0.554295 -0.720407 0.594021 -1.37795
-1.2628 -0.235895 0.594889 -0.465704 0.753677 -0.362175 -1.28242 -0.192974 0.602325 -0.518985 0.785566 -0.331037
3.25781 -9.80595 -4.42513 1.15553 3.57944 3.68862 3.29062 -9.7351 -4.38734 1.15251 3.51856 3.68421
-7.74245 -1.04523 5.65077 3.10086 1.23357 4.30167 -7.75859 -1.0991 5.7365 3.08275 1.2612 4.324
0.566225 -7.11648 -0.696936 -3.77097 -4.1497 3.29329 0.54163 -7.13512 -0.728556 -3.74647 -4.16384 3.31744
12.671 8.33434 13.7463 -3.12465 -1.28133 1.50427 12.7444 8.32042 13.801 -3.2193 -1.33032 1.57915
-8.11408 2.92562 -6.93407 1.54993 -3.28073 -3.98504 -8.06902 2.89324 -6.92684 1.5798 -3.26636 -3.96117
-13.2104 -9.41357 -9.26105 0.580951 2.3685 3.66354 -13.2138 -9.45179 -9.21502 0.580364 2.3502 3.67123
2.10837 1.23997 2.27619 -1.09732 1.21602 -0.987738 2.14451 1.16022 2.30056 -1.14794 1.22495 -1.00454
15.902 11.6136 5.78348 3.88053 -4.83292 1.63164 16.0204 11.8668 5.82209 3.95341 -4.97251 1.68099
3.02332 14.9349 10.1302 3.47179 -0.0494747 3.41226 3.07164 14.9161 10.1675 3.47472 -0.100812 3.49182
-6.52482 -10.7479 0.759038 2.88733 3.34414 1.11048 -6.60738 -10.8154 0.804663 2.86327 3.33468 1.17554
10.5637 13.3766 -1.73085 0.342906 0.257535 1.12713 10.7565 13.4033 -1.84821 0.277825 0.272213 1.11965
-3.5071 -3.18633 -3.72423 -0.00720705 1.00406 -0.775776 -3.49816 -3.13483 -3.70585 -0.0305305 0.988682 -0.805478
13.6559 17.8188 5.82746 -0.918287 -0.891233 1.49212 13.784 17.8308 5.70164 -0.979857 -0.905546 1.50053
0.553129 -1.30439 -1.44785 0.439222 1.63072 -1.06182 0.670522 -1.14304 -1.37759 0.431836 1.67538 -1.12158
15.6703 4.21755 14.881 0.0864941 4.5766 3.34798 15.8 4.30547 15.0455 0.0484353 4.61397 3.43462
0.362882 -0.694879 0.806506 -0.210841 1.22068 -1.11021 0.543525 -0.679671 0.963437 -0.183286 1.19518 -1.14575
-14.7795 -11.8479 -8.51572 -3.36827 2.60779 1.95744 -14.8142 -11.9764 -8.44577 -3.36452 2.60926 1.99371
-2.17981 -1.17424 -2.20826 0.274303 1.28886 -1.0604 -2.15248 -0.950735 -2.13246 0.261872 1.26921 -1.10308
-13.546 -11.9621 -13.8571 -3.38761 0.907224 1.8014 -13.5255 -11.9572 -13.7533 -3.33273 0.922565 1.80704
-12.7416 -9.3535 -7.97188 3.62347 -1.75648 2.30282 -12.7293 -9.37739 -7.91817 3.60238 -1.7441 2.32196
-1.94597 -2.04817 -0.661966 -1.21183 1.59183 -1.69263 -1.98507 -2.11689 -0.717224 -1.15654 1.53339 -1.65343
0.546954 0.560454 0.950563 -0.892186 1.42272 -0.784057 0.512017 0.565997 0.946048 -0.895049 1.43077 -0.756186
0.771674 -0.753096 -0.859405 0.625917 1.73251 -1.84402 0.915975 -0.685743 -0.731305 0.580955 1.75034 -1.92263
-13.503 -13.6916 -14.047 2.20262 0.551811 -1.95902 -13.5832 -13.6912 -13.9403 2.16466 0.549223 -2.00523
-13.6057 -11.364 -13.8465 -1.53956 -1.44224 -2.71425 -13.5371 -11.3797 -13.7883 -1.49153 -1.46758 -2.73233
-1.54165 -2.90037 -2.43091 -0.663739 0.727838 -1.63186 -1.54556 -2.94471 -2.40343 -0.589195 0.711317 -1.64066
-4.07538 -3.43245 -1.98305 -0.751817 0.407297 -0.683974 -4.13834 -3.39881 -1.92292 -0.7079 0.429067 -0.707166
-4.34215 -3.74304 -4.78856 -0.969842 0.754852 -0.315025 -4.32096 -3.66879 -4.70107 -0.942713 0.819466 -0.286453
0.288133 -0.25246 0.167955 -0.13205 1.18266 -0.278213 0.393769 -0.0195523 0.341387 -0.180351 1.20195 -0.286145
1.10332 1.69755 1.73928 -0.145926 1.03598 -1.24836 0.980872 1.6753 1.7143 -0.149368 0.985835 -1.28996
-0.569962 -0.445293 0.193172 -0.13243 0.876915 -1.01989 -0.486463 -0.409584 0.301589 -0.112332 0.858675 -1.03682
-2.40228 -2.63154 -3.94672 -0.688226 1.0278 -1.02435 -2.38059 -2.61554 -4.02111 -0.693537 1.06264 -1.03968
-14.2173 -14.9705 -15.0265 1.76339 -2.92847 3.34395 -14.1701 -14.9675 -14.9412 1.76836 -2.96193 3.33666
-1.92721 -1.77276 -0.909004 -0.108781 0.940743 -0.465846 -1.86108 -1.83773 -0.894124 -0.0943282 0.925972 -0.50852
-1.57338 -2.62675 -2.45327 -0.947077 1.52971 -1.19014 -1.58152 -2.52373 -2.33496 -1.01723 1.54504 -1.15621
