-7.33321 -7.33341
-7.34656 -7.34663
-7.29013 -7.29
-7.32816 -7.32823
-7.33365 -7.33361
-7.24797 -7.24771
-7.33542 -7.3354
-7.27683 -7.27698
-7.30482 -7.30514
-7.3102 -7.30993
-7.35434 -7.35421
-7.31756 -7.31732
-7.34813 -7.34837
-7.32329 -7.32302
-7.30413 -7.30386
-7.33092 -7.33103
-7.331 -7.33125
-7.33518 -7.33511
-7.31419 -7.31428
-7.32091 -7.32108
-7.34763 -7.34788
-7.29716 -7.2972
-7.3493 -7.34942
-7.34475 -7.34463
-7.24552 -7.24515
-7.33187 -7.33202
-7.32965 -7.32968
-7.28092 -7.28067
-7.30935 -7.30944
-7.30714 -7.30724
-7.33241 -7.33232
-7.31617 -7.3162
-7.25851 -7.25842
-7.32284 -7.32301
-7.31139 -7.31131
-7.30009 -7.30006
-7.30905 -7.3091
-7.28237 -7.2822
-7.32693 -7.32743
-7.34669 -7.34662
-7.33452 -7.33458
-7.30081 -7.30083
-7.32364 -7.32362
-7.3022 -7.30269
-7.29731 -7.29714
-7.33822 -7.33848
-7.30528 -7.30531
-7.33225 -7.33242
-7.32109 -7.32117
-7.32749 -7.32752
-7.33085 -7.3311
-7.32191 -7.32197
-7.32675 -7.32697
-7.2917 -7.29141
-7.34203 -7.34214
-7.33406 -7.33406
-7.31248 -7.31251
-7.29256 -7.2924
-7.28153 -7.28184
-7.32419 -7.32421
-7.32824 -7.32795
-7.32624 -7.32651
-7.29791 -7.2979
-7.3259 -7.32583
-7.32953 -7.32943
-7.30247 -7.30257
-7.31118 -7.31148
-7.32872 -7.32906
-7.31879 -7.31869
-7.32092 -7.32095
-7.33752 -7.3374
-7.3512 -7.351
-7.33195 -7.33203
-7.31046 -7.31054
-7.32781 -7.32797
-7.34219 -7.34207
-7.31205 -7.31236
-7.28374 -7.28378
-7.33513 -7.33515
-7.28236 -7.28225
-7.33286 -7.33261
-7.33832 -7.33827
-7.31249 -7.31255
-7.33887 -7.33907
-7.33965 -7.33972
-7.30823 -7.30838
-7.31073 -7.31064
-7.29905 -7.29903
-7.34076 -7.34069
-7.31788 -7.31808
-7.31583 -7.31576
-7.31311 -7.31337
-7.32795 -7.32785
-7.31298 -7.31258
-7.31076 -7.31104
-7.31932 -7.31912
-7.29737 -7.29771
-7.28942 -7.28969
-7.33123 -7.33137
-7.33756 -7.33719
-7.4545 -7.45438
-7.44864 -7.44868
-7.44791 -7.44794
-7.44592 -7.44593
-7.4443 -7.44435
-7.44161 -7.44157
-7.44009 -7.44002
-7.43882 -7.43868
-7.43821 -7.43816
-7.43626 -7.43624
-7.4348 -7.43467
-7.4323 -7.4323
-7.43082 -7.43073
-7.43053 -7.43057
-7.42571 -7.42575
-7.42528 -7.42525
-7.42629 -7.42633
-7.42718 -7.42702
-7.42062 -7.4206
-7.41893 -7.41895
-7.41693 -7.41687
-7.41615 -7.41613
-7.41745 -7.4174
-7.40668 -7.40664
-7.40834 -7.40837
-7.34092 -7.34122
-7.39221 -7.39233
-7.38756 -7.38747
-7.38869 -7.38885
-7.38448 -7.38415
-7.39175 -7.39194
-7.37922 -7.37906
-7.38099 -7.38093
-7.38165 -7.38159
-7.37678 -7.37685
-7.36686 -7.36691
-7.36807 -7.36836
-7.37077 -7.37056
-7.37874 -7.37874
-7.36753 -7.36742
-7.36506 -7.36482
-7.36264 -7.3628
-7.36665 -7.36667
-7.36717 -7.36715
-7.36199 -7.362
-7.36302 -7.36279
-7.34581 -7.34591
-7.36151 -7.36147
-7.36609 -7.36616
-7.36245 -7.36222
-7.37329 -7.37334
-7.3184 -7.31836
-7.31993 -7.32037
-7.319 -7.31888
-7.31911 -7.3191
-7.30874 -7.30896
-7.31796 -7.31787
-7.32753 -7.32769
-7.30594 -7.30621
-7.29839 -7.29839
-7.30492 -7.30475
-7.28042 -7.2803
-7.30349 -7.30326
-7.27988 -7.27968
-7.30282 -7.30303
-7.27264 -7.2721
-7.29681 -7.29709
-7.28305 -7.28359
-7.28575 -7.28661
-7.26698 -7.26722
-7.28104 -7.28109
-7.27035 -7.26997
-7.26451 -7.2643
-7.25631 -7.25601
-7.27315 -7.27317
-7.33576 -7.33598
-7.33916 -7.33914
-7.34016 -7.33987
-7.32479 -7.32523
-7.3229 -7.32312
-7.31599 -7.31573
-7.31945 -7.31911
-7.3119 -7.3115
-7.3141 -7.31394
-7.31038 -7.31037
-7.28799 -7.28791
-7.31187 -7.3116
-7.28634 -7.28615
-7.29756 -7.29767
-7.31669 -7.31665
-7.3069 -7.30644
-7.3053 -7.30524
-7.29882 -7.29933
-7.30213 -7.3021
-7.3016 -7.30185
-7.29448 -7.29465
-7.28281 -7.28219
-7.25897 -7.25894
-7.27908 -7.27902
-7.26594 -7.26506
