-2.01731 3.15405 3.41449 0.164225 4.0649 -1.02501 -1.99533 3.11891 3.41165 0.164139 4.08485 -1.05987
-1.31174 1.531 -6.15479 -1.15069 -2.83934 0.600762 -1.27862 1.58101 -6.11491 -1.15799 -2.85999 0.605332
-14.273 -13.0954 -9.4107 -1.04866 3.39215 0.535168 -14.3492 -13.1511 -9.43445 -1.05262 3.43056 0.54446
-3.28462 7.6581 6.03594 -0.397601 -3.80079 -1.7141 -3.28287 7.65538 6.08359 -0.401411 -3.83032 -1.73398
-6.84024 -1.75667 -0.539428 -2.44784 2.01781 -1.366 -6.83943 -1.80616 -0.523145 -2.48095 2.01245 -1.34215
-17.2753 -17.7627 -16.4879 1.49706 -0.254682 0.979404 -17.4404 -17.8947 -16.587 1.53639 -0.287485 0.972467
1.61896 -0.112285 -6.84227 -0.64509 2.39594 2.09551 1.69374 -0.122966 -6.80461 -0.617495 2.39328 2.09574
-15.0834 -13.0674 -13.4502 -2.10878 0.353697 -2.3559 -15.1936 -13.1182 -13.4656 -2.14417 0.346606 -2.38562
-1.79832 -9.04167 -9.75207 3.40062 -2.99255 -2.32749 -1.86278 -9.01487 -9.68694 3.38591 -2.99054 -2.37187
6.20465 9.85537 0.761731 -1.2482 -4.59242 -3.4599 6.18578 9.86691 0.737708 -1.27389 -4.62039 -3.46557
-4.2443 -1.1487 -0.794694 2.22939 -0.11926 3.28769 -4.24511 -1.14174 -0.743971 2.25648 -0.126178 3.30158
-2.3077 9.31591 3.68304 3.22155 -4.43103 -1.96486 -2.27285 9.29422 3.67439 3.20724 -4.46775 -1.99
-7.13643 -2.02133 -1.69945 0.857397 -0.962266 -2.12852 -7.14102 -1.99503 -1.6885 0.884756 -0.980008 -2.124
-6.52887 1.71487 -4.62346 1.92035 -3.60022 1.66264 -6.46786 1.73032 -4.56907 1.95486 -3.645 1.69009
-7.96258 -8.9087 4.69167 0.985116 -2.7653 -2.44142 -7.93944 -8.88569 4.76802 0.998659 -2.79077 -2.48844
-4.70586 -5.36716 1.1875 1.52014 0.852648 -3.49122 -4.69345 -5.3171 1.19277 1.5091 0.839729 -3.52489
8.07858 10.8996 9.91739 2.10608 -1.90544 1.78057 7.97275 10.8 9.77189 2.08537 -1.91916 1.78822
-1.80634 9.16325 5.33665 -3.49326 -2.75207 -4.04074 -1.80489 9.18236 5.31258 -3.49094 -2.78816 -4.06541
-9.79315 -4.56252 -1.13434 -3.66802 -3.54955 -1.6383 -9.78567 -4.56575 -1.10996 -3.64408 -3.55769 -1.68981
-6.59926 0.850386 5.13767 2.77646 -3.86516 -3.32131 -6.57271 0.815204 5.12427 2.74514 -3.88907 -3.36128
-5.31247 -4.79435 -7.78662 -0.909157 0.76722 -3.02696 -5.29988 -4.75494 -7.77 -0.917543 0.779847 -3.00658
6.45653 12.3399 -4.41705 3.54096 -0.791016 5.1282 6.49502 12.4376 -4.41231 3.51227 -0.803296 5.14
-7.21077 -9.48549 -5.83556 -1.03847 1.86381 2.22307 -7.19896 -9.44813 -5.79149 -1.05893 1.89047 2.23092
-4.40682 1.8868 0.102814 0.0928074 -1.26243 3.02561 -4.41266 1.87806 0.0833722 0.141172 -1.28074 3.0395
10.0834 22.6675 22.7255 -3.99541 -5.93478 -3.18875 9.93727 22.5424 22.7793 -4.02958 -5.96549 -3.28231
-3.83704 6.31796 3.98611 4.90084 -0.39752 -1.04953 -3.84348 6.31386 3.93014 4.91105 -0.371971 -1.06177
-4.32566 -9.34314 1.26064 -2.07875 0.981718 0.561581 -4.32786 -9.3002 1.31505 -2.09983 1.00606 0.565902
-11.8272 -11.5557 -0.542883 1.46874 3.66023 0.588274 -11.9051 -11.6123 -0.591411 1.49617 3.67605 0.606669
6.47708 9.95148 10.6988 0.435707 5.30142 3.23547 6.45386 9.84631 10.7214 0.429325 5.35476 3.2851
-13.8163 -13.0569 -11.125 -1.51138 0.653111 2.03891 -13.8864 -13.1389 -11.1741 -1.56221 0.659418 2.08243
3.09821 2.2865 -4.63288 3.91697 -0.862755 -4.40029 3.1609 2.34051 -4.59286 3.89849 -0.847294 -4.40757
10.4946 -5.78129 6.29206 -3.60494 1.36647 1.56225 10.5148 -5.63859 6.35082 -3.59379 1.41969 1.59609
-15.6785 -16.0838 -14.253 0.913807 2.40116 3.72944 -15.812 -16.1915 -14.2875 0.928233 2.44502 3.76378
3.48129 -7.38437 -4.6417 -1.29025 -1.83945 2.21935 3.47707 -7.34037 -4.60343 -1.27165 -1.8437 2.23505
-14.0262 -9.637 -11.8226 -2.16985 3.90286 -0.545786 -14.0701 -9.68416 -11.8862 -2.1844 3.94146 -0.537273
-0.668131 -10.6864 -11.8422 2.25055 -2.28651 -3.9706 -0.675023 -10.693 -11.8355 2.28033 -2.30305 -4.01616
-13.5512 -8.28811 -14.1064 1.17324 -2.7017 -0.0493767 -13.5947 -8.36037 -14.1567 1.19773 -2.72121 -0.0369049
-14.0644 -14.4949 -7.77779 -3.29745 -2.89349 -0.155088 -14.15 -14.5878 -7.87175 -3.33299 -2.91027 -0.14529
-7.54984 0.675901 -4.09314 -1.31908 2.06441 2.84238 -7.46419 0.661858 -4.04895 -1.32206 2.09825 2.86415
2.90879 -0.0633485 4.49664 -0.655853 -0.951066 2.82514 2.92805 -0.0865801 4.54254 -0.674275 -0.965818 2.84444
-3.93063 4.08975 3.06614 -0.889577 -3.242 -1.47375 -3.85038 4.1499 3.10251 -0.908607 -3.22166 -1.49532
-10.7671 -11.0088 2.91426 -1.75233 2.04571 -1.3265 -10.7703 -11.0114 2.89929 -1.75486 2.05661 -1.32209
7.91983 -0.975701 -2.69282 1.59543 -3.6043 1.11318 7.96514 -0.955036 -2.62447 1.60832 -3.63458 1.1375
-3.49617 10.7579 10.1373 2.4629 -0.524372 3.04109 -3.44389 10.6226 10.1014 2.47926 -0.549715 3.05711
15.8776 12.8334 16.1607 -2.58674 2.91594 -2.1407 15.86 12.6319 16.1359 -2.61306 2.89286 -2.1335
-5.79461 -8.59214 -7.17785 0.143813 1.67283 2.49115 -5.83821 -8.58255 -7.14446 0.133345 1.66122 2.51597
-12.2971 -12.3279 -2.78575 -2.10279 -2.17038 -0.305265 -12.353 -12.4184 -2.87146 -2.14819 -2.17234 -0.315396
4.71567 -0.738947 -5.73233 1.57324 0.924033 -3.90957 4.74665 -0.74445 -5.73848 1.55505 0.927441 -3.88758
3.99496 9.94688 -1.26383 3.95378 -2.14214 -4.52202 4.0362 10.0028 -1.15888 3.92042 -2.12646 -4.54313
5.30475 1.88351 -6.04357 2.37945 0.0622872 -3.61188 5.32004 1.90105 -6.02044 2.36501 0.0370112 -3.6236
3.34014 0.559855 3.09625 1.17138 4.7853 -2.21274 3.33188 0.530402 3.01077 1.17773 4.77498 -2.23783
-8.39208 -7.80031 2.71562 3.67353 -3.54002 2.19458 -8.40562 -7.82105 2.70486 3.70614 -3.52625 2.21722
-7.3038 -4.04768 -10.6958 -3.99214 -1.21056 0.705031 -7.27766 -4.07987 -10.6741 -3.94391 -1.1942 0.68661
-14.1619 -13.0664 -12.119 -1.7153 -2.46155 0.716669 -14.2657 -13.1551 -12.1542 -1.75736 -2.51286 0.704579
-2.17641 -2.18717 3.58023 0.876472 -2.27869 0.849914 -2.15421 -2.18949 3.63563 0.886425 -2.29799 0.835689
2.91852 7.11529 -5.50995 -0.105654 -1.95807 -1.68126 3.02007 7.196 -5.45613 -0.122749 -1.95872 -1.66173
5.64361 -2.9611 -5.66939 1.24778 4.03389 -4.51802 5.72552 -2.87718 -5.61043 1.24199 4.05467 -4.52572
-13.723 -14.7281 -8.83588 -2.90913 0.479302 -3.60737 -13.814 -14.8424 -8.86952 -2.9827 0.470835 -3.63592
18.7299 14.1176 21.4801 -1.98702 0.0588721 -1.43198 18.5774 13.8054 21.3377 -2.0136 0.108898 -1.44641
-8.01333 0.0308498 -8.60825 -2.89524 3.91149 -1.32053 -7.97771 0.042075 -8.59243 -2.8777 3.92568 -1.34151
-2.18915 6.06853 -3.87922 2.38023 1.85029 0.00492184 -2.13621 6.13439 -3.81464 2.39015 1.86838 -0.0287978
-5.62353 -3.13806 -1.43888 2.0942 -3.54186 3.30126 -5.62012 -3.12255 -1.38614 2.11582 -3.56708 3.29338
16.4498 13.2015 8.00573 3.15016 0.897228 4.57495 16.4294 13.1805 7.89265 3.13518 0.884019 4.64501
5.65166 12.1023 7.05429 -2.275 -4.95883 -3.53348 5.63365 12.1124 7.01968 -2.25152 -4.96831 -3.54783
-8.57107 -10.7358 -5.71743 1.71525 -0.341101 -3.70914 -8.60344 -10.8092 -5.71949 1.72586 -0.324861 -3.75854
-11.7695 -13.7676 -11.8542 0.985399 -0.07697 0.319578 -11.7983 -13.8339 -11.8415 0.994141 -0.073554 0.299616
12.1217 16.4221 17.4606 0.621431 1.1572 -2.6681 11.9365 16.2139 17.3011 0.586682 1.1786 -2.66407
-9.73119 1.5381 -6.93241 1.23923 -0.360402 3.23557 -9.67115 1.48551 -6.90079 1.24521 -0.372546 3.27206
9.88691 4.06142 -4.25071 1.45069 -3.87453 2.38826 9.97516 4.08389 -4.17556 1.42447 -3.90764 2.40286
9.86705 6.4817 10.5426 -2.75111 -2.05503 2.76399 9.85275 6.44259 10.5506 -2.72127 -2.03987 2.78666
-9.1769 -5.15635 -7.97099 -1.28902 2.33111 -0.766193 -9.12072 -5.12947 -7.94172 -1.27367 2.35032 -0.792755
2.36966 2.79186 0.235285 -0.510435 -1.36973 2.58309 2.33476 2.78397 0.256509 -0.478947 -1.34382 2.60093
-5.09713 -8.69873 -5.41728 2.78462 -2.3775 3.85499 -5.08496 -8.64004 -5.41363 2.81302 -2.42694 3.88812
-4.42936 10.9999 9.46752 0.354613 -0.0626435 -0.620052 -4.32154 10.9769 9.44168 0.41754 -0.047268 -0.573697
6.84637 -4.98131 1.92044 -4.2882 1.18931 -1.09039 6.81476 -4.94646 1.94493 -4.2818 1.20461 -1.07793
-3.86117 -2.99948 -6.78179 1.54267 0.889903 -3.65599 -3.83399 -2.97695 -6.73568 1.53353 0.905322 -3.66021
-11.2529 -11.2124 -11.2402 0.642188 -0.945056 2.16806 -11.2549 -11.2233 -11.2022 0.652516 -0.945812 2.19108
-13.3517 -12.321 -14.231 -2.65801 3.22459 -1.28511 -13.3819 -12.3483 -14.2646 -2.65919 3.27185 -1.29227
-2.30543 -5.96299 -2.54787 -2.70986 -3.19732 -2.37352 -2.25269 -5.94438 -2.49386 -2.71805 -3.23583 -2.3777
11.5524 15.2133 -2.71523 3.55893 -1.58093 0.599563 11.5429 15.2461 -2.7567 3.51962 -1.59067 0.571613
-0.209618 -1.09181 -4.96111 -3.88336 -3.79709 -0.307817 -0.140668 -1.10329 -4.90192 -3.89719 -3.80491 -0.311022
6.37659 0.589177 6.3268 1.60552 -1.72959 1.70935 6.324 0.585559 6.28474 1.61387 -1.73968 1.741
10.1003 8.95195 14.2727 3.4776 2.71416 3.64875 10.0525 8.89165 14.2504 3.46895 2.73055 3.65704
0.21905 3.87932 -1.81981 0.326897 -1.00816 3.37285 0.177283 3.88167 -1.76931 0.334478 -1.02853 3.35295
-10.1767 -4.24115 -6.82129 -0.211462 -0.159879 -3.22484 -10.1478 -4.20808 -6.77186 -0.224559 -0.176903 -3.23644
-8.77541 -9.81141 -3.75273 3.30316 -2.81973 3.85856 -8.77751 -9.82888 -3.77237 3.3275 -2.86168 3.89014
-2.6125 -8.96726 4.43973 3.71904 3.04516 0.75978 -2.62858 -8.90961 4.49704 3.7364 3.09604 0.784363
-13.6345 -13.4154 -7.02954 0.0374928 -3.35568 -1.74085 -13.6881 -13.4785 -7.07463 0.0328865 -3.38702 -1.78202
2.43449 -5.08297 -4.7043 -0.228356 2.59825 1.87155 2.41774 -5.07166 -4.64613 -0.215054 2.61608 1.92041
13.9862 9.37387 9.87026 -1.87174 0.383661 -4.38614 13.8751 9.25605 9.74405 -1.82796 0.387171 -4.40409
10.5038 -1.48975 8.1933 0.72311 -5.10752 1.3877 10.5271 -1.47416 8.2229 0.710639 -5.1163 1.36797
9.55448 -4.20486 5.70768 -0.710879 -3.93411 -2.14812 9.53692 -4.13971 5.71197 -0.747546 -3.96821 -2.15504
9.89521 1.31337 6.38675 -2.71065 0.863599 -4.88713 9.87301 1.28629 6.36633 -2.69323 0.891649 -4.91462
-12.4351 -6.2761 -10.2736 -3.00431 2.43981 1.29844 -12.4672 -6.31201 -10.2463 -3.03042 2.44646 1.3285
-7.39197 3.21374 7.95481 -3.60893 -0.432501 4.3299 -7.30647 3.16504 7.92168 -3.62536 -0.40779 4.35733
-2.22816 8.05406 -2.10252 2.95163 1.98967 4.67457 -2.16906 8.12864 -2.05249 2.93355 1.97988 4.70958
14.3471 10.2286 8.47295 -6.59769 -3.76938 -5.48135 14.3306 10.1986 8.36803 -6.53927 -3.78606 -5.5269
-13.6851 -11.2568 -11.6937 -2.52566 3.91984 -0.762193 -13.7457 -11.3422 -11.7053 -2.55401 3.93064 -0.749237
-7.7418 -3.58251 -9.17591 3.43978 -1.32346 -0.688945 -7.68217 -3.52096 -9.10924 3.44784 -1.34826 -0.683296
5.33097 9.58506 0.683779 0.128776 0.745787 -1.37365 5.36601 9.57567 0.624345 0.119196 0.748699 -1.38463
-4.83597 -4.69364 -4.51113 0.0237017 -0.0283272 -0.0310258 -4.83067 -4.68598 -4.50723 0.0251553 -0.026362 -0.0307086
0.445263 0.295263 0.225363 -0.194664 -0.0409132 -0.0109508 0.423945 0.267773 0.215149 -0.197502 -0.0656067 -0.0146372
0.0197973 0.353083 0.253091 0.0646456 -0.185024 -0.149253 -0.00471105 0.319308 0.247964 0.0612956 -0.193892 -0.150024
-0.32181 -0.232142 -0.238449 0.286392 0.210144 0.012732 -0.339902 -0.245677 -0.237154 0.288078 0.205809 0.0133208
-0.184766 0.947547 0.42464 -0.0429705 -0.0317572 0.324803 -0.214566 0.916115 0.406376 -0.0398536 -0.0418382 0.315727
-0.954234 -0.856296 -1.11379 0.100129 0.0976571 0.0903555 -0.97809 -0.875739 -1.11134 0.106339 0.0850458 0.0921212
0.192923 -0.841666 -0.71467 -0.13599 -0.113597 -0.0695062 0.17888 -0.850691 -0.70747 -0.14236 -0.10522 -0.0783139
-0.017845 0.688263 0.713474 -0.00216069 0.0453724 0.0112417 -0.043913 0.658218 0.695687 -0.0132784 0.0429487 0.0220583
-1.11589 0.235128 -0.265428 0.284807 -0.0156612 0.0866816 -1.14549 0.207544 -0.271807 0.28531 -0.0180832 0.101743
-0.603877 0.127716 -0.149221 0.243308 -0.0274099 0.0609445 -0.578374 0.128121 -0.121602 0.258719 -0.0285915 0.0345764
-0.193105 -0.0137476 -0.476516 -0.156325 -0.0055809 -0.0933758 -0.20639 -0.0166188 -0.473773 -0.150933 -0.0137152 -0.074257
0.0445823 -0.594692 -0.36607 -0.15578 -0.0152893 0.157363 0.0687733 -0.591746 -0.358028 -0.158689 -0.0191139 0.173128
0.181409 -0.584715 -0.340287 -0.202052 0.0101769 -0.0178495 0.171737 -0.592502 -0.367695 -0.206545 0.00660113 -0.0192262
0.817339 0.394168 0.588663 0.251218 -0.0421781 0.315044 0.779925 0.375966 0.567016 0.25542 -0.0425224 0.295266
-0.989856 -1.61051 -1.52965 0.106125 0.300994 0.0313349 -0.983141 -1.61463 -1.54678 0.126961 0.307403 0.0401145
-1.09932 -0.4972 -0.504946 -0.0422328 0.0897457 0.0865225 -1.10096 -0.499003 -0.515789 -0.0581694 0.0952072 0.0950726
-1.64359 0.312593 -0.531676 -0.256812 -0.33115 0.109046 -1.63763 0.309376 -0.505892 -0.238805 -0.338769 0.101549
-0.991862 0.627819 -0.932482 -0.0865032 -0.209077 -0.102727 -0.96257 0.634611 -0.935454 -0.074252 -0.208911 -0.104759
-0.730218 1.16359 0.411942 -0.153284 -0.0852613 0.0444504 -0.743436 1.14738 0.421742 -0.151114 -0.070438 0.0410613
-0.527937 -0.523974 -0.914186 -0.21094 0.00352379 -0.350312 -0.520963 -0.525995 -0.914261 -0.19344 -0.00624489 -0.332586
0.312401 -0.217716 0.755551 -0.322996 -0.21621 -0.186115 0.284409 -0.228309 0.746755 -0.326281 -0.209217 -0.184446
-0.114832 -0.167887 -0.408368 -0.332813 -0.421691 0.355999 -0.113399 -0.15999 -0.386053 -0.334478 -0.438656 0.336567
-1.8991 -0.37709 -1.7369 -0.160644 0.102413 0.290287 -1.92855 -0.396592 -1.73081 -0.16787 0.0887936 0.297761
-0.00904687 -0.673502 -0.275378 -0.110735 0.0755139 -0.103387 -0.0359063 -0.708936 -0.310647 -0.100553 0.0885378 -0.0937589
0.695312 -0.159085 -0.611541 0.169628 0.0333104 -0.179397 0.673478 -0.182414 -0.610926 0.176679 0.0386068 -0.179299
-10.4642 -11.5102 -0.81819 -0.861579 1.6918 -1.34892 -10.4338 -11.4603 -0.867955 -0.83815 1.71611 -1.34944
-0.107002 -0.918598 -0.98417 -0.688689 1.18167 -1.44027 -0.0985623 -0.928619 -0.983254 -0.699123 1.17676 -1.45063
-1.05767 -2.36449 -0.771611 -0.737618 1.60094 -1.70409 -1.06136 -2.3481 -0.753306 -0.735533 1.61907 -1.72734
0.31057 -2.05541 -0.432066 -0.0101359 1.37919 -0.976671 0.264791 -2.08522 -0.406419 0.00306943 1.34323 -0.948264
-1.58391 0.186571 -2.09885 -0.534417 1.62584 -1.56886 -1.58635 0.203512 -2.0825 -0.513709 1.61104 -1.57606
-0.957403 -1.25414 -1.89238 -0.0422801 1.69919 -1.20085 -0.969467 -1.24001 -1.90526 -0.0206439 1.66846 -1.21393
-0.950259 -0.733476 -1.24785 -0.442046 1.74172 -1.38891 -0.918208 -0.699968 -1.23723 -0.45076 1.74458 -1.39632
-0.680412 -1.41073 -2.41003 -0.552991 1.67857 -1.53846 -0.662232 -1.4194 -2.38099 -0.549303 1.66601 -1.56193
-0.255387 -1.09954 -1.4564 -0.352382 1.3359 -1.69745 -0.198817 -1.07526 -1.41433 -0.3856 1.34292 -1.69003
-1.4631 -0.903957 -1.20575 -0.493404 1.38344 -1.43617 -1.45103 -0.952597 -1.21858 -0.494463 1.38117 -1.42804
-1.54304 0.362804 0.28693 -0.30072 1.57762 -1.17306 -1.51594 0.347379 0.28081 -0.315454 1.56014 -1.20212
-0.779294 -1.0154 -0.14447 -0.314291 1.40798 -1.22091 -0.766167 -1.04808 -0.108293 -0.303698 1.39229 -1.24257
-2.82758 -2.17204 -0.982654 -0.328243 1.30518 -1.44775 -2.8501 -2.18137 -0.964932 -0.337456 1.31589 -1.47305
-0.869028 -1.06163 1.52442 -0.635123 2.18956 -1.3317 -0.836967 -1.04563 1.53315 -0.640454 2.20907 -1.37394
-0.300654 -0.776223 0.461594 -0.541558 1.51884 -1.02915 -0.252218 -0.813716 0.418354 -0.537145 1.54947 -1.01674
-1.81035 -2.7246 -4.30314 -0.619902 1.6789 -1.4411 -1.77892 -2.687 -4.27929 -0.601584 1.67234 -1.4397
1.80268 1.35015 0.736257 0.26333 1.4343 -1.13296 1.76461 1.34646 0.762989 0.243873 1.44912 -1.12758
-0.706275 -2.13577 -2.02947 0.0414176 1.14892 -0.729679 -0.731397 -2.15757 -2.05589 0.0684868 1.13475 -0.718133
0.956176 0.28505 0.841173 -1.18334 1.36779 -1.70425 1.01177 0.356693 0.89492 -1.17772 1.34346 -1.73168
-2.09365 -1.95912 -1.04675 -0.375808 1.31099 -1.07109 -2.10511 -2.01443 -1.02812 -0.395059 1.27789 -1.06649
1.66168 0.0403629 2.42048 -0.494011 1.64986 -1.18068 1.70076 0.019896 2.40487 -0.483434 1.65111 -1.17613
-0.333478 -0.304555 -0.83287 -0.649616 1.752 -1.20115 -0.33013 -0.289153 -0.796843 -0.618921 1.75295 -1.16607
-0.387055 -0.325479 -0.76811 -0.570647 1.37282 -1.39079 -0.350286 -0.31406 -0.734974 -0.561909 1.3458 -1.41777
-1.77717 -1.12356 -0.389643 -0.626733 1.60345 -1.06805 -1.73405 -1.11628 -0.375655 -0.630485 1.6271 -1.10064
-0.369158 0.524361 -1.02765 -0.879879 1.33539 -1.57136 -0.303013 0.543918 -1.01641 -0.908423 1.35939 -1.56056
0.107741 4.87131 3.16119 1.88428 -3.84108 -1.80632 0.17853 4.91655 3.21065 1.8801 -3.84865 -1.80672
-1.3638 -1.12832 0.248991 1.42393 -2.5763 -1.33704 -1.37655 -1.18849 0.191549 1.43361 -2.59224 -1.28258
-1.68489 -3.60925 -2.32547 1.92865 -2.84493 -0.961072 -1.68121 -3.62302 -2.4279 1.91416 -2.89684 -0.957829
-1.81715 -0.876974 -2.71001 1.61434 -2.70256 -1.20438 -1.85809 -0.845594 -2.71465 1.59507 -2.71085 -1.18293
0.572686 1.06278 -0.870235 1.85719 -2.14652 -1.59938 0.666856 1.10672 -0.847902 1.88541 -2.14678 -1.58715
-1.66071 -0.299262 -2.07209 2.96009 -3.08344 -0.999904 -1.65029 -0.273291 -2.1347 2.99298 -3.07155 -1.03112
-1.17137 -0.709127 -2.05092 2.80215 -3.00525 -1.35195 -1.20058 -0.719761 -2.03651 2.81201 -2.99832 -1.36516
0.152298 -2.5128 -0.130056 1.85071 -2.33812 -1.65983 0.12082 -2.52727 -0.156529 1.88202 -2.35723 -1.6256
0.442471 -2.84128 -0.525971 2.02033 -2.91604 -1.2091 0.446846 -2.7979 -0.582401 2.05664 -2.94048 -1.17674
-0.766639 -1.78841 0.136298 1.41484 -2.55325 -0.769211 -0.760047 -1.76185 0.202185 1.40304 -2.56547 -0.736022
-3.91379 -3.14611 -3.08437 1.88796 -1.5724 -0.389501 -3.87346 -3.08321 -3.04557 1.89078 -1.57747 -0.446823
-1.08684 -1.2622 -2.008 2.22513 -2.79732 -1.43844 -1.03069 -1.23007 -2.03587 2.24713 -2.78341 -1.48177
-1.14355 -0.437434 -0.988524 2.31394 -2.20232 -1.58501 -1.11031 -0.382297 -0.941718 2.34653 -2.14887 -1.55288
-2.06811 0.0880737 -4.15115 1.94651 -2.99126 -0.961329 -2.0976 0.1401 -4.08702 1.93908 -2.95629 -0.929872
-0.576897 0.276318 -0.305658 1.52151 -1.51139 -1.25706 -0.51653 0.315995 -0.284191 1.5335 -1.54878 -1.28025
-1.50168 -1.62518 -3.44461 2.34589 -2.36013 -1.20781 -1.50012 -1.5533 -3.49221 2.36005 -2.40173 -1.18813
-1.8937 -2.40735 -0.816971 1.67318 -2.47738 -1.90122 -1.90987 -2.34542 -0.803746 1.69187 -2.45562 -1.90926
-4.25491 -2.90663 -4.12613 1.63856 -3.32153 -1.20701 -4.32163 -2.94604 -4.16911 1.58392 -3.37992 -1.22362
-2.28534 -2.92884 -3.07051 1.82699 -2.26728 -1.71661 -2.34497 -3.03393 -3.05725 1.8314 -2.18913 -1.65299
-2.0147 -2.7219 -4.28312 1.23734 -2.30765 -1.34244 -2.0293 -2.62323 -4.21298 1.17406 -2.26073 -1.3858
-2.84982 -4.02038 -2.08194 1.97581 -2.55562 -1.63819 -2.88011 -3.9646 -2.14559 2.01217 -2.56551 -1.63777
-2.28515 -2.86898 -3.35658 2.05964 -2.42464 -1.6828 -2.30835 -2.86576 -3.30407 2.06185 -2.4274 -1.65437
-1.87676 -2.70327 -2.33239 1.65826 -2.08751 -1.0593 -1.85813 -2.76664 -2.29855 1.69051 -2.09535 -1.12658
-1.05531 -2.43832 -1.52767 1.22178 -2.71755 -1.74155 -1.13337 -2.4082 -1.51577 1.19819 -2.72826 -1.77019
0.455663 1.34544 -1.15645 2.43539 -2.57004 -1.11865 0.536585 1.39424 -1.08927 2.42504 -2.58738 -1.13387
-12.1638 -11.9487 -11.2825 0.406981 -1.04269 -1.61853 -12.2144 -11.9842 -11.335 0.388278 -1.06078 -1.63355
-0.209505 0.370597 -1.48613 -0.0811676 -0.942986 -1.31809 -0.204679 0.417257 -1.4442 -0.121468 -0.934947 -1.32373
-1.62663 -1.52455 -0.705766 0.797919 -0.0779524 -1.78192 -1.63582 -1.53607 -0.717109 0.777802 -0.0551399 -1.78783
-0.970034 -0.801223 -1.62146 -0.0174883 -1.08557 -1.17254 -1.08236 -0.835025 -1.66843 0.0213614 -1.08901 -1.19551
-0.47419 -1.71692 -1.01466 -0.021657 -0.652234 -1.23649 -0.496854 -1.76827 -1.00225 -0.00775031 -0.680258 -1.26317
0.670601 -0.535157 0.13111 0.591287 -0.815301 -1.26815 0.656202 -0.532886 0.16934 0.547577 -0.844247 -1.29553
-1.11529 -1.68168 -1.6946 0.306922 -0.904767 -2.06953 -1.06282 -1.66056 -1.68454 0.331023 -0.907214 -2.08038
-3.22378 -2.74243 -4.05423 0.511681 -1.21227 -1.45058 -3.12748 -2.60068 -4.01026 0.544334 -1.23837 -1.44801
-1.64264 -1.0799 -2.10039 0.236466 -0.447962 -1.49136 -1.58645 -1.11217 -2.09977 0.228397 -0.470674 -1.46844
-1.31153 -2.03749 -1.17894 0.865124 -0.687993 -1.69548 -1.26304 -2.01392 -1.17192 0.851369 -0.697902 -1.70284
-1.90303 -1.02791 -2.28871 0.932975 -0.605206 -0.988156 -1.94338 -1.00636 -2.28654 0.942729 -0.647733 -0.992711
-0.567601 -1.74794 -2.03692 0.398808 -1.06953 -1.40951 -0.575559 -1.73 -2.02441 0.449402 -1.0908 -1.39375
-2.47018 -2.44455 -3.5643 0.744731 -0.586504 -1.08084 -2.40379 -2.39184 -3.56365 0.731866 -0.611983 -1.10991
-0.421791 1.11287 -1.45323 -0.0336718 -0.572446 -1.34563 -0.487294 1.07599 -1.45983 -0.0445212 -0.618691 -1.33672
-2.17419 0.488713 -1.60866 0.942758 -0.492351 -0.987225 -2.22026 0.397408 -1.66503 0.93828 -0.511786 -0.948051
-0.452894 -0.32702 -1.67091 0.627924 -0.820807 -0.923873 -0.343977 -0.239387 -1.67462 0.606677 -0.860739 -0.911748
-2.54873 -0.646976 -0.9237 0.971116 -0.784012 -1.61374 -2.55795 -0.689378 -0.87164 0.992656 -0.806088 -1.62056
-1.18005 0.353472 1.19236 0.722368 -0.381724 -1.83771 -1.08833 0.376617 1.24535 0.703085 -0.367794 -1.8563
-0.255672 -1.09836 0.118697 0.620303 -0.998444 -0.599085 -0.191543 -0.998265 0.109683 0.639257 -1.01746 -0.610004
-1.9332 -3.53968 -1.23497 0.451901 -0.484887 -0.852691 -1.93692 -3.53855 -1.27895 0.463583 -0.489526 -0.861226
-2.32497 -2.07079 -1.76819 0.570815 -1.05108 -1.28884 -2.33947 -2.06837 -1.7038 0.53699 -1.06682 -1.28292
-1.94222 -0.25651 -3.84379 -0.324501 -1.00909 -1.73278 -1.98021 -0.269489 -3.87302 -0.319041 -0.990314 -1.76104
-3.90239 -1.91804 -2.89503 0.667511 -1.31901 -1.21572 -3.90876 -1.89159 -2.87362 0.652103 -1.38269 -1.2456
-3.28098 -2.02895 -2.61607 0.787394 -0.645362 -1.89553 -3.19876 -1.96573 -2.56271 0.79694 -0.652378 -1.90658
1.16613 -0.98497 1.35582 0.599561 -0.272604 -1.98005 1.20171 -0.957407 1.47621 0.598312 -0.256662 -2.0308
