-0.141928 0.221903 0.240226 0.011554 0.285986 -0.0721143 -0.140381 0.219431 0.240026 0.011548 0.28739 -0.0745672
-0.0945029 0.110299 -0.443416 -0.0829003 -0.204558 0.0432813 -0.092117 0.113902 -0.440544 -0.0834262 -0.206046 0.0436106
-1.12143 -1.0289 -0.739397 -0.0823931 0.26652 0.0420481 -1.12742 -1.03328 -0.741262 -0.0827042 0.269539 0.0427781
-0.22876 0.533355 0.420378 -0.0276913 -0.264709 -0.11938 -0.228638 0.533165 0.423697 -0.0279566 -0.266766 -0.120765
-0.498783 -0.128095 -0.0393345 -0.178494 0.147136 -0.0996072 -0.498724 -0.131703 -0.0381472 -0.180908 0.146746 -0.0978682
-1.4295 -1.46983 -1.36434 0.123878 -0.0210744 0.0810436 -1.44316 -1.48075 -1.37254 0.127133 -0.0237888 0.0804696
0.117303 -0.00813573 -0.495763 -0.0467406 0.1736 0.151832 0.122721 -0.00890957 -0.493034 -0.0447411 0.173407 0.151848
-1.20561 -1.04447 -1.07507 -0.168553 0.0282708 -0.188306 -1.21442 -1.04853 -1.0763 -0.171382 0.027704 -0.190681
-0.134511 -0.676299 -0.729435 0.254359 -0.223837 -0.174091 -0.139332 -0.674294 -0.724564 0.253259 -0.223686 -0.177411
0.428024 0.679867 0.0525476 -0.086106 -0.316805 -0.238679 0.426722 0.680663 0.0508904 -0.0878789 -0.318735 -0.23907
-0.30545 -0.0826684 -0.0571918 0.160443 -0.00858281 0.236606 -0.305508 -0.0821673 -0.0535414 0.162392 -0.00908069 0.237605
-0.161983 0.653906 0.258521 0.226128 -0.311025 -0.137918 -0.159537 0.652384 0.257914 0.225124 -0.313603 -0.139683
-0.519018 -0.147007 -0.123597 0.0623567 -0.0699836 -0.154803 -0.519352 -0.145094 -0.122801 0.0643464 -0.0712739 -0.154474
-0.474335 0.124589 -0.335903 0.139517 -0.261563 0.120794 -0.469903 0.125711 -0.331952 0.142024 -0.264816 0.122788
-0.589202 -0.659211 0.347166 0.072895 -0.204622 -0.180656 -0.587489 -0.657509 0.352816 0.0738971 -0.206507 -0.184136
-0.34137 -0.389342 0.0861432 0.110273 0.0618523 -0.253258 -0.34047 -0.38571 0.0865256 0.109472 0.0609152 -0.255701
0.542093 0.731387 0.665481 0.141323 -0.12786 0.119481 0.534991 0.724705 0.655718 0.139933 -0.12878 0.119994
-0.1249 0.633596 0.369004 -0.241542 -0.190293 -0.279398 -0.1248 0.634917 0.36734 -0.241382 -0.192788 -0.281104
-0.724311 -0.337448 -0.0838969 -0.27129 -0.262528 -0.12117 -0.723758 -0.337687 -0.0820933 -0.269519 -0.26313 -0.12498
-0.471634 0.0607751 0.367177 0.198427 -0.276234 -0.237366 -0.469736 0.0582607 0.366219 0.196189 -0.277943 -0.240223
-0.391801 -0.353589 -0.574273 -0.0670514 0.0565834 -0.223242 -0.390872 -0.350682 -0.573047 -0.0676699 0.0575147 -0.221739
0.451263 0.862464 -0.308719 0.247486 -0.0552861 0.358423 0.453953 0.869294 -0.308388 0.245482 -0.0561444 0.359248
-0.538945 -0.708962 -0.436159 -0.0776168 0.139304 0.166156 -0.538062 -0.706169 -0.432866 -0.0791465 0.141297 0.166743
-0.316215 0.135389 0.0073775 0.00665946 -0.0905869 0.217105 -0.316634 0.134762 0.00598244 0.0101299 -0.0919003 0.218101
0.652059 1.46583 1.46958 -0.258369 -0.383781 -0.206205 0.642609 1.45774 1.47306 -0.260579 -0.385767 -0.212256
-0.268602 0.442273 0.279037 0.343071 -0.0278273 -0.0734697 -0.269053 0.441985 0.275119 0.343786 -0.0260389 -0.0743267
-0.315615 -0.681708 0.0919807 -0.151673 0.0716295 0.0409749 -0.315776 -0.678575 0.095951 -0.153211 0.0734057 0.0412902
-0.901439 -0.880745 -0.0413773 0.111944 0.278974 0.0448369 -0.907379 -0.885061 -0.0450759 0.114035 0.28018 0.0462389
0.436212 0.670202 0.720533 0.0293436 0.357035 0.2179 0.434648 0.66312 0.722054 0.0289137 0.360627 0.221241
-1.07703 -1.01783 -0.86723 -0.117817 0.0509121 0.158939 -1.08249 -1.02422 -0.871055 -0.12178 0.0514038 0.162332
0.219014 0.161634 -0.327501 0.276893 -0.0609887 -0.311059 0.223446 0.165452 -0.324672 0.275587 -0.0598957 -0.311574
0.733861 -0.40427 0.439986 -0.252083 0.0955536 0.109244 0.735268 -0.394291 0.444095 -0.251304 0.0992748 0.11161
-1.27652 -1.30951 -1.16045 0.0744005 0.195498 0.303644 -1.28738 -1.31828 -1.16327 0.0755751 0.199069 0.30644
0.254183 -0.539163 -0.33891 -0.0942066 -0.134305 0.162044 0.253875 -0.535951 -0.336115 -0.0928484 -0.134616 0.16319
-1.09371 -0.751454 -0.921877 -0.169196 0.304329 -0.0425582 -1.09713 -0.755132 -0.926838 -0.170331 0.307339 -0.0418944
-0.0503884 -0.805933 -0.893101 0.16973 -0.172441 -0.299451 -0.0509082 -0.806431 -0.892594 0.171975 -0.173689 -0.302887
-1.05253 -0.643744 -1.09565 0.0911261 -0.209843 -0.00383512 -1.05591 -0.649357 -1.09956 0.0930287 -0.211359 -0.00286643
-1.10531 -1.13915 -0.611254 -0.259146 -0.227399 -0.0121883 -1.11204 -1.14645 -0.618639 -0.261939 -0.228717 -0.0114183
-0.556067 0.049782 -0.301471 -0.0971538 0.152049 0.209349 -0.549758 0.0487476 -0.298216 -0.0973731 0.154542 0.210952
0.204297 -0.00444925 0.315818 -0.0460635 -0.0667975 0.198422 0.20565 -0.0060809 0.319042 -0.0473573 -0.0678337 0.199777
-0.279882 0.291213 0.218326 -0.0633427 -0.230848 -0.104939 -0.274168 0.295496 0.220916 -0.0646978 -0.2294 -0.106475
-0.810749 -0.828945 0.219439 -0.131948 0.154039 -0.0998836 -0.810984 -0.829144 0.218312 -0.132138 0.15486 -0.099551
0.559728 -0.0689569 -0.190313 0.112756 -0.254731 0.0786731 0.56293 -0.0674964 -0.185482 0.113667 -0.256871 0.0803916
-0.241878 0.744273 0.701338 0.170393 -0.036278 0.210394 -0.238261 0.734911 0.698851 0.171525 -0.0380314 0.211502
1.04216 0.842353 1.06075 -0.169787 0.191395 -0.14051 1.04101 0.82913 1.05912 -0.171515 0.18988 -0.140037
-0.432612 -0.64147 -0.535882 0.0107368 0.12489 0.185984 -0.435867 -0.640754 -0.533389 0.00995526 0.124023 0.187836
-0.943102 -0.945465 -0.213647 -0.16127 -0.166453 -0.0234117 -0.947392 -0.952406 -0.220221 -0.164751 -0.166604 -0.0241887
0.338026 -0.0529689 -0.410902 0.112772 0.0662361 -0.280244 0.340247 -0.0533633 -0.411343 0.111469 0.0664804 -0.278668
0.27858 0.693623 -0.0881306 0.275708 -0.149378 -0.315333 0.281455 0.697525 -0.0808116 0.273382 -0.148284 -0.316805
0.380666 0.135159 -0.433682 0.170748 0.00446969 -0.259186 0.381762 0.136418 -0.432022 0.169711 0.0026559 -0.260027
0.232842 0.0390277 0.21584 0.0816571 0.333585 -0.15425 0.232266 0.0369745 0.209882 0.0820995 0.332865 -0.156
-0.617757 -0.574195 0.199902 0.270415 -0.260587 0.161547 -0.618753 -0.575722 0.19911 0.272816 -0.259574 0.163214
-0.545567 -0.302347 -0.798934 -0.298199 -0.0904247 0.0526632 -0.543614 -0.304752 -0.797318 -0.294596 -0.0892023 0.0512872
-1.11697 -1.03056 -0.955836 -0.135288 -0.194145 0.0565245 -1.12515 -1.03756 -0.958618 -0.138605 -0.198192 0.0555709
-0.155082 -0.155849 0.255112 0.0624537 -0.16237 0.0605612 -0.1535 -0.156014 0.25906 0.0631629 -0.163745 0.0595476
0.206266 0.502871 -0.389414 -0.00746707 -0.138386 -0.118823 0.213442 0.508576 -0.385611 -0.00867525 -0.138432 -0.117442
0.407632 -0.213877 -0.409494 0.0901257 0.291364 -0.326332 0.413548 -0.207815 -0.405236 0.0897074 0.292864 -0.326888
-1.07987 -1.15896 -0.6953 -0.228921 0.0377165 -0.283865 -1.08703 -1.16796 -0.697947 -0.23471 0.0370502 -0.286112
1.2046 0.907964 1.38147 -0.127794 0.00378631 -0.0920964 1.19479 0.887886 1.37232 -0.129503 0.00700367 -0.0930249
-0.592825 0.00228227 -0.636837 -0.214189 0.289371 -0.0976924 -0.59019 0.00311271 -0.635667 -0.212892 0.290421 -0.0992449
-0.156516 0.433877 -0.277349 0.170177 0.132289 0.000351893 -0.152731 0.438586 -0.272733 0.170887 0.133582 -0.00205894
-0.411211 -0.229465 -0.105216 0.153134 -0.258992 0.241399 -0.410962 -0.228331 -0.101359 0.154715 -0.260836 0.240823
1.09316 0.8773 0.532017 0.209342 0.0596248 0.304026 1.09181 0.875901 0.524502 0.208347 0.058747 0.308682
0.383483 0.821182 0.478656 -0.154366 -0.336473 -0.239758 0.382262 0.821867 0.476308 -0.152773 -0.337116 -0.240732
-0.645977 -0.809123 -0.430906 0.129273 -0.0257078 -0.279547 -0.648416 -0.814658 -0.431061 0.130073 -0.0244838 -0.28327
-0.921515 -1.07796 -0.928149 0.0771537 -0.00602651 0.025022 -0.923771 -1.08315 -0.927151 0.0778381 -0.00575905 0.023459
0.790846 1.07142 1.13917 0.0405436 0.0754984 -0.174073 0.778764 1.05783 1.12876 0.0382765 0.0768949 -0.17381
-0.718585 0.113579 -0.511914 0.0915095 -0.0266133 0.238926 -0.714152 0.109695 -0.509578 0.0919507 -0.0275101 0.24162
0.6919 0.284223 -0.29747 0.101521 -0.271145 0.167134 0.698076 0.285796 -0.292211 0.099686 -0.273462 0.168155
0.668171 0.438924 0.713916 -0.186298 -0.139162 0.187171 0.667203 0.436276 0.714456 -0.184277 -0.138135 0.188705
-0.68821 -0.386693 -0.597774 -0.0966683 0.174819 -0.0574596 -0.683996 -0.384678 -0.595579 -0.0955171 0.176259 -0.0594516
0.166846 0.196572 0.0165662 -0.0359392 -0.0964414 0.181873 0.164388 0.196017 0.0180606 -0.0337222 -0.0946168 0.183129
-0.380055 -0.6486 -0.403927 0.207628 -0.177273 0.287439 -0.379148 -0.644224 -0.403654 0.209746 -0.180959 0.289908
-0.307408 0.763421 0.65707 0.024611 -0.00434761 -0.0430331 -0.299926 0.761822 0.655276 0.0289783 -0.00328052 -0.039816
0.48463 -0.35261 0.135941 -0.303547 0.0841874 -0.0771849 0.482393 -0.350142 0.137675 -0.303093 0.0852701 -0.076303
-0.282091 -0.219138 -0.495468 0.112705 0.0650151 -0.267102 -0.280106 -0.217492 -0.492099 0.112038 0.0661415 -0.26741
-0.875384 -0.872231 -0.874394 0.0499569 -0.0735175 0.168657 -0.875541 -0.873076 -0.871439 0.0507603 -0.0735764 0.170448
-1.0566 -0.975038 -1.12619 -0.210345 0.255181 -0.101699 -1.05899 -0.977195 -1.12884 -0.210438 0.258922 -0.102265
-0.168195 -0.435035 -0.185882 -0.1977 -0.233263 -0.173162 -0.164347 -0.433677 -0.181942 -0.198298 -0.236073 -0.173467
0.793168 1.04452 -0.186423 0.24435 -0.108544 0.041165 0.792517 1.04677 -0.18927 0.241651 -0.109213 0.039246
-0.015127 -0.0787899 -0.358016 -0.28024 -0.274015 -0.0222134 -0.0101513 -0.0796181 -0.353744 -0.281239 -0.27458 -0.0224448
0.43843 0.0405096 0.435007 0.110389 -0.11892 0.117529 0.434815 0.0402609 0.432115 0.110964 -0.119614 0.119705
0.67292 0.596412 0.950896 0.231691 0.180827 0.243093 0.669737 0.592394 0.949414 0.231114 0.181919 0.243645
0.01553 0.275032 -0.129019 0.023176 -0.0714751 0.239124 0.0125688 0.275198 -0.125439 0.0237134 -0.0729196 0.237714
-0.762612 -0.317819 -0.511168 -0.0158464 -0.0119809 -0.241661 -0.760445 -0.315341 -0.507464 -0.0168278 -0.0132566 -0.242529
-0.659982 -0.737897 -0.282236 0.248425 -0.212066 0.290195 -0.66014 -0.739211 -0.283713 0.250255 -0.215221 0.29257
-0.190026 -0.652253 0.322934 0.270512 0.221496 0.0552643 -0.191196 -0.64806 0.327102 0.271775 0.225197 0.0570524
-1.06242 -1.04534 -0.547749 0.00292148 -0.261479 -0.135649 -1.06659 -1.05026 -0.551263 0.00256256 -0.26392 -0.138857
0.176701 -0.368935 -0.34145 -0.0165746 0.188587 0.135842 0.175486 -0.368114 -0.337228 -0.0156091 0.189881 0.139388
0.937859 0.628575 0.66186 -0.125512 0.0257268 -0.294117 0.93041 0.620674 0.653397 -0.122576 0.0259622 -0.295321
0.724998 -0.102827 0.565523 0.049911 -0.352535 0.0957826 0.726606 -0.10175 0.567566 0.0490502 -0.35314 0.0944209
0.664227 -0.292321 0.396798 -0.0494203 -0.273499 -0.149337 0.663006 -0.287793 0.397096 -0.0519694 -0.27587 -0.149819
0.682708 0.0906144 0.440646 -0.187018 0.0595829 -0.337181 0.681176 0.088746 0.439237 -0.185816 0.0615182 -0.339078
-0.953704 -0.481343 -0.787927 -0.230415 0.18712 0.0995831 -0.956168 -0.484097 -0.785834 -0.232417 0.18763 0.101889
-0.524322 0.227955 0.564245 -0.255986 -0.0306779 0.307126 -0.518258 0.2245 0.561895 -0.257151 -0.0289251 0.309071
-0.157917 0.570817 -0.149012 0.209191 0.141014 0.331302 -0.153728 0.576102 -0.145466 0.20791 0.14032 0.333782
0.958571 0.683401 0.566103 -0.440811 -0.251843 -0.366226 0.957472 0.6814 0.559093 -0.436909 -0.252958 -0.369269
-1.06828 -0.878724 -0.912832 -0.197157 0.305989 -0.059498 -1.07301 -0.885391 -0.913736 -0.19937 0.306832 -0.0584866
-0.578171 -0.267548 -0.685273 0.256888 -0.0988386 -0.0514516 -0.573718 -0.262951 -0.680294 0.25749 -0.100691 -0.0510297
0.369393 0.664168 0.0473804 0.00892312 0.051677 -0.0951828 0.371822 0.663517 0.0432621 0.00825935 0.0518788 -0.0959435
-0.347271 -0.33705 -0.323944 0.00170202 -0.00203417 -0.00222796 -0.34689 -0.3365 -0.323664 0.0018064 -0.00189305 -0.00220518
0.0307878 0.020416 0.0155828 -0.01346 -0.00282895 -0.000757198 0.0293137 0.0185152 0.0148765 -0.0136563 -0.00453638 -0.00101209
0.00137725 0.0245632 0.017607 0.00449726 -0.0128717 -0.0103832 -0.000327738 0.0222136 0.0172503 0.0042642 -0.0134887 -0.0104368
-0.0224378 -0.0161858 -0.0166256 0.0199683 0.014652 0.000887721 -0.0236992 -0.0171295 -0.0165353 0.0200859 0.0143498 0.000928777
-0.0128414 0.0658554 0.0295129 -0.00298649 -0.00220716 0.0225741 -0.0149125 0.0636709 0.0282435 -0.00276986 -0.00290779 0.0219433
-0.066914 -0.0600462 -0.0781028 0.00702139 0.00684803 0.00633602 -0.0685868 -0.0614096 -0.0779307 0.0074568 0.00596369 0.00645983
0.0135033 -0.0589106 -0.0500219 -0.00951837 -0.00795098 -0.00486494 0.0125204 -0.0595423 -0.0495179 -0.00996416 -0.00736466 -0.00548141
-0.00124226 0.0479126 0.0496676 -0.000150414 0.00315855 0.000782578 -0.00305695 0.0458211 0.0484295 -0.000924358 0.00298983 0.00153556
-0.0781022 0.0164568 -0.0185776 0.0199339 -0.00109614 0.00606693 -0.0801739 0.0145262 -0.019024 0.0199691 -0.00126566 0.00712111
-0.0422263 0.00893057 -0.0104343 0.0170134 -0.00191665 0.00426157 -0.0404431 0.00895892 -0.00850307 0.0180911 -0.00199928 0.00241777
-0.013506 -0.000961529 -0.0333282 -0.0109336 -0.000390336 -0.00653083 -0.0144352 -0.00116234 -0.0331363 -0.0105565 -0.000959261 -0.00519364
0.00312857 -0.0417327 -0.0256891 -0.0109319 -0.00107293 0.011043 0.00482618 -0.041526 -0.0251247 -0.011136 -0.00134132 0.0121493
0.0126834 -0.0408811 -0.0237916 -0.0141267 0.000711531 -0.00124797 0.0120072 -0.0414255 -0.0257078 -0.0144409 0.000461526 -0.00134422
0.0569857 0.0274818 0.0410422 0.0175152 -0.0029407 0.0219652 0.0543772 0.0262128 0.0395329 0.0178081 -0.00296471 0.0205863
-0.0699435 -0.113799 -0.108086 0.00749885 0.0212683 0.00221414 -0.069469 -0.11409 -0.109296 0.0089711 0.0217212 0.0028345
-0.0775721 -0.0350841 -0.0356307 -0.00298009 0.00633276 0.00610532 -0.0776872 -0.0352113 -0.0363958 -0.00410463 0.00671814 0.00670865
-0.115761 0.0220165 -0.0374469 -0.0180877 -0.0233234 0.00768027 -0.115341 0.0217899 -0.0356309 -0.0168195 -0.0238601 0.00715228
-0.0696136 0.0440633 -0.065446 -0.00607121 -0.014674 -0.00720988 -0.0675578 0.0445401 -0.0656546 -0.00521136 -0.0146624 -0.00735248
-0.0513164 0.0817719 0.0289494 -0.0107721 -0.00599178 0.00312377 -0.0522453 0.0806327 0.0296381 -0.0106196 -0.00495007 0.0028856
-0.03709 -0.0368115 -0.0642257 -0.0148195 0.000247562 -0.024611 -0.0366 -0.0369535 -0.0642309 -0.01359 -0.000438732 -0.0233657
0.0218851 -0.015252 0.0529299 -0.0226273 -0.0151465 -0.0130382 0.0199242 -0.0159941 0.0523137 -0.0228575 -0.0146566 -0.0129213
-0.0080666 -0.0117935 -0.0286866 -0.0233791 -0.0296225 0.0250079 -0.00796591 -0.0112388 -0.027119 -0.0234961 -0.0308142 0.0236428
-0.134372 -0.0266813 -0.122895 -0.0113665 0.00724631 0.0205394 -0.136456 -0.0280611 -0.122465 -0.0118778 0.00628265 0.0210683
-0.000638699 -0.0475485 -0.0194414 -0.00781778 0.0053312 -0.007299 -0.00253494 -0.0500501 -0.0219314 -0.0070989 0.00625067 -0.00661927
0.0489756 -0.0112054 -0.043075 0.0119481 0.00234628 -0.0126362 0.0474377 -0.0128486 -0.0430317 0.0124447 0.00271934 -0.0126293
-0.786264 -0.864862 -0.0614775 -0.0647377 0.127119 -0.101356 -0.783978 -0.861109 -0.0652168 -0.0629773 0.128946 -0.101395
-0.00762505 -0.0654603 -0.0701331 -0.0490768 0.0842068 -0.102635 -0.00702366 -0.0661745 -0.0700678 -0.0498203 0.0838573 -0.103373
-0.0755723 -0.168947 -0.0551329 -0.052704 0.11439 -0.12176 -0.075836 -0.167776 -0.053825 -0.0525551 0.115686 -0.123422
0.022175 -0.146759 -0.0308499 -0.000723711 0.0984757 -0.0697353 0.0189064 -0.148887 -0.0290187 0.00021916 0.0959077 -0.067707
-0.11333 0.0133492 -0.150174 -0.0382377 0.116329 -0.112253 -0.113504 0.0145613 -0.149004 -0.0367561 0.115271 -0.112767
-0.0682393 -0.0893893 -0.13488 -0.00301353 0.121111 -0.0855911 -0.0690992 -0.0883821 -0.135798 -0.0014714 0.11892 -0.086523
-0.0680878 -0.0525549 -0.0894107 -0.0316734 0.124797 -0.099518 -0.0657913 -0.050154 -0.0886495 -0.0322978 0.125002 -0.100049
-0.0485748 -0.100713 -0.172052 -0.0394781 0.119834 -0.109831 -0.0472769 -0.101331 -0.169979 -0.0392149 0.118937 -0.111507
-0.0181971 -0.0783454 -0.103773 -0.0251082 0.095187 -0.120948 -0.0141663 -0.0766153 -0.100776 -0.0274751 0.0956868 -0.12042
-0.104715 -0.0646966 -0.0862961 -0.0353132 0.0990133 -0.102787 -0.103851 -0.0681778 -0.087214 -0.0353889 0.0988511 -0.102206
-0.110602 0.026005 0.0205666 -0.021555 0.113081 -0.0840828 -0.108659 0.0248994 0.0201279 -0.0226111 0.111827 -0.0861652
-0.0555693 -0.0724053 -0.0103018 -0.0224113 0.100399 -0.0870595 -0.0546333 -0.0747357 -0.0077221 -0.0216559 0.0992803 -0.0886045
-0.203769 -0.156527 -0.0708147 -0.0236547 0.0940576 -0.104332 -0.205391 -0.1572 -0.0695376 -0.0243187 0.0948296 -0.106155
-0.0617941 -0.0754891 0.108397 -0.0451617 0.155693 -0.0946931 -0.0595143 -0.0743521 0.109018 -0.0455408 0.157081 -0.0976966
-0.0214223 -0.0553077 0.0328897 -0.0385873 0.108221 -0.0733294 -0.0179711 -0.0579791 0.0298087 -0.0382729 0.110403 -0.0724449
-0.132319 -0.199142 -0.314519 -0.045309 0.122711 -0.105331 -0.130022 -0.196394 -0.312776 -0.0439701 0.122232 -0.105228
0.127724 0.0956616 0.0521656 0.0186576 0.101623 -0.0802732 0.125027 0.0954001 0.0540596 0.017279 0.102674 -0.079892
-0.0512407 -0.154952 -0.147239 0.00300487 0.0833547 -0.0529387 -0.0530633 -0.156533 -0.149156 0.00496876 0.0823266 -0.052101
0.0679145 0.0202463 0.0597461 -0.0840493 0.0971501 -0.121048 0.0718632 0.0253349 0.0635636 -0.0836497 0.0954222 -0.122997
-0.151166 -0.141453 -0.0755774 -0.0271342 0.0946561 -0.0773348 -0.151993 -0.145446 -0.0742328 -0.0285242 0.0922665 -0.0770032
0.117708 0.00285918 0.171459 -0.0349941 0.11687 -0.0836353 0.120476 0.00140937 0.170353 -0.0342449 0.116959 -0.0833131
-0.0241264 -0.0220338 -0.0602562 -0.0469982 0.126753 -0.0869004 -0.0238841 -0.0209196 -0.0576497 -0.0447775 0.126822 -0.0843621
-0.0277113 -0.0233027 -0.0549929 -0.0408555 0.0982873 -0.0995736 -0.0250788 -0.0224851 -0.0526205 -0.0402299 0.0963529 -0.101505
-0.12812 -0.0809994 -0.0280901 -0.0451824 0.115596 -0.0769976 -0.125011 -0.0804749 -0.0270817 -0.0454528 0.117301 -0.0793475
-0.026413 0.0375177 -0.0735278 -0.0629548 0.0955464 -0.11243 -0.0216804 0.038917 -0.0727234 -0.0649972 0.0972639 -0.111657
0.00743592 0.336201 0.218175 0.130046 -0.265098 -0.124666 0.0123215 0.339324 0.221588 0.129758 -0.26562 -0.124694
-0.0990683 -0.0819629 0.0180871 0.103437 -0.187147 -0.0971248 -0.0999951 -0.0863341 0.0139144 0.10414 -0.188304 -0.0931686
-0.123561 -0.264684 -0.170538 0.141437 -0.208632 -0.0704801 -0.123291 -0.265694 -0.17805 0.140375 -0.212439 -0.0702423
-0.133116 -0.0642429 -0.198523 0.118259 -0.197977 -0.088227 -0.136115 -0.0619442 -0.198863 0.116847 -0.198584 -0.0866561
0.0414613 0.0769428 -0.0630032 0.134456 -0.155403 -0.115792 0.048279 0.0801239 -0.0613864 0.136499 -0.155422 -0.114906
-0.121417 -0.0218795 -0.151494 0.216416 -0.225434 -0.0731044 -0.120655 -0.0199807 -0.156071 0.218821 -0.224566 -0.0753865
-0.0860422 -0.0520885 -0.150649 0.20583 -0.220749 -0.0993066 -0.0881878 -0.0528696 -0.14959 0.206554 -0.22024 -0.100277
0.011055 -0.182399 -0.0094405 0.134339 -0.169719 -0.120484 0.00877004 -0.183449 -0.0113621 0.136612 -0.171106 -0.117999
0.0323617 -0.207807 -0.0384687 0.147764 -0.213275 -0.0884322 0.0326817 -0.204634 -0.042596 0.150419 -0.215062 -0.0860654
-0.0565582 -0.131939 0.0100553 0.104379 -0.188364 -0.056748 -0.056072 -0.12998 0.0149161 0.103509 -0.189266 -0.0542995
-0.291325 -0.234182 -0.229587 0.140531 -0.117042 -0.0289927 -0.288323 -0.2295 -0.226698 0.140741 -0.11742 -0.0332595
-0.0803727 -0.0933408 -0.148493 0.16455 -0.206864 -0.106374 -0.0762204 -0.0909649 -0.150554 0.166177 -0.205835 -0.109578
-0.0841536 -0.0321906 -0.0727451 0.170282 -0.162068 -0.11664 -0.0817073 -0.0281331 -0.0693007 0.17268 -0.158135 -0.114276
-0.153435 0.00653427 -0.307978 0.144414 -0.221924 -0.0713219 -0.155623 0.0103941 -0.303219 0.143862 -0.21933 -0.0689881
-0.0424299 0.0203228 -0.0224807 0.111905 -0.111161 -0.0924548 -0.03799 0.023241 -0.0209018 0.112787 -0.113911 -0.0941603
-0.111875 -0.121075 -0.256622 0.174768 -0.175829 -0.0899817 -0.111758 -0.11572 -0.260169 0.175823 -0.178928 -0.0885155
-0.139832 -0.177761 -0.0603257 0.123549 -0.182932 -0.140387 -0.141026 -0.173188 -0.0593492 0.124929 -0.181325 -0.140981
-0.317895 -0.217162 -0.308274 0.122421 -0.248161 -0.090179 -0.32288 -0.220106 -0.311485 0.118339 -0.252523 -0.0914197
-0.171181 -0.219382 -0.229993 0.136849 -0.169828 -0.128581 -0.175648 -0.227253 -0.229001 0.13718 -0.163975 -0.123816
-0.152596 -0.206159 -0.324407 0.0937177 -0.174783 -0.101677 -0.153701 -0.198686 -0.319096 0.0889246 -0.17123 -0.104962
-0.213886 -0.301739 -0.156255 0.14829 -0.191806 -0.12295 -0.216159 -0.297553 -0.161032 0.151018 -0.192548 -0.122919
-0.171965 -0.215901 -0.252594 0.154995 -0.182462 -0.126636 -0.173711 -0.215658 -0.248642 0.155161 -0.18267 -0.124497
-0.139653 -0.201156 -0.173558 0.123395 -0.155336 -0.0788244 -0.138267 -0.205871 -0.17104 0.125794 -0.155919 -0.0838308
-0.0790355 -0.182613 -0.114412 0.0915029 -0.203526 -0.130431 -0.0848815 -0.180358 -0.113521 0.0897366 -0.204328 -0.132575
0.0334065 0.0986396 -0.0847838 0.178548 -0.18842 -0.0820127 0.0393392 0.102217 -0.0798589 0.177789 -0.189691 -0.0831284
-0.949082 -0.932293 -0.880316 0.0317547 -0.0813559 -0.126286 -0.953029 -0.935067 -0.88441 0.0302954 -0.0827676 -0.127458
-0.0150974 0.0267061 -0.107094 -0.00584912 -0.0679537 -0.0949842 -0.0147496 0.0300685 -0.104072 -0.00875328 -0.0673744 -0.0953906
-0.117707 -0.11032 -0.0510708 0.0577392 -0.00564082 -0.128944 -0.118371 -0.111154 -0.0518917 0.0562835 -0.00399005 -0.129371
-0.0701122 -0.0579108 -0.117196 -0.00126402 -0.0784627 -0.0847488 -0.0782308 -0.060354 -0.120591 0.00154396 -0.0787114 -0.0864091
-0.0344574 -0.124761 -0.073731 -0.00157372 -0.047395 -0.0898506 -0.0361043 -0.128492 -0.072829 -0.000563182 -0.0494315 -0.0917889
0.0482031 -0.0384673 0.00942425 0.0425019 -0.0586041 -0.0911553 0.0471681 -0.0383041 0.0121722 0.0393601 -0.0606847 -0.0931234
-0.0808628 -0.121928 -0.122865 0.0222529 -0.0655989 -0.150048 -0.0770581 -0.120396 -0.122135 0.0240003 -0.0657763 -0.150835
-0.236878 -0.20151 -0.297899 0.0375975 -0.0890755 -0.106586 -0.229802 -0.191094 -0.294668 0.0399968 -0.0909932 -0.106397
-0.120802 -0.0794169 -0.154465 0.01739 -0.0329436 -0.109677 -0.116669 -0.0817904 -0.154419 0.0167965 -0.0346139 -0.107991
-0.0962949 -0.149596 -0.0865595 0.0635189 -0.0505136 -0.124485 -0.0927344 -0.147866 -0.0860444 0.062509 -0.0512412 -0.125025
-0.140186 -0.0757206 -0.168597 0.0687273 -0.0445823 -0.0727922 -0.143158 -0.0741334 -0.168437 0.0694458 -0.047715 -0.0731277
-0.0415074 -0.127823 -0.148956 0.029164 -0.0782123 -0.103075 -0.0420893 -0.126511 -0.14804 0.0328638 -0.079768 -0.101922
-0.184358 -0.182446 -0.266016 0.0555819 -0.0437729 -0.0806667 -0.179404 -0.178511 -0.265968 0.0546218 -0.0456745 -0.0828365
-0.0307173 0.0810457 -0.105833 -0.00245218 -0.0416889 -0.0979966 -0.0354876 0.0783599 -0.106313 -0.0032423 -0.0450567 -0.0973482
-0.158423 0.0356102 -0.117216 0.0686943 -0.0358753 -0.0719344 -0.16178 0.0289572 -0.121323 0.068368 -0.0372914 -0.06908
-0.0330311 -0.0238507 -0.121866 0.0457967 -0.0598643 -0.0673813 -0.0250874 -0.0174593 -0.122136 0.0442471 -0.0627767 -0.0664969
-0.188661 -0.0478901 -0.0683737 0.0718835 -0.0580337 -0.119451 -0.189343 -0.0510288 -0.0645201 0.0734779 -0.0596678 -0.119956
-0.0859841 0.0257558 0.0868811 0.0526354 -0.0278143 -0.133905 -0.0793011 0.0274422 0.0907428 0.0512304 -0.0267993 -0.135259
-0.0186755 -0.0802289 0.00867015 0.0453097 -0.0729309 -0.0437599 -0.0139912 -0.0729178 0.00801178 0.0466942 -0.0743201 -0.0445574
-0.14307 -0.26196 -0.0913962 0.0334437 -0.0358848 -0.0631048 -0.143345 -0.261876 -0.0946507 0.0343082 -0.0362282 -0.0637365
-0.171756 -0.152978 -0.130624 0.0421686 -0.0776475 -0.0952119 -0.172827 -0.152799 -0.125867 0.0396698 -0.0788106 -0.0947751
-0.14335 -0.0189324 -0.2837 -0.0239506 -0.074478 -0.127892 -0.146154 -0.0198903 -0.285858 -0.0235476 -0.0730925 -0.129978
-0.295807 -0.14539 -0.219447 0.0505982 -0.0999829 -0.0921536 -0.296289 -0.143385 -0.217824 0.0494303 -0.10481 -0.0944179
-0.245679 -0.151928 -0.195891 0.05896 -0.0483247 -0.141937 -0.239523 -0.147194 -0.191895 0.0596748 -0.04885 -0.142765
0.0853113 -0.0720581 0.0991886 0.0438625 -0.0199431 -0.144856 0.0879144 -0.0700417 0.107996 0.0437711 -0.0187768 -0.148568
