-7.31805 -7.31848
-7.30789 -7.30793
-7.32934 -7.32925
-7.33619 -7.33612
-7.32092 -7.32092
-7.31948 -7.31941
-7.33007 -7.33008
-7.31871 -7.319
-7.32578 -7.32571
-7.28975 -7.28988
-7.32912 -7.32908
-7.33024 -7.33027
-7.28259 -7.28243
-7.33826 -7.33846
-7.33273 -7.33274
-7.32411 -7.32411
-7.30127 -7.30125
-7.3429 -7.34278
-7.32602 -7.32607
-7.28258 -7.2823
-7.31298 -7.31333
-7.31947 -7.31948
-7.26338 -7.26357
-7.32311 -7.323
-7.33025 -7.33016
-7.32523 -7.32536
-7.28401 -7.28397
-7.32159 -7.32178
-7.33033 -7.33031
-7.30962 -7.30947
-7.32301 -7.32326
-7.3189 -7.31918
-7.33339 -7.33344
-7.34227 -7.34227
-7.30641 -7.30613
-7.29455 -7.29461
-7.32874 -7.32874
-7.32953 -7.32955
-7.3425 -7.3423
-7.32587 -7.32586
-7.31477 -7.31489
-7.30672 -7.30655
-7.34231 -7.34247
-7.31717 -7.31745
-7.33681 -7.33675
-7.29183 -7.29198
-7.31417 -7.31409
-7.3207 -7.32078
-7.34491 -7.34493
-7.331 -7.33112
-7.3279 -7.32813
-7.29468 -7.29465
-7.30852 -7.30839
-7.35258 -7.35257
-7.34933 -7.34965
-7.29064 -7.29031
-7.3217 -7.32159
-7.2916 -7.29132
-7.33381 -7.33394
-7.30994 -7.30992
-7.30394 -7.3042
-7.33641 -7.33638
-7.33196 -7.33208
-7.31902 -7.31902
-7.30226 -7.30241
-7.33558 -7.33568
-7.31982 -7.31971
-7.32832 -7.3284
-7.32004 -7.3202
-7.32307 -7.32325
-7.28688 -7.2865
-7.32665 -7.3266
-7.31933 -7.31927
-7.32164 -7.32169
-7.34223 -7.34233
-7.31463 -7.31455
-7.31898 -7.31871
-7.3279 -7.32813
-7.29283 -7.29271
-7.29762 -7.29754
-7.31745 -7.31762
-7.3255 -7.32532
-7.33178 -7.3318
-7.32456 -7.32452
-7.29735 -7.29773
-7.31561 -7.31556
-7.32791 -7.32804
-7.30665 -7.30627
-7.33817 -7.33821
-7.30878 -7.30876
-7.33289 -7.33278
-7.34351 -7.34347
-7.32665 -7.32693
-7.3277 -7.3277
-7.3153 -7.31528
-7.34059 -7.34063
-7.34249 -7.34271
-7.29537 -7.29497
-7.33678 -7.3369
-7.31316 -7.31301
-7.442 -7.44226
-7.42429 -7.42406
-7.40359 -7.4036
-7.41698 -7.41709
-7.43485 -7.43488
-7.40514 -7.40523
-7.39488 -7.39478
-7.44268 -7.44274
-7.39812 -7.39817
-7.41044 -7.41051
-7.32586 -7.32635
-7.33531 -7.33547
-7.36747 -7.36756
-7.35997 -7.36038
-7.34066 -7.34041
-7.33355 -7.33357
-7.35036 -7.35036
-7.33424 -7.33444
-7.37084 -7.37073
-7.355 -7.35505
-7.35519 -7.35512
-7.37534 -7.37551
-7.33738 -7.33714
-7.34247 -7.34253
-7.37344 -7.37356
-7.3773 -7.37731
-7.34852 -7.34831
-7.36346 -7.3633
-7.36562 -7.36524
-7.35453 -7.3546
-7.37101 -7.37095
-7.34468 -7.34467
-7.29421 -7.29393
-7.31478 -7.31434
-7.29988 -7.29973
-7.30506 -7.30518
-7.30351 -7.30325
-7.30889 -7.30868
-7.31256 -7.31259
-7.31515 -7.31515
-7.30048 -7.30036
-7.32256 -7.32259
-7.32579 -7.326
-7.35056 -7.35049
-7.31442 -7.31419
-7.31695 -7.31696
-7.3049 -7.30505
-7.32192 -7.32177
-7.30169 -7.30197
-7.3132 -7.3128
-7.32036 -7.32024
-7.30786 -7.3075
-7.33832 -7.3385
-7.31655 -7.31666
-7.3231 -7.32323
-7.3056 -7.30537
-7.31849 -7.3184
-7.31963 -7.31929
-7.34769 -7.3477
-7.3248 -7.32464
-7.33382 -7.33384
