3.38563 5.89748 8.33095 -2.72539 -2.26518 3.4097 3.35688 5.90507 8.28272 -2.71501 -2.25274 3.43798
-13.2687 -9.42252 -9.20728 0.588123 2.35496 3.67602 -13.2138 -9.45179 -9.21502 0.580364 2.3502 3.67123
0.228571 0.808111 -5.63321 2.03705 -1.66853 -4.9136 0.263557 0.874381 -5.5948 2.02995 -1.6642 -4.94649
-4.8548 -3.31586 -2.39112 0.172348 3.91382 -2.85375 -4.88088 -3.34408 -2.38812 0.171357 3.92005 -2.88513
1.26486 -0.270885 -5.44869 -1.7216 -3.9973 -3.17109 1.25015 -0.314037 -5.472 -1.72092 -4.00687 -3.18909
-0.581051 -4.79078 -9.58626 -2.62167 -3.86333 3.08161 -0.57951 -4.7572 -9.53803 -2.62857 -3.84838 3.04877
-7.18583 4.6992 -6.99905 -1.04365 -4.31524 -0.66252 -7.15406 4.71832 -6.99706 -1.04193 -4.33614 -0.673995
5.90184 6.73003 -1.32449 -3.84796 4.0889 -0.954335 5.87341 6.72452 -1.38695 -3.86992 4.1035 -0.94952
2.66887 1.26095 -7.50476 -2.48233 -2.00338 -2.08934 2.63354 1.24826 -7.45689 -2.48854 -1.99908 -2.12377
-15.0677 -11.7132 -14.7332 2.35409 0.742365 1.35855 -14.9903 -11.6713 -14.6232 2.36457 0.72687 1.36524
-10.6532 -0.257327 -4.47416 2.24661 -3.30963 -2.88485 -10.6293 -0.277725 -4.54271 2.2362 -3.30967 -2.87221
-7.87097 -1.824 -7.52712 -1.37833 -1.48229 -1.74489 -7.88348 -1.89538 -7.57003 -1.38107 -1.45661 -1.73274
-13.6027 -11.4116 -13.8346 -1.53778 -1.45704 -2.71718 -13.5371 -11.3797 -13.7883 -1.49153 -1.46758 -2.73233
0.0385734 1.65162 -5.56881 0.234521 -2.54628 0.337578 0.0218662 1.673 -5.56832 0.21996 -2.55491 0.367078
-7.48253 -2.9095 -3.00027 1.80253 -3.80362 0.0741553 -7.51354 -2.9729 -3.04479 1.79945 -3.80007 0.092886
-4.96088 -10.6138 -9.63024 -1.74671 -0.253551 -2.39516 -5.06238 -10.6238 -9.65854 -1.74263 -0.27793 -2.35936
10.6706 13.2968 -1.82657 0.308442 0.255015 1.11503 10.7565 13.4033 -1.84821 0.277825 0.272213 1.11965
-4.47985 -0.572769 3.97753 3.32991 -0.40538 1.27891 -4.4483 -0.589273 3.9461 3.32255 -0.418781 1.28714
-5.13355 -7.97315 -2.68156 -0.889913 0.117298 4.45849 -5.17344 -7.97345 -2.67718 -0.838184 0.0837933 4.4906
-14.7387 -12.8258 -8.5756 2.60979 2.92301 1.68796 -14.7579 -12.823 -8.58403 2.61409 2.92457 1.68105
0.613432 -7.13997 -0.681176 -3.72825 -4.17124 3.30258 0.54163 -7.13512 -0.728556 -3.74647 -4.16384 3.31744
6.35491 -3.42586 9.36655 -2.53517 4.00151 -3.06808 6.33043 -3.38107 9.37339 -2.53624 4.04427 -3.10369
-14.2611 -15.0177 -15.0642 1.74737 -2.95995 3.36179 -14.1701 -14.9675 -14.9412 1.76836 -2.96193 3.33666
-11.0773 -6.58332 -7.71947 3.34946 3.33199 -0.084293 -11.0861 -6.62861 -7.72791 3.30341 3.32202 -0.0844538
-4.96545 -2.59517 1.17655 2.62612 -1.24611 0.470914 -5.01002 -2.66837 1.14343 2.58163 -1.25016 0.459026
-1.51693 -7.92786 -5.06751 3.71775 4.59161 4.96258 -1.53698 -7.90435 -5.08483 3.69676 4.58346 4.96046
-13.5964 -13.7155 -14.0151 2.15829 0.548277 -1.997 -13.5832 -13.6912 -13.9403 2.16466 0.549223 -2.00523
6.73441 -6.599 7.15868 0.183384 -3.47601 -2.54675 6.72218 -6.56209 7.19035 0.170692 -3.52195 -2.5947
7.35663 6.46082 7.19069 4.52744 -0.704465 -2.5028 7.34095 6.43254 7.17483 4.55693 -0.783393 -2.54266
10.5169 2.93908 0.125492 -3.34266 -4.27641 4.8307 10.5769 2.95284 0.141126 -3.37436 -4.28056 4.8733
-0.632028 8.49538 -2.35152 -1.35364 -4.22053 1.8125 -0.672079 8.49705 -2.40449 -1.34412 -4.2665 1.84019
-6.42744 7.98676 3.61545 -3.94147 -2.83455 0.340918 -6.35398 8.03675 3.60025 -3.96698 -2.83918 0.337902
0.952901 -1.24254 -4.26698 0.783422 4.39503 -1.60813 0.936768 -1.21589 -4.26261 0.782246 4.40114 -1.61019
2.56671 -1.53912 -2.69414 -4.09794 -3.6706 -2.38379 2.53517 -1.55028 -2.73451 -4.09435 -3.7068 -2.39879
12.0716 7.80801 15.8918 -2.40537 3.21142 0.740406 12.1922 7.86066 16.037 -2.4256 3.28737 0.777783
-13.9185 -13.3278 -12.0012 -2.09779 3.58054 2.44037 -13.8795 -13.2924 -11.9359 -2.10701 3.57896 2.4579
-6.76948 -8.65426 -11.354 2.9399 1.41142 -0.391829 -6.81732 -8.63599 -11.3346 2.95556 1.3873 -0.374708
1.43689 3.02837 11.6956 -2.32158 4.77191 1.01154 1.44835 2.99851 11.7577 -2.31878 4.83523 0.988484
0.172026 3.58654 -2.16611 -1.85449 -2.58051 -4.2221 0.171717 3.61873 -2.15433 -1.84372 -2.59664 -4.27544
4.48015 -2.5217 -1.98852 -0.45356 3.7335 -3.32615 4.4167 -2.54775 -2.01648 -0.469302 3.73052 -3.33311
3.28416 -9.76427 -4.3729 1.15414 3.54182 3.66456 3.29062 -9.7351 -4.38734 1.15251 3.51856 3.68421
-14.0796 -13.6873 -11.7049 0.71272 -0.37229 -0.629182 -14.0326 -13.7187 -11.6967 0.7178 -0.387759 -0.624678
3.81065 -2.64627 -1.02733 -2.27115 1.4378 -2.38 3.78938 -2.61096 -1.016 -2.25609 1.42502 -2.40003
10.5598 1.45836 11.5321 -0.297449 -1.96531 -3.079 10.5404 1.54321 11.5418 -0.339359 -1.99492 -3.1292
1.36552 7.03554 4.08899 1.60384 3.71121 0.472616 1.4208 7.08786 4.11339 1.60342 3.76722 0.485995
-13.5598 -11.9636 -13.817 -3.36709 0.934654 1.80941 -13.5255 -11.9572 -13.7533 -3.33273 0.922565 1.80704
-7.75039 -1.06898 5.72247 3.06235 1.26584 4.29391 -7.75859 -1.0991 5.7365 3.08275 1.2612 4.324
0.568477 -9.75309 -8.69773 3.59348 -0.332706 4.03477 0.541753 -9.73309 -8.6851 3.58512 -0.31207 4.02933
-4.78048 -6.72569 2.18981 -2.65711 2.24754 0.373719 -4.8243 -6.72659 2.16841 -2.63678 2.25842 0.397977
4.69877 -3.10548 3.96947 -1.77 -3.25296 3.06618 4.68712 -3.11073 3.89902 -1.78033 -3.25072 3.11699
-5.92389 -5.85249 3.97917 1.8409 1.4708 0.469983 -5.94394 -5.86728 3.98718 1.84559 1.44744 0.477863
-14.8424 -11.9407 -8.43884 -3.35911 2.62129 2.00116 -14.8142 -11.9764 -8.44577 -3.36452 2.60926 1.99371
8.74494 0.248378 -3.85269 5.20939 -3.08215 3.33768 8.73434 0.199214 -3.9221 5.23726 -3.08387 3.3677
-0.483665 -5.53341 -1.48752 -2.41084 0.455477 -2.67201 -0.496485 -5.54328 -1.53593 -2.39595 0.458599 -2.71825
6.95179 2.42999 4.88667 2.26194 1.57662 -3.04255 6.94316 2.4419 4.87398 2.25707 1.59672 -3.09594
-12.7064 -9.26993 -7.87628 3.5895 -1.75371 2.32353 -12.7293 -9.37739 -7.91817 3.60238 -1.7441 2.32196
-1.40449 -2.13731 -8.57572 -4.44515 -3.38653 -0.913698 -1.36014 -2.12451 -8.56005 -4.44357 -3.3893 -0.945037
-13.6281 -14.6943 -12.5661 0.696316 -0.751889 -2.08277 -13.5515 -14.6372 -12.5146 0.683091 -0.775507 -2.09592
2.63095 -8.47376 -2.04564 1.2651 -1.171 -1.78472 2.64303 -8.43947 -2.0415 1.27807 -1.16921 -1.7982
12.6744 8.29078 13.8001 -3.15896 -1.29671 1.53623 12.7444 8.32042 13.801 -3.2193 -1.33032 1.57915
3.09652 14.9526 10.2247 3.45604 -0.0997711 3.43042 3.07164 14.9161 10.1675 3.47472 -0.100812 3.49182
6.29333 -5.82666 -1.00355 0.160603 2.53425 -1.78854 6.27935 -5.8079 -1.0168 0.158248 2.54841 -1.85354
-1.48201 -4.00687 -7.69102 -3.88854 -0.759474 -3.82979 -1.49324 -4.02991 -7.69422 -3.87308 -0.754502 -3.85073
-12.6321 -3.9218 -10.4748 0.796322 2.6829 0.688385 -12.6218 -3.97238 -10.4722 0.791122 2.67801 0.668077
-6.55914 -10.7936 0.861761 2.89022 3.32845 1.15317 -6.60738 -10.8154 0.804663 2.86327 3.33468 1.17554
-0.284743 6.45644 4.28988 1.7897 -1.63363 -2.35997 -0.25969 6.46387 4.29767 1.78372 -1.67362 -2.40863
-12.6895 -10.196 -8.76565 -0.252535 -1.63669 -2.51949 -12.7016 -10.2385 -8.81637 -0.258765 -1.61829 -2.52981
-8.11596 -5.50537 -4.86968 2.60596 -1.56084 -2.8588 -8.10577 -5.52401 -4.85912 2.60057 -1.56052 -2.86357
1.49934 -10.1395 -5.27658 3.12848 -0.887703 2.22196 1.50067 -10.0862 -5.30419 3.11532 -0.90897 2.23892
10.6664 10.188 12.6666 1.9765 -3.40409 2.17485 10.6351 10.1755 12.6614 2.01552 -3.47052 2.18625
11.247 17.0015 18.8627 3.4736 3.1413 -0.76299 11.2796 17.0819 18.9246 3.54821 3.22389 -0.730634
-1.99738 1.11909 8.46676 -0.888887 -4.57166 0.076143 -2.01763 1.077 8.4653 -0.888054 -4.61712 0.0719879
2.46963 8.11117 -2.5001 -3.67184 2.94627 -4.03939 2.47701 8.16688 -2.51735 -3.6814 2.95328 -4.05558
-11.3404 2.17537 -7.82307 -2.58633 4.08721 3.29329 -11.3343 2.16019 -7.7949 -2.60569 4.10731 3.31545
-2.50574 -0.303333 3.25585 3.02603 0.758171 0.0333884 -2.5008 -0.373527 3.27601 3.02929 0.769445 0.0365542
6.38877 2.76705 -5.72699 1.40702 3.54953 0.727167 6.40604 2.75737 -5.71046 1.42757 3.54865 0.766158
-8.79508 -3.4399 -6.29381 -0.867562 3.85448 -2.23502 -8.83188 -3.48497 -6.2922 -0.879036 3.87088 -2.24268
4.29409 -2.52036 6.81924 1.04001 -0.29988 4.41317 4.28345 -2.52014 6.84447 1.06658 -0.302229 4.43616
2.89707 12.8322 15.4734 -3.56556 5.47469 -2.91967 2.96175 12.925 15.5474 -3.59308 5.5741 -2.98315
-10.724 -14.2153 -11.3565 2.60479 2.87207 0.800894 -10.7711 -14.1906 -11.3395 2.61028 2.87403 0.778623
-2.13266 9.1259 6.16017 1.66698 -5.32186 1.39615 -2.08683 9.15457 6.17525 1.68103 -5.4095 1.39545
5.18753 9.32796 10.2221 -1.37532 -3.50371 -0.292104 5.19375 9.38722 10.2979 -1.39333 -3.56928 -0.306797
-7.08359 -0.137451 -5.10671 3.55917 -0.159826 -2.21944 -7.11104 -0.209454 -5.15505 3.54604 -0.151468 -2.19767
-6.82573 1.35152 1.08174 -3.92249 -0.0322422 2.45679 -6.76414 1.32173 1.11051 -3.93601 -0.0385565 2.47182
13.8013 17.8491 5.85451 -0.930963 -0.878903 1.44395 13.784 17.8308 5.70164 -0.979857 -0.905546 1.50053
3.15051 -2.16922 10.4011 -2.7774 4.31081 -3.70292 3.19464 -2.16544 10.4215 -2.78351 4.37119 -3.76608
5.27201 7.09316 8.13831 1.69431 3.29766 0.512657 5.26417 7.08004 8.15431 1.70785 3.35976 0.512005
15.8652 11.6715 5.78492 3.8805 -4.88152 1.64115 16.0204 11.8668 5.82209 3.95341 -4.97251 1.68099
-4.85233 -6.24854 -3.19345 -2.9838 0.203992 2.70802 -4.87643 -6.22614 -3.23173 -2.97342 0.189469 2.71202
-8.03127 2.92225 -6.93379 1.58651 -3.26431 -3.96728 -8.06902 2.89324 -6.92684 1.5798 -3.26636 -3.96117
7.34679 -4.75251 -0.0723486 -4.02583 2.19473 0.924259 7.35776 -4.75496 -0.064034 -4.04296 2.19822 0.946622
-0.34088 -0.40368 3.57188 -2.14667 -3.10454 3.3037 -0.400757 -0.415946 3.54999 -2.16438 -3.12131 3.31408
-10.796 -5.18983 -2.2978 -1.64015 -2.84582 -0.36339 -10.7406 -5.20915 -2.35882 -1.619 -2.82913 -0.371159
-6.45482 2.37438 -0.432508 -2.88161 4.37058 -1.60893 -6.45167 2.35944 -0.436507 -2.90186 4.40278 -1.63055
-11.5309 -11.3433 -13.5514 -2.40196 0.519186 2.41978 -11.5559 -11.349 -13.5278 -2.37582 0.534115 2.41567
-6.56632 -5.02464 -1.54699 2.27731 -2.031 0.606554 -6.65019 -5.08417 -1.63382 2.28135 -2.02317 0.608674
-4.32933 -0.551251 4.24921 -0.408509 2.0643 1.03493 -4.30213 -0.599997 4.23853 -0.393039 2.05015 1.03487
15.7388 4.22764 15.0035 0.0690405 4.53902 3.34042 15.8 4.30547 15.0455 0.0484353 4.61397 3.43462
8.14123 4.60528 2.31417 -0.181662 1.50402 -3.76233 8.1529 4.55 2.28273 -0.220486 1.50733 -3.79919
-14.0982 -10.7512 -8.00675 0.346505 -0.0318184 -1.77363 -14.0529 -10.7503 -8.00167 0.338671 -0.0233114 -1.77315
1.09791 0.19863 0.146709 -0.682627 1.47153 -1.73496 1.04627 0.162848 0.09442 -0.699544 1.4746 -1.75979
-0.972074 -1.65024 -1.43104 2.22131 -3.18928 -1.72344 -1.04333 -1.72916 -1.49627 2.22876 -3.20542 -1.72001
2.20983 1.18475 2.37709 -0.502571 1.22061 -1.65647 2.24752 1.27512 2.40134 -0.490523 1.24905 -1.65245
-1.82547 -2.19274 -2.05094 0.169729 -1.10985 -1.95958 -1.89037 -2.2178 -2.10247 0.197048 -1.1007 -1.97059
0.0967455 0.548013 -0.0276082 2.17131 -3.1873 -1.62727 -0.0432585 0.427511 -0.167529 2.2004 -3.20175 -1.63381
-0.911062 0.38973 -0.0495727 0.240549 2.02559 3.4419 -0.941555 0.336419 -0.128195 0.243278 2.04967 3.45252
0.491078 -0.154693 0.276228 2.03751 -3.03516 -1.50627 0.459365 -0.162541 0.29131 2.05434 -3.02196 -1.49652
-0.775421 -1.04927 -1.18364 -0.398395 1.32987 -1.58088 -0.843484 -1.08875 -1.2501 -0.415644 1.33781 -1.60015
-0.557791 -1.72811 -2.76463 1.90977 -3.30468 -1.34749 -0.594623 -1.76926 -2.78659 1.91667 -3.29841 -1.34318
0.687725 -0.244886 0.909056 -0.480202 1.30599 -1.68022 0.673655 -0.250082 0.908314 -0.481602 1.30409 -1.6996
-3.66849 -1.89383 -3.67555 1.67508 -2.59799 -1.93039 -3.63055 -1.91115 -3.66001 1.66181 -2.61659 -1.89918
0.0496736 -0.464268 2.01285 1.2647 -2.90027 -1.14207 0.10858 -0.469139 2.02249 1.29989 -2.90597 -1.14489
-1.80654 -1.50381 -0.261042 -1.26585 1.83787 -0.809563 -1.83196 -1.52545 -0.25056 -1.26638 1.82598 -0.83417
-3.18884 -4.67378 -2.00653 -0.523124 1.01576 -1.14848 -3.17388 -4.63318 -1.9754 -0.513631 1.02595 -1.13622
2.48677 -0.368589 1.6603 1.98628 -3.30524 -1.80746 2.45627 -0.334264 1.65518 2.01865 -3.30098 -1.80847
-0.202598 -1.65613 -2.58684 1.50686 -3.38621 -1.29205 -0.242821 -1.66943 -2.55778 1.49431 -3.36688 -1.26332
0.42704 -0.15199 0.570756 0.739995 1.69606 2.58996 0.374887 -0.153677 0.62645 0.764279 1.69926 2.6197
-1.23819 -2.53935 -2.43373 2.22422 -2.49642 -1.33826 -1.21053 -2.50463 -2.38187 2.22523 -2.50365 -1.35046
-0.370362 0.872428 0.647778 0.920286 1.53136 2.92857 -0.402541 0.831321 0.627644 0.888177 1.53224 2.93794
-0.060748 1.10899 -0.748557 2.53232 -3.32669 -1.45384 -0.085123 1.13476 -0.743963 2.53728 -3.3373 -1.43413
-3.98253 -2.7325 -1.46141 1.52108 -3.10937 -1.30748 -4.02981 -2.71334 -1.44589 1.52882 -3.10417 -1.27922
-2.06832 -1.75573 -2.1925 -0.402716 1.35637 -1.88281 -2.06437 -1.80371 -2.19796 -0.377381 1.337 -1.87003
-3.28448 -1.37244 -2.02011 1.62078 -2.19003 -1.75326 -3.25815 -1.46615 -2.02668 1.59954 -2.20659 -1.71922
-0.36712 -1.05679 -0.609512 1.99537 -3.10091 -1.4957 -0.377195 -1.05507 -0.621999 2.0284 -3.10552 -1.51513
2.27074 0.648002 -0.860747 1.81299 -2.91062 -1.96067 2.32772 0.644812 -0.810031 1.86758 -2.96159 -1.96013
1.12259 1.92636 1.44193 1.05136 1.93192 3.46596 1.13668 1.89991 1.42585 1.0752 1.95873 3.45554
1.61823 4.70299 3.99188 0.279939 2.06024 3.18754 1.73887 4.8091 4.10247 0.278608 2.10099 3.22237
-0.415268 -3.25904 -2.57482 -0.346942 1.46647 -1.00579 -0.481846 -3.29065 -2.57412 -0.331386 1.47236 -1.00119
-0.927803 -1.60692 -1.71825 2.48932 -2.99982 -1.23084 -0.895991 -1.54441 -1.67382 2.5229 -3.04482 -1.22292
-0.305207 -1.77966 -0.907394 0.554299 1.74659 3.39526 -0.294807 -1.78528 -0.911503 0.566502 1.78251 3.39611
1.73991 1.71393 0.674362 0.445986 1.98146 3.11067 1.70008 1.62057 0.64308 0.444928 2.00315 3.12873
-1.69478 0.911754 -1.32333 2.42503 -2.65922 -1.20395 -1.7143 0.846011 -1.3971 2.42739 -2.62745 -1.1935
-1.45456 0.706035 -0.189816 -0.535037 1.13268 -0.876835 -1.46006 0.703323 -0.165437 -0.530968 1.16372 -0.837511
-0.621473 -1.21519 1.20019 -0.273533 0.444648 -1.30214 -0.578763 -1.2032 1.24618 -0.246231 0.458578 -1.30611
-1.94732 -3.1432 -0.112273 -0.732786 1.62781 -1.57316 -1.96759 -3.08868 -0.145757 -0.747466 1.62075 -1.5584
2.18921 0.233698 1.07774 -0.327033 1.81456 -0.907356 2.12423 0.226871 0.974146 -0.344076 1.79098 -0.914477
-2.08312 -2.8486 -2.49639 -0.522158 0.79445 -1.48722 -2.04585 -2.80338 -2.45558 -0.513254 0.831901 -1.48984
-0.562243 -1.22203 -2.25305 -0.351639 1.26273 -0.845427 -0.54755 -1.14347 -2.23437 -0.386778 1.21125 -0.834654
-1.04642 -1.51575 -0.873169 -0.276541 1.10992 -1.27358 -1.0021 -1.51041 -0.847566 -0.290271 1.14304 -1.27276
0.653741 -0.987888 0.643742 -0.593598 0.804643 -1.01487 0.698187 -0.917546 0.707308 -0.616101 0.796274 -1.02898
-3.37537 -4.67586 -3.82643 -0.404304 0.360192 -1.16336 -3.34926 -4.74334 -3.83933 -0.405124 0.406225 -1.15036
0.344243 -2.44593 -1.93101 -0.695023 1.04114 -0.582768 0.329968 -2.46268 -1.91169 -0.713583 1.04512 -0.567188
-1.01087 -1.98937 -2.88793 -0.649495 1.68125 -1.71809 -1.01773 -1.9615 -2.84412 -0.649534 1.66084 -1.701
0.385854 0.803233 1.04034 -0.482394 1.3478 -0.91585 0.311828 0.790043 0.990914 -0.473094 1.34849 -0.935887
-1.98622 -1.31094 -2.1918 -0.298383 1.44192 -1.29137 -2.08154 -1.34332 -2.2442 -0.307167 1.4499 -1.28026
-3.56972 -1.162 -2.13622 -0.72737 1.34856 -1.39757 -3.61082 -1.23803 -2.16645 -0.734853 1.36203 -1.4115
0.479151 -1.49695 2.17471 -0.702414 0.875481 -1.17493 0.543345 -1.43782 2.27414 -0.673757 0.839026 -1.16305
-2.16828 -3.01387 -3.88002 -0.397912 1.53099 -0.744051 -2.24751 -3.07375 -3.91414 -0.350738 1.5511 -0.719241
-1.70276 -0.431139 -0.0168517 -0.781079 0.756081 -0.955636 -1.73211 -0.414014 -0.0539181 -0.796843 0.760165 -0.950726
1.02072 0.0108289 0.968245 -1.67679 0.736292 -0.79436 1.04483 -0.00170922 0.941682 -1.68343 0.786073 -0.793363
-4.60271 -1.80751 -4.84828 0.0782594 0.946435 -1.44475 -4.58881 -1.86861 -4.89125 0.0828769 0.956528 -1.46876
0.0989018 -0.749212 0.3917 -0.760114 1.2135 -1.07691 0.159269 -0.673405 0.466811 -0.771934 1.19089 -1.07347
-0.149495 0.497872 0.440105 0.299804 1.59707 -1.07869 -0.124819 0.518006 0.483844 0.262723 1.58962 -1.08753
-0.880624 -1.31068 -2.16207 -0.216379 0.580766 -0.597584 -0.817772 -1.32646 -2.10656 -0.272134 0.606439 -0.617752
-1.01508 0.167392 -0.0655014 -0.416635 0.800162 -1.28791 -1.05287 0.164548 -0.102533 -0.38318 0.782897 -1.28042
0.364975 -0.725959 0.938137 -0.426846 1.42219 -0.385427 0.351093 -0.689477 0.886356 -0.390451 1.36986 -0.372739
-1.68574 1.85852 0.690049 0.0390848 1.01511 -1.52572 -1.68617 1.83835 0.659769 0.0631 1.04692 -1.51796
-3.43132 -2.54414 -0.976368 -0.0414019 1.40295 -1.40611 -3.43953 -2.54245 -0.989269 -0.0157453 1.38768 -1.40401
-1.37526 -1.92893 -1.18035 -0.842039 1.31219 -0.964975 -1.43002 -1.95619 -1.24085 -0.828489 1.31956 -1.00771
-1.96619 -0.50418 -1.26014 -1.05445 1.53447 -0.973512 -1.94311 -0.535463 -1.2808 -1.06238 1.52861 -0.976628
0.308493 0.0314971 1.01645 -0.224191 1.33159 -1.29495 0.315575 0.0612271 1.07248 -0.202778 1.32638 -1.30297
