-0.453686 -3.11599 -1.00872 -0.695526 1.29046 -1.60336 -0.497448 -3.17286 -1.01828 -0.707373 1.29839 -1.60238
10.5953 2.90284 0.164257 -3.40313 -4.27151 4.87552 10.5769 2.95284 0.141126 -3.37436 -4.28056 4.8733
-3.45206 -4.48509 -3.94611 -0.332465 0.507261 -0.289213 -3.5188 -4.51282 -3.95331 -0.344111 0.490159 -0.319133
-14.1704 -14.9971 -14.8989 1.7696 -2.97718 3.37796 -14.1701 -14.9675 -14.9412 1.76836 -2.96193 3.33666
0.0913036 1.40674 0.481647 -0.864015 1.47831 -1.43619 0.0430224 1.39139 0.477383 -0.874418 1.44881 -1.43886
11.3092 16.9461 18.9239 3.51019 3.16592 -0.776514 11.2796 17.0819 18.9246 3.54821 3.22389 -0.730634
-5.15782 -4.5771 -5.14808 -0.344857 1.381 -1.40098 -5.15661 -4.59009 -5.12626 -0.36186 1.33765 -1.43358
-12.5916 -3.92902 -10.4665 0.789411 2.68482 0.696022 -12.6218 -3.97238 -10.4722 0.791122 2.67801 0.668077
-0.701166 -2.02542 1.2727 0.349658 -0.00157131 -0.379858 -0.590627 -1.94177 1.30498 0.314565 0.000858168 -0.347047
0.384556 -0.0132568 0.190942 -0.0440288 0.389275 -0.08481 0.414828 0.0275548 0.293283 -0.023265 0.414423 -0.0300446
-1.66473 -3.48253 -0.423374 0.306003 0.258877 -0.267019 -1.72101 -3.66073 -0.512311 0.269524 0.321362 -0.235928
-9.29473 -6.6673 -6.81464 0.735245 1.73126 3.00453 -9.27551 -6.64477 -6.77679 0.742532 1.70929 2.97931
2.49175 0.999324 2.87424 0.594379 -0.886944 -2.28753 2.47066 0.922793 2.86494 0.575234 -0.89451 -2.2459
-0.651087 -0.0837379 -1.14126 -0.197795 0.233717 0.00781941 -0.726339 -0.116613 -1.19716 -0.198355 0.222376 0.00593662
-4.82842 -6.76118 2.13186 -2.66244 2.27828 0.389936 -4.8243 -6.72659 2.16841 -2.63678 2.25842 0.397977
-14.7572 -12.8192 -8.56055 2.61668 2.94957 1.68198 -14.7579 -12.823 -8.58403 2.61409 2.92457 1.68105
-4.47032 -2.62909 -3.49122 0.773416 1.44663 2.32315 -4.52092 -2.55606 -3.492 0.746425 1.39025 2.28816
0.26289 0.248421 -0.253967 -0.591618 0.710925 -1.31467 0.312287 0.358482 -0.267609 -0.560407 0.661708 -1.33493
0.143052 0.987427 0.381968 -0.891297 1.45305 -1.54346 0.131463 0.955191 0.351424 -0.868214 1.46095 -1.53647
-2.80593 -2.74359 -4.07078 0.83635 -0.227725 0.470959 -2.78526 -2.73528 -4.04039 0.859968 -0.225742 0.46261
-1.17561 -1.7827 -4.34174 0.43516 1.41243 2.77717 -1.1806 -1.78454 -4.31767 0.41386 1.40162 2.75455
1.44856 1.45905 1.46657 0.243129 -0.439583 0.314207 1.51334 1.55523 1.5278 0.358285 -0.437889 0.263928
2.91021 12.8978 15.5132 -3.58027 5.52484 -2.89443 2.96175 12.925 15.5474 -3.59308 5.5741 -2.98315
1.45365 2.21604 -0.536507 -0.0773018 1.1454 0.111571 1.46913 2.30812 -0.595344 -0.10937 1.12815 0.145285
-1.70728 -1.6814 -1.23788 -0.564412 -0.355164 -0.216794 -1.74966 -1.57951 -1.18802 -0.633577 -0.358348 -0.183557
