9.89288 22.5424 22.7061 -3.97497 -5.92282 -3.22571 9.93727 22.5424 22.7793 -4.02958 -5.96549 -3.28231
-0.169283 -0.944295 0.221878 0.626181 -0.980812 -0.621331 -0.191543 -0.998265 0.109683 0.639257 -1.01746 -0.610004
0.494407 0.338728 0.363777 -0.207366 -0.0647428 -0.0210758 0.423945 0.267773 0.215149 -0.197502 -0.0656067 -0.0146372
-12.4494 -6.23338 -10.3082 -3.04284 2.46952 1.35224 -12.4672 -6.31201 -10.2463 -3.03042 2.44646 1.3285
-3.43381 10.6645 10.1125 2.45952 -0.523526 3.09239 -3.44389 10.6226 10.1014 2.47926 -0.549715 3.05711
-7.07125 -1.99834 -1.59376 0.875005 -0.965854 -2.16897 -7.14102 -1.99503 -1.6885 0.884756 -0.980008 -2.124
-3.79212 -1.87114 -2.84721 0.714399 -1.28204 -1.18586 -3.90876 -1.89159 -2.87362 0.652103 -1.38269 -1.2456
-15.1637 -13.1302 -13.5441 -2.12276 0.379115 -2.34856 -15.1936 -13.1182 -13.4656 -2.14417 0.346606 -2.38562
16.3479 13.0939 7.93924 3.05656 0.834464 4.56515 16.4294 13.1805 7.89265 3.13518 0.884019 4.64501
1.61911 0.00249925 2.35916 -0.490855 1.64782 -1.14903 1.70076 0.019896 2.40487 -0.483434 1.65111 -1.17613
3.29719 0.517661 3.07105 1.17847 4.7561 -2.20705 3.33188 0.530402 3.01077 1.17773 4.77498 -2.23783
-10.6613 -10.852 2.98706 -1.79788 2.01425 -1.3138 -10.7703 -11.0114 2.89929 -1.75486 2.05661 -1.32209
-1.85574 -0.359313 -1.61108 -0.141916 0.0925338 0.290207 -1.92855 -0.396592 -1.73081 -0.16787 0.0887936 0.297761
0.184471 3.85304 -1.80929 0.325201 -1.02264 3.38828 0.177283 3.88167 -1.76931 0.334478 -1.02853 3.35295
-1.06458 -0.858615 -1.62166 -0.00437858 -1.08607 -1.17536 -1.08236 -0.835025 -1.66843 0.0213614 -1.08901 -1.19551
-3.96391 -3.16805 -3.05367 1.92582 -1.60701 -0.457518 -3.87346 -3.08321 -3.04557 1.89078 -1.57747 -0.446823
-9.15939 -5.09135 -7.97322 -1.31142 2.34688 -0.766237 -9.12072 -5.12947 -7.94172 -1.27367 2.35032 -0.792755
-1.86084 -2.787 -4.26293 -0.586216 1.67682 -1.39797 -1.77892 -2.687 -4.27929 -0.601584 1.67234 -1.4397
-0.452646 1.08592 -1.42043 -0.0245945 -0.581366 -1.34444 -0.487294 1.07599 -1.45983 -0.0445212 -0.618691 -1.33672
0.150917 4.74328 3.18584 1.88689 -3.81655 -1.7785 0.17853 4.91655 3.21065 1.8801 -3.84865 -1.80672
-3.11822 -1.91711 -2.62266 0.822835 -0.676104 -1.88259 -3.19876 -1.96573 -2.56271 0.79694 -0.652378 -1.90658
1.67372 -0.0845462 -6.77541 -0.653238 2.39844 2.08735 1.69374 -0.122966 -6.80461 -0.617495 2.39328 2.09574
6.39336 12.3759 -4.50016 3.5433 -0.8031 5.09768 6.49502 12.4376 -4.41231 3.51227 -0.803296 5.14
18.4397 13.879 21.259 -2.01133 0.112968 -1.38068 18.5774 13.8054 21.3377 -2.0136 0.108898 -1.44641
-17.46 -17.8984 -16.6592 1.51372 -0.274923 0.972192 -17.4404 -17.8947 -16.587 1.53639 -0.287485 0.972467
