0.639738 1.45774 1.46832 -0.257048 -0.383008 -0.208595 0.642609 1.45774 1.47306 -0.260579 -0.385767 -0.212256
-0.0123652 -0.0689755 0.016207 0.0457391 -0.0716429 -0.0453848 -0.0139912 -0.0729178 0.00801178 0.0466942 -0.0743201 -0.0445574
0.0341858 0.0234214 0.0251534 -0.0143383 -0.00447665 -0.00145729 0.0293137 0.0185152 0.0148765 -0.0136563 -0.00453638 -0.00101209
-0.9548 -0.478067 -0.790584 -0.23337 0.189399 0.10371 -0.956168 -0.484097 -0.785834 -0.232417 0.18763 0.101889
-0.237563 0.737812 0.699619 0.170159 -0.0362195 0.213943 -0.238261 0.734911 0.698851 0.171525 -0.0380314 0.211502
-0.514277 -0.145335 -0.115911 0.0636373 -0.0702445 -0.157745 -0.519352 -0.145094 -0.122801 0.0643464 -0.0712739 -0.154474
-0.287447 -0.141835 -0.215822 0.0541524 -0.0971801 -0.0898899 -0.296289 -0.143385 -0.217824 0.0494303 -0.10481 -0.0944179
-1.21202 -1.04949 -1.08257 -0.169671 0.0303024 -0.187719 -1.21442 -1.04853 -1.0763 -0.171382 0.027704 -0.190681
1.08639 0.87015 0.527598 0.203122 0.0554539 0.303374 1.09181 0.875901 0.524502 0.208347 0.058747 0.308682
0.114692 0.000177039 0.167115 -0.0347705 0.116726 -0.0813934 0.120476 0.00140937 0.170353 -0.0342449 0.116959 -0.0833131
0.229848 0.0360863 0.214084 0.0821512 0.331549 -0.153854 0.232266 0.0369745 0.209882 0.0820995 0.332865 -0.156
-0.802781 -0.817137 0.224921 -0.135377 0.15167 -0.0989273 -0.810984 -0.829144 0.218312 -0.132138 0.15486 -0.099551
-0.131304 -0.0254234 -0.113993 -0.0100414 0.00654729 0.0205338 -0.136456 -0.0280611 -0.122465 -0.0118778 0.00628265 0.0210683
0.0130784 0.273168 -0.128273 0.0230557 -0.0725023 0.240218 0.0125688 0.275198 -0.125439 0.0237134 -0.0729196 0.237714
-0.0769454 -0.062059 -0.11721 -0.000316475 -0.0784987 -0.084953 -0.0782308 -0.060354 -0.120591 0.00154396 -0.0787114 -0.0864091
-0.295056 -0.235815 -0.227301 0.14335 -0.119619 -0.0340556 -0.288323 -0.2295 -0.226698 0.140741 -0.11742 -0.0332595
-0.686897 -0.381819 -0.597941 -0.0983484 0.176001 -0.0574629 -0.683996 -0.384678 -0.595579 -0.0955171 0.176259 -0.0594516
-0.13601 -0.203704 -0.31158 -0.0428468 0.122559 -0.102178 -0.130022 -0.196394 -0.312776 -0.0439701 0.122232 -0.105228
-0.0329643 0.0790829 -0.103444 -0.00179112 -0.0423385 -0.0979098 -0.0354876 0.0783599 -0.106313 -0.0032423 -0.0450567 -0.0973482
0.0104158 0.327365 0.219876 0.130227 -0.263405 -0.122746 0.0123215 0.339324 0.221588 0.129758 -0.26562 -0.124694
-0.233492 -0.143553 -0.196385 0.0616138 -0.0506266 -0.140968 -0.239523 -0.147194 -0.191895 0.0596748 -0.04885 -0.142765
0.121271 -0.00612587 -0.490918 -0.0473309 0.173781 0.151241 0.122721 -0.00890957 -0.493034 -0.0447411 0.173407 0.151848
0.446848 0.86498 -0.314528 0.24765 -0.0561307 0.35629 0.453953 0.869294 -0.308388 0.245482 -0.0561444 0.359248
1.18594 0.892616 1.36725 -0.129357 0.00726543 -0.0887973 1.19479 0.887886 1.37232 -0.129503 0.00700367 -0.0930249
-1.44478 -1.48106 -1.37852 0.125258 -0.0227493 0.0804469 -1.44316 -1.48075 -1.37254 0.127133 -0.0237888 0.0804696
