-7.4434 -7.44339
-7.43565 -7.43565
-7.42644 -7.42632
-7.41825 -7.41834
-7.41169 -7.4115
-7.40765 -7.40767
-7.40299 -7.40277
-7.39924 -7.3992
-7.3941 -7.39412
-7.39066 -7.39056
-7.38691 -7.38713
-7.38312 -7.38305
-7.38105 -7.38124
-7.38057 -7.38055
-7.37824 -7.37818
-7.37382 -7.37386
-7.37172 -7.37189
-7.37079 -7.37072
-7.368 -7.36808
-7.36551 -7.36519
-7.3633 -7.3631
-7.36187 -7.36196
-7.35946 -7.35943
-7.35892 -7.35876
-7.35776 -7.35806
-7.35564 -7.35555
-7.35405 -7.35415
-7.35298 -7.35282
-7.35225 -7.3525
-7.35 -7.35008
-7.34893 -7.34906
-7.34769 -7.34762
-7.3465 -7.34665
-7.34566 -7.34584
-7.34498 -7.34494
-7.34439 -7.34434
-7.34335 -7.34324
-7.34226 -7.34247
-7.34229 -7.3423
-7.34114 -7.34113
-7.34028 -7.34051
-7.33877 -7.33861
-7.3381 -7.33821
-7.33715 -7.33728
-7.33698 -7.33675
-7.33625 -7.33623
-7.33566 -7.33587
-7.33486 -7.33496
-7.33399 -7.33394
-7.33308 -7.33319
-7.33258 -7.33263
-7.33203 -7.33225
-7.33176 -7.33157
-7.33012 -7.33026
-7.33003 -7.32997
-7.32886 -7.32908
-7.32885 -7.32886
-7.32789 -7.32813
-7.32793 -7.32784
-7.32742 -7.32747
-7.32587 -7.32607
-7.32512 -7.32536
-7.3245 -7.32462
-7.32408 -7.32414
-7.32298 -7.32326
-7.32261 -7.32271
-7.32231 -7.32231
-7.32126 -7.32155
-7.3207 -7.32078
-7.31954 -7.32018
-7.31986 -7.31971
-7.3196 -7.31935
-7.31914 -7.31922
-7.31882 -7.31871
-7.31825 -7.31848
-7.31817 -7.31768
-7.31715 -7.31745
-7.3161 -7.31616
-7.3161 -7.31595
-7.31508 -7.31528
-7.31454 -7.31439
-7.31384 -7.31409
-7.31395 -7.31367
-7.31336 -7.31301
-7.31197 -7.3123
-7.31201 -7.31217
-7.31141 -7.31147
-7.31047 -7.31028
-7.30924 -7.30934
-7.30856 -7.30875
-7.30774 -7.308
-7.30773 -7.30783
-7.30698 -7.30696
-7.30679 -7.30627
-7.30573 -7.30578
-7.30514 -7.3053
-7.30467 -7.30477
-7.30429 -7.30426
-7.30405 -7.30378
-7.30282 -7.30287
-7.30206 -7.30218
-7.30126 -7.30187
-7.30156 -7.30147
-7.30112 -7.30101
-7.30065 -7.30031
-7.2996 -7.29966
-7.29872 -7.29909
-7.29831 -7.29822
-7.29754 -7.29766
-7.29751 -7.29727
-7.29665 -7.2969
-7.29653 -7.29637
-7.29568 -7.29543
-7.29459 -7.29479
-7.29427 -7.29453
-7.29391 -7.29388
-7.29383 -7.29336
-7.29217 -7.29273
-7.29226 -7.29238
-7.29183 -7.29194
-7.29172 -7.29161
-7.29173 -7.29132
-7.29058 -7.29087
-7.29053 -7.2906
-7.29053 -7.29018
-7.28945 -7.28941
-7.2889 -7.28861
-7.28771 -7.28804
-7.28749 -7.28754
-7.28703 -7.28702
-7.28677 -7.28646
-7.28568 -7.28569
-7.28523 -7.28513
-7.28452 -7.28456
-7.28428 -7.2841
-7.28379 -7.28376
-7.28265 -7.28292
-7.28207 -7.28223
-7.28185 -7.28175
-7.28145 -7.2815
-7.28125 -7.28107
-7.28034 -7.28051
-7.27965 -7.27945
-7.27879 -7.27886
-7.27848 -7.27843
-7.27784 -7.2778
-7.27635 -7.27656
-7.27586 -7.27615
-7.27543 -7.27551
-7.27502 -7.27511
-7.27447 -7.27455
-7.27297 -7.27331
-7.27268 -7.27259
-7.27152 -7.27141
-7.27057 -7.27073
-7.27036 -7.27007
-7.26887 -7.26868
-7.26696 -7.26681
-7.26375 -7.26366
-7.25926 -7.25933
-7.25091 -7.25052
-7.43937 -7.4393
-7.43294 -7.43269
-7.425 -7.42491
-7.41693 -7.41685
-7.41146 -7.41145
-7.40599 -7.40592
-7.40252 -7.40246
-7.39884 -7.39889
-7.39339 -7.39345
-7.39014 -7.38998
-7.38634 -7.38589
-7.38312 -7.38277
-7.3811 -7.38118
-7.38055 -7.38044
-7.37793 -7.37784
-7.37355 -7.3735
-7.37191 -7.37181
-7.36893 -7.36921
-7.36689 -7.36698
-7.36518 -7.36497
-7.3626 -7.36277
-7.36176 -7.36161
-7.35958 -7.35936
-7.35818 -7.35856
-7.35744 -7.35746
-7.35524 -7.35545
-7.35401 -7.35408
-7.35274 -7.35275
-7.35244 -7.35217
-7.34912 -7.34965
-7.34819 -7.34821
-7.34775 -7.34748
-7.3467 -7.34657
-7.34573 -7.34574
-7.34488 -7.34493
-7.34433 -7.34423
-7.34304 -7.34304
-7.34256 -7.34242
-7.34237 -7.34227
-7.34106 -7.34097
-7.34031 -7.34022
-7.33803 -7.33846
-7.33796 -7.33819
-7.33714 -7.33716
-7.33655 -7.33651
-7.33618 -7.33612
-7.33598 -7.33585
-7.33465 -7.33473
-7.33371 -7.33376
-7.33298 -7.33316
-7.33252 -7.33262
-7.33236 -7.33217
-7.33109 -7.33112
-7.33023 -7.33021
-7.32958 -7.3298
-7.32928 -7.32907
-7.32871 -7.32874
-7.32835 -7.32813
-7.32755 -7.32777
-7.3272 -7.32719
-7.32545 -7.32589
-7.32509 -7.32532
-7.32456 -7.32452
-7.32412 -7.32411
-7.32301 -7.32325
-7.32241 -7.32271
-7.32237 -7.32216
-7.32159 -7.32147
-7.32056 -7.32047
-7.3202 -7.32001
-7.31976 -7.31962
-7.3195 -7.31934
-7.31935 -7.31918
-7.31873 -7.31865
-7.31821 -7.31847
-7.31775 -7.31768
-7.31643 -7.31661
-7.31619 -7.3161
-7.31562 -7.3158
-7.31494 -7.31497
-7.31431 -7.3143
-7.3139 -7.31399
-7.31353 -7.31353
-7.31276 -7.3128
-7.31194 -7.31229
-7.31248 -7.31209
-7.31076 -7.31081
-7.30991 -7.31013
-7.30934 -7.30934
-7.30852 -7.30873
-7.30773 -7.30798
-7.30766 -7.30769
-7.30673 -7.30688
-7.30628 -7.30613
-7.30544 -7.30577
-7.30523 -7.30528
-7.30404 -7.30469
-7.30431 -7.3042
-7.30336 -7.30352
-7.30316 -7.30282
-7.30161 -7.30199
-7.30199 -7.30183
-7.3016 -7.30138
-7.30126 -7.30095
-7.3001 -7.30031
-7.29896 -7.29953
-7.29872 -7.29898
-7.29825 -7.29808
-7.29737 -7.29763
-7.29728 -7.29723
-7.29654 -7.29689
-7.29648 -7.29629
-7.29549 -7.29538
-7.29531 -7.29471
-7.29416 -7.29441
-7.29389 -7.29382
-7.29337 -7.2933
-7.29292 -7.29271
-7.29197 -7.29223
-7.29164 -7.2919
-7.29139 -7.29153
-7.29091 -7.29128
-7.29078 -7.29074
-7.28974 -7.29045
-7.29013 -7.28992
-7.28891 -7.28915
-7.28906 -7.28856
-7.28744 -7.28788
-7.28731 -7.2874
-7.28685 -7.28697
-7.2869 -7.28621
-7.286 -7.28553
-7.28506 -7.28496
-7.28433 -7.28455
-7.28386 -7.28397
-7.28387 -7.28375
-7.28267 -7.28279
-7.28195 -7.28203
-7.28195 -7.28172
-7.28132 -7.28149
-7.28072 -7.28097
-7.28056 -7.28032
-7.27896 -7.27943
-7.27892 -7.27879
-7.27805 -7.2781
-7.27822 -7.27765
-7.27697 -7.27656
-7.27596 -7.27598
-7.27578 -7.27548
-7.27547 -7.27488
-7.27431 -7.27439
-7.27314 -7.27306
-7.27231 -7.27219
-7.27199 -7.2714
-7.27025 -7.27049
-7.26981 -7.26998
-7.26838 -7.26784
-7.2663 -7.26676
-7.26325 -7.26357
-7.2587 -7.25863
-7.24503 -7.24433
-7.43813 -7.43806
-7.43025 -7.43034
-7.42463 -7.42441
-7.4168 -7.41677
-7.41133 -7.41117
-7.40432 -7.40428
-7.40253 -7.40239
-7.3979 -7.39789
-7.39327 -7.3932
-7.38982 -7.38989
-7.38527 -7.38514
-7.38222 -7.38242
-7.38109 -7.38101
-7.38008 -7.38003
-7.37739 -7.37748
-7.37338 -7.37324
-7.3717 -7.37163
-7.36855 -7.36853
-7.36681 -7.36652
-7.36443 -7.36442
-7.36248 -7.3627
-7.36066 -7.36088
-7.35903 -7.35913
-7.35811 -7.35849
-7.35662 -7.35666
-7.35477 -7.35491
-7.35369 -7.35389
-7.35262 -7.3527
-7.35144 -7.3515
-7.34918 -7.3493
-7.34832 -7.3482
-7.34707 -7.34719
-7.34644 -7.34632
-7.34589 -7.34562
-7.34467 -7.34473
-7.34418 -7.34418
-7.34293 -7.34279
-7.34255 -7.34241
-7.34241 -7.3422
-7.3409 -7.34082
-7.33957 -7.33987
-7.33815 -7.33843
-7.33782 -7.33813
-7.33689 -7.33699
-7.33658 -7.33641
-7.33612 -7.3361
-7.33558 -7.33568
-7.3348 -7.33464
-7.33386 -7.33372
-7.33254 -7.33278
-7.33288 -7.33251
-7.33202 -7.33208
-7.33072 -7.33034
-7.33006 -7.33016
-7.32937 -7.32955
-7.32901 -7.32903
-7.3288 -7.32869
-7.32784 -7.32804
-7.32791 -7.32777
-7.3268 -7.32693
-7.32578 -7.32586
-7.32514 -7.32516
-7.32462 -7.3245
-7.32394 -7.32406
-7.32309 -7.323
-7.3226 -7.32261
-7.32137 -7.32178
-7.32131 -7.32124
-7.32017 -7.32022
-7.31995 -7.31999
-7.31957 -7.31954
-7.31934 -7.31927
-7.31929 -7.31916
-7.31879 -7.31865
-7.31791 -7.31786
-7.31726 -7.31762
-7.31615 -7.31652
-7.31605 -7.31608
-7.31615 -7.3157
-7.3148 -7.31489
-7.31507 -7.31427
-7.31422 -7.31398
-7.31369 -7.31352
-7.31263 -7.31274
-7.31202 -7.31228
-7.31171 -7.31205
-7.31078 -7.31078
-7.30996 -7.30992
-7.30899 -7.30921
-7.30865 -7.30857
-7.30786 -7.30793
-7.30736 -7.30761
-7.30676 -7.30678
-7.3058 -7.3061
-7.30549 -7.30554
-7.30505 -7.30523
-7.30386 -7.30455
-7.30383 -7.304
-7.30358 -7.30345
-7.30269 -7.3028
-7.30211 -7.30197
-7.30173 -7.30172
-7.30162 -7.30129
-7.30073 -7.30087
-7.29998 -7.30005
-7.29964 -7.29942
-7.29916 -7.2989
-7.29788 -7.29797
-7.29766 -7.29754
-7.29719 -7.29709
-7.29675 -7.29678
-7.29576 -7.29603
-7.29528 -7.29529
-7.29508 -7.2947
-7.29453 -7.29407
-7.29333 -7.29371
-7.29318 -7.29315
-7.29264 -7.29266
-7.2917 -7.29198
-7.29169 -7.29177
-7.29157 -7.29151
-7.2915 -7.29125
-7.29056 -7.29074
-7.29022 -7.29032
-7.28982 -7.28988
-7.28877 -7.28897
-7.28815 -7.28825
-7.28752 -7.2877
-7.28718 -7.28727
-7.28674 -7.28688
-7.28542 -7.28598
-7.28544 -7.28552
-7.28505 -7.28485
-7.28412 -7.28435
-7.28389 -7.28393
-7.28357 -7.28361
-7.2823 -7.28254
-7.28208 -7.28194
-7.28198 -7.28169
-7.28143 -7.28135
-7.2805 -7.28092
-7.28023 -7.28018
-7.27981 -7.27937
-7.27838 -7.27872
-7.27811 -7.27807
-7.27782 -7.27718
-7.27704 -7.27648
-7.27602 -7.27579
-7.27591 -7.27529
-7.2748 -7.27485
-7.27445 -7.27431
-7.27279 -7.27282
-7.27234 -7.27213
-7.27102 -7.27125
-7.27073 -7.27047
-7.26966 -7.26965
-7.26754 -7.26732
-7.26667 -7.26673
-7.26317 -7.26332
-7.25613 -7.25638
-7.43809 -7.43806
-7.42986 -7.42983
-7.42142 -7.42146
-7.41397 -7.41383
-7.41099 -7.41093
-7.40418 -7.40421
-7.40206 -7.40226
-7.39588 -7.39588
-7.39335 -7.39306
-7.38767 -7.38761
-7.38463 -7.38479
-7.38198 -7.38196
-7.38111 -7.38096
-7.37974 -7.37984
-7.37689 -7.37678
-7.3729 -7.37308
-7.3714 -7.37159
-7.36836 -7.36831
-7.36647 -7.36648
-7.36339 -7.36351
-7.36293 -7.36269
-7.36058 -7.36081
-7.35851 -7.35892
-7.35808 -7.35815
-7.35589 -7.35597
-7.35481 -7.35475
-7.35379 -7.35374
-7.35257 -7.35261
-7.35034 -7.35042
-7.34937 -7.34924
-7.34795 -7.34797
-7.34727 -7.34716
-7.34605 -7.34599
-7.34532 -7.34521
-7.34439 -7.34463
-7.34332 -7.34347
-7.34278 -7.34278
-7.34248 -7.34237
-7.34204 -7.34217
-7.34062 -7.34071
-7.33967 -7.33946
-7.33858 -7.3384
-7.33772 -7.33791
-7.33676 -7.3369
-7.33602 -7.33638
-7.33616 -7.33601
-7.33529 -7.3354
-7.33453 -7.33449
-7.33345 -7.33344
-7.33267 -7.33274
-7.33226 -7.3325
-7.33215 -7.33186
-7.3301 -7.33031
-7.3299 -7.33011
-7.3292 -7.32925
-7.32898 -7.32902
-7.32833 -7.3284
-7.32791 -7.32804
-7.32746 -7.3277
-7.32664 -7.3266
-7.32553 -7.32571
-7.32506 -7.32475
-7.32412 -7.32447
-7.32387 -7.32401
-7.32248 -7.32279
-7.32245 -7.3226
-7.32163 -7.32169
-7.32068 -7.321
-7.32042 -7.3202
-7.31997 -7.31976
-7.31933 -7.31948
-7.31938 -7.31924
-7.319 -7.31902
-7.31849 -7.31862
-7.31745 -7.3178
-7.31782 -7.31749
-7.31686 -7.3165
-7.31604 -7.31606
-7.31542 -7.31556
-7.31485 -7.31465
-7.31411 -7.31412
-7.3142 -7.31389
-7.31296 -7.31333
-7.31276 -7.31257
-7.31233 -7.31228
-7.3117 -7.31199
-7.3103 -7.31055
-7.30945 -7.30947
-7.30882 -7.30884
-7.30858 -7.30839
-7.30802 -7.30792
-7.30732 -7.30747
-7.30656 -7.30655
-7.30575 -7.30598
-7.30561 -7.3055
-7.30533 -7.30507
-7.30412 -7.30441
-7.30377 -7.30399
-7.30353 -7.30334
-7.3024 -7.30241
-7.30201 -7.30196
-7.30188 -7.30161
-7.30146 -7.30128
-7.30064 -7.3008
-7.29971 -7.29983
-7.29902 -7.29926
-7.29852 -7.29885
-7.29763 -7.29791
-7.29726 -7.29751
-7.29674 -7.29708
-7.29654 -7.29664
-7.29607 -7.29599
-7.29498 -7.29518
-7.29483 -7.29465
-7.29369 -7.294
-7.29347 -7.29354
-7.29324 -7.29283
-7.29229 -7.29252
-7.29204 -7.29198
-7.29199 -7.29175
-7.29105 -7.29145
-7.29103 -7.29108
-7.29073 -7.29072
-7.29035 -7.29031
-7.29001 -7.28961
-7.28892 -7.2889
-7.28835 -7.28822
-7.28762 -7.28768
-7.28789 -7.28712
-7.28676 -7.2868
-7.28551 -7.28597
-7.28576 -7.2855
-7.28456 -7.2848
-7.28447 -7.28429
-7.28364 -7.28383
-7.28326 -7.28343
-7.28233 -7.28243
-7.28188 -7.28192
-7.28184 -7.28167
-7.28119 -7.28124
-7.28063 -7.28084
-7.28004 -7.28007
-7.27937 -7.27913
-7.27904 -7.2787
-7.27823 -7.27805
-7.27653 -7.27678
-7.27681 -7.27646
-7.27577 -7.27576
-7.27511 -7.27528
-7.27417 -7.27461
-7.27433 -7.27389
-7.27273 -7.27269
-7.27146 -7.27165
-7.27133 -7.27087
-7.27008 -7.27044
-7.26997 -7.26952
-7.26708 -7.2673
-7.26479 -7.26501
-7.26278 -7.26263
-7.25623 -7.25633
-7.43628 -7.43618
-7.42681 -7.42692
-7.4211 -7.42121
-7.41316 -7.4132
-7.40977 -7.40967
-7.40389 -7.40383
-7.40158 -7.40139
-7.39441 -7.39432
-7.39202 -7.39174
-7.38709 -7.38728
-7.3844 -7.38431
-7.38151 -7.38155
-7.38061 -7.38077
-7.37899 -7.37918
-7.37407 -7.37402
-7.37271 -7.37288
-7.37113 -7.3714
-7.36827 -7.36825
-7.36646 -7.36642
-7.36361 -7.36348
-7.36239 -7.36233
-7.36026 -7.36029
-7.35861 -7.3588
-7.3583 -7.35814
-7.35593 -7.35595
-7.35467 -7.35446
-7.35296 -7.35316
-7.35248 -7.35257
-7.35035 -7.35032
-7.34912 -7.34911
-7.34764 -7.34768
-7.3468 -7.34673
-7.34598 -7.34599
-7.34504 -7.34509
-7.34437 -7.34444
-7.34315 -7.34346
-7.34244 -7.34271
-7.34231 -7.34233
-7.34209 -7.34202
-7.34076 -7.34063
-7.3386 -7.33879
-7.33827 -7.33836
-7.33766 -7.33782
-7.33686 -7.3369
-7.33648 -7.33631
-7.33584 -7.33598
-7.33495 -7.3352
-7.33412 -7.33427
-7.33301 -7.33326
-7.33275 -7.3327
-7.33236 -7.33243
-7.33176 -7.3318
-7.33019 -7.33027
-7.33011 -7.33008
-7.32919 -7.32912
-7.32918 -7.3289
-7.32778 -7.32819
-7.32761 -7.32786
-7.32768 -7.32761
-7.32623 -7.32621
-7.32551 -7.3254
-7.32447 -7.32471
-7.32455 -7.32442
-7.32367 -7.32382
-7.32268 -7.32279
-7.32302 -7.3225
-7.32166 -7.32159
-7.32074 -7.32092
-7.31998 -7.3202
-7.31984 -7.31976
-7.31941 -7.31941
-7.31934 -7.31922
-7.31884 -7.319
-7.31852 -7.31856
-7.31752 -7.31771
-7.31729 -7.31749
-7.31661 -7.31628
-7.31594 -7.31604
-7.31563 -7.31552
-7.31443 -7.31455
-7.3139 -7.31409
-7.31344 -7.31371
-7.31327 -7.31327
-7.31256 -7.3124
-7.31234 -7.31222
-7.31131 -7.31166
-7.31049 -7.3104
-7.30922 -7.30947
-7.30866 -7.30876
-7.3076 -7.30802
-7.30791 -7.30791
-7.3075 -7.30724
-7.30642 -7.30629
-7.30576 -7.30584
-7.30509 -7.30544
-7.30478 -7.30502
-7.30422 -7.30439
-7.30389 -7.30393
-7.3028 -7.30313
-7.30253 -7.30224
-7.30171 -7.30191
-7.30153 -7.30159
-7.30189 -7.30125
-7.30043 -7.30047
-7.29955 -7.29972
-7.29943 -7.29917
-7.29905 -7.29863
-7.29774 -7.29773
-7.29756 -7.29732
-7.29704 -7.29698
-7.29708 -7.29658
-7.29597 -7.29588
-7.29575 -7.29497
-7.29445 -7.29461
-7.29392 -7.2939
-7.29345 -7.2934
-7.29321 -7.29282
-7.29222 -7.2924
-7.29225 -7.29194
-7.2915 -7.29168
-7.29155 -7.29132
-7.29132 -7.29098
-7.29064 -7.29066
-7.29019 -7.29024
-7.28932 -7.28951
-7.28887 -7.28883
-7.28885 -7.2881
-7.28761 -7.28755
-7.28704 -7.28703
-7.28683 -7.2865
-7.28557 -7.28574
-7.28527 -7.28516
-7.28426 -7.2846
-7.2839 -7.28411
-7.28397 -7.28377
-7.28329 -7.28326
-7.28246 -7.2823
-7.28184 -7.2819
-7.28136 -7.28152
-7.28107 -7.28111
-7.28071 -7.28059
-7.27996 -7.27963
-7.27918 -7.27904
-7.27819 -7.27844
-7.27761 -7.2778
-7.2764 -7.27668
-7.27595 -7.27634
-7.2761 -7.27558
-7.27504 -7.27516
-7.27449 -7.2746
-7.27332 -7.27337
-7.27338 -7.27262
-7.27167 -7.27152
-7.2708 -7.27081
-7.27022 -7.27012
-7.26913 -7.26945
-7.26737 -7.26699
-7.26476 -7.26497
-7.26132 -7.26131
-7.25335 -7.25379
