0.797275 0.338537 0.553918 -0.639774 1.49231 -1.52172 0.624232 0.280386 0.425253 -0.632123 1.48027 -1.52786
1.28184 1.13519 0.965375 2.21121 -3.32836 -1.25233 1.21562 1.03663 0.892753 2.21065 -3.32427 -1.25713
0.848751 0.108377 -0.151208 2.2302 -2.82651 -1.48685 0.779253 0.0317596 -0.218208 2.20933 -2.84244 -1.48854
-1.61834 -1.03732 -1.42493 2.07301 -2.79148 -1.73108 -1.64678 -1.04775 -1.4416 2.0488 -2.78279 -1.70471
-2.8062 -2.75532 -2.35683 -0.43272 1.60312 -1.46932 -2.86152 -2.76623 -2.38903 -0.431884 1.60724 -1.47349
-1.41749 -1.56533 -1.71737 -0.67276 1.81001 -1.39242 -1.43149 -1.56566 -1.78043 -0.668065 1.79929 -1.36251
2.33249 1.44259 2.38238 -0.339266 1.12631 -1.46727 2.34857 1.48688 2.39336 -0.348099 1.13331 -1.46873
-0.376224 -0.261914 -0.478379 2.40021 -3.41567 -1.2088 -0.412446 -0.299965 -0.494956 2.38877 -3.42224 -1.20779
-0.422361 -3.17238 -0.953762 -0.68369 1.29233 -1.60817 -0.497448 -3.17286 -1.01828 -0.707373 1.29839 -1.60238
0.684541 -0.650676 -1.82639 0.962226 2.23539 2.82622 0.711341 -0.622678 -1.82546 0.941184 2.20695 2.82399
-0.124663 -0.119472 -0.149144 0.271236 -0.740838 -1.88889 -0.14114 -0.150156 -0.217755 0.259489 -0.745321 -1.89334
0.164108 -1.56523 -0.582285 0.796478 1.84391 2.97264 0.0965033 -1.5641 -0.604351 0.790718 1.84738 2.97884
-2.09108 -2.38315 -1.48668 -0.485101 1.64255 -0.982281 -2.09507 -2.38355 -1.54151 -0.522601 1.64061 -0.977659
2.98589 2.42849 3.00724 0.605348 1.60116 2.73887 3.03068 2.43797 2.95919 0.64148 1.61136 2.72774
-2.50883 -3.21085 -2.53113 0.197514 -1.05411 -1.61927 -2.47644 -3.18931 -2.50191 0.187798 -1.06449 -1.63788
-1.24686 -1.37888 -0.994759 -0.49502 1.25552 -1.92644 -1.32818 -1.40895 -1.09907 -0.488407 1.2426 -1.90247
0.650193 0.411451 0.91548 0.591292 1.59308 2.75156 0.569575 0.406803 0.829329 0.594531 1.58488 2.75432
1.09428 2.28102 2.65911 0.332204 -0.900928 -1.72488 1.07482 2.29154 2.59396 0.348298 -0.907223 -1.76744
0.220589 -2.8223 -0.102732 0.556469 -0.875188 -2.13361 0.18519 -2.85881 -0.140835 0.542611 -0.864388 -2.15068
0.783407 1.15845 0.836555 0.501088 1.97013 3.18031 0.772552 1.18362 0.860332 0.50329 1.96087 3.18443
-2.50014 -2.11245 -2.32874 0.624263 1.79102 3.4179 -2.45768 -2.07484 -2.31709 0.633459 1.78438 3.41381
1.39438 1.10789 0.150043 -0.865031 0.937314 -1.76026 1.42632 1.11665 0.119044 -0.875065 0.96126 -1.74282
-1.20499 -0.774762 -1.68428 -0.471858 1.23093 -1.53706 -1.21411 -0.732444 -1.68748 -0.492423 1.21162 -1.55285
-0.559117 -0.63373 1.03179 0.562566 -0.173537 0.0833172 -0.496319 -0.545049 1.08475 0.56623 -0.187905 0.0708918
-1.79929 -3.02386 -2.0693 0.0672564 1.09138 -1.22865 -1.84117 -3.00543 -2.08233 0.0938402 1.0877 -1.21289
-0.750964 1.31697 -0.133172 0.826937 1.75027 3.13677 -0.725857 1.33528 -0.101016 0.809278 1.72294 3.12306
-9.30659 -6.67904 -6.86451 0.732928 1.72227 2.97052 -9.27551 -6.64477 -6.77679 0.742532 1.70929 2.97931
0.226163 -0.744246 -0.127733 0.0697802 0.0899168 0.0682303 0.194262 -0.799706 -0.130396 0.0719532 0.0964266 0.0761613
-1.61478 -1.40992 -0.935075 0.315308 -0.515037 -1.41977 -1.59238 -1.50748 -0.972419 0.293193 -0.50922 -1.4419
0.612322 4.63616 4.26397 0.293651 2.18799 2.86534 0.658385 4.60968 4.27493 0.285881 2.18914 2.85426
2.52223 2.25092 2.48749 0.419506 -0.479234 -1.36548 2.4915 2.21477 2.4626 0.430734 -0.42715 -1.38262
-3.08881 -3.8136 -1.81999 0.131837 -0.35771 0.437033 -3.08569 -3.81561 -1.78291 0.119671 -0.351347 0.440861
0.0583951 1.50758 0.894443 -0.606055 1.31307 -1.49368 0.0175534 1.39631 0.832241 -0.607893 1.33866 -1.47872
-4.17788 -3.04473 -2.66222 0.106005 -0.297069 -0.0678664 -4.23034 -3.08813 -2.71844 0.0948245 -0.34409 -0.0727157
-0.478286 0.436292 0.321036 0.0978451 1.9869 2.74102 -0.395096 0.54385 0.345192 0.0903907 1.99101 2.734
-1.5242 -1.73568 -2.2144 0.743762 -0.655889 -1.27203 -1.46718 -1.6763 -2.14794 0.781548 -0.619961 -1.26231
-3.8437 -2.20754 -4.12059 0.98821 2.17707 3.2262 -3.84054 -2.18474 -4.10959 0.973429 2.17841 3.23636
3.77741 -2.64719 -1.01247 -2.2612 1.44317 -2.406 3.78938 -2.61096 -1.016 -2.25609 1.42502 -2.40003
0.176473 3.62287 -2.16813 -1.86605 -2.61472 -4.26344 0.171717 3.61873 -2.15433 -1.84372 -2.59664 -4.27544
-1.18803 -1.80446 -4.30958 0.403738 1.37431 2.73567 -1.1806 -1.78454 -4.31767 0.41386 1.40162 2.75455
0.0887775 0.772892 -0.19975 0.685408 1.98304 3.67458 0.0789688 0.77485 -0.199845 0.697841 1.96292 3.66608
-0.244889 -1.03704 -0.84345 0.607825 1.71592 2.69369 -0.273105 -1.00571 -0.872853 0.587541 1.72642 2.718
-4.8787 -6.2037 -3.22921 -2.96495 0.205903 2.74117 -4.87643 -6.22614 -3.23173 -2.97342 0.189469 2.71202
-1.19565 -1.08614 0.903066 0.168629 1.23443 -1.02468 -1.22769 -1.20769 0.842029 0.177667 1.23168 -1.02187
1.33667 6.95679 4.0831 1.57341 3.69879 0.471795 1.4208 7.08786 4.11339 1.60342 3.76722 0.485995
0.473744 0.353706 0.0756558 0.357289 -0.0315192 -0.0646739 0.504472 0.382779 0.0590134 0.307414 -0.0164112 -0.0755528
-0.736995 -0.447059 -2.1052 1.07838 1.56157 2.90185 -0.801291 -0.471088 -2.04963 1.06848 1.52783 2.91898
-0.11788 0.976992 0.789901 0.645696 1.61937 2.72781 -0.130097 0.982278 0.757907 0.675017 1.64502 2.71647
2.63435 -8.4108 -2.00336 1.28844 -1.13333 -1.80306 2.64303 -8.43947 -2.0415 1.27807 -1.16921 -1.7982
0.127725 -1.55598 -0.78872 0.640863 0.703866 0.232563 0.153836 -1.57532 -0.804245 0.618268 0.728378 0.240326
-0.820666 -2.70102 -1.51438 0.425854 1.70355 3.18421 -0.784203 -2.63658 -1.50986 0.441609 1.6593 3.20448
2.76016 1.87439 2.65041 0.303692 0.00220665 -0.451468 2.74446 1.9379 2.62163 0.258232 -0.0135724 -0.414358
-0.490371 1.94743 -0.685147 0.111362 0.129032 -0.0290212 -0.409046 1.95841 -0.676084 0.112792 0.145181 -0.0193098
-3.51094 -1.17622 -4.38738 -0.596336 0.208853 -0.442457 -3.54976 -1.18281 -4.37181 -0.595488 0.209566 -0.474784
-0.632352 -0.679533 -1.20679 -0.685529 0.27029 0.750861 -0.635205 -0.745661 -1.27536 -0.707184 0.258566 0.747051
-10.6451 -0.245835 -4.52447 2.22597 -3.33348 -2.87482 -10.6293 -0.277725 -4.54271 2.2362 -3.30967 -2.87221
-3.23348 -2.58258 -3.86392 -0.260902 1.51932 3.10684 -3.21456 -2.58806 -3.85575 -0.262723 1.49063 3.09031
4.313 -2.49911 6.86916 1.05149 -0.297304 4.40758 4.28345 -2.52014 6.84447 1.06658 -0.302229 4.43616
-3.10284 -4.19636 -4.00972 -0.427226 1.17838 -1.59092 -3.14338 -4.25603 -4.05968 -0.457744 1.1323 -1.59855
0.982162 0.911565 -1.51187 0.287357 0.500115 0.170093 0.926713 0.930975 -1.49941 0.276634 0.517486 0.215916
-5.14022 -7.96387 -2.68079 -0.855392 0.0901745 4.48396 -5.17344 -7.97345 -2.67718 -0.838184 0.0837933 4.4906
-1.52933 -7.88799 -5.05826 3.70373 4.62993 5.00594 -1.53698 -7.90435 -5.08483 3.69676 4.58346 4.96046
-0.497469 1.07329 0.408117 0.110734 1.57628 -1.17592 -0.499696 1.10013 0.479255 0.121279 1.56926 -1.1832
-1.65943 -2.31313 -1.36788 0.121854 1.25882 -1.43617 -1.6532 -2.30852 -1.3425 0.0543814 1.2137 -1.43732
-0.634411 8.55369 -2.34128 -1.34422 -4.2515 1.82027 -0.672079 8.49705 -2.40449 -1.34412 -4.2665 1.84019
-1.82051 -1.49105 -0.623727 0.0826251 -0.286144 -0.487253 -1.92027 -1.62055 -0.712944 0.117584 -0.307302 -0.47922
-2.72473 -2.1055 -2.45597 0.466231 0.489261 -0.506743 -2.77993 -2.07837 -2.4176 0.479765 0.476701 -0.447802
0.39535 1.34344 1.77608 -0.433023 1.87264 -1.56839 0.360837 1.36986 1.80521 -0.440212 1.84807 -1.58302
0.547183 -9.75456 -8.70156 3.57341 -0.328186 4.04665 0.541753 -9.73309 -8.6851 3.58512 -0.31207 4.02933
-0.467889 -0.380396 -0.760618 0.0032862 1.26691 -1.21547 -0.513926 -0.382371 -0.815065 0.00572783 1.26868 -1.22576
-12.6172 -10.2013 -8.80891 -0.259652 -1.6158 -2.5218 -12.7016 -10.2385 -8.81637 -0.258765 -1.61829 -2.52981
-3.61225 -2.16512 -2.475 -0.650724 1.69494 -1.40471 -3.59188 -2.21825 -2.44183 -0.647916 1.69113 -1.37165
-3.11252 -2.62257 -3.07335 -0.327683 0.623388 0.398111 -3.09081 -2.64904 -3.1194 -0.309159 0.642607 0.383299
-8.81732 -3.46768 -6.27934 -0.879246 3.87083 -2.26465 -8.83188 -3.48497 -6.2922 -0.879036 3.87088 -2.24268
3.29025 5.89901 8.31696 -2.71594 -2.2667 3.44185 3.35688 5.90507 8.28272 -2.71501 -2.25274 3.43798
-2.3259 -4.40502 -2.96953 -0.507767 -0.414595 -0.21111 -2.33256 -4.41174 -2.98467 -0.535411 -0.395755 -0.222571
10.5237 1.42783 11.4301 -0.264542 -2.00254 -3.11597 10.5404 1.54321 11.5418 -0.339359 -1.99492 -3.1292
-1.90488 -1.98313 -2.7407 -0.107237 0.0821914 -0.0790847 -1.84748 -1.95096 -2.71731 -0.1103 0.0647187 -0.0740387
-0.94089 1.56435 -0.235973 0.430973 -0.469488 0.0373198 -0.90803 1.585 -0.140757 0.430588 -0.450108 0.0586662
-11.5203 -11.3488 -13.6199 -2.38733 0.528158 2.43923 -11.5559 -11.349 -13.5278 -2.37582 0.534115 2.41567
-2.47244 -0.412267 -1.15206 0.323717 0.368599 0.373957 -2.51067 -0.428174 -1.19089 0.298844 0.383679 0.350211
-7.69536 -1.02059 5.7202 3.06523 1.26931 4.3253 -7.75859 -1.0991 5.7365 3.08275 1.2612 4.324
0.131346 -0.483348 0.486276 -0.594004 0.385215 0.938359 0.142781 -0.49893 0.454113 -0.60715 0.353352 0.923412
-14.0252 -10.7456 -8.0744 0.338252 -0.0287913 -1.77953 -14.0529 -10.7503 -8.00167 0.338671 -0.0233114 -1.77315
-3.80684 -1.11767 -3.38501 0.284429 0.454099 0.344261 -3.81181 -1.15123 -3.38142 0.262464 0.469725 0.303294
0.429721 -0.613951 -0.66101 -0.136239 -0.378776 -0.131378 0.432546 -0.595293 -0.671836 -0.141053 -0.356325 -0.124599
0.369683 -0.954284 0.658311 -0.0162332 -0.13336 0.17531 0.303117 -0.947365 0.592732 -0.0456876 -0.150376 0.138951
-0.440965 -1.03363 -1.90218 -0.564992 -0.363527 0.104397 -0.356685 -0.944134 -1.82995 -0.604392 -0.349856 0.121081
-1.62242 -2.4357 -0.226824 -0.0585945 -0.172334 0.744225 -1.63698 -2.51866 -0.273458 -0.0380993 -0.171277 0.758613
-0.457901 1.21836 0.960198 -0.0558587 -0.154758 -0.977417 -0.423924 1.2202 1.00465 -0.0707902 -0.156046 -0.944809
-2.69641 -1.37957 -2.77126 -0.440961 0.283814 -0.156542 -2.68104 -1.35995 -2.80672 -0.457454 0.279456 -0.162162
0.000691508 -1.67712 -1.27911 -0.291067 -0.484955 -0.279779 -0.0375676 -1.77208 -1.34583 -0.289635 -0.505729 -0.277851
0.257699 -1.81605 -0.313065 -0.19395 -0.13587 -0.444855 0.24315 -1.828 -0.296141 -0.258735 -0.107303 -0.439398
15.7966 11.6123 5.74969 3.85798 -4.91911 1.64189 16.0204 11.8668 5.82209 3.95341 -4.97251 1.68099
1.48784 1.56603 1.55446 0.309783 -0.462624 0.29617 1.51334 1.55523 1.5278 0.358285 -0.437889 0.263928
-1.82175 -1.92814 -1.57791 -0.284673 0.0903159 -0.141432 -1.80321 -1.91014 -1.61527 -0.294964 0.0550759 -0.145053
-1.03452 -0.21512 -2.69505 0.0346729 0.503394 0.526524 -1.00249 -0.180896 -2.6444 0.0778342 0.535654 0.567881
-1.14703 -2.12747 -1.15059 -0.485229 0.361359 0.933085 -1.1637 -2.17651 -1.17893 -0.472365 0.397082 0.941996
-2.21542 -3.27214 -1.50047 -0.986869 -0.276205 0.490214 -2.22758 -3.29526 -1.54166 -0.972077 -0.275631 0.498813
-3.35716 -2.38508 -2.21519 -0.715817 -0.182756 0.0104093 -3.33329 -2.33883 -2.15312 -0.699996 -0.20771 0.0189135
-2.73167 -2.52375 -1.68007 -0.822328 1.44469 -0.751701 -2.65083 -2.42454 -1.60522 -0.828614 1.42293 -0.768812
-1.9823 -2.61988 -0.390777 -0.290102 0.531975 -0.163534 -1.93289 -2.56089 -0.394157 -0.275864 0.495494 -0.139439
-2.56257 -0.00206412 -1.79682 -0.464487 -0.242042 -0.164884 -2.57925 -0.00469312 -1.78624 -0.419846 -0.248779 -0.156838
-3.83741 -3.41246 -3.02486 0.353662 -0.420794 -0.348217 -3.81444 -3.42202 -2.96874 0.364151 -0.45686 -0.356438
-3.14842 -0.546104 -1.81102 0.236359 -0.47785 -0.327709 -3.12664 -0.530424 -1.7634 0.206322 -0.454634 -0.323306
-0.220389 -0.309028 -1.09683 -0.368066 0.38826 0.776639 -0.13498 -0.268047 -1.07732 -0.366527 0.385748 0.817046
1.50933 3.29826 3.57808 0.421163 -0.100862 -0.476768 1.60348 3.24035 3.53638 0.428392 -0.113907 -0.500324
-2.64203 -2.29062 -2.1809 0.877786 -0.590745 -0.117445 -2.58231 -2.18897 -2.10518 0.893382 -0.627592 -0.115456
-0.848519 -1.95542 -2.98995 0.0729119 0.464686 0.525236 -0.890175 -1.93707 -2.99468 0.0698089 0.462711 0.508148
0.035915 -0.807639 0.24864 0.212369 -0.64066 -0.538145 0.137618 -0.716449 0.30563 0.177278 -0.611516 -0.547473
-1.59339 -3.18048 -2.14009 -0.444064 0.583456 -0.0302524 -1.65523 -3.19678 -2.16571 -0.455194 0.57439 -0.00844891
-3.05808 -1.60204 -2.39235 0.148582 0.400075 -0.518565 -3.0326 -1.59258 -2.3582 0.143796 0.411142 -0.544168
-0.108127 -0.46158 -2.0173 -0.5493 -0.130928 -0.0402634 -0.145887 -0.447634 -2.10562 -0.518241 -0.127323 -0.0263764
-0.0942992 0.658939 -0.868299 -0.48704 0.0735951 -0.207135 -0.132661 0.638366 -0.864952 -0.484467 0.105862 -0.22161
2.45515 -1.17024 0.372341 -0.702298 -0.0868628 0.563981 2.45912 -1.24382 0.318413 -0.716097 -0.0900072 0.561665
0.242999 -0.0306017 1.10999 -0.781023 -0.0515708 -0.207356 0.142961 0.00751033 1.11902 -0.785427 0.0426509 -0.240745
-1.37756 -0.668825 -4.46599 -0.102766 0.168795 -0.243564 -1.3838 -0.64791 -4.47411 -0.137994 0.18316 -0.263065
1.46199 2.22261 -0.630777 -0.151779 1.10157 0.140584 1.46913 2.30812 -0.595344 -0.10937 1.12815 0.145285
0.168797 2.90705 1.46669 -0.371753 0.364025 0.430592 0.195317 2.93749 1.43738 -0.358806 0.353508 0.415978
-2.55556 -2.63609 -2.90086 0.18853 -0.624522 -0.277395 -2.61211 -2.63256 -2.97499 0.186618 -0.624577 -0.260285
-1.41919 -1.01091 -1.73792 -1.09449 0.0128374 -0.351628 -1.34787 -0.959491 -1.67001 -1.08918 0.00727668 -0.364668
1.5694 0.505166 2.83116 -0.765185 -0.295969 -0.631864 1.64149 0.53475 2.80759 -0.802231 -0.314414 -0.616172
-0.220196 0.408869 -1.91632 0.0788004 0.208117 -0.549292 -0.125039 0.471042 -1.88246 0.0847694 0.215827 -0.484975
-2.39143 -2.66765 -2.46662 -0.402726 -0.192174 -0.0971092 -2.38723 -2.65824 -2.44142 -0.40359 -0.224364 -0.147903
-1.6171 -2.35856 -3.62244 0.315128 -0.183985 0.0811103 -1.68864 -2.43759 -3.63989 0.348548 -0.173481 0.0612078
-0.497186 -1.3395 0.39474 0.514536 0.748621 0.242256 -0.460341 -1.29737 0.405912 0.515752 0.703031 0.247733
-0.823405 -0.397745 -0.520514 0.203944 0.281508 0.342082 -0.837674 -0.43434 -0.557948 0.214872 0.291821 0.393026
-0.35044 -2.262 1.61924 -0.815544 0.294464 -0.0152166 -0.459927 -2.28504 1.54443 -0.822185 0.247248 -0.0139161
-0.855973 -0.0822136 -1.03211 -0.28296 0.421914 -0.00967581 -0.795786 -0.0725087 -1.01611 -0.324007 0.440904 0.00455703
-0.411927 1.15976 -0.627623 0.161836 -0.183071 0.263048 -0.46437 1.16806 -0.646065 0.200529 -0.183677 0.239747
-2.05014 -0.896532 -2.44601 -0.00703674 -0.054025 0.639882 -2.00541 -0.81373 -2.42008 0.00598868 -0.0663289 0.672548
-4.54379 -4.18488 -3.33523 -0.372698 -0.32765 -0.35703 -4.54322 -4.1326 -3.33422 -0.365168 -0.352361 -0.38762
-5.12639 -2.01808 -3.87286 0.0091763 0.373553 -0.596914 -5.04938 -1.93576 -3.82137 -0.0170543 0.349886 -0.615533
-2.12381 -1.44217 -2.49683 0.0497879 0.576444 -0.425561 -2.25651 -1.52037 -2.54455 0.0956482 0.589087 -0.443052
-2.51338 -0.763284 -1.47799 -0.00305894 0.846672 -0.547187 -2.5157 -0.775125 -1.55221 0.0220326 0.866262 -0.562717
0.340033 -0.289369 -2.92985 0.0431788 -0.0947522 0.187217 0.319447 -0.31483 -2.96314 -0.00259793 -0.0925097 0.172696
-1.19399 -1.6561 -2.66454 0.213161 -0.213037 0.180766 -1.21427 -1.57268 -2.62852 0.198686 -0.195197 0.136822
-1.90059 -0.694216 -0.803303 0.777619 -0.418164 -0.388331 -1.92777 -0.690582 -0.778616 0.783239 -0.435854 -0.385722
1.89809 1.75913 1.01981 -0.320361 0.252581 -0.00679615 1.91545 1.82015 1.04368 -0.263846 0.253768 0.00692974
-0.728123 -0.737303 0.132086 0.611235 -0.63193 -0.892726 -0.830586 -0.767352 0.130136 0.572918 -0.644364 -0.86516
-2.20088 -2.27088 -0.727191 -0.3381 -0.171555 -0.809827 -2.13779 -2.21576 -0.668642 -0.327096 -0.156653 -0.820732
-2.91454 -3.94749 -3.69502 0.275645 0.212932 -0.615863 -2.94274 -3.96527 -3.73065 0.274546 0.229203 -0.584404
-2.44187 -3.52313 -1.92984 0.0363994 -0.205561 -0.117203 -2.4728 -3.50419 -1.9844 0.0870063 -0.225404 -0.167068
0.720685 -0.137093 -0.114732 -0.682291 0.271892 0.156077 0.773783 -0.181258 -0.109845 -0.682135 0.283516 0.122429
-5.3825 -3.08015 -2.03022 -0.0626191 -0.0820872 -0.484611 -5.3504 -3.04248 -1.95167 -0.101573 -0.0830067 -0.46489
2.41859 -0.102352 -2.29092 0.0558066 0.00605505 -0.636866 2.41781 -0.0742508 -2.22786 0.0728197 0.0257625 -0.615063
0.0162787 0.991458 -0.297039 -0.343837 -0.0525599 0.446088 0.0473029 0.94475 -0.320572 -0.32784 -0.0513323 0.420522
-1.65861 -1.91994 -1.85086 0.170338 0.457554 -0.0818645 -1.59341 -1.8149 -1.81277 0.193367 0.4751 -0.0833907
0.997178 -0.924813 2.04356 -0.892428 -0.642802 -0.233743 1.00004 -0.978086 2.07041 -0.867974 -0.626106 -0.222367
0.930894 0.153202 -1.74591 0.312814 -0.686026 -0.492966 0.887084 0.192823 -1.74453 0.298778 -0.676651 -0.467076
-2.45199 -3.12643 -4.24282 -0.240349 -0.393098 0.388195 -2.35456 -3.06614 -4.14584 -0.226656 -0.416213 0.400552
-3.53403 -1.5688 -2.46583 0.210944 -0.165293 -0.493645 -3.5796 -1.48726 -2.47261 0.231761 -0.191838 -0.454126
-0.288507 0.869528 0.909625 -0.152347 0.430625 -0.715373 -0.220086 0.932101 0.92464 -0.155429 0.409943 -0.763748
1.52488 -0.67181 0.607271 -0.719125 0.158609 -0.175356 1.61406 -0.702067 0.599343 -0.738436 0.134909 -0.159159
-2.36146 -1.10811 0.98415 0.0399853 0.423276 -0.0401962 -2.46769 -1.27328 0.902065 0.0495966 0.399855 -0.0692214
-2.13144 -2.38942 -0.257932 -0.137299 0.138817 -0.199215 -2.18044 -2.39076 -0.254267 -0.107897 0.128047 -0.202687
-3.5695 -1.6857 -1.42138 0.290897 -0.233144 0.395712 -3.54245 -1.73013 -1.46675 0.273785 -0.234456 0.367443
-2.97628 -2.10864 -2.64096 0.20187 -0.288536 -0.544836 -2.99604 -2.07915 -2.61665 0.150614 -0.278384 -0.599998
-2.75 0.236019 -0.952764 0.406888 -0.253303 0.182024 -2.74253 0.321461 -0.977751 0.415781 -0.241155 0.208311
-3.12554 -1.96921 -2.61231 0.160882 0.239841 0.0989169 -3.16024 -1.92894 -2.59858 0.190313 0.230736 0.11384
-1.22862 -1.01671 -0.763938 0.0928935 0.490922 -0.449478 -1.25154 -1.00281 -0.748054 0.0652188 0.482992 -0.433898
-0.890618 -1.62495 -0.632763 -0.577476 1.35646 -1.44202 -1.0318 -1.67655 -0.684301 -0.578604 1.36091 -1.44977
-0.887051 -2.16815 -1.81084 2.08703 -3.08941 -1.41705 -0.948971 -2.23515 -1.87702 2.07663 -3.0785 -1.40286
-0.838027 -0.919909 -1.13999 -0.891082 1.53393 -1.48263 -0.914782 -0.974768 -1.26469 -0.889023 1.54168 -1.49233
-0.946703 -0.838573 -0.125807 2.51606 -3.19604 -1.2192 -0.943294 -0.902673 -0.134046 2.51357 -3.18329 -1.22448
-2.76238 -1.88098 -2.1441 2.33994 -3.01576 -0.76682 -2.82948 -1.96104 -2.17518 2.32618 -3.01523 -0.762949
0.82702 0.030041 -0.0819278 1.96599 -3.40727 -1.15419 0.820251 -0.00150776 -0.135605 1.95128 -3.43746 -1.15061
-0.7364 -1.62771 -1.58354 2.56342 -3.21828 -1.48343 -0.792725 -1.68216 -1.61611 2.52748 -3.18356 -1.4784
0.114339 -0.0505659 0.898876 1.98841 -3.02674 -1.26158 0.136936 -0.0794464 0.879817 1.97774 -3.03159 -1.26153
0.577592 1.17 -0.247094 0.46335 -0.599827 -1.96768 0.541545 1.11592 -0.329195 0.440834 -0.604576 -1.9725
-2.70817 -3.13527 -2.66565 -0.465816 1.15337 -1.6119 -2.74642 -3.19335 -2.72526 -0.451729 1.15403 -1.61665
-5.4203 -5.76843 -5.27756 -0.247986 1.44681 -1.46338 -5.40908 -5.75467 -5.28227 -0.251051 1.43295 -1.46493
-5.14483 -4.60117 -5.13305 -0.363446 1.38263 -1.43459 -5.15661 -4.59009 -5.12626 -0.36186 1.33765 -1.43358
0.731482 0.678011 0.493691 -0.641867 1.73261 -1.29006 0.676292 0.678712 0.478313 -0.655832 1.74385 -1.29408
-2.52175 -1.75213 -1.77711 0.944996 1.68252 3.20772 -2.56127 -1.78719 -1.85206 0.943147 1.69442 3.21228
-1.00936 -1.43495 -0.135125 -1.12982 0.578519 -1.39275 -1.03846 -1.44313 -0.170101 -1.13281 0.583028 -1.36888
0.0852921 -0.346954 -0.468872 2.53607 -3.20236 -1.27374 0.0265994 -0.376685 -0.502555 2.52712 -3.20843 -1.28276
-0.372899 0.426788 0.410705 0.936675 1.61134 3.02827 -0.419872 0.373697 0.406665 0.907276 1.62948 3.0409
2.16478 0.850512 2.38255 0.679416 -0.681535 -1.50233 2.11644 0.824651 2.35814 0.693004 -0.636512 -1.51043
-1.47558 -2.25114 -2.18827 -0.924185 1.48744 -1.83775 -1.48215 -2.27641 -2.17841 -0.901399 1.47759 -1.88088
0.710241 1.57324 0.694366 0.356207 -0.0216738 -0.815383 0.716836 1.61706 0.740052 0.360627 -0.0246548 -0.839842
-1.48095 -1.4671 -1.88035 2.50125 -3.1832 -1.51095 -1.47779 -1.43144 -1.86853 2.48129 -3.14441 -1.51057
-3.41821 -1.96617 -4.57585 -0.82237 1.89274 -0.993462 -3.46741 -1.97671 -4.63949 -0.793815 1.90009 -1.02126
-4.0201 -3.03683 -1.67528 0.121997 -0.605324 -1.53562 -4.05437 -3.06255 -1.74501 0.12412 -0.615561 -1.49534
0.371717 3.00827 2.67831 0.54414 2.26779 3.24063 0.335741 2.95299 2.66339 0.550815 2.26772 3.22983
-3.5318 -5.21281 -3.7036 1.80854 -2.64275 -0.967139 -3.54101 -5.18213 -3.72534 1.79674 -2.60737 -0.959731
0.914864 0.877772 2.14516 -0.727081 0.35351 -1.11557 0.86747 0.908847 2.12419 -0.726727 0.375066 -1.10279
-1.77486 -1.51232 -0.792306 1.17925 1.67593 3.32492 -1.78056 -1.495 -0.783612 1.14196 1.65779 3.30853
-1.4306 -1.27533 -0.841569 -0.181268 1.155 -1.56962 -1.44837 -1.26785 -0.807591 -0.178673 1.14307 -1.60265
-2.09833 -1.57174 -4.49014 -0.707496 0.916419 -1.2829 -2.08591 -1.56484 -4.48531 -0.698632 0.911233 -1.27438
6.98059 2.43207 4.93332 2.27724 1.60066 -3.05565 6.94316 2.4419 4.87398 2.25707 1.59672 -3.09594
-2.23089 -1.39862 -4.13686 0.57058 -0.00941039 0.147777 -2.21383 -1.4172 -4.1093 0.536504 -0.0163688 0.155092
-1.23473 -0.444797 0.00730541 0.147001 1.74421 2.98652 -1.19576 -0.407283 0.0447154 0.206122 1.75373 2.99258
-2.40116 -3.73688 -1.32999 -0.363616 -0.31371 -0.596942 -2.35694 -3.70274 -1.3391 -0.360692 -0.295888 -0.568447
-0.262441 2.57801 -1.13723 0.975048 -0.331969 -0.975872 -0.225391 2.62146 -1.15012 0.948753 -0.344769 -0.985
-4.75134 -6.6944 2.19524 -2.63054 2.24681 0.372142 -4.8243 -6.72659 2.16841 -2.63678 2.25842 0.397977
0.543149 1.15819 0.990763 -0.380951 0.299387 -0.619306 0.496715 1.12357 0.948855 -0.391492 0.294367 -0.607343
2.51553 0.928192 2.90434 0.560416 -0.915669 -2.21757 2.47066 0.922793 2.86494 0.575234 -0.89451 -2.2459
-0.0971748 1.41503 0.322077 0.250496 1.43963 2.64442 -0.10193 1.41119 0.428447 0.296208 1.41344 2.66159
2.51347 -1.55689 -2.6982 -4.07845 -3.70293 -2.37465 2.53517 -1.55028 -2.73451 -4.09435 -3.7068 -2.39879
-1.58088 -2.62557 -2.42792 -0.834048 1.24677 -1.12593 -1.60807 -2.64309 -2.46892 -0.817236 1.23237 -1.15742
0.0586067 1.55315 -0.810683 0.206321 -0.00914137 -0.20785 0.0867532 1.5249 -0.830416 0.186099 -0.0224168 -0.181011
0.0429096 1.67993 -5.61546 0.257724 -2.55212 0.369588 0.0218662 1.673 -5.56832 0.21996 -2.55491 0.367078
-1.08254 -0.852875 -1.99641 -0.920326 0.945137 -1.23438 -1.0906 -0.941213 -2.03189 -0.903465 0.933349 -1.24586
-1.32195 -1.3179 0.643411 -0.63237 1.96851 -0.851417 -1.36211 -1.35847 0.657104 -0.651534 1.9462 -0.850667
-0.66081 0.38605 0.538221 0.0777921 -0.100608 0.299302 -0.706246 0.44436 0.565545 0.0695964 -0.100522 0.293655
-4.8279 -3.31355 -2.34014 0.200976 3.89871 -2.87983 -4.88088 -3.34408 -2.38812 0.171357 3.92005 -2.88513
1.40568 -0.167436 0.999464 -0.0167973 1.52754 3.77068 1.44824 -0.157414 1.05209 -0.00379117 1.51718 3.78836
-5.89656 -5.38181 -4.65522 0.0765103 0.150832 0.000319123 -5.88593 -5.37482 -4.67538 0.0885395 0.169313 0.0138762
-5.46786 -4.81662 -5.06351 -0.508786 0.0813238 -0.34848 -5.46056 -4.81784 -5.04945 -0.502328 0.0584468 -0.336778
0.417937 -0.294649 0.0642874 0.779659 0.825083 2.61036 0.440911 -0.284981 0.0729791 0.788635 0.83808 2.62105
-1.05591 -3.26757 -0.966014 -0.433076 0.965195 -1.19878 -0.925589 -3.19055 -0.850832 -0.440019 0.969711 -1.19386
-2.63251 -1.42992 -0.702805 0.512215 1.68323 2.44294 -2.61323 -1.44025 -0.715226 0.511966 1.68188 2.4701
4.75792 -3.09221 3.9498 -1.77538 -3.2711 3.06063 4.68712 -3.11073 3.89902 -1.78033 -3.25072 3.11699
-0.701512 -0.620364 -2.5163 -0.560518 0.215559 0.352732 -0.702517 -0.628097 -2.50882 -0.603213 0.215737 0.342804
-0.0616183 0.817345 -0.00119848 0.306859 2.24119 4.10305 -0.00781773 0.82758 -0.00916537 0.319828 2.27602 4.11195
-0.16289 -1.21507 -0.902628 0.486512 0.566256 -0.892837 -0.209204 -1.20906 -0.949804 0.463343 0.570011 -0.880825
-6.83099 -8.69991 -11.3696 2.94665 1.409 -0.352499 -6.81732 -8.63599 -11.3346 2.95556 1.3873 -0.374708
-5.9064 -5.8417 3.94008 1.82136 1.45467 0.487233 -5.94394 -5.86728 3.98718 1.84559 1.44744 0.477863
0.564748 0.925627 -1.72096 0.319757 0.112311 0.228796 0.558905 0.948044 -1.7146 0.282523 0.135293 0.225315
0.957373 0.0293314 1.49574 -0.0301069 0.168982 -0.256621 0.924944 0.0799392 1.55209 -0.015241 0.148757 -0.2209
-1.68929 -2.61806 -1.54081 -0.872832 1.0685 -1.32421 -1.67876 -2.64923 -1.57877 -0.871204 1.03743 -1.29769
5.13303 9.31282 10.2083 -1.39978 -3.5016 -0.290344 5.19375 9.38722 10.2979 -1.39333 -3.56928 -0.306797
-6.81454 1.32724 1.1016 -3.89604 -0.0686545 2.46386 -6.76414 1.32173 1.11051 -3.93601 -0.0385565 2.47182
-5.00478 -10.5827 -9.67303 -1.76939 -0.247791 -2.3672 -5.06238 -10.6238 -9.65854 -1.74263 -0.27793 -2.35936
10.57 10.1833 12.623 1.98814 -3.42636 2.13876 10.6351 10.1755 12.6614 2.01552 -3.47052 2.18625
-3.88751 -2.34031 -3.74054 -0.276368 1.6251 -1.21818 -3.88226 -2.27747 -3.71534 -0.288254 1.61694 -1.24154
-1.15752 -1.72626 -3.27882 -1.33367 1.1945 -1.04933 -1.11217 -1.66502 -3.24285 -1.31195 1.21359 -1.0404
-1.65875 -2.31423 0.567658 0.11341 -0.354746 0.764863 -1.67376 -2.30954 0.602386 0.113558 -0.342234 0.743185
-2.03671 -1.69534 -2.21124 -0.565862 0.230771 0.191774 -2.08696 -1.73897 -2.15978 -0.557266 0.205253 0.209575
-3.95575 -2.35744 -2.89674 -0.786068 0.800297 -1.25144 -3.95624 -2.37595 -2.93347 -0.764691 0.829482 -1.2202
-0.930145 -1.57324 -0.693146 -0.0815408 -0.266165 0.264541 -0.886972 -1.59425 -0.641565 -0.0807897 -0.291287 0.296717
-2.80812 -1.14781 -1.87532 0.160675 0.0783902 0.84235 -2.83322 -1.179 -1.84763 0.158705 0.0886084 0.881484
-6.41535 8.03112 3.6194 -3.94456 -2.80193 0.360937 -6.35398 8.03675 3.60025 -3.96698 -2.83918 0.337902
-0.496111 -0.320104 -1.29652 -0.269882 1.47036 -1.77759 -0.431526 -0.272017 -1.22251 -0.2787 1.47167 -1.76546
1.19719 1.3605 1.21824 -0.183135 -0.258838 -0.267484 1.21127 1.34888 1.19168 -0.170449 -0.269485 -0.239323
-1.06237 -0.822928 -1.02256 0.303287 0.335928 -0.256908 -1.05631 -0.779102 -0.960986 0.309747 0.371022 -0.258926
1.93284 1.88594 0.443115 -0.885088 0.0317017 -1.23218 1.96386 1.91839 0.49657 -0.879059 0.0208168 -1.17361
-1.36993 -1.97047 -0.962536 -0.317492 0.249812 -0.517286 -1.3361 -1.96741 -0.907218 -0.327301 0.239271 -0.495029
-3.05791 -1.60569 -1.86942 -0.809616 1.41716 -0.751015 -2.9752 -1.56442 -1.91438 -0.788023 1.42785 -0.78509
-1.75671 -1.29128 -1.14989 0.0345756 1.12558 -1.17043 -1.69002 -1.20523 -1.07816 0.0724589 1.12254 -1.20115
-3.32983 -2.04854 -2.37036 -0.941257 1.28805 -0.880375 -3.3332 -2.06943 -2.36137 -0.950035 1.22474 -0.87377
-3.59414 -2.80696 -3.91938 0.497555 0.205954 0.0327596 -3.61983 -2.82807 -3.97954 0.472284 0.189447 0.0278479
1.1535 -0.194416 -0.27204 -0.160677 -0.277852 0.0539869 1.23217 -0.203947 -0.230984 -0.166123 -0.298936 0.0567251
-4.36793 -4.57668 -4.86035 -0.930297 -0.251269 0.442825 -4.36008 -4.63143 -4.88358 -0.93882 -0.250298 0.443431
-1.08145 0.0161018 0.190383 -0.127639 -0.0262929 0.879899 -1.04559 -0.0360268 0.234494 -0.11848 -0.0203254 0.878924
-0.787915 -0.314471 -1.13187 0.215387 -0.00972627 -0.212431 -0.822873 -0.318564 -1.11549 0.168337 0.0033771 -0.221778
-0.892687 0.180051 -0.365555 -0.276096 0.245015 -0.131649 -0.921447 0.161329 -0.324098 -0.289608 0.233994 -0.103855
1.57455 2.49317 0.256969 -0.442816 -0.0453299 -0.309164 1.5535 2.39826 0.230397 -0.438308 -0.0332387 -0.351743
-0.18755 0.276326 -0.962493 0.154029 0.324217 0.264884 -0.180227 0.294097 -0.909192 0.136562 0.323637 0.240626
-2.48378 -2.46289 -3.87656 -0.445166 0.0959633 0.334678 -2.45061 -2.52276 -3.8794 -0.415678 0.100668 0.288619
-1.46717 0.113825 -2.09155 -0.0243202 0.0893249 0.109749 -1.3955 0.167827 -2.10886 0.00927274 0.0800547 0.0938813
-2.7807 -1.80481 0.358883 0.258297 -0.729728 0.599828 -2.68717 -1.78781 0.407816 0.285813 -0.77114 0.577074
-1.04859 -0.0240798 -0.293715 -0.63443 -0.351806 0.629154 -1.01094 -0.029967 -0.288795 -0.637366 -0.376892 0.634093
12.0295 7.73339 15.809 -2.41317 3.23879 0.768895 12.1922 7.86066 16.037 -2.4256 3.28737 0.777783
1.74529 -1.60269 -0.427167 -0.623451 0.342486 0.196903 1.72809 -1.671 -0.473578 -0.62179 0.312318 0.247327
-1.9996 -0.20272 -0.968633 0.22126 -0.415321 0.538069 -2.00024 -0.165168 -0.911108 0.216577 -0.439577 0.52143
0.803069 2.51157 2.15276 0.284277 0.286812 -0.0250071 0.729332 2.47919 2.04218 0.267075 0.307256 -0.00490492
2.96179 14.7914 10.0519 3.41953 -0.0766222 3.44224 3.07164 14.9161 10.1675 3.47472 -0.100812 3.49182
-3.16432 -2.50457 -2.65073 -0.117167 0.0572668 -0.208619 -3.11943 -2.50239 -2.61894 -0.127413 0.0582119 -0.216638
-2.78366 -2.39025 -1.90501 0.0738099 -0.382622 -0.212324 -2.83252 -2.47749 -1.86016 0.0749148 -0.383566 -0.214253
-3.73972 -2.17339 -3.42355 -0.198623 0.516446 0.948419 -3.70536 -2.21722 -3.3639 -0.224312 0.553267 0.930863
-1.80924 -2.5996 -1.77225 0.297102 0.248961 -0.0994887 -1.79907 -2.56698 -1.73699 0.336236 0.254484 -0.0990058
-0.441259 -0.958598 -2.45894 -0.220915 0.065763 -0.117677 -0.407731 -0.967255 -2.44406 -0.227788 0.060827 -0.0782108
-0.651682 -1.97295 1.22451 0.315629 0.0262639 -0.354921 -0.590627 -1.94177 1.30498 0.314565 0.000858168 -0.347047
-1.34569 -2.78961 -1.61949 0.282959 -0.111198 0.0897752 -1.35033 -2.77874 -1.66423 0.270035 -0.125179 0.09646
-2.91054 -1.58809 -2.64543 0.337986 0.685262 0.329663 -2.93717 -1.56589 -2.68341 0.33916 0.711932 0.317126
-2.81235 -1.96039 -2.82996 -0.467059 1.2546 -1.16863 -2.87569 -1.92066 -2.83937 -0.44262 1.21501 -1.18383
-1.29224 0.655823 -0.178344 0.343333 -0.0558922 0.0425956 -1.22402 0.738302 -0.117573 0.359001 -0.0667599 0.0497096
-0.414262 1.04583 -0.620485 -0.577861 0.357319 -0.16455 -0.408899 1.09239 -0.604861 -0.552031 0.364328 -0.219592
-3.75372 -2.05937 -1.96809 -0.319205 -0.267189 -0.523967 -3.7294 -2.06435 -1.97345 -0.328977 -0.283176 -0.529588
-3.91803 -4.69082 -5.52328 -0.12097 0.230257 0.117414 -3.85353 -4.68009 -5.48944 -0.129852 0.209561 0.122603
-1.6033 -1.32234 -1.64037 -0.322245 -0.348755 0.557495 -1.62633 -1.36271 -1.66957 -0.321719 -0.363406 0.556578
-0.227789 0.453563 -1.59609 -0.294662 -0.275725 -0.150812 -0.208542 0.535216 -1.58894 -0.261481 -0.335543 -0.129277
0.196345 -2.62662 -2.38194 -0.0560689 -0.766155 0.235713 0.160921 -2.61985 -2.40332 -0.0826183 -0.737161 0.225994
-0.799468 -0.537679 -0.0677146 -0.166394 0.0998874 0.437338 -0.776301 -0.48747 0.0230485 -0.141772 0.0798794 0.43025
0.13956 -1.45037 -0.458387 0.170905 -0.138546 -0.370503 0.15357 -1.40924 -0.494442 0.144921 -0.143781 -0.362076
-1.99324 0.205075 -0.322208 0.406131 0.0069454 0.101718 -1.94849 0.26054 -0.285583 0.377051 0.017833 0.116136
2.78244 12.7856 15.2951 -3.56372 5.5084 -2.95642 2.96175 12.925 15.5474 -3.59308 5.5741 -2.98315
-1.63056 -1.00822 -2.17289 0.129079 -0.141378 0.240288 -1.60081 -0.9613 -2.14765 0.158918 -0.121222 0.217982
-2.77842 -0.7424 -1.27826 0.446753 0.325474 -0.631208 -2.80009 -0.716666 -1.29133 0.459326 0.317592 -0.626391
-0.0263665 -1.77255 -2.04411 -0.779179 -0.202985 0.357937 -0.0655727 -1.83761 -2.08246 -0.810971 -0.191784 0.360303
3.15129 1.30408 1.44649 0.620898 -0.678274 -0.860924 3.12151 1.27716 1.43271 0.626866 -0.663737 -0.858569
-0.803357 -3.24007 -4.15951 0.829257 -0.0414112 0.181193 -0.718658 -3.17489 -4.06172 0.818211 -0.0361384 0.187896
-2.80962 -3.95983 -1.97476 0.441481 0.431469 -0.122166 -2.84593 -4.04247 -2.08478 0.478903 0.426088 -0.158122
2.2492 1.91563 2.03763 0.0577031 -0.0176365 -0.27945 2.20053 1.88485 1.98509 0.076275 -0.00581198 -0.289803
-3.90383 -4.08373 -2.52092 0.23233 0.285646 -0.394152 -3.93924 -4.05525 -2.47132 0.237171 0.272293 -0.395928
-0.280169 -0.864626 -2.08878 0.100064 0.559604 0.0541161 -0.293404 -0.868387 -2.15572 0.114551 0.552533 0.00405028
0.669734 -0.777246 0.541178 -0.223376 -0.812903 0.320519 0.740659 -0.772179 0.539636 -0.190209 -0.827161 0.311406
-3.78371 -4.63597 -5.20128 0.567003 0.405977 0.504259 -3.79873 -4.74046 -5.20372 0.558725 0.412857 0.471796
-1.76961 -2.82828 1.01332 0.0145517 -0.272133 -0.707971 -1.82786 -2.83462 0.987129 0.022845 -0.255122 -0.680246
-3.96649 -2.38004 -3.46634 0.347605 0.150795 -0.223874 -3.95674 -2.25259 -3.42572 0.364851 0.13142 -0.173159
0.205278 0.558413 0.270567 -0.465866 0.0187745 0.521713 0.300077 0.655702 0.341224 -0.498718 0.0440844 0.474511
0.0875007 0.547475 1.2606 0.430088 -0.14499 0.35051 0.0380459 0.452434 1.18442 0.395743 -0.144506 0.345397
-4.17943 -2.95055 -3.70602 0.164689 -0.355903 -0.105745 -4.15113 -2.90341 -3.67888 0.145552 -0.358805 -0.101504
-13.5339 -13.6753 -13.9872 2.17903 0.56191 -2.00939 -13.5832 -13.6912 -13.9403 2.16466 0.549223 -2.00523
-0.148266 -1.10476 -1.29198 0.131362 0.163769 -0.109035 -0.143712 -1.00673 -1.26325 0.104479 0.178458 -0.107683
1.90064 0.569583 1.44594 0.897389 -0.329871 0.0493409 1.99728 0.641909 1.46319 0.895729 -0.31713 0.0479178
-0.817215 -0.556455 -1.39774 0.641814 -0.784746 -0.850569 -0.823722 -0.551008 -1.36109 0.609108 -0.755893 -0.788299
-3.3456 -2.64597 -1.95603 0.420496 -0.585358 0.663072 -3.25967 -2.60663 -1.81018 0.423019 -0.565385 0.64808
0.392542 0.0321373 0.334843 -0.0604127 0.439505 -0.071287 0.414828 0.0275548 0.293283 -0.023265 0.414423 -0.0300446
-2.92398 -2.38294 -1.83104 0.245702 0.161785 -0.05027 -2.96013 -2.35479 -1.80627 0.221878 0.170508 -0.0470868
-0.195794 -0.36634 1.26595 -0.63036 0.143333 -0.886474 -0.12137 -0.353165 1.336 -0.609401 0.093945 -0.902304
-1.85079 -1.37999 -1.21717 -0.579101 0.0493022 0.343241 -1.94237 -1.45205 -1.27712 -0.600307 0.0348647 0.327266
-2.2616 -3.60476 -1.78079 0.351385 -0.0438811 0.189861 -2.2512 -3.62884 -1.81229 0.352295 -0.0518867 0.236228
-0.951647 -1.91541 -0.064359 -0.280495 0.120956 -0.539255 -0.965158 -1.90024 -0.0749278 -0.301465 0.144473 -0.588453
0.723195 0.16021 -1.26474 -0.0191616 0.0971151 0.354467 0.776209 0.220462 -1.19401 -0.0715699 0.0581399 0.361845
-3.51681 -4.52604 -3.97234 -0.327335 0.506193 -0.312809 -3.5188 -4.51282 -3.95331 -0.344111 0.490159 -0.319133
-2.7533 -2.69088 -3.99844 0.828585 -0.262095 0.463889 -2.78526 -2.73528 -4.04039 0.859968 -0.225742 0.46261
-2.27879 -3.97421 -2.02391 -0.219954 -0.189405 1.12168 -2.32716 -3.97747 -2.00168 -0.216797 -0.185232 1.13094
1.21156 -0.268157 -1.47107 0.565306 0.181784 -0.341993 1.31525 -0.231767 -1.40771 0.595094 0.183186 -0.346873
-1.32183 -2.20563 0.00859169 -0.71539 0.529925 0.330327 -1.42951 -2.2596 -0.0419068 -0.729399 0.469778 0.27523
-4.80289 -4.14749 -5.23718 -0.473558 -0.677714 0.57791 -4.78712 -4.12366 -5.17321 -0.445711 -0.692277 0.59184
0.785984 -0.739259 1.02799 -0.253227 0.69252 0.639115 0.759161 -0.706634 0.95179 -0.216356 0.738701 0.629614
-1.69948 -1.57385 -1.12205 -0.638073 -0.353997 -0.204823 -1.74966 -1.57951 -1.18802 -0.633577 -0.358348 -0.183557
1.88007 -0.75495 1.28648 -0.262883 0.907923 -0.542241 1.91548 -0.805455 1.36342 -0.286982 0.840744 -0.546749
-0.490941 0.502266 -0.61888 -0.357433 -0.262118 0.0470638 -0.621133 0.5356 -0.688018 -0.35911 -0.301086 0.129898
-3.65076 -2.85414 -3.38095 -0.464337 0.102464 0.178387 -3.58437 -2.8327 -3.36834 -0.468729 0.0666062 0.144507
-0.896724 -3.62805 -1.42495 -0.185018 -0.012049 0.195221 -0.931751 -3.67171 -1.45715 -0.183209 -0.0276555 0.161041
-14.1488 -14.9351 -15.0145 1.75636 -2.96455 3.34796 -14.1701 -14.9675 -14.9412 1.76836 -2.96193 3.33666
-4.06344 -3.7999 -4.18443 0.61232 0.396673 0.685055 -4.02855 -3.7788 -4.14315 0.591619 0.36662 0.665176
-2.68948 -1.18259 -0.653896 -0.101671 0.390689 0.200927 -2.6749 -1.28279 -0.685996 -0.116434 0.406183 0.202184
-0.104275 -1.25137 -0.5658 -0.552964 1.30278 -1.63283 -0.169113 -1.3173 -0.713756 -0.551156 1.30371 -1.63722
-0.455022 -0.795388 -1.17346 2.14056 -3.20895 -1.28068 -0.526942 -0.858624 -1.19549 2.12958 -3.20245 -1.26851
-2.67237 -1.52329 -0.954201 -0.940403 1.12771 -1.27185 -2.74214 -1.5241 -0.985515 -0.938821 1.16266 -1.2589
-1.594 -0.913941 -1.49047 -0.507434 1.21461 -1.47294 -1.62682 -0.910526 -1.54096 -0.496339 1.20651 -1.4579
1.15361 0.629889 0.901075 -1.14857 1.5275 -1.25024 1.07332 0.611132 0.866572 -1.12903 1.54097 -1.25714
0.929389 0.76436 -0.0283243 -0.534223 0.941497 -1.61666 0.849784 0.750263 -0.119375 -0.547428 0.942973 -1.60971
2.09704 2.18182 2.28864 -0.514387 1.30392 -1.48327 2.09703 2.22985 2.30488 -0.520795 1.3117 -1.49708
-0.69968 0.470605 -0.646562 -0.540744 1.28972 -1.55013 -0.768003 0.420159 -0.716125 -0.543636 1.31063 -1.56782
1.47737 0.397311 0.395167 -0.104559 1.24871 -1.11619 1.48016 0.469963 0.359275 -0.112337 1.2427 -1.0884
0.912724 1.3435 -0.55968 -0.500911 1.06022 -1.46241 0.879175 1.29618 -0.632433 -0.495099 1.06316 -1.45981
2.83877 2.53702 0.846567 0.0914952 -1.43838 -1.64026 2.86062 2.5151 0.774533 0.109389 -1.45125 -1.66311
-0.785509 0.209599 -0.440547 2.10798 -2.75983 -1.46753 -0.836345 0.17136 -0.486657 2.08403 -2.75193 -1.44843
-1.42282 -1.50789 -1.81682 0.673411 -0.811966 -1.55895 -1.41419 -1.48681 -1.83304 0.678076 -0.804156 -1.56556
-0.824433 -2.25976 -3.5983 0.932692 2.29152 4.01223 -0.864747 -2.26706 -3.62619 0.916057 2.28311 4.02209
-1.30611 -1.65332 -1.21562 0.185608 -0.64676 -1.69584 -1.29144 -1.64519 -1.31816 0.18401 -0.645321 -1.71518
-1.01679 -1.52877 -1.49753 0.143643 -0.609587 -1.48218 -1.04225 -1.53952 -1.52028 0.127324 -0.607401 -1.4806
-2.79839 -3.5623 -3.39987 0.0446113 1.93619 3.33345 -2.75923 -3.54412 -3.39448 0.0636294 1.94678 3.30732
1.1542 1.154 0.626911 0.186256 -0.806656 -1.80322 1.16249 1.21019 0.651187 0.169326 -0.809897 -1.81072
-0.530999 -1.46504 -0.421218 0.717428 1.49797 3.16154 -0.553932 -1.40742 -0.425059 0.732766 1.5081 3.17248
-0.886698 -0.0419961 0.810277 0.45454 1.94573 3.025 -0.910989 0.00666287 0.802229 0.467141 1.947 3.03859
-0.205714 0.321374 0.0636322 0.495448 1.44951 3.16821 -0.257779 0.279542 0.0584937 0.49761 1.47206 3.17122
-0.903974 -2.98008 -1.17551 -0.420843 1.63788 -0.935131 -0.990521 -3.0472 -1.22708 -0.441174 1.60686 -0.899325
-2.54415 -1.74486 -3.61719 -0.881199 1.13875 -1.31227 -2.54102 -1.76537 -3.64459 -0.868038 1.14683 -1.29911
-0.384483 -0.147355 -0.260599 0.444795 -0.756855 -1.56688 -0.46424 -0.189548 -0.342939 0.418226 -0.77272 -1.57187
-0.177222 -2.26487 -0.416919 0.479978 1.98838 3.32249 -0.139807 -2.24744 -0.419982 0.490195 1.99553 3.32688
-3.41832 -3.35861 -3.55923 0.460409 -0.617323 -1.29052 -3.50023 -3.41092 -3.58882 0.47623 -0.610892 -1.32849
-1.2047 -0.452403 -1.71732 0.908823 1.82168 2.64396 -1.22791 -0.475256 -1.68495 0.867656 1.85098 2.65292
-1.62931 -2.26401 -1.81073 0.695334 1.57372 2.77511 -1.65489 -2.26221 -1.79487 0.694577 1.60031 2.79092
-1.96659 -2.34435 -0.0504732 0.962825 -1.39433 -1.82305 -2.00784 -2.34413 -0.0948802 0.999316 -1.38617 -1.78925
-0.625403 -0.466527 1.10039 0.142557 2.10368 3.18828 -0.646282 -0.488007 1.04572 0.177606 2.10836 3.15758
0.954764 0.74057 0.367404 0.809295 2.55733 2.92506 1.01824 0.747739 0.368953 0.825703 2.53967 2.93863
-1.27444 -3.11998 -0.525077 -0.820504 1.19376 -1.23458 -1.25046 -3.13829 -0.509221 -0.789421 1.16454 -1.2336
0.00491004 1.04306 1.28824 -0.0356642 -0.827493 -1.5202 0.0493458 1.01765 1.27069 -0.0323766 -0.81243 -1.55126
-0.543287 -0.82498 -1.03963 0.928369 1.58171 2.91791 -0.501186 -0.747145 -1.0031 0.904007 1.58454 2.92559
1.84099 2.35266 0.412574 -0.718653 1.35239 -0.754756 1.82074 2.31196 0.331381 -0.726414 1.34068 -0.752455
-0.335143 0.166851 1.64015 0.558921 1.649 2.98732 -0.324073 0.187118 1.65325 0.52913 1.63565 3.00806
-1.99791 -1.79392 -1.51544 1.00584 1.07005 2.70101 -1.9777 -1.7984 -1.49259 1.0379 1.07666 2.71169
-2.87903 -2.64681 -3.5864 -0.385702 -0.582308 -0.442455 -2.89511 -2.61273 -3.59269 -0.363193 -0.569328 -0.443424
-0.830356 -1.23804 -1.21351 -0.485627 1.12584 -0.282304 -0.878065 -1.27653 -1.23959 -0.501348 1.09131 -0.325942
2.21984 2.96892 1.67251 0.535551 1.15302 2.75156 2.26261 3.05568 1.68649 0.546871 1.18065 2.75527
-2.12507 -1.67034 -1.80946 0.59492 1.74873 3.42611 -2.1075 -1.64653 -1.8008 0.567125 1.74063 3.40687
-0.504039 -0.859893 0.0275953 0.358982 1.73809 2.60689 -0.487417 -0.87468 -0.00598094 0.38545 1.71194 2.63844
-1.88942 -1.32951 -0.639079 0.593102 2.02164 2.96609 -1.91901 -1.31291 -0.605512 0.596452 2.06403 2.95384
0.340293 0.357647 -0.236702 -0.571196 0.65503 -1.34694 0.312287 0.358482 -0.267609 -0.560407 0.661708 -1.33493
-0.914524 1.05646 -2.455 0.28825 1.2808 2.53051 -0.86736 1.16183 -2.42821 0.348784 1.26871 2.53938
-1.52401 -0.882029 -1.32032 -0.971427 1.30737 -0.740517 -1.53983 -0.858041 -1.30002 -0.962487 1.29703 -0.729506
-0.240134 6.51073 4.32175 1.79087 -1.66478 -2.40371 -0.25969 6.46387 4.29767 1.78372 -1.67362 -2.40863
1.45281 -0.0836317 -1.35553 -0.817631 0.221174 -1.0777 1.44677 -0.113795 -1.35815 -0.82278 0.261674 -1.08956
-3.56594 -2.9903 -2.84676 -0.167197 0.836423 -0.78344 -3.55195 -3.00475 -2.81662 -0.165193 0.842786 -0.749994
7.32191 -4.80993 -0.0812816 -4.0268 2.21024 0.941661 7.35776 -4.75496 -0.064034 -4.04296 2.19822 0.946622
-0.0668807 -0.176006 -0.657901 0.990735 1.46108 3.46911 -0.0282952 -0.175941 -0.626513 0.994356 1.48213 3.44127
-1.5444 -4.03485 -7.67975 -3.88152 -0.763465 -3.82204 -1.49324 -4.02991 -7.69422 -3.87308 -0.754502 -3.85073
-2.31237 -2.38938 -1.28288 0.300199 0.588343 0.155367 -2.32861 -2.40511 -1.25319 0.309367 0.615138 0.0892166
-4.95855 -2.61443 1.1849 2.58055 -1.22838 0.431986 -5.01002 -2.66837 1.14343 2.58163 -1.25016 0.459026
1.4362 3.04134 11.6835 -2.33362 4.7359 0.986683 1.44835 2.99851 11.7577 -2.31878 4.83523 0.988484
-2.20105 -1.55127 -2.2894 -0.566629 1.56206 -0.734126 -2.18337 -1.51057 -2.29318 -0.559225 1.56627 -0.733464
-3.37718 -3.25874 -3.42049 -1.26362 1.29249 -1.36184 -3.40331 -3.30186 -3.44684 -1.26923 1.30649 -1.3658
-3.21234 -3.07191 -3.42932 -0.209847 1.40247 -1.41441 -3.20571 -3.05442 -3.37377 -0.200028 1.37689 -1.43745
-1.56279 -0.985979 -2.65393 0.12693 1.27929 2.70182 -1.5185 -0.942069 -2.63546 0.129803 1.2714 2.67436
-10.7222 -5.1515 -2.30648 -1.62577 -2.86148 -0.351109 -10.7406 -5.20915 -2.35882 -1.619 -2.82913 -0.371159
4.39828 -2.54975 -1.98078 -0.434693 3.7595 -3.3284 4.4167 -2.54775 -2.01648 -0.469302 3.73052 -3.33311
0.70613 -1.40197 -1.68707 -0.338673 -0.0494325 0.564238 0.690665 -1.34892 -1.63769 -0.320051 -0.0743055 0.554405
0.631988 2.0026 2.15486 -0.00798648 -0.375529 -0.00197059 0.700894 2.03446 2.22542 0.00862924 -0.394182 0.0161655
-1.80805 -2.08074 -1.99454 -0.377095 0.992254 -1.03775 -1.73156 -2.0931 -1.99106 -0.395529 1.00502 -1.03298
-11.0627 -6.60072 -7.81034 3.32033 3.32353 -0.0890769 -11.0861 -6.62861 -7.72791 3.30341 3.32202 -0.0844538
-1.90305 -2.2563 -1.45332 -0.247091 0.538664 -1.04376 -1.96111 -2.29478 -1.49663 -0.251276 0.51989 -1.08486
6.76429 -6.61724 7.18972 0.198919 -3.5003 -2.56092 6.72218 -6.56209 7.19035 0.170692 -3.52195 -2.5947
-1.97063 -0.159303 -1.58415 0.336526 0.494837 -0.124092 -1.99889 -0.1452 -1.57882 0.315007 0.517314 -0.138042
-1.84361 -1.24864 -0.246342 -0.424046 -0.237703 0.103243 -1.78618 -1.20871 -0.250697 -0.441059 -0.18888 0.0509546
0.133813 -2.16915 -0.00735109 0.114453 0.310955 0.153134 0.148064 -2.16157 0.029912 0.0935191 0.320895 0.138686
-1.14562 -2.86709 -2.90219 -0.836216 1.23532 -1.2995 -1.1148 -2.85211 -2.87337 -0.821239 1.227 -1.2886
2.37066 8.1075 -2.53389 -3.68298 2.9676 -4.06812 2.47701 8.16688 -2.51735 -3.6814 2.95328 -4.05558
-0.060595 -0.693958 -0.201247 -0.443869 -0.399223 -0.0939404 -0.0942241 -0.646205 -0.236746 -0.455597 -0.360663 -0.120293
-3.98437 -3.12547 -4.56761 0.210738 0.425317 -0.194941 -3.95281 -3.09049 -4.49781 0.215998 0.440567 -0.235265
-0.78067 -2.13144 -2.58975 -0.444849 0.0947739 -0.165133 -0.823981 -2.16158 -2.63849 -0.454899 0.0906529 -0.136191
-2.11301 9.16208 6.22378 1.66112 -5.36953 1.42677 -2.08683 9.15457 6.17525 1.68103 -5.4095 1.39545
-4.14206 -3.64193 -3.0274 -0.0200081 0.097982 0.504016 -4.06589 -3.5512 -2.9178 -0.0212256 0.0668005 0.472968
-2.55006 -1.05742 -3.56216 -0.708415 1.36359 -1.5021 -2.49574 -0.9878 -3.53228 -0.702003 1.38906 -1.46298
0.346617 -0.977019 -0.214514 0.262639 -0.417937 -0.0663635 0.386583 -0.943951 -0.141187 0.260186 -0.410133 -0.0417657
3.27504 -9.77762 -4.38846 1.12739 3.56469 3.69598 3.29062 -9.7351 -4.38734 1.15251 3.51856 3.68421
-1.58279 -1.31092 -2.43173 -0.273219 -0.312576 -0.316703 -1.65087 -1.33597 -2.54971 -0.244257 -0.320668 -0.33174
-1.05588 -2.18328 -1.07516 0.188147 -0.0310839 -0.235057 -0.982544 -2.12141 -0.943475 0.203535 0.0104575 -0.252873
1.0542 1.94767 1.20335 0.194961 -0.0855737 -0.522916 1.04346 1.96557 1.23889 0.192971 -0.0587918 -0.522771
-3.37145 -2.14386 -0.401119 0.0877865 -0.306076 0.0228497 -3.29883 -2.12445 -0.301968 0.0827232 -0.313349 0.0251182
-1.2735 -1.06108 -0.554032 0.155166 0.494225 -0.0291778 -1.22926 -1.04536 -0.595654 0.209889 0.49322 -0.0102896
1.95829 0.560414 0.973127 -0.685042 0.709427 -0.0448213 1.93867 0.597175 0.984936 -0.678691 0.702266 -0.0306279
-2.73169 -2.30212 -4.02065 0.618332 0.125217 -0.279663 -2.73473 -2.32105 -4.04963 0.609111 0.135808 -0.317196
12.592 8.25027 13.7263 -3.15671 -1.31117 1.54631 12.7444 8.32042 13.801 -3.2193 -1.33032 1.57915
-1.60571 -2.87238 -3.04145 -0.0676116 0.319285 -0.709535 -1.64173 -2.92524 -3.0586 -0.0795516 0.311168 -0.724587
0.00462101 2.71785 0.251609 -0.971157 0.280753 -0.0278817 0.00200685 2.76082 0.233638 -0.961489 0.273422 -0.0468101
-13.1957 -9.42275 -9.23203 0.592918 2.35028 3.67169 -13.2138 -9.45179 -9.21502 0.580364 2.3502 3.67123
3.40483 -0.104845 1.8106 0.576426 -0.21975 -0.770256 3.47136 -0.0526629 1.81072 0.595635 -0.230137 -0.768438
-0.751635 -0.560205 -2.63522 -0.0282251 0.312962 -0.403186 -0.747397 -0.561289 -2.66623 -0.0250819 0.320481 -0.406282
-0.366345 1.74041 0.787466 -0.561144 -0.0435524 -0.0901853 -0.368486 1.71978 0.797252 -0.567335 -0.0388372 -0.112696
1.06617 0.4591 0.73106 -0.388226 -0.821223 0.844969 1.11705 0.520155 0.763832 -0.384187 -0.818781 0.856831
1.33923 0.555812 1.78092 0.694276 -0.104194 -0.042978 1.32803 0.578282 1.8037 0.690965 -0.056228 -0.0501832
-4.51874 -1.67985 -1.2192 0.367009 0.268803 0.313954 -4.52991 -1.65032 -1.2161 0.350814 0.181367 0.309844
-4.18631 -2.11556 -3.13999 0.342392 -0.585706 0.0524589 -4.16073 -2.14566 -3.08728 0.316245 -0.60086 0.065615
-0.432872 1.88666 1.54429 -0.255912 0.497715 0.445027 -0.424004 1.89547 1.51809 -0.267448 0.444828 0.423442
-3.60155 -4.61804 -3.93347 -0.0286898 -0.340852 -0.492794 -3.59759 -4.5711 -3.91484 -0.0482326 -0.287516 -0.454044
-2.11866 -2.51386 -1.13787 -0.02938 -0.409802 -0.589838 -2.13933 -2.49752 -1.13649 -0.00917839 -0.393152 -0.547124
1.94024 -0.607752 -0.454437 -0.486566 1.17871 -0.837074 1.98463 -0.537973 -0.426035 -0.473858 1.16201 -0.844182
-0.838929 -1.07966 -0.968484 -0.271105 0.234477 -0.0882522 -0.854996 -1.13019 -0.948712 -0.285092 0.234011 -0.0871896
0.0844626 0.855914 -0.156797 -0.207148 -0.52135 0.244043 0.074158 0.899537 -0.167416 -0.204145 -0.555928 0.257125
-1.10202 -1.48305 -2.79144 -0.125356 0.089729 0.318539 -1.07078 -1.54393 -2.80154 -0.143158 0.0660186 0.288956
1.84934 1.74427 0.29071 -0.142407 0.157026 -0.586616 1.82676 1.74915 0.333509 -0.160168 0.140416 -0.593672
-1.20538 -0.492459 -2.73517 0.810551 0.848361 0.0335126 -1.10781 -0.377604 -2.69109 0.815005 0.865708 0.00602922
-1.07937 -4.39209 -3.62041 -0.462884 0.389331 -0.12444 -1.05139 -4.37439 -3.58599 -0.472409 0.394145 -0.139204
-10.7315 -14.1361 -11.3658 2.6342 2.86914 0.805432 -10.7711 -14.1906 -11.3395 2.61028 2.87403 0.778623
0.975765 0.125325 -1.28064 -0.602078 0.240422 0.587485 1.01215 0.141974 -1.24353 -0.582724 0.245561 0.589228
-0.30392 -2.2514 -1.96745 -1.01308 0.028055 -0.362051 -0.27153 -2.21688 -2.00795 -1.05975 0.0346263 -0.350825
-1.59774 0.980316 0.02625 0.208785 0.204442 -0.311659 -1.54423 1.03253 -0.0291888 0.142604 0.244288 -0.288923
-3.20812 -2.13488 -1.89294 0.222411 -0.35884 -0.0990547 -3.19296 -2.12271 -1.83426 0.232579 -0.353199 -0.0983761
-4.13892 -1.43005 -1.91546 0.298976 -0.261553 0.0498692 -4.12151 -1.35412 -1.88329 0.320447 -0.254532 0.0840484
-1.91146 1.19988 0.0941971 0.504068 0.144115 0.200797 -1.93514 1.18004 0.0976116 0.492413 0.141344 0.155066
3.118 2.76495 1.29944 -0.0439805 0.53101 -1.03947 3.06514 2.81123 1.24187 -0.0526801 0.557268 -1.06306
-2.21481 -1.27179 -0.515155 0.490796 0.556661 0.203955 -2.18085 -1.2333 -0.515799 0.478781 0.556902 0.157926
0.140696 -0.567098 -1.30395 0.670916 -0.333896 -0.505136 0.173622 -0.583664 -1.24589 0.660966 -0.329039 -0.479475
-13.5104 -11.9331 -13.858 -3.36756 0.915936 1.79564 -13.5255 -11.9572 -13.7533 -3.33273 0.922565 1.80704
-0.990194 0.799724 -0.950125 -0.257245 -0.0328111 0.23288 -1.00987 0.870719 -0.932994 -0.26372 0.00989585 0.217188
-3.29513 -2.12365 -3.918 -0.360464 -0.894766 0.143808 -3.32071 -2.10627 -3.93253 -0.34919 -0.856586 0.130594
-0.417488 -1.82663 -2.13222 0.443086 -0.386055 -0.499281 -0.40626 -1.78223 -2.09457 0.420754 -0.390426 -0.454508
-1.19879 -1.08488 0.342851 0.160692 0.108249 0.381103 -1.1979 -1.12991 0.373642 0.157753 0.102472 0.389279
1.46573 1.04297 1.35483 0.375557 -0.42323 -0.562527 1.47198 1.08474 1.31791 0.369104 -0.446523 -0.519546
-14.9777 -11.6998 -14.7165 2.36352 0.724209 1.36569 -14.9903 -11.6713 -14.6232 2.36457 0.72687 1.36524
-1.24136 -0.085354 0.456925 0.415614 -0.29734 0.355839 -1.20319 -0.00412643 0.462094 0.415849 -0.314708 0.371678
-1.88381 0.00512295 -0.463951 0.373804 0.264138 0.166 -1.77829 0.0596596 -0.382459 0.413841 0.245938 0.176894
-1.32296 -1.1863 0.902977 0.118182 -0.341976 0.518065 -1.39655 -1.23811 0.810228 0.115801 -0.350772 0.52704
-3.34254 -2.86592 -3.20545 0.298422 -0.845186 -0.406569 -3.36212 -2.85782 -3.26562 0.27802 -0.870039 -0.401138
2.0164 0.88266 -0.0712592 -0.449082 0.392947 0.189044 1.98321 0.899695 -0.117149 -0.46158 0.415477 0.153195
-4.48085 -1.81018 -4.40866 0.031325 0.274421 0.186471 -4.50625 -1.806 -4.43398 0.0373696 0.284327 0.19557
-1.39558 -1.50438 1.1159 -0.264809 0.657389 0.418446 -1.42958 -1.48421 1.1249 -0.262125 0.676989 0.423232
-2.56193 1.15458 -1.73403 0.0722031 -0.342803 0.262787 -2.62246 1.13319 -1.77538 0.0500759 -0.350112 0.234536
-3.36308 -3.77382 -2.65665 0.267494 0.14016 -0.193161 -3.36674 -3.75265 -2.63428 0.24834 0.114153 -0.197168
-0.868772 -2.16631 -0.444363 0.00615182 0.280023 -0.516138 -0.928591 -2.21333 -0.414641 -0.0269144 0.247702 -0.504435
-1.5658 -2.06461 -2.86582 0.19049 -0.00221891 0.0551109 -1.59557 -2.05221 -2.83757 0.140367 -0.0165113 0.0648005
-3.94077 -3.13511 -4.21399 0.287266 0.486436 -0.1491 -4.00857 -3.2436 -4.25331 0.279292 0.499633 -0.170948
0.278606 -2.8884 -0.904639 0.325886 0.492862 0.499354 0.358184 -2.86591 -0.870829 0.272266 0.51603 0.523563
-0.349941 -1.07648 -0.539215 0.264668 -0.146069 0.227918 -0.240714 -1.01416 -0.521915 0.254346 -0.158094 0.23665
-2.66595 -0.686862 -0.541073 -0.298173 -0.358285 -0.215771 -2.61426 -0.601856 -0.544787 -0.277165 -0.366012 -0.280758
1.07312 -0.500022 0.520147 0.430721 0.189803 0.466667 1.09165 -0.446282 0.565893 0.449542 0.205285 0.468938
-4.42533 -1.93251 -1.18126 -0.329146 0.573367 -0.417294 -4.49455 -2.01562 -1.27873 -0.356882 0.53405 -0.424823
1.18655 -1.05043 -0.886476 0.472795 0.345953 0.0715788 1.27783 -1.08477 -0.854635 0.433272 0.358384 0.0148007
-3.38599 -3.41446 -2.28178 -0.15118 -0.20017 0.0427433 -3.33946 -3.41832 -2.32676 -0.166705 -0.200678 0.00183226
0.120574 -3.6689 0.0208414 0.39452 -0.453079 0.0297145 0.0475748 -3.73707 0.00570899 0.349134 -0.444575 0.0681963
-1.73398 -2.59726 -1.02485 0.394049 -0.13008 -0.356131 -1.71886 -2.59833 -1.00393 0.411546 -0.0781565 -0.359387
-3.47325 -3.10312 -1.96534 -1.21753 -0.255952 -0.502372 -3.41637 -3.14222 -1.9921 -1.18327 -0.284513 -0.513421
-0.827377 -0.184436 -1.47574 -0.456149 0.896857 0.43429 -0.777744 -0.0880176 -1.39678 -0.472325 0.909793 0.447645
-2.53765 -3.05551 -4.08255 -0.3484 -0.138941 -0.492917 -2.49101 -3.15139 -4.20136 -0.339283 -0.156061 -0.507491
-2.41966 -0.977597 -2.67698 0.135888 0.0729029 -0.0830591 -2.37108 -1.03842 -2.67541 0.0957931 0.0654631 -0.0925097
-1.54149 -0.988555 -2.34841 -0.00922823 0.307344 0.47189 -1.5354 -0.984312 -2.37882 -0.0798184 0.323587 0.486603
-3.63855 -3.85203 -3.37511 -0.150146 -0.222725 0.385794 -3.62865 -3.81925 -3.30946 -0.163488 -0.17852 0.416376
-2.29753 -3.68326 -1.22815 -0.106906 -0.334974 0.149661 -2.33968 -3.72816 -1.29049 -0.126754 -0.335172 0.176465
-0.944551 -3.3481 -1.92284 -0.966085 0.0572324 0.191162 -0.936304 -3.31027 -1.87239 -0.979302 0.0967795 0.167251
0.219775 -2.73136 -0.219282 -0.514831 0.478509 -0.347002 0.236388 -2.73039 -0.222676 -0.557531 0.447268 -0.374045
-1.72929 -3.58032 -0.467477 0.246551 0.303977 -0.23117 -1.72101 -3.66073 -0.512311 0.269524 0.321362 -0.235928
0.0178158 -0.457694 -0.411171 0.109526 -0.681899 -0.092248 0.0493202 -0.37077 -0.328479 0.0879935 -0.664425 -0.091027
-2.81468 -3.28627 -4.29502 0.121434 0.493424 0.135098 -2.86241 -3.34591 -4.35059 0.119983 0.493096 0.116048
-1.8966 -4.61435 -0.996948 -0.0226442 0.384871 -0.0566838 -1.78465 -4.55926 -0.92515 0.014359 0.35739 -0.0869759
-2.12971 0.2153 -3.23 -0.0558979 -0.120434 -0.552744 -2.17482 0.256839 -3.24175 -0.0574161 -0.15218 -0.580946
0.176935 1.02843 0.508489 -0.88834 1.4664 -1.54013 0.131463 0.955191 0.351424 -0.868214 1.46095 -1.53647
-0.611271 0.0527941 -0.10674 2.24849 -3.16656 -1.54622 -0.664073 -0.0536677 -0.190102 2.23501 -3.16389 -1.54474
1.25385 1.1369 -0.450134 2.31236 -3.41891 -1.19644 1.22269 1.06233 -0.510187 2.29596 -3.42018 -1.20685
-0.380213 -0.205582 -1.44213 1.69216 -3.00934 -0.76988 -0.413998 -0.230783 -1.48173 1.69356 -2.98477 -0.801703
1.23733 1.14113 0.857277 2.18684 -3.10189 -1.39092 1.21244 1.10475 0.854728 2.19346 -3.10126 -1.3899
-0.377756 -0.528101 -0.491448 2.40529 -3.11519 -1.67866 -0.39584 -0.575229 -0.497815 2.41342 -3.12552 -1.67161
1.66514 -0.643287 1.49732 -0.651385 1.2814 -1.83099 1.59179 -0.655873 1.40648 -0.678394 1.26936 -1.83803
-0.803039 -0.503136 -0.92926 -0.39254 1.11795 -1.26431 -0.83417 -0.567425 -1.02127 -0.408932 1.1244 -1.27686
-3.21628 -1.52703 -2.84386 -0.628731 1.50658 -1.42012 -3.23711 -1.52057 -2.85336 -0.630936 1.47227 -1.41816
-0.967203 -0.515233 -0.332144 -0.766371 1.45445 -1.38474 -0.979531 -0.515691 -0.388521 -0.756113 1.45583 -1.37235
-0.30124 1.4865 0.666771 2.15646 -3.13676 -1.97683 -0.297971 1.47891 0.661388 2.12668 -3.13804 -1.95547
1.48254 1.13119 1.9497 -0.994504 1.66124 -1.41688 1.43307 1.10629 1.92195 -0.990974 1.67698 -1.42286
-2.04263 -1.32854 -0.570262 1.11013 1.89041 3.01364 -2.07572 -1.36559 -0.576412 1.09103 1.90227 3.00031
-0.113397 -1.13943 -1.18391 0.321264 0.0147939 0.0283552 -0.158127 -1.17607 -1.2741 0.306804 0.0175987 0.0281823
-2.40514 -1.81084 -1.51395 -0.16384 1.6907 -1.82235 -2.45148 -1.89265 -1.56442 -0.169014 1.69147 -1.818
0.318153 1.94137 1.21374 0.75188 1.7652 3.23892 0.312148 1.92812 1.17591 0.74934 1.75675 3.24688
-0.033233 -0.69539 -0.61267 -0.671574 1.6355 -1.68873 -0.124303 -0.751803 -0.705422 -0.656445 1.63401 -1.69191
-0.284722 2.13007 0.458329 -0.216833 0.837678 -1.48389 -0.317571 2.0848 0.421867 -0.214757 0.823132 -1.50034
-1.57567 -2.12693 -1.27536 0.241768 -0.199267 -1.82024 -1.61831 -2.22608 -1.35496 0.224623 -0.201071 -1.83036
-0.539992 -0.911259 -0.604892 1.0155 1.77298 2.87424 -0.548397 -0.896681 -0.653955 1.0191 1.77198 2.88573
-0.915612 -3.04411 -1.89694 2.16689 -2.74242 -0.75112 -0.914482 -3.0477 -1.90255 2.16257 -2.72668 -0.7538
-0.152558 3.65502 3.92748 0.765889 1.93016 3.2932 -0.134694 3.6243 3.93231 0.777862 1.9646 3.2688
2.23956 3.56785 3.88642 0.546805 1.92098 3.23864 2.30845 3.56537 3.87019 0.565916 1.94151 3.22053
-0.443501 -0.783598 -0.188958 0.654794 -1.43494 -1.43757 -0.465681 -0.82463 -0.24609 0.631655 -1.42824 -1.44989
0.264878 1.33559 -0.691307 -0.633228 -0.231567 -0.564899 0.224344 1.3573 -0.708206 -0.647467 -0.238186 -0.564567
-0.087688 -0.431932 -0.744564 0.869059 2.30258 2.89452 -0.0538241 -0.381337 -0.683769 0.867776 2.26723 2.90733
-1.47424 -3.32058 -1.73201 0.97624 1.76067 3.19602 -1.49492 -3.32949 -1.73196 0.984341 1.76506 3.182
-0.165347 -1.99783 -0.439531 0.960455 1.4579 2.53779 -0.189962 -2.00355 -0.44743 0.953156 1.45937 2.54454
-0.0592041 -1.32273 -1.31884 -0.505336 1.10306 -0.916479 -0.0818847 -1.34019 -1.33642 -0.491684 1.09185 -0.912848
0.256398 -0.332814 0.0315274 -0.544482 0.943658 -1.82013 0.252988 -0.279529 0.0551388 -0.570915 0.942203 -1.81474
-1.22056 -2.69828 -2.37968 0.639028 1.88721 3.33783 -1.21867 -2.74079 -2.36491 0.624528 1.88936 3.31871
0.369535 -0.383653 -1.05365 0.695198 1.85061 3.6039 0.43672 -0.387273 -1.07199 0.704451 1.86357 3.60039
-1.33953 -2.46099 -1.92691 1.1708 1.63393 2.81353 -1.35626 -2.49146 -1.92024 1.14378 1.60005 2.79858
-2.10652 -3.83125 -2.57192 -0.460804 1.26959 -1.34306 -2.1183 -3.8677 -2.59022 -0.484434 1.25288 -1.32933
0.239504 -2.27903 -0.241191 -0.314145 1.77822 -0.747288 0.212594 -2.31899 -0.28924 -0.303009 1.74934 -0.762828
-0.349721 -0.361196 3.62327 -2.15317 -3.09716 3.32671 -0.400757 -0.415946 3.54999 -2.16438 -3.12131 3.31408
-4.44197 -0.539462 3.97842 3.31772 -0.399979 1.28733 -4.4483 -0.589273 3.9461 3.32255 -0.418781 1.28714
1.2782 0.849683 0.371264 -0.665423 1.31633 -1.86709 1.26302 0.830189 0.349242 -0.650275 1.31224 -1.83539
-2.04341 -2.45554 -2.06305 0.548961 1.88086 3.42775 -2.07649 -2.49796 -2.0895 0.515304 1.90696 3.41324
-0.782651 -0.888434 -0.718799 0.0498922 0.0207268 -0.154111 -0.756246 -0.915792 -0.71475 0.0269231 0.00790037 -0.161236
-0.408206 -2.1744 -0.979186 -0.514313 1.51225 -1.00149 -0.371913 -2.1309 -0.973393 -0.490951 1.49105 -1.02975
1.96288 1.05539 2.43276 -0.384507 0.928039 -1.19451 2.05932 1.13891 2.47131 -0.439651 0.938336 -1.20954
-0.0748764 1.35698 1.00024 0.126442 1.77859 2.9958 -0.109447 1.39958 1.0134 0.161861 1.76949 3.01347
-1.1932 0.202528 0.0801628 -0.307142 -0.741095 -1.53485 -1.10092 0.224789 0.0612572 -0.306308 -0.749595 -1.56995
6.28173 -5.89197 -1.05003 0.152563 2.55918 -1.83498 6.27935 -5.8079 -1.0168 0.158248 2.54841 -1.85354
-1.04548 -1.97116 -2.21624 -0.521824 1.17627 -0.816402 -1.03166 -1.97579 -2.24844 -0.488996 1.16072 -0.854039
2.1418 1.40065 2.26389 0.696825 -0.114401 -0.323462 2.10605 1.41023 2.27758 0.730963 -0.121455 -0.340735
1.40429 1.87865 2.40182 -0.576233 1.33709 -1.08305 1.3587 1.84194 2.35732 -0.551352 1.35611 -1.08119
0.916837 -1.24137 -4.28781 0.776294 4.38609 -1.62667 0.936768 -1.21589 -4.26261 0.782246 4.40114 -1.61019
-7.456 -2.93904 -3.03723 1.80269 -3.80777 0.0798745 -7.51354 -2.9729 -3.04479 1.79945 -3.80007 0.092886
-4.7149 -2.38073 -2.90163 -0.357286 -0.292761 0.220783 -4.74927 -2.40107 -2.94204 -0.388453 -0.267282 0.244491
-1.72328 -3.21648 -0.914635 0.423976 1.4857 2.66356 -1.7128 -3.22232 -0.873471 0.425528 1.54419 2.68888
7.30813 6.3933 7.16639 4.54953 -0.755349 -2.52103 7.34095 6.43254 7.17483 4.55693 -0.783393 -2.54266
-2.16699 -1.27565 -1.07303 0.361675 0.21655 0.530124 -2.11007 -1.27567 -1.128 0.375249 0.210448 0.525465
0.177752 0.839849 -5.61772 2.0432 -1.67231 -4.95129 0.263557 0.874381 -5.5948 2.02995 -1.6642 -4.94649
2.39952 2.92481 2.18283 2.75665 -3.76885 -1.58885 2.35536 2.91784 2.12555 2.73705 -3.81397 -1.60729
-8.09127 -5.54132 -4.90558 2.63195 -1.55515 -2.89487 -8.10577 -5.52401 -4.85912 2.60057 -1.56052 -2.86357
5.27322 7.07168 8.2068 1.65998 3.3163 0.505599 5.26417 7.08004 8.15431 1.70785 3.35976 0.512005
-6.44806 2.37063 -0.384753 -2.85885 4.40181 -1.62468 -6.45167 2.35944 -0.436507 -2.90186 4.40278 -1.63055
-2.00075 1.10336 8.39966 -0.897685 -4.58382 0.0786773 -2.01763 1.077 8.4653 -0.888054 -4.61712 0.0719879
2.65933 1.18822 -7.49561 -2.46497 -2.02853 -2.1205 2.63354 1.24826 -7.45689 -2.48854 -1.99908 -2.12377
-2.79068 -1.7661 -3.02504 0.369671 0.122889 -0.390129 -2.8047 -1.79426 -3.03276 0.39619 0.138725 -0.39918
-1.38044 -0.44549 -1.37794 0.159112 -0.205956 0.300603 -1.39617 -0.462062 -1.45079 0.149918 -0.21548 0.273807
-0.691685 -0.846097 -2.10812 -0.867357 1.1091 -0.860012 -0.732695 -0.787607 -2.11262 -0.864531 1.12547 -0.852962
-2.09224 -3.77136 -2.41911 -0.6822 -0.251206 -0.0506469 -2.03673 -3.75526 -2.31879 -0.649466 -0.280705 -0.0429705
-1.33645 -1.51989 -1.23625 0.399171 0.546792 0.554423 -1.33875 -1.57732 -1.15362 0.377732 0.527767 0.542067
-11.3479 2.12769 -7.8468 -2.58191 4.0983 3.29706 -11.3343 2.16019 -7.7949 -2.60569 4.10731 3.31545
0.181403 -0.432339 -1.34287 -0.39841 0.129546 0.296131 0.127836 -0.436266 -1.4412 -0.409658 0.155171 0.282987
-0.914165 -2.9602 -0.369593 0.201266 0.052438 0.0118124 -0.892461 -2.91905 -0.335278 0.202612 0.0317799 0.00553726
-0.916984 0.284543 -1.50902 -1.12604 1.24703 -1.36596 -0.87861 0.277762 -1.46929 -1.09021 1.25116 -1.41688
6.37333 -3.39869 9.35225 -2.49509 4.02662 -3.1048 6.33043 -3.38107 9.37339 -2.53624 4.04427 -3.10369
0.0921087 1.0657 1.50658 0.423833 1.53032 -0.909808 0.0845553 1.01654 1.49758 0.410983 1.50889 -0.898395
-12.6038 -4.02408 -10.5295 0.796041 2.67103 0.676066 -12.6218 -3.97238 -10.4722 0.791122 2.67801 0.668077
-1.89816 0.145586 1.26226 0.551403 -0.153147 1.20875 -1.84205 0.25891 1.32652 0.559507 -0.166619 1.23721
-2.75592 -2.15631 -2.756 0.0829432 0.305415 -0.277175 -2.76825 -2.14604 -2.73189 0.0969861 0.269125 -0.248467
-1.20235 -0.636982 0.767889 0.178421 0.518976 0.564422 -1.19699 -0.684824 0.758658 0.169049 0.498115 0.520029
-0.607212 0.86808 0.788252 -0.129354 -0.595244 0.0551077 -0.612347 0.884511 0.805449 -0.13955 -0.611746 0.0351033
-2.11593 -0.743002 -0.901214 -0.104322 0.720077 -1.17617 -2.12356 -0.777519 -0.914063 -0.110128 0.719227 -1.17328
3.21459 -2.09644 10.3777 -2.79039 4.35759 -3.7545 3.19464 -2.16544 10.4215 -2.78351 4.37119 -3.76608
1.36675 1.90279 2.95572 0.473949 -0.240627 0.0752659 1.40212 1.91807 2.98932 0.476672 -0.200188 0.105057
-1.73649 -2.14909 -3.08711 -0.61869 0.380373 0.0518561 -1.77167 -2.14351 -3.14428 -0.627236 0.377619 0.062676
-1.81129 -1.70013 -4.37806 -0.807631 0.427065 -1.31541 -1.81091 -1.74808 -4.41324 -0.79239 0.40169 -1.28859
0.629586 -7.12026 -0.663184 -3.73777 -4.15014 3.30688 0.54163 -7.13512 -0.728556 -3.74647 -4.16384 3.31744
0.915731 0.882371 0.154602 -0.611852 0.416585 0.0860954 0.973895 0.934292 0.137985 -0.60622 0.402686 0.0881124
-1.23529 -1.49886 -3.73296 -0.0265563 0.372493 0.347553 -1.26172 -1.54113 -3.7653 -0.030601 0.350707 0.325961
-0.242188 1.34101 0.778129 0.681814 -0.880603 0.901009 -0.22346 1.3296 0.757187 0.68374 -0.843873 0.895471
-3.23283 -3.90288 -4.11106 -0.746355 0.441002 0.870524 -3.28614 -3.94187 -4.13112 -0.720164 0.435823 0.81584
-0.49061 1.36481 -0.317507 -0.196836 1.15132 -0.962814 -0.428661 1.38168 -0.381005 -0.203044 1.10103 -0.917569
-0.925082 -0.453832 0.159414 -0.146062 -0.279889 -0.180736 -0.946285 -0.425796 0.184454 -0.126563 -0.290803 -0.180229
8.64733 0.196933 -3.88679 5.18377 -3.0923 3.36857 8.73434 0.199214 -3.9221 5.23726 -3.08387 3.3677
-0.168096 -1.67996 -3.15916 0.495953 0.188727 -0.0218342 -0.180072 -1.69508 -3.16643 0.498555 0.193423 -0.00743009
-1.36194 -0.383868 -0.27886 -0.369436 -0.200825 0.21449 -1.40061 -0.406295 -0.274819 -0.367637 -0.220485 0.181104
-13.9879 -13.6541 -11.7344 0.711907 -0.375019 -0.652307 -14.0326 -13.7187 -11.6967 0.7178 -0.387759 -0.624678
-3.8854 -3.3777 -3.55841 -0.646149 0.101734 0.441567 -3.9062 -3.36138 -3.5267 -0.646942 0.0907741 0.435255
-0.388887 -0.302943 0.477997 0.20131 -0.288286 -0.292601 -0.342464 -0.224352 0.51112 0.179601 -0.298251 -0.31102
0.4651 -0.46662 1.09483 -0.0232349 -0.0757692 0.105747 0.49256 -0.443491 1.07085 -0.0556214 -0.0839016 0.10902
-1.02569 -0.74781 -0.510201 -0.15019 1.76881 -1.4061 -0.990908 -0.789835 -0.500578 -0.184863 1.76846 -1.41986
-3.35145 -1.60325 -1.25498 -0.0945004 0.378972 -0.722646 -3.31981 -1.57979 -1.21559 -0.0754984 0.339491 -0.7363
-0.146198 -1.2673 -0.883856 -0.239798 0.831963 -0.0412576 -0.165132 -1.21984 -0.817653 -0.247152 0.831397 -0.0191431
-6.4892 -10.7015 0.860417 2.89408 3.35514 1.14615 -6.60738 -10.8154 0.804663 2.86327 3.33468 1.17554
-3.97921 -1.655 -2.50735 -0.324519 0.236376 0.128422 -3.97296 -1.64526 -2.51509 -0.317082 0.21101 0.125884
-2.98576 -1.63423 -3.16595 -0.584406 -0.0398691 0.00289872 -2.92769 -1.61672 -3.14052 -0.592687 -0.0151224 0.0389459
-4.44644 -2.94645 -5.04215 0.0642179 0.625367 -0.118307 -4.51037 -2.9725 -5.12093 0.0250964 0.644992 -0.0911582
-1.44678 -0.450152 -1.62533 -1.00937 1.32831 -0.752067 -1.37162 -0.429373 -1.54076 -0.986866 1.2696 -0.795035
1.75598 0.591569 0.741282 -1.02721 1.47129 -1.37347 1.80741 0.560282 0.758492 -0.998642 1.45099 -1.39412
1.78438 -2.46074 -0.114147 0.265525 0.459795 -0.352614 1.80067 -2.40832 -0.0424316 0.223573 0.442961 -0.309568
2.54564 0.771446 1.34779 -0.329991 0.275427 -0.0993431 2.51486 0.770752 1.29859 -0.360763 0.275002 -0.0862487
-2.00886 -1.26483 -1.9666 -0.454977 0.0722213 0.313808 -2.03537 -1.22991 -1.89605 -0.458958 0.0473329 0.319798
-0.00296308 -0.44197 -0.554244 -0.371439 -0.448112 0.340424 -0.0156272 -0.422625 -0.531918 -0.366901 -0.439056 0.33546
-4.81462 -5.99856 -3.75681 -0.2787 -0.0757679 -0.205289 -4.82896 -5.97453 -3.75347 -0.282673 -0.0541705 -0.162261
-1.53096 1.00631 -1.05219 0.00976235 -0.772944 -0.0694852 -1.53624 1.02484 -1.04304 0.0417266 -0.771506 -0.0341685
-2.53475 -0.184807 -2.80845 0.80572 -0.300626 0.318944 -2.47517 -0.108701 -2.75169 0.799979 -0.276773 0.309245
0.890562 0.0756184 -0.820059 -0.301024 0.514465 0.182404 0.894145 0.0670456 -0.808955 -0.294853 0.477037 0.218013
-14.7109 -11.8918 -8.44575 -3.38624 2.62918 1.9759 -14.8142 -11.9764 -8.44577 -3.36452 2.60926 1.99371
-1.34437 -0.926449 -1.13853 0.00892845 0.155565 0.0750976 -1.40775 -0.997542 -1.20501 -0.0276 0.157732 0.109477
0.708442 0.173422 0.940846 -0.2425 -0.123714 -0.561048 0.692854 0.131839 0.945083 -0.225373 -0.146059 -0.520116
0.752994 -0.739323 -0.966408 0.222918 0.516211 0.626569 0.658638 -0.798016 -1.02738 0.206786 0.563306 0.650367
0.63197 1.50547 2.76368 0.484852 0.611102 0.985413 0.617988 1.53116 2.75977 0.434362 0.639328 1.00877
-1.23567 -2.821 -0.845159 0.776904 -0.364962 -0.173117 -1.20858 -2.8101 -0.821679 0.858397 -0.394607 -0.184211
-2.38021 -2.77054 -1.03401 0.302897 0.452468 0.0813846 -2.46064 -2.75701 -1.07078 0.311142 0.474916 0.0816104
-3.49038 -0.88118 -1.32604 0.169089 0.0642423 0.280413 -3.44866 -0.812647 -1.3229 0.153623 0.00423938 0.264138
-2.54356 -1.28998 -1.04472 0.472241 0.12409 0.237771 -2.5597 -1.31904 -1.08639 0.479517 0.126797 0.251352
-3.96346 -3.39435 -0.986636 0.49591 -0.0342819 0.430642 -3.98434 -3.41132 -1.00258 0.481535 -0.0785898 0.463049
-12.7103 -9.29961 -7.96511 3.58797 -1.76966 2.31979 -12.7293 -9.37739 -7.91817 3.60238 -1.7441 2.32196
-1.37965 -3.4072 -3.8434 0.385942 -0.305477 0.240785 -1.37255 -3.40102 -3.86483 0.423327 -0.272169 0.217422
0.406935 0.740898 2.24929 -0.704537 0.461627 -0.0427756 0.462143 0.79227 2.28931 -0.705541 0.483546 -0.0314928
-1.45074 -1.51037 -1.57699 -0.863151 0.051102 0.219067 -1.5307 -1.54548 -1.59023 -0.863939 0.0866223 0.235771
-3.06692 -4.27071 -3.63345 0.336947 0.448331 0.0801297 -3.1014 -4.32359 -3.68979 0.34656 0.494434 0.0719769
-1.71774 -0.865054 0.678306 0.144639 0.213935 -0.44586 -1.68834 -0.878405 0.743012 0.141162 0.238403 -0.417354
-1.19891 -2.40699 0.413218 0.185795 0.324261 0.259833 -1.23009 -2.48456 0.342536 0.17093 0.300236 0.289359
-1.53084 -1.01299 -0.18954 -0.52762 0.177373 0.0349135 -1.50274 -0.921905 -0.122695 -0.478222 0.16384 0.0631475
-2.72488 -0.788544 -1.43248 0.546954 -0.056858 0.172547 -2.75762 -0.788524 -1.41505 0.555952 -0.0967094 0.221263
-3.00805 -2.87154 -0.239861 -0.533056 0.464416 0.286374 -2.98528 -2.8533 -0.193819 -0.494847 0.459823 0.249466
0.849227 0.931631 1.26758 -0.103961 -0.511035 -0.196997 0.878183 1.0223 1.34566 -0.0903739 -0.513028 -0.194173
-2.15079 -0.804705 -0.111221 -0.533154 0.139445 0.757768 -2.07618 -0.761043 -0.0709178 -0.525833 0.160525 0.768303
-4.6522 -4.5419 -4.03666 0.260396 0.0455315 0.103011 -4.74116 -4.61969 -4.01625 0.225751 0.0478532 0.11846
-13.5319 -11.3902 -13.8608 -1.50034 -1.47397 -2.73825 -13.5371 -11.3797 -13.7883 -1.49153 -1.46758 -2.73233
0.822462 -1.11005 0.259912 0.153331 -0.092071 0.286803 0.9103 -1.00181 0.263328 0.10889 -0.0644515 0.277571
-1.28467 -0.969462 -2.30104 0.0684416 -0.420411 0.0995163 -1.23193 -1.01313 -2.27821 0.021438 -0.403141 0.0892315
-2.57991 -2.07717 -3.04155 -0.0277548 -0.103975 0.226816 -2.53403 -2.06967 -3.02061 -0.0308971 -0.0987298 0.271694
-0.792793 -0.600096 -1.04163 0.391465 0.0135321 0.0100684 -0.749707 -0.561902 -0.990738 0.389346 -0.00315123 0.0184162
-3.66706 -2.8113 -3.77611 0.616016 0.571269 0.16688 -3.59818 -2.80091 -3.76771 0.619918 0.564903 0.177058
0.358888 -1.86507 -1.68362 -0.562263 0.363757 -0.545152 0.326762 -1.90098 -1.72042 -0.620538 0.390615 -0.514648
-3.76655 -4.05206 -1.3393 0.553159 -0.095862 -1.00117 -3.71832 -4.0289 -1.29084 0.540712 -0.145009 -0.991832
-2.63877 -2.40592 -1.32786 -0.457451 0.208607 0.281692 -2.60686 -2.33439 -1.27542 -0.44912 0.203306 0.292267
1.99353 -0.13935 0.237131 -0.419854 -0.277214 -0.299492 2.04117 -0.135403 0.330344 -0.409871 -0.320932 -0.293487
-1.3816 -1.56453 -1.04281 0.19829 0.0249317 0.280768 -1.29587 -1.56531 -1.0109 0.234207 0.0487942 0.300232
0.51473 0.398267 -0.736231 -0.0114227 -0.625106 0.230088 0.592494 0.453536 -0.654636 -0.00103066 -0.642061 0.211827
-1.24053 -2.24961 -3.74259 -0.339208 -0.491843 -0.624767 -1.2659 -2.3318 -3.78271 -0.311358 -0.505378 -0.625555
1.27832 -2.14506 0.038522 -0.467569 -1.04311 -0.0413908 1.23969 -2.1847 0.0671323 -0.464527 -1.0089 -0.0138148
-1.84001 -3.60565 -4.60977 -0.578372 0.0471276 0.0896113 -1.94532 -3.65173 -4.65997 -0.587352 0.0158609 0.11788
-4.83583 -3.35558 -2.6319 0.0476307 0.203576 0.549131 -4.84523 -3.37692 -2.71215 0.053194 0.206024 0.510449
0.0855372 -0.835713 -0.0105167 -0.349471 -0.232394 0.289703 0.129748 -0.81276 0.00334773 -0.347302 -0.21932 0.338425
-0.639244 1.52585 0.324423 -0.24333 -0.504594 -0.0266596 -0.616191 1.6172 0.385284 -0.224004 -0.492575 0.0109392
-1.54102 0.333501 -2.81029 -0.282113 0.65419 -0.352381 -1.54781 0.28374 -2.77497 -0.301065 0.618406 -0.357615
-1.80777 1.58365 -1.49169 -0.472397 0.586812 0.303871 -1.87055 1.55867 -1.51343 -0.479738 0.594811 0.30616
-2.4483 -3.10854 -2.59395 0.292534 -0.0908806 0.779256 -2.43855 -3.11707 -2.60835 0.271189 -0.110527 0.746862
-2.09161 -2.58734 -2.58609 -0.48341 0.659769 -0.0863093 -2.07109 -2.5768 -2.57346 -0.449317 0.602889 -0.112967
0.535244 -2.15602 -0.134422 0.368223 -0.00561453 0.567215 0.712456 -2.07974 -0.0832876 0.323198 -0.00283856 0.584036
-0.686618 -0.0760583 -1.16006 -0.150252 0.198624 -0.0257489 -0.726339 -0.116613 -1.19716 -0.198355 0.222376 0.00593662
0.426639 0.262492 -0.00855979 2.08606 -3.19425 -0.993342 0.357962 0.164849 -0.0910789 2.07681 -3.18416 -1.0032
2.36025 2.02673 2.2234 -0.693108 1.40754 -1.49334 2.19747 1.95566 2.19022 -0.712909 1.38585 -1.48986
0.0116346 -0.200904 0.199786 -0.574555 1.48791 -1.60066 -0.0760046 -0.271241 0.058962 -0.581283 1.48658 -1.6224
-1.28407 0.153199 -1.13908 2.439 -3.74047 -1.61664 -1.33462 0.0889064 -1.14894 2.45054 -3.7252 -1.58493
-0.26861 1.04064 1.84679 2.10406 -3.01868 -1.26782 -0.323312 0.958364 1.76135 2.07536 -3.03077 -1.25899
-0.775388 -0.33493 -2.22157 -0.457236 1.18625 -1.61643 -0.857295 -0.34308 -2.21882 -0.466474 1.19748 -1.61676
0.062631 1.37383 0.480828 -0.870981 1.45623 -1.43208 0.0430224 1.39139 0.477383 -0.874418 1.44881 -1.43886
-1.01569 -0.203863 -0.215957 -0.77575 0.538753 -1.60289 -0.973705 -0.21895 -0.238581 -0.783044 0.530935 -1.59529
-3.83793 -4.94746 -3.78929 -0.545726 1.26371 -1.31666 -3.87493 -4.93854 -3.81142 -0.556652 1.25947 -1.30999
0.637013 0.939278 1.46455 -0.315207 -0.406634 0.343578 0.619814 0.934639 1.40155 -0.329519 -0.391327 0.351601
-1.70139 -2.67705 -3.35562 0.0117442 -0.572383 -1.32253 -1.74386 -2.73834 -3.37339 0.0244998 -0.546058 -1.32031
4.37545 4.60248 3.46353 0.888574 2.60073 3.37997 4.39047 4.58866 3.39871 0.908571 2.62699 3.40548
-0.504696 0.587368 0.686423 0.521608 -1.26781 -1.72661 -0.540007 0.537482 0.623074 0.510612 -1.27258 -1.71226
-0.328008 -1.63487 -1.15292 1.03189 -1.40196 -1.79863 -0.358806 -1.65929 -1.20417 1.00388 -1.40488 -1.80075
-1.28542 -2.94577 -1.2959 0.661081 2.26231 2.56166 -1.25067 -2.92807 -1.31083 0.641325 2.26464 2.57129
-0.362242 0.641569 -0.421138 2.53561 -3.26892 -1.82454 -0.358712 0.646803 -0.427826 2.51694 -3.24185 -1.82559
2.91001 3.16213 4.12683 -0.436512 1.59863 -1.9319 2.83673 3.16167 4.02792 -0.453147 1.58006 -1.9573
-2.1036 -2.79964 -1.62595 0.0968561 1.44499 -1.3073 -2.0829 -2.80179 -1.59972 0.0950956 1.42909 -1.27999
1.78549 -0.800587 0.966276 0.24401 -1.31246 -1.73339 1.74444 -0.836993 0.914946 0.239937 -1.3129 -1.75659
-3.25556 -3.50314 -1.6844 -0.175567 1.11727 -0.898005 -3.2269 -3.46481 -1.65495 -0.160736 1.12148 -0.876581
-1.59318 -1.30254 -2.00704 0.353532 1.12269 3.39657 -1.6151 -1.31088 -2.0262 0.368384 1.13728 3.37107
-3.40279 -2.30054 -1.54711 -0.373255 -0.134076 -0.0916702 -3.38144 -2.26951 -1.52134 -0.368895 -0.149781 -0.0871327
0.601895 0.106249 1.16738 0.228719 1.55355 3.40999 0.576637 0.0718418 1.1617 0.199379 1.57566 3.38913
-2.21786 -1.90744 -2.94418 -0.787652 1.23814 -1.63035 -2.22726 -1.95173 -2.99674 -0.771837 1.20566 -1.64372
-1.54084 -1.62881 -1.12201 0.596898 1.24414 3.35828 -1.591 -1.6422 -1.11166 0.612514 1.26475 3.36156
-0.07629 -1.80863 -1.71673 -0.876402 1.33996 -1.40169 -0.0750008 -1.88654 -1.71079 -0.884704 1.32612 -1.42225
-3.68125 -2.2134 -2.71569 0.999582 1.60703 2.76174 -3.66345 -2.14854 -2.65399 0.971251 1.58686 2.72596
-0.505176 -5.53288 -1.46856 -2.39799 0.457777 -2.74446 -0.496485 -5.54328 -1.53593 -2.39595 0.458599 -2.71825
-0.196951 -1.74403 -0.779047 0.0929461 0.222315 -0.170838 -0.222871 -1.76304 -0.814135 0.109888 0.227821 -0.163413
-1.8048 -1.92355 -2.38478 0.249255 0.298629 0.28565 -1.83926 -1.95834 -2.38378 0.269823 0.294986 0.274672
1.21392 -0.0464021 -0.300473 0.527436 1.84051 3.16511 1.23971 -0.0134317 -0.298858 0.529726 1.81628 3.15827
-3.28218 -3.14471 -0.734589 -0.377999 -0.185802 -0.385204 -3.28304 -3.14859 -0.678486 -0.328194 -0.158147 -0.387
-0.520071 0.452227 1.75472 0.168847 -0.153574 -0.899639 -0.491597 0.504509 1.71828 0.181858 -0.189468 -0.906583
-2.3936 -3.21783 -0.61833 0.988176 1.19669 3.19795 -2.38951 -3.23808 -0.633609 1.00573 1.19699 3.18152
1.40893 -0.638012 0.122803 -0.486145 0.286104 -0.15154 1.37703 -0.672579 0.116744 -0.438376 0.287004 -0.150725
-4.54585 -2.62661 -3.57592 0.759391 1.40751 2.3091 -4.52092 -2.55606 -3.492 0.746425 1.39025 2.28816
-4.26352 -0.542243 4.3034 -0.417611 2.09651 1.06749 -4.30213 -0.599997 4.23853 -0.393039 2.05015 1.03487
-2.46784 -0.366335 3.30341 3.02148 0.767129 0.0560674 -2.5008 -0.373527 3.27601 3.02929 0.769445 0.0365542
-1.02161 -0.0280364 0.577676 0.310801 0.465416 0.0601965 -1.08121 -0.0992739 0.533805 0.311151 0.475537 0.061108
-6.56724 -5.02787 -1.54747 2.27902 -2.03421 0.596363 -6.65019 -5.08417 -1.63382 2.28135 -2.02317 0.608674
-1.88302 -2.1764 -2.86245 0.515231 0.0162176 -0.0624278 -1.91092 -2.14922 -2.89954 0.560284 0.0177089 -0.0420874
0.214908 0.361678 -1.32006 0.409985 2.04603 2.6204 0.181018 0.3937 -1.33994 0.430908 2.02913 2.61872
-1.30545 -1.21 -3.67851 0.768519 0.884556 2.65047 -1.28463 -1.20127 -3.66315 0.749883 0.875988 2.63187
8.10946 4.57887 2.28941 -0.169097 1.47773 -3.78173 8.1529 4.55 2.28273 -0.220486 1.50733 -3.79919
0.636398 0.088758 0.444076 1.59454 1.56719 2.61822 0.686717 0.129177 0.538621 1.61966 1.59337 2.64494
2.071 2.67709 1.30073 -0.094672 -0.708245 0.511199 2.0584 2.78159 1.2779 -0.0927684 -0.691306 0.480298
3.85464 0.855734 3.11759 -0.538729 -0.0597254 -0.352934 3.8418 0.853674 3.08661 -0.526489 -0.0289935 -0.347497
1.97641 2.38031 1.74446 1.0977 0.904021 2.73533 2.00791 2.47329 1.68431 1.12305 0.93606 2.70047
-5.77776 -3.57373 -4.2403 0.606988 1.24496 2.36991 -5.76076 -3.51699 -4.13729 0.615116 1.23345 2.37809
1.50623 3.12676 0.146296 -0.306334 0.709152 -0.276333 1.52906 3.22244 0.140569 -0.309287 0.763956 -0.312087
-0.987614 -0.695661 0.807035 0.180817 -0.158728 0.195446 -0.957952 -0.711387 0.787299 0.187629 -0.171841 0.200507
-7.10641 -0.216571 -5.15103 3.55155 -0.177652 -2.23519 -7.11104 -0.209454 -5.15505 3.54604 -0.151468 -2.19767
-7.91779 -1.86892 -7.55285 -1.38183 -1.46932 -1.73621 -7.88348 -1.89538 -7.57003 -1.38107 -1.45661 -1.73274
-7.14767 4.70931 -6.97539 -1.02541 -4.33397 -0.670269 -7.15406 4.71832 -6.99706 -1.04193 -4.33614 -0.673995
-1.55362 -0.369516 0.254927 -0.434505 0.36722 0.15887 -1.53078 -0.38388 0.217064 -0.440668 0.316278 0.178316
-2.9116 -3.05755 -2.806 0.442536 -0.837568 0.357177 -2.92365 -3.0833 -2.79435 0.44028 -0.842961 0.374701
-0.304438 -0.0361334 -0.397453 0.0638793 -0.116862 -0.548405 -0.364814 -0.070329 -0.375518 0.0402227 -0.143726 -0.542027
-4.11403 -4.06705 -4.82644 -0.334374 -0.163004 0.474889 -4.10002 -4.05432 -4.76997 -0.359664 -0.179664 0.454131
-6.34067 -3.54272 -3.04623 0.105098 -0.479678 -0.372465 -6.28987 -3.52402 -3.01155 0.0990646 -0.491106 -0.351187
0.523911 -1.71015 0.557415 0.172423 0.969102 -1.68295 0.586649 -1.70168 0.543665 0.166588 0.992884 -1.64409
0.739989 -1.58844 -1.33338 -0.368575 0.400426 -0.202626 0.723937 -1.64383 -1.36384 -0.350669 0.360939 -0.195922
-1.40903 0.979159 0.293797 -0.411734 0.662604 -0.272668 -1.44755 0.950665 0.251656 -0.401289 0.655992 -0.258952
1.05847 1.22751 0.0565953 -0.878652 1.0927 -0.574613 1.08456 1.23326 0.0513959 -0.858822 1.09456 -0.545606
-3.22137 -3.79909 -1.81912 -0.0151438 -0.156616 -0.0292159 -3.25528 -3.81588 -1.81866 0.0252554 -0.12388 -0.0295673
-2.44074 -2.72984 -2.38965 -0.805735 1.59394 -1.12105 -2.42928 -2.66166 -2.35726 -0.816011 1.5765 -1.11582
-1.44234 -1.57847 -2.22 0.355858 -0.746297 0.350569 -1.54899 -1.70233 -2.23123 0.36945 -0.71788 0.332695
-1.44211 -2.16576 -8.60306 -4.43411 -3.40578 -0.930842 -1.36014 -2.12451 -8.56005 -4.44357 -3.3893 -0.945037
1.22503 -0.358425 -5.47957 -1.70478 -4.01172 -3.22692 1.25015 -0.314037 -5.472 -1.72092 -4.00687 -3.18909
1.48876 -10.0997 -5.2875 3.1196 -0.881966 2.22671 1.50067 -10.0862 -5.30419 3.11532 -0.90897 2.23892
-0.681752 -0.570663 1.01701 -0.509739 0.776508 -1.23435 -0.789936 -0.726504 0.900374 -0.503502 0.766115 -1.21922
-0.629702 -4.79526 -9.60238 -2.59265 -3.83861 3.07736 -0.57951 -4.7572 -9.53803 -2.62857 -3.84838 3.04877
-1.69116 0.873163 -0.725057 0.0182156 -0.0128009 -0.633162 -1.69457 0.894129 -0.662344 0.0394298 0.00477512 -0.667551
5.8745 6.73343 -1.27789 -3.79492 4.11109 -0.979672 5.87341 6.72452 -1.38695 -3.86992 4.1035 -0.94952
1.49943 3.33089 2.59658 -0.0872493 1.55166 -1.45181 1.50295 3.38707 2.59219 -0.0788813 1.55573 -1.45529
0.307855 0.701622 -0.538761 -0.128894 0.983222 -1.57828 0.279561 0.73943 -0.544756 -0.144036 0.939227 -1.55512
-4.48715 -4.49848 -1.72218 -0.882684 0.935837 -0.906419 -4.44359 -4.47245 -1.66531 -0.874806 0.936119 -0.912472
-0.623843 -1.18865 -1.53376 0.783147 -0.0578645 -0.235736 -0.598526 -1.24299 -1.53094 0.751217 -0.0884812 -0.231363
-4.6868 -3.53374 -3.11002 -0.177023 -0.562304 -0.44734 -4.71849 -3.59968 -3.20878 -0.173838 -0.546068 -0.462783
-3.09712 -5.37389 -3.11386 0.490329 0.108743 0.268984 -3.08187 -5.40537 -3.09763 0.492486 0.138214 0.222789
6.36154 2.77161 -5.70973 1.40861 3.57421 0.745417 6.40604 2.75737 -5.71046 1.42757 3.54865 0.766158
-2.31496 -2.92592 -2.68066 0.166206 -0.0736126 -0.236028 -2.34119 -2.95522 -2.67064 0.157303 -0.045003 -0.245413
-1.16937 -0.486604 0.111979 0.501301 -0.167956 0.154093 -1.24758 -0.562299 0.0489422 0.466685 -0.148947 0.142564
0.301806 1.17162 -1.80674 -0.0768661 0.446231 0.0804965 0.277824 1.1668 -1.82275 -0.100472 0.443243 0.123645
-0.569551 0.458364 1.61096 0.783898 -0.162045 -0.311094 -0.585992 0.405655 1.58363 0.746651 -0.220551 -0.343418
2.76203 1.7351 1.93834 0.292553 0.678964 0.546988 2.77151 1.78783 1.96475 0.326663 0.649611 0.54587
-1.74243 -2.67042 -0.581641 -0.259496 -0.388942 0.36995 -1.73301 -2.69092 -0.633667 -0.215356 -0.387752 0.314037
0.678952 1.06437 2.44485 -0.205537 -0.585509 0.352668 0.723472 1.07757 2.48771 -0.173559 -0.55294 0.326128
10.579 2.93972 0.16518 -3.30163 -4.30673 4.85187 10.5769 2.95284 0.141126 -3.37436 -4.28056 4.8733
-8.07686 2.91503 -6.91049 1.55985 -3.30746 -3.99123 -8.06902 2.89324 -6.92684 1.5798 -3.26636 -3.96117
-5.06087 -5.47661 -5.41635 -0.369685 -0.0710695 -0.466013 -5.03663 -5.40324 -5.34306 -0.337476 -0.0467025 -0.445888
-0.555569 0.869185 -0.905766 -0.528108 1.01794 -1.01248 -0.608534 0.798887 -0.989916 -0.518291 1.05048 -1.03557
-2.84072 -2.0333 -1.42057 -0.32488 0.164409 -0.366733 -2.83172 -2.04615 -1.41958 -0.35103 0.134379 -0.373035
1.24011 1.46136 1.21388 -0.215382 0.834456 -0.593252 1.17962 1.36676 1.19617 -0.234404 0.892924 -0.581201
-2.14148 -2.78704 -2.22228 0.216499 -0.127866 -0.473712 -2.14365 -2.78672 -2.24353 0.262631 -0.15808 -0.484962
-1.29693 -0.797056 -1.23617 -0.295458 -0.411941 0.189492 -1.28327 -0.813244 -1.20934 -0.313024 -0.416489 0.195368
-3.74512 -3.39038 -4.41053 -1.10706 0.698366 -0.302107 -3.77301 -3.39637 -4.37054 -1.09932 0.71734 -0.293635
-0.710514 -1.54941 -1.47991 0.17655 0.0314567 0.400975 -0.682721 -1.54919 -1.47516 0.132089 0.0429154 0.40351
-0.487408 -1.34671 -1.15238 0.167804 0.221022 0.670953 -0.457717 -1.33652 -1.1047 0.183084 0.255904 0.657131
0.07971 -0.642622 0.447741 -0.936985 -0.330521 0.151428 0.0600714 -0.582343 0.499162 -0.937139 -0.288682 0.0985469
-0.258188 0.549986 -2.00689 -0.875686 0.859422 -1.46027 -0.190004 0.590792 -1.97059 -0.896422 0.845328 -1.443
-2.63495 -3.46358 -0.48425 -0.191575 -0.186622 -0.542045 -2.62464 -3.49147 -0.478963 -0.18657 -0.222912 -0.560401
0.398238 -1.08884 -1.19029 -0.161012 -0.406662 0.68841 0.429795 -1.04144 -1.19578 -0.124933 -0.416882 0.713015
10.6323 13.2411 -1.84139 0.30808 0.270281 1.11063 10.7565 13.4033 -1.84821 0.277825 0.272213 1.11965
-2.25043 -2.61139 -1.42762 -0.119334 0.281149 0.235614 -2.17595 -2.58969 -1.37609 -0.132065 0.268781 0.210987
-0.546928 0.441597 -1.14999 -0.536705 0.294052 -0.813383 -0.612467 0.444795 -1.20971 -0.526298 0.304569 -0.790693
-3.23699 -4.74653 -3.93367 0.701654 -0.0913755 -0.627782 -3.25985 -4.78519 -3.94056 0.692174 -0.0603378 -0.611393
-0.712117 -1.74086 -1.62219 -0.0842768 0.0863668 0.244541 -0.699181 -1.69983 -1.56159 -0.101533 0.101856 0.2104
13.6144 17.6868 5.76189 -0.915062 -0.914786 1.44343 13.784 17.8308 5.70164 -0.979857 -0.905546 1.50053
2.03136 0.61804 -0.483746 -0.750818 -0.0504307 0.658329 2.22374 0.761487 -0.433776 -0.700532 -0.0523601 0.649536
-0.792728 -0.454918 -1.42298 -0.076896 -0.210343 -0.483154 -0.776665 -0.505971 -1.46128 -0.0621021 -0.194199 -0.485542
-0.972261 -3.75858 -1.88781 -0.623149 0.332628 0.0278009 -0.901029 -3.72913 -1.84391 -0.610976 0.330174 0.00759124
-4.65441 -3.92411 -2.64661 0.285708 -0.958712 -0.143585 -4.60059 -3.91392 -2.63923 0.280243 -0.951392 -0.151465
15.531 4.11297 14.7955 0.058393 4.5821 3.31389 15.8 4.30547 15.0455 0.0484353 4.61397 3.43462
-13.9045 -13.2871 -12.0454 -2.10047 3.59516 2.44478 -13.8795 -13.2924 -11.9359 -2.10701 3.57896 2.4579
1.68146 3.26106 3.0582 0.256626 0.222768 -0.455897 1.67709 3.29208 3.05762 0.286951 0.257621 -0.447268
-2.73369 -3.78997 -3.79018 -0.332324 -0.459066 -0.537988 -2.70979 -3.80376 -3.80374 -0.336731 -0.449882 -0.535999
-1.66127 -2.5315 -0.554951 0.286534 -0.0178695 -0.0929507 -1.61587 -2.58758 -0.62568 0.28003 0.00285774 -0.113069
2.07939 0.759031 -1.00292 0.261514 0.622068 0.199325 2.03672 0.766071 -1.00816 0.240799 0.613425 0.155127
-2.05782 -1.56703 -0.569598 0.015492 0.440446 0.256045 -2.13801 -1.60702 -0.564702 0.017714 0.429876 0.230684
-2.93082 -3.27971 -4.09138 0.0365204 0.457093 0.0284494 -3.00071 -3.34399 -4.09705 0.037975 0.459428 0.0543771
-13.5153 -14.5873 -12.6017 0.686716 -0.777538 -2.08763 -13.5515 -14.6372 -12.5146 0.683091 -0.775507 -2.09592
-2.65197 -1.51161 -1.39933 -0.429365 0.414161 -0.201673 -2.61313 -1.50077 -1.3502 -0.379614 0.414921 -0.251536
-2.80733 -0.371106 -1.9224 0.163555 -0.0971436 0.147036 -2.81854 -0.278623 -1.93771 0.183395 -0.109203 0.112008
0.273548 1.38016 0.750417 -0.335363 0.364872 0.127574 0.289795 1.39064 0.827968 -0.333592 0.359042 0.0923141
0.807434 -0.00848127 -0.250481 -0.00225933 -0.642208 0.0745627 0.843731 0.00705938 -0.208978 0.00981738 -0.65307 0.0630527
-2.21061 -1.64785 0.27894 0.0732244 0.547017 0.0582134 -2.1002 -1.58035 0.412647 0.0672391 0.530643 0.111411
-1.41202 -0.957449 -1.73886 0.189633 -0.676158 -0.282486 -1.42618 -0.902909 -1.73469 0.178024 -0.653078 -0.259804
0.0128402 0.593456 -0.321115 -0.744448 0.776953 -0.0661913 0.0829228 0.585482 -0.270415 -0.750026 0.76633 -0.106081
-1.94283 -2.49324 -2.11271 0.376926 0.5096 -0.818719 -1.96373 -2.52831 -2.12512 0.345408 0.496112 -0.860877
11.1319 16.8801 18.6146 3.42727 3.11304 -0.731656 11.2796 17.0819 18.9246 3.54821 3.22389 -0.730634
-2.46894 -1.05686 -1.19256 -0.0448607 -0.483759 0.324144 -2.39074 -1.01297 -1.08785 -0.0517207 -0.480727 0.291801
0.256647 2.00057 0.635434 0.481311 -0.190521 -0.144164 0.243807 2.0157 0.697275 0.493161 -0.164851 -0.149738
-3.46323 -1.48549 -2.42356 0.0226582 0.0666949 0.342386 -3.49954 -1.4832 -2.47572 0.0307044 0.0628517 0.334893
2.55302 -1.18369 0.288957 0.149086 -0.343829 0.418365 2.589 -1.2028 0.278863 0.138473 -0.345878 0.426213
-2.96516 -2.82814 -2.29043 -0.315489 -0.0320878 0.158171 -2.98526 -2.83352 -2.30134 -0.292708 -0.0199583 0.17908
-3.91472 -4.32658 -2.66818 0.031847 0.369469 -0.491148 -3.83394 -4.25357 -2.56559 0.0127431 0.372691 -0.469685
-14.6591 -12.7691 -8.60752 2.62192 2.94154 1.71495 -14.7579 -12.823 -8.58403 2.61409 2.92457 1.68105
0.45975 1.35251 0.415943 -0.708188 -0.630263 -0.763629 0.506298 1.41141 0.419024 -0.689604 -0.628632 -0.799628
-2.75157 -3.0964 -1.60481 -0.144769 -0.247216 0.0492647 -2.76283 -3.13718 -1.58855 -0.127624 -0.269638 0.0621012
-2.37582 -3.76913 -0.674108 0.0220346 -0.0108892 0.179104 -2.40024 -3.84009 -0.748923 0.0534623 0.0126882 0.157953
-0.697982 -1.55487 -2.95554 -0.388787 0.670836 0.356672 -0.753743 -1.55284 -3.00883 -0.411427 0.662606 0.321117
-1.10293 -2.30332 -1.03028 0.0700167 0.0124549 0.642977 -1.23113 -2.36007 -1.04581 0.0519055 0.0258849 0.624391
-2.20857 -1.84339 -0.799265 0.124879 -0.0807979 0.372465 -2.2707 -1.9058 -0.800978 0.154593 -0.0892888 0.368607
0.329852 0.0891816 -1.54021 0.23965 0.116021 0.0983146 0.313051 0.0848375 -1.49663 0.234524 0.080182 0.131221
-1.66304 -1.03062 -1.6673 0.00164176 -0.0970205 0.0603682 -1.59008 -0.982778 -1.64118 -0.013611 -0.0820214 0.0393499
-3.51722 -3.87216 -1.86092 -0.797084 0.52274 0.508593 -3.50295 -3.83571 -1.86349 -0.806214 0.519051 0.460599
0.0271974 -1.39092 0.643953 0.126025 -0.108649 0.751025 0.0554977 -1.35773 0.703184 0.141348 -0.114075 0.755656
2.43363 0.777784 1.44186 -0.0293698 0.533169 -0.312536 2.48884 0.788383 1.46453 0.0109386 0.480801 -0.29076
-1.28931 -0.0947889 -0.31072 -0.894377 0.669651 -0.659041 -1.30755 -0.0922907 -0.341704 -0.867086 0.687505 -0.675031
-1.5868 -1.38484 -1.67669 -0.12629 -0.403153 -0.256482 -1.58495 -1.34821 -1.63362 -0.134754 -0.402488 -0.213354
0.0472622 -3.01061 -1.31988 0.460206 0.296367 -0.10651 0.0386463 -3.07102 -1.29832 0.454224 0.310347 -0.112635
-0.876287 -0.607942 1.26656 0.130512 0.33584 0.784453 -0.835057 -0.543213 1.31154 0.2027 0.313316 0.781504
-1.58431 -3.21652 -3.47234 0.0221466 0.452413 -0.376719 -1.55855 -3.21539 -3.43998 0.00736228 0.437475 -0.411973
-3.83586 -2.42984 -2.88973 -0.363421 0.508234 -0.575396 -3.71268 -2.32951 -2.77552 -0.348922 0.506538 -0.57445
-0.880167 -1.18965 -0.167511 0.3955 0.442993 0.116732 -0.865453 -1.14384 -0.155762 0.363668 0.425085 0.127011
-0.614315 -0.907931 -1.13917 0.242932 0.182255 0.044812 -0.494511 -0.798451 -1.07055 0.264969 0.181157 0.0631808
-1.21017 -0.132226 -0.196341 0.217586 0.364532 -0.0233072 -1.12823 0.0125114 -0.0469085 0.214146 0.361111 -0.0538634
-1.77949 -0.552151 -0.580637 0.410445 -1.22607 -0.0920911 -1.76348 -0.530019 -0.600646 0.389238 -1.22534 -0.0790621
-1.61935 -0.711083 -1.64631 0.00195258 -0.407882 0.302647 -1.61754 -0.661634 -1.70348 -0.0341736 -0.349746 0.35022
0.514613 -1.50462 -1.50833 0.157908 -0.0847946 0.382982 0.491022 -1.42032 -1.49775 0.215236 -0.0604472 0.402501
