-7.44353 -7.44339
-7.43625 -7.43618
-7.42984 -7.42983
-7.42458 -7.42441
-7.41689 -7.41685
-7.41165 -7.4115
-7.40957 -7.40967
-7.4041 -7.40421
-7.40247 -7.40239
-7.39894 -7.39889
-7.39405 -7.39412
-7.39193 -7.39174
-7.38771 -7.38761
-7.38541 -7.38514
-7.38299 -7.38277
-7.38101 -7.38124
-7.38054 -7.38077
-7.37962 -7.37984
-7.37748 -7.37748
-7.37315 -7.3735
-7.3716 -7.37189
-7.37099 -7.3714
-7.36816 -7.36831
-7.36673 -7.36652
-7.36527 -7.36497
-7.36317 -7.3631
-7.36235 -7.36233
-7.36057 -7.36081
-7.35931 -7.35913
-7.35836 -7.35849
-7.35714 -7.35746
-7.35546 -7.35545
-7.35382 -7.35415
-7.35286 -7.35316
-7.35264 -7.35261
-7.35154 -7.3515
-7.34954 -7.3493
-7.34786 -7.34797
-7.34707 -7.34716
-7.34619 -7.34599
-7.34488 -7.34509
-7.34455 -7.34463
-7.34416 -7.34418
-7.34302 -7.34304
-7.34236 -7.34247
-7.34232 -7.3423
-7.34125 -7.34113
-7.34036 -7.34051
-7.33846 -7.33861
-7.33808 -7.33836
-7.33793 -7.33791
-7.33673 -7.33699
-7.33646 -7.33641
-7.33629 -7.33612
-7.33578 -7.33585
-7.33494 -7.33496
-7.33405 -7.33394
-7.33323 -7.33319
-7.33271 -7.3327
-7.33223 -7.33217
-7.33098 -7.33112
-7.33024 -7.33016
-7.32933 -7.32925
-7.32908 -7.3289
-7.32836 -7.3284
-7.32825 -7.32804
-7.32775 -7.3277
-7.3266 -7.3266
-7.32608 -7.32586
-7.32507 -7.32475
-7.32476 -7.32442
-7.32404 -7.32401
-7.32289 -7.32279
-7.32245 -7.32231
-7.3218 -7.32159
-7.32079 -7.32078
-7.31971 -7.32018
-7.31994 -7.31976
-7.31938 -7.31948
-7.31951 -7.31927
-7.31906 -7.31902
-7.31835 -7.31862
-7.31772 -7.31771
-7.31728 -7.31749
-7.31675 -7.3165
-7.31623 -7.31608
-7.31564 -7.3158
-7.31478 -7.31497
-7.3144 -7.31439
-7.31416 -7.31409
-7.31364 -7.31371
-7.31346 -7.31327
-7.31219 -7.31229
-7.31027 -7.31028
-7.30946 -7.30947
-7.30876 -7.30876
-7.30854 -7.30839
-7.30774 -7.30792
-7.30735 -7.30761
-7.30725 -7.30688
-7.30627 -7.30613
-7.30537 -7.30554
-7.30542 -7.30507
-7.30445 -7.30441
-7.30345 -7.30399
-7.30367 -7.30345
-7.30235 -7.30241
-7.30212 -7.30196
-7.30183 -7.30161
-7.3014 -7.30129
-7.30094 -7.3008
-7.30015 -7.30005
-7.29922 -7.29926
-7.29884 -7.29863
-7.29746 -7.29754
-7.2967 -7.2969
-7.29621 -7.29637
-7.29535 -7.29538
-7.29483 -7.29471
-7.29435 -7.29453
-7.29375 -7.2939
-7.29341 -7.2934
-7.29317 -7.29271
-7.29214 -7.29223
-7.29168 -7.29168
-7.29159 -7.29125
-7.29004 -7.29032
-7.28965 -7.28961
-7.28926 -7.28897
-7.28819 -7.2881
-7.28758 -7.28754
-7.28726 -7.28703
-7.28654 -7.28621
-7.2854 -7.2855
-7.28461 -7.2846
-7.28431 -7.28397
-7.28407 -7.28375
-7.28252 -7.28243
-7.28237 -7.28172
-7.28133 -7.2815
-7.28098 -7.28107
-7.28039 -7.28018
-7.27826 -7.2781
-7.27778 -7.27718
-7.27594 -7.27634
-7.2761 -7.27529
-7.2731 -7.27331
-7.2714 -7.27141
-7.2705 -7.27047
-7.2698 -7.26952
-7.26647 -7.26673
-7.43944 -7.4393
-7.43574 -7.43565
-7.42701 -7.42692
-7.42159 -7.42146
-7.41674 -7.41677
-7.41145 -7.41145
-7.40765 -7.40767
-7.4038 -7.40383
-7.40209 -7.40226
-7.39805 -7.39789
-7.39342 -7.39345
-7.39056 -7.39056
-7.38732 -7.38728
-7.38459 -7.38479
-7.38228 -7.38242
-7.38088 -7.38118
-7.38041 -7.38055
-7.37906 -7.37918
-7.3768 -7.37678
-7.37339 -7.37324
-7.37189 -7.37181
-7.37053 -7.37072
-7.36823 -7.36825
-7.36643 -7.36648
-7.36479 -7.36442
-7.36248 -7.36277
-7.36203 -7.36196
-7.36019 -7.36029
-7.35869 -7.35892
-7.35805 -7.35815
-7.35669 -7.35666
-7.35486 -7.35491
-7.35374 -7.35408
-7.35307 -7.35282
-7.35263 -7.35257
-7.35059 -7.35042
-7.34938 -7.34924
-7.34738 -7.34768
-7.34686 -7.34673
-7.34584 -7.34574
-7.34513 -7.34494
-7.34451 -7.34444
-7.34327 -7.34347
-7.34304 -7.34279
-7.34233 -7.34242
-7.34238 -7.34227
-7.34094 -7.34097
-7.34031 -7.34022
-7.33843 -7.33846
-7.33811 -7.33821
-7.3377 -7.33782
-7.33674 -7.3369
-7.33641 -7.33638
-7.33606 -7.3361
-7.33564 -7.33568
-7.33473 -7.33464
-7.33414 -7.33372
-7.33307 -7.33316
-7.33262 -7.33263
-7.33197 -7.33208
-7.33052 -7.33031
-7.32978 -7.33008
-7.32909 -7.32908
-7.32893 -7.32886
-7.32809 -7.32813
-7.32803 -7.32784
-7.32775 -7.32761
-7.32647 -7.32621
-7.32574 -7.32571
-7.32438 -7.32462
-7.32425 -7.32414
-7.32331 -7.32326
-7.32262 -7.32271
-7.32227 -7.32216
-7.32159 -7.32155
-7.3205 -7.32022
-7.31985 -7.32001
-7.31982 -7.31971
-7.31946 -7.31941
-7.31924 -7.31924
-7.31911 -7.319
-7.31868 -7.31856
-7.31742 -7.31768
-7.31713 -7.31745
-7.31652 -7.31628
-7.3159 -7.31606
-7.3162 -7.3157
-7.31468 -7.31489
-7.31438 -7.3143
-7.31422 -7.31409
-7.31374 -7.31353
-7.31324 -7.31301
-7.3123 -7.31228
-7.31004 -7.31013
-7.30989 -7.30934
-7.30852 -7.30875
-7.30778 -7.30802
-7.30751 -7.30791
-7.3073 -7.30747
-7.30658 -7.30655
-7.30576 -7.3061
-7.30519 -7.3053
-7.30467 -7.30477
-7.30426 -7.30439
-7.30355 -7.30393
-7.30291 -7.30313
-7.30257 -7.30224
-7.30192 -7.30191
-7.30144 -7.30159
-7.3017 -7.30125
-7.30076 -7.30047
-7.29953 -7.29983
-7.29951 -7.29917
-7.29776 -7.29822
-7.29761 -7.29751
-7.29678 -7.29689
-7.29613 -7.29599
-7.29548 -7.29529
-7.29505 -7.2947
-7.29407 -7.29441
-7.29389 -7.29388
-7.2932 -7.2933
-7.29246 -7.29266
-7.29187 -7.29198
-7.29168 -7.29153
-7.29125 -7.29074
-7.29069 -7.29031
-7.28949 -7.28951
-7.28904 -7.2889
-7.28765 -7.28788
-7.28758 -7.2874
-7.28676 -7.2868
-7.28606 -7.28598
-7.28554 -7.28516
-7.28424 -7.28435
-7.28426 -7.28393
-7.28356 -7.28361
-7.28262 -7.2823
-7.2821 -7.28169
-7.28155 -7.28149
-7.28075 -7.28084
-7.27957 -7.27913
-7.27776 -7.2778
-7.27702 -7.27678
-7.2756 -7.27615
-7.2748 -7.27516
-7.27287 -7.27282
-7.27063 -7.27125
-7.27097 -7.27044
-7.26787 -7.26732
-7.26318 -7.26357
-7.4381 -7.43806
-7.43303 -7.43269
-7.42639 -7.42632
-7.42112 -7.42121
-7.41392 -7.41383
-7.41132 -7.41117
-7.40591 -7.40592
-7.4028 -7.40277
-7.40151 -7.40139
-7.39582 -7.39588
-7.39307 -7.3932
-7.38992 -7.38998
-7.38683 -7.38713
-7.38444 -7.38431
-7.38203 -7.38196
-7.38103 -7.38101
-7.38046 -7.38044
-7.37808 -7.37818
-7.37423 -7.37402
-7.37283 -7.37308
-7.37144 -7.37163
-7.36919 -7.36921
-7.36769 -7.36808
-7.36622 -7.36642
-7.36336 -7.36351
-7.36249 -7.3627
-7.36135 -7.36161
-7.35949 -7.35943
-7.35876 -7.3588
-7.35814 -7.35814
-7.35618 -7.35595
-7.35476 -7.35475
-7.35364 -7.35389
-7.35292 -7.35275
-7.35248 -7.3525
-7.34985 -7.35008
-7.34922 -7.34906
-7.34762 -7.34748
-7.34627 -7.34665
-7.34596 -7.34562
-7.34501 -7.34493
-7.34428 -7.34434
-7.34327 -7.34346
-7.34292 -7.34278
-7.34266 -7.34237
-7.3423 -7.3422
-7.34099 -7.34082
-7.33972 -7.33987
-7.33825 -7.33843
-7.33837 -7.33819
-7.33726 -7.33728
-7.33717 -7.3369
-7.33672 -7.33631
-7.33613 -7.33601
-7.33523 -7.3354
-7.33451 -7.33449
-7.33346 -7.33344
-7.33267 -7.33278
-7.33249 -7.33262
-7.33204 -7.33186
-7.33023 -7.33027
-7.3297 -7.3298
-7.32892 -7.32903
-7.32868 -7.32874
-7.32817 -7.32813
-7.32779 -7.32777
-7.32767 -7.32747
-7.32594 -7.32607
-7.32525 -7.32536
-7.32473 -7.32452
-7.32405 -7.32411
-7.32282 -7.32325
-7.32267 -7.32261
-7.32158 -7.32178
-7.32086 -7.321
-7.32052 -7.3202
-7.32002 -7.31999
-7.31979 -7.31962
-7.31978 -7.31935
-7.31894 -7.31918
-7.31891 -7.31871
-7.31834 -7.31848
-7.31737 -7.31768
-7.31681 -7.31661
-7.31618 -7.31616
-7.31591 -7.31604
-7.31559 -7.31556
-7.31484 -7.31465
-7.31413 -7.31427
-7.31412 -7.31398
-7.31333 -7.31352
-7.31263 -7.31274
-7.31164 -7.31199
-7.3099 -7.30992
-7.30909 -7.30934
-7.3089 -7.30873
-7.30753 -7.30798
-7.30751 -7.30783
-7.30735 -7.30724
-7.30643 -7.30629
-7.30557 -7.30584
-7.30504 -7.30528
-7.30432 -7.30469
-7.30431 -7.3042
-7.30432 -7.30378
-7.3031 -7.30287
-7.30219 -7.30218
-7.30168 -7.30187
-7.30171 -7.30147
-7.30109 -7.30101
-7.30032 -7.30031
-7.29974 -7.29972
-7.29858 -7.29898
-7.29817 -7.29797
-7.29768 -7.29732
-7.29695 -7.29678
-7.29577 -7.29588
-7.29562 -7.29497
-7.29506 -7.29465
-7.29471 -7.29407
-7.2939 -7.29382
-7.29299 -7.29283
-7.29266 -7.2924
-7.29197 -7.29198
-7.29131 -7.29145
-7.29094 -7.29074
-7.29048 -7.29018
-7.28949 -7.28941
-7.28882 -7.28883
-7.28764 -7.2877
-7.28727 -7.28727
-7.28668 -7.2865
-7.28574 -7.28597
-7.28499 -7.28485
-7.28435 -7.28411
-7.28382 -7.28383
-7.28316 -7.28343
-7.28172 -7.28192
-7.28216 -7.28167
-7.28114 -7.28135
-7.2808 -7.28059
-7.27881 -7.27872
-7.27735 -7.2778
-7.27635 -7.27668
-7.27591 -7.27576
-7.27487 -7.27488
-7.27194 -7.27165
-7.27092 -7.27087
-7.27081 -7.27012
-7.26724 -7.2673
-7.43824 -7.43806
-7.43044 -7.43034
-7.42499 -7.42491
-7.41832 -7.41834
-7.41306 -7.4132
-7.41103 -7.41093
-7.40433 -7.40428
-7.40273 -7.40246
-7.39918 -7.3992
-7.39427 -7.39432
-7.39327 -7.39306
-7.38994 -7.38989
-7.38624 -7.38589
-7.38306 -7.38305
-7.38162 -7.38155
-7.38094 -7.38096
-7.37995 -7.38003
-7.37794 -7.37784
-7.37371 -7.37386
-7.37269 -7.37288
-7.37152 -7.37159
-7.36853 -7.36853
-7.36699 -7.36698
-7.36536 -7.36519
-7.36356 -7.36348
-7.36253 -7.36269
-7.36063 -7.36088
-7.35955 -7.35936
-7.35819 -7.35856
-7.35807 -7.35806
-7.35556 -7.35555
-7.35469 -7.35446
-7.3536 -7.35374
-7.3525 -7.3527
-7.35228 -7.35217
-7.34926 -7.34965
-7.34796 -7.3482
-7.3471 -7.34719
-7.34641 -7.34632
-7.3454 -7.34521
-7.34442 -7.34473
-7.34424 -7.34423
-7.34331 -7.34324
-7.34261 -7.34271
-7.34242 -7.34233
-7.34187 -7.34217
-7.34087 -7.34063
-7.33956 -7.33946
-7.33847 -7.3384
-7.33772 -7.33813
-7.3369 -7.33716
-7.33689 -7.33675
-7.3361 -7.33623
-7.33605 -7.33587
-7.33487 -7.3352
-7.33415 -7.33427
-7.33292 -7.33326
-7.33286 -7.33274
-7.33279 -7.33251
-7.3318 -7.3318
-7.33028 -7.33021
-7.32961 -7.32955
-7.32879 -7.32902
-7.32864 -7.32869
-7.32788 -7.32804
-7.32769 -7.32777
-7.32676 -7.32693
-7.32562 -7.32589
-7.32537 -7.32532
-7.32443 -7.3245
-7.32379 -7.32406
-7.32308 -7.323
-7.32272 -7.3225
-7.3216 -7.32169
-7.321 -7.32092
-7.32005 -7.3202
-7.31991 -7.31976
-7.31959 -7.31954
-7.31943 -7.31934
-7.31914 -7.31916
-7.31888 -7.31865
-7.3176 -7.31786
-7.31752 -7.31762
-7.31643 -7.31652
-7.31608 -7.3161
-7.31637 -7.31595
-7.31525 -7.31528
-7.31454 -7.31455
-7.31398 -7.31412
-7.31386 -7.31389
-7.31347 -7.31333
-7.31253 -7.3124
-7.31062 -7.31078
-7.30971 -7.30947
-7.30921 -7.30921
-7.30884 -7.30857
-7.30773 -7.30793
-7.30731 -7.30769
-7.30671 -7.30696
-7.30649 -7.30627
-7.30589 -7.30577
-7.30483 -7.30523
-7.30442 -7.30455
-7.30375 -7.304
-7.30359 -7.30352
-7.30338 -7.30282
-7.30194 -7.30197
-7.30165 -7.30172
-7.30118 -7.30138
-7.30094 -7.30087
-7.30071 -7.30031
-7.29988 -7.29966
-7.29879 -7.29885
-7.29758 -7.29773
-7.29743 -7.29723
-7.29638 -7.29664
-7.29555 -7.29543
-7.29501 -7.29479
-7.29447 -7.29461
-7.29403 -7.294
-7.29326 -7.29354
-7.29287 -7.29282
-7.29242 -7.29238
-7.29194 -7.29194
-7.29149 -7.29132
-7.29076 -7.29072
-7.28972 -7.28988
-7.28892 -7.28915
-7.28843 -7.28822
-7.28745 -7.28768
-7.28733 -7.28712
-7.2868 -7.28646
-7.28591 -7.28574
-7.28466 -7.2848
-7.28422 -7.2841
-7.28371 -7.28376
-7.28243 -7.28254
-7.28143 -7.2819
-7.28171 -7.28152
-7.28141 -7.28111
-7.2801 -7.28032
-7.27901 -7.2787
-7.27763 -7.27765
-7.27638 -7.27656
-7.27524 -7.27548
-7.27475 -7.27389
-7.27165 -7.27152
-7.27072 -7.27073
-7.27003 -7.26965
-7.26684 -7.26676
