0.690153 0.303625 0.476061 -0.625934 1.48835 -1.53838 0.624232 0.280386 0.425253 -0.632123 1.48027 -1.52786
0.399613 0.235372 -0.0171281 2.08919 -3.19773 -1.0065 0.357962 0.164849 -0.0910789 2.07681 -3.18416 -1.0032
-0.608099 0.00165096 -0.146243 2.24648 -3.18753 -1.5507 -0.664073 -0.0536677 -0.190102 2.23501 -3.16389 -1.54474
-2.7138 -1.5163 -0.992309 -0.936979 1.1425 -1.266 -2.74214 -1.5241 -0.985515 -0.938821 1.16266 -1.2589
-0.966362 -0.874139 -0.151826 2.52749 -3.19337 -1.21929 -0.943294 -0.902673 -0.134046 2.51357 -3.18329 -1.22448
-2.84254 -2.73177 -2.38722 -0.439291 1.60754 -1.493 -2.86152 -2.76623 -2.38903 -0.431884 1.60724 -1.47349
-0.306048 0.973437 1.79428 2.10084 -3.03822 -1.27097 -0.323312 0.958364 1.76135 2.07536 -3.03077 -1.25899
-0.370995 -0.543737 -0.458743 2.41575 -3.13729 -1.68665 -0.39584 -0.575229 -0.497815 2.41342 -3.12552 -1.67161
2.13291 2.30294 2.33609 -0.511815 1.30932 -1.52773 2.09703 2.22985 2.30488 -0.520795 1.3117 -1.49708
0.122944 -0.0557193 0.892042 1.96325 -3.02846 -1.25912 0.136936 -0.0794464 0.879817 1.97774 -3.03159 -1.26153
-0.424677 -3.09867 -0.934549 -0.675518 1.30755 -1.62607 -0.497448 -3.17286 -1.01828 -0.707373 1.29839 -1.60238
-3.85817 -4.85925 -3.77716 -0.525122 1.27253 -1.33575 -3.87493 -4.93854 -3.81142 -0.556652 1.25947 -1.30999
-0.967742 -0.566227 -0.37449 -0.783759 1.46189 -1.38944 -0.979531 -0.515691 -0.388521 -0.756113 1.45583 -1.37235
2.7846 2.50422 0.783233 0.0777862 -1.45438 -1.64158 2.86062 2.5151 0.774533 0.109389 -1.45125 -1.66311
-5.16694 -4.50616 -5.1281 -0.356399 1.37289 -1.4466 -5.15661 -4.59009 -5.12626 -0.36186 1.33765 -1.43358
-2.08498 -2.40012 -1.56355 -0.470746 1.66222 -0.982551 -2.09507 -2.38355 -1.54151 -0.522601 1.64061 -0.977659
-0.515487 0.573206 0.627876 0.509817 -1.27141 -1.73163 -0.540007 0.537482 0.623074 0.510612 -1.27258 -1.71226
-0.164523 -1.17361 -1.2518 0.306327 0.000172547 0.0231795 -0.158127 -1.17607 -1.2741 0.306804 0.0175987 0.0281823
-1.29355 -1.64553 -1.26415 0.155297 -0.642628 -1.73058 -1.29144 -1.64519 -1.31816 0.18401 -0.645321 -1.71518
0.0586775 -0.332441 -0.439441 2.53814 -3.21913 -1.29635 0.0265994 -0.376685 -0.502555 2.52712 -3.20843 -1.28276
0.591818 0.410568 0.876028 0.595573 1.57432 2.77279 0.569575 0.406803 0.829329 0.594531 1.58488 2.75432
2.95255 3.26291 4.18543 -0.459212 1.5919 -1.92554 2.83673 3.16167 4.02792 -0.453147 1.58006 -1.9573
-0.285796 2.08533 0.443757 -0.243138 0.850777 -1.48293 -0.317571 2.0848 0.421867 -0.214757 0.823132 -1.50034
-0.624534 -1.43679 -0.482978 0.733988 1.47885 3.18872 -0.553932 -1.40742 -0.425059 0.732766 1.5081 3.17248
0.672293 1.52614 0.689176 0.346216 -0.0317019 -0.832859 0.716836 1.61706 0.740052 0.360627 -0.0246548 -0.839842
-2.49997 -2.0904 -2.33608 0.633714 1.77397 3.41482 -2.45768 -2.07484 -2.31709 0.633459 1.78438 3.41381
-1.65284 -1.38219 -2.00306 0.381532 1.13978 3.38185 -1.6151 -1.31088 -2.0262 0.368384 1.13728 3.37107
-0.242345 3.5965 3.86747 0.772439 1.95033 3.29212 -0.134694 3.6243 3.93231 0.777862 1.9646 3.2688
-2.54073 -1.76058 -3.62418 -0.853323 1.1399 -1.30462 -2.54102 -1.76537 -3.64459 -0.868038 1.14683 -1.29911
-0.402435 -0.175607 -0.350206 0.422338 -0.763585 -1.57216 -0.46424 -0.189548 -0.342939 0.418226 -0.77272 -1.57187
-3.55048 -5.20674 -3.74251 1.80111 -2.63672 -0.984786 -3.54101 -5.18213 -3.72534 1.79674 -2.60737 -0.959731
0.843583 0.872828 2.13477 -0.740574 0.354971 -1.09758 0.86747 0.908847 2.12419 -0.726727 0.375066 -1.10279
-9.25564 -6.63984 -6.81441 0.729075 1.72927 2.98745 -9.27551 -6.64477 -6.77679 0.742532 1.70929 2.97931
-3.64739 -2.15941 -2.62316 0.987339 1.60844 2.75141 -3.66345 -2.14854 -2.65399 0.971251 1.58686 2.72596
-0.175931 -1.98614 -0.451518 0.949409 1.47093 2.54761 -0.189962 -2.00355 -0.44743 0.953156 1.45937 2.54454
-1.96982 -2.32107 -0.0974238 1.01248 -1.38409 -1.79112 -2.00784 -2.34413 -0.0948802 0.999316 -1.38617 -1.78925
-0.681764 -0.4853 1.05418 0.154631 2.12566 3.18895 -0.646282 -0.488007 1.04572 0.177606 2.10836 3.15758
-1.2563 -2.79034 -2.45875 0.626281 1.91101 3.3653 -1.21867 -2.74079 -2.36491 0.624528 1.88936 3.31871
0.40308 -0.412782 -1.04581 0.735372 1.8398 3.59412 0.43672 -0.387273 -1.07199 0.704451 1.86357 3.60039
-1.36156 -2.48233 -1.93066 1.16054 1.62736 2.81672 -1.35626 -2.49146 -1.92024 1.14378 1.60005 2.79858
-2.43186 -3.3001 -0.655414 0.990533 1.17655 3.20244 -2.38951 -3.23808 -0.633609 1.00573 1.19699 3.18152
0.214307 -2.32058 -0.289102 -0.341103 1.76816 -0.746459 0.212594 -2.31899 -0.28924 -0.303009 1.74934 -0.762828
-0.389233 0.209819 1.59131 0.543138 1.62597 2.98947 -0.324073 0.187118 1.65325 0.52913 1.63565 3.00806
2.53588 0.897589 2.85476 0.559326 -0.897601 -2.24089 2.47066 0.922793 2.86494 0.575234 -0.89451 -2.2459
3.81423 -2.7007 -1.03331 -2.26995 1.46033 -2.37499 3.78938 -2.61096 -1.016 -2.25609 1.42502 -2.40003
0.149927 3.62066 -2.16023 -1.86755 -2.60612 -4.27926 0.171717 3.61873 -2.15433 -1.84372 -2.59664 -4.27544
-1.21069 -1.81751 -4.31618 0.394156 1.40261 2.75464 -1.1806 -1.78454 -4.31767 0.41386 1.40162 2.75455
0.00836887 0.754249 -0.279631 0.68318 1.99378 3.67463 0.0789688 0.77485 -0.199845 0.697841 1.96292 3.66608
-0.242707 -0.986771 -0.840054 0.59283 1.72447 2.73738 -0.273105 -1.00571 -0.872853 0.587541 1.72642 2.718
0.193547 0.35637 -1.29082 0.394835 2.05698 2.64104 0.181018 0.3937 -1.33994 0.430908 2.02913 2.61872
-0.15422 1.38109 0.979655 0.151701 1.77067 3.01905 -0.109447 1.39958 1.0134 0.161861 1.76949 3.01347
0.271151 0.309748 -0.227691 -0.587056 0.704345 -1.34354 0.312287 0.358482 -0.267609 -0.560407 0.661708 -1.33493
-0.899318 1.1263 -2.41141 0.346204 1.29009 2.56366 -0.86736 1.16183 -2.42821 0.348784 1.26871 2.53938
-4.90923 -3.35761 -2.45939 0.209697 3.92893 -2.90438 -4.88088 -3.34408 -2.38812 0.171357 3.92005 -2.88513
1.45971 -0.160562 1.0256 -0.0417131 1.52213 3.78298 1.44824 -0.157414 1.05209 -0.00379117 1.51718 3.78836
-0.176049 0.934453 0.732257 0.657384 1.63861 2.69555 -0.130097 0.982278 0.757907 0.675017 1.64502 2.71647
2.64442 -8.4627 -2.05905 1.29063 -1.14454 -1.79076 2.64303 -8.43947 -2.0415 1.27807 -1.16921 -1.7982
0.163976 -1.55143 -0.832833 0.621289 0.699742 0.227613 0.153836 -1.57532 -0.804245 0.618268 0.728378 0.240326
1.53561 3.18698 0.210294 -0.330557 0.766138 -0.291756 1.52906 3.22244 0.140569 -0.309287 0.763956 -0.312087
-2.58669 -1.41696 -0.715535 0.534467 1.69803 2.46112 -2.61323 -1.44025 -0.715226 0.511966 1.68188 2.4701
4.75128 -3.14866 3.99485 -1.78383 -3.27484 3.09131 4.68712 -3.11073 3.89902 -1.78033 -3.25072 3.11699
-4.97729 -2.68068 1.10902 2.58114 -1.26828 0.451927 -5.01002 -2.66837 1.14343 2.58163 -1.25016 0.459026
0.202323 0.841627 -5.56062 2.05984 -1.66919 -4.93381 0.263557 0.874381 -5.5948 2.02995 -1.6642 -4.94649
-2.9412 -3.06332 -2.84129 0.438823 -0.839436 0.352297 -2.92365 -3.0833 -2.79435 0.44028 -0.842961 0.374701
-8.1388 -5.53611 -4.92792 2.60339 -1.58124 -2.88648 -8.10577 -5.52401 -4.85912 2.60057 -1.56052 -2.86357
5.22973 7.03885 8.14716 1.66125 3.3077 0.531552 5.26417 7.08004 8.15431 1.70785 3.35976 0.512005
-6.48332 2.35988 -0.440121 -2.89993 4.4055 -1.60959 -6.45167 2.35944 -0.436507 -2.90186 4.40278 -1.63055
-2.01092 1.13693 8.39658 -0.916962 -4.60884 0.101511 -2.01763 1.077 8.4653 -0.888054 -4.61712 0.0719879
4.37586 -2.56946 -1.9702 -0.45816 3.79964 -3.34297 4.4167 -2.54775 -2.01648 -0.469302 3.73052 -3.33311
-2.78632 -1.79254 -3.10919 0.377541 0.121568 -0.361576 -2.8047 -1.79426 -3.03276 0.39619 0.138725 -0.39918
1.06755 1.1964 0.0332503 -0.878204 1.06052 -0.553514 1.08456 1.23326 0.0513959 -0.858822 1.09456 -0.545606
-0.803464 -0.901576 -2.09615 -0.862283 1.11108 -0.83816 -0.732695 -0.787607 -2.11262 -0.864531 1.12547 -0.852962
-2.435 -2.70478 -2.36755 -0.798057 1.5742 -1.12283 -2.42928 -2.66166 -2.35726 -0.816011 1.5765 -1.11582
-2.78374 -2.13989 -2.45104 0.50289 0.506496 -0.468775 -2.77993 -2.07837 -2.4176 0.479765 0.476701 -0.447802
-1.45087 -2.20849 -8.62981 -4.42959 -3.40806 -0.929267 -1.36014 -2.12451 -8.56005 -4.44357 -3.3893 -0.945037
0.474651 -9.78171 -8.7178 3.54598 -0.312987 4.06553 0.541753 -9.73309 -8.6851 3.58512 -0.31207 4.02933
-0.508254 -0.479903 -0.826595 -0.00508929 1.26707 -1.23174 -0.513926 -0.382371 -0.815065 0.00572783 1.26868 -1.22576
-0.788747 -0.755333 0.927956 -0.513351 0.766366 -1.21857 -0.789936 -0.726504 0.900374 -0.503502 0.766115 -1.21922
6.38482 -3.41776 9.31237 -2.51994 4.03857 -3.11545 6.33043 -3.38107 9.37339 -2.53624 4.04427 -3.10369
2.39344 8.045 -2.53169 -3.69 3.0018 -4.05694 2.47701 8.16688 -2.51735 -3.6814 2.95328 -4.05558
-12.6081 -3.9903 -10.4558 0.790245 2.6911 0.687405 -12.6218 -3.97238 -10.4722 0.791122 2.67801 0.668077
-1.89198 0.168921 1.26694 0.549517 -0.12811 1.22712 -1.84205 0.25891 1.32652 0.559507 -0.166619 1.23721
0.298976 0.718826 -0.530295 -0.15487 0.957704 -1.56678 0.279561 0.73943 -0.544756 -0.144036 0.939227 -1.55512
-4.40038 -4.48034 -1.68157 -0.853686 0.977806 -0.8983 -4.44359 -4.47245 -1.66531 -0.874806 0.936119 -0.912472
-0.708373 0.831093 0.730035 -0.116271 -0.61688 0.0481643 -0.612347 0.884511 0.805449 -0.13955 -0.611746 0.0351033
-2.50244 -0.997144 -3.57887 -0.723561 1.40957 -1.47739 -2.49574 -0.9878 -3.53228 -0.702003 1.38906 -1.46298
-3.04522 -1.57664 -1.8788 -0.795885 1.43124 -0.776364 -2.9752 -1.56442 -1.91438 -0.788023 1.42785 -0.78509
-1.73175 -1.26159 -1.07603 0.0130518 1.11326 -1.18922 -1.69002 -1.20523 -1.07816 0.0724589 1.12254 -1.20115
-2.53091 -0.480756 -1.18258 0.335112 0.409705 0.364388 -2.51067 -0.428174 -1.19089 0.298844 0.383679 0.350211
-2.32571 -2.93236 -2.62737 0.13154 -0.0449794 -0.220946 -2.34119 -2.95522 -2.67064 0.157303 -0.045003 -0.245413
-1.26497 -0.569154 0.0206264 0.473757 -0.171109 0.165559 -1.24758 -0.562299 0.0489422 0.466685 -0.148947 0.142564
0.32549 1.18667 -1.77495 -0.112741 0.443483 0.126619 0.277824 1.1668 -1.82275 -0.100472 0.443243 0.123645
-1.03086 0.0466797 0.202827 -0.0758487 -0.0447531 0.888399 -1.04559 -0.0360268 0.234494 -0.11848 -0.0203254 0.878924
-0.357114 -1.00151 -1.90228 -0.60984 -0.323166 0.151986 -0.356685 -0.944134 -1.82995 -0.604392 -0.349856 0.121081
10.4643 2.9057 0.151218 -3.34797 -4.30633 4.895 10.5769 2.95284 0.141126 -3.37436 -4.28056 4.8733
-8.08091 2.84458 -6.91463 1.57425 -3.31475 -3.97924 -8.06902 2.89324 -6.92684 1.5798 -3.26636 -3.96117
8.57432 0.173239 -3.84519 5.22419 -3.10116 3.34274 8.73434 0.199214 -3.9221 5.23726 -3.08387 3.3677
-0.160523 -1.62735 -3.20612 0.501883 0.215019 -0.0189561 -0.180072 -1.69508 -3.16643 0.498555 0.193423 -0.00743009
3.40973 -0.167597 1.8454 0.551296 -0.176286 -0.770122 3.47136 -0.0526629 1.81072 0.595635 -0.230137 -0.768438
-1.1197 -0.0110608 -0.339063 -0.622607 -0.380876 0.663054 -1.01094 -0.029967 -0.288795 -0.637366 -0.376892 0.634093
12.1287 7.79868 15.9112 -2.42599 3.20048 0.779116 12.1922 7.86066 16.037 -2.4256 3.28737 0.777783
1.04363 0.4852 0.763699 -0.406417 -0.840969 0.877112 1.11705 0.520155 0.763832 -0.384187 -0.818781 0.856831
0.525999 -0.299786 1.14054 -0.0495118 -0.0629511 0.121802 0.49256 -0.443491 1.07085 -0.0556214 -0.0839016 0.10902
-1.0019 -0.7875 -0.513293 -0.160689 1.79951 -1.41586 -0.990908 -0.789835 -0.500578 -0.184863 1.76846 -1.41986
-3.32558 -1.55462 -1.1989 -0.091692 0.345023 -0.753776 -3.31981 -1.57979 -1.21559 -0.0754984 0.339491 -0.7363
-0.47954 1.86302 1.53847 -0.317106 0.476932 0.440912 -0.424004 1.89547 1.51809 -0.267448 0.444828 0.423442
-6.42405 -10.6828 0.86434 2.8762 3.38842 1.14916 -6.60738 -10.8154 0.804663 2.86327 3.33468 1.17554
-3.97153 -1.60939 -2.555 -0.319364 0.208349 0.150758 -3.97296 -1.64526 -2.51509 -0.317082 0.21101 0.125884
-2.94736 -1.61483 -3.08459 -0.60006 -0.0508335 0.0295523 -2.92769 -1.61672 -3.14052 -0.592687 -0.0151224 0.0389459
-0.827001 -1.09842 -0.932433 -0.269968 0.24716 -0.0917148 -0.854996 -1.13019 -0.948712 -0.285092 0.234011 -0.0871896
-1.383 -0.466294 -1.52898 -0.959278 1.3104 -0.806425 -1.37162 -0.429373 -1.54076 -0.986866 1.2696 -0.795035
-1.05808 -1.54456 -2.74103 -0.13714 0.0818479 0.29104 -1.07078 -1.54393 -2.80154 -0.143158 0.0660186 0.288956
1.74337 -2.46684 -0.0868656 0.207308 0.445232 -0.298847 1.80067 -2.40832 -0.0424316 0.223573 0.442961 -0.309568
-0.742594 -1.73138 -1.58969 -0.0654962 0.0979312 0.223994 -0.699181 -1.69983 -1.56159 -0.101533 0.101856 0.2104
-10.7425 -14.1564 -11.4126 2.61445 2.86292 0.809011 -10.7711 -14.1906 -11.3395 2.61028 2.87403 0.778623
-1.56943 -3.11001 -2.11514 -0.452484 0.545654 -0.00170128 -1.65523 -3.19678 -2.16571 -0.455194 0.57439 -0.00844891
-3.07817 -1.58673 -2.35561 0.163598 0.441308 -0.505081 -3.0326 -1.59258 -2.3582 0.143796 0.411142 -0.544168
-0.231345 0.476149 -1.63135 -0.274984 -0.33174 -0.123292 -0.208542 0.535216 -1.58894 -0.261481 -0.335543 -0.129277
0.246224 -2.52449 -2.39773 -0.0467592 -0.770808 0.238852 0.160921 -2.61985 -2.40332 -0.0826183 -0.737161 0.225994
2.3848 -1.22476 0.315206 -0.720848 -0.0645858 0.587435 2.45912 -1.24382 0.318413 -0.716097 -0.0900072 0.561665
1.63321 3.28745 3.09577 0.2897 0.242742 -0.462606 1.67709 3.29208 3.05762 0.286951 0.257621 -0.447268
-2.75135 -3.81877 -3.80263 -0.331045 -0.440586 -0.568757 -2.70979 -3.80376 -3.80374 -0.336731 -0.449882 -0.535999
2.82364 12.823 15.3271 -3.55944 5.42886 -2.89852 2.96175 12.925 15.5474 -3.59308 5.5741 -2.98315
-1.62299 -1.00139 -2.15514 0.136815 -0.133718 0.207572 -1.60081 -0.9613 -2.14765 0.158918 -0.121222 0.217982
-2.91019 -3.24332 -4.04922 0.0436675 0.468473 0.0529303 -3.00071 -3.34399 -4.09705 0.037975 0.459428 0.0543771
-0.435078 -1.72477 -2.10398 0.470717 -0.394489 -0.459428 -0.40626 -1.78223 -2.09457 0.420754 -0.390426 -0.454508
1.49775 1.00104 1.37462 0.361284 -0.437166 -0.566513 1.47198 1.08474 1.31791 0.369104 -0.446523 -0.519546
-1.2727 -3.25888 -3.82777 0.376906 -0.329442 0.258859 -1.37255 -3.40102 -3.86483 0.423327 -0.272169 0.217422
-1.2693 -0.0598133 0.449412 0.369321 -0.352737 0.361856 -1.20319 -0.00412643 0.462094 0.415849 -0.314708 0.371678
-1.37757 -0.948716 -1.71264 0.193598 -0.673025 -0.296387 -1.42618 -0.902909 -1.73469 0.178024 -0.653078 -0.259804
-0.830147 -0.112887 -1.08898 -0.313622 0.423692 0.00802683 -0.795786 -0.0725087 -1.01611 -0.324007 0.440904 0.00455703
-1.96762 -2.5228 -2.09673 0.372191 0.475189 -0.863462 -1.96373 -2.52831 -2.12512 0.345408 0.496112 -0.860877
-3.90197 -2.28171 -3.41821 0.320362 0.146635 -0.219352 -3.95674 -2.25259 -3.42572 0.364851 0.13142 -0.173159
-2.66261 -0.751493 -1.44805 0.571408 -0.063065 0.197142 -2.75762 -0.788524 -1.41505 0.555952 -0.0967094 0.221263
-3.53006 -1.4508 -2.42614 0.0192799 0.0476109 0.353127 -3.49954 -1.4832 -2.47572 0.0307044 0.0628517 0.334893
-13.4768 -13.5776 -13.8974 2.13645 0.520152 -1.99726 -13.5832 -13.6912 -13.9403 2.16466 0.549223 -2.00523
-0.141829 -0.962414 -1.24887 0.0946421 0.190729 -0.0810941 -0.143712 -1.00673 -1.26325 0.104479 0.178458 -0.107683
-13.5066 -11.3589 -13.8038 -1.49641 -1.43546 -2.69931 -13.5371 -11.3797 -13.7883 -1.49153 -1.46758 -2.73233
-3.26023 -2.55871 -1.84084 0.466752 -0.547471 0.615641 -3.25967 -2.60663 -1.81018 0.423019 -0.565385 0.64808
-0.718889 -0.649718 0.10591 0.557393 -0.624706 -0.867983 -0.830586 -0.767352 0.130136 0.572918 -0.644364 -0.86516
-2.14223 -2.21179 -0.698012 -0.300725 -0.18045 -0.830873 -2.13779 -2.21576 -0.668642 -0.327096 -0.156653 -0.820732
-4.44018 -1.9494 -1.17197 -0.349947 0.532106 -0.406672 -4.49455 -2.01562 -1.27873 -0.356882 0.53405 -0.424823
-0.890192 -1.89933 -0.0347017 -0.274606 0.113443 -0.540455 -0.965158 -1.90024 -0.0749278 -0.301465 0.144473 -0.588453
-1.71141 -2.57213 -0.981895 0.385918 -0.114078 -0.384292 -1.71886 -2.59833 -1.00393 0.411546 -0.0781565 -0.359387
0.00269745 -1.4486 0.619161 0.138496 -0.165261 0.736492 0.0554977 -1.35773 0.703184 0.141348 -0.114075 0.755656
-2.44195 -3.11417 -4.13475 -0.340489 -0.133858 -0.535418 -2.49101 -3.15139 -4.20136 -0.339283 -0.156061 -0.507491
-3.52385 -1.51129 -2.50484 0.191369 -0.188984 -0.465649 -3.5796 -1.48726 -2.47261 0.231761 -0.191838 -0.454126
1.51694 -0.647012 0.646447 -0.69068 0.193621 -0.210439 1.61406 -0.702067 0.599343 -0.738436 0.134909 -0.159159
0.163035 -2.72948 -0.229288 -0.539605 0.480405 -0.354153 0.236388 -2.73039 -0.222676 -0.557531 0.447268 -0.374045
-1.87339 1.50353 -1.5128 -0.471754 0.586686 0.285325 -1.87055 1.55867 -1.51343 -0.479738 0.594811 0.30616
-2.79431 -3.29704 -4.29053 0.0755995 0.484663 0.0731788 -2.86241 -3.34591 -4.35059 0.119983 0.493096 0.116048
-0.973245 -1.67211 -0.676501 -0.576525 1.34833 -1.44881 -1.0318 -1.67655 -0.684301 -0.578604 1.36091 -1.44977
1.29846 1.13374 0.971334 2.21298 -3.34416 -1.25341 1.21562 1.03663 0.892753 2.21065 -3.32427 -1.25713
2.28638 1.99682 2.21406 -0.704877 1.39557 -1.50237 2.19747 1.95566 2.19022 -0.712909 1.38585 -1.48986
1.24208 1.09198 -0.469704 2.29328 -3.43326 -1.2073 1.22269 1.06233 -0.510187 2.29596 -3.42018 -1.20685
-1.62693 -0.86662 -1.52081 -0.489661 1.20834 -1.47608 -1.62682 -0.910526 -1.54096 -0.496339 1.20651 -1.4579
-2.81185 -1.91304 -2.16094 2.36032 -3.0308 -0.741704 -2.82948 -1.96104 -2.17518 2.32618 -3.01523 -0.762949
-1.45772 -1.61125 -1.76548 -0.669216 1.8007 -1.39003 -1.43149 -1.56566 -1.78043 -0.668065 1.79929 -1.36251
-0.81435 -0.352273 -2.24156 -0.439889 1.18676 -1.6245 -0.857295 -0.34308 -2.21882 -0.466474 1.19748 -1.61676
1.67366 -0.594172 1.51768 -0.666304 1.27489 -1.84249 1.59179 -0.655873 1.40648 -0.678394 1.26936 -1.83803
-0.744388 0.462534 -0.720902 -0.540096 1.30049 -1.54473 -0.768003 0.420159 -0.716125 -0.543636 1.31063 -1.56782
0.572214 1.15668 -0.282456 0.450446 -0.621531 -1.98122 0.541545 1.11592 -0.329195 0.440834 -0.604576 -1.9725
0.715062 -0.648946 -1.83772 0.948347 2.20434 2.84746 0.711341 -0.622678 -1.82546 0.941184 2.20695 2.82399
0.564073 0.900548 1.41828 -0.32962 -0.414414 0.333234 0.619814 0.934639 1.40155 -0.329519 -0.391327 0.351601
-0.264111 1.51192 0.676688 2.14627 -3.1512 -1.97071 -0.297971 1.47891 0.661388 2.12668 -3.13804 -1.95547
-0.882658 0.17811 -0.516678 2.12822 -2.75702 -1.45887 -0.836345 0.17136 -0.486657 2.08403 -2.75193 -1.44843
0.707598 0.692878 0.515284 -0.663299 1.74268 -1.28848 0.676292 0.678712 0.478313 -0.655832 1.74385 -1.29408
3.03822 2.39397 3.01911 0.627816 1.6289 2.73442 3.03068 2.43797 2.95919 0.64148 1.61136 2.72774
-0.351665 -1.66458 -1.23797 1.01741 -1.38016 -1.80792 -0.358806 -1.65929 -1.20417 1.00388 -1.40488 -1.80075
-2.45423 -1.85745 -1.56327 -0.186448 1.7002 -1.84251 -2.45148 -1.89265 -1.56442 -0.169014 1.69147 -1.818
-1.04845 -1.50263 -1.54898 0.120639 -0.604971 -1.48604 -1.04225 -1.53952 -1.52028 0.127324 -0.607401 -1.4806
-0.438972 0.372849 0.422193 0.931904 1.6261 3.04107 -0.419872 0.373697 0.406665 0.907276 1.62948 3.0409
1.06829 2.31288 2.65097 0.353033 -0.919952 -1.75696 1.07482 2.29154 2.59396 0.348298 -0.907223 -1.76744
-2.1211 -2.80696 -1.60654 0.0833081 1.4186 -1.31027 -2.0829 -2.80179 -1.59972 0.0950956 1.42909 -1.27999
-1.58841 -2.17949 -1.34018 0.23971 -0.185494 -1.8178 -1.61831 -2.22608 -1.35496 0.224623 -0.201071 -1.83036
-0.923901 0.02207 0.779549 0.4384 1.95858 3.04115 -0.910989 0.00666287 0.802229 0.467141 1.947 3.03859
-1.50233 -1.48666 -1.90022 2.49169 -3.17 -1.51298 -1.47779 -1.43144 -1.86853 2.48129 -3.14441 -1.51057
1.42108 1.12334 0.104764 -0.893763 0.973818 -1.75028 1.42632 1.11665 0.119044 -0.875065 0.96126 -1.74282
-3.36651 -2.29647 -1.52851 -0.386127 -0.146159 -0.0884936 -3.38144 -2.26951 -1.52134 -0.368895 -0.149781 -0.0871327
2.19162 3.5042 3.85306 0.536269 1.9242 3.23458 2.30845 3.56537 3.87019 0.565916 1.94151 3.22053
-0.405632 -0.780076 -0.217343 0.620573 -1.42761 -1.45423 -0.465681 -0.82463 -0.24609 0.631655 -1.42824 -1.44989
-0.155411 -2.31422 -0.3993 0.47972 2.00382 3.35986 -0.139807 -2.24744 -0.419982 0.490195 1.99553 3.32688
-3.49182 -3.37882 -3.59134 0.477477 -0.616974 -1.36976 -3.50023 -3.41092 -3.58882 0.47623 -0.610892 -1.32849
-1.73398 -1.46319 -0.71915 1.16076 1.67981 3.34013 -1.78056 -1.495 -0.783612 1.14196 1.65779 3.30853
0.183788 -0.806052 -0.139274 0.0730999 0.0783066 0.0776366 0.194262 -0.799706 -0.130396 0.0719532 0.0964266 0.0761613
-0.510952 -5.552 -1.53323 -2.39161 0.471676 -2.73086 -0.496485 -5.54328 -1.53593 -2.39595 0.458599 -2.71825
-0.0513314 -1.33662 -1.28518 -0.51196 1.10317 -0.91147 -0.0818847 -1.34019 -1.33642 -0.491684 1.09185 -0.912848
0.225736 -0.320165 0.0574834 -0.591663 0.969357 -1.8132 0.252988 -0.279529 0.0551388 -0.570915 0.942203 -1.81474
1.23445 -0.0194858 -0.289862 0.544306 1.83705 3.16549 1.23971 -0.0134317 -0.298858 0.529726 1.81628 3.15827
-3.23644 -3.1211 -0.677351 -0.3439 -0.181632 -0.368923 -3.28304 -3.14859 -0.678486 -0.328194 -0.158147 -0.387
-0.204228 2.58274 -1.11639 0.96015 -0.354902 -1.0088 -0.225391 2.62146 -1.15012 0.948753 -0.344769 -0.985
-0.523199 0.382157 0.266335 0.10543 2.00415 2.76782 -0.395096 0.54385 0.345192 0.0903907 1.99101 2.734
1.42396 -0.627303 0.146333 -0.472696 0.281958 -0.150826 1.37703 -0.672579 0.116744 -0.438376 0.287004 -0.150725
-0.404284 -0.370341 3.60303 -2.12636 -3.13051 3.35738 -0.400757 -0.415946 3.54999 -2.16438 -3.12131 3.31408
-2.01837 -1.82604 -1.53215 1.00084 1.05541 2.73232 -1.9777 -1.7984 -1.49259 1.0379 1.07666 2.71169
-0.137335 1.39524 0.343032 0.313453 1.44936 2.67475 -0.10193 1.41119 0.428447 0.296208 1.41344 2.66159
2.54352 -1.60592 -2.68578 -4.0981 -3.71105 -2.37648 2.53517 -1.55028 -2.73451 -4.09435 -3.7068 -2.39879
-1.57145 -2.61986 -2.46942 -0.826461 1.21554 -1.16736 -1.60807 -2.64309 -2.46892 -0.817236 1.23237 -1.15742
0.0684243 1.55083 -0.797674 0.184042 0.00138415 -0.176149 0.0867532 1.5249 -0.830416 0.186099 -0.0224168 -0.181011
0.00354258 1.64667 -5.6214 0.240856 -2.55703 0.349253 0.0218662 1.673 -5.56832 0.21996 -2.55491 0.367078
-4.83316 -6.20925 -3.23603 -2.96758 0.20491 2.77121 -4.87643 -6.22614 -3.23173 -2.97342 0.189469 2.71202
-1.29178 -1.21008 -3.6558 0.768738 0.887615 2.65854 -1.28463 -1.20127 -3.66315 0.749883 0.875988 2.63187
-1.13325 0.255563 0.0642773 -0.313267 -0.777078 -1.57223 -1.10092 0.224789 0.0612572 -0.306308 -0.749595 -1.56995
6.26637 -5.89081 -0.995209 0.143523 2.55992 -1.83327 6.27935 -5.8079 -1.0168 0.158248 2.54841 -1.85354
-1.52253 -0.864058 -1.32266 -0.967416 1.31432 -0.746972 -1.53983 -0.858041 -1.30002 -0.962487 1.29703 -0.729506
-0.277915 6.52671 4.36767 1.77033 -1.6529 -2.36774 -0.25969 6.46387 4.29767 1.78372 -1.67362 -2.40863
1.47408 -0.0586606 -1.31628 -0.807188 0.250937 -1.09458 1.44677 -0.113795 -1.35815 -0.82278 0.261674 -1.08956
-3.57497 -3.01601 -2.88582 -0.132857 0.849118 -0.731079 -3.55195 -3.00475 -2.81662 -0.165193 0.842786 -0.749994
0.375866 -0.329414 -0.01137 0.809283 0.783606 2.62084 0.440911 -0.284981 0.0729791 0.788635 0.83808 2.62105
-0.822945 -2.65602 -1.51837 0.428809 1.67637 3.19413 -0.784203 -2.63658 -1.50986 0.441609 1.6593 3.20448
-1.54091 -4.0475 -7.72126 -3.87791 -0.763033 -3.83668 -1.49324 -4.02991 -7.69422 -3.87308 -0.754502 -3.85073
7.31279 6.39116 7.10464 4.53697 -0.758096 -2.52823 7.34095 6.43254 7.17483 4.55693 -0.783393 -2.54266
-7.19084 4.68725 -7.00883 -1.05919 -4.35888 -0.653054 -7.15406 4.71832 -6.99706 -1.04193 -4.33614 -0.673995
-10.6045 -0.25498 -4.51098 2.22462 -3.31806 -2.88142 -10.6293 -0.277725 -4.54271 2.2362 -3.30967 -2.87221
-3.23405 -2.61599 -3.84165 -0.247565 1.51457 3.1047 -3.21456 -2.58806 -3.85575 -0.262723 1.49063 3.09031
4.26526 -2.54841 6.82984 1.04944 -0.317391 4.45015 4.28345 -2.52014 6.84447 1.06658 -0.302229 4.43616
-3.10684 -4.21799 -4.01333 -0.458944 1.14088 -1.60725 -3.14338 -4.25603 -4.05968 -0.457744 1.1323 -1.59855
-6.32603 -3.45435 -3.02035 0.103481 -0.485215 -0.362152 -6.28987 -3.52402 -3.01155 0.0990646 -0.491106 -0.351187
0.614993 -1.73029 0.550574 0.185255 0.979851 -1.67451 0.586649 -1.70168 0.543665 0.166588 0.992884 -1.64409
2.58797 1.16508 -7.53038 -2.45209 -2.01971 -2.12936 2.63354 1.24826 -7.45689 -2.48854 -1.99908 -2.12377
-0.480038 1.18029 0.374407 0.098622 1.60641 -1.16153 -0.499696 1.10013 0.479255 0.121279 1.56926 -1.1832
-1.67531 -2.37523 -1.38546 0.0909014 1.1966 -1.4352 -1.6532 -2.30852 -1.3425 0.0543814 1.2137 -1.43732
-0.657263 8.52503 -2.354 -1.37073 -4.28152 1.82126 -0.672079 8.49705 -2.40449 -1.34412 -4.2665 1.84019
-3.91088 -2.3447 -3.72084 -0.291076 1.66146 -1.25036 -3.88226 -2.27747 -3.71534 -0.288254 1.61694 -1.24154
-1.08793 -1.7034 -3.24074 -1.28734 1.23049 -1.04385 -1.11217 -1.66502 -3.24285 -1.31195 1.21359 -1.0404
0.375718 1.40577 1.80572 -0.433701 1.85066 -1.5893 0.360837 1.36986 1.80521 -0.440212 1.84807 -1.58302
-1.84527 -1.20279 -0.280304 -0.451515 -0.230532 0.0604014 -1.78618 -1.20871 -0.250697 -0.441059 -0.18888 0.0509546
-3.96109 -2.40679 -2.95593 -0.766863 0.784519 -1.21624 -3.95624 -2.37595 -2.93347 -0.764691 0.829482 -1.2202
-12.617 -10.1619 -8.80616 -0.258728 -1.62728 -2.50414 -12.7016 -10.2385 -8.81637 -0.258765 -1.61829 -2.52981
-0.645876 -4.83878 -9.60093 -2.60257 -3.85168 3.07048 -0.57951 -4.7572 -9.53803 -2.62857 -3.84838 3.04877
0.0664778 1.02619 1.49217 0.429026 1.51834 -0.899719 0.0845553 1.01654 1.49758 0.410983 1.50889 -0.898395
5.86609 6.7067 -1.34891 -3.83202 4.09822 -0.970482 5.87341 6.72452 -1.38695 -3.86992 4.1035 -0.94952
1.53476 3.35967 2.54651 -0.0755994 1.54455 -1.45837 1.50295 3.38707 2.59219 -0.0788813 1.55573 -1.45529
-2.28492 -4.36253 -2.92748 -0.483849 -0.395624 -0.233027 -2.33256 -4.41174 -2.98467 -0.535411 -0.395755 -0.222571
10.5685 1.4201 11.5136 -0.315719 -2.01013 -3.09551 10.5404 1.54321 11.5418 -0.339359 -1.99492 -3.1292
-0.60547 -1.27907 -1.52355 0.774517 -0.0692621 -0.208511 -0.598526 -1.24299 -1.53094 0.751217 -0.0884812 -0.231363
-2.22134 -0.804486 -0.877091 -0.0943199 0.73009 -1.14589 -2.12356 -0.777519 -0.914063 -0.110128 0.719227 -1.17328
0.304179 -1.05147 -0.213186 0.267361 -0.424249 -0.0584867 0.386583 -0.943951 -0.141187 0.260186 -0.410133 -0.0417657
3.23866 -9.79324 -4.3694 1.16986 3.56008 3.71425 3.29062 -9.7351 -4.38734 1.15251 3.51856 3.68421
-3.35761 -2.07926 -2.38842 -0.938824 1.26875 -0.874652 -3.3332 -2.06943 -2.36137 -0.950035 1.22474 -0.87377
-7.68732 -1.0048 5.69987 3.06274 1.29713 4.32478 -7.75859 -1.0991 5.7365 3.08275 1.2612 4.324
1.19574 -0.186855 -0.165088 -0.165061 -0.270218 0.0770021 1.23217 -0.203947 -0.230984 -0.166123 -0.298936 0.0567251
-14.054 -10.7354 -8.10584 0.362171 -0.0309071 -1.77668 -14.0529 -10.7503 -8.00167 0.338671 -0.0233114 -1.77315
-1.25074 -1.01284 -0.492678 0.199739 0.507858 0.00104463 -1.22926 -1.04536 -0.595654 0.209889 0.49322 -0.0102896
1.56825 2.46415 0.273225 -0.441071 -0.028648 -0.366353 1.5535 2.39826 0.230397 -0.438308 -0.0332387 -0.351743
-1.63582 -2.47335 -0.303397 -0.0472668 -0.168694 0.724953 -1.63698 -2.51866 -0.273458 -0.0380993 -0.171277 0.758613
-0.459265 1.24149 1.02152 -0.0622764 -0.149225 -0.950667 -0.423924 1.2202 1.00465 -0.0707902 -0.156046 -0.944809
-5.04973 -5.43349 -5.37309 -0.379632 -0.0804227 -0.449785 -5.03663 -5.40324 -5.34306 -0.337476 -0.0467025 -0.445888
-0.525845 0.909391 -0.875493 -0.518937 1.01469 -1.02369 -0.608534 0.798887 -0.989916 -0.518291 1.05048 -1.03557
-1.36413 -0.440002 -0.264897 -0.348349 -0.219876 0.20622 -1.40061 -0.406295 -0.274819 -0.367637 -0.220485 0.181104
-13.9666 -13.6629 -11.7399 0.718687 -0.378896 -0.618162 -14.0326 -13.7187 -11.6967 0.7178 -0.387759 -0.624678
-0.331882 1.81385 0.858324 -0.589828 -0.0450028 -0.112108 -0.368486 1.71978 0.797252 -0.567335 -0.0388372 -0.112696
-1.73267 -1.90605 -1.59794 -0.279755 0.079877 -0.140819 -1.80321 -1.91014 -1.61527 -0.294964 0.0550759 -0.145053
-1.09098 -0.246162 -2.66205 0.0504922 0.524753 0.574907 -1.00249 -0.180896 -2.6444 0.0778342 0.535654 0.567881
-0.688887 -1.55884 -1.43913 0.175095 0.0347073 0.371912 -0.682721 -1.54919 -1.47516 0.132089 0.0429154 0.40351
-0.475434 -1.39671 -1.12994 0.171191 0.260534 0.682919 -0.457717 -1.33652 -1.1047 0.183084 0.255904 0.657131
0.0644757 -0.612965 0.456388 -0.955504 -0.330767 0.109893 0.0600714 -0.582343 0.499162 -0.937139 -0.288682 0.0985469
-0.237019 0.458794 -2.06472 -0.894304 0.869168 -1.41868 -0.190004 0.590792 -1.97059 -0.896422 0.845328 -1.443
-2.61539 -3.46053 -0.509363 -0.171 -0.204123 -0.55125 -2.62464 -3.49147 -0.478963 -0.18657 -0.222912 -0.560401
0.429381 -1.06396 -1.20951 -0.106425 -0.402074 0.718611 0.429795 -1.04144 -1.19578 -0.124933 -0.416882 0.713015
10.6168 13.2654 -1.88193 0.262 0.254953 1.12532 10.7565 13.4033 -1.84821 0.277825 0.272213 1.11965
-2.2439 -2.56188 -1.51491 -0.12947 0.27123 0.245705 -2.17595 -2.58969 -1.37609 -0.132065 0.268781 0.210987
1.79512 0.536127 0.713115 -1.01727 1.4661 -1.37849 1.80741 0.560282 0.758492 -0.998642 1.45099 -1.39412
-3.24075 -4.73302 -3.92748 0.658882 -0.0417013 -0.587657 -3.25985 -4.78519 -3.94056 0.692174 -0.0603378 -0.611393
-2.57467 -2.22585 -2.12085 0.877699 -0.596875 -0.113578 -2.58231 -2.18897 -2.10518 0.893382 -0.627592 -0.115456
-0.0274262 -0.474152 -0.582348 -0.355762 -0.417657 0.362949 -0.0156272 -0.422625 -0.531918 -0.366901 -0.439056 0.33546
-3.90752 -4.70358 -5.53068 -0.150304 0.218454 0.0849283 -3.85353 -4.68009 -5.48944 -0.129852 0.209561 0.122603
-2.46566 -0.19724 -2.74654 0.808957 -0.326163 0.304373 -2.47517 -0.108701 -2.75169 0.799979 -0.276773 0.309245
-3.19623 -2.11118 -1.8807 0.246036 -0.357263 -0.100835 -3.19296 -2.12271 -1.83426 0.232579 -0.353199 -0.0983761
-4.12952 -1.38559 -1.90925 0.305865 -0.272172 0.0820519 -4.12151 -1.35412 -1.88329 0.320447 -0.254532 0.0840484
-0.79421 -0.539835 0.0210291 -0.136667 0.100113 0.411246 -0.776301 -0.48747 0.0230485 -0.141772 0.0798794 0.43025
0.228882 -0.0223248 1.18494 -0.791602 0.0148825 -0.242949 0.142961 0.00751033 1.11902 -0.785427 0.0426509 -0.240745
-1.98567 0.24462 -0.301199 0.400249 0.0325415 0.124823 -1.94849 0.26054 -0.285583 0.377051 0.017833 0.116136
0.159056 -0.539059 -1.25338 0.652671 -0.307247 -0.507445 0.173622 -0.583664 -1.24589 0.660966 -0.329039 -0.479475
-13.4946 -11.9149 -13.7678 -3.34414 0.927242 1.79824 -13.5255 -11.9572 -13.7533 -3.33273 0.922565 1.80704
-0.0809699 -1.909 -2.05399 -0.79126 -0.198244 0.382833 -0.0655727 -1.83761 -2.08246 -0.810971 -0.191784 0.360303
-0.766915 -3.1716 -4.13769 0.822956 -0.0390284 0.192179 -0.718658 -3.17489 -4.06172 0.818211 -0.0361384 0.187896
-12.6701 -9.28152 -7.96293 3.54772 -1.74838 2.32316 -12.7293 -9.37739 -7.91817 3.60238 -1.7441 2.32196
0.813658 0.0241264 -0.249578 -0.00685303 -0.639339 0.054906 0.843731 0.00705938 -0.208978 0.00981738 -0.65307 0.0630527
0.433109 0.758558 2.2496 -0.725531 0.449092 -0.0160456 0.462143 0.79227 2.28931 -0.705541 0.483546 -0.0314928
0.708151 -0.821016 0.58754 -0.231444 -0.806756 0.3198 0.740659 -0.772179 0.539636 -0.190209 -0.827161 0.311406
-3.78223 -4.68341 -5.20575 0.555655 0.393619 0.504065 -3.79873 -4.74046 -5.20372 0.558725 0.412857 0.471796
-1.21767 -2.42026 0.345562 0.157924 0.320139 0.27335 -1.23009 -2.48456 0.342536 0.17093 0.300236 0.289359
-4.4928 -1.83418 -4.3932 0.031944 0.301345 0.219702 -4.50625 -1.806 -4.43398 0.0373696 0.284327 0.19557
0.229012 1.95677 0.590743 0.462059 -0.180651 -0.173415 0.243807 2.0157 0.697275 0.493161 -0.164851 -0.149738
-3.31331 -3.67655 -2.61532 0.266027 0.122384 -0.190627 -3.36674 -3.75265 -2.63428 0.24834 0.114153 -0.197168
-0.9641 -2.24043 -0.484887 -0.0616789 0.294658 -0.487487 -0.928591 -2.21333 -0.414641 -0.0269144 0.247702 -0.504435
-1.57149 -2.05131 -2.85136 0.146544 -0.0285123 0.0847991 -1.59557 -2.05221 -2.83757 0.140367 -0.0165113 0.0648005
-14.6017 -12.7331 -8.65667 2.59719 2.94679 1.69439 -14.7579 -12.823 -8.58403 2.61409 2.92457 1.68105
-0.305058 -1.02981 -0.544787 0.220618 -0.199526 0.259215 -0.240714 -1.01416 -0.521915 0.254346 -0.158094 0.23665
0.367604 0.0426474 0.347058 -0.0136153 0.403044 -0.0503903 0.414828 0.0275548 0.293283 -0.023265 0.414423 -0.0300446
-0.744114 -0.605978 -0.992086 0.383231 0.0161025 -0.0181557 -0.749707 -0.561902 -0.990738 0.389346 -0.00315123 0.0184162
0.432464 -1.87112 -1.63599 -0.612687 0.363962 -0.552344 0.326762 -1.90098 -1.72042 -0.620538 0.390615 -0.514648
-1.68062 -1.01067 -1.64427 -0.0103482 -0.0902221 0.0743282 -1.59008 -0.982778 -1.64118 -0.013611 -0.0820214 0.0393499
1.99671 -0.114589 0.306732 -0.439065 -0.298284 -0.280214 2.04117 -0.135403 0.330344 -0.409871 -0.320932 -0.293487
-1.59828 -1.83725 -1.79196 0.145063 0.478112 -0.0751288 -1.59341 -1.8149 -1.81277 0.193367 0.4751 -0.0833907
-1.26162 -0.0870877 -0.233397 -0.868509 0.66322 -0.620077 -1.30755 -0.0922907 -0.341704 -0.867086 0.687505 -0.675031
-3.596 -3.79141 -3.30684 -0.144592 -0.234043 0.357946 -3.62865 -3.81925 -3.30946 -0.163488 -0.17852 0.416376
-0.907326 -3.28117 -1.86495 -0.94321 0.0834616 0.203987 -0.936304 -3.31027 -1.87239 -0.979302 0.0967795 0.167251
-1.5703 0.237425 -2.77518 -0.280966 0.600902 -0.37089 -1.54781 0.28374 -2.77497 -0.301065 0.618406 -0.357615
0.0822139 -0.374842 -0.341241 0.0933738 -0.685618 -0.0883857 0.0493202 -0.37077 -0.328479 0.0879935 -0.664425 -0.091027
-14.132 -14.9375 -14.9863 1.75447 -2.92342 3.34852 -14.1701 -14.9675 -14.9412 1.76836 -2.96193 3.33666
-0.15242 -1.29785 -0.628046 -0.564624 1.30767 -1.64559 -0.169113 -1.3173 -0.713756 -0.551156 1.30371 -1.63722
-0.875992 -2.1855 -1.83341 2.07805 -3.0932 -1.42062 -0.948971 -2.23515 -1.87702 2.07663 -3.0785 -1.40286
0.815803 0.0779446 -0.165448 2.22612 -2.84482 -1.48632 0.779253 0.0317596 -0.218208 2.20933 -2.84244 -1.48854
-0.0505421 -0.250095 0.121133 -0.591152 1.49801 -1.6241 -0.0760046 -0.271241 0.058962 -0.581283 1.48658 -1.6224
-0.404984 -0.239273 -1.44202 1.69892 -3.01256 -0.796165 -0.413998 -0.230783 -1.48173 1.69356 -2.98477 -0.801703
1.11778 0.607163 0.882641 -1.15154 1.52182 -1.28774 1.07332 0.611132 0.866572 -1.12903 1.54097 -1.25714
0.80622 0.00716812 -0.0895652 1.9608 -3.43421 -1.15344 0.820251 -0.00150776 -0.135605 1.95128 -3.43746 -1.15061
2.37783 1.52028 2.44001 -0.359288 1.1261 -1.49496 2.34857 1.48688 2.39336 -0.348099 1.13331 -1.46873
0.0711975 1.50037 0.47651 -0.874179 1.47809 -1.45983 0.0430224 1.39139 0.477383 -0.874418 1.44881 -1.43886
-0.811105 -0.499705 -1.02075 -0.381534 1.13774 -1.27882 -0.83417 -0.567425 -1.02127 -0.408932 1.1244 -1.27686
1.4613 0.459049 0.339188 -0.11605 1.2663 -1.11012 1.48016 0.469963 0.359275 -0.112337 1.2427 -1.0884
-2.7203 -3.17571 -2.74541 -0.432708 1.16944 -1.62735 -2.74642 -3.19335 -2.72526 -0.451729 1.15403 -1.61665
-0.143776 -0.133656 -0.171815 0.256833 -0.739496 -1.91362 -0.14114 -0.150156 -0.217755 0.259489 -0.745321 -1.89334
-1.73104 -2.68916 -3.35956 -0.00920501 -0.590573 -1.33384 -1.74386 -2.73834 -3.37339 0.0244998 -0.546058 -1.32031
1.48305 1.12504 1.94433 -0.995067 1.65155 -1.43757 1.43307 1.10629 1.92195 -0.990974 1.67698 -1.42286
-1.44938 -1.4902 -1.85725 0.688822 -0.819635 -1.5792 -1.41419 -1.48681 -1.83304 0.678076 -0.804156 -1.56556
-2.56264 -1.76737 -1.87272 0.957325 1.70168 3.23833 -2.56127 -1.78719 -1.85206 0.943147 1.69442 3.21228
-2.50404 -3.2024 -2.49815 0.199381 -1.06529 -1.61578 -2.47644 -3.18931 -2.50191 0.187798 -1.06449 -1.63788
-1.28785 -2.93055 -1.32144 0.670375 2.2711 2.56559 -1.25067 -2.92807 -1.31083 0.641325 2.26464 2.57129
0.305467 1.97695 1.17662 0.73555 1.76679 3.27698 0.312148 1.92812 1.17591 0.74934 1.75675 3.24688
-2.81545 -3.5934 -3.41779 0.0505519 1.95607 3.3464 -2.75923 -3.54412 -3.39448 0.0636294 1.94678 3.30732
2.14607 0.801417 2.32255 0.671881 -0.657125 -1.50559 2.11644 0.824651 2.35814 0.693004 -0.636512 -1.51043
0.178922 -2.87468 -0.137928 0.576986 -0.876806 -2.16238 0.18519 -2.85881 -0.140835 0.542611 -0.864388 -2.15068
1.74235 -0.822869 0.890155 0.26103 -1.31722 -1.72619 1.74444 -0.836993 0.914946 0.239937 -1.3129 -1.75659
-0.599567 -0.949948 -0.653667 1.00481 1.76085 2.90088 -0.548397 -0.896681 -0.653955 1.0191 1.77198 2.88573
-0.258827 0.249659 0.00841515 0.502911 1.43392 3.18033 -0.257779 0.279542 0.0584937 0.49761 1.47206 3.17122
-3.42596 -1.96943 -4.61115 -0.790791 1.92397 -1.01762 -3.46741 -1.97671 -4.63949 -0.793815 1.90009 -1.02126
-1.18945 -0.745545 -1.68883 -0.447196 1.22136 -1.58017 -1.21411 -0.732444 -1.68748 -0.492423 1.21162 -1.55285
0.540655 0.0914533 1.1851 0.216352 1.59412 3.42303 0.576637 0.0718418 1.1617 0.199379 1.57566 3.38913
-2.20435 -1.92968 -2.97086 -0.770697 1.20035 -1.64039 -2.22726 -1.95173 -2.99674 -0.771837 1.20566 -1.64372
-1.58597 -1.67399 -1.11643 0.59982 1.25066 3.3751 -1.591 -1.6422 -1.11166 0.612514 1.26475 3.36156
-0.0278142 -0.384579 -0.682712 0.8531 2.2946 2.9181 -0.0538241 -0.381337 -0.683769 0.867776 2.26723 2.90733
-1.21849 -0.489954 -1.73124 0.890338 1.82819 2.64947 -1.22791 -0.475256 -1.68495 0.867656 1.85098 2.65292
-1.45196 -1.27783 -0.846774 -0.169379 1.13627 -1.60066 -1.44837 -1.26785 -0.807591 -0.178673 1.14307 -1.60265
-1.59685 -1.46558 -0.991222 0.298578 -0.515776 -1.39728 -1.59238 -1.50748 -0.972419 0.293193 -0.50922 -1.4419
0.534399 4.53961 4.22185 0.277475 2.20259 2.87534 0.658385 4.60968 4.27493 0.285881 2.18914 2.85426
2.48107 2.23344 2.43582 0.412631 -0.460085 -1.3575 2.4915 2.21477 2.4626 0.430734 -0.42715 -1.38262
-1.25528 -0.460195 -0.00676009 0.163997 1.78521 3.0205 -1.19576 -0.407283 0.0447154 0.206122 1.75373 2.99258
0.0130438 1.42794 0.823691 -0.59323 1.31015 -1.50567 0.0175534 1.39631 0.832241 -0.607893 1.33866 -1.47872
-0.537507 -0.803201 -1.06068 0.903131 1.61579 2.92708 -0.501186 -0.747145 -1.0031 0.904007 1.58454 2.92559
-4.78865 -6.69642 2.12727 -2.61669 2.24801 0.390708 -4.8243 -6.72659 2.16841 -2.63678 2.25842 0.397977
-1.48077 -1.65534 -2.13456 0.762779 -0.632091 -1.28449 -1.46718 -1.6763 -2.14794 0.781548 -0.619961 -1.26231
-4.52227 -2.58861 -3.51248 0.751815 1.41528 2.30052 -4.52092 -2.55606 -3.492 0.746425 1.39025 2.28816
-4.47948 -0.552052 3.91017 3.31073 -0.420069 1.32531 -4.4483 -0.589273 3.9461 3.32255 -0.418781 1.28714
1.24344 0.865567 0.295169 -0.663908 1.348 -1.8543 1.26302 0.830189 0.349242 -0.650275 1.31224 -1.83539
-0.845829 -1.26048 -1.23723 -0.507746 1.11994 -0.319231 -0.878065 -1.27653 -1.23959 -0.501348 1.09131 -0.325942
2.24588 2.9879 1.66709 0.522741 1.17138 2.76457 2.26261 3.05568 1.68649 0.546871 1.18065 2.75527
-2.11728 -1.63252 -1.80963 0.563252 1.74252 3.46131 -2.1075 -1.64653 -1.8008 0.567125 1.74063 3.40687
-0.536679 -0.852673 -0.0168733 0.390178 1.72502 2.66039 -0.487417 -0.87468 -0.00598094 0.38545 1.71194 2.63844
-1.07017 -0.949437 -2.01097 -0.934315 0.961961 -1.2392 -1.0906 -0.941213 -2.03189 -0.903465 0.933349 -1.24586
-1.22382 -1.10375 0.859189 0.186606 1.26193 -1.01122 -1.22769 -1.20769 0.842029 0.177667 1.23168 -1.02187
8.09506 4.53169 2.28569 -0.183525 1.53661 -3.77634 8.1529 4.55 2.28273 -0.220486 1.50733 -3.79919
0.622601 0.0536401 0.455125 1.62414 1.61104 2.64823 0.686717 0.129177 0.538621 1.61966 1.59337 2.64494
-1.0292 -1.97078 -2.29072 -0.51265 1.17285 -0.834587 -1.03166 -1.97579 -2.24844 -0.488996 1.16072 -0.854039
2.09969 1.37163 2.2401 0.698612 -0.106477 -0.317266 2.10605 1.41023 2.27758 0.730963 -0.121455 -0.340735
1.36631 1.82278 2.38695 -0.584935 1.37248 -1.11979 1.3587 1.84194 2.35732 -0.551352 1.35611 -1.08119
0.878709 -1.27335 -4.29526 0.778633 4.42967 -1.59107 0.936768 -1.21589 -4.26261 0.782246 4.40114 -1.61019
7.27483 -4.81939 -0.0994534 -4.03493 2.21117 0.957638 7.35776 -4.75496 -0.064034 -4.04296 2.19822 0.946622
-1.0206 -3.29492 -0.964134 -0.431663 0.970395 -1.19768 -0.925589 -3.19055 -0.850832 -0.440019 0.969711 -1.19386
-1.72444 -3.25547 -0.957585 0.44787 1.51484 2.69326 -1.7128 -3.22232 -0.873471 0.425528 1.54419 2.68888
-7.90479 -1.86031 -7.57602 -1.37432 -1.48863 -1.72702 -7.88348 -1.89538 -7.57003 -1.38107 -1.45661 -1.73274
-0.0989087 0.757406 -0.0768273 0.286719 2.27815 4.12479 -0.00781773 0.82758 -0.00916537 0.319828 2.27602 4.11195
-2.20297 -1.55151 -2.31496 -0.547248 1.54834 -0.74708 -2.18337 -1.51057 -2.29318 -0.559225 1.56627 -0.733464
-6.84026 -8.6562 -11.3736 2.96423 1.3954 -0.376733 -6.81732 -8.63599 -11.3346 2.95556 1.3873 -0.374708
-5.90818 -5.8012 3.95088 1.83063 1.48142 0.502759 -5.94394 -5.86728 3.98718 1.84559 1.44744 0.477863
0.555542 0.899496 -1.74252 0.295362 0.120382 0.24319 0.558905 0.948044 -1.7146 0.282523 0.135293 0.225315
0.974868 0.939946 -1.4458 0.289709 0.531041 0.20176 0.926713 0.930975 -1.49941 0.276634 0.517486 0.215916
-5.15343 -7.93196 -2.68334 -0.860503 0.110617 4.52335 -5.17344 -7.97345 -2.67718 -0.838184 0.0837933 4.4906
-1.58424 -7.88897 -5.0999 3.69762 4.60764 4.98592 -1.53698 -7.90435 -5.08483 3.69676 4.58346 4.96046
-6.83438 1.35465 1.03459 -3.89446 -0.0672503 2.4619 -6.76414 1.32173 1.11051 -3.93601 -0.0385565 2.47182
-5.03135 -10.6333 -9.68902 -1.75629 -0.244603 -2.38509 -5.06238 -10.6238 -9.65854 -1.74263 -0.27793 -2.35936
10.6499 10.239 12.7072 2.0223 -3.42701 2.14714 10.6351 10.1755 12.6614 2.01552 -3.47052 2.18625
-1.93215 -2.25481 -1.47515 -0.239066 0.538894 -1.07989 -1.96111 -2.29478 -1.49663 -0.251276 0.51989 -1.08486
6.766 -6.62334 7.23484 0.178371 -3.52274 -2.57753 6.72218 -6.56209 7.19035 0.170692 -3.52195 -2.5947
0.0877234 -0.471818 -1.47424 -0.412957 0.166135 0.272883 0.127836 -0.436266 -1.4412 -0.409658 0.155171 0.282987
-0.923557 -2.91617 -0.374625 0.213763 0.0207975 0.0185662 -0.892461 -2.91905 -0.335278 0.202612 0.0317799 0.00553726
0.133729 -2.21462 -0.0119275 0.0985656 0.323456 0.111417 0.148064 -2.16157 0.029912 0.0935191 0.320895 0.138686
-0.92199 -1.6712 -0.674404 -0.0744333 -0.290603 0.282185 -0.886972 -1.59425 -0.641565 -0.0807897 -0.291287 0.296717
-3.59881 -2.25293 -2.5029 -0.666011 1.66324 -1.39384 -3.59188 -2.21825 -2.44183 -0.647916 1.69113 -1.37165
-6.42252 8.0725 3.64457 -3.95604 -2.83282 0.358621 -6.35398 8.03675 3.60025 -3.96698 -2.83918 0.337902
-8.81147 -3.43719 -6.28672 -0.858872 3.89604 -2.23611 -8.83188 -3.48497 -6.2922 -0.879036 3.87088 -2.24268
3.36045 5.90724 8.31876 -2.69986 -2.30571 3.44672 3.35688 5.90507 8.28272 -2.71501 -2.25274 3.43798
-1.02959 -0.733254 -0.984695 0.292684 0.340225 -0.265794 -1.05631 -0.779102 -0.960986 0.309747 0.371022 -0.258926
1.88885 1.90881 0.428028 -0.888737 0.0223512 -1.19518 1.96386 1.91839 0.49657 -0.879059 0.0208168 -1.17361
-1.8528 -1.90727 -2.71909 -0.12495 0.0785526 -0.0738188 -1.84748 -1.95096 -2.71731 -0.1103 0.0647187 -0.0740387
-4.67435 -3.57052 -3.14127 -0.175468 -0.574159 -0.449315 -4.71849 -3.59968 -3.20878 -0.173838 -0.546068 -0.462783
3.20645 -2.14679 10.3365 -2.80911 4.35175 -3.7619 3.19464 -2.16544 10.4215 -2.78351 4.37119 -3.76608
1.28892 1.89512 2.89449 0.477915 -0.235064 0.0926112 1.40212 1.91807 2.98932 0.476672 -0.200188 0.105057
-1.60652 -1.32174 -2.49654 -0.236379 -0.313024 -0.327408 -1.65087 -1.33597 -2.54971 -0.244257 -0.320668 -0.33174
-1.06059 -2.19104 -1.03511 0.209282 0.00546686 -0.231406 -0.982544 -2.12141 -0.943475 0.203535 0.0104575 -0.252873
1.05701 1.92703 1.25998 0.22944 -0.0859011 -0.530912 1.04346 1.96557 1.23889 0.192971 -0.0587918 -0.522771
-3.32179 -2.1293 -0.345558 0.0757164 -0.337314 0.00988185 -3.29883 -2.12445 -0.301968 0.0827232 -0.313349 0.0251182
-0.232953 1.27539 0.76362 0.682423 -0.85864 0.905551 -0.22346 1.3296 0.757187 0.68374 -0.843873 0.895471
12.7155 8.32941 13.8678 -3.14056 -1.30893 1.54809 12.7444 8.32042 13.801 -3.2193 -1.33032 1.57915
-0.192615 0.273894 -0.939008 0.137709 0.31221 0.245231 -0.180227 0.294097 -0.909192 0.136562 0.323637 0.240626
-2.44784 -2.50935 -3.85416 -0.439755 0.103473 0.299818 -2.45061 -2.52276 -3.8794 -0.415678 0.100668 0.288619
-1.45932 0.0628159 -2.18595 -0.0080534 0.0894078 0.118281 -1.3955 0.167827 -2.10886 0.00927274 0.0800547 0.0938813
0.0209081 -1.65807 -1.26681 -0.33535 -0.500508 -0.267634 -0.0375676 -1.77208 -1.34583 -0.289635 -0.505729 -0.277851
-2.8298 -2.0929 -1.40385 -0.361858 0.164407 -0.332971 -2.83172 -2.04615 -1.41958 -0.35103 0.134379 -0.373035
1.19245 1.43653 1.2243 -0.203629 0.89564 -0.599454 1.17962 1.36676 1.19617 -0.234404 0.892924 -0.581201
-2.11988 -2.79583 -2.22987 0.224208 -0.125904 -0.467077 -2.14365 -2.78672 -2.24353 0.262631 -0.15808 -0.484962
-2.00675 -0.244435 -0.912033 0.213071 -0.427828 0.515888 -2.00024 -0.165168 -0.911108 0.216577 -0.439577 0.52143
0.699349 2.41268 2.09225 0.259692 0.300623 -0.0124633 0.729332 2.47919 2.04218 0.267075 0.307256 -0.00490492
3.0076 14.8653 10.1004 3.45997 -0.0750951 3.43895 3.07164 14.9161 10.1675 3.47472 -0.100812 3.49182
-2.16958 -3.28339 -1.50716 -0.973113 -0.231268 0.475816 -2.22758 -3.29526 -1.54166 -0.972077 -0.275631 0.498813
-3.38721 -2.39786 -2.26005 -0.707262 -0.209998 0.00590285 -3.33329 -2.33883 -2.15312 -0.699996 -0.20771 0.0189135
-2.69468 -2.49285 -1.69044 -0.80959 1.43806 -0.748512 -2.65083 -2.42454 -1.60522 -0.828614 1.42293 -0.768812
-1.8824 -2.55141 -0.406398 -0.256341 0.502183 -0.166726 -1.93289 -2.56089 -0.394157 -0.275864 0.495494 -0.139439
-2.567 -0.0235257 -1.81356 -0.451978 -0.24069 -0.158388 -2.57925 -0.00469312 -1.78624 -0.419846 -0.248779 -0.156838
-3.79298 -3.38276 -3.00951 0.339896 -0.423194 -0.329744 -3.81444 -3.42202 -2.96874 0.364151 -0.45686 -0.356438
-3.16945 -0.514177 -1.8324 0.251871 -0.484701 -0.326256 -3.12664 -0.530424 -1.7634 0.206322 -0.454634 -0.323306
-0.585046 0.446003 -1.17627 -0.540167 0.294076 -0.798874 -0.612467 0.444795 -1.20971 -0.526298 0.304569 -0.790693
-2.77665 -1.9142 -2.79813 -0.468156 1.28174 -1.18873 -2.87569 -1.92066 -2.83937 -0.44262 1.21501 -1.18383
-1.06095 -4.36924 -3.59637 -0.45428 0.366147 -0.0837917 -1.05139 -4.37439 -3.58599 -0.472409 0.394145 -0.139204
2.04132 0.568285 -0.500946 -0.721085 -0.0610122 0.649683 2.22374 0.761487 -0.433776 -0.700532 -0.0523601 0.649536
-0.24261 -2.23286 -1.95917 -1.0083 0.00407131 -0.344018 -0.27153 -2.21688 -2.00795 -1.05975 0.0346263 -0.350825
-4.63323 -3.92504 -2.63373 0.313216 -0.93942 -0.171814 -4.60059 -3.91392 -2.63923 0.280243 -0.951392 -0.151465
15.6513 4.21318 14.9076 0.0318917 4.58084 3.32437 15.8 4.30547 15.0455 0.0484353 4.61397 3.43462
-14.6969 -11.8364 -8.43234 -3.35213 2.61481 1.97335 -14.8142 -11.9764 -8.44577 -3.36452 2.60926 1.99371
-1.94396 1.12536 0.100254 0.451177 0.117495 0.226413 -1.93514 1.18004 0.0976116 0.492413 0.141344 0.155066
0.20109 -1.44798 -0.4651 0.172432 -0.122519 -0.346714 0.15357 -1.40924 -0.494442 0.144921 -0.143781 -0.362076
0.716796 -0.711597 -0.972496 0.192742 0.541155 0.655077 0.658638 -0.798016 -1.02738 0.206786 0.563306 0.650367
2.04633 0.762921 -1.06022 0.265525 0.602095 0.191617 2.03672 0.766071 -1.00816 0.240799 0.613425 0.155127
-1.21858 -2.88112 -0.875444 0.801549 -0.374047 -0.182347 -1.20858 -2.8101 -0.821679 0.858397 -0.394607 -0.184211
-3.4959 -0.863928 -1.31646 0.163494 0.00821793 0.306375 -3.44866 -0.812647 -1.3229 0.153623 0.00423938 0.264138
-1.15397 -1.10802 0.394599 0.121583 0.0928076 0.387871 -1.1979 -1.12991 0.373642 0.157753 0.102472 0.389279
-1.70642 -2.3736 -3.653 0.335511 -0.202448 0.0937303 -1.68864 -2.43759 -3.63989 0.348548 -0.173481 0.0612078
-0.461852 -1.30849 0.41686 0.564369 0.705451 0.262394 -0.460341 -1.29737 0.405912 0.515752 0.703031 0.247733
-2.21353 -1.62188 0.261628 0.0972109 0.518328 0.108834 -2.1002 -1.58035 0.412647 0.0672391 0.530643 0.111411
-1.38728 -1.25775 0.802134 0.14427 -0.355572 0.518688 -1.39655 -1.23811 0.810228 0.115801 -0.350772 0.52704
-3.38296 -2.90528 -3.27417 0.258802 -0.878571 -0.389799 -3.36212 -2.85782 -3.26562 0.27802 -0.870039 -0.401138
11.3062 16.9658 18.8584 3.43414 3.13185 -0.777287 11.2796 17.0819 18.9246 3.54821 3.22389 -0.730634
-1.50356 -0.928833 -0.197039 -0.487278 0.134857 0.0385798 -1.50274 -0.921905 -0.122695 -0.478222 0.16384 0.0631475
-2.62806 1.12713 -1.83122 0.0841188 -0.337408 0.235003 -2.62246 1.13319 -1.77538 0.0500759 -0.350112 0.234536
2.52086 -1.2699 0.229943 0.148594 -0.287809 0.384821 2.589 -1.2028 0.278863 0.138473 -0.345878 0.426213
-2.06994 -0.707842 -0.0562539 -0.496573 0.132119 0.755035 -2.07618 -0.761043 -0.0709178 -0.525833 0.160525 0.768303
-4.62585 -4.57434 -4.05447 0.236639 0.0244412 0.112821 -4.74116 -4.61969 -4.01625 0.225751 0.0478532 0.11846
0.841261 -1.07467 0.279473 0.144716 -0.0828788 0.288502 0.9103 -1.00181 0.263328 0.10889 -0.0644515 0.277571
-1.24077 -1.01115 -2.30193 0.0590858 -0.402586 0.0976713 -1.23193 -1.01313 -2.27821 0.021438 -0.403141 0.0892315
-2.6478 -0.63816 -0.549373 -0.25601 -0.333294 -0.279028 -2.61426 -0.601856 -0.544787 -0.277165 -0.366012 -0.280758
-0.71512 -1.52163 -2.93596 -0.409427 0.639197 0.291271 -0.753743 -1.55284 -3.00883 -0.411427 0.662606 0.321117
-3.27475 -3.44487 -2.28352 -0.147565 -0.232601 0.0358767 -3.33946 -3.41832 -2.32676 -0.166705 -0.200678 0.00183226
2.4604 -0.0963957 -2.26022 0.0643983 0.0261716 -0.609694 2.41781 -0.0742508 -2.22786 0.0728197 0.0257625 -0.615063
-3.49608 -3.90579 -1.83881 -0.799524 0.538845 0.4936 -3.50295 -3.83571 -1.86349 -0.806214 0.519051 0.460599
0.525517 0.389193 -0.625049 -0.0397223 -0.619007 0.203262 0.592494 0.453536 -0.654636 -0.00103066 -0.642061 0.211827
1.30745 -0.194721 -1.46903 0.645344 0.106959 -0.355142 1.31525 -0.231767 -1.40771 0.595094 0.183186 -0.346873
0.219956 -0.81743 -0.00143018 -0.380707 -0.248789 0.336131 0.129748 -0.81276 0.00334773 -0.347302 -0.21932 0.338425
-0.670807 1.50548 0.251751 -0.218026 -0.504796 -0.0122161 -0.616191 1.6172 0.385284 -0.224004 -0.492575 0.0109392
-0.87125 -1.15564 -0.182647 0.390008 0.434964 0.132811 -0.865453 -1.14384 -0.155762 0.363668 0.425085 0.127011
-2.46374 -3.13972 -2.63964 0.285291 -0.0948175 0.751125 -2.43855 -3.11707 -2.60835 0.271189 -0.110527 0.746862
0.134766 0.996908 0.429859 -0.884485 1.4601 -1.55085 0.131463 0.955191 0.351424 -0.868214 1.46095 -1.53647
-0.490028 -0.808134 -1.18029 2.13865 -3.20565 -1.27146 -0.526942 -0.858624 -1.19549 2.12958 -3.20245 -1.26851
-0.91775 -0.976984 -1.2395 -0.886497 1.53461 -1.5037 -0.914782 -0.974768 -1.26469 -0.889023 1.54168 -1.49233
-1.64525 -1.04647 -1.45823 2.07258 -2.7889 -1.71756 -1.64678 -1.04775 -1.4416 2.0488 -2.78279 -1.70471
-1.33598 0.134955 -1.1501 2.46262 -3.75211 -1.5982 -1.33462 0.0889064 -1.14894 2.45054 -3.7252 -1.58493
1.21018 1.11381 0.850832 2.18829 -3.11053 -1.38708 1.21244 1.10475 0.854728 2.19346 -3.10126 -1.3899
0.900532 0.78033 -0.0673218 -0.539558 0.94078 -1.61852 0.849784 0.750263 -0.119375 -0.547428 0.942973 -1.60971
-0.782944 -1.68836 -1.6267 2.54411 -3.20538 -1.47833 -0.792725 -1.68216 -1.61611 2.52748 -3.18356 -1.4784
-0.462765 -0.334874 -0.526549 2.39284 -3.45199 -1.20946 -0.412446 -0.299965 -0.494956 2.38877 -3.42224 -1.20779
-0.981408 -0.233027 -0.25957 -0.782235 0.542069 -1.5949 -0.973705 -0.21895 -0.238581 -0.783044 0.530935 -1.59529
-3.22638 -1.41704 -2.8617 -0.626344 1.51528 -1.43049 -3.23711 -1.52057 -2.85336 -0.630936 1.47227 -1.41816
0.880575 1.33139 -0.629161 -0.499193 1.07282 -1.46974 0.879175 1.29618 -0.632433 -0.495099 1.06316 -1.45981
-5.4405 -5.67996 -5.28166 -0.239561 1.43488 -1.48472 -5.40908 -5.75467 -5.28227 -0.251051 1.43295 -1.46493
0.0606817 -1.56334 -0.628128 0.805896 1.82279 2.97616 0.0965033 -1.5641 -0.604351 0.790718 1.84738 2.97884
4.4274 4.58817 3.4689 0.887094 2.63651 3.38507 4.39047 4.58866 3.39871 0.908571 2.62699 3.40548
-2.0646 -1.36037 -0.591768 1.07857 1.91017 3.01276 -2.07572 -1.36559 -0.576412 1.09103 1.90227 3.00031
-0.865541 -2.30383 -3.62173 0.956282 2.29248 4.03495 -0.864747 -2.26706 -3.62619 0.916057 2.28311 4.02209
-1.03437 -1.46074 -0.135546 -1.11991 0.560855 -1.38288 -1.03846 -1.44313 -0.170101 -1.13281 0.583028 -1.36888
-1.2902 -1.4061 -1.06761 -0.486602 1.23439 -1.89229 -1.32818 -1.40895 -1.09907 -0.488407 1.2426 -1.90247
-0.368752 0.620646 -0.44059 2.53666 -3.27509 -1.82378 -0.358712 0.646803 -0.427826 2.51694 -3.24185 -1.82559
-0.0897337 -0.720175 -0.712943 -0.670885 1.6625 -1.70708 -0.124303 -0.751803 -0.705422 -0.656445 1.63401 -1.69191
1.16492 1.12781 0.602956 0.177219 -0.813092 -1.81924 1.16249 1.21019 0.651187 0.169326 -0.809897 -1.81072
-1.52562 -2.2664 -2.22868 -0.927599 1.48024 -1.88085 -1.48215 -2.27641 -2.17841 -0.901399 1.47759 -1.88088
0.751168 1.19364 0.854913 0.502242 1.94965 3.16268 0.772552 1.18362 0.860332 0.50329 1.96087 3.18443
-3.22257 -3.46659 -1.73845 -0.158872 1.08961 -0.906072 -3.2269 -3.46481 -1.65495 -0.160736 1.12148 -0.876581
-0.883719 -3.03429 -1.83865 2.17475 -2.74276 -0.770615 -0.914482 -3.0477 -1.90255 2.16257 -2.72668 -0.7538
-0.925023 -3.01071 -1.21525 -0.435084 1.6223 -0.953695 -0.990521 -3.0472 -1.22708 -0.441174 1.60686 -0.899325
-3.97914 -2.99146 -1.70047 0.14757 -0.595075 -1.50786 -4.05437 -3.06255 -1.74501 0.12412 -0.615561 -1.49534
0.295098 2.92086 2.62253 0.539304 2.28223 3.22821 0.335741 2.95299 2.66339 0.550815 2.26772 3.22983
-1.84774 -3.02156 -2.07007 0.0877804 1.09342 -1.24642 -1.84117 -3.00543 -2.08233 0.0938402 1.0877 -1.21289
-0.75621 1.29573 -0.12883 0.819013 1.75019 3.12604 -0.725857 1.33528 -0.101016 0.809278 1.72294 3.12306
-0.0468838 -1.77718 -1.6794 -0.878896 1.30796 -1.388 -0.0750008 -1.88654 -1.71079 -0.884704 1.32612 -1.42225
-1.5018 -3.33687 -1.70067 0.9923 1.76448 3.17885 -1.49492 -3.32949 -1.73196 0.984341 1.76506 3.182
-1.69241 -2.28685 -1.82061 0.687588 1.59901 2.8244 -1.65489 -2.26221 -1.79487 0.694577 1.60031 2.79092
-2.12493 -1.58821 -4.46758 -0.698493 0.923236 -1.28862 -2.08591 -1.56484 -4.48531 -0.698632 0.911233 -1.27438
6.9353 2.46331 4.91179 2.28176 1.61794 -3.06876 6.94316 2.4419 4.87398 2.25707 1.59672 -3.09594
1.00167 0.748794 0.37286 0.84023 2.58922 2.98025 1.01824 0.747739 0.368953 0.825703 2.53967 2.93863
-1.27051 -3.10388 -0.534166 -0.804286 1.18688 -1.2398 -1.25046 -3.13829 -0.509221 -0.789421 1.16454 -1.2336
-0.000787894 1.06931 1.23885 -0.0325488 -0.844696 -1.54139 0.0493458 1.01765 1.27069 -0.0323766 -0.81243 -1.55126
-2.14124 -3.83477 -2.55027 -0.444315 1.25739 -1.35183 -2.1183 -3.8677 -2.59022 -0.484434 1.25288 -1.32933
1.81255 2.30175 0.398049 -0.715901 1.37349 -0.721718 1.82074 2.31196 0.331381 -0.726414 1.34068 -0.752455
0.496195 1.11827 0.994914 -0.375808 0.313405 -0.646702 0.496715 1.12357 0.948855 -0.391492 0.294367 -0.607343
-3.80866 -2.1581 -4.09788 0.980332 2.19298 3.24804 -3.84054 -2.18474 -4.10959 0.973429 2.17841 3.23636
-4.32135 -0.562123 4.23304 -0.426702 2.09428 1.04294 -4.30213 -0.599997 4.23853 -0.393039 2.05015 1.03487
-2.47998 -0.333009 3.30497 3.05703 0.7964 0.0497816 -2.5008 -0.373527 3.27601 3.02929 0.769445 0.0365542
-2.04734 -2.47782 -2.05327 0.545554 1.90401 3.39416 -2.07649 -2.49796 -2.0895 0.515304 1.90696 3.41324
-6.5914 -5.03506 -1.64195 2.27745 -2.06246 0.615157 -6.65019 -5.08417 -1.63382 2.28135 -2.02317 0.608674
-0.445393 -2.16633 -0.988543 -0.495481 1.52162 -0.993606 -0.371913 -2.1309 -0.973393 -0.490951 1.49105 -1.02975
1.97514 1.08414 2.43384 -0.401813 0.933068 -1.19596 2.05932 1.13891 2.47131 -0.439651 0.938336 -1.20954
-1.87499 -1.31779 -0.624003 0.613292 2.05572 2.99222 -1.91901 -1.31291 -0.605512 0.596452 2.06403 2.95384
-1.42441 -1.36122 0.614225 -0.641366 1.9921 -0.869056 -1.36211 -1.35847 0.657104 -0.651534 1.9462 -0.850667
1.38474 7.03698 4.12718 1.60168 3.73598 0.48438 1.4208 7.08786 4.11339 1.60342 3.76722 0.485995
0.494635 0.368327 0.0619293 0.332103 -0.0243914 -0.0569172 0.504472 0.382779 0.0590134 0.307414 -0.0164112 -0.0755528
-0.834828 -0.47964 -2.08838 1.08927 1.58617 2.93788 -0.801291 -0.471088 -2.04963 1.06848 1.52783 2.91898
3.90609 0.880996 3.14827 -0.522531 -0.0277864 -0.374585 3.8418 0.853674 3.08661 -0.526489 -0.0289935 -0.347497
1.98621 2.42658 1.72254 1.09832 0.945237 2.72034 2.00791 2.47329 1.68431 1.12305 0.93606 2.70047
-5.7431 -3.52976 -4.18083 0.602512 1.25413 2.38366 -5.76076 -3.51699 -4.13729 0.615116 1.23345 2.37809
-7.50326 -2.95987 -3.07524 1.78239 -3.81172 0.0799468 -7.51354 -2.9729 -3.04479 1.79945 -3.80007 0.092886
-0.0253903 -0.160721 -0.590465 0.980839 1.45588 3.43545 -0.0282952 -0.175941 -0.626513 0.994356 1.48213 3.44127
-7.08809 -0.196196 -5.12313 3.55549 -0.153629 -2.23407 -7.11104 -0.209454 -5.15505 3.54604 -0.151468 -2.19767
-0.646707 -0.64357 -2.52236 -0.591814 0.190032 0.327387 -0.702517 -0.628097 -2.50882 -0.603213 0.215737 0.342804
1.44294 3.02843 11.6104 -2.33619 4.79861 0.986682 1.44835 2.99851 11.7577 -2.31878 4.83523 0.988484
2.37416 2.96946 2.17652 2.76128 -3.81086 -1.60652 2.35536 2.91784 2.12555 2.73705 -3.81397 -1.60729
-3.37966 -3.27473 -3.39246 -1.27933 1.32837 -1.3704 -3.40331 -3.30186 -3.44684 -1.26923 1.30649 -1.3658
-3.18668 -3.03432 -3.40528 -0.218377 1.38917 -1.43765 -3.20571 -3.05442 -3.37377 -0.200028 1.37689 -1.43745
-1.58129 -0.996427 -2.60451 0.126971 1.26632 2.71148 -1.5185 -0.942069 -2.63546 0.129803 1.2714 2.67436
-10.7112 -5.16525 -2.34623 -1.64861 -2.84685 -0.341042 -10.7406 -5.20915 -2.35882 -1.619 -2.82913 -0.371159
-1.69772 -2.64876 -1.56678 -0.874797 1.05053 -1.3079 -1.67876 -2.64923 -1.57877 -0.871204 1.03743 -1.29769
5.15403 9.30054 10.2453 -1.36385 -3.50164 -0.278902 5.19375 9.38722 10.2979 -1.39333 -3.56928 -0.306797
0.627792 1.99857 2.15419 -0.0428104 -0.401375 0.0270642 0.700894 2.03446 2.22542 0.00862924 -0.394182 0.0161655
-1.8156 -2.12759 -1.96816 -0.398036 1.01627 -1.03619 -1.73156 -2.0931 -1.99106 -0.395529 1.00502 -1.03298
-11.0632 -6.61247 -7.73988 3.33462 3.3404 -0.0650624 -11.0861 -6.62861 -7.72791 3.30341 3.32202 -0.0844538
-1.45945 -1.66202 -2.17014 0.370492 -0.730981 0.359495 -1.54899 -1.70233 -2.23123 0.36945 -0.71788 0.332695
-11.3566 2.12288 -7.77746 -2.55894 4.11336 3.29447 -11.3343 2.16019 -7.7949 -2.60569 4.10731 3.31545
1.22183 -0.340083 -5.46477 -1.71333 -4.04343 -3.17834 1.25015 -0.314037 -5.472 -1.72092 -4.00687 -3.18909
1.47537 -10.1525 -5.27288 3.0981 -0.876925 2.22647 1.50067 -10.0862 -5.30419 3.11532 -0.90897 2.23892
-0.880282 0.259517 -1.52431 -1.14498 1.24774 -1.39175 -0.87861 0.277762 -1.46929 -1.09021 1.25116 -1.41688
-1.15557 -2.89477 -2.91242 -0.857101 1.24319 -1.28728 -1.1148 -2.85211 -2.87337 -0.821239 1.227 -1.2886
-2.78822 -1.17938 -1.89759 0.178444 0.110311 0.881087 -2.83322 -1.179 -1.84763 0.158705 0.0886084 0.881484
-0.0602937 -0.692852 -0.203343 -0.447524 -0.380926 -0.13392 -0.0942241 -0.646205 -0.236746 -0.455597 -0.360663 -0.120293
-0.542158 -0.323262 -1.27792 -0.282498 1.50398 -1.81992 -0.431526 -0.272017 -1.22251 -0.2787 1.47167 -1.76546
-0.855641 -2.18131 -2.66938 -0.451312 0.123376 -0.167442 -0.823981 -2.16158 -2.63849 -0.454899 0.0906529 -0.136191
-2.18995 9.11872 6.16517 1.68767 -5.35489 1.39012 -2.08683 9.15457 6.17525 1.68103 -5.4095 1.39545
-4.06409 -3.54444 -2.91664 -0.0193163 0.113413 0.459474 -4.06589 -3.5512 -2.9178 -0.0212256 0.0668005 0.472968
-1.35208 -1.95196 -0.979258 -0.353216 0.231131 -0.511324 -1.3361 -1.96741 -0.907218 -0.327301 0.239271 -0.495029
-0.943983 1.51537 -0.192385 0.392531 -0.45255 0.0375551 -0.90803 1.585 -0.140757 0.430588 -0.450108 0.0586662
-11.5443 -11.3684 -13.568 -2.37323 0.511165 2.40243 -11.5559 -11.349 -13.5278 -2.37582 0.534115 2.41567
6.34272 2.72204 -5.74714 1.44935 3.57164 0.765689 6.40604 2.75737 -5.71046 1.42757 3.54865 0.766158
-1.83389 -2.16031 -3.12894 -0.649779 0.372891 0.0416362 -1.77167 -2.14351 -3.14428 -0.627236 0.377619 0.062676
-1.70814 -1.69509 -4.33859 -0.769642 0.414383 -1.32422 -1.81091 -1.74808 -4.41324 -0.79239 0.40169 -1.28859
0.569003 -7.16458 -0.69323 -3.68718 -4.17777 3.31197 0.54163 -7.13512 -0.728556 -3.74647 -4.16384 3.31744
-0.602052 0.403483 1.56311 0.824323 -0.197243 -0.347312 -0.585992 0.405655 1.58363 0.746651 -0.220551 -0.343418
-2.68624 -2.28729 -3.9603 0.585943 0.130823 -0.284284 -2.73473 -2.32105 -4.04963 0.609111 0.135808 -0.317196
-0.473289 1.37483 -0.321544 -0.226961 1.14295 -0.935939 -0.428661 1.38168 -0.381005 -0.203044 1.10103 -0.917569
-1.64333 -2.85406 -3.05146 -0.0667728 0.284111 -0.694699 -1.64173 -2.92524 -3.0586 -0.0795516 0.311168 -0.724587
-0.0125823 2.69613 0.234378 -0.97287 0.256119 -0.00591346 0.00200685 2.76082 0.233638 -0.961489 0.273422 -0.0468101
-13.1722 -9.40706 -9.19196 0.603588 2.34911 3.67932 -13.2138 -9.45179 -9.21502 0.580364 2.3502 3.67123
-2.70156 -1.80038 0.358751 0.285508 -0.755711 0.548215 -2.68717 -1.78781 0.407816 0.285813 -0.77114 0.577074
0.265163 -1.77576 -0.299309 -0.242759 -0.0887415 -0.431585 0.24315 -1.828 -0.296141 -0.258735 -0.107303 -0.439398
15.9723 11.676 5.83333 3.8925 -4.95551 1.65136 16.0204 11.8668 5.82209 3.95341 -4.97251 1.68099
1.73063 -1.57566 -0.435117 -0.628653 0.350192 0.233654 1.72809 -1.671 -0.473578 -0.62179 0.312318 0.247327
1.29879 0.507383 1.76925 0.713105 -0.107117 -0.0446525 1.32803 0.578282 1.8037 0.690965 -0.056228 -0.0501832
-4.51398 -1.65845 -1.26761 0.367955 0.245591 0.335044 -4.52991 -1.65032 -1.2161 0.350814 0.181367 0.309844
-4.13119 -2.13985 -3.14756 0.333214 -0.628887 0.0583454 -4.16073 -2.14566 -3.08728 0.316245 -0.60086 0.065615
-3.09898 -2.56557 -2.59236 -0.132067 0.04743 -0.209313 -3.11943 -2.50239 -2.61894 -0.127413 0.0582119 -0.216638
-2.80453 -2.46431 -1.85208 0.102145 -0.405753 -0.197451 -2.83252 -2.47749 -1.86016 0.0749148 -0.383566 -0.214253
-2.12245 -2.51876 -1.11436 -0.00181537 -0.369477 -0.604264 -2.13933 -2.49752 -1.13649 -0.00917839 -0.393152 -0.547124
1.98097 -0.545161 -0.475396 -0.485326 1.15919 -0.819584 1.98463 -0.537973 -0.426035 -0.473858 1.16201 -0.844182
-0.46187 -0.982863 -2.42759 -0.234797 0.0486009 -0.0764386 -0.407731 -0.967255 -2.44406 -0.227788 0.060827 -0.0782108
-0.0374239 0.819577 -0.165247 -0.191956 -0.530324 0.273298 0.074158 0.899537 -0.167416 -0.204145 -0.555928 0.257125
-1.32245 -2.81111 -1.62038 0.257288 -0.103955 0.0939764 -1.35033 -2.77874 -1.66423 0.270035 -0.125179 0.09646
-0.2011 -0.276949 -1.1288 -0.394823 0.352628 0.804332 -0.13498 -0.268047 -1.07732 -0.366527 0.385748 0.817046
2.5207 0.775138 1.32893 -0.341605 0.304298 -0.0939205 2.51486 0.770752 1.29859 -0.360763 0.275002 -0.0862487
13.7858 17.786 5.83191 -0.933664 -0.930949 1.50352 13.784 17.8308 5.70164 -0.979857 -0.905546 1.50053
-3.83832 -2.02512 -1.99512 -0.320964 -0.271938 -0.582654 -3.7294 -2.06435 -1.97345 -0.328977 -0.283176 -0.529588
-1.47938 1.00865 -1.0751 0.0421193 -0.816724 -0.0387661 -1.53624 1.02484 -1.04304 0.0417266 -0.771506 -0.0341685
-0.14519 -0.484751 -2.06335 -0.54983 -0.150537 -0.021367 -0.145887 -0.447634 -2.10562 -0.518241 -0.127323 -0.0263764
-0.130548 0.583658 -0.929997 -0.462198 0.0940936 -0.217356 -0.132661 0.638366 -0.864952 -0.484467 0.105862 -0.22161
-13.8472 -13.2987 -11.9935 -2.07775 3.5825 2.44334 -13.8795 -13.2924 -11.9359 -2.10701 3.57896 2.4579
-1.36824 -0.883243 -1.15047 0.0279404 0.162337 0.100887 -1.40775 -0.997542 -1.20501 -0.0276 0.157732 0.109477
0.698427 0.142671 0.949373 -0.253871 -0.118932 -0.498981 0.692854 0.131839 0.945083 -0.225373 -0.146059 -0.520116
-1.64395 -2.56958 -0.64386 0.294006 0.0310174 -0.0819639 -1.61587 -2.58758 -0.62568 0.28003 0.00285774 -0.113069
0.237716 2.93161 1.51265 -0.384009 0.328951 0.419686 0.195317 2.93749 1.43738 -0.358806 0.353508 0.415978
-2.58039 -2.65911 -2.93877 0.199229 -0.626217 -0.284322 -2.61211 -2.63256 -2.97499 0.186618 -0.624577 -0.260285
-13.5303 -14.5783 -12.5985 0.690707 -0.74273 -2.08121 -13.5515 -14.6372 -12.5146 0.683091 -0.775507 -2.09592
-3.99501 -3.46178 -1.00902 0.467144 -0.060554 0.420388 -3.98434 -3.41132 -1.00258 0.481535 -0.0785898 0.463049
-14.9464 -11.7082 -14.7003 2.34166 0.732356 1.3444 -14.9903 -11.6713 -14.6232 2.36457 0.72687 1.36524
-3.88153 -4.0291 -2.51876 0.237692 0.281708 -0.402346 -3.93924 -4.05525 -2.47132 0.237171 0.272293 -0.395928
-1.51004 -1.5493 -1.59734 -0.853672 0.0684214 0.175637 -1.5307 -1.54548 -1.59023 -0.863939 0.0866223 0.235771
-3.10063 -4.33675 -3.64643 0.290429 0.521984 0.0653934 -3.1014 -4.32359 -3.68979 0.34656 0.494434 0.0719769
-1.66306 -0.826109 0.747251 0.162256 0.212281 -0.408739 -1.68834 -0.878405 0.743012 0.141162 0.238403 -0.417354
-1.96726 -0.790512 -2.42787 -0.0148879 -0.0777969 0.671789 -2.00541 -0.81373 -2.42008 0.00598868 -0.0663289 0.672548
-2.36394 -1.0087 -1.12335 -0.0163368 -0.465785 0.30201 -2.39074 -1.01297 -1.08785 -0.0517207 -0.480727 0.291801
-2.94229 -2.86264 -0.221733 -0.468187 0.433594 0.268143 -2.98528 -2.8533 -0.193819 -0.494847 0.459823 0.249466
-2.44566 -0.689089 -1.42178 0.00242521 0.859067 -0.548781 -2.5157 -0.775125 -1.55221 0.0220326 0.866262 -0.562717
0.279589 -0.297386 -2.93384 0.0198376 -0.103039 0.165522 0.319447 -0.31483 -2.96314 -0.00259793 -0.0925097 0.172696
-3.93936 -3.19163 -4.22079 0.295094 0.46501 -0.121627 -4.00857 -3.2436 -4.25331 0.279292 0.499633 -0.170948
0.554037 1.36441 0.490253 -0.744844 -0.672341 -0.786785 0.506298 1.41141 0.419024 -0.689604 -0.628632 -0.799628
-2.77647 -3.07539 -1.60087 -0.141875 -0.261429 0.018249 -2.76283 -3.13718 -1.58855 -0.127624 -0.269638 0.0621012
-2.38338 -3.85438 -0.700406 0.0224975 0.0030346 0.163415 -2.40024 -3.84009 -0.748923 0.0534623 0.0126882 0.157953
-0.145843 -0.258959 1.34225 -0.581448 0.128096 -0.874163 -0.12137 -0.353165 1.336 -0.609401 0.093945 -0.902304
-3.77993 -4.01426 -1.35934 0.581303 -0.0909176 -0.982993 -3.71832 -4.0289 -1.29084 0.540712 -0.145009 -0.991832
0.776797 0.255865 -1.23388 -0.0544322 0.0781715 0.349082 0.776209 0.220462 -1.19401 -0.0715699 0.0581399 0.361845
-0.0175176 0.922515 -0.382578 -0.340027 -0.055814 0.441327 0.0473029 0.94475 -0.320572 -0.32784 -0.0513323 0.420522
-2.30879 -3.94877 -1.98809 -0.205192 -0.189263 1.13809 -2.32716 -3.97747 -2.00168 -0.216797 -0.185232 1.13094
-1.86512 -3.6005 -4.60696 -0.584756 -0.0137855 0.0962344 -1.94532 -3.65173 -4.65997 -0.587352 0.0158609 0.11788
-1.5725 -3.19057 -3.4627 0.057573 0.479175 -0.40027 -1.55855 -3.21539 -3.43998 0.00736228 0.437475 -0.411973
-2.4478 -1.23317 0.915433 0.0485796 0.388177 -0.0715976 -2.46769 -1.27328 0.902065 0.0495966 0.399855 -0.0692214
-1.78107 -3.59463 -0.490532 0.276501 0.266841 -0.253569 -1.72101 -3.66073 -0.512311 0.269524 0.321362 -0.235928
-0.930956 -3.65663 -1.44964 -0.211377 -0.0503117 0.214496 -0.931751 -3.67171 -1.45715 -0.183209 -0.0276555 0.161041
