-7.31811 -7.31848
-7.308 -7.30793
-7.32917 -7.32925
-7.33625 -7.33612
-7.32097 -7.32092
-7.31957 -7.31941
-7.33017 -7.33008
-7.3186 -7.319
-7.32576 -7.32571
-7.28975 -7.28988
-7.3291 -7.32908
-7.33035 -7.33027
-7.28252 -7.28243
-7.33812 -7.33846
-7.33291 -7.33274
-7.32397 -7.32411
-7.30125 -7.30125
-7.34263 -7.34278
-7.32592 -7.32607
-7.28245 -7.2823
-7.31299 -7.31333
-7.31945 -7.31948
-7.26327 -7.26357
-7.32316 -7.323
-7.33029 -7.33016
-7.32541 -7.32536
-7.28405 -7.28397
-7.32155 -7.32178
-7.33026 -7.33031
-7.30964 -7.30947
-7.3233 -7.32326
-7.31921 -7.31918
-7.33351 -7.33344
-7.34235 -7.34227
-7.30624 -7.30613
-7.29446 -7.29461
-7.32856 -7.32874
-7.32946 -7.32955
-7.34274 -7.3423
-7.32603 -7.32586
-7.31452 -7.31489
-7.30655 -7.30655
-7.34237 -7.34247
-7.31738 -7.31745
-7.33667 -7.33675
-7.29198 -7.29198
-7.31401 -7.31409
-7.32084 -7.32078
-7.34513 -7.34493
-7.33101 -7.33112
-7.32832 -7.32813
-7.29485 -7.29465
-7.30845 -7.30839
-7.35265 -7.35257
-7.34972 -7.34965
-7.29059 -7.29031
-7.32158 -7.32159
-7.29135 -7.29132
-7.33392 -7.33394
-7.30955 -7.30992
-7.30406 -7.3042
-7.33638 -7.33638
-7.33174 -7.33208
-7.31929 -7.31902
-7.30264 -7.30241
-7.33563 -7.33568
-7.31977 -7.31971
-7.3288 -7.3284
-7.32035 -7.3202
-7.32301 -7.32325
-7.28629 -7.2865
-7.32657 -7.3266
-7.31915 -7.31927
-7.32181 -7.32169
-7.34265 -7.34233
-7.31471 -7.31455
-7.3186 -7.31871
-7.32817 -7.32813
-7.29336 -7.29271
-7.29733 -7.29754
-7.31748 -7.31762
-7.32509 -7.32532
-7.33175 -7.3318
-7.32436 -7.32452
-7.2974 -7.29773
-7.31561 -7.31556
-7.32828 -7.32804
-7.30677 -7.30627
-7.33799 -7.33821
-7.30874 -7.30876
-7.33241 -7.33278
-7.34363 -7.34347
-7.32669 -7.32693
-7.32769 -7.3277
-7.31537 -7.31528
-7.34078 -7.34063
-7.34263 -7.34271
-7.29494 -7.29497
-7.3371 -7.3369
-7.31318 -7.31301
