3.36839 5.9514 8.37414 -2.7432 -2.27996 3.44251 3.35688 5.90507 8.28272 -2.71501 -2.25274 3.43798
-13.2247 -9.42886 -9.19902 0.582498 2.36158 3.62058 -13.2138 -9.45179 -9.21502 0.580364 2.3502 3.67123
0.236553 0.883836 -5.56574 2.06814 -1.66645 -4.95363 0.263557 0.874381 -5.5948 2.02995 -1.6642 -4.94649
-4.95518 -3.4153 -2.41647 0.158969 3.91322 -2.8713 -4.88088 -3.34408 -2.38812 0.171357 3.92005 -2.88513
1.24715 -0.265192 -5.46203 -1.73073 -3.98238 -3.19805 1.25015 -0.314037 -5.472 -1.72092 -4.00687 -3.18909
-0.674185 -4.81691 -9.60339 -2.633 -3.84026 3.06655 -0.57951 -4.7572 -9.53803 -2.62857 -3.84838 3.04877
-7.18146 4.68133 -7.00196 -1.07325 -4.37215 -0.650937 -7.15406 4.71832 -6.99706 -1.04193 -4.33614 -0.673995
5.91017 6.7071 -1.39549 -3.88772 4.10953 -0.94327 5.87341 6.72452 -1.38695 -3.86992 4.1035 -0.94952
2.63036 1.30314 -7.55471 -2.50546 -2.02073 -2.09881 2.63354 1.24826 -7.45689 -2.48854 -1.99908 -2.12377
-14.9671 -11.685 -14.6196 2.36962 0.76574 1.32327 -14.9903 -11.6713 -14.6232 2.36457 0.72687 1.36524
-10.6459 -0.282181 -4.50892 2.25063 -3.29526 -2.85795 -10.6293 -0.277725 -4.54271 2.2362 -3.30967 -2.87221
-7.91554 -1.90415 -7.59797 -1.38226 -1.49837 -1.75543 -7.88348 -1.89538 -7.57003 -1.38107 -1.45661 -1.73274
-13.5139 -11.3736 -13.7325 -1.50366 -1.43641 -2.68757 -13.5371 -11.3797 -13.7883 -1.49153 -1.46758 -2.73233
0.0513446 1.656 -5.62966 0.220566 -2.55629 0.34915 0.0218662 1.673 -5.56832 0.21996 -2.55491 0.367078
-7.54704 -2.95018 -3.07579 1.82651 -3.78798 0.0670535 -7.51354 -2.9729 -3.04479 1.79945 -3.80007 0.092886
-5.08064 -10.6345 -9.66022 -1.76103 -0.246622 -2.37671 -5.06238 -10.6238 -9.65854 -1.74263 -0.27793 -2.35936
10.8165 13.5146 -1.8259 0.310737 0.230929 1.12909 10.7565 13.4033 -1.84821 0.277825 0.272213 1.11965
-4.48015 -0.578096 3.99535 3.34624 -0.401123 1.27608 -4.4483 -0.589273 3.9461 3.32255 -0.418781 1.28714
-5.20767 -8.02779 -2.72724 -0.865419 0.151431 4.46348 -5.17344 -7.97345 -2.67718 -0.838184 0.0837933 4.4906
-14.6745 -12.7698 -8.59044 2.58461 2.94232 1.7076 -14.7579 -12.823 -8.58403 2.61409 2.92457 1.68105
0.517743 -7.16669 -0.680151 -3.76506 -4.16608 3.34467 0.54163 -7.13512 -0.728556 -3.74647 -4.16384 3.31744
6.36618 -3.4768 9.42063 -2.53983 4.02502 -3.11535 6.33043 -3.38107 9.37339 -2.53624 4.04427 -3.10369
-14.1609 -14.9345 -14.8715 1.74376 -2.92431 3.32549 -14.1701 -14.9675 -14.9412 1.76836 -2.96193 3.33666
-11.154 -6.61167 -7.75617 3.3431 3.35446 -0.0975032 -11.0861 -6.62861 -7.72791 3.30341 3.32202 -0.0844538
-4.98495 -2.60046 1.13515 2.5914 -1.27989 0.473587 -5.01002 -2.66837 1.14343 2.58163 -1.25016 0.459026
-1.50133 -7.89894 -5.0446 3.74277 4.57575 4.96894 -1.53698 -7.90435 -5.08483 3.69676 4.58346 4.96046
-13.5298 -13.6478 -13.9373 2.14897 0.531271 -1.9749 -13.5832 -13.6912 -13.9403 2.16466 0.549223 -2.00523
6.75516 -6.6355 7.24451 0.144432 -3.47858 -2.56094 6.72218 -6.56209 7.19035 0.170692 -3.52195 -2.5947
7.30693 6.37485 7.16614 4.531 -0.767584 -2.53666 7.34095 6.43254 7.17483 4.55693 -0.783393 -2.54266
10.5779 2.92494 0.0912353 -3.34405 -4.24655 4.8133 10.5769 2.95284 0.141126 -3.37436 -4.28056 4.8733
-0.636281 8.45829 -2.36047 -1.36138 -4.2417 1.78401 -0.672079 8.49705 -2.40449 -1.34412 -4.2665 1.84019
-6.46842 8.03614 3.56354 -3.96449 -2.85337 0.306926 -6.35398 8.03675 3.60025 -3.96698 -2.83918 0.337902
0.997318 -1.25902 -4.24965 0.769277 4.36 -1.63113 0.936768 -1.21589 -4.26261 0.782246 4.40114 -1.61019
2.53152 -1.53276 -2.72235 -4.09888 -3.695 -2.40871 2.53517 -1.55028 -2.73451 -4.09435 -3.7068 -2.39879
12.171 7.74482 15.9929 -2.42271 3.17251 0.742909 12.1922 7.86066 16.037 -2.4256 3.28737 0.777783
-13.8408 -13.277 -11.927 -2.05619 3.5592 2.41949 -13.8795 -13.2924 -11.9359 -2.10701 3.57896 2.4579
-6.79425 -8.64679 -11.3344 2.97114 1.39184 -0.396024 -6.81732 -8.63599 -11.3346 2.95556 1.3873 -0.374708
1.49006 2.94503 11.7975 -2.31808 4.75138 0.994345 1.44835 2.99851 11.7577 -2.31878 4.83523 0.988484
0.143287 3.53363 -2.23204 -1.86497 -2.59341 -4.26891 0.171717 3.61873 -2.15433 -1.84372 -2.59664 -4.27544
4.39737 -2.60059 -2.00068 -0.415531 3.71922 -3.3188 4.4167 -2.54775 -2.01648 -0.469302 3.73052 -3.33311
3.28117 -9.79916 -4.325 1.20142 3.50197 3.69937 3.29062 -9.7351 -4.38734 1.15251 3.51856 3.68421
-13.9985 -13.6934 -11.7083 0.726884 -0.388139 -0.642397 -14.0326 -13.7187 -11.6967 0.7178 -0.387759 -0.624678
3.78761 -2.64503 -1.07601 -2.29938 1.4332 -2.39977 3.78938 -2.61096 -1.016 -2.25609 1.42502 -2.40003
10.5445 1.32151 11.5117 -0.344255 -1.99663 -3.07255 10.5404 1.54321 11.5418 -0.339359 -1.99492 -3.1292
1.45323 7.09944 4.16762 1.62192 3.71004 0.476828 1.4208 7.08786 4.11339 1.60342 3.76722 0.485995
-13.5219 -11.9753 -13.7594 -3.35043 0.925331 1.78088 -13.5255 -11.9572 -13.7533 -3.33273 0.922565 1.80704
-7.76735 -1.10947 5.70639 3.09686 1.22487 4.31219 -7.75859 -1.0991 5.7365 3.08275 1.2612 4.324
0.557347 -9.74142 -8.70833 3.63933 -0.318218 4.05674 0.541753 -9.73309 -8.6851 3.58512 -0.31207 4.02933
-4.84174 -6.79901 2.14719 -2.62661 2.24152 0.358267 -4.8243 -6.72659 2.16841 -2.63678 2.25842 0.397977
4.72048 -3.11355 3.93969 -1.71602 -3.24994 3.1187 4.68712 -3.11073 3.89902 -1.78033 -3.25072 3.11699
-5.94855 -5.81885 3.9777 1.85932 1.50344 0.488042 -5.94394 -5.86728 3.98718 1.84559 1.44744 0.477863
-14.7588 -11.9009 -8.47386 -3.36928 2.5934 1.95672 -14.8142 -11.9764 -8.44577 -3.36452 2.60926 1.99371
8.65344 0.116618 -3.89673 5.24213 -3.08563 3.32684 8.73434 0.199214 -3.9221 5.23726 -3.08387 3.3677
-0.436951 -5.53161 -1.52598 -2.41263 0.499328 -2.70044 -0.496485 -5.54328 -1.53593 -2.39595 0.458599 -2.71825
7.09751 2.45324 4.94338 2.28106 1.62986 -3.03005 6.94316 2.4419 4.87398 2.25707 1.59672 -3.09594
-12.7508 -9.32833 -7.85208 3.5971 -1.75592 2.27529 -12.7293 -9.37739 -7.91817 3.60238 -1.7441 2.32196
-1.36441 -2.15368 -8.58508 -4.4518 -3.43606 -0.941016 -1.36014 -2.12451 -8.56005 -4.44357 -3.3893 -0.945037
-13.5568 -14.6381 -12.5342 0.69757 -0.758095 -2.04911 -13.5515 -14.6372 -12.5146 0.683091 -0.775507 -2.09592
2.62982 -8.49894 -2.02103 1.27724 -1.19196 -1.78487 2.64303 -8.43947 -2.0415 1.27807 -1.16921 -1.7982
12.6933 8.41575 13.8233 -3.17474 -1.27755 1.54189 12.7444 8.32042 13.801 -3.2193 -1.33032 1.57915
2.99448 14.876 10.1421 3.51598 -0.0429087 3.43188 3.07164 14.9161 10.1675 3.47472 -0.100812 3.49182
6.30566 -5.85781 -0.973483 0.136997 2.57409 -1.83141 6.27935 -5.8079 -1.0168 0.158248 2.54841 -1.85354
-1.53587 -4.08888 -7.71577 -3.93032 -0.755625 -3.87621 -1.49324 -4.02991 -7.69422 -3.87308 -0.754502 -3.85073
-12.6099 -3.92267 -10.4595 0.775831 2.66323 0.695691 -12.6218 -3.97238 -10.4722 0.791122 2.67801 0.668077
-6.48827 -10.7606 0.786449 2.87521 3.34911 1.16166 -6.60738 -10.8154 0.804663 2.86327 3.33468 1.17554
-0.335363 6.42155 4.25391 1.75539 -1.58007 -2.38253 -0.25969 6.46387 4.29767 1.78372 -1.67362 -2.40863
-12.6225 -10.2125 -8.83331 -0.271923 -1.63141 -2.50527 -12.7016 -10.2385 -8.81637 -0.258765 -1.61829 -2.52981
-8.1732 -5.58938 -4.90575 2.63423 -1.56096 -2.85377 -8.10577 -5.52401 -4.85912 2.60057 -1.56052 -2.86357
1.46993 -10.0956 -5.28872 3.13254 -0.861122 2.23048 1.50067 -10.0862 -5.30419 3.11532 -0.90897 2.23892
10.6616 10.1784 12.655 2.01854 -3.48998 2.16829 10.6351 10.1755 12.6614 2.01552 -3.47052 2.18625
11.3454 17.0058 18.982 3.57992 3.11161 -0.779046 11.2796 17.0819 18.9246 3.54821 3.22389 -0.730634
-2.02945 1.14301 8.51537 -0.885181 -4.57037 0.0950916 -2.01763 1.077 8.4653 -0.888054 -4.61712 0.0719879
2.56633 8.21924 -2.53421 -3.7182 2.94097 -4.05819 2.47701 8.16688 -2.51735 -3.6814 2.95328 -4.05558
-11.3149 2.19522 -7.81541 -2.62441 4.11779 3.29905 -11.3343 2.16019 -7.7949 -2.60569 4.10731 3.31545
-2.4521 -0.327881 3.28612 3.04231 0.730991 0.0386769 -2.5008 -0.373527 3.27601 3.02929 0.769445 0.0365542
6.36701 2.75392 -5.76284 1.4207 3.51094 0.745937 6.40604 2.75737 -5.71046 1.42757 3.54865 0.766158
-8.8546 -3.44479 -6.22831 -0.884183 3.88881 -2.24889 -8.83188 -3.48497 -6.2922 -0.879036 3.87088 -2.24268
4.30146 -2.59598 6.8274 1.07107 -0.327715 4.40531 4.28345 -2.52014 6.84447 1.06658 -0.302229 4.43616
2.8337 12.8082 15.4779 -3.52746 5.44852 -2.89533 2.96175 12.925 15.5474 -3.59308 5.5741 -2.98315
-10.7283 -14.1881 -11.3022 2.62332 2.85121 0.819822 -10.7711 -14.1906 -11.3395 2.61028 2.87403 0.778623
-2.17586 9.11253 6.1648 1.70433 -5.36849 1.34069 -2.08683 9.15457 6.17525 1.68103 -5.4095 1.39545
5.24348 9.48965 10.3374 -1.4209 -3.55094 -0.249425 5.19375 9.38722 10.2979 -1.39333 -3.56928 -0.306797
-7.12489 -0.174005 -5.1354 3.55699 -0.148585 -2.22695 -7.11104 -0.209454 -5.15505 3.54604 -0.151468 -2.19767
-6.84873 1.33865 1.15336 -3.963 -0.071153 2.45094 -6.76414 1.32173 1.11051 -3.93601 -0.0385565 2.47182
13.8404 17.8384 5.774 -0.947332 -0.904688 1.54464 13.784 17.8308 5.70164 -0.979857 -0.905546 1.50053
3.16581 -2.19106 10.4346 -2.84051 4.33515 -3.7647 3.19464 -2.16544 10.4215 -2.78351 4.37119 -3.76608
5.30527 7.12937 8.14605 1.69699 3.27231 0.444769 5.26417 7.08004 8.15431 1.70785 3.35976 0.512005
15.9249 11.8301 5.86056 3.93043 -4.89345 1.69655 16.0204 11.8668 5.82209 3.95341 -4.97251 1.68099
-4.90519 -6.30733 -3.27607 -3.01688 0.202779 2.74924 -4.87643 -6.22614 -3.23173 -2.97342 0.189469 2.71202
-8.05228 2.91968 -6.91306 1.58777 -3.29153 -3.8928 -8.06902 2.89324 -6.92684 1.5798 -3.26636 -3.96117
7.32619 -4.77298 -0.0398446 -4.07652 2.17418 0.968436 7.35776 -4.75496 -0.064034 -4.04296 2.19822 0.946622
-0.397457 -0.403922 3.54861 -2.11066 -3.10498 3.29733 -0.400757 -0.415946 3.54999 -2.16438 -3.12131 3.31408
-10.7668 -5.15708 -2.35875 -1.61505 -2.86623 -0.348677 -10.7406 -5.20915 -2.35882 -1.619 -2.82913 -0.371159
-6.49222 2.39214 -0.435595 -2.86818 4.42145 -1.62198 -6.45167 2.35944 -0.436507 -2.90186 4.40278 -1.63055
-11.5354 -11.3715 -13.5441 -2.41468 0.504932 2.41729 -11.5559 -11.349 -13.5278 -2.37582 0.534115 2.41567
-6.61719 -5.0967 -1.65313 2.27324 -2.05048 0.615215 -6.65019 -5.08417 -1.63382 2.28135 -2.02317 0.608674
-4.34339 -0.580987 4.24968 -0.421488 2.05732 1.08034 -4.30213 -0.599997 4.23853 -0.393039 2.05015 1.03487
15.7466 4.31424 15.1048 0.0546234 4.50579 3.41653 15.8 4.30547 15.0455 0.0484353 4.61397 3.43462
8.10297 4.52092 2.30348 -0.217392 1.53125 -3.82615 8.1529 4.55 2.28273 -0.220486 1.50733 -3.79919
-14.0373 -10.7574 -8.02274 0.323562 -0.0237746 -1.78402 -14.0529 -10.7503 -8.00167 0.338671 -0.0233114 -1.77315
