-7.44339 -7.44339
-7.43822 -7.43806
-7.43598 -7.43618
-7.43272 -7.43269
-7.42959 -7.42983
-7.42624 -7.42632
-7.42444 -7.42441
-7.42111 -7.42121
-7.41675 -7.41685
-7.41356 -7.41383
-7.41168 -7.4115
-7.41134 -7.41117
-7.40949 -7.40967
-7.40568 -7.40592
-7.40394 -7.40421
-7.40273 -7.40277
-7.40234 -7.40239
-7.40146 -7.40139
-7.39853 -7.39889
-7.39594 -7.39588
-7.39417 -7.39412
-7.39319 -7.3932
-7.39193 -7.39174
-7.39004 -7.38998
-7.38759 -7.38761
-7.38626 -7.38589
-7.38444 -7.38479
-7.38301 -7.38305
-7.38223 -7.38242
-7.38143 -7.38155
-7.38129 -7.38118
-7.38083 -7.38096
-7.38062 -7.38055
-7.38002 -7.38003
-7.37808 -7.37818
-7.37759 -7.37748
-7.37412 -7.37402
-7.37333 -7.3735
-7.37302 -7.37308
-7.37197 -7.37189
-7.37162 -7.37163
-7.37155 -7.3714
-7.36911 -7.36921
-7.36827 -7.36831
-7.36792 -7.36808
-7.3666 -7.36652
-7.36647 -7.36642
-7.36459 -7.36442
-7.36376 -7.36348
-7.36283 -7.36277
-7.36266 -7.36269
-7.36182 -7.36196
-7.36074 -7.36088
-7.35959 -7.35943
-7.35923 -7.35913
-7.35869 -7.3588
-7.35837 -7.35849
-7.35822 -7.35814
-7.35768 -7.35746
-7.35627 -7.35595
-7.35531 -7.35545
-7.35472 -7.35475
-7.35426 -7.35415
-7.35365 -7.35389
-7.35302 -7.35316
-7.35261 -7.3527
-7.3524 -7.35257
-7.35226 -7.35217
-7.35059 -7.35042
-7.34966 -7.34965
-7.34951 -7.34924
-7.34817 -7.3482
-7.34728 -7.34768
-7.34705 -7.34719
-7.34661 -7.34665
-7.34653 -7.34599
-7.34566 -7.34562
-7.34485 -7.34509
-7.34501 -7.34493
-7.34449 -7.34463
-7.34418 -7.34418
-7.34344 -7.34346
-7.34321 -7.34304
-7.3427 -7.34278
-7.34213 -7.34247
-7.34229 -7.34233
-7.34242 -7.34227
-7.34132 -7.34113
-7.34072 -7.34063
-7.33969 -7.33987
-7.33821 -7.33846
-7.338 -7.33836
-7.33776 -7.33813
-7.33788 -7.33782
-7.33699 -7.3369
-7.33667 -7.33641
-7.33644 -7.33631
-7.33618 -7.3361
-7.33595 -7.33585
-7.33489 -7.33496
-7.33366 -7.33394
-7.33336 -7.33326
-7.33289 -7.33278
-7.33254 -7.3327
-7.33276 -7.33251
-7.33181 -7.33208
-7.33178 -7.3318
-7.33026 -7.33031
-7.33024 -7.33016
-7.32982 -7.3298
-7.32918 -7.32925
-7.32923 -7.32902
-7.32861 -7.32874
-7.32801 -7.32813
-7.32817 -7.32804
-7.32782 -7.3277
-7.32671 -7.3266
-7.32578 -7.32586
-7.3254 -7.32536
-7.32472 -7.32452
-7.32378 -7.32406
-7.32311 -7.32325
-7.32153 -7.32178
-7.32147 -7.32159
-7.32073 -7.32078
-7.31973 -7.31971
-7.31919 -7.31941
-7.3192 -7.31918
-7.31857 -7.319
-7.31808 -7.31848
-7.3173 -7.31745
-7.31528 -7.31528
-7.31459 -7.31455
-7.31315 -7.31333
-7.31001 -7.30992
-7.30861 -7.30876
-7.308 -7.30793
-7.30674 -7.30627
-7.30418 -7.3042
-7.30105 -7.30125
-7.29739 -7.29754
-7.29481 -7.29465
-7.29263 -7.29271
-7.29139 -7.29132
-7.28956 -7.28988
-7.28429 -7.28397
-7.28274 -7.2823
-7.43935 -7.4393
-7.43815 -7.43806
-7.43544 -7.43565
-7.43018 -7.43034
-7.42703 -7.42692
-7.42491 -7.42491
-7.42121 -7.42146
-7.41822 -7.41834
-7.41665 -7.41677
-7.41315 -7.4132
-7.41138 -7.41145
-7.41103 -7.41093
-7.40759 -7.40767
-7.4043 -7.40428
-7.40372 -7.40383
-7.40245 -7.40246
-7.4022 -7.40226
-7.39915 -7.3992
-7.39802 -7.39789
-7.39435 -7.39432
-7.39332 -7.39345
-7.39333 -7.39306
-7.39059 -7.39056
-7.38999 -7.38989
-7.38702 -7.38713
-7.38531 -7.38514
-7.38455 -7.38431
-7.38306 -7.38277
-7.3821 -7.38196
-7.38111 -7.38124
-7.38124 -7.38101
-7.38063 -7.38077
-7.38046 -7.38044
-7.37904 -7.37918
-7.37786 -7.37784
-7.37707 -7.37678
-7.37406 -7.37386
-7.37347 -7.37324
-7.37265 -7.37288
-7.372 -7.37181
-7.37151 -7.37159
-7.37063 -7.37072
-7.36878 -7.36853
-7.36809 -7.36825
-7.36724 -7.36698
-7.36646 -7.36648
-7.36535 -7.36519
-7.36346 -7.36351
-7.36307 -7.3631
-7.36266 -7.3627
-7.36241 -7.36233
-7.36169 -7.36161
-7.36078 -7.36081
-7.35941 -7.35936
-7.3592 -7.35892
-7.35815 -7.35856
-7.35796 -7.35815
-7.3578 -7.35806
-7.35658 -7.35666
-7.35538 -7.35555
-7.35473 -7.35491
-7.35459 -7.35446
-7.35383 -7.35408
-7.35393 -7.35374
-7.35249 -7.35275
-7.35256 -7.35261
-7.35245 -7.3525
-7.35151 -7.3515
-7.34998 -7.35008
-7.34946 -7.3493
-7.34908 -7.34906
-7.34806 -7.34797
-7.34777 -7.34748
-7.34719 -7.34716
-7.34658 -7.34632
-7.34587 -7.34574
-7.34537 -7.34521
-7.34479 -7.34494
-7.34482 -7.34473
-7.34435 -7.34434
-7.34352 -7.34347
-7.34265 -7.34324
-7.34276 -7.34279
-7.34256 -7.34271
-7.34235 -7.34242
-7.3425 -7.3423
-7.34206 -7.34217
-7.34107 -7.34082
-7.34042 -7.34051
-7.33923 -7.33861
-7.3385 -7.33843
-7.33797 -7.33821
-7.33787 -7.33791
-7.33682 -7.3369
-7.33684 -7.33675
-7.33619 -7.33638
-7.3362 -7.33612
-7.33612 -7.33587
-7.33581 -7.33568
-7.33402 -7.33427
-7.33366 -7.33344
-7.33272 -7.33316
-7.33259 -7.33274
-7.33289 -7.33263
-7.33227 -7.33217
-7.33193 -7.33186
-7.3311 -7.33112
-7.33013 -7.33027
-7.32989 -7.33008
-7.32939 -7.32955
-7.32907 -7.32908
-7.32894 -7.32886
-7.32815 -7.3284
-7.32824 -7.32813
-7.3279 -7.32777
-7.32679 -7.32693
-7.32604 -7.32607
-7.32575 -7.32571
-7.32543 -7.32532
-7.32431 -7.32411
-7.32302 -7.32326
-7.32289 -7.323
-7.32151 -7.32169
-7.32074 -7.32092
-7.32002 -7.3202
-7.31945 -7.31948
-7.3193 -7.31927
-7.31883 -7.31902
-7.31854 -7.31871
-7.31772 -7.31762
-7.31558 -7.31556
-7.31417 -7.31489
-7.3143 -7.31409
-7.31305 -7.31301
-7.30948 -7.30947
-7.30855 -7.30839
-7.30663 -7.30655
-7.30618 -7.30613
-7.30253 -7.30241
-7.29751 -7.29773
-7.2954 -7.29497
-7.29453 -7.29461
-7.29205 -7.29198
-7.29058 -7.29031
-7.2868 -7.2865
-7.28257 -7.28243
-7.26319 -7.26357
