0.640533 0.276653 0.442158 -0.647246 1.49629 -1.52447 0.624232 0.280386 0.425253 -0.632123 1.48027 -1.52786
-0.162797 -1.321 -0.716924 -0.565716 1.32607 -1.63285 -0.169113 -1.3173 -0.713756 -0.551156 1.30371 -1.63722
0.392441 0.196089 -0.0551091 2.08381 -3.19174 -1.0103 0.357962 0.164849 -0.0910789 2.07681 -3.18416 -1.0032
-0.880245 -2.1802 -1.83974 2.07725 -3.09743 -1.42637 -0.948971 -2.23515 -1.87702 2.07663 -3.0785 -1.40286
-0.647176 -0.0188745 -0.152934 2.252 -3.16449 -1.55975 -0.664073 -0.0536677 -0.190102 2.23501 -3.16389 -1.54474
0.813547 0.062111 -0.188759 2.23076 -2.8601 -1.50824 0.779253 0.0317596 -0.218208 2.20933 -2.84244 -1.48854
-2.73793 -1.52326 -0.969316 -0.939763 1.15811 -1.26099 -2.74214 -1.5241 -0.985515 -0.938821 1.16266 -1.2589
-0.0532245 -0.247079 0.104798 -0.593739 1.4864 -1.60868 -0.0760046 -0.271241 0.058962 -0.581283 1.48658 -1.6224
-0.963761 -0.889629 -0.120908 2.51401 -3.18449 -1.25765 -0.943294 -0.902673 -0.134046 2.51357 -3.18329 -1.22448
-0.392111 -0.184037 -1.43775 1.70564 -3.00786 -0.81537 -0.413998 -0.230783 -1.48173 1.69356 -2.98477 -0.801703
-2.79847 -2.75174 -2.3293 -0.448297 1.62048 -1.46624 -2.86152 -2.76623 -2.38903 -0.431884 1.60724 -1.47349
1.09802 0.60423 0.870289 -1.13766 1.55923 -1.2422 1.07332 0.611132 0.866572 -1.12903 1.54097 -1.25714
-0.317785 0.998169 1.79383 2.10066 -3.01381 -1.28565 -0.323312 0.958364 1.76135 2.07536 -3.03077 -1.25899
0.822129 0.0340748 -0.109589 1.96405 -3.43686 -1.1857 0.820251 -0.00150776 -0.135605 1.95128 -3.43746 -1.15061
-0.399592 -0.587106 -0.526013 2.42325 -3.13781 -1.6942 -0.39584 -0.575229 -0.497815 2.41342 -3.12552 -1.67161
2.43086 1.47526 2.46567 -0.384001 1.13063 -1.47821 2.34857 1.48688 2.39336 -0.348099 1.13331 -1.46873
2.16031 2.25712 2.36389 -0.533825 1.32466 -1.50015 2.09703 2.22985 2.30488 -0.520795 1.3117 -1.49708
0.107121 1.39978 0.5149 -0.891025 1.50041 -1.42694 0.0430224 1.39139 0.477383 -0.874418 1.44881 -1.43886
0.101534 -0.0739903 0.891505 1.98653 -3.05512 -1.2659 0.136936 -0.0794464 0.879817 1.97774 -3.03159 -1.26153
-0.814954 -0.541599 -1.00102 -0.408196 1.10983 -1.23488 -0.83417 -0.567425 -1.02127 -0.408932 1.1244 -1.27686
-0.453297 -3.12113 -0.966842 -0.70915 1.30263 -1.61676 -0.497448 -3.17286 -1.01828 -0.707373 1.29839 -1.60238
1.50144 0.444992 0.436907 -0.104321 1.24728 -1.04191 1.48016 0.469963 0.359275 -0.112337 1.2427 -1.0884
-3.8003 -4.87017 -3.75827 -0.559513 1.28908 -1.31127 -3.87493 -4.93854 -3.81142 -0.556652 1.25947 -1.30999
-2.72493 -3.19041 -2.73764 -0.470327 1.15328 -1.60628 -2.74642 -3.19335 -2.72526 -0.451729 1.15403 -1.61665
-0.961546 -0.525565 -0.37647 -0.758548 1.45024 -1.37413 -0.979531 -0.515691 -0.388521 -0.756113 1.45583 -1.37235
-5.34016 -5.70877 -5.24885 -0.238002 1.44209 -1.44131 -5.40908 -5.75467 -5.28227 -0.251051 1.43295 -1.46493
-0.310409 1.42932 0.639797 2.16741 -3.14081 -1.97991 -0.297971 1.47891 0.661388 2.12668 -3.13804 -1.95547
0.0557237 -1.63004 -0.655736 0.820218 1.8403 2.96787 0.0965033 -1.5641 -0.604351 0.790718 1.84738 2.97884
-0.907757 0.135122 -0.52423 2.12697 -2.7705 -1.47449 -0.836345 0.17136 -0.486657 2.08403 -2.75193 -1.44843
4.38365 4.61755 3.45555 0.917092 2.58775 3.38589 4.39047 4.58866 3.39871 0.908571 2.62699 3.40548
0.682853 0.723547 0.529981 -0.647444 1.74805 -1.31537 0.676292 0.678712 0.478313 -0.655832 1.74385 -1.29408
-2.08412 -1.34864 -0.579537 1.08856 1.88998 3.0132 -2.07572 -1.36559 -0.576412 1.09103 1.90227 3.00031
3.03514 2.40408 3.00046 0.616425 1.58406 2.70841 3.03068 2.43797 2.95919 0.64148 1.61136 2.72774
-0.822374 -2.25924 -3.58262 0.964428 2.27272 4.03614 -0.864747 -2.26706 -3.62619 0.916057 2.28311 4.02209
-2.43474 -3.21614 -2.48425 0.202102 -1.06134 -1.60479 -2.47644 -3.18931 -2.50191 0.187798 -1.06449 -1.63788
-1.30809 -1.63251 -1.27066 0.178978 -0.653381 -1.7094 -1.29144 -1.64519 -1.31816 0.18401 -0.645321 -1.71518
-1.27995 -2.92933 -1.28643 0.692833 2.24438 2.55986 -1.25067 -2.92807 -1.31083 0.641325 2.26464 2.57129
0.0664278 -0.357007 -0.470831 2.52279 -3.19408 -1.3056 0.0265994 -0.376685 -0.502555 2.52712 -3.20843 -1.28276
0.293139 1.94925 1.14349 0.755468 1.76882 3.26762 0.312148 1.92812 1.17591 0.74934 1.75675 3.24688
0.585325 0.396999 0.877148 0.582546 1.52927 2.76887 0.569575 0.406803 0.829329 0.594531 1.58488 2.75432
-2.84324 -3.60094 -3.44558 0.0628822 1.94653 3.32272 -2.75923 -3.54412 -3.39448 0.0636294 1.94678 3.30732
2.93934 3.24704 4.12955 -0.450044 1.55488 -1.94717 2.83673 3.16167 4.02792 -0.453147 1.58006 -1.9573
2.18065 0.825784 2.38187 0.69078 -0.681619 -1.49032 2.11644 0.824651 2.35814 0.693004 -0.636512 -1.51043
-0.345423 2.13055 0.404765 -0.238128 0.837232 -1.48677 -0.317571 2.0848 0.421867 -0.214757 0.823132 -1.50034
0.162344 -2.91619 -0.167342 0.562598 -0.854412 -2.14486 0.18519 -2.85881 -0.140835 0.542611 -0.864388 -2.15068
-0.568385 -1.42032 -0.419302 0.71934 1.53658 3.15251 -0.553932 -1.40742 -0.425059 0.732766 1.5081 3.17248
1.65488 -0.900275 0.858465 0.253664 -1.29279 -1.71968 1.74444 -0.836993 0.914946 0.239937 -1.3129 -1.75659
-0.883444 -0.0251094 0.809374 0.46488 1.92513 3.04355 -0.910989 0.00666287 0.802229 0.467141 1.947 3.03859
-3.20135 -3.50918 -1.68742 -0.172135 1.06089 -0.887843 -3.2269 -3.46481 -1.65495 -0.160736 1.12148 -0.876581
-1.55998 -1.51067 -1.93065 2.47942 -3.13008 -1.51281 -1.47779 -1.43144 -1.86853 2.48129 -3.14441 -1.51057
-0.900774 -3.0517 -1.89982 2.1687 -2.70418 -0.781467 -0.914482 -3.0477 -1.90255 2.16257 -2.72668 -0.7538
1.46384 1.14857 0.133142 -0.867891 0.939634 -1.75458 1.42632 1.11665 0.119044 -0.875065 0.96126 -1.74282
-0.909248 -2.97601 -1.21581 -0.439771 1.62786 -0.95076 -0.990521 -3.0472 -1.22708 -0.441174 1.60686 -0.899325
-1.20567 -0.74004 -1.66618 -0.469274 1.21119 -1.56453 -1.21411 -0.732444 -1.68748 -0.492423 1.21162 -1.55285
-2.47678 -1.71659 -3.56091 -0.828682 1.16157 -1.31462 -2.54102 -1.76537 -3.64459 -0.868038 1.14683 -1.29911
0.594065 0.0592687 1.13523 0.241396 1.60442 3.38463 0.576637 0.0718418 1.1617 0.199379 1.57566 3.38913
-0.423267 -0.177699 -0.347603 0.448835 -0.774261 -1.55389 -0.46424 -0.189548 -0.342939 0.418226 -0.77272 -1.57187
-2.24561 -1.94048 -3.01595 -0.795072 1.2307 -1.66758 -2.22726 -1.95173 -2.99674 -0.771837 1.20566 -1.64372
-3.53456 -5.19799 -3.733 1.84247 -2.60441 -0.955099 -3.54101 -5.18213 -3.72534 1.79674 -2.60737 -0.959731
-1.68075 -1.76509 -1.1995 0.595572 1.26605 3.36421 -1.591 -1.6422 -1.11166 0.612514 1.26475 3.36156
0.878152 0.923202 2.18845 -0.729802 0.340014 -1.09445 0.86747 0.908847 2.12419 -0.726727 0.375066 -1.10279
-0.0456784 -0.408803 -0.719276 0.844248 2.3109 2.88926 -0.0538241 -0.381337 -0.683769 0.867776 2.26723 2.90733
-9.26234 -6.66795 -6.784 0.73134 1.73355 2.96317 -9.27551 -6.64477 -6.77679 0.742532 1.70929 2.97931
-1.22531 -0.468871 -1.72006 0.89234 1.82077 2.65264 -1.22791 -0.475256 -1.68495 0.867656 1.85098 2.65292
-3.66478 -2.10731 -2.62239 1.01242 1.62226 2.73195 -3.66345 -2.14854 -2.65399 0.971251 1.58686 2.72596
-1.77643 -2.29783 -1.85519 0.678967 1.56478 2.80417 -1.65489 -2.26221 -1.79487 0.694577 1.60031 2.79092
-0.492621 -5.55739 -1.53899 -2.41227 0.486501 -2.7181 -0.496485 -5.54328 -1.53593 -2.39595 0.458599 -2.71825
-2.14096 -1.59491 -4.45686 -0.694317 0.919924 -1.26878 -2.08591 -1.56484 -4.48531 -0.698632 0.911233 -1.27438
-0.0781607 -1.34823 -1.34676 -0.51049 1.11505 -0.944942 -0.0818847 -1.34019 -1.33642 -0.491684 1.09185 -0.912848
6.93726 2.42454 4.84119 2.27597 1.57855 -3.02509 6.94316 2.4419 4.87398 2.25707 1.59672 -3.09594
0.284476 -0.236357 0.0723083 -0.54834 0.928652 -1.79209 0.252988 -0.279529 0.0551388 -0.570915 0.942203 -1.81474
0.937338 0.70403 0.330998 0.812637 2.57266 2.93256 1.01824 0.747739 0.368953 0.825703 2.53967 2.93863
1.27761 0.00680932 -0.274475 0.556488 1.82054 3.13749 1.23971 -0.0134317 -0.298858 0.529726 1.81628 3.15827
-1.2911 -3.13443 -0.54144 -0.800789 1.18595 -1.21663 -1.25046 -3.13829 -0.509221 -0.789421 1.16454 -1.2336
0.00996086 1.39197 0.832692 -0.593014 1.32777 -1.49326 0.0175534 1.39631 0.832241 -0.607893 1.33866 -1.47872
-1.30832 -2.56415 -1.91043 1.19326 1.63371 2.83369 -1.35626 -2.49146 -1.92024 1.14378 1.60005 2.79858
-0.564008 -0.823904 -1.03465 0.910821 1.60806 2.89264 -0.501186 -0.747145 -1.0031 0.904007 1.58454 2.92559
-2.42859 -3.32706 -0.682283 0.984388 1.18771 3.20117 -2.38951 -3.23808 -0.633609 1.00573 1.19699 3.18152
-4.78473 -6.7359 2.23667 -2.63836 2.25707 0.380331 -4.8243 -6.72659 2.16841 -2.63678 2.25842 0.397977
0.203043 -2.37576 -0.301876 -0.359696 1.7523 -0.765055 0.212594 -2.31899 -0.28924 -0.303009 1.74934 -0.762828
-0.360291 0.213896 1.62811 0.535868 1.65976 2.96925 -0.324073 0.187118 1.65325 0.52913 1.63565 3.00806
-4.52077 -2.50478 -3.4726 0.773885 1.42526 2.2922 -4.52092 -2.55606 -3.492 0.746425 1.39025 2.28816
2.52112 0.927545 2.87057 0.590204 -0.94714 -2.22498 2.47066 0.922793 2.86494 0.575234 -0.89451 -2.2459
-4.43304 -0.48903 4.00303 3.35718 -0.424667 1.28071 -4.4483 -0.589273 3.9461 3.32255 -0.418781 1.28714
3.794 -2.65102 -1.05143 -2.293 1.42806 -2.40879 3.78938 -2.61096 -1.016 -2.25609 1.42502 -2.40003
-2.52664 -0.36773 3.28766 3.05745 0.779553 0.0585318 -2.5008 -0.373527 3.27601 3.02929 0.769445 0.0365542
2.49718 -1.5812 -2.77161 -4.07927 -3.67856 -2.37963 2.53517 -1.55028 -2.73451 -4.09435 -3.7068 -2.39879
-1.19779 -1.81941 -4.34844 0.420891 1.39962 2.74453 -1.1806 -1.78454 -4.31767 0.41386 1.40162 2.75455
-6.54688 -5.01276 -1.62268 2.28993 -2.03115 0.593107 -6.65019 -5.08417 -1.63382 2.28135 -2.02317 0.608674
-2.16333 -1.69283 -1.82134 0.561068 1.71399 3.44125 -2.1075 -1.64653 -1.8008 0.567125 1.74063 3.40687
0.0167498 1.66618 -5.60898 0.216588 -2.54527 0.35062 0.0218662 1.673 -5.56832 0.21996 -2.55491 0.367078
0.154443 0.380107 -1.33501 0.412252 2.03382 2.69677 0.181018 0.3937 -1.33994 0.430908 2.02913 2.61872
-1.89723 -1.37797 -0.647109 0.612157 2.04328 2.99638 -1.91901 -1.31291 -0.605512 0.596452 2.06403 2.95384
-1.32409 -1.19779 -3.71238 0.799574 0.930186 2.61259 -1.28463 -1.20127 -3.66315 0.749883 0.875988 2.63187
8.05066 4.46565 2.1701 -0.218089 1.50215 -3.74243 8.1529 4.55 2.28273 -0.220486 1.50733 -3.79919
-0.890996 1.10339 -2.41747 0.337305 1.29121 2.55154 -0.86736 1.16183 -2.42821 0.348784 1.26871 2.53938
0.686988 0.134914 0.449451 1.6792 1.59151 2.6619 0.686717 0.129177 0.538621 1.61966 1.59337 2.64494
-1.55079 -0.870429 -1.35421 -0.962956 1.32066 -0.73835 -1.53983 -0.858041 -1.30002 -0.962487 1.29703 -0.729506
1.39972 -0.16108 1.03386 -0.0187105 1.53335 3.79558 1.44824 -0.157414 1.05209 -0.00379117 1.51718 3.78836
-0.114631 0.99664 0.770606 0.638689 1.60765 2.6621 -0.130097 0.982278 0.757907 0.675017 1.64502 2.71647
2.65158 -8.45904 -2.08182 1.32569 -1.16792 -1.79873 2.64303 -8.43947 -2.0415 1.27807 -1.16921 -1.7982
-5.76885 -3.52111 -4.151 0.610377 1.25391 2.36854 -5.76076 -3.51699 -4.13729 0.615116 1.23345 2.37809
7.268 -4.80968 -0.139663 -4.0583 2.17138 0.917633 7.35776 -4.75496 -0.064034 -4.04296 2.19822 0.946622
1.52152 3.22609 0.113838 -0.351022 0.707035 -0.303771 1.52906 3.22244 0.140569 -0.309287 0.763956 -0.312087
-0.035237 -0.231286 -0.681178 1.00159 1.48773 3.41893 -0.0282952 -0.175941 -0.626513 0.994356 1.48213 3.44127
-1.43686 -3.99558 -7.66658 -3.9071 -0.748701 -3.84557 -1.49324 -4.02991 -7.69422 -3.87308 -0.754502 -3.85073
-7.07436 -0.171518 -5.1425 3.58673 -0.177615 -2.23842 -7.11104 -0.209454 -5.15505 3.54604 -0.151468 -2.19767
7.37266 6.43683 7.16464 4.56303 -0.760273 -2.51337 7.34095 6.43254 7.17483 4.55693 -0.783393 -2.54266
-4.96162 -2.62568 1.1426 2.57059 -1.2425 0.439194 -5.01002 -2.66837 1.14343 2.58163 -1.25016 0.459026
-0.109308 0.78087 -0.0953549 0.286138 2.24787 4.08604 -0.00781773 0.82758 -0.00916537 0.319828 2.27602 4.11195
0.294975 0.928824 -5.56485 2.04966 -1.69218 -4.95757 0.263557 0.874381 -5.5948 2.02995 -1.6642 -4.94649
2.42044 3.00682 2.20391 2.74512 -3.79852 -1.63725 2.35536 2.91784 2.12555 2.73705 -3.81397 -1.60729
-6.82165 -8.63656 -11.2652 2.95536 1.4168 -0.396265 -6.81732 -8.63599 -11.3346 2.95556 1.3873 -0.374708
4.2894 -2.56333 6.84971 1.07488 -0.307808 4.4366 4.28345 -2.52014 6.84447 1.06658 -0.302229 4.43616
5.24108 7.03824 8.09105 1.66335 3.30562 0.515631 5.26417 7.08004 8.15431 1.70785 3.35976 0.512005
-6.37816 2.41669 -0.429069 -2.89428 4.37611 -1.62332 -6.45167 2.35944 -0.436507 -2.90186 4.40278 -1.63055
-2.0425 1.0939 8.53511 -0.907576 -4.54417 0.0769872 -2.01763 1.077 8.4653 -0.888054 -4.61712 0.0719879
4.41416 -2.6191 -2.0346 -0.44939 3.73781 -3.29454 4.4167 -2.54775 -2.01648 -0.469302 3.73052 -3.33311
-1.47748 -7.84901 -5.07943 3.71147 4.58818 4.98413 -1.53698 -7.90435 -5.08483 3.69676 4.58346 4.96046
-6.80011 1.35118 1.08043 -3.92164 -0.0719326 2.46401 -6.76414 1.32173 1.11051 -3.93601 -0.0385565 2.47182
-1.82045 -2.14298 -2.08233 -0.434042 0.968715 -1.03308 -1.73156 -2.0931 -1.99106 -0.395529 1.00502 -1.03298
10.6464 10.1059 12.7111 2.01819 -3.4431 2.13248 10.6351 10.1755 12.6614 2.01552 -3.47052 2.18625
6.80463 -6.64559 7.24992 0.216486 -3.49636 -2.59782 6.72218 -6.56209 7.19035 0.170692 -3.52195 -2.5947
-1.38396 -2.14191 -8.59928 -4.45035 -3.39436 -0.93305 -1.36014 -2.12451 -8.56005 -4.44357 -3.3893 -0.945037
0.576787 -9.7491 -8.65072 3.64041 -0.302983 4.04909 0.541753 -9.73309 -8.6851 3.58512 -0.31207 4.02933
-12.6121 -10.17 -8.84143 -0.264843 -1.63259 -2.53866 -12.7016 -10.2385 -8.81637 -0.258765 -1.61829 -2.52981
-0.603939 -4.81322 -9.52146 -2.63885 -3.86804 3.07021 -0.57951 -4.7572 -9.53803 -2.62857 -3.84838 3.04877
-6.42794 8.0348 3.57917 -3.98308 -2.7915 0.3292 -6.35398 8.03675 3.60025 -3.96698 -2.83918 0.337902
5.88456 6.74052 -1.35331 -3.85787 4.09499 -0.959147 5.87341 6.72452 -1.38695 -3.86992 4.1035 -0.94952
3.31532 5.89345 8.32984 -2.74823 -2.27468 3.44146 3.35688 5.90507 8.28272 -2.71501 -2.25274 3.43798
10.6346 1.47567 11.5481 -0.305185 -1.94937 -3.04581 10.5404 1.54321 11.5418 -0.339359 -1.99492 -3.1292
-11.4831 -11.296 -13.4957 -2.38123 0.510286 2.39845 -11.5559 -11.349 -13.5278 -2.37582 0.534115 2.41567
6.35704 2.77463 -5.70063 1.4406 3.55477 0.723385 6.40604 2.75737 -5.71046 1.42757 3.54865 0.766158
0.562651 -7.1571 -0.792584 -3.73803 -4.18033 3.32391 0.54163 -7.13512 -0.728556 -3.74647 -4.16384 3.31744
12.6557 8.28873 13.8358 -3.18589 -1.33355 1.50041 12.7444 8.32042 13.801 -3.2193 -1.33032 1.57915
-8.07013 2.84923 -7.01312 1.56677 -3.26548 -3.96976 -8.06902 2.89324 -6.92684 1.5798 -3.26636 -3.96117
-13.1346 -9.36781 -9.15633 0.608441 2.3196 3.65493 -13.2138 -9.45179 -9.21502 0.580364 2.3502 3.67123
15.8994 11.7544 5.70865 3.90109 -4.91254 1.60844 16.0204 11.8668 5.82209 3.95341 -4.97251 1.68099
3.02434 14.8445 10.1706 3.44714 -0.0708381 3.42193 3.07164 14.9161 10.1675 3.47472 -0.100812 3.49182
10.7164 13.21 -1.92834 0.275413 0.26293 1.13654 10.7565 13.4033 -1.84821 0.277825 0.272213 1.11965
-10.7422 -14.1307 -11.3648 2.59389 2.88412 0.830665 -10.7711 -14.1906 -11.3395 2.61028 2.87403 0.778623
-14.7195 -11.858 -8.47673 -3.35051 2.59663 1.98202 -14.8142 -11.9764 -8.44577 -3.36452 2.60926 1.99371
2.87716 12.9104 15.6225 -3.60462 5.46978 -2.87947 2.96175 12.925 15.5474 -3.59308 5.5741 -2.98315
-13.5584 -14.6492 -12.5692 0.732608 -0.752615 -2.07208 -13.5515 -14.6372 -12.5146 0.683091 -0.775507 -2.09592
-14.9578 -11.6829 -14.6271 2.39487 0.751213 1.3775 -14.9903 -11.6713 -14.6232 2.36457 0.72687 1.36524
-13.5108 -13.6646 -13.8912 2.17032 0.516209 -1.95757 -13.5832 -13.6912 -13.9403 2.16466 0.549223 -2.00523
-14.5616 -12.7047 -8.56378 2.60297 2.92914 1.71334 -14.7579 -12.823 -8.58403 2.61409 2.92457 1.68105
-1.0364 -1.66667 -0.689341 -0.578448 1.38545 -1.45612 -1.0318 -1.67655 -0.684301 -0.578604 1.36091 -1.44977
0.123952 0.949743 0.345576 -0.890448 1.44802 -1.54326 0.131463 0.955191 0.351424 -0.868214 1.46095 -1.53647
1.25224 1.11042 0.960663 2.20888 -3.33896 -1.26747 1.21562 1.03663 0.892753 2.21065 -3.32427 -1.25713
-0.482379 -0.818085 -1.17127 2.13135 -3.21965 -1.28389 -0.526942 -0.858624 -1.19549 2.12958 -3.20245 -1.26851
2.20896 1.977 2.16746 -0.714989 1.41805 -1.49246 2.19747 1.95566 2.19022 -0.712909 1.38585 -1.48986
-0.92098 -0.978875 -1.26945 -0.895484 1.54238 -1.48559 -0.914782 -0.974768 -1.26469 -0.889023 1.54168 -1.49233
1.25754 1.09282 -0.474393 2.29671 -3.40738 -1.20918 1.22269 1.06233 -0.510187 2.29596 -3.42018 -1.20685
-1.61366 -1.05844 -1.43245 2.0705 -2.78592 -1.71874 -1.64678 -1.04775 -1.4416 2.0488 -2.78279 -1.70471
-1.60247 -0.912397 -1.53663 -0.50627 1.22513 -1.44906 -1.62682 -0.910526 -1.54096 -0.496339 1.20651 -1.4579
-1.3451 0.101114 -1.1717 2.43456 -3.7208 -1.61663 -1.33462 0.0889064 -1.14894 2.45054 -3.7252 -1.58493
-2.8294 -1.92855 -2.15738 2.36381 -3.01771 -0.787686 -2.82948 -1.96104 -2.17518 2.32618 -3.01523 -0.762949
1.22764 1.09139 0.823548 2.17819 -3.10001 -1.4251 1.21244 1.10475 0.854728 2.19346 -3.10126 -1.3899
-1.42931 -1.59897 -1.76081 -0.685861 1.77359 -1.41036 -1.43149 -1.56566 -1.78043 -0.668065 1.79929 -1.36251
0.881063 0.754953 -0.0724215 -0.538046 0.931141 -1.62232 0.849784 0.750263 -0.119375 -0.547428 0.942973 -1.60971
-0.809302 -0.343115 -2.23377 -0.455286 1.18218 -1.62265 -0.857295 -0.34308 -2.21882 -0.466474 1.19748 -1.61676
-0.745803 -1.62439 -1.59963 2.54866 -3.20265 -1.51673 -0.792725 -1.68216 -1.61611 2.52748 -3.18356 -1.4784
1.61769 -0.60147 1.47469 -0.677187 1.26098 -1.84523 1.59179 -0.655873 1.40648 -0.678394 1.26936 -1.83803
-0.390894 -0.348017 -0.506871 2.38058 -3.43798 -1.22398 -0.412446 -0.299965 -0.494956 2.38877 -3.42224 -1.20779
-0.808718 0.377513 -0.779005 -0.550001 1.29346 -1.57142 -0.768003 0.420159 -0.716125 -0.543636 1.31063 -1.56782
-0.966441 -0.236709 -0.248045 -0.795582 0.517591 -1.58001 -0.973705 -0.21895 -0.238581 -0.783044 0.530935 -1.59529
0.571704 1.10359 -0.30146 0.443398 -0.59933 -1.99881 0.541545 1.11592 -0.329195 0.440834 -0.604576 -1.9725
-3.18091 -1.52478 -2.80321 -0.646289 1.52425 -1.39684 -3.23711 -1.52057 -2.85336 -0.630936 1.47227 -1.41816
0.739362 -0.624637 -1.78425 0.969739 2.22588 2.82878 0.711341 -0.622678 -1.82546 0.941184 2.20695 2.82399
0.880818 1.26224 -0.624185 -0.502798 1.06526 -1.4513 0.879175 1.29618 -0.632433 -0.495099 1.06316 -1.45981
-0.151788 -0.166635 -0.190904 0.252853 -0.743409 -1.90137 -0.14114 -0.150156 -0.217755 0.259489 -0.745321 -1.89334
2.7934 2.44292 0.736322 0.0945421 -1.44412 -1.62878 2.86062 2.5151 0.774533 0.109389 -1.45125 -1.66311
-1.7347 -2.72166 -3.32782 -0.00524171 -0.595644 -1.30188 -1.74386 -2.73834 -3.37339 0.0244998 -0.546058 -1.32031
-5.0974 -4.59745 -5.07774 -0.377797 1.3785 -1.40164 -5.15661 -4.59009 -5.12626 -0.36186 1.33765 -1.43358
1.42956 1.10731 1.9526 -1.03221 1.62972 -1.41257 1.43307 1.10629 1.92195 -0.990974 1.67698 -1.42286
-2.12017 -2.42578 -1.55841 -0.508765 1.63102 -0.997252 -2.09507 -2.38355 -1.54151 -0.522601 1.64061 -0.977659
-1.43512 -1.50072 -1.8549 0.660288 -0.799804 -1.54998 -1.41419 -1.48681 -1.83304 0.678076 -0.804156 -1.56556
-0.539533 0.579663 0.631093 0.523048 -1.27345 -1.69414 -0.540007 0.537482 0.623074 0.510612 -1.27258 -1.71226
-2.59319 -1.79559 -1.86546 0.96271 1.7274 3.21428 -2.56127 -1.78719 -1.85206 0.943147 1.69442 3.21228
-0.362507 -1.59812 -1.25798 1.03221 -1.36931 -1.80048 -0.358806 -1.65929 -1.20417 1.00388 -1.40488 -1.80075
-1.03746 -1.4383 -0.185063 -1.13005 0.573624 -1.3941 -1.03846 -1.44313 -0.170101 -1.13281 0.583028 -1.36888
-2.43802 -1.83319 -1.51999 -0.168297 1.6737 -1.84772 -2.45148 -1.89265 -1.56442 -0.169014 1.69147 -1.818
-1.31804 -1.48008 -1.10908 -0.484116 1.25797 -1.89069 -1.32818 -1.40895 -1.09907 -0.488407 1.2426 -1.90247
-1.06593 -1.52411 -1.51169 0.14096 -0.662593 -1.4739 -1.04225 -1.53952 -1.52028 0.127324 -0.607401 -1.4806
-0.43014 0.59307 -0.480909 2.52641 -3.23666 -1.82243 -0.358712 0.646803 -0.427826 2.51694 -3.24185 -1.82559
-0.358329 0.433114 0.440236 0.90257 1.64486 3.02754 -0.419872 0.373697 0.406665 0.907276 1.62948 3.0409
-0.0925884 -0.73891 -0.706933 -0.67648 1.65199 -1.69502 -0.124303 -0.751803 -0.705422 -0.656445 1.63401 -1.69191
1.11172 2.35808 2.6642 0.372255 -0.892106 -1.71134 1.07482 2.29154 2.59396 0.348298 -0.907223 -1.76744
1.16897 1.1521 0.641426 0.171645 -0.836857 -1.79441 1.16249 1.21019 0.651187 0.169326 -0.809897 -1.81072
-2.15615 -2.89926 -1.67926 0.0871412 1.41898 -1.2918 -2.0829 -2.80179 -1.59972 0.0950956 1.42909 -1.27999
-1.4752 -2.27881 -2.18584 -0.904695 1.49315 -1.87453 -1.48215 -2.27641 -2.17841 -0.901399 1.47759 -1.88088
-1.63313 -2.19618 -1.318 0.224429 -0.220005 -1.79264 -1.61831 -2.22608 -1.35496 0.224623 -0.201071 -1.83036
0.745955 1.18062 0.83761 0.511622 1.97973 3.17198 0.772552 1.18362 0.860332 0.50329 1.96087 3.18443
-0.582365 -0.939865 -0.6847 1.03665 1.76666 2.88939 -0.548397 -0.896681 -0.653955 1.0191 1.77198 2.88573
-2.56374 -2.12827 -2.38105 0.643002 1.76457 3.42511 -2.45768 -2.07484 -2.31709 0.633459 1.78438 3.41381
-0.264164 0.315079 0.00415977 0.501282 1.49188 3.16818 -0.257779 0.279542 0.0584937 0.49761 1.47206 3.17122
-1.62944 -1.36868 -2.03931 0.376869 1.18916 3.38455 -1.6151 -1.31088 -2.0262 0.368384 1.13728 3.37107
-3.43886 -1.9783 -4.58563 -0.817509 1.90774 -1.05022 -3.46741 -1.97671 -4.63949 -0.793815 1.90009 -1.02126
-0.258309 3.57571 3.87757 0.792779 1.97781 3.28188 -0.134694 3.6243 3.93231 0.777862 1.9646 3.2688
-3.96156 -3.00098 -1.67256 0.164492 -0.582625 -1.51856 -4.05437 -3.06255 -1.74501 0.12412 -0.615561 -1.49534
2.16708 3.4663 3.83825 0.560499 1.90557 3.23687 2.30845 3.56537 3.87019 0.565916 1.94151 3.22053
0.299456 2.97073 2.66968 0.551205 2.27541 3.25239 0.335741 2.95299 2.66339 0.550815 2.26772 3.22983
-0.443042 -0.823216 -0.197252 0.65021 -1.44625 -1.43948 -0.465681 -0.82463 -0.24609 0.631655 -1.42824 -1.44989
-1.82997 -3.08565 -2.13846 0.0631593 1.10051 -1.2206 -1.84117 -3.00543 -2.08233 0.0938402 1.0877 -1.21289
-0.123431 -2.26555 -0.387813 0.487163 1.99975 3.3281 -0.139807 -2.24744 -0.419982 0.490195 1.99553 3.32688
-0.72165 1.371 -0.0946761 0.816348 1.75774 3.12596 -0.725857 1.33528 -0.101016 0.809278 1.72294 3.12306
-3.5062 -3.35883 -3.5829 0.465112 -0.60803 -1.33814 -3.50023 -3.41092 -3.58882 0.47623 -0.610892 -1.32849
-0.0678082 -1.89245 -1.7383 -0.884728 1.31171 -1.40071 -0.0750008 -1.88654 -1.71079 -0.884704 1.32612 -1.42225
-1.77165 -1.4471 -0.752847 1.17874 1.68244 3.31162 -1.78056 -1.495 -0.783612 1.14196 1.65779 3.30853
-1.496 -3.34427 -1.70337 1.00715 1.77129 3.15588 -1.49492 -3.32949 -1.73196 0.984341 1.76506 3.182
-1.45485 -1.35967 -0.824057 -0.183845 1.16063 -1.59544 -1.44837 -1.26785 -0.807591 -0.178673 1.14307 -1.60265
-0.187221 -1.97076 -0.438207 0.937608 1.45322 2.56047 -0.189962 -2.00355 -0.44743 0.953156 1.45937 2.54454
-1.68344 -1.45462 -0.973922 0.319616 -0.511818 -1.4274 -1.59238 -1.50748 -0.972419 0.293193 -0.50922 -1.4419
-1.93265 -2.32435 -0.0290361 0.979512 -1.37138 -1.8131 -2.00784 -2.34413 -0.0948802 0.999316 -1.38617 -1.78925
0.529469 4.57106 4.25384 0.345327 2.17738 2.91798 0.658385 4.60968 4.27493 0.285881 2.18914 2.85426
-0.728995 -0.476132 1.02599 0.149091 2.11762 3.15713 -0.646282 -0.488007 1.04572 0.177606 2.10836 3.15758
2.52478 2.20908 2.44498 0.424268 -0.466983 -1.36507 2.4915 2.21477 2.4626 0.430734 -0.42715 -1.38262
-1.20222 -2.78837 -2.41696 0.623847 1.8651 3.36041 -1.21867 -2.74079 -2.36491 0.624528 1.88936 3.31871
-1.15598 -0.450877 0.00199058 0.129887 1.75611 3.00921 -1.19576 -0.407283 0.0447154 0.206122 1.75373 2.99258
0.366093 -0.501574 -1.05673 0.679106 1.87682 3.56683 0.43672 -0.387273 -1.07199 0.704451 1.86357 3.60039
0.032763 1.03717 1.26075 -0.0451328 -0.813256 -1.54793 0.0493458 1.01765 1.27069 -0.0323766 -0.81243 -1.55126
-0.193291 2.63175 -1.11865 0.958771 -0.309533 -0.993633 -0.225391 2.62146 -1.15012 0.948753 -0.344769 -0.985
-2.11667 -3.81434 -2.57459 -0.448938 1.2933 -1.34978 -2.1183 -3.8677 -2.59022 -0.484434 1.25288 -1.32933
-0.466957 0.435607 0.285393 0.0912677 1.98191 2.77977 -0.395096 0.54385 0.345192 0.0903907 1.99101 2.734
1.75603 2.24991 0.366785 -0.766033 1.35465 -0.732037 1.82074 2.31196 0.331381 -0.726414 1.34068 -0.752455
-1.50255 -1.6661 -2.19743 0.774187 -0.650246 -1.25672 -1.46718 -1.6763 -2.14794 0.781548 -0.619961 -1.26231
-0.398573 -0.418791 3.56945 -2.14813 -3.12403 3.35405 -0.400757 -0.415946 3.54999 -2.16438 -3.12131 3.31408
-3.8031 -2.17158 -4.14006 1.02159 2.17411 3.28097 -3.84054 -2.18474 -4.10959 0.973429 2.17841 3.23636
-2.02753 -1.87229 -1.55427 1.04907 1.03773 2.72617 -1.9777 -1.7984 -1.49259 1.0379 1.07666 2.71169
-4.33587 -0.594525 4.25979 -0.423117 2.0612 1.06471 -4.30213 -0.599997 4.23853 -0.393039 2.05015 1.03487
-0.106804 1.40123 0.357898 0.316435 1.43949 2.64404 -0.10193 1.41119 0.428447 0.296208 1.41344 2.66159
0.191037 3.61979 -2.17829 -1.839 -2.57488 -4.20507 0.171717 3.61873 -2.15433 -1.84372 -2.59664 -4.27544
-2.07438 -2.50687 -2.11583 0.526369 1.91222 3.38916 -2.07649 -2.49796 -2.0895 0.515304 1.90696 3.41324
2.27585 2.96791 1.6086 0.512409 1.18338 2.72086 2.26261 3.05568 1.68649 0.546871 1.18065 2.75527
0.0747996 0.745757 -0.189078 0.724371 1.9391 3.65529 0.0789688 0.77485 -0.199845 0.697841 1.96292 3.66608
-0.309696 -1.04664 -0.8825 0.603069 1.72506 2.68408 -0.273105 -1.00571 -0.872853 0.587541 1.72642 2.718
-0.497802 -0.871895 0.00423471 0.366744 1.73316 2.59962 -0.487417 -0.87468 -0.00598094 0.38545 1.71194 2.63844
-4.92268 -6.25666 -3.30807 -3.0003 0.195699 2.73222 -4.87643 -6.22614 -3.23173 -2.97342 0.189469 2.71202
-0.143812 1.40458 1.04295 0.137005 1.74768 2.98138 -0.109447 1.39958 1.0134 0.161861 1.76949 3.01347
-1.127 0.204754 0.0617181 -0.292814 -0.773712 -1.57611 -1.10092 0.224789 0.0612572 -0.306308 -0.749595 -1.56995
1.30624 7.00599 4.06259 1.60112 3.7096 0.510854 1.4208 7.08786 4.11339 1.60342 3.76722 0.485995
6.36571 -5.89253 -1.00289 0.146732 2.54513 -1.80824 6.27935 -5.8079 -1.0168 0.158248 2.54841 -1.85354
-4.91287 -3.33679 -2.4493 0.200453 3.91081 -2.86927 -4.88088 -3.34408 -2.38812 0.171357 3.92005 -2.88513
-0.833377 -0.464119 -2.09711 1.08882 1.5789 2.87484 -0.801291 -0.471088 -2.04963 1.06848 1.52783 2.91898
-0.312184 6.4508 4.25035 1.79062 -1.68237 -2.38788 -0.25969 6.46387 4.29767 1.78372 -1.67362 -2.40863
1.99435 2.45006 1.71743 1.14059 0.912553 2.71763 2.00791 2.47329 1.68431 1.12305 0.93606 2.70047
0.843359 -1.21228 -4.33914 0.794798 4.37539 -1.5866 0.936768 -1.21589 -4.26261 0.782246 4.40114 -1.61019
0.439603 -0.377792 -0.064878 0.786199 0.805278 2.58533 0.440911 -0.284981 0.0729791 0.788635 0.83808 2.62105
-7.49049 -2.91255 -3.05686 1.80087 -3.78164 0.0555697 -7.51354 -2.9729 -3.04479 1.79945 -3.80007 0.092886
-0.829881 -2.64236 -1.53205 0.463057 1.68035 3.20697 -0.784203 -2.63658 -1.50986 0.441609 1.6593 3.20448
-2.62721 -1.52587 -0.785477 0.517216 1.69217 2.44141 -2.61323 -1.44025 -0.715226 0.511966 1.68188 2.4701
-1.7114 -3.27021 -0.870562 0.467433 1.53438 2.6849 -1.7128 -3.22232 -0.873471 0.425528 1.54419 2.68888
4.73888 -3.11266 3.92373 -1.76108 -3.27367 3.08173 4.68712 -3.11073 3.89902 -1.78033 -3.25072 3.11699
-7.87877 -1.88904 -7.58998 -1.35525 -1.47558 -1.74886 -7.88348 -1.89538 -7.57003 -1.38107 -1.45661 -1.73274
-7.19127 4.74457 -7.00773 -1.04868 -4.34649 -0.665567 -7.15406 4.71832 -6.99706 -1.04193 -4.33614 -0.673995
1.47014 3.0144 11.7696 -2.31484 4.77739 0.974808 1.44835 2.99851 11.7577 -2.31878 4.83523 0.988484
-10.6705 -0.253458 -4.5661 2.24642 -3.32291 -2.88973 -10.6293 -0.277725 -4.54271 2.2362 -3.30967 -2.87221
-3.27824 -2.65873 -3.87993 -0.268693 1.53435 3.13598 -3.21456 -2.58806 -3.85575 -0.262723 1.49063 3.09031
-8.10262 -5.52229 -4.88567 2.62832 -1.56054 -2.87802 -8.10577 -5.52401 -4.85912 2.60057 -1.56052 -2.86357
-5.94332 -5.82651 3.97007 1.84756 1.49025 0.472438 -5.94394 -5.86728 3.98718 1.84559 1.44744 0.477863
-1.57237 -1.05519 -2.68376 0.122131 1.25833 2.71186 -1.5185 -0.942069 -2.63546 0.129803 1.2714 2.67436
-10.7218 -5.16846 -2.29405 -1.6262 -2.84846 -0.349655 -10.7406 -5.20915 -2.35882 -1.619 -2.82913 -0.371159
-5.12736 -7.95062 -2.72632 -0.845861 0.116863 4.46018 -5.17344 -7.97345 -2.67718 -0.838184 0.0837933 4.4906
2.66031 1.20606 -7.45808 -2.4866 -2.02518 -2.12471 2.63354 1.24826 -7.45689 -2.48854 -1.99908 -2.12377
5.07849 9.32 10.2706 -1.39938 -3.51433 -0.264853 5.19375 9.38722 10.2979 -1.39333 -3.56928 -0.306797
-5.04903 -10.5879 -9.6688 -1.75478 -0.240044 -2.38963 -5.06238 -10.6238 -9.65854 -1.74263 -0.27793 -2.35936
-0.655217 8.56522 -2.35907 -1.38429 -4.22587 1.84909 -0.672079 8.49705 -2.40449 -1.34412 -4.2665 1.84019
-11.0954 -6.59701 -7.72087 3.34301 3.33414 -0.0735437 -11.0861 -6.62861 -7.72791 3.30341 3.32202 -0.0844538
-11.3031 2.23376 -7.80383 -2.61891 4.09444 3.26793 -11.3343 2.16019 -7.7949 -2.60569 4.10731 3.31545
1.27795 -0.325257 -5.46325 -1.67666 -4.00771 -3.20615 1.25015 -0.314037 -5.472 -1.72092 -4.00687 -3.18909
1.55035 -10.1121 -5.32709 3.15062 -0.857923 2.20134 1.50067 -10.0862 -5.30419 3.11532 -0.90897 2.23892
6.39502 -3.42069 9.41558 -2.53571 4.06074 -3.11041 6.33043 -3.38107 9.37339 -2.53624 4.04427 -3.10369
2.41245 8.16264 -2.53701 -3.70087 2.95542 -4.05132 2.47701 8.16688 -2.51735 -3.6814 2.95328 -4.05558
-12.5962 -3.96579 -10.4405 0.806053 2.63951 0.685869 -12.6218 -3.97238 -10.4722 0.791122 2.67801 0.668077
-8.78373 -3.44162 -6.31291 -0.8658 3.88863 -2.23918 -8.83188 -3.48497 -6.2922 -0.879036 3.87088 -2.24268
-2.1932 9.14965 6.06423 1.70889 -5.35104 1.37676 -2.08683 9.15457 6.17525 1.68103 -5.4095 1.39545
3.16548 -2.15649 10.4458 -2.83057 4.35059 -3.74398 3.19464 -2.16544 10.4215 -2.78351 4.37119 -3.76608
3.32999 -9.78589 -4.3618 1.17993 3.58188 3.69954 3.29062 -9.7351 -4.38734 1.15251 3.51856 3.68421
-7.72502 -1.02111 5.77747 3.06707 1.28408 4.31031 -7.75859 -1.0991 5.7365 3.08275 1.2612 4.324
-14.0249 -10.755 -8.07219 0.323889 -0.0277859 -1.78132 -14.0529 -10.7503 -8.00167 0.338671 -0.0233114 -1.77315
10.579 2.89345 0.132206 -3.33605 -4.27493 4.86041 10.5769 2.95284 0.141126 -3.37436 -4.28056 4.8733
8.69967 0.1238 -3.92255 5.20306 -3.10883 3.35296 8.73434 0.199214 -3.9221 5.23726 -3.08387 3.3677
-13.9935 -13.673 -11.725 0.727797 -0.367625 -0.629322 -14.0326 -13.7187 -11.6967 0.7178 -0.387759 -0.624678
12.2019 7.74597 16.1382 -2.42349 3.22167 0.787049 12.1922 7.86066 16.037 -2.4256 3.28737 0.777783
-6.46651 -10.7199 0.9002 2.85184 3.36649 1.13515 -6.60738 -10.8154 0.804663 2.86327 3.33468 1.17554
13.7838 17.7489 5.73992 -0.97476 -0.928208 1.49677 13.784 17.8308 5.70164 -0.979857 -0.905546 1.50053
15.725 4.26302 15.0831 0.0373475 4.50632 3.32303 15.8 4.30547 15.0455 0.0484353 4.61397 3.43462
-13.8666 -13.2712 -11.9638 -2.08236 3.59181 2.43758 -13.8795 -13.2924 -11.9359 -2.10701 3.57896 2.4579
-13.4762 -11.9099 -13.7217 -3.37 0.923169 1.80444 -13.5255 -11.9572 -13.7533 -3.33273 0.922565 1.80704
-12.6554 -9.31196 -7.91249 3.57716 -1.71806 2.30326 -12.7293 -9.37739 -7.91817 3.60238 -1.7441 2.32196
11.2379 16.9695 18.9028 3.46765 3.10933 -0.732525 11.2796 17.0819 18.9246 3.54821 3.22389 -0.730634
-13.4839 -11.3583 -13.7356 -1.49069 -1.44787 -2.69883 -13.5371 -11.3797 -13.7883 -1.49153 -1.46758 -2.73233
-14.1671 -14.962 -14.945 1.76447 -2.94943 3.36276 -14.1701 -14.9675 -14.9412 1.76836 -2.96193 3.33666
