-7.44339 -7.44339
-7.43801 -7.43806
-7.43299 -7.43269
-7.42687 -7.42692
-7.42456 -7.42441
-7.41835 -7.41834
-7.41402 -7.41383
-7.41135 -7.41145
-7.4096 -7.40967
-7.40431 -7.40428
-7.40291 -7.40277
-7.40213 -7.40226
-7.39896 -7.39889
-7.3943 -7.39432
-7.39303 -7.3932
-7.39046 -7.39056
-7.38768 -7.38761
-7.38621 -7.38589
-7.38454 -7.38431
-7.38214 -7.38242
-7.38103 -7.38124
-7.38118 -7.38096
-7.38046 -7.38044
-7.379 -7.37918
-7.37733 -7.37748
-7.37399 -7.37386
-7.37309 -7.37308
-7.37197 -7.37181
-7.37099 -7.3714
-7.36831 -7.36853
-7.36799 -7.36808
-7.36639 -7.36648
-7.36522 -7.36497
-7.36348 -7.36348
-7.36241 -7.3627
-7.36197 -7.36196
-7.36035 -7.36081
-7.35952 -7.35936
-7.35863 -7.3588
-7.35809 -7.35815
-7.35746 -7.35746
-7.35553 -7.35555
-7.35485 -7.35475
-7.3539 -7.35408
-7.35295 -7.35316
-7.35255 -7.3527
-7.35239 -7.3525
-7.35047 -7.35042
-7.34952 -7.3493
-7.34807 -7.3482
-7.34757 -7.34748
-7.34698 -7.34673
-7.34609 -7.34599
-7.34536 -7.34521
-7.34478 -7.34493
-7.34419 -7.34434
-7.3432 -7.34347
-7.34313 -7.34304
-7.34237 -7.34271
-7.34254 -7.34237
-7.34232 -7.34227
-7.34098 -7.34113
-7.3408 -7.34063
-7.33937 -7.33946
-7.3382 -7.33843
-7.33822 -7.33821
-7.33779 -7.33791
-7.33701 -7.33716
-7.33681 -7.3369
-7.33604 -7.33638
-7.33603 -7.33612
-7.33576 -7.33587
-7.33531 -7.3354
-7.3345 -7.33449
-7.33385 -7.33372
-7.33344 -7.33319
-7.33247 -7.33274
-7.33208 -7.33262
-7.332 -7.33208
-7.33072 -7.33112
-7.33051 -7.33021
-7.32971 -7.3298
-7.3289 -7.32908
-7.32923 -7.3289
-7.32851 -7.32869
-7.32829 -7.32813
-7.32794 -7.32784
-7.32749 -7.3277
-7.32652 -7.3266
-7.32561 -7.32589
-7.32532 -7.32536
-7.32498 -7.32452
-7.32404 -7.32414
-7.32411 -7.32401
-7.32307 -7.323
-7.32268 -7.32261
-7.32167 -7.32178
-7.32156 -7.32155
-7.32071 -7.32078
-7.31999 -7.3202
-7.32009 -7.31999
-7.31975 -7.31971
-7.31934 -7.31948
-7.31935 -7.31934
-7.31915 -7.31918
-7.31884 -7.319
-7.3184 -7.31862
-7.31785 -7.31786
-7.31769 -7.31768
-7.31736 -7.31745
-7.31651 -7.3165
-7.31603 -7.3161
-7.31616 -7.31604
-7.31559 -7.31556
-7.31454 -7.31489
-7.31451 -7.31439
-7.31416 -7.31412
-7.31402 -7.31398
-7.31347 -7.31353
-7.31306 -7.31301
-7.31222 -7.31229
-7.31073 -7.31078
-7.30993 -7.30992
-7.30957 -7.30934
-7.30854 -7.30876
-7.30862 -7.30839
-7.3077 -7.30793
-7.30757 -7.30783
-7.30727 -7.30747
-7.30686 -7.30688
-7.30662 -7.30627
-7.30548 -7.30584
-7.30515 -7.30528
-7.30479 -7.30477
-7.30425 -7.30441
-7.30377 -7.304
-7.30383 -7.30378
-7.30291 -7.30287
-7.30252 -7.30224
-7.30217 -7.30196
-7.30159 -7.30172
-7.30164 -7.30147
-7.30139 -7.30125
-7.30091 -7.3008
-7.30058 -7.30031
-7.3 -7.29972
-7.29955 -7.29917
-7.29832 -7.29863
-7.29735 -7.29773
-7.29739 -7.29732
-7.29696 -7.29689
-7.29642 -7.29637
-7.29533 -7.29543
-7.29531 -7.29497
-7.29529 -7.2947
-7.29462 -7.29453
-7.294 -7.294
-7.29432 -7.29382
-7.29358 -7.2933
-7.29279 -7.29271
-7.29196 -7.29223
-7.29185 -7.29194
-7.29132 -7.29145
-7.29124 -7.29074
-7.29031 -7.29032
-7.29007 -7.28988
-7.28895 -7.28915
-7.28918 -7.28883
-7.28756 -7.28788
-7.28791 -7.28754
-7.28702 -7.2868
-7.28655 -7.28621
-7.28569 -7.28574
-7.28485 -7.28485
-7.28398 -7.28411
-7.28415 -7.28393
-7.284 -7.28375
-7.28264 -7.28254
-7.28179 -7.28192
-7.28167 -7.28167
-7.28107 -7.28135
-7.28005 -7.28032
-7.27873 -7.27872
-7.27803 -7.2778
-7.27806 -7.27718
-7.27596 -7.27634
-7.2755 -7.27548
-7.27507 -7.27488
-7.27138 -7.27152
-7.27065 -7.27044
-7.26694 -7.26676
-7.43934 -7.4393
-7.43633 -7.43618
-7.43044 -7.43034
-7.42644 -7.42632
-7.42151 -7.42146
-7.41687 -7.41685
-7.41316 -7.4132
-7.41124 -7.41117
-7.40766 -7.40767
-7.40405 -7.40421
-7.40255 -7.40246
-7.40167 -7.40139
-7.39808 -7.39789
-7.39423 -7.39412
-7.39331 -7.39306
-7.38991 -7.38998
-7.38727 -7.38728
-7.38523 -7.38514
-7.38302 -7.38305
-7.38193 -7.38196
-7.38104 -7.38118
-7.3805 -7.38077
-7.37997 -7.38003
-7.37818 -7.37818
-7.37705 -7.37678
-7.37317 -7.3735
-7.37269 -7.37288
-7.3715 -7.37163
-7.37082 -7.37072
-7.36828 -7.36831
-7.36703 -7.36698
-7.36627 -7.36642
-7.36444 -7.36442
-7.3632 -7.3631
-7.36257 -7.36269
-7.36167 -7.36161
-7.36028 -7.36029
-7.35928 -7.35913
-7.35829 -7.35856
-7.35808 -7.35814
-7.3566 -7.35666
-7.35527 -7.35545
-7.3548 -7.35446
-7.354 -7.35389
-7.35276 -7.35282
-7.35259 -7.35261
-7.3522 -7.35217
-7.34984 -7.35008
-7.3496 -7.34924
-7.34797 -7.34797
-7.3471 -7.34719
-7.34633 -7.34665
-7.34589 -7.34574
-7.34498 -7.34509
-7.34478 -7.34473
-7.34435 -7.34423
-7.34319 -7.34346
-7.34264 -7.34279
-7.34232 -7.34247
-7.34245 -7.34233
-7.34254 -7.3422
-7.34079 -7.34097
-7.34043 -7.34051
-7.33881 -7.33861
-7.33844 -7.3384
-7.33818 -7.33819
-7.33807 -7.33782
-7.33679 -7.33699
-7.33671 -7.33675
-7.33662 -7.33631
-7.33638 -7.3361
-7.33587 -7.33585
-7.33486 -7.33496
-7.33408 -7.33427
-7.33333 -7.33344
-7.33309 -7.33316
-7.33282 -7.3327
-7.33295 -7.33251
-7.33176 -7.33186
-7.33023 -7.33031
-7.33016 -7.33016
-7.32945 -7.32955
-7.32891 -7.32903
-7.32913 -7.32886
-7.3283 -7.3284
-7.32818 -7.32804
-7.32784 -7.32777
-7.32779 -7.32761
-7.32653 -7.32621
-7.32594 -7.32586
-7.3253 -7.32532
-7.32442 -7.3245
-7.32414 -7.32411
-7.32312 -7.32326
-7.32291 -7.32279
-7.32273 -7.3225
-7.32161 -7.32169
-7.32097 -7.321
-7.32028 -7.32022
-7.31994 -7.32018
-7.31981 -7.31976
-7.31969 -7.31962
-7.31943 -7.31941
-7.31934 -7.31927
-7.31952 -7.31916
-7.31888 -7.31871
-7.31864 -7.31856
-7.31739 -7.31771
-7.3174 -7.31762
-7.31652 -7.31661
-7.31641 -7.31628
-7.31597 -7.31608
-7.31614 -7.31595
-7.31546 -7.31528
-7.3148 -7.31465
-7.31413 -7.3143
-7.31421 -7.31409
-7.31401 -7.31389
-7.31377 -7.31352
-7.31295 -7.31274
-7.31238 -7.31228
-7.3103 -7.31028
-7.3099 -7.30947
-7.30944 -7.30934
-7.30847 -7.30875
-7.30775 -7.30802
-7.30742 -7.30792
-7.30746 -7.30769
-7.30741 -7.30724
-7.30662 -7.30655
-7.30622 -7.30613
-7.30524 -7.30554
-7.30498 -7.30523
-7.30479 -7.30469
-7.30473 -7.30439
-7.30361 -7.30399
-7.30324 -7.30345
-7.30322 -7.30282
-7.30245 -7.30218
-7.30218 -7.30191
-7.30128 -7.30161
-7.30146 -7.30138
-7.30124 -7.30101
-7.3006 -7.30047
-7.29991 -7.30005
-7.29961 -7.29966
-7.29892 -7.29898
-7.29785 -7.29822
-7.29758 -7.29754
-7.29724 -7.29723
-7.29686 -7.29678
-7.29598 -7.29599
-7.29567 -7.29538
-7.29492 -7.29479
-7.29518 -7.29465
-7.29424 -7.29441
-7.29416 -7.2939
-7.29365 -7.29354
-7.2932 -7.29283
-7.29296 -7.29266
-7.29209 -7.29198
-7.29192 -7.29168
-7.29157 -7.29132
-7.29114 -7.29074
-7.29038 -7.29031
-7.28955 -7.28961
-7.28891 -7.28897
-7.28835 -7.28822
-7.28762 -7.2877
-7.28739 -7.28727
-7.28653 -7.2865
-7.28565 -7.28598
-7.28547 -7.2855
-7.28475 -7.2848
-7.28422 -7.2841
-7.28375 -7.28383
-7.28371 -7.28361
-7.28253 -7.28243
-7.28185 -7.28172
-7.28167 -7.28152
-7.28121 -7.28084
-7.28006 -7.28018
-7.27869 -7.2787
-7.27783 -7.2778
-7.27695 -7.27678
-7.27623 -7.27615
-7.27544 -7.27529
-7.27308 -7.27331
-7.27082 -7.27125
-7.27031 -7.27012
-7.26693 -7.26673
-7.43806 -7.43806
-7.43593 -7.43565
-7.42987 -7.42983
-7.42498 -7.42491
-7.42112 -7.42121
-7.4168 -7.41677
-7.41164 -7.4115
-7.41098 -7.41093
-7.40588 -7.40592
-7.40381 -7.40383
-7.40266 -7.40239
-7.39922 -7.3992
-7.39598 -7.39588
-7.39335 -7.39345
-7.39208 -7.39174
-7.39011 -7.38989
-7.38681 -7.38713
-7.38462 -7.38479
-7.38297 -7.38277
-7.38145 -7.38155
-7.38109 -7.38101
-7.38048 -7.38055
-7.3798 -7.37984
-7.37794 -7.37784
-7.37422 -7.37402
-7.37332 -7.37324
-7.37174 -7.37189
-7.37144 -7.37159
-7.36901 -7.36921
-7.36821 -7.36825
-7.36649 -7.36652
-7.36532 -7.36519
-7.36323 -7.36351
-7.3626 -7.36277
-7.36226 -7.36233
-7.36066 -7.36088
-7.35975 -7.35943
-7.35885 -7.35892
-7.35806 -7.35849
-7.35794 -7.35806
-7.35593 -7.35595
-7.35492 -7.35491
-7.35409 -7.35415
-7.35386 -7.35374
-7.35263 -7.35275
-7.35248 -7.35257
-7.35147 -7.3515
-7.3493 -7.34965
-7.34908 -7.34906
-7.34755 -7.34768
-7.34727 -7.34716
-7.34656 -7.34632
-7.34581 -7.34562
-7.3448 -7.34494
-7.3446 -7.34463
-7.3441 -7.34418
-7.34307 -7.34324
-7.34301 -7.34278
-7.34263 -7.34242
-7.34242 -7.3423
-7.34211 -7.34217
-7.34075 -7.34082
-7.33992 -7.33987
-7.33839 -7.33846
-7.33808 -7.33836
-7.33789 -7.33813
-7.33711 -7.33728
-7.33676 -7.3369
-7.3364 -7.33641
-7.3362 -7.33623
-7.33589 -7.33601
-7.33547 -7.33568
-7.33461 -7.33464
-7.33371 -7.33394
-7.33301 -7.33326
-7.33259 -7.33278
-7.33236 -7.33263
-7.33254 -7.33217
-7.33186 -7.3318
-7.33007 -7.33027
-7.32979 -7.33008
-7.32935 -7.32925
-7.32897 -7.32902
-7.32873 -7.32874
-7.32774 -7.32813
-7.32792 -7.32804
-7.32787 -7.32777
-7.32672 -7.32693
-7.32589 -7.32607
-7.32574 -7.32571
-7.32445 -7.32462
-7.32432 -7.32442
-7.32366 -7.32406
-7.32284 -7.32325
-7.32273 -7.32271
-7.32266 -7.32216
-7.32173 -7.32159
-7.32101 -7.32092
-7.32037 -7.3202
-7.32007 -7.32001
-7.31978 -7.31976
-7.31967 -7.31954
-7.31953 -7.31935
-7.31947 -7.31924
-7.31899 -7.31902
-7.31881 -7.31865
-7.31824 -7.31848
-7.31802 -7.31768
-7.31759 -7.31749
-7.31623 -7.31652
-7.3162 -7.31616
-7.3159 -7.31606
-7.31563 -7.3158
-7.31535 -7.31497
-7.31454 -7.31455
-7.31408 -7.31427
-7.31401 -7.31409
-7.31359 -7.31371
-7.31321 -7.31333
-7.31247 -7.3124
-7.31208 -7.31199
-7.31005 -7.31013
-7.30929 -7.30947
-7.30925 -7.30921
-7.30901 -7.30873
-7.30778 -7.30798
-7.30776 -7.30791
-7.30736 -7.30761
-7.30684 -7.30696
-7.30646 -7.30629
-7.30567 -7.3061
-7.30538 -7.3053
-7.30546 -7.30507
-7.3041 -7.30455
-7.30425 -7.3042
-7.30377 -7.30393
-7.30265 -7.30313
-7.30251 -7.30241
-7.30194 -7.30197
-7.30171 -7.30187
-7.30194 -7.30159
-7.30137 -7.30129
-7.30045 -7.30087
-7.30026 -7.30031
-7.29949 -7.29983
-7.29914 -7.29926
-7.29902 -7.29885
-7.29798 -7.29797
-7.29748 -7.29751
-7.29653 -7.2969
-7.29667 -7.29664
-7.29559 -7.29588
-7.29515 -7.29529
-7.29531 -7.29471
-7.29468 -7.29461
-7.29447 -7.29407
-7.29371 -7.29388
-7.29316 -7.2934
-7.29262 -7.29282
-7.29236 -7.29238
-7.29222 -7.29198
-7.29178 -7.29153
-7.29138 -7.29125
-7.29069 -7.29072
-7.29003 -7.29018
-7.28944 -7.28951
-7.28905 -7.2889
-7.28855 -7.2881
-7.28781 -7.28768
-7.28734 -7.28703
-7.28673 -7.28646
-7.28586 -7.28597
-7.28506 -7.28516
-7.28429 -7.2846
-7.28422 -7.28397
-7.28377 -7.28376
-7.28292 -7.28343
-7.2825 -7.2823
-7.28218 -7.28169
-7.28114 -7.2815
-7.28045 -7.28059
-7.27915 -7.27913
-7.27812 -7.2781
-7.27796 -7.27765
-7.27644 -7.27656
-7.27574 -7.27576
-7.27478 -7.27516
-7.27297 -7.27282
-7.27032 -7.27047
-7.26981 -7.26952
-7.26355 -7.26357
