0.719774 0.363579 0.502091 -0.624923 1.45897 -1.52619 0.624232 0.280386 0.425253 -0.632123 1.48027 -1.52786
0.206691 1.03146 0.467614 -0.871929 1.45779 -1.54501 0.131463 0.955191 0.351424 -0.868214 1.46095 -1.53647
-0.895385 -2.19302 -1.80977 2.07981 -3.08681 -1.40231 -0.948971 -2.23515 -1.87702 2.07663 -3.0785 -1.40286
2.29926 2.02564 2.24279 -0.717371 1.36081 -1.48769 2.19747 1.95566 2.19022 -0.712909 1.38585 -1.48986
-2.686 -1.48971 -0.928443 -0.933008 1.1342 -1.26867 -2.74214 -1.5241 -0.985515 -0.938821 1.16266 -1.2589
-1.65237 -1.03384 -1.43521 2.07165 -2.77605 -1.71649 -1.64678 -1.04775 -1.4416 2.0488 -2.78279 -1.70471
-0.373655 -0.209556 -1.42707 1.71477 -3.02612 -0.780233 -0.413998 -0.230783 -1.48173 1.69356 -2.98477 -0.801703
-2.79162 -1.89407 -2.1161 2.36471 -3.03303 -0.739395 -2.82948 -1.96104 -2.17518 2.32618 -3.01523 -0.762949
-0.294321 0.965016 1.78966 2.087 -3.02791 -1.24169 -0.323312 0.958364 1.76135 2.07536 -3.03077 -1.25899
0.893609 0.800709 -0.0868847 -0.520458 0.94181 -1.60742 0.849784 0.750263 -0.119375 -0.547428 0.942973 -1.60971
2.35728 1.53381 2.37912 -0.35101 1.12206 -1.49379 2.34857 1.48688 2.39336 -0.348099 1.13331 -1.46873
1.67661 -0.552974 1.50154 -0.670418 1.26247 -1.85016 1.59179 -0.655873 1.40648 -0.678394 1.26936 -1.83803
0.110141 -0.0459863 0.856694 1.96821 -3.0255 -1.22158 0.136936 -0.0794464 0.879817 1.97774 -3.03159 -1.26153
-0.989988 -0.204134 -0.24191 -0.772092 0.545739 -1.59837 -0.973705 -0.21895 -0.238581 -0.783044 0.530935 -1.59529
1.44499 0.457122 0.337162 -0.103689 1.24804 -1.10279 1.48016 0.469963 0.359275 -0.112337 1.2427 -1.0884
0.748056 -0.614659 -1.79862 0.951737 2.22154 2.82858 0.711341 -0.622678 -1.82546 0.941184 2.20695 2.82399
-0.966342 -0.516105 -0.347148 -0.762342 1.44315 -1.36511 -0.979531 -0.515691 -0.388521 -0.756113 1.45583 -1.37235
-5.46307 -5.74432 -5.34188 -0.23035 1.4434 -1.48255 -5.40908 -5.75467 -5.28227 -0.251051 1.43295 -1.46493
-1.69315 -2.71842 -3.37482 -0.0051368 -0.564071 -1.33055 -1.74386 -2.73834 -3.37339 0.0244998 -0.546058 -1.32031
-0.854424 0.168056 -0.498969 2.11101 -2.74333 -1.4666 -0.836345 0.17136 -0.486657 2.08403 -2.75193 -1.44843
-2.05166 -2.36617 -1.49978 -0.497808 1.64245 -0.973082 -2.09507 -2.38355 -1.54151 -0.522601 1.64061 -0.977659
-2.03706 -1.29219 -0.578368 1.07427 1.91315 2.99329 -2.07572 -1.36559 -0.576412 1.09103 1.90227 3.00031
-2.48717 -1.73714 -1.79791 0.928713 1.69305 3.23817 -2.56127 -1.78719 -1.85206 0.943147 1.69442 3.21228
-0.346939 -1.67061 -1.2399 1.02435 -1.37801 -1.81122 -0.358806 -1.65929 -1.20417 1.00388 -1.40488 -1.80075
-1.25665 -1.59749 -1.22563 0.167283 -0.651991 -1.72246 -1.29144 -1.64519 -1.31816 0.18401 -0.645321 -1.71518
-1.32804 -1.41126 -1.08657 -0.473844 1.24411 -1.92055 -1.32818 -1.40895 -1.09907 -0.488407 1.2426 -1.90247
0.340337 1.93268 1.1966 0.737829 1.73724 3.2584 0.312148 1.92812 1.17591 0.74934 1.75675 3.24688
-0.41063 0.377329 0.431624 0.931599 1.599 3.04288 -0.419872 0.373697 0.406665 0.907276 1.62948 3.0409
2.96086 3.29864 4.15829 -0.43978 1.57237 -1.9393 2.83673 3.16167 4.02792 -0.453147 1.58006 -1.9573
1.16625 1.12812 0.595086 0.193755 -0.783505 -1.78756 1.16249 1.21019 0.651187 0.169326 -0.809897 -1.81072
0.202043 -2.83255 -0.109124 0.568683 -0.871966 -2.15932 0.18519 -2.85881 -0.140835 0.542611 -0.864388 -2.15068
-1.60923 -2.16068 -1.33571 0.243697 -0.197908 -1.8162 -1.61831 -2.22608 -1.35496 0.224623 -0.201071 -1.83036
0.710693 1.58141 0.730067 0.343504 -0.0306401 -0.810128 0.716836 1.61706 0.740052 0.360627 -0.0246548 -0.839842
-3.25003 -3.49173 -1.71331 -0.160272 1.08741 -0.903418 -3.2269 -3.46481 -1.65495 -0.160736 1.12148 -0.876581
-0.238842 0.293919 0.0483341 0.497206 1.44381 3.17395 -0.257779 0.279542 0.0584937 0.49761 1.47206 3.17122
1.37735 1.10587 0.129855 -0.887274 0.956878 -1.71413 1.42632 1.11665 0.119044 -0.875065 0.96126 -1.74282
-0.168863 3.62479 3.8978 0.749241 1.95748 3.27576 -0.134694 3.6243 3.93231 0.777862 1.9646 3.2688
-3.99187 -3.02436 -1.76066 0.132344 -0.603843 -1.5139 -4.05437 -3.06255 -1.74501 0.12412 -0.615561 -1.49534
0.585271 0.052617 1.23593 0.227249 1.56169 3.39019 0.576637 0.0718418 1.1617 0.199379 1.57566 3.38913
-0.41948 -0.758367 -0.213439 0.650913 -1.42561 -1.46067 -0.465681 -0.82463 -0.24609 0.631655 -1.42824 -1.44989
-3.55248 -5.1911 -3.74657 1.82051 -2.63089 -0.968958 -3.54101 -5.18213 -3.72534 1.79674 -2.60737 -0.959731
-0.718817 1.33476 -0.0624411 0.810945 1.71536 3.11464 -0.725857 1.33528 -0.101016 0.809278 1.72294 3.12306
-0.0184908 -0.376184 -0.69337 0.859201 2.28313 2.88657 -0.0538241 -0.381337 -0.683769 0.867776 2.26723 2.90733
-1.75488 -1.546 -0.785726 1.15007 1.65842 3.31601 -1.78056 -1.495 -0.783612 1.14196 1.65779 3.30853
-3.63877 -2.16668 -2.62418 0.984425 1.60322 2.75585 -3.66345 -2.14854 -2.65399 0.971251 1.58686 2.72596
-1.61809 -2.27952 -1.78446 0.702892 1.59967 2.78489 -1.65489 -2.26221 -1.79487 0.694577 1.60031 2.79092
-1.62334 -1.45599 -0.9501 0.297264 -0.530846 -1.42953 -1.59238 -1.50748 -0.972419 0.293193 -0.50922 -1.4419
-0.0525466 -1.33206 -1.28157 -0.521725 1.08995 -0.901788 -0.0818847 -1.34019 -1.33642 -0.491684 1.09185 -0.912848
-0.655447 -0.519586 1.04931 0.148497 2.09315 3.17184 -0.646282 -0.488007 1.04572 0.177606 2.10836 3.15758
0.976359 0.785427 0.35935 0.7947 2.54657 2.90601 1.01824 0.747739 0.368953 0.825703 2.53967 2.93863
-1.2224 -0.403125 0.00745171 0.152138 1.74187 2.98536 -1.19576 -0.407283 0.0447154 0.206122 1.75373 2.99258
-3.29396 -3.12968 -0.714721 -0.339534 -0.188923 -0.397306 -3.28304 -3.14859 -0.678486 -0.328194 -0.158147 -0.387
-1.34346 -2.49734 -1.94791 1.1535 1.61345 2.80724 -1.35626 -2.49146 -1.92024 1.14378 1.60005 2.79858
-2.16788 -3.8403 -2.55024 -0.454661 1.2273 -1.32838 -2.1183 -3.8677 -2.59022 -0.484434 1.25288 -1.32933
-4.79055 -6.76736 2.12686 -2.58287 2.23521 0.380277 -4.8243 -6.72659 2.16841 -2.63678 2.25842 0.397977
-1.51502 -1.71551 -2.21928 0.756745 -0.649273 -1.26449 -1.46718 -1.6763 -2.14794 0.781548 -0.619961 -1.26231
-0.350695 -0.357141 3.63685 -2.11764 -3.11011 3.33716 -0.400757 -0.415946 3.54999 -2.16438 -3.12131 3.31408
2.51718 0.94385 2.87319 0.56763 -0.92997 -2.21825 2.47066 0.922793 2.86494 0.575234 -0.89451 -2.2459
-4.31749 -0.568041 4.23667 -0.442877 2.0798 1.06547 -4.30213 -0.599997 4.23853 -0.393039 2.05015 1.03487
1.26399 0.84535 0.324416 -0.678315 1.32567 -1.83403 1.26302 0.830189 0.349242 -0.650275 1.31224 -1.83539
2.57386 -1.53868 -2.6511 -4.03765 -3.69657 -2.36303 2.53517 -1.55028 -2.73451 -4.09435 -3.7068 -2.39879
-1.14982 -1.79026 -4.29562 0.443256 1.37395 2.75299 -1.1806 -1.78454 -4.31767 0.41386 1.40162 2.75455
-6.6121 -5.01404 -1.60313 2.23334 -2.03283 0.601467 -6.65019 -5.08417 -1.63382 2.28135 -2.02317 0.608674
-0.372853 -2.09708 -0.954201 -0.506453 1.50268 -1.00189 -0.371913 -2.1309 -0.973393 -0.490951 1.49105 -1.02975
-0.474285 -0.838263 0.024147 0.386372 1.69879 2.62513 -0.487417 -0.87468 -0.00598094 0.38545 1.71194 2.63844
-4.85962 -6.2114 -3.19401 -2.94726 0.186709 2.73493 -4.87643 -6.22614 -3.23173 -2.97342 0.189469 2.71202
-0.0985202 1.39101 0.987145 0.152633 1.77246 3.01616 -0.109447 1.39958 1.0134 0.161861 1.76949 3.01347
-1.33474 -1.34417 0.621637 -0.634442 1.96281 -0.839458 -1.36211 -1.35847 0.657104 -0.651534 1.9462 -0.850667
8.1718 4.60055 2.31096 -0.167514 1.50828 -3.8128 8.1529 4.55 2.28273 -0.220486 1.50733 -3.79919
6.36134 -5.87144 -0.974736 0.143717 2.55419 -1.84656 6.27935 -5.8079 -1.0168 0.158248 2.54841 -1.85354
-4.90997 -3.35642 -2.39445 0.18525 3.90852 -2.86458 -4.88088 -3.34408 -2.38812 0.171357 3.92005 -2.88513
-0.770726 -0.505506 -2.1057 1.0859 1.53486 2.9118 -0.801291 -0.471088 -2.04963 1.06848 1.52783 2.91898
2.09465 1.37148 2.22581 0.701198 -0.131056 -0.344859 2.10605 1.41023 2.27758 0.730963 -0.121455 -0.340735
1.36108 1.81991 2.40098 -0.569706 1.33189 -1.10584 1.3587 1.84194 2.35732 -0.551352 1.35611 -1.08119
-3.56109 -3.01254 -2.84727 -0.180804 0.836254 -0.732463 -3.55195 -3.00475 -2.81662 -0.165193 0.842786 -0.749994
0.115093 -1.57342 -0.816151 0.613184 0.704326 0.210411 0.153836 -1.57532 -0.804245 0.618268 0.728378 0.240326
-7.48096 -2.92151 -3.01624 1.78707 -3.81026 0.0649292 -7.51354 -2.9729 -3.04479 1.79945 -3.80007 0.092886
-0.976624 -3.17888 -0.863822 -0.434607 0.939322 -1.17083 -0.925589 -3.19055 -0.850832 -0.440019 0.969711 -1.19386
-1.49734 -4.043 -7.68056 -3.85354 -0.772162 -3.83226 -1.49324 -4.02991 -7.69422 -3.87308 -0.754502 -3.85073
4.72095 -3.1383 3.94457 -1.75442 -3.25891 3.10329 4.68712 -3.11073 3.89902 -1.78033 -3.25072 3.11699
-0.68875 -0.653385 -2.49428 -0.580508 0.216466 0.345399 -0.702517 -0.628097 -2.50882 -0.603213 0.215737 0.342804
-0.120679 0.738372 -0.0778717 0.312023 2.2353 4.09995 -0.00781773 0.82758 -0.00916537 0.319828 2.27602 4.11195
-10.6732 -0.211139 -4.49435 2.20743 -3.32926 -2.88001 -10.6293 -0.277725 -4.54271 2.2362 -3.30967 -2.87221
-2.92707 -3.0269 -2.80131 0.429854 -0.84517 0.376531 -2.92365 -3.0833 -2.79435 0.44028 -0.842961 0.374701
-3.35379 -3.28513 -3.45552 -1.26643 1.29071 -1.39529 -3.40331 -3.30186 -3.44684 -1.26923 1.30649 -1.3658
-5.93834 -5.83533 3.9563 1.79226 1.46997 0.470674 -5.94394 -5.86728 3.98718 1.84559 1.44744 0.477863
-3.15749 -4.21582 -4.04726 -0.44194 1.16833 -1.61453 -3.14338 -4.25603 -4.05968 -0.457744 1.1323 -1.59855
-6.5304 2.40024 -0.448137 -2.85847 4.39924 -1.61593 -6.45167 2.35944 -0.436507 -2.90186 4.40278 -1.63055
-2.01445 1.10868 8.39745 -0.894632 -4.61452 0.0903064 -2.01763 1.077 8.4653 -0.888054 -4.61712 0.0719879
-1.64366 -2.63163 -1.51809 -0.860313 1.05687 -1.29508 -1.67876 -2.64923 -1.57877 -0.871204 1.03743 -1.29769
-1.48285 -7.88972 -5.04526 3.67277 4.58479 4.98854 -1.53698 -7.90435 -5.08483 3.69676 4.58346 4.96046
-6.79339 1.31592 1.07995 -3.85088 -0.0485671 2.45584 -6.76414 1.32173 1.11051 -3.93601 -0.0385565 2.47182
-1.65577 -2.32642 -1.33026 0.096598 1.25757 -1.45318 -1.6532 -2.30852 -1.3425 0.0543814 1.2137 -1.43732
-0.692369 -0.818638 -2.08608 -0.869236 1.12506 -0.836288 -0.732695 -0.787607 -2.11262 -0.864531 1.12547 -0.852962
-11.0878 -6.57781 -7.66265 3.27636 3.33123 -0.0637119 -11.0861 -6.62861 -7.72791 3.30341 3.32202 -0.0844538
-2.01826 -2.31446 -1.47469 -0.23608 0.507227 -1.05455 -1.96111 -2.29478 -1.49663 -0.251276 0.51989 -1.08486
6.73763 -6.63569 7.17653 0.178601 -3.49593 -2.59507 6.72218 -6.56209 7.19035 0.170692 -3.52195 -2.5947
0.369363 1.35807 1.82418 -0.399939 1.84458 -1.56999 0.360837 1.36986 1.80521 -0.440212 1.84807 -1.58302
0.581007 -9.79561 -8.70232 3.54456 -0.303408 4.06242 0.541753 -9.73309 -8.6851 3.58512 -0.31207 4.02933
1.52607 -10.1494 -5.28564 3.07966 -0.87956 2.23888 1.50067 -10.0862 -5.30419 3.11532 -0.90897 2.23892
0.167268 -2.17626 -0.00040961 0.112771 0.299626 0.158981 0.148064 -2.16157 0.029912 0.0935191 0.320895 0.138686
-12.6265 -10.1691 -8.74945 -0.244846 -1.61668 -2.50318 -12.7016 -10.2385 -8.81637 -0.258765 -1.61829 -2.52981
6.37415 -3.40358 9.32406 -2.48462 4.03284 -3.13256 6.33043 -3.38107 9.37339 -2.53624 4.04427 -3.10369
-2.78246 -1.14876 -1.83512 0.156215 0.109646 0.858493 -2.83322 -1.179 -1.84763 0.158705 0.0886084 0.881484
-6.41518 8.05942 3.60406 -3.88608 -2.83587 0.34824 -6.35398 8.03675 3.60025 -3.96698 -2.83918 0.337902
5.94411 6.75506 -1.25149 -3.7997 4.09062 -0.979972 5.87341 6.72452 -1.38695 -3.86992 4.1035 -0.94952
-1.94294 0.141771 1.25653 0.561372 -0.167255 1.23755 -1.84205 0.25891 1.32652 0.559507 -0.166619 1.23721
-0.802962 -2.16638 -2.61899 -0.452241 0.123409 -0.148387 -0.823981 -2.16158 -2.63849 -0.454899 0.0906529 -0.136191
-1.03974 -0.6863 -0.968786 0.287568 0.365966 -0.258581 -1.05631 -0.779102 -0.960986 0.309747 0.371022 -0.258926
10.6011 1.50463 11.4585 -0.289553 -1.96663 -3.11158 10.5404 1.54321 11.5418 -0.339359 -1.99492 -3.1292
-0.609286 0.889183 0.789763 -0.121737 -0.621244 0.0562301 -0.612347 0.884511 0.805449 -0.13955 -0.611746 0.0351033
-1.36678 -1.93995 -0.95901 -0.328013 0.246073 -0.4755 -1.3361 -1.96741 -0.907218 -0.327301 0.239271 -0.495029
-4.67653 -3.54428 -3.15447 -0.182208 -0.569042 -0.433284 -4.71849 -3.59968 -3.20878 -0.173838 -0.546068 -0.462783
3.21367 -2.18324 10.3638 -2.72956 4.33907 -3.73738 3.19464 -2.16544 10.4215 -2.78351 4.37119 -3.76608
3.33552 -9.84422 -4.39418 1.14863 3.54541 3.69459 3.29062 -9.7351 -4.38734 1.15251 3.51856 3.68421
-2.47984 -0.460189 -1.19256 0.338919 0.410108 0.343659 -2.51067 -0.428174 -1.19089 0.298844 0.383679 0.350211
-1.81149 -2.20114 -3.16298 -0.652077 0.385409 0.0120312 -1.77167 -2.14351 -3.14428 -0.627236 0.377619 0.062676
-1.00987 -2.1767 -0.964471 0.25105 -0.00275533 -0.263461 -0.982544 -2.12141 -0.943475 0.203535 0.0104575 -0.252873
1.20068 -0.239211 -0.266891 -0.147444 -0.292526 0.0351098 1.23217 -0.203947 -0.230984 -0.166123 -0.298936 0.0567251
-14.0468 -10.7109 -7.96647 0.327574 -0.0160754 -1.78435 -14.0529 -10.7503 -8.00167 0.338671 -0.0233114 -1.77315
-1.0717 -0.0230891 0.160877 -0.0695313 -0.0268611 0.874834 -1.04559 -0.0360268 0.234494 -0.11848 -0.0203254 0.878924
-2.73883 -2.30664 -4.02442 0.584435 0.113105 -0.265176 -2.73473 -2.32105 -4.04963 0.609111 0.135808 -0.317196
12.714 8.32269 13.8214 -3.10931 -1.34093 1.49338 12.7444 8.32042 13.801 -3.2193 -1.33032 1.57915
-1.65346 -2.45353 -0.246535 -0.0327531 -0.191921 0.725036 -1.63698 -2.51866 -0.273458 -0.0380993 -0.171277 0.758613
-8.10503 2.93708 -6.89396 1.56385 -3.29376 -3.9484 -8.06902 2.89324 -6.92684 1.5798 -3.26636 -3.96117
8.68867 0.13303 -3.8356 5.17841 -3.05664 3.34297 8.73434 0.199214 -3.9221 5.23726 -3.08387 3.3677
-13.2207 -9.39352 -9.16077 0.58535 2.35432 3.65988 -13.2138 -9.45179 -9.21502 0.580364 2.3502 3.67123
-0.0493955 -1.73536 -1.32256 -0.322262 -0.499575 -0.277589 -0.0375676 -1.77208 -1.34583 -0.289635 -0.505729 -0.277851
-1.36834 -0.380883 -0.246406 -0.338908 -0.229192 0.172771 -1.40061 -0.406295 -0.274819 -0.367637 -0.220485 0.181104
-1.11105 -0.0172345 -0.344709 -0.666225 -0.362734 0.637418 -1.01094 -0.029967 -0.288795 -0.637366 -0.376892 0.634093
16.0042 11.7233 5.86414 3.85052 -4.88458 1.66467 16.0204 11.8668 5.82209 3.95341 -4.97251 1.68099
-2.16623 -2.82673 -2.2771 0.261082 -0.160766 -0.477365 -2.14365 -2.78672 -2.24353 0.262631 -0.15808 -0.484962
-1.97404 -0.146681 -0.882 0.226541 -0.420118 0.525274 -2.00024 -0.165168 -0.911108 0.216577 -0.439577 0.52143
-1.02762 -0.188413 -2.62192 0.069365 0.526861 0.519133 -1.00249 -0.180896 -2.6444 0.0778342 0.535654 0.567881
-0.985721 -0.792566 -0.494987 -0.154796 1.7499 -1.4273 -0.990908 -0.789835 -0.500578 -0.184863 1.76846 -1.41986
-4.14955 -2.09791 -3.09711 0.345776 -0.629452 0.0650264 -4.16073 -2.14566 -3.08728 0.316245 -0.60086 0.065615
-2.25793 -3.33787 -1.49678 -0.938894 -0.291321 0.475506 -2.22758 -3.29526 -1.54166 -0.972077 -0.275631 0.498813
-3.36137 -2.41153 -2.22821 -0.736774 -0.18276 -0.0239378 -3.33329 -2.33883 -2.15312 -0.699996 -0.20771 0.0189135
-0.21256 0.573444 -2.01787 -0.924424 0.871481 -1.44572 -0.190004 0.590792 -1.97059 -0.896422 0.845328 -1.443
-3.96077 -1.5948 -2.50233 -0.31338 0.200708 0.152677 -3.97296 -1.64526 -2.51509 -0.317082 0.21101 0.125884
2.00849 -0.522067 -0.405852 -0.473012 1.19475 -0.821901 1.98463 -0.537973 -0.426035 -0.473858 1.16201 -0.844182
-2.5717 0.0393036 -1.84832 -0.438787 -0.226881 -0.153167 -2.57925 -0.00469312 -1.78624 -0.419846 -0.248779 -0.156838
10.7091 13.3611 -1.75616 0.30248 0.27924 1.1255 10.7565 13.4033 -1.84821 0.277825 0.272213 1.11965
-1.38468 -0.456784 -1.57176 -0.995041 1.29317 -0.750189 -1.37162 -0.429373 -1.54076 -0.986866 1.2696 -0.795035
-1.31725 -2.78442 -1.62593 0.255418 -0.139848 0.0985287 -1.35033 -2.77874 -1.66423 0.270035 -0.125179 0.09646
-0.588611 0.448986 -1.22581 -0.501977 0.275119 -0.796874 -0.612467 0.444795 -1.20971 -0.526298 0.304569 -0.790693
-3.22117 -4.72668 -3.94537 0.672529 -0.0671677 -0.59493 -3.25985 -4.78519 -3.94056 0.692174 -0.0603378 -0.611393
-0.729477 -1.73263 -1.6036 -0.069551 0.0900505 0.239835 -0.699181 -1.69983 -1.56159 -0.101533 0.101856 0.2104
13.78 17.8429 5.8679 -0.876043 -0.917884 1.48617 13.784 17.8308 5.70164 -0.979857 -0.905546 1.50053
2.15623 0.648265 -0.432187 -0.722916 -0.0802674 0.647966 2.22374 0.761487 -0.433776 -0.700532 -0.0523601 0.649536
-3.83731 -4.64434 -5.50107 -0.15656 0.238296 0.109884 -3.85353 -4.68009 -5.48944 -0.129852 0.209561 0.122603
-3.08442 -1.57715 -2.34656 0.176081 0.399439 -0.49036 -3.0326 -1.59258 -2.3582 0.143796 0.411142 -0.544168
-0.168985 -0.488445 -2.09876 -0.540396 -0.104929 -0.0297611 -0.145887 -0.447634 -2.10562 -0.518241 -0.127323 -0.0263764
15.7669 4.33191 14.9363 0.026285 4.55551 3.36525 15.8 4.30547 15.0455 0.0484353 4.61397 3.43462
-4.09308 -1.33411 -1.87078 0.31104 -0.275163 0.0496295 -4.12151 -1.35412 -1.88329 0.320447 -0.254532 0.0840484
2.38427 -1.27711 0.314035 -0.694937 -0.0506105 0.556621 2.45912 -1.24382 0.318413 -0.716097 -0.0900072 0.561665
-1.35284 -0.968135 -1.12321 0.0406318 0.166565 0.08501 -1.40775 -0.997542 -1.20501 -0.0276 0.157732 0.109477
0.141829 -1.44401 -0.48211 0.130736 -0.151465 -0.355378 0.15357 -1.40924 -0.494442 0.144921 -0.143781 -0.362076
-1.96161 0.214552 -0.291317 0.414729 -0.00186338 0.137814 -1.94849 0.26054 -0.285583 0.377051 0.017833 0.116136
2.923 12.9335 15.3963 -3.49527 5.47125 -2.93349 2.96175 12.925 15.5474 -3.59308 5.5741 -2.98315
-1.61014 -1.00882 -2.15011 0.163447 -0.135526 0.224172 -1.60081 -0.9613 -2.14765 0.158918 -0.121222 0.217982
-2.55164 -2.63467 -2.9297 0.190504 -0.602377 -0.260148 -2.61211 -2.63256 -2.97499 0.186618 -0.624577 -0.260285
-3.47508 -0.865606 -1.34289 0.172609 0.00567969 0.248548 -3.44866 -0.812647 -1.3229 0.153623 0.00423938 0.264138
-0.796622 -3.21021 -4.16133 0.827762 -0.0203814 0.208798 -0.718658 -3.17489 -4.06172 0.818211 -0.0361384 0.187896
1.47488 1.04603 1.3129 0.419028 -0.456403 -0.532697 1.47198 1.08474 1.31791 0.369104 -0.446523 -0.519546
-14.9079 -11.6029 -14.5524 2.32836 0.724362 1.34123 -14.9903 -11.6713 -14.6232 2.36457 0.72687 1.36524
-3.85259 -4.0424 -2.47165 0.2261 0.305441 -0.362801 -3.93924 -4.05525 -2.47132 0.237171 0.272293 -0.395928
-2.18808 -1.58314 0.349809 0.0723295 0.545917 0.0879734 -2.1002 -1.58035 0.412647 0.0672391 0.530643 0.111411
0.729383 -0.76548 0.583309 -0.236448 -0.833125 0.324527 0.740659 -0.772179 0.539636 -0.190209 -0.827161 0.311406
-0.822527 -0.0860694 -1.02047 -0.294581 0.409309 0.016649 -0.795786 -0.0725087 -1.01611 -0.324007 0.440904 0.00455703
-1.30386 -2.54584 0.272733 0.175202 0.334773 0.297544 -1.23009 -2.48456 0.342536 0.17093 0.300236 0.289359
-3.93653 -2.30413 -3.41497 0.32986 0.135191 -0.223951 -3.95674 -2.25259 -3.42572 0.364851 0.13142 -0.173159
-2.3898 -1.02329 -1.17458 -0.00202136 -0.468023 0.289795 -2.39074 -1.01297 -1.08785 -0.0517207 -0.480727 0.291801
-2.61201 1.20443 -1.7744 0.0816415 -0.355934 0.227565 -2.62246 1.13319 -1.77538 0.0500759 -0.350112 0.234536
2.60962 -1.27337 0.217554 0.156367 -0.315574 0.397597 2.589 -1.2028 0.278863 0.138473 -0.345878 0.426213
-0.983038 -2.29181 -0.47439 -0.0661417 0.245965 -0.528159 -0.928591 -2.21333 -0.414641 -0.0269144 0.247702 -0.504435
-0.126126 -1.03033 -1.26563 0.0776973 0.176729 -0.0964997 -0.143712 -1.00673 -1.26325 0.104479 0.178458 -0.107683
-3.95965 -3.1448 -4.24743 0.294357 0.474149 -0.155071 -4.00857 -3.2436 -4.25331 0.279292 0.499633 -0.170948
0.822197 -1.09826 0.189493 0.147478 -0.109691 0.289272 0.9103 -1.00181 0.263328 0.10889 -0.0644515 0.277571
-1.20115 -1.02438 -2.30903 0.0466595 -0.433166 0.0978047 -1.23193 -1.01313 -2.27821 0.021438 -0.403141 0.0892315
-2.61966 -0.580965 -0.493465 -0.289374 -0.332746 -0.250181 -2.61426 -0.601856 -0.544787 -0.277165 -0.366012 -0.280758
-0.167508 -0.300376 1.32286 -0.581917 0.130414 -0.908949 -0.12137 -0.353165 1.336 -0.609401 0.093945 -0.902304
-3.28388 -3.40968 -2.22094 -0.16939 -0.208831 0.0326285 -3.33946 -3.41832 -2.32676 -0.166705 -0.200678 0.00183226
-1.61477 -0.976307 -1.68302 0.0044307 -0.112024 0.0893936 -1.59008 -0.982778 -1.64118 -0.013611 -0.0820214 0.0393499
-1.75742 -2.57878 -0.934351 0.403346 -0.129923 -0.375058 -1.71886 -2.59833 -1.00393 0.411546 -0.0781565 -0.359387
0.0146716 -1.47086 0.61258 0.116432 -0.137904 0.742633 0.0554977 -1.35773 0.703184 0.141348 -0.114075 0.755656
-2.28348 -3.94414 -1.95743 -0.237598 -0.183932 1.14433 -2.32716 -3.97747 -2.00168 -0.216797 -0.185232 1.13094
1.3014 -0.249914 -1.41962 0.606974 0.126788 -0.338049 1.31525 -0.231767 -1.40771 0.595094 0.183186 -0.346873
-1.53397 -3.09329 -3.42755 0.0167022 0.469682 -0.413314 -1.55855 -3.21539 -3.43998 0.00736228 0.437475 -0.411973
-1.49848 0.305632 -2.74912 -0.285179 0.652958 -0.368309 -1.54781 0.28374 -2.77497 -0.301065 0.618406 -0.357615
-0.908805 -3.62907 -1.35547 -0.186554 -0.0357137 0.224928 -0.931751 -3.67171 -1.45715 -0.183209 -0.0276555 0.161041
-0.942653 -1.61559 -0.621886 -0.571183 1.33074 -1.44167 -1.0318 -1.67655 -0.684301 -0.578604 1.36091 -1.44977
0.40714 0.216829 -0.0307861 2.07313 -3.1823 -0.984849 0.357962 0.164849 -0.0910789 2.07681 -3.18416 -1.0032
-0.464898 -0.824635 -1.18582 2.13325 -3.18708 -1.26948 -0.526942 -0.858624 -1.19549 2.12958 -3.20245 -1.26851
0.813108 0.0815675 -0.160151 2.22338 -2.81328 -1.47667 0.779253 0.0317596 -0.218208 2.20933 -2.84244 -1.48854
1.24811 1.09039 -0.452469 2.29097 -3.4055 -1.20756 1.22269 1.06233 -0.510187 2.29596 -3.42018 -1.20685
-0.9163 -0.841556 -0.0925292 2.523 -3.18659 -1.20693 -0.943294 -0.902673 -0.134046 2.51357 -3.18329 -1.22448
-1.30738 0.142161 -1.10736 2.43693 -3.73669 -1.5676 -1.33462 0.0889064 -1.14894 2.45054 -3.7252 -1.58493
1.13945 0.6626 0.939157 -1.14728 1.50807 -1.25735 1.07332 0.611132 0.866572 -1.12903 1.54097 -1.25714
-1.41275 -1.55181 -1.73401 -0.664062 1.80256 -1.39306 -1.43149 -1.56566 -1.78043 -0.668065 1.79929 -1.36251
-0.378029 -0.51661 -0.425655 2.42462 -3.13338 -1.6589 -0.39584 -0.575229 -0.497815 2.41342 -3.12552 -1.67161
-0.742149 -1.65577 -1.58508 2.53894 -3.21546 -1.4617 -0.792725 -1.68216 -1.61611 2.52748 -3.18356 -1.4784
0.0125579 1.42003 0.416743 -0.863052 1.47208 -1.44149 0.0430224 1.39139 0.477383 -0.874418 1.44881 -1.43886
-0.767228 0.463854 -0.713949 -0.530802 1.28553 -1.5335 -0.768003 0.420159 -0.716125 -0.543636 1.31063 -1.56782
-0.450715 -3.09989 -0.977129 -0.700068 1.29773 -1.63056 -0.497448 -3.17286 -1.01828 -0.707373 1.29839 -1.60238
-3.30842 -1.51791 -2.92495 -0.625246 1.50481 -1.42022 -3.23711 -1.52057 -2.85336 -0.630936 1.47227 -1.41816
-2.7145 -3.14941 -2.7156 -0.444229 1.16281 -1.61434 -2.74642 -3.19335 -2.72526 -0.451729 1.15403 -1.61665
0.621423 0.939596 1.41366 -0.340047 -0.388435 0.330211 0.619814 0.934639 1.40155 -0.329519 -0.391327 0.351601
2.85345 2.51913 0.836917 0.0813927 -1.44344 -1.66359 2.86062 2.5151 0.774533 0.109389 -1.45125 -1.66311
0.133569 -1.55698 -0.575986 0.809015 1.80909 2.98698 0.0965033 -1.5641 -0.604351 0.790718 1.84738 2.97884
1.46095 1.13656 1.93645 -0.993624 1.65774 -1.43308 1.43307 1.10629 1.92195 -0.990974 1.67698 -1.42286
0.721504 0.680355 0.474795 -0.660826 1.7339 -1.29908 0.676292 0.678712 0.478313 -0.655832 1.74385 -1.29408
-0.492438 0.574609 0.651143 0.50043 -1.26155 -1.71788 -0.540007 0.537482 0.623074 0.510612 -1.27258 -1.71226
-0.835854 -2.27021 -3.61053 0.939944 2.28807 4.02714 -0.864747 -2.26706 -3.62619 0.916057 2.28311 4.02209
-2.49081 -3.18545 -2.4971 0.193569 -1.05687 -1.61138 -2.47644 -3.18931 -2.50191 0.187798 -1.06449 -1.63788
-2.39617 -1.8387 -1.56284 -0.174475 1.68819 -1.82427 -2.45148 -1.89265 -1.56442 -0.169014 1.69147 -1.818
0.0996023 -0.338849 -0.461941 2.52006 -3.18154 -1.30809 0.0265994 -0.376685 -0.502555 2.52712 -3.20843 -1.28276
-0.36027 0.639445 -0.437572 2.5332 -3.2544 -1.83357 -0.358712 0.646803 -0.427826 2.51694 -3.24185 -1.82559
-2.80109 -3.58369 -3.40849 0.0477799 1.97353 3.34519 -2.75923 -3.54412 -3.39448 0.0636294 1.94678 3.30732
1.05164 2.24414 2.57061 0.34516 -0.909341 -1.73068 1.07482 2.29154 2.59396 0.348298 -0.907223 -1.76744
-0.302457 2.08709 0.431423 -0.208306 0.834231 -1.47413 -0.317571 2.0848 0.421867 -0.214757 0.823132 -1.50034
-1.47271 -2.22835 -2.17496 -0.92168 1.48075 -1.87527 -1.48215 -2.27641 -2.17841 -0.901399 1.47759 -1.88088
1.75365 -0.872617 0.898166 0.259004 -1.31299 -1.73807 1.74444 -0.836993 0.914946 0.239937 -1.3129 -1.75659
-0.915321 0.0361279 0.80688 0.451444 1.97411 3.04065 -0.910989 0.00666287 0.802229 0.467141 1.947 3.03859
-2.45428 -2.09738 -2.32013 0.636949 1.77171 3.43228 -2.45768 -2.07484 -2.31709 0.633459 1.78438 3.41381
-0.870314 -3.03172 -1.84701 2.17153 -2.7411 -0.790002 -0.914482 -3.0477 -1.90255 2.16257 -2.72668 -0.7538
-3.39089 -1.93396 -4.62386 -0.791832 1.89066 -0.997292 -3.46741 -1.97671 -4.63949 -0.793815 1.90009 -1.02126
-3.41643 -2.28385 -1.50527 -0.370999 -0.157284 -0.106444 -3.38144 -2.26951 -1.52134 -0.368895 -0.149781 -0.0871327
-2.51118 -1.72865 -3.60645 -0.858545 1.15174 -1.32398 -2.54102 -1.76537 -3.64459 -0.868038 1.14683 -1.29911
0.298637 2.89323 2.61264 0.528864 2.26621 3.22435 0.335741 2.95299 2.66339 0.550815 2.26772 3.22983
-2.21312 -1.94936 -3.03103 -0.772835 1.22311 -1.63482 -2.22726 -1.95173 -2.99674 -0.771837 1.20566 -1.64372
-0.144573 -2.28304 -0.397242 0.460494 1.98774 3.34043 -0.139807 -2.24744 -0.419982 0.490195 1.99553 3.32688
0.867612 0.887322 2.13079 -0.728329 0.350014 -1.11105 0.86747 0.908847 2.12419 -0.726727 0.375066 -1.10279
-0.0632249 -1.77093 -1.67071 -0.880216 1.30142 -1.3947 -0.0750008 -1.88654 -1.71079 -0.884704 1.32612 -1.42225
-1.17773 -0.445745 -1.66218 0.897612 1.83597 2.65966 -1.22791 -0.475256 -1.68495 0.867656 1.85098 2.65292
0.208577 -0.774972 -0.118588 0.0621181 0.0880963 0.081922 0.194262 -0.799706 -0.130396 0.0719532 0.0964266 0.0761613
-0.181258 -1.99045 -0.425265 0.943984 1.43558 2.57467 -0.189962 -2.00355 -0.44743 0.953156 1.45937 2.54454
-2.10109 -1.59187 -4.50272 -0.673758 0.919981 -1.27784 -2.08591 -1.56484 -4.48531 -0.698632 0.911233 -1.27438
0.57256 4.57082 4.21364 0.258991 2.2077 2.86757 0.658385 4.60968 4.27493 0.285881 2.18914 2.85426
0.296617 -0.320035 0.0288183 -0.558164 0.938097 -1.82243 0.252988 -0.279529 0.0551388 -0.570915 0.942203 -1.81474
-1.19938 -2.74046 -2.41998 0.633717 1.89305 3.32644 -1.21867 -2.74079 -2.36491 0.624528 1.88936 3.31871
-1.23454 -3.13085 -0.512559 -0.839489 1.16369 -1.23306 -1.25046 -3.13829 -0.509221 -0.789421 1.16454 -1.2336
0.00400531 1.44117 0.841924 -0.593482 1.27953 -1.47149 0.0175534 1.39631 0.832241 -0.607893 1.33866 -1.47872
-0.186354 2.56705 -1.12894 0.983859 -0.329965 -0.983646 -0.225391 2.62146 -1.15012 0.948753 -0.344769 -0.985
-2.37709 -3.25328 -0.588991 1.01224 1.15135 3.17433 -2.38951 -3.23808 -0.633609 1.00573 1.19699 3.18152
1.78841 2.31106 0.306992 -0.719581 1.36959 -0.730456 1.82074 2.31196 0.331381 -0.726414 1.34068 -0.752455
0.4933 1.15534 0.962312 -0.364546 0.29948 -0.63748 0.496715 1.12357 0.948855 -0.391492 0.294367 -0.607343
-4.4968 -2.54342 -3.43173 0.755714 1.42532 2.31827 -4.52092 -2.55606 -3.492 0.746425 1.39025 2.28816
-1.94153 -1.78253 -1.48291 1.03401 1.06096 2.71605 -1.9777 -1.7984 -1.49259 1.0379 1.07666 2.71169
3.80637 -2.63932 -1.00266 -2.23046 1.46092 -2.40744 3.78938 -2.61096 -1.016 -2.25609 1.42502 -2.40003
-2.50006 -0.36974 3.25128 2.99302 0.781298 0.0456117 -2.5008 -0.373527 3.27601 3.02929 0.769445 0.0365542
-0.833699 -1.23861 -1.27652 -0.505841 1.10159 -0.30056 -0.878065 -1.27653 -1.23959 -0.501348 1.09131 -0.325942
-1.50851 -2.59742 -2.39064 -0.820001 1.22659 -1.12574 -1.60807 -2.64309 -2.46892 -0.817236 1.23237 -1.15742
0.0240303 0.733784 -0.277173 0.669345 1.97102 3.67716 0.0789688 0.77485 -0.199845 0.697841 1.96292 3.66608
-0.254588 -1.01569 -0.823991 0.596206 1.73034 2.70564 -0.273105 -1.00571 -0.872853 0.587541 1.72642 2.718
2.06922 1.13263 2.49968 -0.389019 0.938579 -1.18515 2.05932 1.13891 2.47131 -0.439651 0.938336 -1.20954
-1.0856 -0.943162 -2.00681 -0.90802 0.945435 -1.21044 -1.0906 -0.941213 -2.03189 -0.903465 0.933349 -1.24586
-1.31053 -1.21076 -3.68612 0.774172 0.869009 2.67466 -1.28463 -1.20127 -3.66315 0.749883 0.875988 2.63187
0.292145 0.337357 -0.271089 -0.560982 0.681225 -1.35142 0.312287 0.358482 -0.267609 -0.560407 0.661708 -1.33493
1.36949 7.04692 4.09782 1.56573 3.73134 0.503226 1.4208 7.08786 4.11339 1.60342 3.76722 0.485995
0.690472 0.104334 0.505823 1.62765 1.58907 2.62548 0.686717 0.129177 0.538621 1.61966 1.59337 2.64494
-1.51826 -0.871736 -1.35941 -0.959664 1.30515 -0.734276 -1.53983 -0.858041 -1.30002 -0.962487 1.29703 -0.729506
1.45871 -0.139942 1.03261 -0.0465096 1.52538 3.7776 1.44824 -0.157414 1.05209 -0.00379117 1.51718 3.78836
-0.163751 0.951705 0.696962 0.67948 1.63845 2.72806 -0.130097 0.982278 0.757907 0.675017 1.64502 2.71647
1.99925 2.4413 1.78409 1.1657 0.927053 2.73696 2.00791 2.47329 1.68431 1.12305 0.93606 2.70047
0.902534 -1.22996 -4.22759 0.794355 4.39409 -1.60577 0.936768 -1.21589 -4.26261 0.782246 4.40114 -1.61019
0.420925 -0.253546 0.059632 0.816458 0.793415 2.60942 0.440911 -0.284981 0.0729791 0.788635 0.83808 2.62105
1.55868 3.2388 0.168698 -0.337532 0.725321 -0.331269 1.52906 3.22244 0.140569 -0.309287 0.763956 -0.312087
-0.0509077 -0.179606 -0.60336 0.971053 1.43173 3.43136 -0.0282952 -0.175941 -0.626513 0.994356 1.48213 3.44127
-1.73671 -3.22392 -0.867857 0.470903 1.55151 2.69106 -1.7128 -3.22232 -0.873471 0.425528 1.54419 2.68888
7.39178 6.4183 7.20715 4.47029 -0.759922 -2.54738 7.34095 6.43254 7.17483 4.55693 -0.783393 -2.54266
-4.97241 -2.66172 1.11788 2.54149 -1.26371 0.452854 -5.01002 -2.66837 1.14343 2.58163 -1.25016 0.459026
1.47673 3.03714 11.6983 -2.28431 4.79113 1.0257 1.44835 2.99851 11.7577 -2.31878 4.83523 0.988484
-2.18519 -1.52077 -2.31412 -0.569774 1.55771 -0.708619 -2.18337 -1.51057 -2.29318 -0.559225 1.56627 -0.733464
-3.20573 -2.52408 -3.83971 -0.265138 1.49888 3.07993 -3.21456 -2.58806 -3.85575 -0.262723 1.49063 3.09031
-8.10566 -5.52959 -4.84618 2.5393 -1.5833 -2.88925 -8.10577 -5.52401 -4.85912 2.60057 -1.56052 -2.86357
-3.15104 -3.02425 -3.42105 -0.199357 1.37839 -1.436 -3.20571 -3.05442 -3.37377 -0.200028 1.37689 -1.43745
0.566032 0.906871 -1.73659 0.289451 0.119439 0.240116 0.558905 0.948044 -1.7146 0.282523 0.135293 0.225315
-6.3003 -3.4476 -2.97081 0.0983464 -0.502211 -0.368905 -6.28987 -3.52402 -3.01155 0.0990646 -0.491106 -0.351187
0.53869 -1.72975 0.535663 0.157529 0.998663 -1.65914 0.586649 -1.70168 0.543665 0.166588 0.992884 -1.64409
4.42809 -2.5407 -1.96862 -0.46204 3.74241 -3.32974 4.4167 -2.54775 -2.01648 -0.469302 3.73052 -3.33311
5.20187 9.36904 10.2999 -1.30267 -3.52615 -0.268458 5.19375 9.38722 10.2979 -1.39333 -3.56928 -0.306797
0.59515 1.99423 2.13744 -0.0232991 -0.384126 0.0275322 0.700894 2.03446 2.22542 0.00862924 -0.394182 0.0161655
-5.04449 -10.6382 -9.63439 -1.70746 -0.266491 -2.36016 -5.06238 -10.6238 -9.65854 -1.74263 -0.27793 -2.35936
-0.660935 8.57121 -2.32909 -1.33148 -4.27919 1.8269 -0.672079 8.49705 -2.40449 -1.34412 -4.2665 1.84019
-2.40067 -2.69225 -2.35339 -0.829234 1.5935 -1.11387 -2.42928 -2.66166 -2.35726 -0.816011 1.5765 -1.11582
-1.50969 -1.66727 -2.20854 0.336375 -0.727627 0.318053 -1.54899 -1.70233 -2.23123 0.36945 -0.71788 0.332695
-11.3577 2.22349 -7.77605 -2.53609 4.11217 3.26951 -11.3343 2.16019 -7.7949 -2.60569 4.10731 3.31545
0.134218 -0.434384 -1.42007 -0.406625 0.158767 0.277697 0.127836 -0.436266 -1.4412 -0.409658 0.155171 0.282987
-1.82331 -1.21205 -0.319623 -0.419589 -0.222502 0.0770817 -1.78618 -1.20871 -0.250697 -0.441059 -0.18888 0.0509546
-0.510499 -0.42298 -0.819844 -0.0208215 1.28609 -1.21524 -0.513926 -0.382371 -0.815065 0.00572783 1.26868 -1.22576
-0.867876 0.236948 -1.48552 -1.12662 1.2384 -1.37392 -0.87861 0.277762 -1.46929 -1.09021 1.25116 -1.41688
-0.872852 -1.61347 -0.707545 -0.0942328 -0.296427 0.265124 -0.886972 -1.59425 -0.641565 -0.0807897 -0.291287 0.296717
-0.607079 -4.79907 -9.54052 -2.58381 -3.84933 3.0755 -0.57951 -4.7572 -9.53803 -2.62857 -3.84838 3.04877
2.42877 8.13108 -2.49132 -3.65269 2.97446 -4.0565 2.47701 8.16688 -2.51735 -3.6814 2.95328 -4.05558
-0.0916547 -0.701919 -0.264127 -0.412612 -0.343394 -0.121291 -0.0942241 -0.646205 -0.236746 -0.455597 -0.360663 -0.120293
-8.80676 -3.38706 -6.26731 -0.85275 3.88028 -2.22035 -8.83188 -3.48497 -6.2922 -0.879036 3.87088 -2.24268
1.46209 3.36742 2.59474 -0.0706962 1.52611 -1.42061 1.50295 3.38707 2.59219 -0.0788813 1.55573 -1.45529
0.289571 0.75115 -0.513398 -0.133897 0.961314 -1.58968 0.279561 0.73943 -0.544756 -0.144036 0.939227 -1.55512
-2.15086 9.14666 6.12812 1.67149 -5.3535 1.38447 -2.08683 9.15457 6.17525 1.68103 -5.4095 1.39545
1.87305 1.92846 0.443956 -0.884849 0.0307983 -1.2006 1.96386 1.91839 0.49657 -0.879059 0.0208168 -1.17361
-0.630874 -1.28584 -1.52182 0.791284 -0.0716197 -0.254327 -0.598526 -1.24299 -1.53094 0.751217 -0.0884812 -0.231363
-2.49796 -1.00822 -3.56563 -0.726459 1.36574 -1.49162 -2.49574 -0.9878 -3.53228 -0.702003 1.38906 -1.46298
-0.879504 1.55317 -0.193772 0.457961 -0.489369 0.0564817 -0.90803 1.585 -0.140757 0.430588 -0.450108 0.0586662
-11.4498 -11.2943 -13.4755 -2.35051 0.510927 2.40132 -11.5559 -11.349 -13.5278 -2.37582 0.534115 2.41567
1.39465 1.89873 2.95799 0.4838 -0.247914 0.085809 1.40212 1.91807 2.98932 0.476672 -0.200188 0.105057
-3.34506 -2.0623 -2.35435 -0.956044 1.26646 -0.852887 -3.3332 -2.06943 -2.36137 -0.950035 1.22474 -0.87377
-2.38406 -2.9626 -2.67444 0.111632 -0.0890788 -0.244978 -2.34119 -2.95522 -2.67064 0.157303 -0.045003 -0.245413
-1.84878 -1.77687 -4.42019 -0.823371 0.413927 -1.29404 -1.81091 -1.74808 -4.41324 -0.79239 0.40169 -1.28859
0.999857 1.93134 1.19502 0.213363 -0.0947402 -0.544526 1.04346 1.96557 1.23889 0.192971 -0.0587918 -0.522771
-3.34108 -2.13551 -0.303669 0.0821029 -0.319703 0.025015 -3.29883 -2.12445 -0.301968 0.0827232 -0.313349 0.0251182
-1.22257 -1.0275 -0.539045 0.163128 0.486406 0.00622793 -1.22926 -1.04536 -0.595654 0.209889 0.49322 -0.0102896
-0.316272 -0.953118 -1.83034 -0.609489 -0.34702 0.107814 -0.356685 -0.944134 -1.82995 -0.604392 -0.349856 0.121081
-0.467853 1.38709 -0.357476 -0.191786 1.12005 -0.929852 -0.428661 1.38168 -0.381005 -0.203044 1.10103 -0.917569
-0.177252 0.344876 -0.962852 0.122002 0.319665 0.243924 -0.180227 0.294097 -0.909192 0.136562 0.323637 0.240626
-0.47334 1.25051 0.998629 -0.060359 -0.148686 -0.932656 -0.423924 1.2202 1.00465 -0.0707902 -0.156046 -0.944809
-5.04183 -5.40265 -5.37017 -0.360713 -0.0502596 -0.456951 -5.03663 -5.40324 -5.34306 -0.337476 -0.0467025 -0.445888
-0.1746 -1.71411 -3.20026 0.500217 0.186386 -0.0226457 -0.180072 -1.69508 -3.16643 0.498555 0.193423 -0.00743009
-2.77415 -1.87757 0.344244 0.274087 -0.730725 0.586926 -2.68717 -1.78781 0.407816 0.285813 -0.77114 0.577074
-2.83505 -2.09111 -1.45614 -0.337428 0.167851 -0.37857 -2.83172 -2.04615 -1.41958 -0.35103 0.134379 -0.373035
-13.9715 -13.6252 -11.6303 0.691476 -0.373978 -0.613444 -14.0326 -13.7187 -11.6967 0.7178 -0.387759 -0.624678
12.1972 7.82396 15.9087 -2.3786 3.19644 0.757619 12.1922 7.86066 16.037 -2.4256 3.28737 0.777783
1.02749 0.479685 0.752833 -0.403881 -0.810642 0.87072 1.11705 0.520155 0.763832 -0.384187 -0.818781 0.856831
1.27996 0.556751 1.70512 0.688186 -0.0705003 -0.0626796 1.32803 0.578282 1.8037 0.690965 -0.056228 -0.0501832
0.656013 2.45401 2.07704 0.298546 0.301657 -0.0183701 0.729332 2.47919 2.04218 0.267075 0.307256 -0.00490492
-0.68352 -1.61242 -1.51444 0.16306 0.0277194 0.382923 -0.682721 -1.54919 -1.47516 0.132089 0.0429154 0.40351
-3.3257 -1.55838 -1.2507 -0.109865 0.367315 -0.745279 -3.31981 -1.57979 -1.21559 -0.0754984 0.339491 -0.7363
-0.474595 1.87237 1.53618 -0.323859 0.447117 0.431293 -0.424004 1.89547 1.51809 -0.267448 0.444828 0.423442
-2.83879 -2.46567 -1.91577 0.0798264 -0.375489 -0.226684 -2.83252 -2.47749 -1.86016 0.0749148 -0.383566 -0.214253
-2.66347 -2.45649 -1.62955 -0.800601 1.40988 -0.753806 -2.65083 -2.42454 -1.60522 -0.828614 1.42293 -0.768812
-2.63106 -3.47541 -0.490633 -0.202661 -0.235969 -0.554299 -2.62464 -3.49147 -0.478963 -0.18657 -0.222912 -0.560401
-2.98867 -1.57735 -3.09889 -0.592821 -0.0158597 0.0264047 -2.92769 -1.61672 -3.14052 -0.592687 -0.0151224 0.0389459
-0.445188 -0.971952 -2.45028 -0.221242 0.0745402 -0.0875641 -0.407731 -0.967255 -2.44406 -0.227788 0.060827 -0.0782108
-3.84322 -3.40668 -3.01489 0.331694 -0.415929 -0.340022 -3.81444 -3.42202 -2.96874 0.364151 -0.45686 -0.356438
-2.16731 -2.48006 -1.38259 -0.120503 0.284832 0.238489 -2.17595 -2.58969 -1.37609 -0.132065 0.268781 0.210987
-1.05193 -1.48569 -2.76209 -0.158557 0.086532 0.32447 -1.07078 -1.54393 -2.80154 -0.143158 0.0660186 0.288956
-0.16117 -0.273125 -1.06626 -0.354594 0.338315 0.808352 -0.13498 -0.268047 -1.07732 -0.366527 0.385748 0.817046
-2.80577 -1.91189 -2.78113 -0.464201 1.25342 -1.1734 -2.87569 -1.92066 -2.83937 -0.44262 1.21501 -1.18383
-2.60777 -2.19654 -2.10812 0.901314 -0.607111 -0.106887 -2.58231 -2.18897 -2.10518 0.893382 -0.627592 -0.115456
-10.6655 -14.1356 -11.2451 2.55832 2.86219 0.820459 -10.7711 -14.1906 -11.3395 2.61028 2.87403 0.778623
-3.7835 -2.09355 -1.99788 -0.305732 -0.275027 -0.547844 -3.7294 -2.06435 -1.97345 -0.328977 -0.283176 -0.529588
-0.24978 -2.20738 -1.92768 -1.00576 0.027775 -0.337805 -0.27153 -2.21688 -2.00795 -1.05975 0.0346263 -0.350825
-2.46528 -0.159158 -2.74727 0.792734 -0.306522 0.324594 -2.47517 -0.108701 -2.75169 0.799979 -0.276773 0.309245
-0.187598 0.508244 -1.61371 -0.275294 -0.31657 -0.140953 -0.208542 0.535216 -1.58894 -0.261481 -0.335543 -0.129277
-0.161454 0.574666 -0.91451 -0.481346 0.124662 -0.19241 -0.132661 0.638366 -0.864952 -0.484467 0.105862 -0.22161
-14.7296 -11.8645 -8.3824 -3.29778 2.58648 1.96702 -14.8142 -11.9764 -8.44577 -3.36452 2.60926 1.99371
-0.769043 -0.445064 0.0569376 -0.18042 0.0856696 0.425666 -0.776301 -0.48747 0.0230485 -0.141772 0.0798794 0.43025
1.6463 3.2778 3.06583 0.278468 0.224481 -0.441592 1.67709 3.29208 3.05762 0.286951 0.257621 -0.447268
0.682925 0.153808 0.958988 -0.230491 -0.125448 -0.576333 0.692854 0.131839 0.945083 -0.225373 -0.146059 -0.520116
0.660403 -0.789789 -0.999925 0.21201 0.561283 0.621155 0.658638 -0.798016 -1.02738 0.206786 0.563306 0.650367
0.0849202 -0.602145 -1.29503 0.648539 -0.310048 -0.506652 0.173622 -0.583664 -1.24589 0.660966 -0.329039 -0.479475
-13.4498 -11.8605 -13.7138 -3.29821 0.911519 1.78467 -13.5255 -11.9572 -13.7533 -3.33273 0.922565 1.80704
-2.94163 -3.23517 -4.03549 0.0689427 0.473424 0.0297018 -3.00071 -3.34399 -4.09705 0.037975 0.459428 0.0543771
-13.4775 -14.5931 -12.4534 0.689076 -0.768726 -2.06492 -13.5515 -14.6372 -12.5146 0.683091 -0.775507 -2.09592
-1.22036 -1.09661 0.36402 0.131169 0.101408 0.359124 -1.1979 -1.12991 0.373642 0.157753 0.102472 0.389279
-12.7364 -9.29283 -7.90016 3.50705 -1.74775 2.31633 -12.7293 -9.37739 -7.91817 3.60238 -1.7441 2.32196
-1.38027 -3.33842 -3.85914 0.391654 -0.305364 0.254632 -1.37255 -3.40102 -3.86483 0.423327 -0.272169 0.217422
-1.22075 -0.0764914 0.373376 0.402273 -0.345057 0.380777 -1.20319 -0.00412643 0.462094 0.415849 -0.314708 0.371678
-1.49526 -1.52628 -1.59337 -0.85684 0.0604213 0.189712 -1.5307 -1.54548 -1.59023 -0.863939 0.0866223 0.235771
-1.3336 -1.23882 0.8747 0.0880704 -0.360019 0.509288 -1.39655 -1.23811 0.810228 0.115801 -0.350772 0.52704
-3.3351 -2.8843 -3.23891 0.306756 -0.843687 -0.384659 -3.36212 -2.85782 -3.26562 0.27802 -0.870039 -0.401138
11.2388 17.0611 18.8359 3.40717 3.17147 -0.76074 11.2796 17.0819 18.9246 3.54821 3.22389 -0.730634
-4.52235 -1.79559 -4.37559 0.0688632 0.27792 0.211752 -4.50625 -1.806 -4.43398 0.0373696 0.284327 0.19557
-2.76808 -0.76807 -1.43976 0.562252 -0.046108 0.181041 -2.75762 -0.788524 -1.41505 0.555952 -0.0967094 0.221263
-2.94986 -2.85356 -0.201217 -0.492557 0.458947 0.264154 -2.98528 -2.8533 -0.193819 -0.494847 0.459823 0.249466
-2.552 -0.75461 -1.52388 0.0443906 0.846466 -0.559174 -2.5157 -0.775125 -1.55221 0.0220326 0.866262 -0.562717
-2.08153 -0.726041 -0.0572946 -0.514706 0.105274 0.776776 -2.07618 -0.761043 -0.0709178 -0.525833 0.160525 0.768303
-1.57562 -2.0838 -2.91226 0.150013 -0.0402878 0.0921077 -1.59557 -2.05221 -2.83757 0.140367 -0.0165113 0.0648005
-13.4812 -11.3184 -13.7618 -1.4666 -1.45015 -2.70431 -13.5371 -11.3797 -13.7883 -1.49153 -1.46758 -2.73233
-3.27103 -2.60741 -1.86927 0.463295 -0.559326 0.605425 -3.25967 -2.60663 -1.81018 0.423019 -0.565385 0.64808
-2.74074 -3.0567 -1.62118 -0.11988 -0.278428 0.0593388 -2.76283 -3.13718 -1.58855 -0.127624 -0.269638 0.0621012
-0.751923 -0.555579 -0.976136 0.390692 0.0293783 -0.0266656 -0.749707 -0.561902 -0.990738 0.389346 -0.00315123 0.0184162
-4.45731 -1.95243 -1.18704 -0.362248 0.54251 -0.418351 -4.49455 -2.01562 -1.27873 -0.356882 0.53405 -0.424823
-3.76606 -3.97552 -1.31333 0.567578 -0.125791 -0.989695 -3.71832 -4.0289 -1.29084 0.540712 -0.145009 -0.991832
2.42344 -0.116028 -2.27208 0.0725089 0.0225596 -0.572712 2.41781 -0.0742508 -2.22786 0.0728197 0.0257625 -0.615063
2.05756 -0.0468888 0.3885 -0.433004 -0.281199 -0.293615 2.04117 -0.135403 0.330344 -0.409871 -0.320932 -0.293487
-1.5922 -1.81874 -1.83539 0.176798 0.501126 -0.0976927 -1.59341 -1.8149 -1.81277 0.193367 0.4751 -0.0833907
-2.47393 -3.08521 -4.18816 -0.32375 -0.157366 -0.497402 -2.49101 -3.15139 -4.20136 -0.339283 -0.156061 -0.507491
-3.54792 -1.57981 -2.50823 0.175527 -0.176556 -0.463876 -3.5796 -1.48726 -2.47261 0.231761 -0.191838 -0.454126
-0.932398 -3.32921 -1.85519 -0.984936 0.0528204 0.177214 -0.936304 -3.31027 -1.87239 -0.979302 0.0967795 0.167251
-0.825567 -1.12189 -0.143439 0.382368 0.428571 0.129059 -0.865453 -1.14384 -0.155762 0.363668 0.425085 0.127011
-2.75872 -3.29768 -4.27929 0.0944555 0.506481 0.103874 -2.86241 -3.34591 -4.35059 0.119983 0.493096 0.116048
-0.105516 -1.26562 -0.629879 -0.533996 1.29368 -1.62362 -0.169113 -1.3173 -0.713756 -0.551156 1.30371 -1.63722
1.28159 1.10038 0.959998 2.1993 -3.30986 -1.25247 1.21562 1.03663 0.892753 2.21065 -3.32427 -1.25713
-0.602432 0.0306517 -0.115351 2.23209 -3.15947 -1.55018 -0.664073 -0.0536677 -0.190102 2.23501 -3.16389 -1.54474
-0.84622 -0.929705 -1.19067 -0.875546 1.53331 -1.49388 -0.914782 -0.974768 -1.26469 -0.889023 1.54168 -1.49233
-0.0128583 -0.20729 0.141087 -0.578772 1.50285 -1.61358 -0.0760046 -0.271241 0.058962 -0.581283 1.48658 -1.6224
-1.64345 -0.899526 -1.55128 -0.485351 1.20416 -1.46825 -1.62682 -0.910526 -1.54096 -0.496339 1.20651 -1.4579
-2.88532 -2.73026 -2.42554 -0.424933 1.58119 -1.48147 -2.86152 -2.76623 -2.38903 -0.431884 1.60724 -1.47349
1.24985 1.11678 0.888431 2.18313 -3.09253 -1.36367 1.21244 1.10475 0.854728 2.19346 -3.10126 -1.3899
0.813008 0.0264468 -0.1047 1.94021 -3.41719 -1.14581 0.820251 -0.00150776 -0.135605 1.95128 -3.43746 -1.15061
-0.827028 -0.345173 -2.21311 -0.457285 1.17513 -1.61322 -0.857295 -0.34308 -2.21882 -0.466474 1.19748 -1.61676
2.13177 2.30515 2.31059 -0.508093 1.3041 -1.51282 2.09703 2.22985 2.30488 -0.520795 1.3117 -1.49708
-0.401692 -0.274541 -0.491703 2.40144 -3.4193 -1.18623 -0.412446 -0.299965 -0.494956 2.38877 -3.42224 -1.20779
-0.818587 -0.498892 -1.03918 -0.396359 1.12313 -1.27534 -0.83417 -0.567425 -1.02127 -0.408932 1.1244 -1.27686
0.586962 1.18081 -0.263839 0.456722 -0.602991 -1.97247 0.541545 1.11592 -0.329195 0.440834 -0.604576 -1.9725
-3.89095 -4.8868 -3.83258 -0.551124 1.26782 -1.34056 -3.87493 -4.93854 -3.81142 -0.556652 1.25947 -1.30999
0.865598 1.29699 -0.622192 -0.468094 1.05764 -1.44949 0.879175 1.29618 -0.632433 -0.495099 1.06316 -1.45981
-0.114268 -0.110459 -0.18171 0.262899 -0.728746 -1.8983 -0.14114 -0.150156 -0.217755 0.259489 -0.745321 -1.89334
-0.285686 1.52487 0.693953 2.1451 -3.1376 -1.97275 -0.297971 1.47891 0.661388 2.12668 -3.13804 -1.95547
-5.21332 -4.59063 -5.18352 -0.358158 1.36253 -1.44793 -5.15661 -4.59009 -5.12626 -0.36186 1.33765 -1.43358
4.39624 4.63359 3.45471 0.891762 2.61164 3.3898 4.39047 4.58866 3.39871 0.908571 2.62699 3.40548
-1.44367 -1.49951 -1.8081 0.676122 -0.788763 -1.56447 -1.41419 -1.48681 -1.83304 0.678076 -0.804156 -1.56556
3.02534 2.43306 3.01899 0.617989 1.60209 2.73432 3.03068 2.43797 2.95919 0.64148 1.61136 2.72774
-0.169154 -1.16233 -1.22489 0.314539 0.0114343 0.0328531 -0.158127 -1.17607 -1.2741 0.306804 0.0175987 0.0281823
-0.987341 -1.43563 -0.118138 -1.122 0.54101 -1.38382 -1.03846 -1.44313 -0.170101 -1.13281 0.583028 -1.36888
-1.2842 -2.93141 -1.31862 0.667519 2.24782 2.56193 -1.25067 -2.92807 -1.31083 0.641325 2.26464 2.57129
-1.0121 -1.48064 -1.51538 0.12328 -0.61941 -1.47298 -1.04225 -1.53952 -1.52028 0.127324 -0.607401 -1.4806
0.597535 0.401479 0.871501 0.575695 1.56834 2.76351 0.569575 0.406803 0.829329 0.594531 1.58488 2.75432
-0.0737418 -0.678727 -0.695363 -0.681581 1.64419 -1.69701 -0.124303 -0.751803 -0.705422 -0.656445 1.63401 -1.69191
2.13203 0.846652 2.35675 0.68486 -0.656742 -1.49992 2.11644 0.824651 2.35814 0.693004 -0.636512 -1.51043
-2.09216 -2.78134 -1.62784 0.108142 1.42177 -1.30157 -2.0829 -2.80179 -1.59972 0.0950956 1.42909 -1.27999
-0.552346 -1.41559 -0.400792 0.740509 1.47825 3.19111 -0.553932 -1.40742 -0.425059 0.732766 1.5081 3.17248
0.766331 1.20112 0.860187 0.519186 1.92549 3.19638 0.772552 1.18362 0.860332 0.50329 1.96087 3.18443
-0.532118 -0.923652 -0.638711 1.03662 1.76738 2.91158 -0.548397 -0.896681 -0.653955 1.0191 1.77198 2.88573
-1.50046 -1.47207 -1.91481 2.5001 -3.15747 -1.50476 -1.47779 -1.43144 -1.86853 2.48129 -3.14441 -1.51057
-1.64602 -1.32701 -2.0019 0.380573 1.11873 3.35366 -1.6151 -1.31088 -2.0262 0.368384 1.13728 3.37107
-0.9327 -2.97809 -1.22564 -0.441429 1.60941 -0.906666 -0.990521 -3.0472 -1.22708 -0.441174 1.60686 -0.899325
-1.23025 -0.739718 -1.71391 -0.466945 1.21811 -1.53912 -1.21411 -0.732444 -1.68748 -0.492423 1.21162 -1.55285
2.22526 3.5039 3.82847 0.537202 1.93013 3.2307 2.30845 3.56537 3.87019 0.565916 1.94151 3.22053
-0.389831 -0.161017 -0.303983 0.424526 -0.774017 -1.54802 -0.46424 -0.189548 -0.342939 0.418226 -0.77272 -1.57187
-1.7858 -3.01328 -2.03699 0.0739262 1.08866 -1.25672 -1.84117 -3.00543 -2.08233 0.0938402 1.0877 -1.21289
-1.53463 -1.60535 -1.08703 0.610495 1.22624 3.37534 -1.591 -1.6422 -1.11166 0.612514 1.26475 3.36156
-3.47444 -3.32342 -3.57455 0.475121 -0.604197 -1.31191 -3.50023 -3.41092 -3.58882 0.47623 -0.610892 -1.32849
-9.2897 -6.60625 -6.72533 0.749797 1.73261 2.9763 -9.27551 -6.64477 -6.77679 0.742532 1.70929 2.97931
-1.52428 -3.32341 -1.73932 0.989356 1.73235 3.16127 -1.49492 -3.32949 -1.73196 0.984341 1.76506 3.182
-1.46506 -1.2822 -0.8316 -0.173794 1.13371 -1.59108 -1.44837 -1.26785 -0.807591 -0.178673 1.14307 -1.60265
-0.460243 -5.54935 -1.51349 -2.36491 0.486475 -2.72666 -0.496485 -5.54328 -1.53593 -2.39595 0.458599 -2.71825
-2.02605 -2.36552 -0.0933121 0.966519 -1.40512 -1.79432 -2.00784 -2.34413 -0.0948802 0.999316 -1.38617 -1.78925
6.98524 2.46324 4.9099 2.23516 1.58772 -3.05606 6.94316 2.4419 4.87398 2.25707 1.59672 -3.09594
2.43577 2.19244 2.39541 0.411171 -0.4309 -1.35981 2.4915 2.21477 2.4626 0.430734 -0.42715 -1.38262
1.27586 0.00896927 -0.272691 0.529218 1.83094 3.14748 1.23971 -0.0134317 -0.298858 0.529726 1.81628 3.15827
0.404454 -0.376904 -1.04283 0.731439 1.83044 3.6207 0.43672 -0.387273 -1.07199 0.704451 1.86357 3.60039
-0.0582307 0.982578 1.19881 -0.0408261 -0.838994 -1.54147 0.0493458 1.01765 1.27069 -0.0323766 -0.81243 -1.55126
-0.558701 -0.774284 -1.04841 0.905784 1.60392 2.88356 -0.501186 -0.747145 -1.0031 0.904007 1.58454 2.92559
-0.456008 0.47459 0.371024 0.0731483 2.00296 2.74196 -0.395096 0.54385 0.345192 0.0903907 1.99101 2.734
0.190163 -2.36744 -0.27002 -0.331233 1.75025 -0.73532 0.212594 -2.31899 -0.28924 -0.303009 1.74934 -0.762828
-0.333315 0.177409 1.63911 0.538856 1.60639 2.96053 -0.324073 0.187118 1.65325 0.52913 1.63565 3.00806
-3.78742 -2.15246 -4.09762 0.970986 2.1854 3.2425 -3.84054 -2.18474 -4.10959 0.973429 2.17841 3.23636
-4.44874 -0.536092 3.95125 3.26903 -0.399688 1.30212 -4.4483 -0.589273 3.9461 3.32255 -0.418781 1.28714
-0.0922951 1.44573 0.358564 0.268966 1.40785 2.65742 -0.10193 1.41119 0.428447 0.296208 1.41344 2.66159
0.158699 3.59001 -2.10127 -1.836 -2.597 -4.24066 0.171717 3.61873 -2.15433 -1.84372 -2.59664 -4.27544
-2.05648 -2.47618 -2.09342 0.545771 1.85554 3.39319 -2.07649 -2.49796 -2.0895 0.515304 1.90696 3.41324
2.2818 3.03025 1.7003 0.557995 1.15721 2.7526 2.26261 3.05568 1.68649 0.546871 1.18065 2.75527
-2.14083 -1.66809 -1.80465 0.569017 1.76655 3.45606 -2.1075 -1.64653 -1.8008 0.567125 1.74063 3.40687
0.00441593 1.62999 -5.54968 0.219151 -2.53838 0.344098 0.0218662 1.673 -5.56832 0.21996 -2.55491 0.367078
0.155588 0.350317 -1.34672 0.394566 2.03356 2.63649 0.181018 0.3937 -1.33994 0.430908 2.02913 2.61872
-1.86675 -1.3237 -0.579054 0.617606 2.02718 2.99035 -1.91901 -1.31291 -0.605512 0.596452 2.06403 2.95384
-1.24022 -1.16284 0.841203 0.216668 1.25627 -1.01646 -1.22769 -1.20769 0.842029 0.177667 1.23168 -1.02187
-1.20679 0.167183 0.0301016 -0.293588 -0.768006 -1.59184 -1.10092 0.224789 0.0612572 -0.306308 -0.749595 -1.56995
-0.919573 1.11368 -2.44916 0.31147 1.30722 2.53708 -0.86736 1.16183 -2.42821 0.348784 1.26871 2.53938
0.478667 0.383354 0.0821866 0.334651 -0.00821085 -0.0719969 0.504472 0.382779 0.0590134 0.307414 -0.0164112 -0.0755528
-1.06958 -2.0123 -2.33492 -0.523209 1.15767 -0.842648 -1.03166 -1.97579 -2.24844 -0.488996 1.16072 -0.854039
-0.267777 6.54118 4.3452 1.75882 -1.62557 -2.37266 -0.25969 6.46387 4.29767 1.78372 -1.67362 -2.40863
1.48291 -0.0519229 -1.34133 -0.803142 0.208139 -1.10451 1.44677 -0.113795 -1.35815 -0.82278 0.261674 -1.08956
2.67276 -8.51178 -2.0556 1.27698 -1.14768 -1.8176 2.64303 -8.43947 -2.0415 1.27807 -1.16921 -1.7982
-5.73044 -3.47533 -4.05261 0.613779 1.26268 2.38914 -5.76076 -3.51699 -4.13729 0.615116 1.23345 2.37809
7.38543 -4.75235 -0.0438948 -3.98425 2.19651 0.962425 7.35776 -4.75496 -0.064034 -4.04296 2.19822 0.946622
-0.808123 -2.68264 -1.54288 0.469952 1.68568 3.20469 -0.784203 -2.63658 -1.50986 0.441609 1.6593 3.20448
-2.59288 -1.45003 -0.696288 0.516724 1.6883 2.45698 -2.61323 -1.44025 -0.715226 0.511966 1.68188 2.4701
-7.1075 -0.187056 -5.10423 3.49795 -0.182749 -2.2033 -7.11104 -0.209454 -5.15505 3.54604 -0.151468 -2.19767
-7.92414 -1.84193 -7.54414 -1.3504 -1.48485 -1.75794 -7.88348 -1.89538 -7.57003 -1.38107 -1.45661 -1.73274
-7.20557 4.7406 -6.9891 -1.01952 -4.33031 -0.649896 -7.15406 4.71832 -6.99706 -1.04193 -4.33614 -0.673995
0.20921 0.852764 -5.56143 2.01854 -1.68709 -4.93496 0.263557 0.874381 -5.5948 2.02995 -1.6642 -4.94649
2.43705 2.96012 2.19091 2.73159 -3.76733 -1.6054 2.35536 2.91784 2.12555 2.73705 -3.81397 -1.60729
-6.78028 -8.66363 -11.3311 2.94282 1.40718 -0.379441 -6.81732 -8.63599 -11.3346 2.95556 1.3873 -0.374708
4.28122 -2.5562 6.82015 1.04402 -0.31947 4.44693 4.28345 -2.52014 6.84447 1.06658 -0.302229 4.43616
5.29986 7.07058 8.17696 1.66332 3.3243 0.511243 5.26417 7.08004 8.15431 1.70785 3.35976 0.512005
-1.56369 -0.944116 -2.61327 0.128452 1.26315 2.69864 -1.5185 -0.942069 -2.63546 0.129803 1.2714 2.67436
-10.767 -5.1685 -2.35191 -1.57852 -2.85931 -0.346547 -10.7406 -5.20915 -2.35882 -1.619 -2.82913 -0.371159
-5.12161 -7.97947 -2.64159 -0.833137 0.099462 4.48969 -5.17344 -7.97345 -2.67718 -0.838184 0.0837933 4.4906
2.64153 1.23405 -7.46062 -2.44523 -1.99383 -2.11379 2.63354 1.24826 -7.45689 -2.48854 -1.99908 -2.12377
-0.491301 1.14631 0.465433 0.105663 1.59665 -1.13587 -0.499696 1.10013 0.479255 0.121279 1.56926 -1.1832
1.05578 1.2034 0.0508304 -0.870191 1.09256 -0.551974 1.08456 1.23326 0.0513959 -0.858822 1.09456 -0.545606
-1.77015 -2.08914 -1.97811 -0.427677 0.985274 -1.03416 -1.73156 -2.0931 -1.99106 -0.395529 1.00502 -1.03298
10.664 10.2343 12.6903 1.97866 -3.4544 2.16434 10.6351 10.1755 12.6614 2.01552 -3.47052 2.18625
-3.83083 -2.2842 -3.66859 -0.284893 1.63003 -1.22439 -3.88226 -2.27747 -3.71534 -0.288254 1.61694 -1.24154
-1.08649 -1.70276 -3.23144 -1.28744 1.19049 -1.03283 -1.11217 -1.66502 -3.24285 -1.31195 1.21359 -1.0404
-1.4442 -2.15909 -8.56329 -4.4021 -3.39854 -0.918481 -1.36014 -2.12451 -8.56005 -4.44357 -3.3893 -0.945037
1.25292 -0.303793 -5.38525 -1.69909 -3.99589 -3.18095 1.25015 -0.314037 -5.472 -1.72092 -4.00687 -3.18909
-0.923451 -2.92478 -0.368493 0.20978 0.038084 0.00343033 -0.892461 -2.91905 -0.335278 0.202612 0.0317799 0.00553726
-3.94528 -2.38036 -2.94624 -0.753983 0.796369 -1.21233 -3.95624 -2.37595 -2.93347 -0.764691 0.829482 -1.2202
-0.738001 -0.726121 0.949462 -0.501677 0.747341 -1.23552 -0.789936 -0.726504 0.900374 -0.503502 0.766115 -1.21922
-1.10999 -2.82931 -2.88125 -0.856551 1.20915 -1.27728 -1.1148 -2.85211 -2.87337 -0.821239 1.227 -1.2886
-3.65089 -2.23569 -2.45013 -0.652466 1.67103 -1.37466 -3.59188 -2.21825 -2.44183 -0.647916 1.69113 -1.37165
0.0100184 1.05187 1.49943 0.419663 1.53968 -0.892766 0.0845553 1.01654 1.49758 0.410983 1.50889 -0.898395
-12.6577 -3.94516 -10.4522 0.790629 2.6659 0.681864 -12.6218 -3.97238 -10.4722 0.791122 2.67801 0.668077
-0.505948 -0.320202 -1.25791 -0.273208 1.50496 -1.77362 -0.431526 -0.272017 -1.22251 -0.2787 1.47167 -1.76546
3.35419 5.9672 8.31103 -2.66839 -2.27952 3.46562 3.35688 5.90507 8.28272 -2.71501 -2.25274 3.43798
-2.36781 -4.37259 -3.00916 -0.470362 -0.37507 -0.239767 -2.33256 -4.41174 -2.98467 -0.535411 -0.395755 -0.222571
-4.43021 -4.49213 -1.67506 -0.871857 0.942101 -0.86841 -4.44359 -4.47245 -1.66531 -0.874806 0.936119 -0.912472
-4.05516 -3.5707 -2.89613 -0.0643065 0.0793127 0.488084 -4.06589 -3.5512 -2.9178 -0.0212256 0.0668005 0.472968
-1.90336 -1.96471 -2.72552 -0.14192 0.0915714 -0.0845781 -1.84748 -1.95096 -2.71731 -0.1103 0.0647187 -0.0740387
-2.21239 -0.78889 -0.874131 -0.120762 0.708432 -1.16723 -2.12356 -0.777519 -0.914063 -0.110128 0.719227 -1.17328
-3.04892 -1.58514 -1.88969 -0.799286 1.45174 -0.747316 -2.9752 -1.56442 -1.91438 -0.788023 1.42785 -0.78509
-1.75589 -1.25902 -1.11963 0.0466828 1.07256 -1.19736 -1.69002 -1.20523 -1.07816 0.0724589 1.12254 -1.20115
6.34316 2.73699 -5.69656 1.43915 3.55096 0.745387 6.40604 2.75737 -5.71046 1.42757 3.54865 0.766158
-1.58691 -1.31337 -2.51994 -0.244767 -0.295803 -0.324299 -1.65087 -1.33597 -2.54971 -0.244257 -0.320668 -0.33174
-7.76737 -1.03368 5.67661 3.00975 1.29406 4.32516 -7.75859 -1.0991 5.7365 3.08275 1.2612 4.324
-1.31552 -0.613806 0.00117134 0.473977 -0.17085 0.146194 -1.24758 -0.562299 0.0489422 0.466685 -0.148947 0.142564
0.579487 -7.19474 -0.707144 -3.67517 -4.15331 3.30889 0.54163 -7.13512 -0.728556 -3.74647 -4.16384 3.31744
-0.583975 0.412163 1.57394 0.808983 -0.196964 -0.329999 -0.585992 0.405655 1.58363 0.746651 -0.220551 -0.343418
-0.251655 1.3349 0.77905 0.680603 -0.852286 0.899014 -0.22346 1.3296 0.757187 0.68374 -0.843873 0.895471
1.57301 2.45772 0.246948 -0.425571 -0.0361757 -0.346101 1.5535 2.39826 0.230397 -0.438308 -0.0332387 -0.351743
10.5313 2.91564 0.208668 -3.30276 -4.27823 4.87074 10.5769 2.95284 0.141126 -3.37436 -4.28056 4.8733
-1.65734 -2.8749 -3.07964 -0.0644573 0.306366 -0.691337 -1.64173 -2.92524 -3.0586 -0.0795516 0.311168 -0.724587
-2.46975 -2.54868 -3.87296 -0.453401 0.104244 0.337098 -2.45061 -2.52276 -3.8794 -0.415678 0.100668 0.288619
-1.41268 0.152915 -2.1829 -0.0211707 0.0742895 0.135311 -1.3955 0.167827 -2.10886 0.00927274 0.0800547 0.0938813
-0.57642 0.886166 -0.911866 -0.49607 1.02987 -0.990997 -0.608534 0.798887 -0.989916 -0.518291 1.05048 -1.03557
3.43147 -0.0983589 1.825 0.575066 -0.204119 -0.755083 3.47136 -0.0526629 1.81072 0.595635 -0.230137 -0.768438
0.234318 -1.78544 -0.297847 -0.251084 -0.086286 -0.419172 0.24315 -1.828 -0.296141 -0.258735 -0.107303 -0.439398
1.16682 1.40434 1.18664 -0.248858 0.880611 -0.570471 1.17962 1.36676 1.19617 -0.234404 0.892924 -0.581201
-0.408402 1.78753 0.784835 -0.614809 -0.0337325 -0.122336 -0.368486 1.71978 0.797252 -0.567335 -0.0388372 -0.112696
-1.7376 -1.87079 -1.60807 -0.28583 0.0634676 -0.161213 -1.80321 -1.91014 -1.61527 -0.294964 0.0550759 -0.145053
0.528318 -0.392664 1.05014 -0.0300419 -0.0784135 0.0863516 0.49256 -0.443491 1.07085 -0.0556214 -0.0839016 0.10902
-4.51899 -1.65616 -1.23197 0.364024 0.236008 0.312918 -4.52991 -1.65032 -1.2161 0.350814 0.181367 0.309844
3.01519 14.9248 10.0472 3.3986 -0.0718396 3.41784 3.07164 14.9161 10.1675 3.47472 -0.100812 3.49182
-0.520627 -1.32916 -1.13797 0.174447 0.241674 0.655922 -0.457717 -1.33652 -1.1047 0.183084 0.255904 0.657131
0.0736263 -0.536078 0.552358 -0.956071 -0.282917 0.0976627 0.0600714 -0.582343 0.499162 -0.937139 -0.288682 0.0985469
-6.532 -10.7925 0.83023 2.83605 3.35357 1.1626 -6.60738 -10.8154 0.804663 2.86327 3.33468 1.17554
-2.12622 -2.54372 -1.07996 -0.0152412 -0.371983 -0.623517 -2.13933 -2.49752 -1.13649 -0.00917839 -0.393152 -0.547124
-1.91148 -2.61631 -0.368839 -0.26371 0.489889 -0.127509 -1.93289 -2.56089 -0.394157 -0.275864 0.495494 -0.139439
0.31758 -1.16182 -1.23634 -0.128866 -0.405259 0.714894 0.429795 -1.04144 -1.19578 -0.124933 -0.416882 0.713015
-0.883462 -1.13192 -0.999302 -0.282007 0.236909 -0.103887 -0.854996 -1.13019 -0.948712 -0.285092 0.234011 -0.0871896
0.059107 0.841933 -0.170013 -0.174556 -0.553291 0.236553 0.074158 0.899537 -0.167416 -0.204145 -0.555928 0.257125
-3.15546 -0.495376 -1.84299 0.194926 -0.467373 -0.328364 -3.12664 -0.530424 -1.7634 0.206322 -0.454634 -0.323306
1.82878 0.554254 0.700854 -1.02933 1.4443 -1.37082 1.80741 0.560282 0.758492 -0.998642 1.45099 -1.39412
1.80705 -2.4713 -0.0281484 0.257117 0.39929 -0.307333 1.80067 -2.40832 -0.0424316 0.223573 0.442961 -0.309568
2.44858 0.733983 1.2912 -0.350427 0.282656 -0.138783 2.51486 0.770752 1.29859 -0.360763 0.275002 -0.0862487
-1.0159 -4.3367 -3.57913 -0.440598 0.395644 -0.111931 -1.05139 -4.37439 -3.58599 -0.472409 0.394145 -0.139204
-0.025876 -0.454117 -0.573471 -0.356243 -0.407525 0.326506 -0.0156272 -0.422625 -0.531918 -0.366901 -0.439056 0.33546
-1.5394 -3.09058 -2.11509 -0.452149 0.567324 -0.0316155 -1.65523 -3.19678 -2.16571 -0.455194 0.57439 -0.00844891
-1.51203 1.0152 -1.04635 0.0356897 -0.778493 -0.0454077 -1.53624 1.02484 -1.04304 0.0417266 -0.771506 -0.0341685
-4.64395 -3.97794 -2.67248 0.302851 -0.960853 -0.155725 -4.60059 -3.91392 -2.63923 0.280243 -0.951392 -0.151465
-3.12837 -2.08861 -1.80739 0.246425 -0.358257 -0.0691823 -3.19296 -2.12271 -1.83426 0.232579 -0.353199 -0.0983761
0.170301 -2.55307 -2.42736 -0.0318999 -0.763187 0.227005 0.160921 -2.61985 -2.40332 -0.0826183 -0.737161 0.225994
-13.8151 -13.2717 -11.9187 -2.05106 3.57234 2.41406 -13.8795 -13.2924 -11.9359 -2.10701 3.57896 2.4579
-1.96472 1.08018 0.0833851 0.502526 0.17266 0.192306 -1.93514 1.18004 0.0976116 0.492413 0.141344 0.155066
0.179395 -0.063466 1.11735 -0.76653 0.015673 -0.205743 0.142961 0.00751033 1.11902 -0.785427 0.0426509 -0.240745
-2.73127 -3.79398 -3.75203 -0.313336 -0.430355 -0.555323 -2.70979 -3.80376 -3.80374 -0.336731 -0.449882 -0.535999
-1.65792 -2.59518 -0.629157 0.290453 0.00260902 -0.100797 -1.61587 -2.58758 -0.62568 0.28003 0.00285774 -0.113069
0.196367 2.88153 1.55117 -0.344808 0.328113 0.406059 0.195317 2.93749 1.43738 -0.358806 0.353508 0.415978
-1.33276 -2.86829 -0.869751 0.782677 -0.388814 -0.19706 -1.20858 -2.8101 -0.821679 0.858397 -0.394607 -0.184211
-0.0667603 -1.80648 -2.0687 -0.801095 -0.228081 0.375308 -0.0655727 -1.83761 -2.08246 -0.810971 -0.191784 0.360303
-0.426255 -1.77887 -2.10568 0.463913 -0.398858 -0.482448 -0.40626 -1.78223 -2.09457 0.420754 -0.390426 -0.454508
-4.0098 -3.4137 -0.985583 0.486196 -0.05035 0.402166 -3.98434 -3.41132 -1.00258 0.481535 -0.0785898 0.463049
-1.72138 -2.36937 -3.71507 0.336167 -0.159562 0.108128 -1.68864 -2.43759 -3.63989 0.348548 -0.173481 0.0612078
0.876847 0.0586305 -0.211836 0.00179199 -0.617528 0.0850053 0.843731 0.00705938 -0.208978 0.00981738 -0.65307 0.0630527
0.445387 0.772278 2.29168 -0.701169 0.474483 -0.035122 0.462143 0.79227 2.28931 -0.705541 0.483546 -0.0314928
-1.39222 -0.989661 -1.70428 0.196021 -0.695707 -0.309729 -1.42618 -0.902909 -1.73469 0.178024 -0.653078 -0.259804
-2.98833 -4.2511 -3.61688 0.3358 0.505383 0.0836529 -3.1014 -4.32359 -3.68979 0.34656 0.494434 0.0719769
-1.90651 -2.48232 -2.09918 0.358219 0.502884 -0.848217 -1.96373 -2.52831 -2.12512 0.345408 0.496112 -0.860877
-1.94879 -0.805083 -2.34147 -0.0297501 -0.0791936 0.667493 -2.00541 -0.81373 -2.42008 0.00598868 -0.0663289 0.672548
-1.43938 -0.932329 -0.131338 -0.524801 0.13832 0.0317804 -1.50274 -0.921905 -0.122695 -0.478222 0.16384 0.0631475
0.215691 1.95586 0.560297 0.476111 -0.249019 -0.150521 0.243807 2.0157 0.697275 0.493161 -0.164851 -0.149738
-3.49619 -1.45846 -2.44151 0.0450265 0.0405212 0.302907 -3.49954 -1.4832 -2.47572 0.0307044 0.0628517 0.334893
-13.4313 -13.5715 -13.8279 2.09627 0.542041 -1.97251 -13.5832 -13.6912 -13.9403 2.16466 0.549223 -2.00523
0.281848 -0.315349 -2.96397 0.0170278 -0.0879402 0.145604 0.319447 -0.31483 -2.96314 -0.00259793 -0.0925097 0.172696
-4.66451 -4.52517 -4.00438 0.225557 0.029067 0.0944403 -4.74116 -4.61969 -4.01625 0.225751 0.0478532 0.11846
-14.6754 -12.7325 -8.52234 2.54539 2.93603 1.69747 -14.7579 -12.823 -8.58403 2.61409 2.92457 1.68105
-0.288499 -1.07939 -0.514409 0.226418 -0.164368 0.276335 -0.240714 -1.01416 -0.521915 0.254346 -0.158094 0.23665
-0.755872 -0.703312 0.109277 0.589342 -0.617713 -0.894592 -0.830586 -0.767352 0.130136 0.572918 -0.644364 -0.86516
-0.703345 -1.57536 -3.01782 -0.413698 0.663596 0.321777 -0.753743 -1.55284 -3.00883 -0.411427 0.662606 0.321117
0.391369 -1.85763 -1.68301 -0.60506 0.374663 -0.528543 0.326762 -1.90098 -1.72042 -0.620538 0.390615 -0.514648
-0.958348 -1.90149 -0.0861723 -0.321161 0.078009 -0.534696 -0.965158 -1.90024 -0.0749278 -0.301465 0.144473 -0.588453
0.823175 0.303428 -1.2008 -0.0526568 0.0466824 0.364991 0.776209 0.220462 -1.19401 -0.0715699 0.0581399 0.361845
0.0133618 0.929944 -0.30134 -0.332405 -0.0716458 0.460285 0.0473029 0.94475 -0.320572 -0.32784 -0.0513323 0.420522
0.596312 0.449366 -0.681014 -0.0242131 -0.60586 0.223005 0.592494 0.453536 -0.654636 -0.00103066 -0.642061 0.211827
-1.31538 -0.118332 -0.366129 -0.867397 0.700683 -0.643079 -1.30755 -0.0922907 -0.341704 -0.867086 0.687505 -0.675031
-3.53205 -3.78034 -3.31054 -0.148025 -0.198976 0.388475 -3.62865 -3.81925 -3.30946 -0.163488 -0.17852 0.416376
0.22494 -2.70813 -0.185068 -0.592239 0.47095 -0.362941 0.236388 -2.73039 -0.222676 -0.557531 0.447268 -0.374045
-1.77567 1.52105 -1.4867 -0.452434 0.574499 0.278135 -1.87055 1.55867 -1.51343 -0.479738 0.594811 0.30616
-14.0773 -14.8983 -14.8519 1.72487 -2.94054 3.3248 -14.1701 -14.9675 -14.9412 1.76836 -2.96193 3.33666
