-7.44337 -7.44339
-7.43802 -7.43806
-7.43583 -7.43565
-7.4269 -7.42692
-7.42446 -7.42441
-7.42108 -7.42121
-7.41668 -7.41677
-7.41166 -7.4115
-7.4096 -7.40967
-7.40459 -7.40428
-7.40295 -7.40277
-7.40228 -7.40226
-7.39918 -7.3992
-7.39814 -7.39789
-7.39355 -7.39345
-7.39184 -7.39174
-7.38687 -7.38713
-7.38555 -7.38514
-7.38458 -7.38431
-7.38205 -7.38242
-7.38113 -7.38101
-7.38066 -7.38077
-7.3806 -7.38044
-7.37921 -7.37918
-7.37746 -7.37748
-7.37357 -7.3735
-7.37306 -7.37308
-7.37189 -7.37189
-7.37157 -7.3714
-7.36936 -7.36921
-7.3678 -7.36808
-7.36625 -7.36642
-7.36321 -7.36351
-7.36249 -7.3627
-7.36079 -7.36081
-7.35869 -7.35892
-7.35839 -7.35849
-7.35774 -7.35746
-7.35594 -7.35595
-7.35496 -7.35475
-7.3542 -7.35408
-7.35333 -7.35316
-7.3525 -7.35257
-7.35159 -7.3515
-7.34926 -7.34965
-7.34924 -7.34906
-7.34817 -7.34797
-7.34762 -7.34748
-7.34578 -7.34574
-7.34475 -7.34494
-7.34449 -7.34434
-7.34357 -7.34346
-7.34357 -7.34304
-7.3427 -7.34278
-7.34202 -7.34247
-7.34244 -7.34233
-7.34222 -7.34227
-7.3414 -7.34113
-7.34038 -7.34051
-7.33839 -7.33861
-7.33855 -7.33843
-7.33804 -7.33821
-7.33777 -7.33791
-7.33698 -7.3369
-7.33677 -7.33675
-7.3363 -7.33638
-7.33613 -7.33612
-7.33555 -7.33568
-7.3339 -7.33394
-7.33334 -7.33326
-7.33248 -7.33278
-7.33274 -7.33263
-7.33206 -7.33186
-7.33082 -7.33112
-7.33006 -7.33027
-7.32989 -7.33008
-7.32932 -7.32955
-7.32895 -7.32908
-7.32919 -7.32886
-7.3284 -7.3284
-7.32824 -7.32813
-7.3279 -7.32777
-7.32681 -7.32693
-7.32598 -7.32607
-7.32572 -7.32571
-7.3254 -7.32532
-7.32412 -7.32411
-7.32289 -7.32325
-7.32166 -7.32178
-7.3216 -7.32159
-7.32085 -7.32078
-7.31965 -7.31971
-7.3192 -7.31941
-7.31915 -7.31918
-7.31875 -7.319
-7.31816 -7.31848
-7.3172 -7.31745
-7.31521 -7.31528
-7.31436 -7.31455
-7.31309 -7.31333
-7.30969 -7.30992
-7.30855 -7.30876
-7.30768 -7.30793
-7.30618 -7.30627
-7.30389 -7.3042
-7.30101 -7.30125
-7.29747 -7.29754
-7.29482 -7.29465
-7.29281 -7.29271
-7.29143 -7.29132
-7.28956 -7.28988
-7.28389 -7.28397
-7.28214 -7.2823
-7.4393 -7.4393
-7.438 -7.43806
-7.43046 -7.43034
-7.42496 -7.42491
-7.42137 -7.42146
-7.41681 -7.41685
-7.41401 -7.41383
-7.41127 -7.41117
-7.40571 -7.40592
-7.40373 -7.40383
-7.40255 -7.40239
-7.40164 -7.40139
-7.39871 -7.39889
-7.39402 -7.39412
-7.39349 -7.39306
-7.39044 -7.39056
-7.38629 -7.38589
-7.38447 -7.38479
-7.38315 -7.38277
-7.38125 -7.38155
-7.381 -7.38096
-7.38058 -7.38055
-7.38019 -7.38003
-7.37822 -7.37818
-7.37422 -7.37402
-7.37309 -7.37324
-7.37268 -7.37288
-7.37144 -7.37163
-7.37064 -7.37072
-7.36847 -7.36853
-7.36647 -7.36648
-7.36452 -7.36442
-7.36273 -7.36277
-7.36263 -7.36269
-7.35985 -7.35936
-7.3584 -7.35856
-7.35819 -7.35815
-7.35676 -7.35666
-7.35454 -7.35491
-7.35407 -7.35415
-7.35398 -7.35389
-7.35276 -7.3527
-7.35255 -7.3525
-7.34995 -7.35008
-7.34931 -7.3493
-7.34826 -7.3482
-7.34802 -7.34768
-7.34666 -7.34632
-7.34581 -7.34562
-7.34501 -7.34493
-7.34318 -7.34347
-7.34326 -7.34324
-7.34258 -7.34279
-7.34247 -7.34271
-7.34242 -7.34242
-7.34221 -7.3423
-7.34215 -7.34217
-7.3407 -7.34063
-7.33994 -7.33987
-7.33812 -7.33846
-7.33813 -7.33836
-7.33812 -7.33813
-7.33802 -7.33782
-7.33694 -7.3369
-7.33647 -7.33641
-7.33677 -7.33631
-7.33609 -7.33585
-7.33508 -7.33496
-7.33346 -7.33344
-7.33287 -7.33316
-7.33257 -7.33274
-7.33189 -7.33208
-7.33184 -7.3318
-7.33026 -7.33031
-7.33022 -7.33016
-7.32943 -7.3298
-7.32927 -7.32925
-7.32937 -7.32902
-7.32854 -7.32874
-7.32783 -7.32813
-7.32776 -7.32804
-7.32749 -7.3277
-7.32662 -7.3266
-7.32586 -7.32586
-7.32528 -7.32536
-7.32456 -7.32452
-7.32313 -7.32326
-7.32297 -7.323
-7.32182 -7.32169
-7.32095 -7.32092
-7.32031 -7.3202
-7.31944 -7.31948
-7.31918 -7.31927
-7.31911 -7.31902
-7.31877 -7.31871
-7.31768 -7.31762
-7.31552 -7.31556
-7.31462 -7.31489
-7.31406 -7.31409
-7.31301 -7.31301
-7.30933 -7.30947
-7.30845 -7.30839
-7.30657 -7.30655
-7.30635 -7.30613
-7.30229 -7.30241
-7.29748 -7.29773
-7.29546 -7.29497
-7.29457 -7.29461
-7.29187 -7.29198
-7.29045 -7.29031
-7.28649 -7.2865
-7.28262 -7.28243
-7.26353 -7.26357
