0.63007 0.318191 0.458989 -0.632528 1.48453 -1.5181 0.624232 0.280386 0.425253 -0.632123 1.48027 -1.52786
-0.153859 -1.29861 -0.720778 -0.542615 1.29094 -1.61795 -0.169113 -1.3173 -0.713756 -0.551156 1.30371 -1.63722
1.24617 1.07033 0.930624 2.2026 -3.31851 -1.25463 1.21562 1.03663 0.892753 2.21065 -3.32427 -1.25713
2.19203 1.98905 2.21905 -0.701715 1.40756 -1.48062 2.19747 1.95566 2.19022 -0.712909 1.38585 -1.48986
-2.73735 -1.51858 -0.969289 -0.919644 1.1375 -1.25491 -2.74214 -1.5241 -0.985515 -0.938821 1.16266 -1.2589
-0.0462504 -0.218105 0.0779708 -0.586401 1.49069 -1.61514 -0.0760046 -0.271241 0.058962 -0.581283 1.48658 -1.6224
-1.66688 -0.875024 -1.56389 -0.487489 1.218 -1.44092 -1.62682 -0.910526 -1.54096 -0.496339 1.20651 -1.4579
-2.88225 -2.74402 -2.41195 -0.418641 1.58682 -1.45556 -2.86152 -2.76623 -2.38903 -0.431884 1.60724 -1.47349
-0.301687 0.94124 1.7735 2.09331 -3.01762 -1.27871 -0.323312 0.958364 1.76135 2.07536 -3.03077 -1.25899
0.844368 0.755004 -0.107789 -0.531746 0.942156 -1.60074 0.849784 0.750263 -0.119375 -0.547428 0.942973 -1.60971
2.34309 1.48358 2.38751 -0.366839 1.12362 -1.44203 2.34857 1.48688 2.39336 -0.348099 1.13331 -1.46873
1.57361 -0.630512 1.41305 -0.660716 1.24963 -1.82907 1.59179 -0.655873 1.40648 -0.678394 1.26936 -1.83803
-0.369589 -0.32283 -0.474877 2.39917 -3.41451 -1.21632 -0.412446 -0.299965 -0.494956 2.38877 -3.42224 -1.20779
-0.759703 0.440339 -0.70904 -0.51469 1.29715 -1.53658 -0.768003 0.420159 -0.716125 -0.543636 1.31063 -1.56782
0.5618 1.12873 -0.310976 0.464539 -0.582309 -1.95158 0.541545 1.11592 -0.329195 0.440834 -0.604576 -1.9725
-3.88553 -4.91787 -3.82135 -0.53405 1.2595 -1.30927 -3.87493 -4.93854 -3.81142 -0.556652 1.25947 -1.30999
-0.129595 -0.156354 -0.195705 0.24999 -0.73995 -1.903 -0.14114 -0.150156 -0.217755 0.259489 -0.745321 -1.89334
2.84501 2.53464 0.792295 0.0898764 -1.41914 -1.64492 2.86062 2.5151 0.774533 0.109389 -1.45125 -1.66311
-1.73829 -2.71736 -3.38494 -0.00204271 -0.575609 -1.31469 -1.74386 -2.73834 -3.37339 0.0244998 -0.546058 -1.32031
-0.816346 0.181506 -0.500167 2.12976 -2.76862 -1.47529 -0.836345 0.17136 -0.486657 2.08403 -2.75193 -1.44843
-1.43591 -1.50437 -1.81615 0.650424 -0.790587 -1.53088 -1.41419 -1.48681 -1.83304 0.678076 -0.804156 -1.56556
-0.506631 0.581944 0.623005 0.518571 -1.26289 -1.70586 -0.540007 0.537482 0.623074 0.510612 -1.27258 -1.71226
-2.57178 -1.77557 -1.84764 0.949444 1.67991 3.2143 -2.56127 -1.78719 -1.85206 0.943147 1.69442 3.21228
-0.353151 -1.63649 -1.24639 1.00611 -1.37472 -1.77229 -0.358806 -1.65929 -1.20417 1.00388 -1.40488 -1.80075
-1.27306 -1.62264 -1.28245 0.183861 -0.65651 -1.68938 -1.29144 -1.64519 -1.31816 0.18401 -0.645321 -1.71518
0.044855 -0.385925 -0.485709 2.53034 -3.17805 -1.27934 0.0265994 -0.376685 -0.502555 2.52712 -3.20843 -1.28276
0.32198 1.95999 1.1955 0.757885 1.7356 3.25193 0.312148 1.92812 1.17591 0.74934 1.75675 3.24688
0.602629 0.444181 0.837479 0.598398 1.55759 2.77745 0.569575 0.406803 0.829329 0.594531 1.58488 2.75432
2.89298 3.28475 4.11395 -0.435928 1.57176 -1.94186 2.83673 3.16167 4.02792 -0.453147 1.58006 -1.9573
2.1298 0.803866 2.36485 0.680613 -0.662554 -1.48946 2.11644 0.824651 2.35814 0.693004 -0.636512 -1.51043
0.175984 -2.83535 -0.167532 0.573167 -0.859819 -2.16465 0.18519 -2.85881 -0.140835 0.542611 -0.864388 -2.15068
1.70831 -0.830489 0.87963 0.242616 -1.28556 -1.71971 1.74444 -0.836993 0.914946 0.239937 -1.3129 -1.75659
-0.534037 -0.892434 -0.65316 1.06259 1.75549 2.86309 -0.548397 -0.896681 -0.653955 1.0191 1.77198 2.88573
-0.255574 0.300635 0.0770179 0.487883 1.47476 3.14736 -0.257779 0.279542 0.0584937 0.49761 1.47206 3.17122
-0.179755 3.654 3.94319 0.782423 1.93756 3.26814 -0.134694 3.6243 3.93231 0.777862 1.9646 3.2688
2.30036 3.58216 3.91327 0.559311 1.89433 3.23686 2.30845 3.56537 3.87019 0.565916 1.94151 3.22053
-0.441188 -0.182218 -0.35472 0.405575 -0.762309 -1.54124 -0.46424 -0.189548 -0.342939 0.418226 -0.77272 -1.57187
-3.55873 -5.18593 -3.68105 1.78925 -2.65136 -0.970871 -3.54101 -5.18213 -3.72534 1.79674 -2.60737 -0.959731
-1.57136 -1.68462 -1.11722 0.623886 1.27409 3.3536 -1.591 -1.6422 -1.11166 0.612514 1.26475 3.36156
-0.0136117 -0.410669 -0.711869 0.83196 2.27893 2.8612 -0.0538241 -0.381337 -0.683769 0.867776 2.26723 2.90733
-1.7678 -1.52719 -0.808346 1.15977 1.64079 3.30793 -1.78056 -1.495 -0.783612 1.14196 1.65779 3.30853
-3.67328 -2.18791 -2.69921 0.987726 1.577 2.74492 -3.66345 -2.14854 -2.65399 0.971251 1.58686 2.72596
-0.51047 -5.49998 -1.53236 -2.40217 0.475746 -2.70999 -0.496485 -5.54328 -1.53593 -2.39595 0.458599 -2.71825
-2.0398 -2.33397 -0.103923 0.990409 -1.36813 -1.8249 -2.00784 -2.34413 -0.0948802 0.999316 -1.38617 -1.78925
7.01791 2.48975 4.91478 2.27919 1.60535 -3.07799 6.94316 2.4419 4.87398 2.25707 1.59672 -3.09594
2.48219 2.18636 2.43016 0.418832 -0.447626 -1.3719 2.4915 2.21477 2.4626 0.430734 -0.42715 -1.38262
-1.22767 -2.82399 -2.48099 0.619826 1.88264 3.31467 -1.21867 -2.74079 -2.36491 0.624528 1.88936 3.31871
-1.23078 -0.486953 -0.0250586 0.178413 1.7476 2.97599 -1.19576 -0.407283 0.0447154 0.206122 1.75373 2.99258
-0.233337 2.59955 -1.1382 0.963775 -0.314633 -1.00321 -0.225391 2.62146 -1.15012 0.948753 -0.344769 -0.985
-0.454543 0.45162 0.352129 0.115338 1.98934 2.72847 -0.395096 0.54385 0.345192 0.0903907 1.99101 2.734
-1.51555 -1.69978 -2.186 0.769298 -0.673417 -1.25886 -1.46718 -1.6763 -2.14794 0.781548 -0.619961 -1.26231
-4.55621 -2.59017 -3.51376 0.756925 1.38395 2.31018 -4.52092 -2.55606 -3.492 0.746425 1.39025 2.28816
2.53147 0.941704 2.92102 0.559626 -0.895487 -2.21742 2.47066 0.922793 2.86494 0.575234 -0.89451 -2.2459
-4.45557 -0.551323 3.99158 3.34169 -0.407423 1.28437 -4.4483 -0.589273 3.9461 3.32255 -0.418781 1.28714
3.83316 -2.6145 -1.00862 -2.27772 1.45652 -2.40226 3.78938 -2.61096 -1.016 -2.25609 1.42502 -2.40003
-2.43757 -0.360282 3.27834 3.02924 0.783157 0.0326776 -2.5008 -0.373527 3.27601 3.02929 0.769445 0.0365542
2.55105 -1.52533 -2.6764 -4.06252 -3.69018 -2.37902 2.53517 -1.55028 -2.73451 -4.09435 -3.7068 -2.39879
-1.20755 -1.82075 -4.33737 0.453778 1.37783 2.7446 -1.1806 -1.78454 -4.31767 0.41386 1.40162 2.75455
0.0838433 0.779187 -0.222948 0.741463 1.96511 3.63991 0.0789688 0.77485 -0.199845 0.697841 1.96292 3.66608
-0.340651 -1.01505 -0.924492 0.588059 1.71641 2.70066 -0.273105 -1.00571 -0.872853 0.587541 1.72642 2.718
-0.51709 -0.889173 0.005679 0.385564 1.7229 2.59646 -0.487417 -0.87468 -0.00598094 0.38545 1.71194 2.63844
-4.83408 -6.19169 -3.2355 -2.97109 0.196848 2.7104 -4.87643 -6.22614 -3.23173 -2.97342 0.189469 2.71202
-0.0865192 1.3756 0.969224 0.153964 1.75927 2.99685 -0.109447 1.39958 1.0134 0.161861 1.76949 3.01347
-1.16393 0.151246 0.0294558 -0.278084 -0.75056 -1.56463 -1.10092 0.224789 0.0612572 -0.306308 -0.749595 -1.56995
1.41207 7.07819 4.07697 1.61135 3.6998 0.493897 1.4208 7.08786 4.11339 1.60342 3.76722 0.485995
6.34673 -5.79987 -0.949535 0.134132 2.54886 -1.8097 6.27935 -5.8079 -1.0168 0.158248 2.54841 -1.85354
-4.92493 -3.37849 -2.4359 0.178607 3.89975 -2.86219 -4.88088 -3.34408 -2.38812 0.171357 3.92005 -2.88513
-0.262028 6.54324 4.32681 1.76921 -1.62402 -2.41139 -0.25969 6.46387 4.29767 1.78372 -1.67362 -2.40863
2.64346 -8.46483 -2.02726 1.26867 -1.15198 -1.79909 2.64303 -8.43947 -2.0415 1.27807 -1.16921 -1.7982
-5.81104 -3.54086 -4.10468 0.62246 1.22916 2.37033 -5.76076 -3.51699 -4.13729 0.615116 1.23345 2.37809
7.36687 -4.75026 -0.0387243 -4.03706 2.1954 0.955341 7.35776 -4.75496 -0.064034 -4.04296 2.19822 0.946622
-0.813982 -2.63852 -1.496 0.452538 1.71007 3.16994 -0.784203 -2.63658 -1.50986 0.441609 1.6593 3.20448
-1.76872 -3.2756 -0.919192 0.460136 1.50371 2.65476 -1.7128 -3.22232 -0.873471 0.425528 1.54419 2.68888
4.73387 -3.1091 3.98109 -1.78506 -3.27463 3.08971 4.68712 -3.11073 3.89902 -1.78033 -3.25072 3.11699
-7.9154 -1.88994 -7.54436 -1.37637 -1.48328 -1.7327 -7.88348 -1.89538 -7.57003 -1.38107 -1.45661 -1.73274
-7.11025 4.72626 -6.973 -1.04823 -4.32651 -0.669619 -7.15406 4.71832 -6.99706 -1.04193 -4.33614 -0.673995
1.47713 3.00288 11.7286 -2.35771 4.78658 1.02906 1.44835 2.99851 11.7577 -2.31878 4.83523 0.988484
-10.659 -0.254783 -4.50693 2.22901 -3.27404 -2.88262 -10.6293 -0.277725 -4.54271 2.2362 -3.30967 -2.87221
-3.23048 -2.621 -3.86768 -0.243352 1.51204 3.09499 -3.21456 -2.58806 -3.85575 -0.262723 1.49063 3.09031
-8.09243 -5.54592 -4.86824 2.58898 -1.54878 -2.86748 -8.10577 -5.52401 -4.85912 2.60057 -1.56052 -2.86357
-5.8974 -5.85707 3.97791 1.86113 1.45604 0.486387 -5.94394 -5.86728 3.98718 1.84559 1.44744 0.477863
-1.58773 -0.982098 -2.70267 0.154364 1.25991 2.69899 -1.5185 -0.942069 -2.63546 0.129803 1.2714 2.67436
-10.7172 -5.1944 -2.28754 -1.63012 -2.86106 -0.342203 -10.7406 -5.20915 -2.35882 -1.619 -2.82913 -0.371159
-5.16979 -7.98901 -2.70875 -0.875483 0.0844563 4.46651 -5.17344 -7.97345 -2.67718 -0.838184 0.0837933 4.4906
2.71717 1.26508 -7.47486 -2.4416 -2.00691 -2.12096 2.63354 1.24826 -7.45689 -2.48854 -1.99908 -2.12377
5.17359 9.39501 10.2538 -1.35091 -3.5122 -0.266256 5.19375 9.38722 10.2979 -1.39333 -3.56928 -0.306797
-5.05964 -10.6134 -9.67069 -1.74629 -0.242115 -2.35453 -5.06238 -10.6238 -9.65854 -1.74263 -0.27793 -2.35936
10.6452 10.2037 12.6368 1.98176 -3.46719 2.13843 10.6351 10.1755 12.6614 2.01552 -3.47052 2.18625
6.71704 -6.62788 7.20716 0.163429 -3.47383 -2.57156 6.72218 -6.56209 7.19035 0.170692 -3.52195 -2.5947
-1.4011 -2.1133 -8.56003 -4.42804 -3.39423 -0.919117 -1.36014 -2.12451 -8.56005 -4.44357 -3.3893 -0.945037
0.530152 -9.67051 -8.63629 3.5714 -0.305381 4.02832 0.541753 -9.73309 -8.6851 3.58512 -0.31207 4.02933
-12.6905 -10.2422 -8.83152 -0.248656 -1.62308 -2.51544 -12.7016 -10.2385 -8.81637 -0.258765 -1.61829 -2.52981
-0.59633 -4.75164 -9.541 -2.62234 -3.82392 3.05003 -0.57951 -4.7572 -9.53803 -2.62857 -3.84838 3.04877
-6.40601 8.01422 3.63106 -3.94937 -2.803 0.333761 -6.35398 8.03675 3.60025 -3.96698 -2.83918 0.337902
5.92794 6.75299 -1.33809 -3.84663 4.0945 -0.981259 5.87341 6.72452 -1.38695 -3.86992 4.1035 -0.94952
3.3973 5.96964 8.35547 -2.68088 -2.28963 3.45722 3.35688 5.90507 8.28272 -2.71501 -2.25274 3.43798
10.6322 1.48166 11.5102 -0.319718 -1.98184 -3.03864 10.5404 1.54321 11.5418 -0.339359 -1.99492 -3.1292
-11.52 -11.2977 -13.5466 -2.36197 0.532292 2.40514 -11.5559 -11.349 -13.5278 -2.37582 0.534115 2.41567
6.39517 2.78842 -5.73493 1.41898 3.54626 0.765515 6.40604 2.75737 -5.71046 1.42757 3.54865 0.766158
0.576329 -7.12863 -0.683759 -3.72916 -4.15857 3.29264 0.54163 -7.13512 -0.728556 -3.74647 -4.16384 3.31744
12.7764 8.32579 13.8377 -3.18269 -1.31895 1.52039 12.7444 8.32042 13.801 -3.2193 -1.33032 1.57915
-8.00816 2.90986 -6.95255 1.57154 -3.26926 -3.95914 -8.06902 2.89324 -6.92684 1.5798 -3.26636 -3.96117
-13.2096 -9.42251 -9.20057 0.605039 2.33815 3.62621 -13.2138 -9.45179 -9.21502 0.580364 2.3502 3.67123
16.0289 11.8048 5.83337 3.87647 -4.92566 1.6496 16.0204 11.8668 5.82209 3.95341 -4.97251 1.68099
2.98534 14.8797 10.1505 3.47927 -0.0631476 3.44279 3.07164 14.9161 10.1675 3.47472 -0.100812 3.49182
10.7692 13.3719 -1.89904 0.320069 0.291727 1.12253 10.7565 13.4033 -1.84821 0.277825 0.272213 1.11965
-10.7489 -14.1813 -11.329 2.60503 2.85915 0.80537 -10.7711 -14.1906 -11.3395 2.61028 2.87403 0.778623
-14.7584 -11.9103 -8.40869 -3.37545 2.60175 1.97516 -14.8142 -11.9764 -8.44577 -3.36452 2.60926 1.99371
2.88077 12.9086 15.402 -3.56607 5.46321 -2.93025 2.96175 12.925 15.5474 -3.59308 5.5741 -2.98315
-13.5098 -14.6119 -12.5143 0.695379 -0.773068 -2.0726 -13.5515 -14.6372 -12.5146 0.683091 -0.775507 -2.09592
-14.9755 -11.6879 -14.6172 2.36798 0.736347 1.35551 -14.9903 -11.6713 -14.6232 2.36457 0.72687 1.36524
-13.5343 -13.637 -13.93 2.16899 0.536496 -1.98273 -13.5832 -13.6912 -13.9403 2.16466 0.549223 -2.00523
-14.7443 -12.8041 -8.57707 2.62048 2.91186 1.68196 -14.7579 -12.823 -8.58403 2.61409 2.92457 1.68105
-1.03555 -1.66239 -0.658487 -0.563909 1.34877 -1.4322 -1.0318 -1.67655 -0.684301 -0.578604 1.36091 -1.44977
0.142771 0.974999 0.352896 -0.869383 1.44745 -1.53627 0.131463 0.955191 0.351424 -0.868214 1.46095 -1.53647
-0.493361 -0.855081 -1.20489 2.14702 -3.18139 -1.27283 -0.526942 -0.858624 -1.19549 2.12958 -3.20245 -1.26851
-0.883105 -0.950806 -1.2688 -0.902325 1.53894 -1.48737 -0.914782 -0.974768 -1.26469 -0.889023 1.54168 -1.49233
1.22381 1.07572 -0.485219 2.2968 -3.39503 -1.20817 1.22269 1.06233 -0.510187 2.29596 -3.42018 -1.20685
-0.928146 -0.900083 -0.110784 2.50657 -3.16183 -1.24138 -0.943294 -0.902673 -0.134046 2.51357 -3.18329 -1.22448
-0.394033 -0.246661 -1.49582 1.67662 -2.99567 -0.794605 -0.413998 -0.230783 -1.48173 1.69356 -2.98477 -0.801703
1.08453 0.632973 0.881566 -1.1306 1.52027 -1.23812 1.07332 0.611132 0.866572 -1.12903 1.54097 -1.25714
0.834389 0.00306789 -0.120201 1.95086 -3.41203 -1.15066 0.820251 -0.00150776 -0.135605 1.95128 -3.43746 -1.15061
-0.866062 -0.31882 -2.20643 -0.445247 1.18314 -1.61862 -0.857295 -0.34308 -2.21882 -0.466474 1.19748 -1.61676
2.12425 2.22259 2.30252 -0.523447 1.31018 -1.46835 2.09703 2.22985 2.30488 -0.520795 1.3117 -1.49708
0.068098 1.41867 0.469981 -0.892778 1.48264 -1.41971 0.0430224 1.39139 0.477383 -0.874418 1.44881 -1.43886
0.124992 -0.0575914 0.870323 1.96653 -3.03632 -1.27367 0.136936 -0.0794464 0.879817 1.97774 -3.03159 -1.26153
-0.488845 -3.14265 -0.999158 -0.687586 1.28572 -1.60245 -0.497448 -3.17286 -1.01828 -0.707373 1.29839 -1.60238
-3.21305 -1.51807 -2.85753 -0.643543 1.51909 -1.41401 -3.23711 -1.52057 -2.85336 -0.630936 1.47227 -1.41816
0.700251 -0.64035 -1.84014 0.951622 2.21622 2.80379 0.711341 -0.622678 -1.82546 0.941184 2.20695 2.82399
-5.43691 -5.76574 -5.32745 -0.227445 1.4329 -1.45747 -5.40908 -5.75467 -5.28227 -0.251051 1.43295 -1.46493
-0.29262 1.4719 0.669005 2.16193 -3.13106 -1.97271 -0.297971 1.47891 0.661388 2.12668 -3.13804 -1.95547
-5.14885 -4.61516 -5.15038 -0.366231 1.3767 -1.42583 -5.15661 -4.59009 -5.12626 -0.36186 1.33765 -1.43358
4.38853 4.60618 3.41022 0.903869 2.61408 3.3553 4.39047 4.58866 3.39871 0.908571 2.62699 3.40548
-2.09585 -1.32548 -0.587449 1.10238 1.89876 3.01121 -2.07572 -1.36559 -0.576412 1.09103 1.90227 3.00031
3.0182 2.437 2.98366 0.615819 1.58561 2.7165 3.03068 2.43797 2.95919 0.64148 1.61136 2.72774
-0.823534 -2.27152 -3.61659 0.945925 2.27678 3.99187 -0.864747 -2.26706 -3.62619 0.916057 2.28311 4.02209
-2.48795 -3.17021 -2.52542 0.216406 -1.06377 -1.59286 -2.47644 -3.18931 -2.50191 0.187798 -1.06449 -1.63788
-1.27302 -2.93826 -1.36518 0.683229 2.23483 2.53087 -1.25067 -2.92807 -1.31083 0.641325 2.26464 2.57129
-1.05577 -1.52397 -1.50265 0.145613 -0.624111 -1.46417 -1.04225 -1.53952 -1.52028 0.127324 -0.607401 -1.4806
-0.382561 0.612586 -0.412191 2.51329 -3.25499 -1.83652 -0.358712 0.646803 -0.427826 2.51694 -3.24185 -1.82559
-2.82858 -3.58707 -3.44379 0.0449026 1.93797 3.31695 -2.75923 -3.54412 -3.39448 0.0636294 1.94678 3.30732
1.1046 2.31389 2.6427 0.351361 -0.902516 -1.70911 1.07482 2.29154 2.59396 0.348298 -0.907223 -1.76744
1.14129 1.18996 0.61997 0.174784 -0.823702 -1.79855 1.16249 1.21019 0.651187 0.169326 -0.809897 -1.81072
-1.60578 -2.17769 -1.32865 0.229088 -0.190006 -1.80467 -1.61831 -2.22608 -1.35496 0.224623 -0.201071 -1.83036
-0.930337 -0.0141931 0.761117 0.477723 1.96104 3.00094 -0.910989 0.00666287 0.802229 0.467141 1.947 3.03859
-1.4997 -1.46449 -1.83466 2.47248 -3.16867 -1.53416 -1.47779 -1.43144 -1.86853 2.48129 -3.14441 -1.51057
-0.923066 -3.07056 -1.8784 2.17841 -2.7263 -0.760277 -0.914482 -3.0477 -1.90255 2.16257 -2.72668 -0.7538
-4.0569 -3.10493 -1.81532 0.125545 -0.582464 -1.48572 -4.05437 -3.06255 -1.74501 0.12412 -0.615561 -1.49534
0.315104 2.96828 2.67113 0.526002 2.25133 3.20816 0.335741 2.95299 2.66339 0.550815 2.26772 3.22983
-0.46346 -0.813195 -0.246233 0.671198 -1.41561 -1.43564 -0.465681 -0.82463 -0.24609 0.631655 -1.42824 -1.44989
-0.107739 -2.2345 -0.387033 0.471194 1.96769 3.29517 -0.139807 -2.24744 -0.419982 0.490195 1.99553 3.32688
-3.48155 -3.39341 -3.57639 0.449876 -0.61729 -1.32496 -3.50023 -3.41092 -3.58882 0.47623 -0.610892 -1.32849
-9.34024 -6.66706 -6.76378 0.754739 1.70644 2.96594 -9.27551 -6.64477 -6.77679 0.742532 1.70929 2.97931
-1.24945 -0.489646 -1.72669 0.905817 1.83876 2.64073 -1.22791 -0.475256 -1.68495 0.867656 1.85098 2.65292
-1.66586 -2.29888 -1.83493 0.69065 1.58335 2.75264 -1.65489 -2.26221 -1.79487 0.694577 1.60031 2.79092
-1.60509 -1.47052 -0.967252 0.302508 -0.547651 -1.40922 -1.59238 -1.50748 -0.972419 0.293193 -0.50922 -1.4419
0.654767 4.60458 4.27122 0.281282 2.19154 2.88678 0.658385 4.60968 4.27493 0.285881 2.18914 2.85426
-0.645955 -0.526489 1.0048 0.149704 2.10039 3.16826 -0.646282 -0.488007 1.04572 0.177606 2.10836 3.15758
0.91707 0.723653 0.310884 0.850837 2.55463 2.90792 1.01824 0.747739 0.368953 0.825703 2.53967 2.93863
1.20098 -0.0838588 -0.314435 0.528211 1.82272 3.15602 1.23971 -0.0134317 -0.298858 0.529726 1.81628 3.15827
-0.0115049 1.01048 1.23458 -0.0238523 -0.823322 -1.5486 0.0493458 1.01765 1.27069 -0.0323766 -0.81243 -1.55126
-0.495344 -0.812707 -1.04695 0.925895 1.56431 2.86166 -0.501186 -0.747145 -1.0031 0.904007 1.58454 2.92559
-4.76001 -6.72548 2.17616 -2.65966 2.23725 0.37833 -4.8243 -6.72659 2.16841 -2.63678 2.25842 0.397977
-0.385076 -0.373409 3.57011 -2.14105 -3.09615 3.32673 -0.400757 -0.415946 3.54999 -2.16438 -3.12131 3.31408
-3.84308 -2.23201 -4.13305 0.988435 2.17402 3.24066 -3.84054 -2.18474 -4.10959 0.973429 2.17841 3.23636
-2.05132 -1.79356 -1.51614 1.0181 1.05931 2.7036 -1.9777 -1.7984 -1.49259 1.0379 1.07666 2.71169
-4.30018 -0.556693 4.25367 -0.425767 2.06414 1.05826 -4.30213 -0.599997 4.23853 -0.393039 2.05015 1.03487
-0.0921358 1.40503 0.348296 0.290808 1.44309 2.61012 -0.10193 1.41119 0.428447 0.296208 1.41344 2.66159
0.193307 3.62409 -2.14137 -1.82882 -2.60474 -4.24596 0.171717 3.61873 -2.15433 -1.84372 -2.59664 -4.27544
-2.06541 -2.49031 -2.07279 0.540145 1.89431 3.37101 -2.07649 -2.49796 -2.0895 0.515304 1.90696 3.41324
-6.61113 -5.03443 -1.64991 2.26496 -2.03997 0.605865 -6.65019 -5.08417 -1.63382 2.28135 -2.02317 0.608674
-2.11329 -1.66458 -1.75806 0.582627 1.73897 3.43385 -2.1075 -1.64653 -1.8008 0.567125 1.74063 3.40687
0.0525298 1.66041 -5.57645 0.215263 -2.55065 0.354051 0.0218662 1.673 -5.56832 0.21996 -2.55491 0.367078
0.153897 0.337829 -1.33891 0.376708 2.05623 2.6423 0.181018 0.3937 -1.33994 0.430908 2.02913 2.61872
-1.89395 -1.32758 -0.619271 0.613116 2.00903 2.96569 -1.91901 -1.31291 -0.605512 0.596452 2.06403 2.95384
-1.2983 -1.2322 -3.69626 0.803564 0.925663 2.65988 -1.28463 -1.20127 -3.66315 0.749883 0.875988 2.63187
8.09445 4.595 2.25245 -0.188466 1.51652 -3.7996 8.1529 4.55 2.28273 -0.220486 1.50733 -3.79919
-0.886488 1.13171 -2.41852 0.312224 1.30371 2.51881 -0.86736 1.16183 -2.42821 0.348784 1.26871 2.53938
0.695241 0.109778 0.44952 1.62408 1.56477 2.61494 0.686717 0.129177 0.538621 1.61966 1.59337 2.64494
1.44204 -0.180379 1.03946 -0.0168174 1.54217 3.76111 1.44824 -0.157414 1.05209 -0.00379117 1.51718 3.78836
-0.158331 0.980528 0.721858 0.68782 1.60097 2.70903 -0.130097 0.982278 0.757907 0.675017 1.64502 2.71647
0.959819 -1.18897 -4.27285 0.786735 4.39964 -1.59572 0.936768 -1.21589 -4.26261 0.782246 4.40114 -1.61019
0.371217 -0.309031 -0.030579 0.794192 0.85937 2.5989 0.440911 -0.284981 0.0729791 0.788635 0.83808 2.62105
-7.47983 -2.93651 -3.02219 1.81942 -3.78236 0.0666436 -7.51354 -2.9729 -3.04479 1.79945 -3.80007 0.092886
-1.4677 -4.009 -7.67153 -3.87436 -0.745975 -3.84722 -1.49324 -4.02991 -7.69422 -3.87308 -0.754502 -3.85073
-7.07212 -0.193602 -5.12055 3.5467 -0.17489 -2.21071 -7.11104 -0.209454 -5.15505 3.54604 -0.151468 -2.19767
7.37126 6.4211 7.15285 4.56881 -0.759854 -2.51516 7.34095 6.43254 7.17483 4.55693 -0.783393 -2.54266
-5.01844 -2.64901 1.12947 2.60565 -1.25957 0.455658 -5.01002 -2.66837 1.14343 2.58163 -1.25016 0.459026
-0.0863882 0.775552 -0.0553462 0.276222 2.25755 4.08766 -0.00781773 0.82758 -0.00916537 0.319828 2.27602 4.11195
0.246184 0.900812 -5.58612 2.02536 -1.68094 -4.96127 0.263557 0.874381 -5.5948 2.02995 -1.6642 -4.94649
2.43853 3.00453 2.21418 2.7335 -3.78136 -1.61073 2.35536 2.91784 2.12555 2.73705 -3.81397 -1.60729
-6.80061 -8.63461 -11.3487 2.94506 1.39537 -0.370922 -6.81732 -8.63599 -11.3346 2.95556 1.3873 -0.374708
4.33162 -2.52629 6.84802 1.07099 -0.330927 4.41291 4.28345 -2.52014 6.84447 1.06658 -0.302229 4.43616
5.29608 7.1045 8.18399 1.68834 3.34229 0.494859 5.26417 7.08004 8.15431 1.70785 3.35976 0.512005
-6.49537 2.39843 -0.421157 -2.90851 4.38963 -1.62679 -6.45167 2.35944 -0.436507 -2.90186 4.40278 -1.63055
-2.02374 1.09348 8.42784 -0.875771 -4.57945 0.0877195 -2.01763 1.077 8.4653 -0.888054 -4.61712 0.0719879
4.42454 -2.51187 -1.96054 -0.483209 3.75133 -3.31222 4.4167 -2.54775 -2.01648 -0.469302 3.73052 -3.33311
-1.51246 -7.88334 -5.06522 3.72125 4.56081 4.95962 -1.53698 -7.90435 -5.08483 3.69676 4.58346 4.96046
-6.81531 1.34736 1.11022 -3.92307 -0.0664337 2.45058 -6.76414 1.32173 1.11051 -3.93601 -0.0385565 2.47182
-0.61971 8.53458 -2.38378 -1.34016 -4.23837 1.84245 -0.672079 8.49705 -2.40449 -1.34412 -4.2665 1.84019
-11.0633 -6.65005 -7.70915 3.33735 3.32318 -0.0684009 -11.0861 -6.62861 -7.72791 3.30341 3.32202 -0.0844538
-11.2657 2.15981 -7.76561 -2.56789 4.07551 3.29142 -11.3343 2.16019 -7.7949 -2.60569 4.10731 3.31545
1.28412 -0.271929 -5.46389 -1.69425 -3.98668 -3.19119 1.25015 -0.314037 -5.472 -1.72092 -4.00687 -3.18909
1.48555 -10.0787 -5.27208 3.10467 -0.905396 2.20512 1.50067 -10.0862 -5.30419 3.11532 -0.90897 2.23892
6.37616 -3.40921 9.36051 -2.5198 4.03361 -3.09088 6.33043 -3.38107 9.37339 -2.53624 4.04427 -3.10369
2.48799 8.11235 -2.54109 -3.67142 2.96701 -4.05433 2.47701 8.16688 -2.51735 -3.6814 2.95328 -4.05558
-12.5844 -4.01702 -10.4537 0.806079 2.65521 0.673484 -12.6218 -3.97238 -10.4722 0.791122 2.67801 0.668077
-8.86649 -3.43587 -6.28797 -0.874144 3.86738 -2.24859 -8.83188 -3.48497 -6.2922 -0.879036 3.87088 -2.24268
-2.12556 9.08524 6.16491 1.68353 -5.34655 1.38964 -2.08683 9.15457 6.17525 1.68103 -5.4095 1.39545
3.22852 -2.18467 10.395 -2.80727 4.33734 -3.70629 3.19464 -2.16544 10.4215 -2.78351 4.37119 -3.76608
3.29682 -9.74978 -4.35033 1.17799 3.5509 3.65689 3.29062 -9.7351 -4.38734 1.15251 3.51856 3.68421
-7.77116 -1.04679 5.73873 3.07554 1.27494 4.33693 -7.75859 -1.0991 5.7365 3.08275 1.2612 4.324
-14.0641 -10.7678 -8.0405 0.344259 -0.00909566 -1.77788 -14.0529 -10.7503 -8.00167 0.338671 -0.0233114 -1.77315
10.5976 3.0323 0.167199 -3.34474 -4.28273 4.84061 10.5769 2.95284 0.141126 -3.37436 -4.28056 4.8733
8.70705 0.215508 -3.85614 5.20244 -3.11265 3.33745 8.73434 0.199214 -3.9221 5.23726 -3.08387 3.3677
-13.9955 -13.6725 -11.7053 0.7083 -0.379797 -0.630257 -14.0326 -13.7187 -11.6967 0.7178 -0.387759 -0.624678
12.2055 7.79247 15.9062 -2.40328 3.22902 0.752929 12.1922 7.86066 16.037 -2.4256 3.28737 0.777783
-6.52359 -10.7731 0.823754 2.88765 3.33523 1.14501 -6.60738 -10.8154 0.804663 2.86327 3.33468 1.17554
13.7344 17.7419 5.69353 -0.929192 -0.922901 1.48192 13.784 17.8308 5.70164 -0.979857 -0.905546 1.50053
15.674 4.16973 14.8935 0.0443741 4.53652 3.34085 15.8 4.30547 15.0455 0.0484353 4.61397 3.43462
-13.8688 -13.2725 -11.9583 -2.09732 3.5765 2.44237 -13.8795 -13.2924 -11.9359 -2.10701 3.57896 2.4579
-13.4731 -11.9091 -13.7514 -3.32942 0.926107 1.80217 -13.5255 -11.9572 -13.7533 -3.33273 0.922565 1.80704
-12.7019 -9.36439 -7.92489 3.56439 -1.75603 2.31807 -12.7293 -9.37739 -7.91817 3.60238 -1.7441 2.32196
11.2249 17.0092 18.7894 3.50828 3.11796 -0.731774 11.2796 17.0819 18.9246 3.54821 3.22389 -0.730634
-13.4681 -11.3471 -13.7866 -1.49303 -1.44532 -2.7223 -13.5371 -11.3797 -13.7883 -1.49153 -1.46758 -2.73233
-14.1476 -14.9536 -14.9248 1.77454 -2.96966 3.32621 -14.1701 -14.9675 -14.9412 1.76836 -2.96193 3.33666
