-7.31794 -7.31848
-7.3079 -7.30793
-7.32913 -7.32925
-7.33619 -7.33612
-7.32086 -7.32092
-7.31963 -7.31941
-7.32987 -7.33008
-7.31889 -7.319
-7.32565 -7.32571
-7.28975 -7.28988
-7.32883 -7.32908
-7.33034 -7.33027
-7.28258 -7.28243
-7.33853 -7.33846
-7.33284 -7.33274
-7.32426 -7.32411
-7.30125 -7.30125
-7.34266 -7.34278
-7.32582 -7.32607
-7.28245 -7.2823
-7.31319 -7.31333
-7.31956 -7.31948
-7.26319 -7.26357
-7.32322 -7.323
-7.33034 -7.33016
-7.32532 -7.32536
-7.28455 -7.28397
-7.32149 -7.32178
-7.33004 -7.33031
-7.30951 -7.30947
-7.32318 -7.32326
-7.319 -7.31918
-7.33341 -7.33344
-7.3422 -7.34227
-7.30615 -7.30613
-7.29454 -7.29461
-7.32848 -7.32874
-7.3291 -7.32955
-7.34254 -7.3423
-7.32583 -7.32586
-7.31451 -7.31489
-7.30642 -7.30655
-7.34234 -7.34247
-7.31702 -7.31745
-7.33655 -7.33675
-7.2922 -7.29198
-7.31386 -7.31409
-7.32071 -7.32078
-7.34482 -7.34493
-7.33086 -7.33112
-7.32806 -7.32813
-7.29497 -7.29465
-7.3084 -7.30839
-7.35248 -7.35257
-7.34957 -7.34965
-7.29055 -7.29031
-7.32151 -7.32159
-7.29144 -7.29132
-7.33355 -7.33394
-7.30963 -7.30992
-7.30417 -7.3042
-7.3363 -7.33638
-7.33188 -7.33208
-7.31896 -7.31902
-7.30245 -7.30241
-7.33561 -7.33568
-7.31957 -7.31971
-7.32856 -7.3284
-7.32007 -7.3202
-7.32322 -7.32325
-7.28669 -7.2865
-7.32632 -7.3266
-7.31899 -7.31927
-7.32181 -7.32169
-7.3427 -7.34233
-7.31444 -7.31455
-7.31864 -7.31871
-7.32795 -7.32813
-7.29276 -7.29271
-7.29708 -7.29754
-7.3173 -7.31762
-7.32516 -7.32532
-7.3318 -7.3318
-7.3247 -7.32452
-7.29696 -7.29773
-7.31551 -7.31556
-7.32806 -7.32804
-7.30649 -7.30627
-7.33825 -7.33821
-7.3082 -7.30876
-7.33258 -7.33278
-7.34325 -7.34347
-7.32659 -7.32693
-7.32779 -7.3277
-7.31526 -7.31528
-7.34065 -7.34063
-7.34263 -7.34271
-7.29513 -7.29497
-7.33722 -7.3369
-7.31299 -7.31301
-7.44599 -7.44593
-7.43054 -7.43056
-7.39462 -7.39422
-7.41986 -7.41961
-7.39856 -7.39841
-7.39462 -7.39477
-7.41748 -7.41743
-7.40259 -7.40256
-7.40185 -7.40143
-7.42455 -7.42433
-7.41289 -7.41302
-7.42422 -7.42424
-7.32453 -7.32525
-7.32577 -7.32544
-7.34163 -7.34087
-7.34043 -7.34038
-7.36431 -7.36399
-7.34881 -7.34812
-7.35088 -7.35076
-7.3484 -7.3483
-7.35458 -7.35483
-7.34178 -7.34158
-7.37757 -7.3774
-7.37702 -7.37673
-7.33085 -7.33101
-7.37505 -7.37529
-7.3397 -7.33972
-7.35838 -7.35852
-7.32805 -7.32764
-7.33364 -7.33315
-7.35972 -7.35959
-7.33632 -7.33708
-7.33877 -7.33879
-7.37078 -7.37062
-7.33212 -7.3322
-7.33917 -7.33856
-7.36968 -7.36942
-7.36356 -7.36352
-7.34849 -7.34834
-7.33833 -7.33784
-7.39304 -7.39296
-7.34296 -7.34304
-7.35353 -7.35384
-7.34755 -7.34757
-7.35071 -7.35056
-7.34207 -7.34208
-7.34351 -7.3432
-7.38417 -7.38388
-7.33293 -7.33279
-7.35439 -7.35434
-7.35926 -7.3595
-7.37027 -7.37013
-7.33581 -7.33588
-7.36001 -7.35993
-7.38274 -7.38273
-7.35303 -7.35262
-7.37702 -7.37669
-7.3496 -7.34954
-7.34297 -7.34337
-7.36108 -7.3608
-7.33665 -7.33637
-7.38928 -7.38922
-7.38983 -7.38948
