3.39343 5.88563 8.33975 -2.75812 -2.30373 3.47832 3.35688 5.90507 8.28272 -2.71501 -2.25274 3.43798
-13.1749 -9.38272 -9.17253 0.596742 2.36333 3.64035 -13.2138 -9.45179 -9.21502 0.580364 2.3502 3.67123
0.265324 0.93352 -5.54627 2.08831 -1.68138 -4.98882 0.263557 0.874381 -5.5948 2.02995 -1.6642 -4.94649
-4.96264 -3.34675 -2.43396 0.177084 3.90918 -2.87654 -4.88088 -3.34408 -2.38812 0.171357 3.92005 -2.88513
1.23594 -0.257759 -5.44927 -1.70596 -4.0039 -3.21177 1.25015 -0.314037 -5.472 -1.72092 -4.00687 -3.18909
-0.619371 -4.80159 -9.56179 -2.64144 -3.83215 3.07333 -0.57951 -4.7572 -9.53803 -2.62857 -3.84838 3.04877
-7.20832 4.65382 -6.99593 -1.09925 -4.34532 -0.657213 -7.15406 4.71832 -6.99706 -1.04193 -4.33614 -0.673995
5.92289 6.68636 -1.31221 -3.87662 4.10952 -0.966743 5.87341 6.72452 -1.38695 -3.86992 4.1035 -0.94952
2.68485 1.36795 -7.51792 -2.49488 -2.00683 -2.1276 2.63354 1.24826 -7.45689 -2.48854 -1.99908 -2.12377
-14.9497 -11.7011 -14.6174 2.36574 0.732287 1.34792 -14.9903 -11.6713 -14.6232 2.36457 0.72687 1.36524
-10.7394 -0.256687 -4.51148 2.22269 -3.32374 -2.90754 -10.6293 -0.277725 -4.54271 2.2362 -3.30967 -2.87221
-7.84642 -1.8617 -7.56095 -1.38473 -1.5211 -1.73481 -7.88348 -1.89538 -7.57003 -1.38107 -1.45661 -1.73274
-13.5118 -11.3246 -13.7099 -1.48738 -1.40382 -2.67699 -13.5371 -11.3797 -13.7883 -1.49153 -1.46758 -2.73233
0.0237049 1.67683 -5.58884 0.239364 -2.54133 0.394603 0.0218662 1.673 -5.56832 0.21996 -2.55491 0.367078
-7.54769 -2.93045 -3.03933 1.79046 -3.77665 0.0623325 -7.51354 -2.9729 -3.04479 1.79945 -3.80007 0.092886
-5.07184 -10.6579 -9.65725 -1.74739 -0.200522 -2.36136 -5.06238 -10.6238 -9.65854 -1.74263 -0.27793 -2.35936
10.725 13.4349 -1.85422 0.292206 0.294933 1.1334 10.7565 13.4033 -1.84821 0.277825 0.272213 1.11965
-4.46139 -0.543154 3.95624 3.3226 -0.419607 1.3008 -4.4483 -0.589273 3.9461 3.32255 -0.418781 1.28714
-5.10607 -8.01752 -2.67995 -0.808997 0.100134 4.48678 -5.17344 -7.97345 -2.67718 -0.838184 0.0837933 4.4906
-14.6496 -12.7926 -8.63903 2.58416 2.8996 1.69107 -14.7579 -12.823 -8.58403 2.61409 2.92457 1.68105
0.632141 -7.15643 -0.67105 -3.76108 -4.16459 3.33567 0.54163 -7.13512 -0.728556 -3.74647 -4.16384 3.31744
6.45298 -3.45535 9.3396 -2.51488 4.01939 -3.1679 6.33043 -3.38107 9.37339 -2.53624 4.04427 -3.10369
-14.1575 -14.9576 -14.8623 1.75655 -2.9384 3.32448 -14.1701 -14.9675 -14.9412 1.76836 -2.96193 3.33666
-11.1531 -6.62087 -7.72712 3.32137 3.32309 -0.0763278 -11.0861 -6.62861 -7.72791 3.30341 3.32202 -0.0844538
-4.93068 -2.54267 1.11817 2.55066 -1.2745 0.471489 -5.01002 -2.66837 1.14343 2.58163 -1.25016 0.459026
-1.42975 -7.87795 -4.99931 3.74017 4.58545 4.98803 -1.53698 -7.90435 -5.08483 3.69676 4.58346 4.96046
-13.4609 -13.5722 -13.8729 2.15211 0.514864 -1.94352 -13.5832 -13.6912 -13.9403 2.16466 0.549223 -2.00523
6.78536 -6.69333 7.2143 0.18346 -3.498 -2.60125 6.72218 -6.56209 7.19035 0.170692 -3.52195 -2.5947
7.33489 6.35417 7.16153 4.5391 -0.81696 -2.5794 7.34095 6.43254 7.17483 4.55693 -0.783393 -2.54266
10.6201 2.89736 0.139314 -3.41761 -4.27626 4.87968 10.5769 2.95284 0.141126 -3.37436 -4.28056 4.8733
-0.645078 8.49256 -2.3183 -1.39981 -4.24173 1.82225 -0.672079 8.49705 -2.40449 -1.34412 -4.2665 1.84019
-6.46873 8.12454 3.62146 -3.96713 -2.85462 0.37496 -6.35398 8.03675 3.60025 -3.96698 -2.83918 0.337902
0.917358 -1.25822 -4.27304 0.7817 4.3965 -1.58186 0.936768 -1.21589 -4.26261 0.782246 4.40114 -1.61019
2.5521 -1.50689 -2.67508 -4.07959 -3.68403 -2.37335 2.53517 -1.55028 -2.73451 -4.09435 -3.7068 -2.39879
12.1309 7.74966 15.9029 -2.44882 3.23781 0.774239 12.1922 7.86066 16.037 -2.4256 3.28737 0.777783
-13.8332 -13.2886 -11.9633 -2.06959 3.5814 2.38918 -13.8795 -13.2924 -11.9359 -2.10701 3.57896 2.4579
-6.82613 -8.66191 -11.3547 2.94556 1.38589 -0.401931 -6.81732 -8.63599 -11.3346 2.95556 1.3873 -0.374708
1.45709 2.91641 11.7023 -2.32051 4.8259 1.02645 1.44835 2.99851 11.7577 -2.31878 4.83523 0.988484
0.190731 3.56266 -2.13268 -1.86075 -2.61316 -4.22617 0.171717 3.61873 -2.15433 -1.84372 -2.59664 -4.27544
4.39885 -2.57827 -1.96685 -0.480742 3.73427 -3.34388 4.4167 -2.54775 -2.01648 -0.469302 3.73052 -3.33311
3.24379 -9.81478 -4.33481 1.20383 3.51491 3.69797 3.29062 -9.7351 -4.38734 1.15251 3.51856 3.68421
-13.9809 -13.6715 -11.699 0.70316 -0.361624 -0.606764 -14.0326 -13.7187 -11.6967 0.7178 -0.387759 -0.624678
3.80873 -2.63773 -1.00433 -2.25286 1.47701 -2.42473 3.78938 -2.61096 -1.016 -2.25609 1.42502 -2.40003
10.6429 1.33417 11.5924 -0.284552 -1.96055 -3.11587 10.5404 1.54321 11.5418 -0.339359 -1.99492 -3.1292
1.38528 7.08551 4.16172 1.59515 3.74009 0.461816 1.4208 7.08786 4.11339 1.60342 3.76722 0.485995
-13.4836 -11.9092 -13.7132 -3.3252 0.873957 1.79786 -13.5255 -11.9572 -13.7533 -3.33273 0.922565 1.80704
-7.81954 -1.03024 5.69133 3.07135 1.28912 4.3144 -7.75859 -1.0991 5.7365 3.08275 1.2612 4.324
0.594569 -9.78599 -8.68777 3.59466 -0.302073 4.06521 0.541753 -9.73309 -8.6851 3.58512 -0.31207 4.02933
-4.81191 -6.76971 2.11545 -2.60438 2.25435 0.373837 -4.8243 -6.72659 2.16841 -2.63678 2.25842 0.397977
4.73785 -3.15246 4.01665 -1.78204 -3.24893 3.13716 4.68712 -3.11073 3.89902 -1.78033 -3.25072 3.11699
-5.92685 -5.85606 3.93984 1.82895 1.47004 0.481529 -5.94394 -5.86728 3.98718 1.84559 1.44744 0.477863
-14.7728 -11.8573 -8.46534 -3.33805 2.59169 1.93783 -14.8142 -11.9764 -8.44577 -3.36452 2.60926 1.99371
8.64258 0.0934292 -3.96475 5.2782 -3.0579 3.3525 8.73434 0.199214 -3.9221 5.23726 -3.08387 3.3677
-0.41769 -5.53874 -1.54984 -2.42431 0.500472 -2.70474 -0.496485 -5.54328 -1.53593 -2.39595 0.458599 -2.71825
7.00641 2.37919 4.82354 2.31197 1.59568 -3.1074 6.94316 2.4419 4.87398 2.25707 1.59672 -3.09594
-12.7108 -9.30595 -7.801 3.56798 -1.74318 2.28736 -12.7293 -9.37739 -7.91817 3.60238 -1.7441 2.32196
-1.3993 -2.15841 -8.61319 -4.46958 -3.41053 -0.919958 -1.36014 -2.12451 -8.56005 -4.44357 -3.3893 -0.945037
-13.5716 -14.6323 -12.5538 0.703638 -0.757001 -2.03603 -13.5515 -14.6372 -12.5146 0.683091 -0.775507 -2.09592
2.65497 -8.56025 -1.97664 1.31258 -1.17771 -1.7835 2.64303 -8.43947 -2.0415 1.27807 -1.16921 -1.7982
12.6725 8.32124 13.7521 -3.24407 -1.32095 1.55379 12.7444 8.32042 13.801 -3.2193 -1.33032 1.57915
3.00776 14.9074 10.1028 3.47271 -0.0535036 3.41132 3.07164 14.9161 10.1675 3.47472 -0.100812 3.49182
6.27636 -5.91523 -0.97664 0.120752 2.52765 -1.8355 6.27935 -5.8079 -1.0168 0.158248 2.54841 -1.85354
-1.47443 -4.10227 -7.65283 -3.91369 -0.720819 -3.87174 -1.49324 -4.02991 -7.69422 -3.87308 -0.754502 -3.85073
-12.6019 -3.89207 -10.4666 0.809324 2.65653 0.681311 -12.6218 -3.97238 -10.4722 0.791122 2.67801 0.668077
-6.5048 -10.8005 0.833256 2.8868 3.3461 1.15819 -6.60738 -10.8154 0.804663 2.86327 3.33468 1.17554
-0.333886 6.42701 4.31046 1.75204 -1.65097 -2.39562 -0.25969 6.46387 4.29767 1.78372 -1.67362 -2.40863
-12.6504 -10.1859 -8.82889 -0.264091 -1.59428 -2.50925 -12.7016 -10.2385 -8.81637 -0.258765 -1.61829 -2.52981
-8.11943 -5.55637 -4.8845 2.648 -1.58002 -2.85209 -8.10577 -5.52401 -4.85912 2.60057 -1.56052 -2.86357
1.48792 -10.1529 -5.26235 3.13652 -0.879987 2.21067 1.50067 -10.0862 -5.30419 3.11532 -0.90897 2.23892
10.5935 10.1206 12.6412 2.02861 -3.51603 2.19392 10.6351 10.1755 12.6614 2.01552 -3.47052 2.18625
11.2315 16.9009 18.9075 3.56835 3.18621 -0.721802 11.2796 17.0819 18.9246 3.54821 3.22389 -0.730634
-2.07155 1.11953 8.4582 -0.917852 -4.64904 0.0883832 -2.01763 1.077 8.4653 -0.888054 -4.61712 0.0719879
2.54073 8.17265 -2.5425 -3.70289 2.95208 -4.074 2.47701 8.16688 -2.51735 -3.6814 2.95328 -4.05558
-11.3242 2.22084 -7.80458 -2.58989 4.09376 3.26093 -11.3343 2.16019 -7.7949 -2.60569 4.10731 3.31545
-2.50652 -0.334529 3.2308 3.03659 0.750485 0.0295395 -2.5008 -0.373527 3.27601 3.02929 0.769445 0.0365542
6.33159 2.72057 -5.78688 1.45874 3.56518 0.77303 6.40604 2.75737 -5.71046 1.42757 3.54865 0.766158
-8.81354 -3.42336 -6.26306 -0.873266 3.90584 -2.25067 -8.83188 -3.48497 -6.2922 -0.879036 3.87088 -2.24268
4.37255 -2.54499 6.87981 1.04712 -0.322992 4.47456 4.28345 -2.52014 6.84447 1.06658 -0.302229 4.43616
2.83432 12.888 15.4686 -3.57693 5.50484 -2.91714 2.96175 12.925 15.5474 -3.59308 5.5741 -2.98315
-10.7235 -14.2395 -11.2918 2.61054 2.88243 0.807986 -10.7711 -14.1906 -11.3395 2.61028 2.87403 0.778623
-2.18332 9.0887 6.20349 1.66113 -5.3882 1.39553 -2.08683 9.15457 6.17525 1.68103 -5.4095 1.39545
5.22931 9.45676 10.3217 -1.44257 -3.56624 -0.287013 5.19375 9.38722 10.2979 -1.39333 -3.56928 -0.306797
-7.08471 -0.170355 -5.13437 3.54176 -0.170735 -2.24017 -7.11104 -0.209454 -5.15505 3.54604 -0.151468 -2.19767
-6.76443 1.41513 1.08993 -3.89764 -0.0628022 2.45218 -6.76414 1.32173 1.11051 -3.93601 -0.0385565 2.47182
13.7801 17.8423 5.75472 -0.993603 -0.934721 1.52486 13.784 17.8308 5.70164 -0.979857 -0.905546 1.50053
3.17777 -2.21971 10.3759 -2.83146 4.41909 -3.76261 3.19464 -2.16544 10.4215 -2.78351 4.37119 -3.76608
5.29825 7.12391 8.18264 1.73085 3.35348 0.500698 5.26417 7.08004 8.15431 1.70785 3.35976 0.512005
15.9945 11.7878 5.86224 4.00493 -4.9504 1.64052 16.0204 11.8668 5.82209 3.95341 -4.97251 1.68099
-4.88581 -6.21047 -3.29985 -2.96395 0.213759 2.74196 -4.87643 -6.22614 -3.23173 -2.97342 0.189469 2.71202
-8.11143 2.93398 -6.90816 1.60755 -3.29769 -3.94547 -8.06902 2.89324 -6.92684 1.5798 -3.26636 -3.96117
7.37231 -4.79251 -0.0319968 -4.06642 2.18834 0.978869 7.35776 -4.75496 -0.064034 -4.04296 2.19822 0.946622
-0.391016 -0.355103 3.63473 -2.12449 -3.12842 3.38036 -0.400757 -0.415946 3.54999 -2.16438 -3.12131 3.31408
-10.7215 -5.1447 -2.31243 -1.61236 -2.84317 -0.347405 -10.7406 -5.20915 -2.35882 -1.619 -2.82913 -0.371159
-6.55338 2.42816 -0.453817 -2.86951 4.41516 -1.64644 -6.45167 2.35944 -0.436507 -2.90186 4.40278 -1.63055
-11.5067 -11.3913 -13.5207 -2.39661 0.486594 2.38742 -11.5559 -11.349 -13.5278 -2.37582 0.534115 2.41567
-6.60912 -5.08254 -1.637 2.26666 -2.04687 0.592914 -6.65019 -5.08417 -1.63382 2.28135 -2.02317 0.608674
-4.33115 -0.54457 4.19596 -0.43586 2.06665 1.0533 -4.30213 -0.599997 4.23853 -0.393039 2.05015 1.03487
15.6904 4.25052 14.9771 0.0896175 4.53579 3.48291 15.8 4.30547 15.0455 0.0484353 4.61397 3.43462
8.04145 4.44857 2.24609 -0.219864 1.50216 -3.81721 8.1529 4.55 2.28273 -0.220486 1.50733 -3.79919
-14.0689 -10.7307 -8.03586 0.297863 -0.0478599 -1.7526 -14.0529 -10.7503 -8.00167 0.338671 -0.0233114 -1.77315
-0.116921 -0.378767 -0.390313 -0.66846 1.33485 -1.46451 -0.120363 -0.433925 -0.480362 -0.676782 1.33613 -1.49036
-0.0698828 0.391985 1.30898 2.05439 -3.0694 -1.41334 -0.133512 0.291147 1.22105 2.04806 -3.09462 -1.40445
1.01835 -0.497272 0.58783 2.28579 -3.25913 -1.66292 0.979799 -0.575619 0.56006 2.29079 -3.25427 -1.68902
-0.574593 0.202779 -1.54178 -0.849887 1.41866 -1.26298 -0.571604 0.207759 -1.5515 -0.867578 1.42641 -1.28048
-3.12144 -3.3468 -3.24773 0.47329 1.83156 3.12912 -3.15409 -3.29855 -3.25086 0.462931 1.82331 3.11825
0.622035 1.19528 1.73145 0.226437 -0.920572 -1.60897 0.537786 1.13932 1.68157 0.247355 -0.873345 -1.57387
0.419133 0.924821 0.855571 0.785559 2.0833 3.43146 0.455186 0.917159 0.822688 0.761812 2.04112 3.44813
-0.418617 -0.624891 0.518156 0.365977 -0.942305 -1.50672 -0.449923 -0.610748 0.555838 0.355854 -0.949479 -1.48243
-1.51728 -0.768655 0.123325 0.926202 2.3069 3.67544 -1.5482 -0.79553 0.0681179 0.912403 2.32991 3.68567
-0.938691 -1.31286 0.486611 2.10919 -3.39297 -1.13924 -0.958695 -1.37858 0.446082 2.06971 -3.38723 -1.12343
1.14767 1.43622 1.46798 -0.665225 1.34298 -1.91828 1.03593 1.38889 1.42588 -0.652908 1.325 -1.92748
-3.35341 -1.74841 -2.35334 -0.767879 0.753922 -1.21849 -3.36173 -1.71565 -2.32553 -0.743607 0.776692 -1.22473
-3.33601 -2.46937 -2.73985 1.75108 -2.66156 -1.43896 -3.50289 -2.57416 -2.76604 1.67868 -2.62665 -1.42905
-1.88199 -0.403301 0.24037 0.621421 1.3838 3.13044 -1.88596 -0.333933 0.247507 0.614318 1.37346 3.09755
-1.59441 -1.9601 -4.06248 0.133659 2.62335 2.69935 -1.63314 -2.00148 -4.06739 0.13951 2.65272 2.74301
3.93237 3.90266 2.24948 0.149532 -1.01828 -1.3251 3.91912 3.95024 2.26453 0.090612 -1.02362 -1.32378
0.695913 -1.36335 -0.686974 1.12869 1.74134 3.04993 0.668983 -1.30221 -0.714011 1.09666 1.71673 3.03789
-0.172991 1.67013 -0.243278 0.943122 1.60119 3.70704 -0.215742 1.68755 -0.238348 0.864612 1.54989 3.68272
-0.0512145 -2.00521 -0.417851 1.81828 -2.14794 -1.00918 -0.0412323 -1.92675 -0.332689 1.8539 -2.13485 -0.988074
-1.73422 -2.37585 -2.16656 0.765314 1.45309 3.23474 -1.79696 -2.36442 -2.18384 0.762272 1.49634 3.2404
-1.44268 -0.437566 -1.05756 0.151332 -1.23077 -1.41307 -1.419 -0.501844 -1.19459 0.216551 -1.24593 -1.40037
-2.04383 -4.11364 -4.23371 0.632497 -0.983491 -1.45281 -2.03816 -4.07863 -4.15946 0.612002 -1.0011 -1.43633
-2.81499 -1.8995 -1.09745 -0.760991 1.38949 -1.34877 -2.83567 -1.91176 -1.09876 -0.755207 1.40632 -1.35791
-0.752911 -0.646736 0.930732 0.371586 -0.868562 -1.73499 -0.812252 -0.648156 0.96489 0.353249 -0.906028 -1.73012
-2.29619 -1.72566 -3.14742 -0.374978 1.19559 -1.51118 -2.35673 -1.81179 -3.08661 -0.395548 1.17511 -1.53229
-2.00071 -2.63383 -1.05347 0.37161 -0.477403 -1.72949 -2.06165 -2.63299 -1.05235 0.356708 -0.495017 -1.73804
0.572815 -1.31118 -1.00028 1.54398 -2.85371 -1.29499 0.535078 -1.34271 -0.985564 1.59594 -2.82378 -1.23881
-1.54941 -0.665545 1.11432 2.40978 -2.80936 -1.62479 -1.60911 -0.679246 1.10125 2.39389 -2.79958 -1.60117
0.773033 -0.579567 0.590866 1.37894 1.6271 2.94881 0.871922 -0.635109 0.563606 1.30406 1.64593 2.91276
-1.7666 -1.18209 -0.990376 1.71176 -3.32823 -1.63337 -1.78392 -1.23544 -1.04066 1.66195 -3.31242 -1.62111
-0.268988 1.6426 0.318866 2.03864 -3.06703 -1.00757 -0.278705 1.63699 0.308927 2.01082 -3.03454 -1.00626
-1.22262 -2.56108 -0.704069 -0.448347 1.11423 -1.5781 -1.161 -2.56067 -0.628488 -0.442145 1.05756 -1.55107
-1.86741 -0.15816 -1.66252 2.62504 -3.00428 -1.65299 -1.77997 -0.0471451 -1.65933 2.58586 -3.02373 -1.64577
-0.114767 0.0883929 -1.00879 0.714528 -1.05687 -1.71026 -0.0951088 0.108376 -1.02246 0.72949 -1.06956 -1.69645
2.33828 0.829971 2.20055 0.427234 2.23532 3.39577 2.34309 0.851984 2.21426 0.442562 2.22692 3.38342
1.89891 1.23589 2.15569 0.86916 1.62315 3.22414 1.8081 1.25406 2.12096 0.815115 1.61046 3.23049
-1.00735 -0.676505 -2.28731 0.977516 1.47116 3.15668 -1.01371 -0.674622 -2.32209 0.909743 1.42203 3.14068
0.401114 0.884161 0.346935 2.58484 -3.32259 -1.51239 0.363886 0.870353 0.271354 2.58618 -3.29193 -1.46772
0.605266 0.934124 2.21841 0.584021 1.94631 3.76994 0.568791 1.02833 2.16243 0.524935 1.92203 3.83049
-2.29098 -2.21406 -0.235004 0.459102 1.41694 3.72761 -2.26163 -2.17249 -0.211862 0.479813 1.44225 3.77188
-2.06343 -2.78019 -3.71025 0.063212 -0.908653 -1.78166 -2.0317 -2.7308 -3.65913 0.0858374 -0.897795 -1.76249
-0.17512 -0.0724289 -0.629959 -0.00320736 0.415545 -1.31466 -0.188508 -0.0346035 -0.582594 -0.00507084 0.400261 -1.2198
0.434245 2.87503 3.73454 0.577936 1.73494 3.38443 0.424652 2.85081 3.67099 0.544674 1.69224 3.34651
-3.62075 -1.61784 -1.74213 1.15779 1.73078 2.55973 -3.55447 -1.64978 -1.77802 1.15319 1.67479 2.52089
-2.35515 -1.00065 -0.702829 1.95066 -2.70262 -1.54927 -2.3461 -1.05197 -0.754595 1.89588 -2.70385 -1.51343
-0.187407 0.484932 0.22193 -0.322458 1.14193 -1.37682 -0.254292 0.399398 0.241066 -0.325219 1.1039 -1.31414
-2.67169 -4.5839 -3.06727 2.2284 -2.87909 -0.488696 -2.58323 -4.57216 -3.0725 2.25416 -2.89319 -0.487824
-1.43319 -0.242814 -0.271817 2.00119 -2.72462 -1.66187 -1.47492 -0.289721 -0.287429 1.98294 -2.7159 -1.60951
-1.92425 -2.84809 -0.457468 0.630628 1.27176 2.07203 -1.94587 -2.84934 -0.459515 0.639257 1.29219 2.09668
-1.40543 -0.817565 -1.71065 0.402407 -0.436926 -1.28404 -1.43259 -0.783961 -1.66689 0.359248 -0.438949 -1.29445
0.35314 -0.629939 -0.0882086 0.389915 1.97166 2.83698 0.334166 -0.69518 -0.0639951 0.353372 1.97489 2.80251
-1.11899 -0.168532 -1.92186 -1.08535 1.60621 -1.18644 -1.14662 -0.199451 -1.90569 -1.11882 1.62537 -1.26347
0.834833 0.0169726 -0.223505 1.90724 -2.99741 -1.35542 0.787125 0.000927743 -0.215678 1.91167 -2.97867 -1.28502
-4.61825 -2.43981 -4.60031 0.548203 -0.85779 -1.61412 -4.58171 -2.46368 -4.59521 0.533786 -0.847019 -1.59799
-0.47274 -0.767779 -2.95432 0.368083 -0.967383 -1.40536 -0.420793 -0.823424 -2.93452 0.384074 -0.9815 -1.42678
1.824 1.17989 0.115537 0.841531 2.24238 3.24817 1.86772 1.21295 0.14765 0.827121 2.23109 3.21809
-0.581555 -0.605136 -0.376222 0.611053 1.21709 3.32265 -0.562537 -0.56966 -0.333904 0.575938 1.2283 3.33679
-1.50594 -0.864915 -2.08764 0.394413 -1.10664 -1.32541 -1.5063 -0.840877 -2.03907 0.412539 -1.09313 -1.35266
1.43151 -0.202893 -0.258243 2.3797 -2.99111 -1.03223 1.43918 -0.209826 -0.256592 2.3552 -2.96491 -1.00013
2.19526 2.47768 2.63136 2.51865 -2.36567 -1.34359 2.1455 2.43132 2.58857 2.54552 -2.38082 -1.33282
1.77466 -0.00230796 -1.4883 0.208072 1.87772 3.48554 1.78191 0.0583779 -1.46723 0.179047 1.8776 3.42989
1.53747 0.358982 1.22509 0.754082 -0.722514 -1.50166 1.46324 0.324953 1.14912 0.733768 -0.756957 -1.50934
-0.858973 -0.341003 -0.614979 -0.807503 0.913093 -1.75848 -0.890109 -0.355332 -0.609834 -0.802367 0.901961 -1.75353
